6.694957563654517774e-01
5.586620069895157359e-01
7.049425861208187261e-01
7.009485771342985894e-01
6.635047428856715168e-01
7.304043934098851665e-01
6.580129805292062040e-01
7.593609585621567959e-01
6.195706440339491250e-01
7.314028956565151729e-01
7.473789316025960527e-01
7.523714428357464179e-01
6.719920119820269599e-01
7.209186220668996059e-01
6.470294558162755783e-01
7.009485771342985894e-01
7.029455816275587132e-01
6.914628057913130288e-01
7.004493260109835306e-01
7.603594608087868023e-01
7.244133799301047949e-01
7.029455816275587132e-01
6.739890164752870838e-01
6.600099850224663278e-01
6.964553170244632829e-01
7.603594608087868023e-01
7.174238642036944169e-01
7.393909136295556683e-01
7.513729405891163005e-01
7.503744383424862940e-01
7.353969046430354206e-01
7.333999001497752968e-01
7.358961557663504793e-01
7.179231153270094756e-01
6.844732900649026508e-01
7.314028956565151729e-01
7.044433349975037784e-01
7.443834248627059225e-01
7.124313529705441628e-01
7.014478282576135371e-01
6.769845232151772141e-01
6.959560659011482242e-01
7.418871692461308509e-01
7.378931602596106032e-01
7.498751872191712353e-01
7.124313529705441628e-01
7.478781827259111115e-01
7.114328507239141564e-01
7.653519720419370564e-01
7.608587119321018610e-01
