6.871641449613855812e+00
3.134339519116620121e+00
1.062751191530118211e+00
6.649742882905218533e-01
5.109196223143750437e-01
5.187445527246696830e-01
4.697946402589737724e-01
4.323104570582099737e-01
4.050918136069135422e-01
4.334287602367010717e-01
4.992597109070433525e-01
4.283182254387507548e-01
3.990296875305671120e-01
4.092137981996616936e-01
4.580907082920722129e-01
4.596848639023047856e-01
4.280577751617698490e-01
4.910474142549755561e-01
4.534470890976462498e-01
4.251050430420215132e-01
4.247074055481242505e-01
4.109518101259403977e-01
4.499851549290682096e-01
4.476160691103456823e-01
4.387336437456975657e-01
4.229510000688816440e-01
4.513503798412431545e-01
4.519480368642287971e-01
5.067574888601698024e-01
5.118754108102097078e-01
4.873469895680904163e-01
3.922290779981265629e-01
4.326976679202264031e-01
4.665974919282967481e-01
4.432609064157640999e-01
4.633344552455041510e-01
4.619601917040687122e-01
4.185104682126523645e-01
4.460695694222547858e-01
4.966102694786612703e-01
5.976571106517903909e-01
4.510558800017661074e-01
4.542363943960806005e-01
4.048438026080176666e-01
4.177503503386639783e-01
4.496015586885165893e-01
5.211522307505442875e-01
5.297910038435750257e-01
4.586714210655471469e-01
4.152553009722034227e-01
