7.034920519469858746e+00
3.362746056353397073e+00
1.442448115265494435e+00
1.081580952412476204e+00
1.263635307967037935e+00
1.306013098848621823e+00
1.111153992976299687e+00
1.097734971220232669e+00
1.132182721846471507e+00
1.092575778023219479e+00
1.177439412889752068e+00
1.441428851200471373e+00
1.230986175094314961e+00
1.102251914862210525e+00
1.250615176295138964e+00
1.165558383248177288e+00
8.672539907518292956e-01
1.049595785867078801e+00
1.213714188328398835e+00
1.105658009120124241e+00
1.070058388467199251e+00
1.241570617934792065e+00
1.566832826545818236e+00
1.298929091637811783e+00
1.340478650805239536e+00
1.388729284479804926e+00
1.526950912956470230e+00
1.182409527952886563e+00
1.370288845722638316e+00
1.042042173032336816e+00
1.238595446407110501e+00
1.163554516483769730e+00
1.796328459152625401e+00
1.205792314400389698e+00
1.381991619475769761e+00
1.285252572831902862e+00
1.626069725244210673e+00
1.554693517718265028e+00
1.456891341740288670e+00
1.698875808382534158e+00
1.430073270902476601e+00
1.625259023872066999e+00
1.225326527849293523e+00
1.608560117434931547e+00
1.446114389645237974e+00
1.375301153553883271e+00
1.246180412713373098e+00
1.348031896325986079e+00
1.508804627198073067e+00
1.351760707970446340e+00
