6.779830254618073315e-01
7.059410883674488435e-01
6.964553170244632829e-01
6.100848726909635644e-01
6.485272091862206434e-01
6.000998502246630562e-01
6.365451822266600113e-01
7.299051422865701078e-01
6.819770344483274682e-01
7.418871692461308509e-01
7.408886669995007335e-01
7.378931602596106032e-01
6.355466799800300048e-01
6.385421867199201351e-01
6.969545681477783416e-01
6.804792810783824031e-01
7.403894158761856747e-01
7.209186220668996059e-01
7.189216175736395931e-01
7.688467299051422454e-01
7.124313529705441628e-01
7.638542186719919913e-01
7.348976535197204729e-01
7.553669495756365482e-01
6.944583125312031591e-01
6.729905142286569664e-01
6.674987518721917645e-01
6.515227159261108847e-01
6.749875187219170902e-01
7.638542186719919913e-01
7.583624563155266785e-01
7.284073889166250426e-01
6.250624063904143268e-01
7.304043934098851665e-01
7.543684473290065418e-01
7.279081377933099839e-01
7.398901647528707270e-01
7.408886669995007335e-01
7.483774338492261702e-01
7.024463305042436545e-01
7.713429855217174280e-01
7.633549675486769326e-01
7.583624563155266785e-01
6.974538192710934004e-01
7.548676984523214895e-01
7.084373439840239151e-01
7.279081377933099839e-01
7.014478282576135371e-01
7.428856714927608573e-01
7.698452321517723629e-01
