6.834747878182726444e-01
5.981028457314029323e-01
7.034448327508736609e-01
6.395406889665501415e-01
6.939590614078882114e-01
6.635047428856715168e-01
7.064403394907639022e-01
7.673489765351971803e-01
7.214178731902146646e-01
7.329006490264603491e-01
5.526709935097353643e-01
6.884672990514228985e-01
5.826260609086370001e-01
6.580129805292062040e-01
7.324013979031452903e-01
7.204193709435846582e-01
7.388916625062406096e-01
6.555167249126310214e-01
7.383924113829256619e-01
7.089365951073389738e-01
7.688467299051422454e-01
7.473789316025960527e-01
7.803295057413879299e-01
7.653519720419370564e-01
7.199201198202695995e-01
7.518721917124313592e-01
7.638542186719919913e-01
7.548676984523214895e-01
7.538691962056914830e-01
7.244133799301047949e-01
7.563654518222665546e-01
7.663504742885671739e-01
7.698452321517723629e-01
7.708437343984023693e-01
7.703444832750874216e-01
7.813280079880179363e-01
7.598602096854717436e-01
7.718422366450324867e-01
7.838242636045931189e-01
7.383924113829256619e-01
7.598602096854717436e-01
7.518721917124313592e-01
7.523714428357464179e-01
7.314028956565151729e-01
7.663504742885671739e-01
7.483774338492261702e-01
7.084373439840239151e-01
7.428856714927608573e-01
7.478781827259111115e-01
7.229156265601597298e-01
