3.976437845768121537e+00
2.786147122971129431e+00
2.513153989234389485e+00
1.281627982006749100e+00
1.085333076942222919e+00
1.621161619853181746e+00
1.230810314669825711e+00
2.174304759567877721e+00
8.661181660991160713e-01
1.022540416886553061e+00
1.075180842111066681e+00
1.581242333991611959e+00
9.514404550172421704e-01
1.143214860619513162e+00
9.510757805285784405e-01
1.355245182827241601e+00
1.108423183396406442e+00
1.049757275561124636e+00
1.053727830819231270e+00
9.589407533868455902e-01
1.132622780468960366e+00
1.192342892683450950e+00
1.508701533004753070e+00
1.490284648527220535e+00
1.224033574015274128e+00
1.142238560225210087e+00
1.187573877710493830e+00
1.278666751716830863e+00
1.441566547392846509e+00
1.305984037016489019e+00
1.338762622979421613e+00
1.483266591192541561e+00
1.668258013394375405e+00
1.592831689360376224e+00
1.400059259836517800e+00
1.560612690758240939e+00
1.414291800943185073e+00
1.419693838758463889e+00
1.225642415980845223e+00
1.298695166945397883e+00
1.414790331573410054e+00
1.223008113923932161e+00
1.525955685543168849e+00
1.492927234766784350e+00
1.828989664673864812e+00
1.382587588553540581e+00
1.813506635260236699e+00
1.829549663613215138e+00
1.375738564069665104e+00
1.349282559191531838e+00
