6.871639323007803668e+00
3.134338371318039940e+00
1.062750941029918517e+00
6.649742800178851665e-01
5.109196285932467996e-01
5.187446624710151388e-01
4.697947070054631635e-01
4.323106303669724260e-01
4.050919838803920259e-01
4.334287422035434378e-01
4.992595897337465671e-01
4.283182254387507548e-01
3.990297899862795261e-01
4.092136926491499738e-01
4.580907521251434966e-01
4.596848010540722784e-01
4.280577998904067649e-01
4.910474742762279687e-01
4.534470567510417438e-01
4.251050379534572210e-01
4.247073444555952149e-01
4.109518891623540338e-01
4.499851664304138077e-01
4.476159946268579715e-01
4.387336921763312914e-01
4.229509090401206151e-01
4.513501576406028226e-01
4.519479975245681014e-01
5.067575365617402738e-01
5.118753610404800369e-01
4.873468647643559026e-01
3.922290519155148814e-01
4.326976611057163358e-01
4.665973722131265267e-01
4.432609896480114720e-01
4.633343937066097817e-01
4.619604241413529655e-01
4.185103806060251896e-01
4.460696476105743824e-01
4.966102614440860985e-01
5.976573347569226202e-01
4.510559051321318402e-01
4.542364290414663275e-01
4.048439125552275031e-01
4.177504216380792945e-01
4.496015706362274100e-01
5.211522555684543478e-01
5.297910412043497219e-01
4.586714914424742107e-01
4.152552683131431888e-01
