3.357699529564029284e+00
6.947983653728649678e+00
5.633240543599731254e+00
1.380480254880797508e+00
1.197328014964171849e+00
1.243516442660266508e+00
1.029624906261146888e+00
1.627758629489885367e+00
1.421681016698457256e+00
1.085585994120544129e+00
1.312913093516901553e+00
1.619291337680292875e+00
1.175636716830510187e+00
1.015234637605626267e+00
1.218183022407192784e+00
1.519626998210988900e+00
1.149130166558938404e+00
2.133690562566042281e+00
1.548227268519903888e+00
1.512290206422105987e+00
1.149061130037083878e+00
1.282376547842935199e+00
1.438201270220104799e+00
1.614396370474957765e+00
1.283789721358971070e+00
1.491061096005718234e+00
1.361354814430385307e+00
1.416311987506944536e+00
1.956900223100179526e+00
1.315544941487219566e+00
1.382885369906946771e+00
2.870106363082253420e+00
1.531491907608253156e+00
1.039757492419665086e+00
1.129285757564272297e+00
1.324520030916778612e+00
1.651977359683169722e+00
1.284865143652624164e+00
1.162117430524592709e+00
1.047160159809495283e+00
1.154847007957150007e+00
1.210222947972450447e+00
1.242555942168785732e+00
1.311689637627413640e+00
1.300037360346085080e+00
1.620895660227081869e+00
1.343823954396050180e+00
1.550265179951668237e+00
1.233854469274558108e+00
1.251531162502405037e+00
