6.704942586120818948e-01
6.704942586120818948e-01
7.219171243135297233e-01
6.455317024463305131e-01
7.159261108337493518e-01
6.050923614578133103e-01
6.924613080379430352e-01
6.400399400898652003e-01
7.064403394907639022e-01
7.164253619570644105e-01
6.694957563654517774e-01
6.175736395406890011e-01
7.064403394907639022e-01
7.513729405891163005e-01
6.854717923115326572e-01
6.460309535696455718e-01
6.959560659011482242e-01
5.706440339490763680e-01
7.294058911632551601e-01
6.340489266100848287e-01
7.473789316025960527e-01
7.408886669995007335e-01
6.874687968047927811e-01
7.348976535197204729e-01
7.294058911632551601e-01
7.398901647528707270e-01
6.934598102845731527e-01
7.388916625062406096e-01
7.089365951073389738e-01
7.264103844233649188e-01
6.914628057913130288e-01
6.305541687468796397e-01
6.839740389415875921e-01
7.343984023964054142e-01
7.264103844233649188e-01
7.458811782326509876e-01
7.039440838741887196e-01
7.578632051922117308e-01
7.578632051922117308e-01
7.578632051922117308e-01
7.453819271093360399e-01
7.169246130803794692e-01
7.363954068896655381e-01
7.299051422865701078e-01
7.483774338492261702e-01
7.333999001497752968e-01
7.553669495756365482e-01
7.224163754368447821e-01
7.513729405891163005e-01
7.573639540688966720e-01
