6.871639829066951144e+00
3.134339481153252560e+00
1.062751590402139401e+00
6.649744257115151047e-01
5.109196874539493338e-01
5.187446298565914216e-01
4.697946554056359192e-01
4.323106200112977748e-01
4.050919079982930882e-01
4.334289913944048278e-01
4.992595523580931061e-01
4.283182397819553233e-01
3.990299941537621686e-01
4.092137022608824948e-01
4.580906760793772570e-01
4.596850266768464643e-01
4.280579005309003704e-01
4.910474632063688283e-01
4.534470829526840996e-01
4.251050428634753908e-01
4.247073493804922051e-01
4.109517678700264631e-01
4.499852234015033758e-01
4.476158577415030315e-01
4.387336622847358703e-01
4.229508192165458702e-01
4.513504186155078424e-01
4.519478998896007682e-01
5.067573631637047882e-01
5.118753786272723927e-01
4.873469267347367295e-01
3.922290600096054458e-01
4.326977652576168287e-01
4.665975056763476125e-01
4.432608562740634195e-01
4.633342617163941357e-01
4.619603602069649040e-01
4.185104353452883674e-01
4.460696147878469020e-01
4.966105498258197581e-01
5.976573183306800319e-01
4.510559456025846070e-01
4.542367006398652096e-01
4.048437826182921806e-01
4.177504915983987765e-01
4.496015542397425180e-01
5.211523479660689073e-01
5.297908911065821735e-01
4.586715119752774461e-01
4.152552964787928347e-01
