6.871642216616523413e+00
3.134340468409117175e+00
1.062751462086998000e+00
6.649742932898130565e-01
5.109195787788806120e-01
5.187447183559491526e-01
4.697946804616073835e-01
4.323106650644341631e-01
4.050921074938190758e-01
4.334288004690923790e-01
4.992594485632848578e-01
4.283181703870319046e-01
3.990298231363415549e-01
4.092137063674431419e-01
4.580906112671374597e-01
4.596849196682081251e-01
4.280577403452773821e-01
4.910474664797142563e-01
4.534470432856888555e-01
4.251051481461679549e-01
4.247073842713788849e-01
4.109517966457086890e-01
4.499851892248011853e-01
4.476159029880643625e-01
4.387335342969289620e-01
4.229508223262240518e-01
4.513504926228725789e-01
4.519478311791041425e-01
5.067575308780222221e-01
5.118753395107943360e-01
4.873469082552138176e-01
3.922290653808677696e-01
4.326976752852536579e-01
4.665973787895751346e-01
4.432608954351780484e-01
4.633343411694154090e-01
4.619603861854246762e-01
4.185105028357198886e-01
4.460696061878756669e-01
4.966104649271420035e-01
5.976573585333135874e-01
4.510558736038636773e-01
4.542365195420284829e-01
4.048438630012411443e-01
4.177504620787743650e-01
4.496014711265259312e-01
5.211523678442030461e-01
5.297908211760203878e-01
4.586714782449405337e-01
4.152552717724741771e-01
