6.871642479319292285e+00
3.134340955743299073e+00
1.062751199445662653e+00
6.649740243398483130e-01
5.109195735712855901e-01
5.187446440807652603e-01
4.697946484720951221e-01
4.323105695422625461e-01
4.050918171480781815e-01
4.334287685688530956e-01
4.992596840656107204e-01
4.283182128214919615e-01
3.990298437286601829e-01
4.092137138663800022e-01
4.580904924149401536e-01
4.596847615358654604e-01
4.280577893561859915e-01
4.910475809277740633e-01
4.534472145262921638e-01
4.251050451548172293e-01
4.247074292054845435e-01
4.109517520389375789e-01
4.499852830805423642e-01
4.476159360637321782e-01
4.387336298934947920e-01
4.229510171646722050e-01
4.513502709578706140e-01
4.519479250943607140e-01
5.067574383018615958e-01
5.118753653107079860e-01
4.873467681113922700e-01
3.922291475715961040e-01
4.326976194598349812e-01
4.665973430803520561e-01
4.432611015220314643e-01
4.633344072612357034e-01
4.619604784788873264e-01
4.185104897125804246e-01
4.460694742422965930e-01
4.966102868571498075e-01
5.976576586990908213e-01
4.510558807605871134e-01
4.542364551091991887e-01
4.048438285344014842e-01
4.177505247782185016e-01
4.496013864510308156e-01
5.211524860417313665e-01
5.297909474081238246e-01
4.586714268980535691e-01
4.152552404897069116e-01
