3.289182455444335851e+00
2.051484575653076181e+00
1.862793774795532320e+00
1.724573883628845117e+00
1.623089275741577131e+00
1.520119497680664011e+00
1.458184788894653305e+00
1.375690793228149467e+00
1.290090674018859795e+00
1.227110858726501386e+00
1.125067553901672346e+00
1.102429366874694727e+00
1.046587486076354878e+00
9.575130971908569766e-01
9.233557596206665163e-01
8.618630406379699238e-01
8.238280452728271586e-01
7.970984703063964671e-01
8.247298023223876839e-01
7.816965909004210955e-01
8.166506073951721456e-01
8.936514610290526850e-01
9.098135654449462928e-01
8.709794736862183084e-01
9.021434894561767281e-01
9.929515068054198812e-01
1.053245010185241748e+00
1.125496218490600553e+00
1.116409295845031791e+00
1.010978150558471622e+00
1.009955362319946204e+00
1.086224930191040050e+00
1.140870697975158610e+00
1.176097168350219713e+00
1.203083577919006331e+00
1.226092301750183022e+00
1.261273000526428323e+00
1.274112789344787666e+00
1.296738478279113815e+00
1.308404200553894059e+00
1.329969349670410139e+00
1.337914549255371011e+00
1.349476800918579134e+00
1.360084465026855538e+00
1.369451713752746658e+00
1.379517233276367216e+00
1.389191116142272975e+00
1.397884382438659756e+00
1.403312299537658792e+00
1.410589054870605485e+00
1.419924571418762271e+00
1.308764825820922795e+00
1.233686707878112854e+00
1.095176882171630783e+00
9.399844457626342908e-01
1.047282223892211928e+00
1.059868493080139196e+00
1.105523270606994624e+00
1.108110664939880419e+00
1.085990200996398869e+00
1.098457922363281325e+00
1.165714604187011671e+00
1.210184065818786570e+00
1.231042760086059618e+00
1.246668091011047252e+00
1.264204956054687523e+00
1.281567551803588945e+00
1.295118149185180645e+00
1.305216678810119602e+00
1.318997411918640061e+00
1.331520893859863275e+00
1.339364299011230441e+00
1.344837457847595230e+00
1.353918110466003411e+00
1.359870977401733461e+00
1.361764418601989712e+00
1.252179910659789952e+00
1.053809911155700663e+00
1.030150080108642507e+00
1.093301588439941296e+00
1.134581210327148426e+00
1.075784970092773518e+00
1.029705594825744530e+00
1.029192328643798726e+00
1.013009385490417413e+00
1.130898253631591688e+00
1.179892517280578534e+00
1.210781708335876505e+00
1.239615177917480437e+00
1.261254307174682676e+00
1.277452186965942316e+00
1.295992433929443299e+00
1.294779509544372598e+00
1.303746380805969274e+00
1.319787725257873578e+00
1.326839379310607914e+00
1.342027109336852986e+00
1.351424637603759749e+00
1.357843997192382801e+00
1.350438075065612864e+00
