6.545885323486328389e+01
2.530244364929199019e+00
1.988837458610534625e+00
1.810376246261596656e+00
1.734985273170471132e+00
1.570208043861389235e+00
1.663511313819885151e+00
1.577237682151794385e+00
1.573905254364013739e+00
1.593656609153747628e+00
1.576703955459594741e+00
1.781315158081054673e+00
1.495138164520263713e+00
1.764614673614501861e+00
2.385432126235961903e+00
1.846785474586486897e+00
2.097012929916381996e+00
2.268870113754272388e+00
2.681705795288086058e+00
2.572150586700439501e+00
2.624481224060058793e+00
2.704062875366211038e+00
2.521007164001464851e+00
2.685694415664672707e+00
2.659483122253417875e+00
2.997039830780029224e+00
2.970883330917358567e+00
3.198775662231445160e+00
2.928476059722900260e+00
3.094103445434570165e+00
3.227628839111328141e+00
2.984312038040161319e+00
3.049111927032470692e+00
3.029300742721557693e+00
2.882863785171508653e+00
2.969367053985595639e+00
2.648164625930786276e+00
3.058850372695922637e+00
2.741228299331665230e+00
2.803614937973022414e+00
2.696849026107788205e+00
2.678909609603882025e+00
2.652118566513061548e+00
2.638784162521362386e+00
2.606267821884155289e+00
2.594441227340698042e+00
2.575130480575561709e+00
2.563114630508422920e+00
2.533788256072997847e+00
2.511360900115966910e+00
2.527105835723876925e+00
2.525776530075073190e+00
2.513000091171264661e+00
2.521709458160400263e+00
2.516299034118652411e+00
2.508356256484985281e+00
2.509211042022704952e+00
2.503790785980224420e+00
2.513611574935913140e+00
2.498300728225708145e+00
2.509814792633056513e+00
2.499874542999267479e+00
2.505644441604614414e+00
2.496309220504760784e+00
2.481252595520019533e+00
2.505418503570556510e+00
2.490663058090210047e+00
2.484545761108398310e+00
2.489019279098510840e+00
2.485572142028808607e+00
2.489569018554687485e+00
2.481287447357177545e+00
2.467366561889648313e+00
2.470588943862915166e+00
2.483318399047851344e+00
2.469941929244995116e+00
2.491280792999267746e+00
2.467763303375244188e+00
2.477734316635131773e+00
2.478823439788818472e+00
2.478440025711059480e+00
2.466996934509277484e+00
2.465991886138915845e+00
2.483823269653320231e+00
2.469759140014648580e+00
2.476590255355834991e+00
2.476091927719116015e+00
2.469302947235107570e+00
2.468987551116943457e+00
2.468305289840698080e+00
2.477797487640380769e+00
2.469192369079590055e+00
2.463931126403808403e+00
2.466599214172363386e+00
2.455859949493408134e+00
2.460017107772827227e+00
2.471138429260253844e+00
2.481634161758422774e+00
2.483644379806518643e+00
2.475377112960815307e+00
