3.289182841110229294e+00
2.051484575271606658e+00
1.862793799209594647e+00
1.724573962974548236e+00
1.623089260673522993e+00
1.520119439506530723e+00
1.458184822273254300e+00
1.375690811157226578e+00
1.290090671157836821e+00
1.227110870933532771e+00
1.125067560386657783e+00
1.102429357910156282e+00
1.046587495231628528e+00
9.575130912780761561e-01
9.233557966232299741e-01
8.618630803108214833e-01
8.238279781341553143e-01
7.970984767913817937e-01
8.247297976493835892e-01
7.816965937614440696e-01
8.166505675315857138e-01
8.936514696121216073e-01
9.098135828018188986e-01
8.709795501708984533e-01
9.021435016632080028e-01
9.929515403747558588e-01
1.053245072364807022e+00
1.125496300888061629e+00
1.116409236717224029e+00
1.010978136253356974e+00
1.009955355834960988e+00
1.086224885559081921e+00
1.140870486831665032e+00
1.176097047805786167e+00
1.203083781814575204e+00
1.226092201232910073e+00
1.261272982978820734e+00
1.274112876892089741e+00
1.296738467407226647e+00
1.308404267692566014e+00
1.329969365501403766e+00
1.337914502906799363e+00
1.349476875877380300e+00
1.360084430122375565e+00
1.369451710510253939e+00
1.379517169761657724e+00
1.389190887451171807e+00
1.397884491157531661e+00
1.403312406158447212e+00
1.410588914108276359e+00
1.419924809074401884e+00
1.308764829444885258e+00
1.233686648559570331e+00
1.095176855087280243e+00
9.399844881057739521e-01
1.047282293319702129e+00
1.059868492889404212e+00
1.105523387145996184e+00
1.108110622024536029e+00
1.085990105247497617e+00
1.098457848739623932e+00
1.165714643669128359e+00
1.210184075546264726e+00
1.231042787742614664e+00
1.246668053627014050e+00
1.264204945373535116e+00
1.281567478942871041e+00
1.295118151283264130e+00
1.305216672325134386e+00
1.318997381782531786e+00
1.331520722961425873e+00
1.339364207458496159e+00
1.344837466049194408e+00
1.353918119812011822e+00
1.359870957946777370e+00
1.361764586257934617e+00
1.252180039215087914e+00
1.053809871864318737e+00
1.030150095176696867e+00
1.093301654243469256e+00
1.134581161308288566e+00
1.075784909629821762e+00
1.029705649185180594e+00
1.029192301368713425e+00
1.013009366607666051e+00
1.130898249053954974e+00
1.179892504310607881e+00
1.210781715202331466e+00
1.239615268707275453e+00
1.261254347419738853e+00
1.277452100753784237e+00
1.295992589759826563e+00
1.294779469680786166e+00
1.303746305656433124e+00
1.319787774848937945e+00
1.326839350891113378e+00
1.342027095031738337e+00
1.351424692153930573e+00
1.357844034957885748e+00
1.350438121032714767e+00
