3.456394344711303912e+00
2.189555105590820450e+00
1.826781474876403744e+00
1.673986524391174235e+00
1.680232900428771936e+00
1.727130359268188586e+00
1.604071936225891060e+00
1.612888579177856441e+00
1.622643851280212379e+00
1.725709406852722116e+00
1.736329284477233781e+00
1.694025419998169024e+00
2.044018079185486059e+00
1.701778706169128519e+00
3.421596023178100410e+00
1.934916752624511682e+00
2.392669564056396414e+00
2.605826315307617325e+00
2.279839491271972829e+00
3.061791504669189479e+00
2.726453022003173743e+00
2.965836765289306509e+00
2.533714254760742079e+00
3.122672152709960791e+00
2.965909105682372982e+00
3.132021904373168741e+00
3.043232448959350744e+00
3.055096384811401222e+00
3.124351926422119341e+00
3.155128744506836114e+00
2.873860700225830289e+00
2.900522448730468827e+00
3.011940134429931692e+00
3.013447546768188268e+00
2.935804766082763528e+00
2.913959307861328174e+00
2.785861784744262604e+00
2.962453404998779405e+00
2.777126428985595918e+00
2.825406334304809697e+00
2.969395735549926751e+00
2.851861819458007652e+00
2.781869084930419955e+00
2.680780621719360379e+00
2.645377196502685546e+00
2.620987734603881680e+00
2.585726187515258623e+00
2.548024445724487386e+00
2.521547003173828294e+00
2.503124330139160136e+00
2.517188988494873048e+00
2.510737945938110283e+00
2.516696779251098803e+00
2.510777667999267493e+00
2.508114683151245305e+00
2.499823469924926655e+00
2.500428918075561668e+00
2.489906583023071107e+00
2.492834370422363222e+00
2.494104753494262638e+00
2.496245724487304862e+00
2.481710053253173953e+00
2.488119161605835128e+00
2.489528931045532190e+00
2.488457070922851511e+00
2.477967410659790204e+00
2.467441370773315601e+00
2.482870398330688566e+00
2.467711096954345873e+00
2.475377717590331983e+00
2.476343348312378012e+00
2.471342355728149531e+00
2.461433097839355266e+00
2.473259744644165092e+00
2.457485769271850806e+00
2.464280771255493274e+00
2.478624118041992119e+00
2.459602269744872949e+00
2.467898382949829106e+00
2.461399327468872134e+00
2.470756422805786112e+00
2.459417643737793036e+00
2.468835962295532038e+00
2.467080848312377839e+00
2.467928635025024242e+00
2.451783685302734384e+00
2.467719986343383631e+00
2.465089354324340842e+00
2.467019254302978304e+00
2.461668333816528165e+00
2.452589274597167801e+00
2.463665682983398497e+00
2.470624536895751788e+00
2.457894581604004092e+00
2.467529116439819425e+00
2.448995647811889498e+00
2.450144042205810724e+00
2.462809114456176562e+00
2.467964353942871281e+00
2.458640716552734418e+00
