1.539999999999999980e-01
2.787999999999999923e-01
3.281999999999999917e-01
3.763000000000000234e-01
3.769000000000000128e-01
3.784000000000000141e-01
4.200999999999999734e-01
4.053999999999999826e-01
4.363000000000000211e-01
4.183999999999999941e-01
4.250999999999999779e-01
4.612999999999999878e-01
4.213000000000000078e-01
4.832000000000000184e-01
3.448999999999999844e-01
4.869999999999999885e-01
4.511000000000000010e-01
4.761000000000000232e-01
4.752000000000000113e-01
4.507999999999999785e-01
4.667999999999999927e-01
4.385999999999999899e-01
5.071999999999999842e-01
4.580000000000000182e-01
4.890999999999999792e-01
4.912000000000000255e-01
5.030999999999999917e-01
5.026000000000000467e-01
4.872000000000000219e-01
5.019000000000000128e-01
5.221000000000000085e-01
5.167000000000000481e-01
5.034999999999999476e-01
5.248000000000000442e-01
5.343999999999999861e-01
5.240000000000000213e-01
5.329000000000000403e-01
5.324999999999999734e-01
5.417999999999999483e-01
5.249000000000000332e-01
5.171000000000000041e-01
5.274999999999999689e-01
5.237000000000000544e-01
5.345999999999999641e-01
5.416999999999999593e-01
5.453999999999999959e-01
5.456999999999999629e-01
5.451000000000000290e-01
5.469000000000000528e-01
5.463999999999999968e-01
5.470000000000000417e-01
5.471000000000000307e-01
5.463999999999999968e-01
5.469000000000000528e-01
5.470000000000000417e-01
5.467999999999999527e-01
5.484999999999999876e-01
5.482000000000000206e-01
5.471000000000000307e-01
5.473000000000000087e-01
5.463999999999999968e-01
5.464999999999999858e-01
5.481000000000000316e-01
5.473000000000000087e-01
5.455999999999999739e-01
5.487999999999999545e-01
5.495999999999999774e-01
5.481000000000000316e-01
5.474999999999999867e-01
5.476999999999999647e-01
5.475999999999999757e-01
5.473000000000000087e-01
5.480000000000000426e-01
5.483999999999999986e-01
5.473000000000000087e-01
5.471000000000000307e-01
5.476999999999999647e-01
5.489000000000000545e-01
5.463000000000000078e-01
5.473000000000000087e-01
5.476999999999999647e-01
5.476999999999999647e-01
5.469000000000000528e-01
5.489000000000000545e-01
5.475999999999999757e-01
5.491000000000000325e-01
5.480000000000000426e-01
5.486999999999999655e-01
5.466999999999999638e-01
5.485999999999999766e-01
5.466999999999999638e-01
5.489000000000000545e-01
5.490000000000000435e-01
5.482000000000000206e-01
5.484999999999999876e-01
5.483999999999999986e-01
5.481000000000000316e-01
5.489000000000000545e-01
5.461000000000000298e-01
5.473000000000000087e-01
