3.798380396118164271e+01
2.427193513107299694e+00
2.041290299987792878e+00
2.040974918746948141e+00
1.876510824012756373e+00
1.832213691711425785e+00
1.924979086685180585e+00
1.702748296546936047e+00
1.693468022727966371e+00
1.743439823913574216e+00
1.644557740211486818e+00
1.690979098892211985e+00
1.691821074104309153e+00
1.761489103317260829e+00
1.510498165130615300e+00
1.724364067840576276e+00
1.654700023460388136e+00
1.777475373649597179e+00
1.736429321289062466e+00
2.453232666778564663e+00
1.963297402191162000e+00
2.132024806976318576e+00
2.035631385803222670e+00
2.604662052917480430e+00
2.737670651245116993e+00
2.315235929870605336e+00
2.611636862945556636e+00
2.744589243316650329e+00
2.852841916275024481e+00
2.734728723907470904e+00
2.714484066390991046e+00
2.922485122680663849e+00
2.698742517852783074e+00
2.925698216247558658e+00
2.840797446441650553e+00
2.930688919067382603e+00
2.908192911911010814e+00
2.700582325363159342e+00
2.703630142974853712e+00
2.639006813049316502e+00
2.570938794708252040e+00
2.547197057342529103e+00
2.530477788925170834e+00
2.523224911880493249e+00
2.495393494415283353e+00
2.485420354843139723e+00
2.458413203430175997e+00
2.447999203491210807e+00
2.415092883682250946e+00
2.395782972335815497e+00
2.427979521942138508e+00
2.422263424682617128e+00
2.417775900268554601e+00
2.412963232803344571e+00
2.413219786453247195e+00
2.413107185363769336e+00
2.417013212203979577e+00
2.410392039871215975e+00
2.414747064971924040e+00
2.403603700637817475e+00
2.410905913162231240e+00
2.412621115112304704e+00
2.405741055297851538e+00
2.405317797470092778e+00
2.400815813446044888e+00
2.394988886642456016e+00
2.402487488555907991e+00
2.401646455764770316e+00
2.397552621459960953e+00
2.393755144882202313e+00
2.390378744888305818e+00
2.382400625991821119e+00
2.385942143630981338e+00
2.395358634567260836e+00
2.379543250656127817e+00
2.389315888977050939e+00
2.380630429077148502e+00
2.391194155883789030e+00
2.384255601501464650e+00
2.389979033279419074e+00
2.398514978790283081e+00
2.387180045700073361e+00
2.390843393325805533e+00
2.392232952117919975e+00
2.393356470108032319e+00
2.390012434005737152e+00
2.385724778747558616e+00
2.376541946411133033e+00
2.385375123596191305e+00
2.383171964645385721e+00
2.386124520874023602e+00
2.387271561813354648e+00
2.383441206741332863e+00
2.387478596878051640e+00
2.388837587356567482e+00
2.387958361434936450e+00
2.381678909301757852e+00
2.382415637588501056e+00
2.385628366470336825e+00
2.378981600570678534e+00
