3.289182933044433543e+00
2.051484600067138508e+00
1.862793756484985241e+00
1.724573862075805764e+00
1.623089290809631269e+00
1.520119463920593272e+00
1.458184819412231548e+00
1.375690783882141055e+00
1.290090686607360926e+00
1.227110929107666060e+00
1.125067587661743085e+00
1.102429373359680165e+00
1.046587498283386264e+00
9.575130971908569766e-01
9.233558025360107946e-01
8.618630524635314538e-01
8.238279876708984872e-01
7.970984580993651925e-01
8.247298021316528116e-01
7.816966488838196225e-01
8.166505467414856279e-01
8.936514785766601632e-01
9.098135406494141098e-01
8.709795629501342340e-01
9.021434715270996163e-01
9.929515470504760577e-01
1.053245043563842742e+00
1.125496257400512734e+00
1.116409218597412156e+00
1.010978157043457060e+00
1.009955416870117251e+00
1.086224970245361243e+00
1.140870604133605859e+00
1.176097123908996567e+00
1.203083672332763587e+00
1.226092262268066335e+00
1.261272929763793904e+00
1.274112791442871151e+00
1.296738478279113815e+00
1.308404246139526439e+00
1.329969441604614167e+00
1.337914498710632394e+00
1.349476984024047921e+00
1.360084490776062083e+00
1.369451817131042581e+00
1.379517224693298294e+00
1.389190930175781213e+00
1.397884528160095119e+00
1.403312219047546439e+00
1.410589049530029282e+00
1.419924578285217232e+00
1.308765061759948667e+00
1.233686713218689057e+00
1.095176885414123502e+00
9.399844089508057055e-01
1.047282192611694418e+00
1.059868538665771576e+00
1.105523368263244599e+00
1.108110698509216396e+00
1.085990129280090422e+00
1.098457944107055662e+00
1.165714542388915920e+00
1.210184182929992636e+00
1.231042745018005480e+00
1.246668017387390082e+00
1.264205005645751889e+00
1.281567558288574160e+00
1.295118000221252341e+00
1.305216544151306168e+00
1.318997354125976518e+00
1.331520952415466308e+00
1.339364159774780294e+00
1.344837409973144604e+00
1.353917990112304626e+00
1.359870928192138617e+00
1.361764498710632321e+00
1.252179999351501483e+00
1.053809910964965901e+00
1.030149969482421879e+00
1.093301597785949708e+00
1.134581118392944399e+00
1.075785044097900434e+00
1.029705655860900793e+00
1.029192325782775974e+00
1.013009341621398995e+00
1.130898225975036642e+00
1.179892499732971167e+00
1.210781671714782792e+00
1.239615269470214942e+00
1.261254410934448345e+00
1.277452008819579987e+00
1.295992554664611829e+00
1.294779388999939052e+00
1.303746325111389215e+00
1.319787713050842193e+00
1.326839423751831060e+00
1.342026969337463349e+00
1.351424551773071192e+00
1.357843906021118263e+00
1.350438105583190884e+00
