3.289183407592773278e+00
2.051484600067138508e+00
1.862793743896484333e+00
1.724573889732360810e+00
1.623089291191101013e+00
1.520119439506530723e+00
1.458184782791137613e+00
1.375690792846679722e+00
1.290090674400329540e+00
1.227110858726501386e+00
1.125067572212219202e+00
1.102429355049133308e+00
1.046587562561035245e+00
9.575130819320678555e-01
9.233557691574096893e-01
8.618630587577820190e-01
8.238279921531677097e-01
7.970984674453734931e-01
8.247297807693481086e-01
7.816966185569763637e-01
8.166505833625793409e-01
8.936513961791991978e-01
9.098135677337646499e-01
8.709794670104979986e-01
9.021435052871703553e-01
9.929515623092651788e-01
1.053245114517211922e+00
1.125496364974975627e+00
1.116409239578247004e+00
1.010978208923339894e+00
1.009955456542968699e+00
1.086224960517883309e+00
1.140870731735229571e+00
1.176097208976745634e+00
1.203083727264404379e+00
1.226092160987853896e+00
1.261272975730896029e+00
1.274112825202941890e+00
1.296738509750366308e+00
1.308404377555847153e+00
1.329969304466247504e+00
1.337914558982849167e+00
1.349476843643188539e+00
1.360084541511535683e+00
1.369451764678955019e+00
1.379517254829406792e+00
1.389190942001342854e+00
1.397884361839294431e+00
1.403312264633178819e+00
1.410589102935791095e+00
1.419924663734436043e+00
1.308764875793457128e+00
1.233686665153503448e+00
1.095176906967163077e+00
9.399843633651733255e-01
1.047282296371459864e+00
1.059868545341491775e+00
1.105523224830627482e+00
1.108110719680786227e+00
1.085989976501464893e+00
1.098457965469360254e+00
1.165714634323120169e+00
1.210184156036376857e+00
1.231042710876464774e+00
1.246668075180053625e+00
1.264205005264282144e+00
1.281567536735534585e+00
1.295118069458007781e+00
1.305216592597961522e+00
1.318997455787658701e+00
1.331520818138122619e+00
1.339364250183105565e+00
1.344837423324585002e+00
1.353918106842040947e+00
1.359871001434326265e+00
1.361764425468444895e+00
1.252179931831359783e+00
1.053809880638122642e+00
1.030150040054321314e+00
1.093301643943786594e+00
1.134581199645996019e+00
1.075784955406188903e+00
1.029705586051940847e+00
1.029192288970947278e+00
1.013009473228454693e+00
1.130898298835754323e+00
1.179892402076721192e+00
1.210781668090820329e+00
1.239615349197387806e+00
1.261254417800903305e+00
1.277452156448364295e+00
1.295992603874206450e+00
1.294779469108581438e+00
1.303746340560913097e+00
1.319787784194946356e+00
1.326839418411254856e+00
1.342026987648010206e+00
1.351424556159973145e+00
1.357844123268127534e+00
1.350438080787658590e+00
