9.478484377441405684e+01
2.045276843070984008e+00
1.903389579772949203e+00
1.825668756675720150e+00
1.876834132194519000e+00
1.868367049026489202e+00
1.715349186325073161e+00
1.796455033111572286e+00
1.684629639053344619e+00
1.579251808166503901e+00
1.579955817413330132e+00
1.736362294769287162e+00
1.540661071395873938e+00
2.025650273513794009e+00
1.752429966735839839e+00
1.609668120765685995e+00
1.625115049362182651e+00
1.691035766792297279e+00
1.721626715660095286e+00
1.864989801025390692e+00
2.071331855392456234e+00
2.239813017272949125e+00
2.272250278091430875e+00
2.278891600799560546e+00
3.662697803115844586e+00
2.671703631973266546e+00
2.685833472061157412e+00
2.573646809387207135e+00
2.652990330505371031e+00
2.896309935760498000e+00
2.961918695068359586e+00
2.792930743789672654e+00
2.934704189300537003e+00
2.845828211593627977e+00
2.946227996826171758e+00
2.899356023025512652e+00
3.178589544296264613e+00
2.911635945510864243e+00
2.646903733825683780e+00
3.297770514678954878e+00
2.836000979614258011e+00
2.925910830688476683e+00
2.928604654312133793e+00
2.814651753234863385e+00
2.833376332092285121e+00
2.790242809295654158e+00
2.734591556549072155e+00
2.712881633377075108e+00
2.716020390319824340e+00
2.855890402221679558e+00
2.688840465927123891e+00
2.663877961349487400e+00
2.653317143249511734e+00
2.666231508636474512e+00
2.667672415924072116e+00
2.675638021850585968e+00
2.658314449691772552e+00
2.640388915634155342e+00
2.653220347213745001e+00
2.661259690856933702e+00
2.663025149154663040e+00
2.645360358047485150e+00
2.646090039443969921e+00
2.653955647659301587e+00
2.663130276107787964e+00
2.650739753341674998e+00
2.645139599609374947e+00
2.662680678176879923e+00
2.637868056488037016e+00
2.637691940689086856e+00
2.661705237579345518e+00
2.639127187728881996e+00
2.646858137130737365e+00
2.643514785766601705e+00
2.632295945739746124e+00
2.629130184936523396e+00
2.658373457717895683e+00
2.646183862686157351e+00
2.639410990142822211e+00
2.628598757553100462e+00
2.644060427093505972e+00
2.631941547012329075e+00
2.648656821060180633e+00
2.640425736618042141e+00
2.629905762863159246e+00
2.640003248596191288e+00
2.639324107742309522e+00
2.630941162109374787e+00
2.624132187652588044e+00
2.627283383560180763e+00
2.639772834396362455e+00
2.643665105819702266e+00
2.638847061157226559e+00
2.630570816802978662e+00
2.636922489929199198e+00
2.634224411010742006e+00
2.618513997650146585e+00
2.628578990936279336e+00
2.629360399246215785e+00
2.650406722640991308e+00
