1.123999999999999999e-01
2.396999999999999964e-01
2.513000000000000234e-01
3.064999999999999947e-01
3.171999999999999820e-01
3.251999999999999891e-01
3.491000000000000214e-01
3.518999999999999906e-01
3.750000000000000000e-01
4.262000000000000233e-01
4.127000000000000113e-01
4.215999999999999748e-01
4.545000000000000151e-01
3.734999999999999987e-01
4.319999999999999951e-01
4.380999999999999894e-01
4.603999999999999759e-01
4.691000000000000170e-01
4.771000000000000241e-01
4.652999999999999914e-01
4.550000000000000155e-01
4.292000000000000259e-01
4.853000000000000091e-01
4.565000000000000169e-01
4.203000000000000069e-01
4.539000000000000257e-01
4.490000000000000102e-01
4.907000000000000250e-01
4.951999999999999735e-01
4.783999999999999919e-01
4.596999999999999975e-01
5.201000000000000068e-01
4.892000000000000237e-01
4.909999999999999920e-01
5.038000000000000256e-01
4.905999999999999805e-01
4.909999999999999920e-01
5.145999999999999464e-01
5.137000000000000455e-01
4.948000000000000176e-01
5.193999999999999728e-01
5.150000000000000133e-01
5.051999999999999824e-01
5.212999999999999856e-01
5.265999999999999570e-01
5.318000000000000504e-01
5.353999999999999870e-01
5.336999999999999522e-01
5.220000000000000195e-01
5.141000000000000014e-01
5.292000000000000037e-01
5.298000000000000487e-01
5.329000000000000403e-01
5.325999999999999623e-01
5.324999999999999734e-01
5.338000000000000522e-01
5.332000000000000073e-01
5.325999999999999623e-01
5.324999999999999734e-01
5.338000000000000522e-01
5.335999999999999632e-01
5.324999999999999734e-01
5.334999999999999742e-01
5.345999999999999641e-01
5.345999999999999641e-01
5.311000000000000165e-01
5.339000000000000412e-01
5.331000000000000183e-01
5.371000000000000218e-01
5.344999999999999751e-01
5.361000000000000210e-01
5.373999999999999888e-01
5.359000000000000430e-01
5.345999999999999641e-01
5.352999999999999980e-01
5.338000000000000522e-01
5.348000000000000531e-01
5.351000000000000201e-01
5.351000000000000201e-01
5.346999999999999531e-01
5.346999999999999531e-01
5.342999999999999972e-01
5.371000000000000218e-01
5.358000000000000540e-01
5.351000000000000201e-01
5.355999999999999650e-01
5.332000000000000073e-01
5.352999999999999980e-01
5.354999999999999760e-01
5.362999999999999989e-01
5.340000000000000302e-01
5.373999999999999888e-01
5.343999999999999861e-01
5.366999999999999549e-01
5.365999999999999659e-01
5.362999999999999989e-01
5.358000000000000540e-01
5.356999999999999540e-01
5.371000000000000218e-01
5.372000000000000108e-01
