3.289183293533325170e+00
2.051484600067138508e+00
1.862793756103515719e+00
1.724573877525329646e+00
1.623089257431030275e+00
1.520119463920593272e+00
1.458184813308715855e+00
1.375690789985656748e+00
1.290090695953369115e+00
1.227110886383056654e+00
1.125067572212219202e+00
1.102429357910156282e+00
1.046587547302246124e+00
9.575130693435669471e-01
9.233557903289795199e-01
8.618630375862121884e-01
8.238280407905578251e-01
7.970984532356262253e-01
8.247297931671142557e-01
7.816965874671936154e-01
8.166505188941955984e-01
8.936514146804809267e-01
9.098135679244995222e-01
8.709794580459594426e-01
9.021434957504272933e-01
9.929515008926391717e-01
1.053245151901245125e+00
1.125496218681335536e+00
1.116409302139282245e+00
1.010978129959106520e+00
1.009955337333679148e+00
1.086224908828735458e+00
1.140870598411560133e+00
1.176097239112853909e+00
1.203083733367919850e+00
1.226092170715332053e+00
1.261272993850707902e+00
1.274112891960144101e+00
1.296738535308837870e+00
1.308404222106933634e+00
1.329969459533691500e+00
1.337914399909973184e+00
1.349476772499084376e+00
1.360084463882446304e+00
1.369451767921447738e+00
1.379517273521423393e+00
1.389190882110595604e+00
1.397884478569030753e+00
1.403312376403808681e+00
1.410589201736450304e+00
1.419924726867675790e+00
1.308764927482604978e+00
1.233686706733703620e+00
1.095176857757568456e+00
9.399844545364379744e-01
1.047282308578491250e+00
1.059868532752990644e+00
1.105523280906677286e+00
1.108110658836364726e+00
1.085990171432495099e+00
1.098457885360717867e+00
1.165714658737182718e+00
1.210184238243102950e+00
1.231042698669433610e+00
1.246667968177795460e+00
1.264204990196228007e+00
1.281567494964599652e+00
1.295118081665039167e+00
1.305216601943969712e+00
1.318997276878356884e+00
1.331520820999145593e+00
1.339364158630371060e+00
1.344837515258789029e+00
1.353918104362487718e+00
1.359871186637878315e+00
1.361764527702331584e+00
1.252180072975158653e+00
1.053809856605529838e+00
1.030150086021423439e+00
1.093301610565185600e+00
1.134581130409240801e+00
1.075784969902038535e+00
1.029705628967285236e+00
1.029192304229736399e+00
1.013009384727477924e+00
1.130898308181762735e+00
1.179892435836791931e+00
1.210781662750244125e+00
1.239615436744689880e+00
1.261254305076599191e+00
1.277452119445800838e+00
1.295992649459838830e+00
1.294779406929016163e+00
1.303746327209472700e+00
1.319787817192077606e+00
1.326839376640319923e+00
1.342027162170410071e+00
1.351424490737914930e+00
1.357844141960144135e+00
1.350438142204284597e+00
