1.350000000000000089e-01
2.159000000000000086e-01
2.972000000000000197e-01
3.497999999999999998e-01
3.794000000000000150e-01
4.285999999999999810e-01
4.572999999999999843e-01
4.853999999999999981e-01
5.165999999999999481e-01
5.440000000000000391e-01
5.901999999999999469e-01
6.005000000000000338e-01
6.251999999999999780e-01
6.544999999999999707e-01
6.712000000000000188e-01
6.896999999999999797e-01
7.076000000000000068e-01
7.213000000000000522e-01
7.165000000000000258e-01
7.393999999999999462e-01
7.359999999999999876e-01
7.356000000000000316e-01
7.387000000000000233e-01
7.488000000000000211e-01
7.479999999999999982e-01
7.542999999999999705e-01
7.599000000000000199e-01
7.527000000000000357e-01
7.470999999999999863e-01
7.527000000000000357e-01
7.549000000000000155e-01
7.611999999999999877e-01
7.616000000000000547e-01
7.642999999999999794e-01
7.671999999999999931e-01
7.672999999999999821e-01
7.657000000000000473e-01
7.631000000000000005e-01
7.632999999999999785e-01
7.645999999999999464e-01
7.641999999999999904e-01
7.631000000000000005e-01
7.645999999999999464e-01
7.647000000000000464e-01
7.648000000000000353e-01
7.653999999999999693e-01
7.657000000000000473e-01
7.650000000000000133e-01
7.645999999999999464e-01
7.668000000000000371e-01
7.662999999999999812e-01
7.642999999999999794e-01
7.596000000000000529e-01
7.607000000000000428e-01
7.510999999999999899e-01
7.483999999999999542e-01
7.593999999999999639e-01
7.561999999999999833e-01
7.645999999999999464e-01
7.672999999999999821e-01
7.677000000000000490e-01
7.691000000000000059e-01
7.677000000000000490e-01
7.699000000000000288e-01
7.704999999999999627e-01
7.717000000000000526e-01
7.707000000000000517e-01
7.717000000000000526e-01
7.703999999999999737e-01
7.707000000000000517e-01
7.711999999999999966e-01
7.714999999999999636e-01
7.695999999999999508e-01
7.695999999999999508e-01
7.700000000000000178e-01
7.688000000000000389e-01
7.625999999999999446e-01
7.671999999999999931e-01
7.694999999999999618e-01
7.616000000000000547e-01
7.620000000000000107e-01
7.621999999999999886e-01
7.590999999999999970e-01
7.573999999999999622e-01
7.668000000000000371e-01
7.655999999999999472e-01
7.691000000000000059e-01
7.720000000000000195e-01
7.722999999999999865e-01
7.734999999999999654e-01
7.733999999999999764e-01
7.707000000000000517e-01
7.701000000000000068e-01
7.708000000000000407e-01
7.712999999999999856e-01
7.707000000000000517e-01
7.709000000000000297e-01
7.704999999999999627e-01
7.730000000000000204e-01
7.691999999999999948e-01
