4.464520661621093467e+01
3.255470333099365288e+00
1.923135247993469132e+00
1.860191827201843173e+00
1.711022461509704495e+00
1.689470926094055248e+00
1.680434582519531261e+00
1.704053363418579048e+00
1.614279319763183507e+00
1.684154031944274932e+00
1.618699185752868752e+00
1.544569302558898904e+00
1.714239214134216205e+00
1.610723282241821375e+00
1.675780374717712462e+00
1.835836216926574727e+00
1.858946032333373966e+00
1.882243497848510749e+00
1.927777138137817481e+00
1.939523322677612294e+00
1.962457643890380909e+00
2.385973923873901281e+00
2.298061880874633811e+00
2.674022592163086021e+00
2.577837429046630824e+00
2.649279673004150570e+00
2.721527905654907098e+00
3.206690933227538842e+00
2.794770713424682640e+00
2.485859481430053641e+00
2.736364450836181739e+00
2.813400407791137869e+00
2.814731066131591852e+00
2.846819352722167906e+00
2.885784470367431798e+00
2.839411654663086093e+00
2.701879962539672775e+00
2.887484969329833895e+00
2.836572377777099696e+00
3.042969665527343714e+00
2.735965409088134681e+00
2.742308209609985337e+00
2.724632067489623832e+00
2.700798186492920028e+00
2.692281837844848535e+00
2.717787405776977749e+00
2.680942512130737310e+00
2.649230802154541209e+00
2.623735319519043152e+00
2.598339659118652278e+00
2.618213486480712948e+00
2.626610238647460793e+00
2.626848556137085122e+00
2.609495697402953951e+00
2.614047064971923628e+00
2.618689785385131863e+00
2.604255371093750160e+00
2.598663129043579101e+00
2.604431236267089833e+00
2.603978396987915112e+00
2.592878961563110263e+00
2.600734135818481452e+00
2.585202033996582216e+00
2.577488748168945243e+00
2.597372595214843649e+00
2.595754241561889497e+00
2.588826205444335837e+00
2.581425741577148436e+00
2.575661163711547630e+00
2.576716813278198348e+00
2.575003453826904209e+00
2.566830614089965934e+00
2.567942404174804683e+00
2.566433552169799626e+00
2.559018355178833026e+00
2.560171638870239352e+00
2.579839477539062287e+00
2.572939556884765722e+00
2.570766786575317209e+00
2.555436581802368323e+00
2.566864169692993247e+00
2.568241944122314546e+00
2.573281747817993015e+00
2.568247195816040218e+00
2.571286997985839928e+00
2.570672693634033390e+00
2.575980236434936455e+00
2.581539426803588722e+00
2.563685753631591790e+00
2.571023153305053821e+00
2.560547516250610389e+00
2.578149375152587908e+00
2.578338763427734381e+00
2.567240956115722561e+00
2.566384546279907308e+00
2.569150452804565443e+00
2.553816205596923794e+00
2.569043643951415934e+00
2.563608663940429633e+00
2.553820523071288928e+00
