9.990000000000000269e-02
1.580999999999999905e-01
2.868999999999999884e-01
3.135999999999999899e-01
3.523000000000000020e-01
3.760000000000000009e-01
3.830999999999999961e-01
3.850999999999999979e-01
4.042999999999999927e-01
3.991000000000000103e-01
4.208999999999999964e-01
4.384000000000000119e-01
4.254000000000000004e-01
4.370999999999999885e-01
4.339000000000000079e-01
4.143000000000000016e-01
4.214999999999999858e-01
4.334000000000000075e-01
4.203000000000000069e-01
4.491999999999999882e-01
4.552999999999999825e-01
4.264000000000000012e-01
4.486999999999999877e-01
4.269999999999999907e-01
4.716000000000000192e-01
4.763999999999999901e-01
4.502999999999999781e-01
4.444000000000000172e-01
4.532999999999999807e-01
4.852000000000000202e-01
4.879999999999999893e-01
4.718999999999999861e-01
4.793999999999999928e-01
4.754999999999999782e-01
4.924000000000000044e-01
4.859999999999999876e-01
4.929999999999999938e-01
4.813999999999999946e-01
4.782000000000000139e-01
4.854999999999999871e-01
4.919000000000000039e-01
4.953000000000000180e-01
4.966999999999999749e-01
4.941999999999999726e-01
5.001999999999999780e-01
4.964999999999999969e-01
4.994999999999999996e-01
5.024999999999999467e-01
5.000999999999999890e-01
5.010000000000000009e-01
5.009000000000000119e-01
5.026000000000000467e-01
5.016000000000000458e-01
5.013999999999999568e-01
5.004999999999999449e-01
5.017000000000000348e-01
5.024999999999999467e-01
5.012999999999999678e-01
5.026000000000000467e-01
5.029000000000000137e-01
5.030000000000000027e-01
5.030000000000000027e-01
5.029000000000000137e-01
5.032999999999999696e-01
5.026000000000000467e-01
5.030000000000000027e-01
5.037000000000000366e-01
5.033999999999999586e-01
5.029000000000000137e-01
5.034999999999999476e-01
5.031999999999999806e-01
5.047000000000000375e-01
5.048000000000000265e-01
5.038000000000000256e-01
5.039000000000000146e-01
5.039000000000000146e-01
5.034999999999999476e-01
5.047000000000000375e-01
5.042999999999999705e-01
5.037000000000000366e-01
5.040000000000000036e-01
5.028000000000000247e-01
5.043999999999999595e-01
5.039000000000000146e-01
5.040000000000000036e-01
5.030999999999999917e-01
5.032999999999999696e-01
5.052999999999999714e-01
5.016000000000000458e-01
5.029000000000000137e-01
5.042999999999999705e-01
5.028000000000000247e-01
5.030000000000000027e-01
5.044999999999999485e-01
5.040000000000000036e-01
5.053999999999999604e-01
5.030999999999999917e-01
5.040999999999999925e-01
5.043999999999999595e-01
5.027000000000000357e-01
