1.139000000000000012e-01
2.099000000000000032e-01
3.180000000000000049e-01
3.630999999999999783e-01
3.477999999999999980e-01
3.795999999999999930e-01
4.114999999999999769e-01
4.245999999999999774e-01
4.416999999999999815e-01
4.415999999999999925e-01
4.436999999999999833e-01
4.143999999999999906e-01
3.887999999999999790e-01
4.776000000000000245e-01
4.305999999999999828e-01
4.192000000000000171e-01
4.479000000000000203e-01
4.452999999999999736e-01
4.611000000000000099e-01
4.576999999999999957e-01
4.586999999999999966e-01
4.534000000000000252e-01
4.793999999999999928e-01
4.788999999999999924e-01
4.737000000000000099e-01
5.009000000000000119e-01
5.079000000000000181e-01
5.011999999999999789e-01
5.129000000000000226e-01
5.098000000000000309e-01
5.089000000000000190e-01
5.134999999999999565e-01
5.201999999999999957e-01
5.244999999999999662e-01
5.286999999999999478e-01
5.241999999999999993e-01
5.265999999999999570e-01
5.234999999999999654e-01
5.231999999999999984e-01
5.252000000000000002e-01
5.258000000000000451e-01
5.241000000000000103e-01
5.252999999999999892e-01
5.242999999999999883e-01
5.253999999999999782e-01
5.274999999999999689e-01
5.279000000000000359e-01
5.272999999999999909e-01
5.282999999999999918e-01
5.278000000000000469e-01
5.251000000000000112e-01
5.272000000000000020e-01
5.289000000000000368e-01
5.280000000000000249e-01
5.272000000000000020e-01
5.285999999999999588e-01
5.285999999999999588e-01
5.282000000000000028e-01
5.282000000000000028e-01
5.280000000000000249e-01
5.272000000000000020e-01
5.272000000000000020e-01
5.280000000000000249e-01
5.271000000000000130e-01
5.265999999999999570e-01
5.266999999999999460e-01
5.272000000000000020e-01
5.284999999999999698e-01
5.278000000000000469e-01
5.283999999999999808e-01
5.271000000000000130e-01
5.268000000000000460e-01
5.279000000000000359e-01
5.280000000000000249e-01
5.288000000000000478e-01
5.282000000000000028e-01
5.270000000000000240e-01
5.281000000000000139e-01
5.283999999999999808e-01
5.265999999999999570e-01
5.268000000000000460e-01
5.279000000000000359e-01
5.276999999999999469e-01
5.279000000000000359e-01
5.279000000000000359e-01
5.268000000000000460e-01
5.276999999999999469e-01
5.271000000000000130e-01
5.283999999999999808e-01
5.271000000000000130e-01
5.274999999999999689e-01
5.276999999999999469e-01
5.279000000000000359e-01
5.290000000000000258e-01
5.274999999999999689e-01
5.292999999999999927e-01
5.276999999999999469e-01
5.279000000000000359e-01
5.288000000000000478e-01
5.278000000000000469e-01
