3.581569712524414228e+01
2.710737578201293907e+00
1.963406483078002918e+00
1.687325477409362895e+00
1.903846379089355390e+00
1.729657836723327735e+00
1.776334519004821866e+00
1.715157641601562588e+00
1.664078265762329201e+00
1.714096741676330637e+00
1.702042830276489171e+00
1.775956805038452213e+00
2.225019945144653288e+00
1.718621416091918874e+00
2.276915137100219866e+00
2.360239476394653479e+00
2.390426025009155353e+00
2.417082711791992189e+00
2.943037625122070455e+00
2.597386721801757670e+00
3.030047872161865108e+00
3.137341914367675955e+00
3.134314238357543747e+00
3.095294631958007692e+00
2.885202119827270373e+00
2.840362568664550835e+00
2.823471872329712085e+00
2.989657433700561473e+00
2.874821683120727389e+00
2.884733274078369103e+00
2.826533457183837861e+00
2.860757033157348417e+00
2.779650070190429645e+00
2.720784377288818501e+00
2.709669679641723672e+00
2.704036317825317504e+00
2.673598437881469891e+00
2.663755445098876962e+00
2.635790349197387528e+00
2.605518620300292909e+00
2.585953286743164270e+00
2.575672861862182472e+00
2.541108366775512550e+00
2.530822784042358276e+00
2.522459214019775242e+00
2.495669001770019602e+00
2.483353937911987330e+00
2.458543024063110316e+00
2.442588299560546794e+00
2.434102429962158087e+00
2.447376989746093745e+00
2.444178284454345818e+00
2.453625909423827967e+00
2.439394981384277461e+00
2.447896603775024271e+00
2.438945333862304832e+00
2.432200268173217772e+00
2.439062451171874812e+00
2.434381853103637638e+00
2.435352758789062655e+00
2.436636632919311651e+00
2.434009563827514544e+00
2.425254401016235573e+00
2.421004030990600686e+00
2.426857086563110499e+00
2.427641949844360436e+00
2.416297242736816564e+00
2.414345576477050948e+00
2.417016613388061508e+00
2.414937981033325354e+00
2.422809774017333773e+00
2.422042188644409233e+00
2.407148495483398598e+00
2.410346849822997850e+00
2.409036419296264775e+00
2.411553039550781374e+00
2.403335129547119031e+00
2.411503927612304476e+00
2.406346509933471545e+00
2.414078748703003097e+00
2.413905864334106255e+00
2.407513861846923842e+00
2.415025276184082248e+00
2.406070584487915109e+00
2.411450301742553926e+00
2.408806179809570125e+00
2.404876377105712670e+00
2.404870382690429853e+00
2.414309064483642686e+00
2.410632159423828025e+00
2.403158430480957009e+00
2.410978941345214732e+00
2.416336014175414881e+00
2.414350186920166230e+00
2.399993859100341798e+00
2.403009832000732260e+00
2.412970007705688591e+00
2.409412652969360469e+00
2.407099625778198249e+00
2.404380383682251043e+00
