3.289182840347290249e+00
2.051484624481201280e+00
1.862793817520141504e+00
1.724573917388916078e+00
1.623089297294616706e+00
1.520119479370117155e+00
1.458184798240661717e+00
1.375690780639648336e+00
1.290090649986266991e+00
1.227110867691040053e+00
1.125067547798156653e+00
1.102429373359680165e+00
1.046587519836425839e+00
9.575130514144897242e-01
9.233557384490966857e-01
8.618630772590637479e-01
8.238280330657958839e-01
7.970984932899475295e-01
8.247297945976257427e-01
7.816966494560241285e-01
8.166505736351012956e-01
8.936514669418335055e-01
9.098135492324829210e-01
8.709794797897338903e-01
9.021435140609741499e-01
9.929515834808350094e-01
1.053245142936706458e+00
1.125496187210083043e+00
1.116409203529358019e+00
1.010978156280517570e+00
1.009955319213867275e+00
1.086224925804138097e+00
1.140870624732971184e+00
1.176097159767150790e+00
1.203083641433715822e+00
1.226092152404785196e+00
1.261272948837280250e+00
1.274112846374511721e+00
1.296738451957702543e+00
1.308404319763183610e+00
1.329969337463378976e+00
1.337914543151855540e+00
1.349476821327209475e+00
1.360084489440917865e+00
1.369451557922363172e+00
1.379517323684692487e+00
1.389190983009338298e+00
1.397884459877014152e+00
1.403312253570556667e+00
1.410589002418518145e+00
1.419924733734130751e+00
1.308764856719970782e+00
1.233686764907836908e+00
1.095176909828186051e+00
9.399844518661498727e-01
1.047282320976257397e+00
1.059868481063842793e+00
1.105523414039611740e+00
1.108110716438293508e+00
1.085990147399902295e+00
1.098457891654968321e+00
1.165714655876159744e+00
1.210184109687805210e+00
1.231042690086364688e+00
1.246668039321899402e+00
1.264205018234253020e+00
1.281567408180236844e+00
1.295118227767944274e+00
1.305216468048095768e+00
1.318997467231750598e+00
1.331520795440673810e+00
1.339364321327209506e+00
1.344837395668029734e+00
1.353917969322204540e+00
1.359870903015136800e+00
1.361764604187011729e+00
1.252179946899414142e+00
1.053809855651855365e+00
1.030150005722045847e+00
1.093301711845398039e+00
1.134581224632263075e+00
1.075784994888305590e+00
1.029705572891235432e+00
1.029192261695861754e+00
1.013009372329711999e+00
1.130898251914977948e+00
1.179892461585998475e+00
1.210781559753417946e+00
1.239615300369262707e+00
1.261254442214965854e+00
1.277452088165283106e+00
1.295992649078369086e+00
1.294779488372802767e+00
1.303746322250366241e+00
1.319787896156310980e+00
1.326839270401001025e+00
1.342027078819274966e+00
1.351424664115905783e+00
1.357844001197815009e+00
1.350438127517700204e+00
