1.733000000000000096e-01
2.499000000000000110e-01
2.954999999999999849e-01
2.977000000000000202e-01
3.734999999999999987e-01
3.366000000000000103e-01
3.850000000000000089e-01
3.776999999999999802e-01
3.921000000000000041e-01
4.035000000000000253e-01
4.264999999999999902e-01
4.369000000000000106e-01
4.052000000000000046e-01
4.524000000000000243e-01
4.597999999999999865e-01
4.733999999999999875e-01
4.156000000000000250e-01
4.197000000000000175e-01
4.651000000000000134e-01
4.064999999999999725e-01
4.613999999999999768e-01
4.637000000000000011e-01
4.398000000000000242e-01
4.798999999999999932e-01
4.509000000000000230e-01
4.606999999999999984e-01
4.930999999999999828e-01
4.716000000000000192e-01
4.946999999999999731e-01
4.632000000000000006e-01
4.918000000000000149e-01
4.914999999999999925e-01
4.935999999999999832e-01
5.250000000000000222e-01
5.315999999999999615e-01
5.220000000000000195e-01
5.241999999999999993e-01
5.326999999999999513e-01
5.271000000000000130e-01
5.322999999999999954e-01
5.279000000000000359e-01
5.336999999999999522e-01
5.356999999999999540e-01
5.300000000000000266e-01
5.342000000000000082e-01
5.360000000000000320e-01
5.368000000000000549e-01
5.393000000000000016e-01
5.362999999999999989e-01
5.354999999999999760e-01
5.381000000000000227e-01
5.368000000000000549e-01
5.373999999999999888e-01
5.362999999999999989e-01
5.383000000000000007e-01
5.372999999999999998e-01
5.383999999999999897e-01
5.372000000000000108e-01
5.396999999999999575e-01
5.394999999999999796e-01
5.370000000000000329e-01
5.384999999999999787e-01
5.379000000000000448e-01
5.368000000000000549e-01
5.389000000000000457e-01
5.393000000000000016e-01
5.390000000000000346e-01
5.389000000000000457e-01
5.393000000000000016e-01
5.383000000000000007e-01
5.386999999999999567e-01
5.397999999999999465e-01
5.405999999999999694e-01
5.403000000000000025e-01
5.383000000000000007e-01
5.392000000000000126e-01
5.396999999999999575e-01
5.385999999999999677e-01
5.391000000000000236e-01
5.396999999999999575e-01
5.399000000000000465e-01
5.412000000000000144e-01
5.404999999999999805e-01
5.407999999999999474e-01
5.410000000000000364e-01
5.383000000000000007e-01
5.402000000000000135e-01
5.397999999999999465e-01
5.386999999999999567e-01
5.401000000000000245e-01
5.384999999999999787e-01
5.396999999999999575e-01
5.403000000000000025e-01
5.403999999999999915e-01
5.382000000000000117e-01
5.396999999999999575e-01
5.405999999999999694e-01
5.401000000000000245e-01
5.405999999999999694e-01
5.414999999999999813e-01
