1.280000000000000027e-01
2.340000000000000135e-01
3.306000000000000050e-01
3.427000000000000046e-01
3.397000000000000020e-01
3.770999999999999908e-01
4.060000000000000275e-01
4.133999999999999897e-01
4.274000000000000021e-01
4.308000000000000163e-01
4.346999999999999753e-01
4.151000000000000245e-01
4.082000000000000073e-01
4.424000000000000155e-01
4.361999999999999766e-01
4.284999999999999920e-01
4.470000000000000084e-01
4.376999999999999780e-01
4.515000000000000124e-01
4.318000000000000171e-01
4.491999999999999882e-01
4.404000000000000137e-01
4.711000000000000187e-01
4.849999999999999867e-01
4.832000000000000184e-01
4.549000000000000266e-01
4.485000000000000098e-01
4.602999999999999869e-01
4.850999999999999757e-01
4.739999999999999769e-01
4.855999999999999761e-01
4.835999999999999743e-01
4.932000000000000273e-01
4.943000000000000171e-01
4.853999999999999981e-01
4.754999999999999782e-01
4.959999999999999964e-01
4.868000000000000105e-01
4.998000000000000220e-01
5.050000000000000044e-01
5.123999999999999666e-01
5.073999999999999622e-01
5.194999999999999618e-01
5.214999999999999636e-01
5.231000000000000094e-01
5.222999999999999865e-01
5.223999999999999755e-01
5.215999999999999526e-01
5.224999999999999645e-01
5.231000000000000094e-01
5.203999999999999737e-01
5.224999999999999645e-01
5.231000000000000094e-01
5.227000000000000535e-01
5.222999999999999865e-01
5.231999999999999984e-01
5.217000000000000526e-01
5.235999999999999543e-01
5.230000000000000204e-01
5.228000000000000425e-01
5.228000000000000425e-01
5.229000000000000314e-01
5.225999999999999535e-01
5.217000000000000526e-01
5.212999999999999856e-01
5.227000000000000535e-01
5.225999999999999535e-01
5.239000000000000323e-01
5.231999999999999984e-01
5.210000000000000187e-01
5.209000000000000297e-01
5.222999999999999865e-01
5.234999999999999654e-01
5.225999999999999535e-01
5.218000000000000416e-01
5.238000000000000433e-01
5.217000000000000526e-01
5.241999999999999993e-01
5.214999999999999636e-01
5.229000000000000314e-01
5.211999999999999966e-01
5.223999999999999755e-01
5.235999999999999543e-01
5.215999999999999526e-01
5.218000000000000416e-01
5.242999999999999883e-01
5.218000000000000416e-01
5.217000000000000526e-01
5.229000000000000314e-01
5.231000000000000094e-01
5.221999999999999975e-01
5.219000000000000306e-01
5.234999999999999654e-01
5.213999999999999746e-01
5.211999999999999966e-01
5.214999999999999636e-01
5.204999999999999627e-01
5.212999999999999856e-01
5.214999999999999636e-01
5.227000000000000535e-01
