1.393710746765136754e+01
2.477408570480346572e+00
1.903935310363769506e+00
1.783616417884826610e+00
1.759086448287963789e+00
1.727912022018432525e+00
1.597720991516113243e+00
1.623797775459289605e+00
1.600775022506713885e+00
1.583087438583373974e+00
1.596724616432189991e+00
1.650094278144836446e+00
1.731656076622009266e+00
1.743984210586547956e+00
1.821179504776000879e+00
2.088331981277465665e+00
1.982354379272460942e+00
2.169260000610351735e+00
2.145901251983642677e+00
2.415988276672363266e+00
2.421546442413330169e+00
2.694257758712768513e+00
2.536425692367553886e+00
2.433358119583129753e+00
2.507050752258300985e+00
2.880658283233642702e+00
3.020059802627563350e+00
2.873639479064941327e+00
2.848519938659667794e+00
3.092595959091186675e+00
3.061044614791870178e+00
3.053643820190429903e+00
2.937150467300415180e+00
2.991294223022460841e+00
2.945657752227783366e+00
3.008899953079223533e+00
2.909619670104980571e+00
2.949696898651123167e+00
2.941055139541625785e+00
2.888043235015869126e+00
2.778802857971191198e+00
2.762669021224975374e+00
2.726661972427367964e+00
2.668889221954345636e+00
2.648759628295898505e+00
2.632213583755492969e+00
2.608468350982665829e+00
2.584659097290038954e+00
2.553860010528564484e+00
2.554474631881713975e+00
2.567331092834472805e+00
2.566147154617309578e+00
2.555013466644286968e+00
2.548341370010375861e+00
2.541017631530761545e+00
2.543728725814819125e+00
2.549831502532958982e+00
2.555466183853149609e+00
2.548604753112793109e+00
2.545749266052246274e+00
2.548528856277465948e+00
2.545595568847656143e+00
2.528075050354003928e+00
2.530305072784423626e+00
2.543792474365234479e+00
2.526345529937743972e+00
2.521912308502197053e+00
2.524880150985717719e+00
2.526926204299926759e+00
2.526517092132568365e+00
2.520717950439453237e+00
2.512456055831909119e+00
2.513379210662841867e+00
2.513240647125244198e+00
2.516938099288940300e+00
2.522616994857787898e+00
2.520796928787231383e+00
2.511995877838134827e+00
2.513264232635497919e+00
2.524771809005737389e+00
2.534398151779174935e+00
2.508027106475830159e+00
2.512316144180297695e+00
2.505497409820556687e+00
2.514418418502807562e+00
2.523236645507812348e+00
2.509408340072631916e+00
2.502845548629760941e+00
2.523143676376342626e+00
2.515391334915161092e+00
2.509495211791992197e+00
2.517043468856811739e+00
2.512864201354980676e+00
2.515201583862304524e+00
2.513704388809204104e+00
2.507413496398925634e+00
2.511616773605346520e+00
2.513599901580810592e+00
2.507378512191772657e+00
2.512376219177246295e+00
