1.305293164550781171e+02
2.271514276885986394e+00
1.997833436584472766e+00
1.879456945610046281e+00
1.963554953002929704e+00
1.759659733200073184e+00
1.868408333778381447e+00
1.725793340682983290e+00
1.681964850616455065e+00
1.636101156616210917e+00
1.600280519104003929e+00
1.621644090652465842e+00
1.625716395759582600e+00
1.629810514450073189e+00
1.667403173828124974e+00
1.625105385971069349e+00
1.756667550277710044e+00
2.119797353744506729e+00
1.841022418975830188e+00
1.809600593376159638e+00
2.079800079345702990e+00
2.608539327621460124e+00
2.023148723602294918e+00
2.517045037078857295e+00
2.776852690887451125e+00
2.512577751159668082e+00
2.948708198547363324e+00
2.835089656066894559e+00
2.991658283233642468e+00
2.967768120193481352e+00
3.067826806259155159e+00
2.770836531066894537e+00
3.467944271850585736e+00
2.902085978698730528e+00
2.924557362365722835e+00
2.989282909393310650e+00
3.121863091659546008e+00
3.201251400756835785e+00
2.943721055221557581e+00
2.987733215713500812e+00
3.060493481445312636e+00
3.070721645736694150e+00
3.087946308898925629e+00
2.996038757324218871e+00
3.126050530624389534e+00
3.149002659225463852e+00
3.092775048065185661e+00
2.850214731979370253e+00
2.917275742721557652e+00
2.881124657058715677e+00
2.900685195541381933e+00
2.886461967086792146e+00
2.861292383956909102e+00
2.847370929718017418e+00
2.847130139541626193e+00
2.857063463211059418e+00
2.841074533843994221e+00
2.840783868408203183e+00
2.830814709854125866e+00
2.816987939834594723e+00
2.829555231857299624e+00
2.811672263717651443e+00
2.832650996780395669e+00
2.814024091339111244e+00
2.824440094375610499e+00
2.812714563751220531e+00
2.816376528167724658e+00
2.810132711791992310e+00
2.809912950897216710e+00
2.800447671508789149e+00
2.808630413055420050e+00
2.806925402450561435e+00
2.812887049865722577e+00
2.796399169158935383e+00
2.796453478240966906e+00
2.797181664657592659e+00
2.814205625915527254e+00
2.801893379211425561e+00
2.796206755065917982e+00
2.806415525817870904e+00
2.802175934600830143e+00
2.798126723480224509e+00
2.800493399047851550e+00
2.787862835693359465e+00
2.803919865036010872e+00
2.795753947067260547e+00
2.798181133651733266e+00
2.807080189895629907e+00
2.798976702117919935e+00
2.785943715667724696e+00
2.801627651596069413e+00
2.799129568099975707e+00
2.806071884918212689e+00
2.800773165512084883e+00
2.805236818695068468e+00
2.800757129669189549e+00
2.811154140853882044e+00
2.799187247467040951e+00
2.800103635025024573e+00
2.798331375503539942e+00
