1.074999999999999983e-01
2.134999999999999953e-01
2.477000000000000035e-01
2.907000000000000139e-01
3.347999999999999865e-01
3.411000000000000143e-01
3.583000000000000074e-01
3.714000000000000079e-01
4.003999999999999782e-01
3.960000000000000187e-01
4.154999999999999805e-01
4.036000000000000143e-01
4.208999999999999964e-01
4.187000000000000166e-01
4.268000000000000127e-01
4.318000000000000171e-01
4.197000000000000175e-01
3.995000000000000218e-01
4.269000000000000017e-01
4.324999999999999956e-01
4.148999999999999910e-01
4.133000000000000007e-01
4.520000000000000129e-01
4.469000000000000195e-01
3.695999999999999841e-01
4.596000000000000085e-01
4.318000000000000171e-01
4.404000000000000137e-01
4.606999999999999984e-01
4.454000000000000181e-01
4.350999999999999868e-01
4.600000000000000200e-01
4.561000000000000054e-01
4.768999999999999906e-01
4.675000000000000266e-01
4.848999999999999977e-01
4.737000000000000099e-01
4.829999999999999849e-01
4.834999999999999853e-01
4.859999999999999876e-01
4.833999999999999964e-01
4.661000000000000143e-01
4.731000000000000205e-01
4.951999999999999735e-01
4.798999999999999932e-01
4.727999999999999980e-01
4.808000000000000052e-01
5.029000000000000137e-01
4.822000000000000175e-01
4.945999999999999841e-01
4.984999999999999987e-01
4.999000000000000110e-01
4.990999999999999881e-01
4.998000000000000220e-01
5.000000000000000000e-01
4.978000000000000203e-01
4.986999999999999766e-01
4.994000000000000106e-01
5.000000000000000000e-01
5.018000000000000238e-01
5.018000000000000238e-01
5.004999999999999449e-01
5.008000000000000229e-01
5.032999999999999696e-01
5.011999999999999789e-01
5.006000000000000449e-01
5.009000000000000119e-01
5.016000000000000458e-01
5.012999999999999678e-01
5.012999999999999678e-01
5.021999999999999797e-01
5.020999999999999908e-01
5.027000000000000357e-01
5.013999999999999568e-01
5.034999999999999476e-01
5.011999999999999789e-01
5.017000000000000348e-01
5.017000000000000348e-01
5.023999999999999577e-01
5.014999999999999458e-01
5.010000000000000009e-01
5.033999999999999586e-01
5.039000000000000146e-01
5.040000000000000036e-01
5.021999999999999797e-01
5.019000000000000128e-01
5.031999999999999806e-01
5.021999999999999797e-01
5.004999999999999449e-01
5.038000000000000256e-01
5.018000000000000238e-01
5.020000000000000018e-01
5.011999999999999789e-01
5.019000000000000128e-01
5.010999999999999899e-01
5.028000000000000247e-01
5.019000000000000128e-01
5.024999999999999467e-01
5.026000000000000467e-01
5.020999999999999908e-01
