3.289182626342773474e+00
2.051484617996215842e+00
1.862793769073486372e+00
1.724573923492431549e+00
1.623089281845092824e+00
1.520119467163085991e+00
1.458184794998168998e+00
1.375690793228149467e+00
1.290090698814392089e+00
1.227110861968994104e+00
1.125067587280273340e+00
1.102429364013671975e+00
1.046587507629394453e+00
9.575131004333495843e-01
9.233557655334472258e-01
8.618630620002746268e-01
8.238279996871947786e-01
7.970984353065491135e-01
8.247297764778137585e-01
7.816966368675232202e-01
8.166506201744079263e-01
8.936515182495117227e-01
9.098135160446166880e-01
8.709795902252197575e-01
9.021434896469116005e-01
9.929515287399292012e-01
1.053245047378539967e+00
1.125496266746520924e+00
1.116409221267700147e+00
1.010978193664550773e+00
1.009955453872680708e+00
1.086224927711486821e+00
1.140870593833923419e+00
1.176097145080566397e+00
1.203083639335632338e+00
1.226092189025878909e+00
1.261272860145568941e+00
1.274112919616699147e+00
1.296738511276245065e+00
1.308404283142089897e+00
1.329969326019287079e+00
1.337914629364013619e+00
1.349476811981201063e+00
1.360084552955627357e+00
1.369451673126220737e+00
1.379517304039001413e+00
1.389191065216064391e+00
1.397884472084045315e+00
1.403312388610839845e+00
1.410589061355590923e+00
1.419924565315246578e+00
1.308764825820922795e+00
1.233686693191528239e+00
1.095176759910583497e+00
9.399843875885010025e-01
1.047282254409789948e+00
1.059868594551086396e+00
1.105523402976989811e+00
1.108110740661621074e+00
1.085990098571777418e+00
1.098457934951782233e+00
1.165714518356323337e+00
1.210184059715271099e+00
1.231042689704894944e+00
1.246667938041686963e+00
1.264204932403564463e+00
1.281567392730712962e+00
1.295118128013610814e+00
1.305216540908813450e+00
1.318997379302978556e+00
1.331520826721191320e+00
1.339364219665527322e+00
1.344837494468688943e+00
1.353917916870117200e+00
1.359871018218994143e+00
1.361764424705505405e+00
1.252179907417297455e+00
1.053809880065917914e+00
1.030149984550476017e+00
1.093301667976379399e+00
1.134581185531616132e+00
1.075784991645813093e+00
1.029705586242675830e+00
1.029192283439636313e+00
1.013009467315673762e+00
1.130898256301879901e+00
1.179892442321777368e+00
1.210781733894348067e+00
1.239615244674682648e+00
1.261254386901855540e+00
1.277452124023437552e+00
1.295992520523071345e+00
1.294779470062255911e+00
1.303746357727050720e+00
1.319787821960449303e+00
1.326839389991760321e+00
1.342026999855041591e+00
1.351424594497680598e+00
1.357843963432312062e+00
1.350438041687011648e+00
