1.813488427490234471e+02
2.460596837234497070e+00
2.006977142715454132e+00
1.828529653549194389e+00
1.789447018623351982e+00
1.691102062034606890e+00
1.617449846458435037e+00
1.686363927841186605e+00
1.617578159141540572e+00
1.605323564910888567e+00
1.603360298538208051e+00
1.586781925392150905e+00
1.564946790885925365e+00
1.638923835563659726e+00
1.709901796531677176e+00
1.908778737640380863e+00
1.746643650817871096e+00
2.525632292175293170e+00
2.134198855590820454e+00
2.477592719268798760e+00
2.404727382278442516e+00
2.824496644973754744e+00
2.919519948196410919e+00
2.886771224975586136e+00
2.800323561477660927e+00
2.675135332489013695e+00
2.874544102859497130e+00
2.895515132522583190e+00
2.829288913726806687e+00
2.648916068267822332e+00
2.778979030227661351e+00
2.783356786727905430e+00
2.973670204544067275e+00
2.831568088531493999e+00
2.999834285354614050e+00
2.856703913879394374e+00
2.826753307342529276e+00
2.849838476562499778e+00
2.819435036087035940e+00
2.778215781021118325e+00
2.735354665756225767e+00
2.822135021591186455e+00
2.756898882675170803e+00
2.724224442672729563e+00
2.679079447937011693e+00
2.653314073562622166e+00
2.677445251083374167e+00
2.636656005859375096e+00
2.594764210891723710e+00
2.595683742904663305e+00
2.621463615417480408e+00
2.607829480361938401e+00
2.600504980087280149e+00
2.603885992813110395e+00
2.600711657714843916e+00
2.593489820480346708e+00
2.588446825408935670e+00
2.593702660751342925e+00
2.592974435043335024e+00
2.583758874893188562e+00
2.591303990936279167e+00
2.584313993453979386e+00
2.589394449996948122e+00
2.581214226913452148e+00
2.566642166900634958e+00
2.582748060226440323e+00
2.562647802352905124e+00
2.575823764038085883e+00
2.568143165588379073e+00
2.577013257598876894e+00
2.570916936492920080e+00
2.563296453475952141e+00
2.563580891799926764e+00
2.566817868041991968e+00
2.556655413055419768e+00
2.563258781051635626e+00
2.567302653121948275e+00
2.554116118240356226e+00
2.559930199050903354e+00
2.556283488082885746e+00
2.548329324340820268e+00
2.557590235900879083e+00
2.571401505661010667e+00
2.556986039733886606e+00
2.563010550308227664e+00
2.561853318405151292e+00
2.560264103698730587e+00
2.554539675140381050e+00
2.562631700134277324e+00
2.554619773483276290e+00
2.549274231338500840e+00
2.571264053726196153e+00
2.561754619216919160e+00
2.562267770385742160e+00
2.560168918609619038e+00
2.561145597839355581e+00
2.552349043655395722e+00
2.552739988327026310e+00
2.563243342208862519e+00
2.561523723983764711e+00
