3.289182736206054614e+00
2.051484600067138508e+00
1.862793744277954078e+00
1.724573914146423359e+00
1.623089296913146962e+00
1.520119454574584861e+00
1.458184798240661717e+00
1.375690780639648336e+00
1.290090674400329540e+00
1.227110904693603510e+00
1.125067557144165065e+00
1.102429406738281159e+00
1.046587562561035245e+00
9.575130758285522736e-01
9.233557718276977910e-01
8.618630713462829274e-01
8.238280381202697233e-01
7.970984487533568918e-01
8.247297929763793833e-01
7.816966307640075273e-01
8.166505679130554585e-01
8.936514177322387731e-01
9.098135187149047898e-01
8.709795101165771491e-01
9.021435106277465588e-01
9.929514585494995105e-01
1.053245085144042914e+00
1.125496172142028906e+00
1.116409197044372581e+00
1.010978208923339894e+00
1.009955350112915040e+00
1.086224930381774811e+00
1.140870538139343360e+00
1.176097168731689457e+00
1.203083703994751064e+00
1.226092185783386190e+00
1.261272970008850081e+00
1.274112736511230359e+00
1.296738427925109960e+00
1.308404243659973210e+00
1.329969543266296350e+00
1.337914372253417916e+00
1.349476868057250867e+00
1.360084489822387610e+00
1.369451656913757365e+00
1.379517285346984812e+00
1.389190905761718664e+00
1.397884463119506870e+00
1.403312150573730488e+00
1.410589134216308604e+00
1.419924708557128934e+00
1.308764783859252878e+00
1.233686688423156763e+00
1.095176867485046390e+00
9.399844142913817979e-01
1.047282272338867282e+00
1.059868572616577076e+00
1.105523334884643605e+00
1.108110829353332605e+00
1.085990020561218294e+00
1.098457985687255833e+00
1.165714638328552155e+00
1.210184112930297928e+00
1.231042863845825286e+00
1.246668051147461043e+00
1.264204926300048770e+00
1.281567487907409708e+00
1.295118065834045318e+00
1.305216550636291606e+00
1.318997443199157793e+00
1.331520777893066443e+00
1.339364266777038681e+00
1.344837437629699650e+00
1.353918058776855560e+00
1.359870882225036715e+00
1.361764384078979484e+00
1.252180002593994201e+00
1.053809917449951117e+00
1.030150076293945283e+00
1.093301583671569821e+00
1.134581228065490777e+00
1.075785026359558083e+00
1.029705606651306171e+00
1.029192255210876539e+00
1.013009425163269084e+00
1.130898246765136728e+00
1.179892448425293061e+00
1.210781604576110837e+00
1.239615367507934662e+00
1.261254430007934468e+00
1.277452180862426845e+00
1.295992508316039959e+00
1.294779406166076674e+00
1.303746333694457915e+00
1.319787771987914970e+00
1.326839346885681170e+00
1.342027107238769501e+00
1.351424503707885805e+00
1.357844098854064985e+00
1.350438027954101505e+00
