1.213000000000000050e-01
2.308000000000000052e-01
3.017000000000000237e-01
3.719999999999999973e-01
3.365000000000000213e-01
3.748000000000000220e-01
4.195999999999999730e-01
3.951999999999999957e-01
3.977999999999999869e-01
4.363000000000000211e-01
4.440999999999999948e-01
4.046000000000000152e-01
4.455999999999999961e-01
4.657999999999999918e-01
4.418000000000000260e-01
4.257000000000000228e-01
4.258000000000000118e-01
4.889999999999999902e-01
4.108999999999999875e-01
4.557999999999999829e-01
4.762000000000000122e-01
4.850999999999999757e-01
4.678999999999999826e-01
4.699999999999999734e-01
4.914000000000000035e-01
5.161000000000000032e-01
4.863999999999999990e-01
5.048000000000000265e-01
4.969999999999999973e-01
5.120999999999999996e-01
5.138000000000000345e-01
5.171999999999999931e-01
5.124999999999999556e-01
5.137000000000000455e-01
5.157000000000000473e-01
5.193999999999999728e-01
5.198000000000000398e-01
5.215999999999999526e-01
5.213999999999999746e-01
5.248000000000000442e-01
5.252000000000000002e-01
5.242999999999999883e-01
5.249000000000000332e-01
5.255999999999999561e-01
5.241000000000000103e-01
5.256999999999999451e-01
5.269000000000000350e-01
5.261000000000000121e-01
5.256999999999999451e-01
5.265999999999999570e-01
5.269000000000000350e-01
5.263999999999999790e-01
5.250000000000000222e-01
5.252000000000000002e-01
5.263999999999999790e-01
5.252999999999999892e-01
5.253999999999999782e-01
5.245999999999999552e-01
5.259000000000000341e-01
5.263999999999999790e-01
5.260000000000000231e-01
5.254999999999999671e-01
5.268000000000000460e-01
5.262999999999999901e-01
5.261000000000000121e-01
5.256999999999999451e-01
5.255999999999999561e-01
5.251000000000000112e-01
5.268000000000000460e-01
5.261000000000000121e-01
5.263999999999999790e-01
5.266999999999999460e-01
5.264999999999999680e-01
5.258000000000000451e-01
5.269000000000000350e-01
5.259000000000000341e-01
5.255999999999999561e-01
5.265999999999999570e-01
5.260000000000000231e-01
5.263999999999999790e-01
5.275999999999999579e-01
5.261000000000000121e-01
5.263999999999999790e-01
5.285999999999999588e-01
5.264999999999999680e-01
5.262999999999999901e-01
5.264999999999999680e-01
5.270000000000000240e-01
5.272000000000000020e-01
5.269000000000000350e-01
5.266999999999999460e-01
5.279000000000000359e-01
5.272000000000000020e-01
5.265999999999999570e-01
5.275999999999999579e-01
5.260000000000000231e-01
5.261000000000000121e-01
5.261000000000000121e-01
5.266999999999999460e-01
5.262999999999999901e-01
