1.714969599914550891e+00
2.841548306465148666e-01
1.755135477781295805e-01
1.326284120917320120e-01
1.076627035379409819e-01
9.127874788045883814e-02
7.834121599197388375e-02
6.941983532309532745e-02
6.225221353769302274e-02
5.640930459499358951e-02
5.224842879772186033e-02
4.849376852512359698e-02
4.481026819348335466e-02
4.277726677656173981e-02
4.056724388003349335e-02
3.920205015540122878e-02
3.667789300084114273e-02
3.576929258704185377e-02
3.447291371822357176e-02
3.210974985957145561e-02
3.138275436162948906e-02
3.049733149707317334e-02
2.867856054306030383e-02
2.834001593291759352e-02
2.713784631192684219e-02
2.649029048681258991e-02
2.694342712163925319e-02
2.517759668231010425e-02
2.563712303936481474e-02
2.575176931321621066e-02
2.388639270365238224e-02
2.334098483324050996e-02
2.378948837220668661e-02
2.296146489679813316e-02
2.242498687207698793e-02
2.241734884977340803e-02
2.273104796707630174e-02
2.349216746091842625e-02
2.133519419729709710e-02
2.068629209697246674e-02
2.014763694107532532e-02
2.127875427007675305e-02
2.068157924413681001e-02
2.048631744384765696e-02
2.060221825540065749e-02
1.959783563613891680e-02
1.928325328230857949e-02
1.956513078808784500e-02
1.944379691481590289e-02
2.003060346245765649e-02
1.875668028295040049e-02
1.994324080049991732e-02
1.944828727543353869e-02
1.945058465003967133e-02
1.990340896546840752e-02
1.871833497285842890e-02
1.870627926290035353e-02
1.898010106086731041e-02
1.810030581355094939e-02
1.839226756691932779e-02
1.771899349093437187e-02
1.908352500200271445e-02
1.899320179224014277e-02
1.972571217119693798e-02
1.823835256397724272e-02
1.832972864210605582e-02
1.848313360512256545e-02
1.902653388977050899e-02
1.823056107163429154e-02
1.768827137947082476e-02
1.882538989484310032e-02
1.826281568109988998e-02
1.825013561546802443e-02
1.813437148630618959e-02
1.684790056049823709e-02
1.746074395775795013e-02
1.777379627227783365e-02
1.800524824559688458e-02
1.754172154366969924e-02
1.718041853010654485e-02
1.632027935087680681e-02
1.647735461890697389e-02
1.703191844075918268e-02
1.663909991681575620e-02
1.804940796792507338e-02
1.724877845644950947e-02
1.740497207939624771e-02
1.658623957037925686e-02
1.664288853704929197e-02
1.666372724473476341e-02
1.739812296628951913e-02
1.783212983310222474e-02
1.743514809012413139e-02
1.682275884598493504e-02
1.605346393585204909e-02
1.715984307527542232e-02
1.629504622817039630e-02
1.548318402767181329e-02
1.629384110271930863e-02
1.741910942047834518e-02
