1.562999999999999945e-01
5.802000000000000490e-01
6.328000000000000291e-01
6.784000000000000030e-01
7.197999999999999954e-01
7.056000000000000050e-01
7.437000000000000277e-01
7.557000000000000384e-01
7.598000000000000309e-01
7.580999999999999961e-01
7.568000000000000282e-01
7.658000000000000362e-01
7.621999999999999886e-01
7.536000000000000476e-01
7.622999999999999776e-01
7.650000000000000133e-01
7.700000000000000178e-01
7.789000000000000368e-01
7.700000000000000178e-01
7.641000000000000014e-01
7.651000000000000023e-01
7.715999999999999526e-01
7.629000000000000226e-01
7.701000000000000068e-01
7.694999999999999618e-01
7.737000000000000544e-01
7.659000000000000252e-01
7.692999999999999838e-01
7.700000000000000178e-01
7.705999999999999517e-01
7.671999999999999931e-01
7.641999999999999904e-01
7.693999999999999728e-01
7.620999999999999996e-01
7.685999999999999499e-01
7.741000000000000103e-01
7.754999999999999671e-01
7.705999999999999517e-01
7.769000000000000350e-01
7.762999999999999901e-01
7.704999999999999627e-01
7.695999999999999508e-01
7.697000000000000508e-01
7.610999999999999988e-01
7.668000000000000371e-01
7.650000000000000133e-01
7.740000000000000213e-01
7.691000000000000059e-01
7.731999999999999984e-01
7.655999999999999472e-01
7.697000000000000508e-01
7.783999999999999808e-01
7.828000000000000513e-01
7.677000000000000490e-01
7.701999999999999957e-01
7.750000000000000222e-01
7.754999999999999671e-01
7.763999999999999790e-01
7.711999999999999966e-01
7.776999999999999469e-01
7.740000000000000213e-01
7.768000000000000460e-01
7.770000000000000240e-01
7.729000000000000314e-01
7.673999999999999710e-01
7.704999999999999627e-01
7.762999999999999901e-01
7.720000000000000195e-01
7.552999999999999714e-01
7.591999999999999860e-01
7.671000000000000041e-01
7.609000000000000208e-01
7.761000000000000121e-01
7.753999999999999782e-01
7.715999999999999526e-01
7.674999999999999600e-01
7.694999999999999618e-01
7.711000000000000076e-01
7.742999999999999883e-01
7.727000000000000535e-01
7.763999999999999790e-01
7.784999999999999698e-01
7.784999999999999698e-01
7.812999999999999945e-01
7.710000000000000187e-01
7.752000000000000002e-01
7.752999999999999892e-01
7.735999999999999543e-01
7.741999999999999993e-01
7.759000000000000341e-01
7.781000000000000139e-01
7.771000000000000130e-01
7.724999999999999645e-01
7.739000000000000323e-01
7.771000000000000130e-01
7.781000000000000139e-01
7.733999999999999764e-01
7.723999999999999755e-01
7.790000000000000258e-01
7.792999999999999927e-01
