4.338000000000000189e-01
7.307000000000000162e-01
7.630000000000000115e-01
7.834999999999999742e-01
8.122000000000000330e-01
8.348999999999999755e-01
8.491999999999999549e-01
8.610999999999999766e-01
8.652999999999999581e-01
8.791999999999999815e-01
8.741999999999999771e-01
8.905999999999999472e-01
8.927000000000000490e-01
8.909000000000000252e-01
8.883999999999999675e-01
8.991999999999999993e-01
8.958000000000000407e-01
9.005999999999999561e-01
9.025999999999999579e-01
8.931000000000000050e-01
9.040000000000000258e-01
9.116999999999999549e-01
8.934999999999999609e-01
8.973999999999999755e-01
9.094999999999999751e-01
9.159000000000000474e-01
9.160000000000000364e-01
9.026999999999999469e-01
9.028000000000000469e-01
9.084999999999999742e-01
9.132000000000000117e-01
9.101000000000000201e-01
9.160000000000000364e-01
9.023999999999999799e-01
8.983999999999999764e-01
9.124999999999999778e-01
9.104999999999999760e-01
9.061000000000000165e-01
9.071000000000000174e-01
8.980000000000000204e-01
8.962999999999999856e-01
9.063999999999999835e-01
8.988000000000000433e-01
9.042999999999999927e-01
9.064999999999999725e-01
9.093999999999999861e-01
9.153000000000000025e-01
9.131000000000000227e-01
9.061000000000000165e-01
9.163000000000000034e-01
8.851999999999999869e-01
9.157999999999999474e-01
9.132000000000000117e-01
8.910000000000000142e-01
8.993999999999999773e-01
9.016999999999999460e-01
9.098000000000000531e-01
9.098000000000000531e-01
9.075999999999999623e-01
9.213999999999999968e-01
9.214999999999999858e-01
9.224999999999999867e-01
9.162000000000000144e-01
9.140000000000000346e-01
9.185999999999999721e-01
9.143999999999999906e-01
9.210000000000000409e-01
9.114999999999999769e-01
9.154999999999999805e-01
9.184999999999999831e-01
9.199000000000000510e-01
9.193000000000000060e-01
9.182000000000000162e-01
9.179000000000000492e-01
9.172000000000000153e-01
9.163999999999999924e-01
9.146999999999999575e-01
9.091000000000000192e-01
9.141000000000000236e-01
9.109000000000000430e-01
9.274000000000000021e-01
9.223999999999999977e-01
9.216999999999999638e-01
9.223999999999999977e-01
9.073999999999999844e-01
9.251000000000000334e-01
9.186999999999999611e-01
9.024999999999999689e-01
9.193999999999999950e-01
9.240000000000000435e-01
9.041000000000000147e-01
9.236999999999999655e-01
8.960000000000000187e-01
9.064999999999999725e-01
9.076999999999999513e-01
9.163000000000000034e-01
9.268999999999999462e-01
9.336999999999999744e-01
9.262000000000000233e-01
9.192000000000000171e-01
