1.366999999999999882e-01
4.978000000000000203e-01
5.555999999999999828e-01
6.300000000000000044e-01
6.339000000000000190e-01
6.509000000000000341e-01
6.721000000000000307e-01
6.953000000000000291e-01
6.901000000000000467e-01
7.112000000000000544e-01
7.208999999999999853e-01
7.184000000000000385e-01
7.214000000000000412e-01
7.089999999999999636e-01
7.170999999999999597e-01
7.456000000000000405e-01
7.050999999999999490e-01
7.377000000000000224e-01
7.426000000000000378e-01
7.395000000000000462e-01
7.892000000000000126e-01
7.501999999999999780e-01
7.481999999999999762e-01
7.825999999999999623e-01
7.697000000000000508e-01
7.754999999999999671e-01
7.500000000000000000e-01
7.588000000000000300e-01
7.911000000000000254e-01
7.821000000000000174e-01
8.087999999999999634e-01
7.707000000000000517e-01
7.471999999999999753e-01
7.604999999999999538e-01
7.606000000000000538e-01
7.674999999999999600e-01
7.717000000000000526e-01
7.776999999999999469e-01
7.900000000000000355e-01
7.550999999999999934e-01
7.681999999999999940e-01
7.912000000000000144e-01
7.439000000000000057e-01
7.583999999999999631e-01
7.594999999999999529e-01
7.695999999999999508e-01
7.463999999999999524e-01
7.792000000000000037e-01
7.894999999999999796e-01
7.588000000000000300e-01
7.733999999999999764e-01
7.591999999999999860e-01
7.518000000000000238e-01
7.725999999999999535e-01
7.828000000000000513e-01
7.569000000000000172e-01
7.961000000000000298e-01
7.915999999999999703e-01
7.903999999999999915e-01
7.916999999999999593e-01
7.798000000000000487e-01
7.903999999999999915e-01
7.799000000000000377e-01
7.693999999999999728e-01
7.887999999999999456e-01
7.950000000000000400e-01
8.027999999999999581e-01
7.983000000000000096e-01
7.792000000000000037e-01
7.874999999999999778e-01
7.598000000000000309e-01
7.671000000000000041e-01
8.114000000000000101e-01
7.934999999999999831e-01
7.711999999999999966e-01
7.812999999999999945e-01
7.862999999999999989e-01
7.800000000000000266e-01
7.907999999999999474e-01
7.765999999999999570e-01
7.642999999999999794e-01
7.789000000000000368e-01
7.752999999999999892e-01
7.168999999999999817e-01
7.560000000000000053e-01
7.662999999999999812e-01
7.721999999999999975e-01
8.111000000000000432e-01
7.264000000000000457e-01
7.529000000000000137e-01
7.618000000000000327e-01
7.823999999999999844e-01
8.208999999999999631e-01
7.914999999999999813e-01
7.834999999999999742e-01
7.920000000000000373e-01
7.875999999999999668e-01
7.913999999999999924e-01
7.933000000000000052e-01
8.042000000000000259e-01
