2.374608980941772529e+00
2.074780419921875119e+00
1.785619810104370098e+00
1.498065388679504339e+00
1.397492527580261212e+00
1.279952818870544462e+00
1.239576125526428152e+00
1.193970963478088398e+00
1.248036171150207485e+00
1.063541627883911156e+00
1.138937737846374532e+00
9.990232982635498526e-01
1.015374119186401414e+00
1.169585036277771106e+00
1.107262937736511299e+00
9.353537669181823944e-01
1.164808517265319754e+00
9.515873744964599146e-01
9.304642152786254394e-01
9.105959167480468519e-01
7.040752488136291509e-01
8.921246836662292123e-01
9.960581571578979165e-01
7.447277486801147095e-01
8.236149131774902488e-01
7.753957838058471719e-01
8.753400333404540712e-01
9.845993728637695286e-01
7.896022208213806515e-01
7.971491522789001527e-01
7.254289594650268347e-01
8.575719826698303683e-01
1.023915346145629846e+00
1.027088157653808675e+00
1.024726027870178191e+00
9.709988114356994382e-01
8.998739970207214611e-01
8.970223684310912882e-01
8.244930465698242505e-01
1.057276622772216790e+00
1.003122641563415574e+00
8.781638118743896326e-01
1.221752144622802794e+00
1.101108747100830065e+00
1.117331280326843368e+00
1.050231871414184504e+00
1.209280747985839843e+00
9.525893630027770786e-01
8.567880664825439085e-01
1.112608950424194276e+00
1.004062723350524822e+00
1.117449300956726121e+00
1.182290115547180109e+00
9.867785842895507864e-01
9.544328615188598652e-01
1.168487607765197778e+00
8.985499435424805226e-01
9.414771078109741564e-01
9.021896107673644805e-01
9.297702535629271958e-01
1.003297055625915535e+00
9.869130447387695071e-01
1.088984200668335012e+00
1.170291391944885184e+00
1.043533055877685634e+00
9.795202131271362189e-01
9.272939012527465774e-01
8.681042854309082291e-01
9.892195020675659256e-01
9.472739300727843759e-01
1.167153206443786617e+00
1.262237623214721660e+00
9.316170751571655195e-01
8.846694530487060337e-01
1.110741546821594206e+00
1.069557256126403733e+00
1.005338772010803128e+00
1.090180406570434579e+00
9.871802242279053008e-01
1.042212914466857931e+00
1.066038159561157217e+00
1.115990511131286667e+00
1.095011311721801661e+00
1.702372593307495130e+00
1.299220254516601614e+00
9.364985151290893262e-01
1.061967708206176697e+00
7.614277975082397454e-01
1.351209310722351065e+00
1.044520948028564433e+00
1.028717209625244156e+00
1.016801457214355553e+00
6.999400134086608549e-01
9.554974308967589813e-01
1.033530176925659072e+00
9.780112499237060275e-01
1.002541674995422349e+00
9.486445911407470621e-01
9.162298198699950769e-01
9.404299360275268915e-01
