1.714969594192504942e+00
2.841548336982727130e-01
1.755135382175445624e-01
1.326284170746803159e-01
1.076627052664756723e-01
9.127875266075134719e-02
7.834121332168579588e-02
6.941983783841132460e-02
6.225220878124237273e-02
5.640930257439613627e-02
5.224843041300773760e-02
4.849377015233039684e-02
4.481026848554611058e-02
4.277726438641547835e-02
4.056724291443825070e-02
3.920204575657844359e-02
3.667789293229579972e-02
3.576929343342780815e-02
3.447291362881660381e-02
3.210974795818329064e-02
3.138275358676910487e-02
3.049733089208602962e-02
2.867856292724609360e-02
2.834001402556896379e-02
2.713784536421299035e-02
2.649029195606708575e-02
2.694342651069164124e-02
2.517759268283844068e-02
2.563712065517902497e-02
2.575177227556705445e-02
2.388639360964298075e-02
2.334098401665687592e-02
2.378948888778686585e-02
2.296146704256534637e-02
2.242498954534530645e-02
2.241734785139560746e-02
2.273104912936687455e-02
2.349216999709606221e-02
2.133519571125507344e-02
2.068629257678985742e-02
2.014763649404048909e-02
2.127875379920005777e-02
2.068158048391342124e-02
2.048631617426872192e-02
2.060221450328826934e-02
1.959783414602279603e-02
1.928325447738170675e-02
1.956512749195098849e-02
1.944379474818706474e-02
2.003060246109962528e-02
1.875668195337057073e-02
1.994323925673961717e-02
1.944829185307025976e-02
1.945058264136314413e-02
1.990341232120990816e-02
1.871833421587943899e-02
1.870627573281526471e-02
1.898010117113590328e-02
1.810030468106269691e-02
1.839226802289485943e-02
1.771899347305297759e-02
1.908352436423301629e-02
1.899320065975189376e-02
1.972570972740650061e-02
1.823835254907607908e-02
1.832972759306430652e-02
1.848313471674919301e-02
1.902653723061084601e-02
1.823056224286556323e-02
1.768826945722103139e-02
1.882538960874080569e-02
1.826281104981899300e-02
1.825013582110405000e-02
1.813437212109565710e-02
1.684790040254592960e-02
1.746074444949627033e-02
1.777379667460918591e-02
1.800524902641773353e-02
1.754172018766403038e-02
1.718042146265506831e-02
1.632028106749057808e-02
1.647735310196876690e-02
1.703191918432712601e-02
1.663909814059734427e-02
1.804940790235996101e-02
1.724877674579620296e-02
1.740496986210346084e-02
1.658623540699482105e-02
1.664288931488990680e-02
1.666372669935226383e-02
1.739812238514423445e-02
1.783213377892970894e-02
1.743514562845229973e-02
1.682275832742452515e-02
1.605346097946167006e-02
1.715984016358852379e-02
1.629504610002040915e-02
1.548318314701318740e-02
1.629384148418903250e-02
1.741910585612058485e-02
