1.874780053710937588e+00
1.433548289680480980e+00
1.262105576324462852e+00
1.120275525856017973e+00
1.077814250183105393e+00
1.053149942588806232e+00
9.591539236068725716e-01
9.300684379577637273e-01
9.152967437744140566e-01
9.214340065002440960e-01
9.323697193145752404e-01
8.307741014480590769e-01
8.587446417808533017e-01
8.107400980949401870e-01
9.218536437988281707e-01
8.426107254028319948e-01
8.197528796195984180e-01
9.194655418395996094e-01
8.806417299270630217e-01
8.894922992706298936e-01
8.001341619491577628e-01
8.247462020874023469e-01
8.741115978240966422e-01
8.388201992034911569e-01
8.812015392303467198e-01
8.413084943771362845e-01
8.755236238479614519e-01
8.784449281692504607e-01
8.595896745681762541e-01
9.393531526565551681e-01
9.420028749465942930e-01
7.905395357131957956e-01
7.419066266059874959e-01
8.546685003280639625e-01
8.396576267242431557e-01
8.794777111053466712e-01
9.643639204025268308e-01
9.390315937042236216e-01
9.538650571823119595e-01
1.109474148178100528e+00
1.084265481758117655e+00
8.399458978652953878e-01
7.994374551773071325e-01
1.007708579826354978e+00
9.852663949966430357e-01
9.403108205795288610e-01
8.425318403244018706e-01
9.001317876815796426e-01
9.541180797576904737e-01
1.018776572418212956e+00
9.170369543075561625e-01
7.909596199989319398e-01
8.795285848617553359e-01
9.374127164840698745e-01
1.116844680023193259e+00
9.379553314208984860e-01
8.931913644790648865e-01
8.459048639297485073e-01
7.954517862319946397e-01
8.358517871856689929e-01
8.733515470504761291e-01
8.726743125915527033e-01
8.518362094879150526e-01
8.469170566558837931e-01
8.641830406188965030e-01
9.080535066604614736e-01
9.764166603088378915e-01
9.387259288787841438e-01
9.543349664688109968e-01
9.036303672790527708e-01
8.844903379440307578e-01
9.082131561279296328e-01
9.142684480667114810e-01
8.919789350509643722e-01
9.867079866409301792e-01
1.016237319755554092e+00
1.011816586112975980e+00
9.333133134841918865e-01
9.627278024673462387e-01
1.024446906471252472e+00
1.070911997795104931e+00
9.723945596694946181e-01
1.041141040611267110e+00
9.568480062484741033e-01
1.019501912498474105e+00
7.304229534149170311e-01
9.952088472366332761e-01
9.075975605010986325e-01
1.083373032760620136e+00
9.079879655838012376e-01
9.093007600784301925e-01
9.639054670333861985e-01
1.049389119720459007e+00
9.148272054672240694e-01
1.005687802886962912e+00
1.021778022956848053e+00
9.780389333724975875e-01
9.062491241455078450e-01
9.227759628295898464e-01
9.188568799972534062e-01
