3.336000000000000076e-01
6.646999999999999575e-01
6.817999999999999616e-01
7.250999999999999668e-01
7.419999999999999929e-01
7.411999999999999700e-01
7.619000000000000217e-01
7.678000000000000380e-01
7.680000000000000160e-01
7.663999999999999702e-01
7.673999999999999710e-01
7.789000000000000368e-01
7.769000000000000350e-01
7.856999999999999540e-01
7.701000000000000068e-01
7.845999999999999641e-01
7.851000000000000201e-01
7.810000000000000275e-01
7.782000000000000028e-01
7.822999999999999954e-01
7.942000000000000171e-01
7.975999999999999757e-01
7.882000000000000117e-01
7.923999999999999932e-01
7.869000000000000439e-01
7.964999999999999858e-01
7.909000000000000474e-01
7.910000000000000364e-01
7.937999999999999501e-01
7.876999999999999558e-01
7.860000000000000320e-01
8.043000000000000149e-01
8.067999999999999616e-01
8.012000000000000233e-01
8.044999999999999929e-01
7.975999999999999757e-01
7.780000000000000249e-01
7.967999999999999527e-01
7.848000000000000531e-01
7.854999999999999760e-01
7.836999999999999522e-01
8.090000000000000524e-01
8.057999999999999607e-01
7.792999999999999927e-01
7.896999999999999575e-01
7.933000000000000052e-01
8.101000000000000423e-01
8.038999999999999480e-01
7.953000000000000069e-01
7.929000000000000492e-01
7.993999999999999995e-01
8.115999999999999881e-01
8.091000000000000414e-01
7.963999999999999968e-01
7.939000000000000501e-01
8.025999999999999801e-01
8.064000000000000057e-01
8.138999999999999568e-01
8.202000000000000401e-01
8.133000000000000229e-01
8.085999999999999854e-01
8.114000000000000101e-01
8.125000000000000000e-01
8.135999999999999899e-01
8.124000000000000110e-01
8.064000000000000057e-01
8.000000000000000444e-01
8.051000000000000378e-01
8.093000000000000194e-01
8.135999999999999899e-01
8.092000000000000304e-01
8.092000000000000304e-01
8.122000000000000330e-01
8.151000000000000467e-01
8.008999999999999453e-01
8.082000000000000295e-01
8.084999999999999964e-01
8.172000000000000375e-01
8.143000000000000238e-01
7.949000000000000510e-01
8.028999999999999471e-01
8.156999999999999806e-01
8.064000000000000057e-01
8.114000000000000101e-01
8.090000000000000524e-01
8.397999999999999909e-01
8.034000000000000030e-01
8.056999999999999718e-01
7.997999999999999554e-01
8.008999999999999453e-01
8.047999999999999599e-01
8.041000000000000369e-01
7.939000000000000501e-01
8.033000000000000140e-01
7.900000000000000355e-01
7.940000000000000391e-01
8.018999999999999462e-01
8.083000000000000185e-01
8.080000000000000515e-01
8.212000000000000410e-01
