1.692379818153381343e+00
1.119429861259460424e+00
1.019353677177429196e+00
9.314135246276855629e-01
8.925543078422546461e-01
7.968066585540771740e-01
7.928242479324341119e-01
7.756675346374511948e-01
7.394584657669067695e-01
6.934727667808532336e-01
6.989856376647949343e-01
6.905281186103821023e-01
7.532485725402832122e-01
6.652295571327209167e-01
7.162108360290527775e-01
7.075978078842163344e-01
7.563043161392212221e-01
7.333057929039001888e-01
6.877648360252380799e-01
7.258055101394653708e-01
7.608188479423523276e-01
6.919250243186950700e-01
6.953787494659423585e-01
7.546877875328064089e-01
7.294911862373352207e-01
7.155950885772704995e-01
6.690775803565979230e-01
7.108302317619323851e-01
7.614463875770568491e-01
7.805264878273010520e-01
7.995560731887817463e-01
7.715135807991028161e-01
7.117724770545958979e-01
7.570180983543396414e-01
6.987408831596374492e-01
7.218720394134521268e-01
7.763190485954284403e-01
7.335201675415039535e-01
8.301856947898864636e-01
7.870364060401916495e-01
8.209051612854003643e-01
7.591538263320922741e-01
7.768216489791870405e-01
7.358121879577637081e-01
7.462406249999999908e-01
7.304328845024108396e-01
7.807325147628784157e-01
8.171823526382446801e-01
8.110502123832702415e-01
8.321624183654785512e-01
8.492441018104552874e-01
8.617741499900818392e-01
7.496586791038513109e-01
8.435425414085387930e-01
8.553355695724487173e-01
8.364775098800659725e-01
8.282814042091369844e-01
9.020774949073790960e-01
8.559256414413451974e-01
8.261080674171448202e-01
7.841056783676148001e-01
8.819411988258362145e-01
8.717711254119873132e-01
9.320411460876464327e-01
8.420469216346740948e-01
8.011377799034118397e-01
7.792039928436279572e-01
7.953951767921447757e-01
7.200142902374268017e-01
7.651869894981384590e-01
8.008045460700988771e-01
7.237379695892334208e-01
7.622487852096557770e-01
7.206247077941894119e-01
8.522743725776672497e-01
8.796233088493347063e-01
8.494189472198486746e-01
9.184546646118163515e-01
8.401529035568237047e-01
7.502667118072510188e-01
7.618355849266051916e-01
7.650922218322754320e-01
7.751505718231200825e-01
8.823543386459350435e-01
8.441842282295226596e-01
1.046601284408569255e+00
8.139824997901916603e-01
8.157064895629883017e-01
9.365883569717406987e-01
8.721207592010498111e-01
8.856780458450317361e-01
9.215328641891479267e-01
8.555840698242187514e-01
1.012792091369628888e+00
8.536550739288329970e-01
8.499013986587524716e-01
8.398414007186889574e-01
7.862811443328857619e-01
9.145728717803954799e-01
9.368499266624450428e-01
