1.714969630813598656e+00
2.841548336982727130e-01
1.755135439634323002e-01
1.326284117341041680e-01
1.076627042770385706e-01
9.127874826192855506e-02
7.834121197462082242e-02
6.941983361840248223e-02
6.225220564007759305e-02
5.640929990410804840e-02
5.224843117594719227e-02
4.849376755952834739e-02
4.481026954054832118e-02
4.277726476788520915e-02
4.056724349856376949e-02
3.920204700231551959e-02
3.667789589464664352e-02
3.576929514408111466e-02
3.447291907668113831e-02
3.210975093245506395e-02
3.138275617957115432e-02
3.049732917547225836e-02
2.867856058776378780e-02
2.834001516401767756e-02
2.713784497678279825e-02
2.649029219746589642e-02
2.694342631995677931e-02
2.517759138643741595e-02
2.563712170422077080e-02
2.575176961123943481e-02
2.388639366030692948e-02
2.334098601639270770e-02
2.378948884606361253e-02
2.296146675050258698e-02
2.242498868405818843e-02
2.241734889447689200e-02
2.273104697167873528e-02
2.349216831922531015e-02
2.133519672751426829e-02
2.068629090785980076e-02
2.014763526022434262e-02
2.127875331044197169e-02
2.068158105313777986e-02
2.048631497621536401e-02
2.060221728086471596e-02
1.959783315062522957e-02
1.928325254321098386e-02
1.956512973904609570e-02
1.944379546642303544e-02
2.003060370683670127e-02
1.875668030828237659e-02
1.994323712289333347e-02
1.944829196631908327e-02
1.945058232843875981e-02
1.990341385304927879e-02
1.871833456456661188e-02
1.870627943724393824e-02
1.898010273575782836e-02
1.810030234754085587e-02
1.839226928353309559e-02
1.771899451613426213e-02
1.908352401256561276e-02
1.899320247173309426e-02
1.972570948898792406e-02
1.823835292756557577e-02
1.832972720563411789e-02
1.848313688039779704e-02
1.902653595209121556e-02
1.823056443929672171e-02
1.768827176094055209e-02
1.882538948357105266e-02
1.826281388103961900e-02
1.825013727843761285e-02
1.813437273502349970e-02
1.684790001809597162e-02
1.746074391007423551e-02
1.777379146814346209e-02
1.800524864792823684e-02
1.754172013401985100e-02
1.718041916191577825e-02
1.632028190195560294e-02
1.647735533118247983e-02
1.703191881775855884e-02
1.663910021781921447e-02
1.804940823912620437e-02
1.724877695143222853e-02
1.740497097969055315e-02
1.658623854219913596e-02
1.664288784563541443e-02
1.666372407376766340e-02
1.739812378585338729e-02
1.783213006258010935e-02
1.743514562249183497e-02
1.682275746911764125e-02
1.605346412956714514e-02
1.715984220504760890e-02
1.629504891932010563e-02
1.548318175375461639e-02
1.629384151995182106e-02
1.741910675913095619e-02
