1.714969612121582054e+00
2.841548352241516362e-01
1.755135424375534048e-01
1.326284180164337134e-01
1.076627096652984644e-01
9.127875245809555227e-02
7.834121159315109162e-02
6.941983303427695651e-02
6.225221107006072979e-02
5.640930266380309727e-02
5.224842774271964974e-02
4.849377138614654331e-02
4.481027031540870537e-02
4.277726457715034375e-02
4.056724502444267189e-02
3.920204777717590378e-02
3.667789379656315185e-02
3.576929043233394862e-02
3.447291507124900650e-02
3.210974926054478013e-02
3.138275235891341969e-02
3.049733159244060604e-02
2.867856054306030383e-02
2.834001374542713045e-02
2.713784669339656952e-02
2.649029143452644175e-02
2.694342617392540135e-02
2.517759582400322035e-02
2.563712245821952659e-02
2.575177040398120981e-02
2.388639303743839148e-02
2.334098328948020981e-02
2.378948904275894269e-02
2.296146532893180922e-02
2.242498868405818843e-02
2.241734907925128917e-02
2.273104749917984058e-02
2.349216631352901360e-02
2.133519410192966440e-02
2.068629295825958128e-02
2.014763511121273054e-02
2.127875407934188765e-02
2.068158029913902407e-02
2.048631849586963691e-02
2.060221806466579555e-02
1.959783429503440810e-02
1.928325357139110477e-02
1.956512954533099966e-02
1.944379493594169603e-02
2.003060365319251843e-02
1.875668135732412242e-02
1.994324146807193929e-02
1.944828867018222676e-02
1.945058162212371863e-02
1.990341385304927879e-02
1.871833610236644727e-02
1.870627826750278361e-02
1.898010145723819792e-02
1.810030302703380736e-02
1.839226807057857405e-02
1.771899333000183027e-02
1.908352605998515916e-02
1.899319991469383337e-02
1.972571032047271827e-02
1.823835434019565466e-02
1.832972770929336415e-02
1.848313598036765981e-02
1.902653530538082199e-02
1.823056020438671224e-02
1.768827049136161705e-02
1.882539037168026036e-02
1.826281403303146519e-02
1.825013577044010127e-02
1.813437391817569744e-02
1.684789983332157098e-02
1.746074412465095649e-02
1.777379693984985215e-02
1.800524699985980859e-02
1.754172378182411104e-02
1.718041882216930424e-02
1.632028020918369418e-02
1.647735449671745150e-02
1.703191607892513143e-02
1.663910091817379089e-02
1.804940916597843129e-02
1.724877868890762472e-02
1.740497168004512957e-02
1.658623662590980388e-02
1.664288841485977305e-02
1.666372479200363063e-02
1.739812161624431502e-02
1.783213190138339954e-02
1.743514849543571429e-02
1.682275865525007311e-02
1.605346337556838934e-02
1.715984611213207389e-02
1.629504615366458853e-02
1.548318369537591936e-02
1.629384015053510562e-02
1.741910674422979255e-02
