1.932491247558593805e+00
1.535195421981811581e+00
1.549943436431884702e+00
1.691708472633361771e+00
1.714878756713867247e+00
1.557172951889038037e+00
1.658728072547912546e+00
1.589122204971313401e+00
1.662296163558959927e+00
1.676988882255554092e+00
1.635174380683898976e+00
1.533565242004394591e+00
1.686332156562805107e+00
1.790658261108398541e+00
1.759377698326110906e+00
1.760545827102661054e+00
1.645742640495300391e+00
1.645296170043945239e+00
1.710256750869751041e+00
1.725305298805236864e+00
1.663946958160400280e+00
1.722193186759948702e+00
1.848267832565307689e+00
1.859588552284240803e+00
1.818819753074645940e+00
1.948763278198242244e+00
1.809722585868835498e+00
1.877344547843933009e+00
1.878331154632568278e+00
1.796410963058471699e+00
1.704596864891052332e+00
1.930414318275451624e+00
1.759150424957275360e+00
1.841444372367858850e+00
1.813300571060180610e+00
1.797518576622009201e+00
1.822885353469848591e+00
1.792890135002136232e+00
1.759282651901245220e+00
1.921477730178833054e+00
1.953677481269836536e+00
1.842363523674011239e+00
1.891312362670898528e+00
1.939314379882812522e+00
1.800928380203246970e+00
1.726421107482910111e+00
1.780330040359497046e+00
1.809037516403198209e+00
1.847805141258239692e+00
1.840187588691711396e+00
1.841725547218322712e+00
1.876108412933349623e+00
1.819730042457580632e+00
1.925266087150573791e+00
1.846578721427917458e+00
1.830707796096801676e+00
1.890406802368164163e+00
1.935228929519653418e+00
2.060116070556640810e+00
1.858030737113952613e+00
1.895738761329650801e+00
1.900439975166320794e+00
1.883222685241699113e+00
1.908517907142639247e+00
1.854174710845947205e+00
1.927618209648132241e+00
1.855724827003478961e+00
1.949846040534973124e+00
1.823737766647338887e+00
2.192172721099853394e+00
1.960029726028442276e+00
2.331718023681640606e+00
1.960588580703735317e+00
1.973550253677368138e+00
1.890969363403320225e+00
1.659510694885253823e+00
1.775633701324462965e+00
2.000775107574463085e+00
1.947560914039611735e+00
1.853267090606689482e+00
1.872147132492065325e+00
1.845724988365173402e+00
1.802972544860839799e+00
2.075339778137207158e+00
1.910106620407104439e+00
1.975608036231994546e+00
1.875673618125915487e+00
1.654262876701354967e+00
1.895942837333679298e+00
1.845034997749328554e+00
1.816942727661132739e+00
2.030612270355224513e+00
2.022926086425781200e+00
1.903850120353698827e+00
2.029191502571106032e+00
1.948084366989135674e+00
1.877104941940307636e+00
1.894100301361083982e+00
1.905867613792419535e+00
1.926079615402221723e+00
