2.858999999999999875e-01
6.313999999999999613e-01
6.677999999999999492e-01
6.805999999999999828e-01
6.765999999999999792e-01
6.854000000000000092e-01
6.886999999999999789e-01
6.897999999999999687e-01
6.903000000000000247e-01
6.919999999999999485e-01
6.916999999999999815e-01
6.902000000000000357e-01
6.918999999999999595e-01
6.942000000000000393e-01
6.945999999999999952e-01
6.932000000000000384e-01
6.931000000000000494e-01
6.985000000000000098e-01
6.947999999999999732e-01
6.938999999999999613e-01
6.985999999999999988e-01
7.012000000000000455e-01
6.977999999999999758e-01
6.985999999999999988e-01
6.995999999999999996e-01
7.004000000000000226e-01
6.991000000000000547e-01
7.002000000000000446e-01
6.999999999999999556e-01
7.047999999999999821e-01
7.089999999999999636e-01
7.016999999999999904e-01
6.946999999999999842e-01
7.044000000000000261e-01
7.002000000000000446e-01
7.025000000000000133e-01
7.018999999999999684e-01
7.025000000000000133e-01
7.042000000000000481e-01
6.955999999999999961e-01
6.982000000000000428e-01
7.037999999999999812e-01
6.986999999999999877e-01
7.013000000000000345e-01
7.063000000000000389e-01
7.102000000000000535e-01
7.134000000000000341e-01
7.110999999999999543e-01
7.023000000000000353e-01
7.047999999999999821e-01
7.072000000000000508e-01
7.013000000000000345e-01
6.995999999999999996e-01
7.027999999999999803e-01
7.135000000000000231e-01
7.077999999999999847e-01
7.078999999999999737e-01
7.059999999999999609e-01
7.012000000000000455e-01
7.070999999999999508e-01
7.076999999999999957e-01
7.082000000000000517e-01
7.066000000000000059e-01
7.075000000000000178e-01
7.146000000000000130e-01
7.116999999999999993e-01
7.103000000000000425e-01
7.046999999999999931e-01
7.044000000000000261e-01
6.999999999999999556e-01
7.029999999999999583e-01
6.827999999999999625e-01
7.033000000000000362e-01
6.963000000000000300e-01
7.057999999999999829e-01
7.213000000000000522e-01
7.112000000000000544e-01
7.057999999999999829e-01
7.122000000000000552e-01
7.139999999999999680e-01
7.090999999999999526e-01
7.177000000000000046e-01
7.076000000000000068e-01
7.108999999999999764e-01
7.216000000000000192e-01
7.196000000000000174e-01
7.116000000000000103e-01
7.177000000000000046e-01
7.066999999999999948e-01
7.138999999999999790e-01
7.160999999999999588e-01
7.042000000000000481e-01
7.080999999999999517e-01
7.084000000000000297e-01
7.028999999999999693e-01
7.097999999999999865e-01
7.137999999999999901e-01
7.158999999999999808e-01
7.168999999999999817e-01
7.122000000000000552e-01
