1.714969575500488341e+00
2.841548345088958927e-01
1.755135458469390952e-01
1.326284195423126089e-01
1.076627020120620726e-01
9.127875055074691213e-02
7.834121446609497441e-02
6.941983801722526048e-02
6.225221288800239505e-02
5.640930601954460138e-02
5.224842764139175227e-02
4.849376871585846238e-02
4.481026791334152132e-02
4.277726401686668400e-02
4.056724329590797457e-02
3.920205187201499658e-02
3.667789523303508631e-02
3.576929367482661881e-02
3.447291400432586639e-02
3.210974915921688266e-02
3.138275360465049568e-02
3.049732978045940554e-02
2.867856326997280172e-02
2.834001620709896210e-02
2.713784621655940948e-02
2.649029238820075835e-02
2.694342747628688736e-02
2.517759359776973807e-02
2.563712180256843415e-02
2.575176841318607343e-02
2.388639350831508676e-02
2.334098205864429398e-02
2.378948818445205532e-02
2.296146508157253380e-02
2.242498701214790460e-02
2.241734842061996608e-02
2.273104735910892391e-02
2.349216555356979305e-02
2.133519443571567364e-02
2.068629200160503404e-02
2.014763750135898507e-02
2.127875475287437437e-02
2.068158176839351645e-02
2.048631621301174113e-02
2.060221556425094469e-02
1.959783553183078869e-02
1.928325321674347059e-02
1.956512947678566011e-02
1.944379639029502824e-02
2.003060427308082578e-02
1.875668023675680293e-02
1.994324001073837296e-02
1.944829001128673546e-02
1.945058348774909851e-02
1.990341289341449743e-02
1.871833469569682967e-02
1.870627639442682191e-02
1.898009749650955355e-02
1.810030352771282297e-02
1.839226732254028301e-02
1.771899307072162533e-02
1.908352414369583055e-02
1.899320176541805308e-02
1.972571026086807414e-02
1.823835130929946785e-02
1.832972914576530554e-02
1.848313399553298819e-02
1.902653501927852736e-02
1.823056254386901803e-02
1.768827046751976148e-02
1.882539044320583402e-02
1.826281528770923659e-02
1.825013648569583785e-02
1.813437354266643486e-02
1.684789722859859548e-02
1.746074655950069499e-02
1.777379652559757384e-02
1.800524533987045428e-02
1.754172375202179071e-02
1.718042016327381294e-02
1.632028113007545633e-02
1.647735425531864084e-02
1.703191673457622388e-02
1.663910211026668404e-02
1.804940969049930594e-02
1.724877697527408757e-02
1.740497078597545710e-02
1.658624081462621580e-02
1.664288778901100094e-02
1.666372333467006778e-02
1.739812317490577534e-02
1.783212864100933159e-02
1.743514844477176556e-02
1.682275626361370152e-02
1.605346333384513949e-02
1.715984145402908376e-02
1.629504626095295075e-02
1.548318188488483418e-02
1.629383790045976776e-02
1.741910939663648614e-02
