3.926999999999999935e-01
9.338999999999999524e-01
9.553000000000000380e-01
9.645000000000000240e-01
9.721999999999999531e-01
9.762999999999999456e-01
9.791999999999999593e-01
9.812999999999999501e-01
9.821999999999999620e-01
9.852999999999999536e-01
9.858000000000000096e-01
9.860999999999999766e-01
9.869999999999999885e-01
9.877000000000000224e-01
9.879999999999999893e-01
9.887000000000000233e-01
9.890999999999999792e-01
9.895000000000000462e-01
9.890999999999999792e-01
9.899999999999999911e-01
9.902999999999999581e-01
9.901999999999999691e-01
9.906000000000000361e-01
9.906000000000000361e-01
9.909000000000000030e-01
9.909999999999999920e-01
9.916000000000000369e-01
9.921999999999999709e-01
9.921999999999999709e-01
9.915000000000000480e-01
9.930999999999999828e-01
9.923999999999999488e-01
9.931999999999999718e-01
9.929000000000000048e-01
9.932999999999999607e-01
9.933999999999999497e-01
9.925000000000000488e-01
9.928000000000000158e-01
9.937000000000000277e-01
9.930999999999999828e-01
9.939000000000000057e-01
9.929000000000000048e-01
9.931999999999999718e-01
9.936000000000000387e-01
9.928000000000000158e-01
9.936000000000000387e-01
9.940999999999999837e-01
9.939999999999999947e-01
9.939999999999999947e-01
9.927000000000000268e-01
9.939000000000000057e-01
9.932999999999999607e-01
9.929000000000000048e-01
9.936000000000000387e-01
9.935000000000000497e-01
9.941999999999999726e-01
9.930999999999999828e-01
9.936000000000000387e-01
9.939999999999999947e-01
9.936000000000000387e-01
9.938000000000000167e-01
9.932999999999999607e-01
9.939999999999999947e-01
9.937000000000000277e-01
9.937000000000000277e-01
9.939999999999999947e-01
9.941999999999999726e-01
9.935000000000000497e-01
9.939000000000000057e-01
9.939000000000000057e-01
9.941999999999999726e-01
9.941999999999999726e-01
9.941999999999999726e-01
9.937000000000000277e-01
9.943999999999999506e-01
9.945000000000000506e-01
9.942999999999999616e-01
9.936000000000000387e-01
9.947000000000000286e-01
9.943999999999999506e-01
9.942999999999999616e-01
9.945000000000000506e-01
9.941999999999999726e-01
9.946000000000000396e-01
9.940999999999999837e-01
9.949000000000000066e-01
9.939999999999999947e-01
9.940999999999999837e-01
9.942999999999999616e-01
9.946000000000000396e-01
9.936000000000000387e-01
9.942999999999999616e-01
9.940999999999999837e-01
9.941999999999999726e-01
9.939000000000000057e-01
9.949999999999999956e-01
9.941999999999999726e-01
9.949000000000000066e-01
9.943999999999999506e-01
9.941999999999999726e-01
