1.714969594192504942e+00
2.841548313617706101e-01
1.755135538816451901e-01
1.326284186005592391e-01
1.076627050399780322e-01
9.127875245809555227e-02
7.834121446609497441e-02
6.941983496546745569e-02
6.225220945477485945e-02
5.640930371880531480e-02
5.224842593669891400e-02
4.849377024173736478e-02
4.481026924848556525e-02
4.277726753950118754e-02
4.056724531650543475e-02
3.920204575657844359e-02
3.667789270877837987e-02
3.576929415166377885e-02
3.447291707396507587e-02
3.210975072979926903e-02
3.138275339603423947e-02
3.049732944965362694e-02
2.867856049835681986e-02
2.834001526534557502e-02
2.713784779906272884e-02
2.649029420614242708e-02
2.694342776238918200e-02
2.517759626805782247e-02
2.563712117969989615e-02
2.575177098810672860e-02
2.388639374673366678e-02
2.334098388254642401e-02
2.378948789238929593e-02
2.296146537661552384e-02
2.242498926222324246e-02
2.241734751164913345e-02
2.273104916512966311e-02
2.349216831624507951e-02
2.133519585430622076e-02
2.068629142940044477e-02
2.014763692915439580e-02
2.127875446081161498e-02
2.068158071935176714e-02
2.048631736636161854e-02
2.060221317708492428e-02
1.959783329367637689e-02
1.928325154483318329e-02
1.956512985825538745e-02
1.944379490911960634e-02
2.003060589432716435e-02
1.875667975693941225e-02
1.994324095249176004e-02
1.944829052686691123e-02
1.945058169066905818e-02
1.990341006219387143e-02
1.871833552122116259e-02
1.870627735704183739e-02
1.898009907901286944e-02
1.810030319988727501e-02
1.839226649403571945e-02
1.771899153888225470e-02
1.908352728486061023e-02
1.899319930076599078e-02
1.972571070492267625e-02
1.823835470676422182e-02
1.832972773313522319e-02
1.848313246965408232e-02
1.902653517425060420e-02
1.823056062459945531e-02
1.768826968371868189e-02
1.882539076507091375e-02
1.826281522214412770e-02
1.825013485550880388e-02
1.813437296152115019e-02
1.684789768755435777e-02
1.746074575483799046e-02
1.777379526197910356e-02
1.800524722337722844e-02
1.754172169566154543e-02
1.718042044341564281e-02
1.632027986645698606e-02
1.647735394239425652e-02
1.703191954344511136e-02
1.663910221159458150e-02
1.804940671324729851e-02
1.724877730607986617e-02
1.740497217178344630e-02
1.658624056577682332e-02
1.664288830161094607e-02
1.666372416019439723e-02
1.739812330901622725e-02
1.783213222622871338e-02
1.743514522910118159e-02
1.682275774180889277e-02
1.605346443653106817e-02
1.715984096527099767e-02
1.629504587948322342e-02
1.548318554908037145e-02
1.629383869469165635e-02
1.741910910606384380e-02
