1.675772646903991747e+00
1.455516483688354512e+00
1.288891850090026825e+00
1.229955147933959880e+00
1.159859617996215730e+00
1.187402260208129778e+00
1.178249228096008405e+00
1.135827966499328712e+00
1.179109810638427680e+00
1.159174988555908170e+00
1.147802434539795025e+00
1.138786572647094708e+00
1.069139005088806105e+00
1.144642473793029858e+00
1.051729154586791948e+00
1.028749170494079657e+00
1.116619698333740196e+00
1.113834132766723606e+00
1.121566755676269622e+00
1.058844135093689021e+00
1.042702875518798811e+00
1.144724772644043043e+00
1.034564889144897526e+00
1.190875759506225595e+00
1.058619796943664593e+00
1.122664695739746143e+00
1.065943712043762259e+00
1.043258304023742644e+00
1.090964029121398893e+00
1.066793608093261625e+00
1.099425398635864193e+00
1.134330758857727162e+00
1.105255583190917879e+00
1.057683140945434586e+00
1.063161819648742679e+00
1.097445792198181058e+00
1.111772650527954154e+00
1.158434530448913646e+00
1.139142804527282671e+00
1.145770725440979021e+00
1.107590262031555195e+00
1.199182503890991125e+00
1.089113694190978920e+00
1.113358041763305772e+00
1.140226687431335373e+00
1.144509065628051658e+00
1.128322506141662629e+00
1.106601327133178714e+00
1.245969344520568844e+00
1.177943950080871494e+00
1.274246105575561616e+00
1.035678068351745695e+00
1.150515738487243755e+00
1.075756691169738710e+00
1.215324364280700786e+00
1.237036019515991292e+00
1.089519365119934191e+00
1.077192827224731531e+00
1.137082969093322848e+00
1.091348557090759286e+00
1.169440816688537499e+00
1.165521445083618213e+00
1.254194149780273548e+00
1.031281161689758363e+00
1.056129803848266491e+00
1.170553586578369165e+00
1.145303796577453515e+00
1.216648427963256784e+00
1.275262507820129398e+00
1.217651602554321366e+00
1.046758778762817421e+00
1.176768070983886805e+00
1.182097904396057109e+00
1.178233328437805261e+00
1.204624838256835861e+00
1.222094060707092256e+00
1.328645890045166089e+00
1.297656552505493055e+00
1.324019567108154272e+00
1.283506064605712815e+00
1.290119128608703702e+00
1.300457661437988355e+00
1.313891060447692771e+00
1.334297282409667940e+00
1.313031077003478986e+00
1.284751267623901461e+00
1.260393156051635710e+00
1.290399790954589898e+00
1.378068907928466702e+00
1.342474404907226582e+00
1.261562345886230396e+00
1.237544946479797403e+00
1.288166098213195720e+00
1.278497702217102017e+00
1.282559109878540049e+00
1.315870995140075772e+00
1.312903208541870148e+00
1.311510826683044417e+00
1.346966175651550301e+00
1.328150093078613203e+00
