2.211653588104248058e+00
2.369178771591186727e+00
2.189918439865112365e+00
1.991517500305175714e+00
1.935064534378051704e+00
1.857919068908691296e+00
1.789170896148681633e+00
1.839812813949585069e+00
1.833453831291198766e+00
1.650108187866210940e+00
1.698482173347473090e+00
1.610509301757812484e+00
1.624623988342285053e+00
1.635209313583374069e+00
1.645030591392517172e+00
1.697917459869384693e+00
1.680363221740722723e+00
1.635898409652710050e+00
1.773840690231323292e+00
1.535311564445495547e+00
1.664310245895385787e+00
1.629816189956664996e+00
1.601821861648559553e+00
1.618969822883606025e+00
1.686875379943847619e+00
1.659511710739135726e+00
1.759136497688293499e+00
1.702503649520874074e+00
1.665758800125122008e+00
1.833799686241149862e+00
1.752085176467895522e+00
1.738732388687133756e+00
1.701904147911071696e+00
1.899726295852661062e+00
1.705277292633056607e+00
1.952228015136718842e+00
1.771593483543395964e+00
1.869074398803710846e+00
1.773588074874878018e+00
1.832455189132690343e+00
1.956000643920898341e+00
1.942577422332763648e+00
2.041899135589599457e+00
1.833573474311828599e+00
2.014251448440551595e+00
1.878503184127807701e+00
1.943188666915893537e+00
1.841903444290161174e+00
1.886367687034606888e+00
1.788431910514831635e+00
1.870527977371215789e+00
1.955237770462036062e+00
1.886668165206909276e+00
1.758214829826354908e+00
1.725820447921752931e+00
1.787953200912475671e+00
1.872608372306823643e+00
1.784688942337036233e+00
1.810016247940063439e+00
1.794037941932678182e+00
1.831161929893493578e+00
1.853838429450988867e+00
1.844052250480651800e+00
1.889134728431701715e+00
1.944307601165771393e+00
1.885422770500183143e+00
2.012913948059082081e+00
1.855722707176208575e+00
1.888973043823242159e+00
1.917986749649047917e+00
1.876461881256103581e+00
1.949878264617920021e+00
2.014411868667602690e+00
2.037350498199463011e+00
2.070423922348022305e+00
2.091360514831543060e+00
2.115762890625000114e+00
2.134434128952026555e+00
2.104303847885131695e+00
2.164134164810180838e+00
2.217178944396972717e+00
2.193088993072509929e+00
2.019787434005737126e+00
2.264739588928222691e+00
2.003887340545654094e+00
2.137411624145507894e+00
2.073891700744628697e+00
2.141991695404052543e+00
2.177443445587158077e+00
2.124427373504638616e+00
2.330631116867065256e+00
2.164126140975952239e+00
2.180484191513061720e+00
2.039187043762206830e+00
2.192048503494262501e+00
2.295408245849609230e+00
2.182410649871826092e+00
2.257901873397827330e+00
2.466453884887695125e+00
2.068989865112304649e+00
