1.714969655227661205e+00
2.841548252582550282e-01
1.755135412693023811e-01
1.326284178376197775e-01
1.076627023935318034e-01
9.127874864339828587e-02
7.834120910167693963e-02
6.941983628869057010e-02
6.225221145153045366e-02
5.640930173397064318e-02
5.224843108654022433e-02
4.849376729130745051e-02
4.481026945114136018e-02
4.277726610302925309e-02
4.056724044680595082e-02
3.920204823613166606e-02
3.667789370715618391e-02
3.576929533481598006e-02
3.447291477322578235e-02
3.210975086987018917e-02
3.138275560140609682e-02
3.049732935428619424e-02
2.867856384217739099e-02
2.834001436829566845e-02
2.713784440457820898e-02
2.649029286503791839e-02
2.694342698752880128e-02
2.517759396135807112e-02
2.563712092936039008e-02
2.575177146494388516e-02
2.388639509081840612e-02
2.334098206162452810e-02
2.378948885202407729e-02
2.296146670877933366e-02
2.242498773634433659e-02
2.241734917163848775e-02
2.273104710876941784e-02
2.349216799437999631e-02
2.133519520163536243e-02
2.068629096150398361e-02
2.014763726890086981e-02
2.127875503301620425e-02
2.068158144354820260e-02
2.048631642758846211e-02
2.060221615731716235e-02
1.959783281683921685e-02
1.928325614631175994e-02
1.956512980759143872e-02
1.944379587769508311e-02
2.003060331940650918e-02
1.875668302625417561e-02
1.994323659837245882e-02
1.944828932881355332e-02
1.945058622360229528e-02
1.990341162681579651e-02
1.871833593249321026e-02
1.870627868622541309e-02
1.898010016083717319e-02
1.810030423402786415e-02
1.839227003753185138e-02
1.771899227499961968e-02
1.908352352976799143e-02
1.899320175647735767e-02
1.972570957839488853e-02
1.823835476636886596e-02
1.832972785532474558e-02
1.848313457369804222e-02
1.902653355002403152e-02
1.823056276440620377e-02
1.768827059268951452e-02
1.882538872063159799e-02
1.826281281113624477e-02
1.825013808906078214e-02
1.813437319397926198e-02
1.684790095984935870e-02
1.746074712276458885e-02
1.777379664480686211e-02
1.800524640083312963e-02
1.754172203540801944e-02
1.718042087256908476e-02
1.632028107047080873e-02
1.647735417485237178e-02
1.703191570043563821e-02
1.663909994363784936e-02
1.804940867125988044e-02
1.724877505898475549e-02
1.740496999621391275e-02
1.658623605668544873e-02
1.664288731813430913e-02
1.666372551620006609e-02
1.739811738133430555e-02
1.783213138282298965e-02
1.743514611423015517e-02
1.682275305986404360e-02
1.605346505641937205e-02
1.715983984768390536e-02
1.629504757225513564e-02
1.548318319320678670e-02
1.629384098351001689e-02
1.741910803169012187e-02
