2.029563579177856347e+00
2.189875912094116028e+00
2.033639359283447412e+00
1.872250672531127869e+00
1.726596116447448814e+00
1.710323245429992589e+00
1.668661987876892017e+00
1.488348963737487818e+00
1.455412745475769043e+00
1.321801759719848590e+00
1.224931094551086508e+00
1.308230065155029376e+00
1.231503433990478458e+00
1.214152317047119123e+00
1.189351352691650376e+00
1.147777659416198803e+00
1.092406258773803707e+00
1.134996872520446676e+00
1.163704892349243236e+00
1.039459853363037034e+00
9.946115627288818484e-01
8.921432517051697264e-01
9.575426373481750186e-01
9.800587026596069284e-01
1.013735056686401403e+00
9.707187684059143118e-01
1.063855819511413614e+00
1.045483334159851063e+00
9.890390008926391863e-01
1.107259030342102157e+00
1.091436794471740690e+00
9.346245984077453661e-01
1.161431875610351661e+00
1.071234114646911539e+00
1.151218879508972170e+00
1.138346740341186436e+00
1.111604251289367573e+00
1.171500137710571376e+00
1.062694919013976946e+00
1.021870068550109867e+00
9.381902486801146912e-01
1.060204210662841762e+00
9.859863229751586466e-01
1.114295101165771573e+00
1.099702205848693826e+00
1.126467335891723653e+00
1.217417582893371542e+00
1.239960619926452567e+00
1.218418444633483810e+00
1.285549634933471630e+00
1.019422664642333887e+00
9.791247093200683427e-01
9.545906654357909638e-01
9.370635458946228180e-01
9.383774608612061030e-01
9.614674487113952228e-01
9.427156126022339100e-01
1.077195376968383744e+00
9.203018470764160464e-01
1.118698373603820739e+00
1.000520434284210225e+00
1.109139184570312464e+00
1.034064336395263739e+00
1.083526782417297385e+00
1.169937245368957601e+00
1.156495206832885758e+00
1.138037677955627380e+00
1.190168650245666537e+00
9.425663166046142072e-01
1.031294163608551084e+00
1.237107867431640695e+00
1.240983230781555147e+00
1.317084787750244068e+00
1.363994258499145573e+00
1.192869467926025440e+00
1.098599831008911121e+00
1.187290414237976099e+00
1.064659853935241651e+00
1.225859518051147568e+00
1.183704880905151358e+00
1.338434629631042538e+00
1.018991200447082468e+00
1.256369153594970811e+00
1.115275630760192982e+00
1.151760618782043499e+00
1.149168906402587842e+00
1.035649306869506736e+00
1.142466462898254376e+00
1.099159437561035180e+00
1.207944629287719618e+00
1.126125973129272539e+00
1.065363505554199230e+00
8.092668457031250151e-01
1.147531826591491777e+00
1.228326333808898996e+00
1.210620834922790490e+00
1.145754104995727607e+00
1.213035682106017976e+00
1.134073241996765180e+00
1.163171018028259285e+00
