2.293406545257568485e+00
1.050626335716247528e+00
9.667383116722106928e-01
9.309450117111206513e-01
8.660379620552063340e-01
8.639410138130187988e-01
8.624514408111572106e-01
9.178786263465881223e-01
8.964965193748474226e-01
8.179137644767761062e-01
8.176245281219481909e-01
7.964573014259338501e-01
7.326756895065307251e-01
8.611346749305724968e-01
8.047157151222229521e-01
8.552220157623291463e-01
7.455467856407165250e-01
8.749210836410522552e-01
8.227482109069824689e-01
7.778761553764342862e-01
8.115129197120666271e-01
8.145064939498901646e-01
7.524954611778259528e-01
8.231743510246276596e-01
7.847615168571472344e-01
8.375663346290588285e-01
7.858324265480041149e-01
8.830535470008850085e-01
7.539098685264586930e-01
8.197183277130126733e-01
7.836768133163451999e-01
8.426544569969177667e-01
8.875293135643005371e-01
8.006723696708679672e-01
8.439310373306274649e-01
9.202290018081664691e-01
8.258190937042236834e-01
8.656546955108642694e-01
8.020662605285644453e-01
8.253986042976378945e-01
8.487553780555725513e-01
7.709718142509460748e-01
8.138466673851013633e-01
8.019226807594299622e-01
8.451968985557556380e-01
8.336868479728698489e-01
8.451986404418945220e-01
8.838010810852050536e-01
9.025436212539672542e-01
7.855454222679137954e-01
9.304189464569091461e-01
9.234051379203795928e-01
9.673491682052611784e-01
1.209534729003906239e+00
8.891540761947631655e-01
8.741505235671996887e-01
8.589412977218627843e-01
8.459634832382202374e-01
8.467054396629333235e-01
8.630148939132690211e-01
9.212957139968872555e-01
9.687991921424865538e-01
9.663771914482116587e-01
9.218132556915282771e-01
8.816511882781982168e-01
9.188555420875549329e-01
9.153366905212402260e-01
8.984578716278076582e-01
9.321926382064819050e-01
9.412419787406921534e-01
8.983169418334960854e-01
9.026604687690734652e-01
9.550542106628417960e-01
9.418436325073241688e-01
9.883703572273254689e-01
9.918560109138488956e-01
9.925825861930847038e-01
9.761954303741454675e-01
9.567980280876159371e-01
9.618325137138367120e-01
9.770532422065735245e-01
9.634558420181273952e-01
9.697332948684692644e-01
9.644368529319763406e-01
9.825142228126525490e-01
9.920648336410522461e-01
9.677024921417236580e-01
1.017020139312744043e+00
9.379633979797363796e-01
1.027425925445556665e+00
1.045506084442138661e+00
1.017807847023010304e+00
1.008600446414947616e+00
1.133954380989074640e+00
9.750581971168518214e-01
1.092142831420898519e+00
1.066811118125915447e+00
9.054115797996521442e-01
9.644095319747925110e-01
9.503069772720337260e-01
