2.320484041595459068e+00
1.612720787239074749e+00
1.602126369857788113e+00
1.486255113220214863e+00
1.268239457511901813e+00
1.387331882286071849e+00
1.390677595710754444e+00
1.325730710029602077e+00
1.182406463432311927e+00
1.114407671356201224e+00
9.983589332580566911e-01
1.111784420013427699e+00
1.069138761138916038e+00
1.187457486534118756e+00
1.057404780769348074e+00
1.071842259216308602e+00
1.040730215644836365e+00
1.176226237106323236e+00
1.019646146011352617e+00
1.059543252754211462e+00
1.180474164199829090e+00
1.047480621337890661e+00
1.179819966125488229e+00
9.856191425323486133e-01
1.025486460876464889e+00
1.049601273918151945e+00
9.738906593322753658e-01
8.633774677276611076e-01
9.384854053497314608e-01
9.255645815849303792e-01
1.157688485336303641e+00
1.062033992767333901e+00
1.013501028060913134e+00
1.177339342498779251e+00
1.073306377220153873e+00
8.754020020484923892e-01
9.763524946212768230e-01
1.035635915756225600e+00
9.383435716629028311e-01
1.009201882743835377e+00
1.267794980239868252e+00
1.106639938545227020e+00
9.007987709045409686e-01
9.741789299011230918e-01
1.004049045944213958e+00
1.233471524810791031e+00
1.035664064025878961e+00
1.034800582885742282e+00
1.017799618911743087e+00
1.029399332237243669e+00
1.013050468063354526e+00
1.097604415893554730e+00
1.116060961151122966e+00
9.691060434341430829e-01
9.253193929672240969e-01
9.837937524795532518e-01
9.999595117568970126e-01
9.982257350921630579e-01
1.236191757392883339e+00
1.106473520088195883e+00
1.013519108581542927e+00
9.394840105056763147e-01
1.059831809806823788e+00
1.274831661796569815e+00
1.287775442886352595e+00
1.382283657646179220e+00
1.047353678894042961e+00
1.185448482704162698e+00
1.127365740966796981e+00
9.885748414993286159e-01
1.413029134750366289e+00
1.267462253189086896e+00
1.063593737411498985e+00
1.254933082962036206e+00
1.085172855567932082e+00
1.090520433425903324e+00
1.003147845458984389e+00
1.064165805435180578e+00
1.225768470573425306e+00
1.341045357513427794e+00
1.403947203636169538e+00
1.032165539741516147e+00
1.173537941741943369e+00
9.402209217071533232e-01
1.280147937965393057e+00
9.684873641014098977e-01
1.254320400619506781e+00
1.186742264556884807e+00
1.144647773742675678e+00
1.210409236335754368e+00
9.100633133888245130e-01
9.354971776962279773e-01
9.585496774673462062e-01
9.443808219909668455e-01
1.062778623962402413e+00
1.120594866943359413e+00
1.035972141456604101e+00
1.107601783561706466e+00
1.154845640563964881e+00
1.152789152526855432e+00
