2.337488258361816396e+00
1.239533199119567941e+00
9.716774272918701216e-01
7.310143350601195911e-01
6.613332527160644680e-01
6.026739122390747383e-01
5.772865425109863224e-01
6.361392874717712864e-01
6.396851486206054371e-01
6.444208568572997731e-01
6.392598209381104013e-01
6.389463554382324162e-01
6.684262259483337854e-01
6.949145259857177903e-01
6.583338449478149945e-01
6.523964373588562182e-01
6.927040363311767202e-01
8.551752302169799425e-01
7.340188040733337527e-01
6.285367016792297035e-01
7.248152168273925833e-01
6.854725955009460803e-01
6.487646773338318074e-01
6.520041956901549973e-01
7.515849861145019739e-01
7.198723757743835661e-01
7.460782173156738084e-01
7.321549678802490302e-01
6.408381730079650840e-01
7.331411334037780669e-01
8.269622675895691444e-01
6.344701609611511639e-01
7.074893854141235394e-01
6.947962949752807260e-01
7.413609451293945440e-01
8.042737071037292518e-01
7.481449749946593730e-01
7.467977416038513727e-01
7.759975328445434251e-01
7.221780529975890817e-01
8.064182900428772394e-01
7.472284528732300313e-01
7.689576773643493901e-01
8.099649574279784714e-01
8.382538832664490069e-01
7.951317873001099157e-01
7.742456724166869586e-01
7.632226910591125568e-01
7.684656806945801000e-01
7.305835330009460282e-01
7.696999069213866784e-01
7.969657775878906669e-01
7.905631290435790604e-01
7.941595211982727109e-01
8.103140804290771548e-01
8.010750041961669510e-01
8.184326948165893123e-01
8.140680434226990059e-01
7.876779290199279471e-01
8.336732278823852926e-01
8.407399301528930557e-01
8.253060157775878869e-01
8.166813051223754671e-01
8.137838057518005375e-01
8.453255805015563729e-01
8.219048759460448883e-01
7.592176567077636440e-01
8.651698342323302926e-01
8.825233513832092536e-01
9.018884077072143457e-01
8.611228459358215570e-01
8.459299620628356609e-01
8.060475839614867910e-01
1.043560856437683038e+00
8.829176684379577145e-01
7.798026971817016983e-01
7.363879201889037551e-01
7.433448311805724851e-01
7.453689677238464206e-01
7.941750896453857456e-01
7.688694924354553262e-01
6.966639475822449246e-01
7.340691898345946820e-01
7.478641953468322390e-01
7.713504270553588338e-01
7.542658438682555699e-01
7.569405107498169416e-01
7.526187383651733454e-01
7.556322132110595557e-01
7.522882559776306044e-01
7.450121803283691335e-01
7.596295294761657990e-01
8.064762063026428285e-01
1.007495664787292577e+00
7.806788553237915540e-01
9.159268303871155315e-01
7.808707104682922617e-01
8.321799554824829137e-01
8.899432356834411362e-01
8.640180374145507436e-01
