2.300893955993652540e+00
7.189781238555907894e-01
2.324300232172012426e-01
1.593300144433975329e-01
1.133243201851844850e-01
9.459464565515518508e-02
7.470031673908233971e-02
6.065088310837745550e-02
5.548901787400245533e-02
4.733075140714645274e-02
4.475174681544304145e-02
3.942581838965415753e-02
3.781751019954681520e-02
3.507146983146667424e-02
3.103171466588974109e-02
3.180243939757346899e-02
2.823324244022369298e-02
2.812101230621337836e-02
2.745570178925990992e-02
2.842035421133041334e-02
2.547609612643718727e-02
2.382798440754413730e-02
2.192751338779926409e-02
2.111576159596443084e-02
2.360930886268615761e-02
2.290580426454543947e-02
2.109800422787666205e-02
1.983223862946033311e-02
2.092271814644336772e-02
2.036818425655365083e-02
2.073340360224246864e-02
2.197322814464569216e-02
2.110341097116470374e-02
1.899927352368831548e-02
1.976542876958847089e-02
1.955229671001434272e-02
1.851828944087028500e-02
1.973867556750774285e-02
1.950874758362770162e-02
1.902051895558834124e-02
1.812490938305854823e-02
1.926030547320842570e-02
1.868888115882873582e-02
1.771670414805412430e-02
1.831544241011142868e-02
1.946581951379776007e-02
1.761145399808883641e-02
1.699194014072418282e-02
1.815061210095882463e-02
1.747093314528465335e-02
1.760472268462181036e-02
1.764486957490444055e-02
1.814037732779979692e-02
1.861423406004905634e-02
1.676746606528758954e-02
1.760206166207790510e-02
1.874140527546405699e-02
1.849442482888698572e-02
1.873514563441276704e-02
1.821406067013740457e-02
1.806661537885665900e-02
1.855203973054886032e-02
1.769270368218421943e-02
1.706483095586299945e-02
1.813889212608337312e-02
1.604735590219497771e-02
1.784188398420810673e-02
1.736516069173812959e-02
1.742020998597144932e-02
1.758413687050342650e-02
1.763280458748340759e-02
1.746106202900409715e-02
1.820735723972320697e-02
1.838362039625644762e-02
1.728594798743724945e-02
1.819959054589271458e-02
1.746530750691890552e-02
1.755274896025657561e-02
1.734059163928031860e-02
1.720129054784774736e-02
1.733048815131187428e-02
1.729431736171245515e-02
1.797554301321506454e-02
1.590093437284231109e-02
1.820680811107158736e-02
1.809157590270042346e-02
1.832789461910724546e-02
1.917782552838325633e-02
1.896209626495838282e-02
1.935298779308795847e-02
1.691973702013492564e-02
1.768426633179187926e-02
1.952841182053089222e-02
1.952431057393550981e-02
1.790448514223098864e-02
1.849176617860794070e-02
1.775436131954193086e-02
1.740416359007358402e-02
1.756133884340524767e-02
1.813445850312709814e-02
