2.296688470840454244e+00
1.191491684532165474e+00
9.814542160034179785e-01
9.023050339698791555e-01
8.090778366088867690e-01
6.900926931381226037e-01
6.637154188156128010e-01
6.763644731521606390e-01
5.766227914810180266e-01
5.212863414764404846e-01
3.965606133460998772e-01
3.360876878261566114e-01
3.497528296947479132e-01
3.830797874927520663e-01
3.116267951488495003e-01
3.507953334808349699e-01
3.002263382434844918e-01
2.403889127254486002e-01
3.413410015583038248e-01
3.110681298732757560e-01
2.671034332275390444e-01
3.291589915275573985e-01
2.785384299755096493e-01
2.419296637058258037e-01
2.976537495613097994e-01
2.793680163860320920e-01
4.307566113471985036e-01
3.128157843112945313e-01
3.203772210121154651e-01
3.154386102199554509e-01
3.347357390880584815e-01
3.529807137489318625e-01
3.102890471935272343e-01
3.286409539222717169e-01
6.350328369140625373e-01
3.238741585731506611e-01
2.687804588317870835e-01
3.001139702796936093e-01
2.420379558086395155e-01
3.411635017395019398e-01
2.891227188587188746e-01
3.016088990211486798e-01
2.869152164459228271e-01
2.673658713817596566e-01
2.900842607498169134e-01
2.947787875175476024e-01
3.037182829856872601e-01
3.531261908054351695e-01
2.383723147153854471e-01
2.703130805969238271e-01
3.087371165275573648e-01
3.322715440750121929e-01
3.841075530529022286e-01
5.136741086483002094e-01
3.082049228191375834e-01
3.156049172878265252e-01
2.621298340797424409e-01
2.696874600410461564e-01
2.712760174751281950e-01
2.229746034622192286e-01
2.640909818172454959e-01
3.491239266872406266e-01
3.187854740142821997e-01
2.926621058464050074e-01
3.232849654674530004e-01
2.921113975048065248e-01
3.204199957847595481e-01
3.035397132873535186e-01
3.498891963481903233e-01
3.026527246952057104e-01
2.946966033935546903e-01
2.921177774906158486e-01
3.036007557868957707e-01
2.624516556262970202e-01
2.651216773033142071e-01
2.712206741809845001e-01
2.619170772075652964e-01
2.555892067909240617e-01
2.529823751449584712e-01
2.829966402530670333e-01
2.987050275802612398e-01
2.743603660583496251e-01
3.023050754070282231e-01
3.531029074668884382e-01
3.348962172508239687e-01
3.055882146358490092e-01
2.821602407455444106e-01
2.697075521945953569e-01
2.774020910263061412e-01
2.538372622489929453e-01
3.282704886436462188e-01
3.521754810810089342e-01
3.014094688415527301e-01
3.059845893859863275e-01
2.945881917953491191e-01
3.028963200569153025e-01
2.848392014026641661e-01
3.081298510074615415e-01
2.654143618583679198e-01
2.320081681013107244e-01
