2.300893931579589768e+00
7.189781299591064823e-01
2.324300159454345815e-01
1.593300122022628662e-01
1.133243200063705491e-01
9.459464641809463281e-02
7.470031427145004677e-02
6.065088656544685708e-02
5.548901699781418062e-02
4.733075208067893946e-02
4.475174823999404639e-02
3.942581677436828719e-02
3.781751049160957112e-02
3.507146887779236111e-02
3.103171390295028642e-02
3.180244050920009308e-02
2.823324142396450159e-02
2.812101238965988154e-02
2.745570236742496395e-02
2.842035467624664385e-02
2.547609800696373078e-02
2.382798096239566871e-02
2.192751372158527334e-02
2.111576003432273987e-02
2.360930833816528296e-02
2.290580364465713559e-02
2.109800394177436741e-02
1.983223800659179858e-02
2.092271891832351779e-02
2.036818560361862082e-02
2.073340362310409704e-02
2.197322894930839668e-02
2.110341090857982549e-02
1.899927636086940624e-02
1.976542926430702174e-02
1.955229396224021990e-02
1.851828924715518895e-02
1.973867591321468509e-02
1.950875203311443207e-02
1.902052164375781992e-02
1.812490795850753636e-02
1.926030595004558574e-02
1.868887817859649775e-02
1.771670654416084359e-02
1.831544448733329888e-02
1.946582008004188458e-02
1.761145288944244297e-02
1.699194240272045020e-02
1.815061053335666544e-02
1.747092922627925884e-02
1.760472304522991277e-02
1.764487019181251379e-02
1.814037774503230935e-02
1.861423422694206270e-02
1.676746887862682472e-02
1.760206134021282190e-02
1.874140527248382634e-02
1.849442397654056658e-02
1.873514233231544576e-02
1.821405966579913924e-02
1.806661689281463534e-02
1.855203596055507789e-02
1.769270332455635114e-02
1.706482761204242832e-02
1.813888986110687163e-02
1.604735498726368031e-02
1.784188542068004465e-02
1.736516209542751307e-02
1.742020980715751691e-02
1.758413504958152712e-02
1.763280478715896493e-02
1.746106237769127004e-02
1.820735775530338274e-02
1.838361760675907147e-02
1.728594882488250842e-02
1.819958803951740242e-02
1.746530569195747437e-02
1.755274990200996268e-02
1.734058952331542919e-02
1.720129261612892216e-02
1.733048833608627493e-02
1.729431962370872600e-02
1.797554411292076257e-02
1.590093464702367621e-02
1.820681293010711563e-02
1.809157112538814505e-02
1.832789334952831389e-02
1.917782415747642383e-02
1.896209652423858777e-02
1.935298679769039201e-02
1.691973589658737204e-02
1.768426919281482559e-02
1.952841635346412585e-02
1.952431354820728313e-02
1.790448433458805000e-02
1.849177028238773238e-02
1.775435824096202944e-02
1.740416198670863973e-02
1.756133625060319822e-02
1.813445452749729014e-02
