1.135000000000000037e-01
5.744000000000000217e-01
6.608000000000000540e-01
7.298000000000000043e-01
7.977999999999999536e-01
8.278999999999999693e-01
8.213000000000000300e-01
8.438999999999999835e-01
8.414000000000000368e-01
8.497999999999999998e-01
8.389999999999999680e-01
8.582999999999999519e-01
8.579999999999999849e-01
8.570999999999999730e-01
8.387999999999999901e-01
8.440999999999999615e-01
8.639000000000000012e-01
8.610999999999999766e-01
8.521999999999999575e-01
8.662999999999999590e-01
8.641999999999999682e-01
8.604000000000000536e-01
8.624000000000000554e-01
8.659999999999999920e-01
8.665000000000000480e-01
8.662999999999999590e-01
8.589999999999999858e-01
8.629000000000000004e-01
8.447999999999999954e-01
8.588999999999999968e-01
8.437000000000000055e-01
8.608000000000000096e-01
8.521999999999999575e-01
8.639999999999999902e-01
8.624000000000000554e-01
8.610999999999999766e-01
8.679999999999999938e-01
8.628000000000000114e-01
8.608999999999999986e-01
8.651999999999999691e-01
8.715000000000000524e-01
8.682999999999999607e-01
8.713999999999999524e-01
8.712999999999999634e-01
8.705000000000000515e-01
8.716000000000000414e-01
8.657000000000000250e-01
8.751999999999999780e-01
8.710999999999999854e-01
8.678000000000000158e-01
8.709000000000000075e-01
8.496000000000000218e-01
8.538999999999999924e-01
8.475000000000000311e-01
8.457000000000000073e-01
8.423000000000000487e-01
8.534000000000000474e-01
8.427999999999999936e-01
8.526000000000000245e-01
8.691999999999999726e-01
8.666000000000000369e-01
8.651999999999999691e-01
8.614000000000000545e-01
8.675000000000000488e-01
8.648000000000000131e-01
8.670999999999999819e-01
8.650999999999999801e-01
8.675000000000000488e-01
8.679000000000000048e-01
8.614000000000000545e-01
8.657000000000000250e-01
8.497999999999999998e-01
8.649999999999999911e-01
8.649000000000000021e-01
8.628000000000000114e-01
8.578000000000000069e-01
8.699999999999999956e-01
8.650999999999999801e-01
8.645000000000000462e-01
8.647000000000000242e-01
8.648000000000000131e-01
8.662999999999999590e-01
8.500999999999999668e-01
8.629999999999999893e-01
8.618000000000000105e-01
8.640999999999999792e-01
8.660999999999999810e-01
8.609999999999999876e-01
8.564000000000000501e-01
8.515000000000000346e-01
8.677000000000000268e-01
8.599999999999999867e-01
8.655000000000000471e-01
8.661999999999999700e-01
8.675000000000000488e-01
8.672999999999999599e-01
8.683999999999999497e-01
8.604000000000000536e-01
8.605000000000000426e-01
8.624000000000000554e-01
