2.300893931579589768e+00
7.189781116485596257e-01
2.324300251007080098e-01
1.593300034046173097e-01
1.133243230581283539e-01
9.459464161396026471e-02
7.470031826496124905e-02
6.065088081955909843e-02
5.548901603221893103e-02
4.733074846863746798e-02
4.475174976587295572e-02
3.942581858038902293e-02
3.781751183867454458e-02
3.507146887779236111e-02
3.103171141743659919e-02
3.180244235396385150e-02
2.823324176073074496e-02
2.812101130187511303e-02
2.745570121705532066e-02
2.842035515904426518e-02
2.547609513401985146e-02
2.382798531055450517e-02
2.192751367986202349e-02
2.111576036810874912e-02
2.360930970907211199e-02
2.290580499172210557e-02
2.109800451993942144e-02
1.983223867714405120e-02
2.092271738350391305e-02
2.036818420588970210e-02
2.073340383768081802e-02
2.197322942316532260e-02
2.110341099798679343e-02
1.899927394986152679e-02
1.976542865633964391e-02
1.955229417681694087e-02
1.851829045414924574e-02
1.973867759108543368e-02
1.950875012576579887e-02
1.902051848769188008e-02
1.812490883469581454e-02
1.926030597984790954e-02
1.868887927532196166e-02
1.771670470833778405e-02
1.831544492840767036e-02
1.946581918597221211e-02
1.761145386099815385e-02
1.699194152355194137e-02
1.815061447918414964e-02
1.747093190848827277e-02
1.760472315847873628e-02
1.764487061500549445e-02
1.814037629663944190e-02
1.861423242390155761e-02
1.676746662855148340e-02
1.760206218063831499e-02
1.874140495955944202e-02
1.849442705512046800e-02
1.873514303863048694e-02
1.821406212449073678e-02
1.806661761403083669e-02
1.855204011201858419e-02
1.769270415306091471e-02
1.706482951641082740e-02
1.813889079689979394e-02
1.604735823571681874e-02
1.784188182055950270e-02
1.736516106128692741e-02
1.742021251916885463e-02
1.758413766026496738e-02
1.763280610442161458e-02
1.746106154620647583e-02
1.820735943913459609e-02
1.838361909389495813e-02
1.728594896197319097e-02
1.819958928823470906e-02
1.746530544459819895e-02
1.755274732112884623e-02
1.734058812260627636e-02
1.720129348635673558e-02
1.733048621714115139e-02
1.729431740641593912e-02
1.797554619610309753e-02
1.590093625187873755e-02
1.820681116282939910e-02
1.809157764911651506e-02
1.832789217233657744e-02
1.917782201468944472e-02
1.896209803521633000e-02
1.935298285186290781e-02
1.691973594725132077e-02
1.768426823914050899e-02
1.952841209471225734e-02
1.952431158423423643e-02
1.790448241233825663e-02
1.849176391363143920e-02
1.775436232984066096e-02
1.740416142195463228e-02
1.756133528798818622e-02
1.813445658981800018e-02
