1.318000000000000005e-01
5.244999999999999662e-01
5.634000000000000119e-01
5.696999999999999842e-01
5.816999999999999948e-01
5.946000000000000174e-01
6.351999999999999869e-01
6.330000000000000071e-01
6.814000000000000057e-01
6.788999999999999480e-01
6.989999999999999547e-01
6.892000000000000348e-01
7.416000000000000369e-01
7.433999999999999497e-01
7.524999999999999467e-01
7.399999999999999911e-01
7.550000000000000044e-01
7.588000000000000300e-01
7.245000000000000329e-01
7.347000000000000197e-01
7.531999999999999806e-01
7.468000000000000194e-01
7.590999999999999970e-01
7.341999999999999638e-01
7.489000000000000101e-01
7.497000000000000330e-01
7.662999999999999812e-01
7.532999999999999696e-01
7.542999999999999705e-01
7.462999999999999634e-01
7.560999999999999943e-01
7.637000000000000455e-01
7.644999999999999574e-01
7.509000000000000119e-01
7.671999999999999931e-01
7.654999999999999583e-01
7.578000000000000291e-01
7.608000000000000318e-01
7.421999999999999709e-01
7.592999999999999750e-01
7.530000000000000027e-01
7.262999999999999456e-01
7.613999999999999657e-01
7.518000000000000238e-01
7.612999999999999767e-01
7.631000000000000005e-01
7.577000000000000401e-01
7.584999999999999520e-01
7.613999999999999657e-01
7.619000000000000217e-01
7.641999999999999904e-01
7.643999999999999684e-01
7.624999999999999556e-01
7.642999999999999794e-01
7.631000000000000005e-01
7.623999999999999666e-01
7.642999999999999794e-01
7.639000000000000234e-01
7.640000000000000124e-01
7.633999999999999675e-01
7.631000000000000005e-01
7.601999999999999869e-01
7.627000000000000446e-01
7.648000000000000353e-01
7.633999999999999675e-01
7.641000000000000014e-01
7.641999999999999904e-01
7.629000000000000226e-01
7.645999999999999464e-01
7.635999999999999455e-01
7.633999999999999675e-01
7.632999999999999785e-01
7.590999999999999970e-01
7.627000000000000446e-01
7.627000000000000446e-01
7.639000000000000234e-01
7.634999999999999565e-01
7.641000000000000014e-01
7.641999999999999904e-01
7.635999999999999455e-01
7.637000000000000455e-01
7.641000000000000014e-01
7.629000000000000226e-01
7.643999999999999684e-01
7.644999999999999574e-01
7.649000000000000243e-01
7.645999999999999464e-01
7.651000000000000023e-01
7.700000000000000178e-01
7.688000000000000389e-01
7.694999999999999618e-01
7.687000000000000499e-01
7.692999999999999838e-01
7.681999999999999940e-01
7.663999999999999702e-01
7.556000000000000494e-01
7.560999999999999943e-01
7.572999999999999732e-01
7.610999999999999988e-01
7.613999999999999657e-01
