2.354646910858154474e+00
1.538167984580993686e+00
1.508476270294189403e+00
1.438837638664245633e+00
1.327638613319396921e+00
1.301646362304687443e+00
1.400354439735412626e+00
1.402729729080200105e+00
1.377005367469787522e+00
1.381753807258605971e+00
1.513353002738952569e+00
1.634199251365661576e+00
1.546087195014953508e+00
1.573524910926818787e+00
1.599277297019958466e+00
1.740435563659668006e+00
1.951219753456115757e+00
1.698703725624084448e+00
1.741534789085388280e+00
1.760325228881835846e+00
1.456440354919433577e+00
1.801091053962707411e+00
1.739841247177124073e+00
1.758972399520873919e+00
1.730812719535827604e+00
1.568452902984619035e+00
1.813890132141113387e+00
1.644476877212524446e+00
1.912793667411804233e+00
1.751795420646667489e+00
1.774516869926452634e+00
1.817975351905822823e+00
1.736410251235961821e+00
1.604264542961120643e+00
1.609765389060974217e+00
1.749889331245422452e+00
1.732353946113586396e+00
1.661105308532714764e+00
1.766944230079650957e+00
1.827586232566833502e+00
1.742979482269287006e+00
1.867796702003478915e+00
1.831578085899353114e+00
1.756248134994506938e+00
1.665879687499999928e+00
1.738638594627380352e+00
1.690810925102233853e+00
1.816806567764282176e+00
1.808195224380493071e+00
1.749190555572509798e+00
1.763593276214599603e+00
1.744391430854797420e+00
1.779839034843444745e+00
1.861036080169677698e+00
1.924460853767395063e+00
1.894066806221008203e+00
1.927317691993713389e+00
1.949688072967529218e+00
1.797934855461120529e+00
1.730047444152831959e+00
1.679315048599243188e+00
1.794223831939697256e+00
1.958871711921691849e+00
2.156108414268493867e+00
2.134816751670837398e+00
1.907061487197875937e+00
1.822793338012695274e+00
1.779931308937072743e+00
1.850791233634948796e+00
1.792981912612914952e+00
1.888048385810852103e+00
1.865938997459411608e+00
1.860305676460266122e+00
1.836441042137145985e+00
1.890397680091857824e+00
1.842741227149963468e+00
1.718958394432067882e+00
2.793399981689453249e+00
1.584933317184448187e+00
1.991995556831359870e+00
1.835641312026977445e+00
1.666256429100036573e+00
2.021413656425476102e+00
1.708505332756042439e+00
1.641764368247985884e+00
1.849444678115844676e+00
1.898296422386169358e+00
1.807568051910400486e+00
1.940468398666381766e+00
1.904041994667053261e+00
1.890394204902648978e+00
1.978792457962036178e+00
2.049152510833740060e+00
2.014194998741150044e+00
1.956316048431396393e+00
1.897799229621887296e+00
1.987555454635620222e+00
2.051150124549865783e+00
2.102226804542541405e+00
1.950970115280151296e+00
