2.300893955993652540e+00
7.189781177520752076e-01
2.324300090312957645e-01
1.593299934864044198e-01
1.133243201851844850e-01
9.459464641809463281e-02
7.470032172203064369e-02
6.065088149309158516e-02
5.548901594281196309e-02
4.733075276613235571e-02
4.475174891352653311e-02
3.942581973671913098e-02
3.781750742793082987e-02
3.507146830558777184e-02
3.103171227574348309e-02
3.180243763029575593e-02
2.823324176073074496e-02
2.812101217210292645e-02
2.745570197403431056e-02
2.842035077810287427e-02
2.547609809637069872e-02
2.382798343598842641e-02
2.192751229107380018e-02
2.111575902104377914e-02
2.360931291878223467e-02
2.290580558776855388e-02
2.109800374507904072e-02
1.983224058449268440e-02
2.092271944582462309e-02
2.036818651556968757e-02
2.073340415656566710e-02
2.197323195338249380e-02
2.110341112613678058e-02
1.899927529096603548e-02
1.976542968749999893e-02
1.955229566693305818e-02
1.851828715801238923e-02
1.973867896199226271e-02
1.950875099301338164e-02
1.902052059769630474e-02
1.812490950822830127e-02
1.926030730605125460e-02
1.868888035118579719e-02
1.771670549511909429e-02
1.831544777154922587e-02
1.946582022309303189e-02
1.761145059168338703e-02
1.699194188714027443e-02
1.815061024725437080e-02
1.747093123197555539e-02
1.760472123026847815e-02
1.764487091898917989e-02
1.814037375450134118e-02
1.861423330903053119e-02
1.676746516823768643e-02
1.760205967724323348e-02
1.874140665829181554e-02
1.849442541599273515e-02
1.873514593839645248e-02
1.821406286358833240e-02
1.806661806106567292e-02
1.855203987658023829e-02
1.769270154833793574e-02
1.706482902467250720e-02
1.813889090418815617e-02
1.604735810756683506e-02
1.784188240170478737e-02
1.736516298949718554e-02
1.742021394968032780e-02
1.758413664996624076e-02
1.763280616402625872e-02
1.746106185317039539e-02
1.820735920071601954e-02
1.838361561298370445e-02
1.728595066666602925e-02
1.819959166944026818e-02
1.746530801355838936e-02
1.755274838507175569e-02
1.734059076607227454e-02
1.720129559934139088e-02
1.733048866689205006e-02
1.729431865215301511e-02
1.797554333806037838e-02
1.590093540996313087e-02
1.820680828094482437e-02
1.809157043695449815e-02
1.832789299488067625e-02
1.917782587409019510e-02
1.896209802329540395e-02
1.935298980176448913e-02
1.691973898112773822e-02
1.768426318466663483e-02
1.952841168045997555e-02
1.952431102693080733e-02
1.790448008477687689e-02
1.849176753759384020e-02
1.775435698032378981e-02
1.740415884256362941e-02
1.756133614629507012e-02
1.813445870280265895e-02
