2.296724203109741236e+00
1.052854490280151323e+00
8.949332289695739462e-01
6.810972895622253720e-01
5.976846320152282566e-01
6.137225975990295845e-01
4.764991737842559916e-01
5.227463963031768746e-01
4.667014612674713070e-01
4.930454933166503739e-01
4.474061827659606694e-01
4.586781464576721312e-01
4.087073101043701140e-01
3.739373844146728354e-01
4.709022388935089065e-01
4.149117127895355361e-01
4.092116167545318817e-01
4.000231329917907641e-01
4.200424614906311249e-01
6.309625682830810600e-01
4.372871068477630629e-01
4.583513759613037086e-01
5.045266878128051857e-01
4.369898688316345425e-01
3.929128776073455565e-01
4.437933664798736633e-01
4.734050162315368571e-01
4.544395364761352751e-01
5.179406256675720410e-01
4.940056389808654691e-01
5.476117146492004428e-01
4.162100866317748893e-01
4.013828929424285707e-01
6.395025757789611909e-01
5.322712752342224629e-01
3.133969705581665099e-01
4.628915047645568714e-01
4.634100071907043539e-01
5.045204873561859316e-01
4.915101143360137703e-01
4.105561491012573172e-01
4.251755639076232884e-01
4.591267673492431811e-01
3.504125069618225230e-01
3.422583992958068699e-01
3.801111309051513620e-01
4.126168056011200180e-01
3.826944822788238554e-01
3.961993430137634165e-01
3.906870002746581916e-01
4.658459413051605491e-01
4.778325898647308168e-01
5.043807658672332384e-01
4.092967346668243134e-01
3.558461696624755644e-01
3.728120681285858051e-01
5.258208425045013401e-01
4.942163976669311509e-01
4.854960823059081831e-01
4.815778007507324210e-01
4.639516049385070673e-01
4.675095997810364001e-01
4.726059385299682392e-01
4.058974002838134920e-01
3.795092565536499207e-01
3.627797372341156068e-01
4.279025369167328008e-01
4.206484960556030051e-01
4.053467645645141837e-01
4.102411899089813407e-01
4.935958013534545996e-01
3.817270682811736981e-01
4.766274808406829600e-01
4.918802947044372820e-01
4.390060309410095396e-01
4.444921377658844208e-01
3.978956845760345251e-01
4.128520925045013334e-01
4.083173760414123277e-01
4.084240531921386475e-01
3.854325814247131499e-01
8.628816411018371824e-01
4.894965910911560081e-01
5.758186605930328827e-01
6.302307660102843823e-01
4.062440831661224272e-01
6.432209220886230261e-01
6.142744854927062459e-01
5.011278819561004738e-01
5.724961678028106515e-01
5.307920857906341938e-01
5.378347737789154204e-01
5.046572780609130948e-01
4.579269133090972943e-01
6.394933242797851136e-01
5.867300587654113997e-01
6.168886298179626637e-01
4.881660911083221532e-01
6.986185667037964064e-01
4.780673908233642466e-01
