1.135000000000000037e-01
6.777999999999999581e-01
7.208999999999999853e-01
8.107999999999999652e-01
8.336999999999999966e-01
8.440999999999999615e-01
8.521999999999999575e-01
8.529999999999999805e-01
8.548999999999999932e-01
8.631999999999999673e-01
8.689999999999999947e-01
8.698000000000000176e-01
8.892999999999999794e-01
8.919000000000000261e-01
8.852999999999999758e-01
8.950000000000000178e-01
8.990000000000000213e-01
9.014999999999999680e-01
8.847000000000000419e-01
8.692999999999999616e-01
8.951000000000000068e-01
8.904999999999999583e-01
8.672999999999999599e-01
8.842999999999999750e-01
9.004999999999999671e-01
8.990000000000000213e-01
8.949000000000000288e-01
8.962999999999999856e-01
8.867000000000000437e-01
8.854999999999999538e-01
8.863999999999999657e-01
8.985999999999999543e-01
9.035999999999999588e-01
8.681999999999999718e-01
8.766000000000000458e-01
9.099000000000000421e-01
8.843999999999999639e-01
8.873999999999999666e-01
8.820999999999999952e-01
8.871999999999999886e-01
8.975999999999999535e-01
8.934999999999999609e-01
8.974999999999999645e-01
9.122999999999999998e-01
9.113999999999999879e-01
9.096999999999999531e-01
9.052999999999999936e-01
9.094999999999999751e-01
9.105999999999999650e-01
9.101000000000000201e-01
8.977000000000000535e-01
8.894999999999999574e-01
8.949000000000000288e-01
9.043999999999999817e-01
9.112999999999999989e-01
9.102000000000000091e-01
8.944999999999999618e-01
8.983999999999999764e-01
9.006999999999999451e-01
8.995999999999999552e-01
9.022999999999999909e-01
9.005999999999999561e-01
9.011000000000000121e-01
9.102999999999999980e-01
9.149000000000000465e-01
9.189000000000000501e-01
9.112000000000000099e-01
9.116999999999999549e-01
9.135999999999999677e-01
9.121000000000000218e-01
8.949000000000000288e-01
9.154999999999999805e-01
9.094999999999999751e-01
9.040000000000000258e-01
9.125999999999999668e-01
9.119000000000000439e-01
9.184999999999999831e-01
9.121000000000000218e-01
9.152000000000000135e-01
9.147999999999999465e-01
9.159000000000000474e-01
8.562999999999999501e-01
8.816000000000000503e-01
8.784999999999999476e-01
8.759000000000000119e-01
9.026999999999999469e-01
8.804999999999999494e-01
8.820000000000000062e-01
8.962999999999999856e-01
8.941999999999999948e-01
8.912999999999999812e-01
8.948000000000000398e-01
8.940000000000000169e-01
8.965999999999999526e-01
8.875999999999999446e-01
8.935999999999999499e-01
8.917000000000000481e-01
8.975999999999999535e-01
8.854999999999999538e-01
9.073999999999999844e-01
