2.300893931579589768e+00
7.189781360626220641e-01
2.324300174713134770e-01
1.593300037622451815e-01
1.133243209481239328e-01
9.459464278221130229e-02
7.470031409263611089e-02
6.065088387131691017e-02
5.548901529312133540e-02
4.733075045347213961e-02
4.475175006985664117e-02
3.942582182288170006e-02
3.781750943660736053e-02
3.507146591544151037e-02
3.103171441853046567e-02
3.180243915021419704e-02
2.823324258625507441e-02
2.812101464569568762e-02
2.745570260286331332e-02
2.842035018801689072e-02
2.547609953284263665e-02
2.382798306643962860e-02
2.192751028537750363e-02
2.111576040089130357e-02
2.360931105613708544e-02
2.290580426752567358e-02
2.109800359308719800e-02
1.983223890662193234e-02
2.092271910607814908e-02
2.036818378865718968e-02
2.073340460360050333e-02
2.197322704195976348e-02
2.110341309010982380e-02
1.899927557408809600e-02
1.976543054878711694e-02
1.955229499340057492e-02
1.851828795969486310e-02
1.973867860734462854e-02
1.950875009298324442e-02
1.902051970362663227e-02
1.812490773200988933e-02
1.926030739545822254e-02
1.868888146579265538e-02
1.771670428514480686e-02
1.831544804573059099e-02
1.946581783294677737e-02
1.761145008504390666e-02
1.699193974435329532e-02
1.815061076581478069e-02
1.747093137502670271e-02
1.760472589135169894e-02
1.764487023353576711e-02
1.814037522077560291e-02
1.861423296630382654e-02
1.676746674478054103e-02
1.760206143558025460e-02
1.874140590727329386e-02
1.849442481696605620e-02
1.873514446914196011e-02
1.821406194269657025e-02
1.806661774814128860e-02
1.855203872919082564e-02
1.769270391464233469e-02
1.706482852697372571e-02
1.813889068663120108e-02
1.604735441207885693e-02
1.784188274145126485e-02
1.736516395807266230e-02
1.742021165490150597e-02
1.758413645327091060e-02
1.763280637860298317e-02
1.746106153428554630e-02
1.820735834240913564e-02
1.838361779451370276e-02
1.728595120608806754e-02
1.819959026873111882e-02
1.746530585289001597e-02
1.755274697244167334e-02
1.734059131145477411e-02
1.720129166245460556e-02
1.733048724234104165e-02
1.729431957304477727e-02
1.797554484605789343e-02
1.590093730539083455e-02
1.820681005418300566e-02
1.809157434105873249e-02
1.832789370119571742e-02
1.917782585322857017e-02
1.896209568679332880e-02
1.935298680365085677e-02
1.691973670423030721e-02
1.768426359891891314e-02
1.952840998768806333e-02
1.952430883944034426e-02
1.790447762012481805e-02
1.849176485836506040e-02
1.775435926914215035e-02
1.740416299402713918e-02
1.756133985370397430e-02
1.813445830941200210e-02
