2.300893955993652540e+00
7.189781360626220641e-01
2.324300144195556583e-01
1.593300068140030001e-01
1.133243176698684740e-01
9.459463856220245992e-02
7.470031635761260891e-02
6.065088310837745550e-02
5.548901547193527128e-02
4.733074589967727758e-02
4.475175005793571165e-02
3.942582011818885485e-02
3.781750867366790586e-02
3.507146677970886250e-02
3.103171494603157096e-02
3.180243892073631590e-02
2.823324086368083838e-02
2.812101149260997843e-02
2.745570174455642595e-02
2.842035259604453953e-02
2.547609765827655789e-02
2.382798297703266066e-02
2.192751114368438753e-02
2.111576102674007568e-02
2.360930737257003684e-02
2.290580503046512478e-02
2.109800387918949263e-02
1.983223971128463686e-02
2.092272001504898171e-02
2.036818201243877427e-02
2.073340399563312550e-02
2.197322781085967944e-02
2.110341195762157479e-02
1.899927335083484783e-02
1.976542879343032993e-02
1.955229434967040852e-02
1.851828885674476621e-02
1.973867558240890649e-02
1.950875155627727550e-02
1.902052052915096172e-02
1.812490794360637619e-02
1.926030790507793355e-02
1.868887902796268624e-02
1.771670407056808588e-02
1.831544679403305023e-02
1.946581737995147637e-02
1.761145180463790857e-02
1.699193849265575457e-02
1.815061342716216969e-02
1.747092973589896986e-02
1.760472203791141679e-02
1.764487320184707567e-02
1.814037572741508328e-02
1.861423455178737654e-02
1.676746500432491419e-02
1.760205890834331405e-02
1.874140507280826554e-02
1.849442447125911743e-02
1.873514401912689323e-02
1.821405977308750146e-02
1.806661686599254565e-02
1.855203925073146964e-02
1.769270507097244274e-02
1.706483162939548617e-02
1.813888866007327960e-02
1.604735733866691563e-02
1.784188457131385963e-02
1.736516377031803102e-02
1.742020992636680518e-02
1.758413665890693617e-02
1.763280578106641780e-02
1.746106048524379700e-02
1.820736331939697139e-02
1.838361817300319598e-02
1.728595189750194508e-02
1.819959034919738788e-02
1.746530700325965926e-02
1.755274960994720329e-02
1.734059310853481445e-02
1.720129504799843001e-02
1.733048340082168556e-02
1.729432120621204536e-02
1.797554391324520176e-02
1.590093549340963405e-02
1.820681138932704959e-02
1.809157280325889711e-02
1.832789192497730202e-02
1.917782480120659022e-02
1.896209716498851658e-02
1.935298861563205727e-02
1.691973901093006202e-02
1.768426588475704303e-02
1.952840932607650612e-02
1.952430602014064778e-02
1.790448001027107258e-02
1.849176400601863779e-02
1.775435920059681080e-02
1.740416157543659206e-02
1.756133701801300059e-02
1.813445871770381912e-02
