1.239999999999999991e-01
3.753000000000000225e-01
4.072999999999999954e-01
4.309999999999999942e-01
4.631000000000000116e-01
4.611999999999999988e-01
4.767000000000000126e-01
4.964999999999999969e-01
4.989999999999999991e-01
5.258000000000000451e-01
5.001999999999999780e-01
4.978000000000000203e-01
5.308000000000000496e-01
5.439000000000000501e-01
5.758999999999999675e-01
5.853000000000000425e-01
6.173999999999999488e-01
5.999999999999999778e-01
5.947000000000000064e-01
6.202999999999999625e-01
6.082999999999999519e-01
5.541000000000000369e-01
6.021999999999999575e-01
6.213999999999999524e-01
6.139000000000000012e-01
6.096000000000000307e-01
6.267000000000000348e-01
6.245000000000000551e-01
6.260000000000000009e-01
6.137000000000000233e-01
5.904000000000000359e-01
6.463999999999999746e-01
5.979999999999999760e-01
5.766000000000000014e-01
6.380000000000000115e-01
6.484999999999999654e-01
6.391999999999999904e-01
6.276000000000000467e-01
5.898999999999999799e-01
5.873000000000000442e-01
6.261999999999999789e-01
6.251999999999999780e-01
6.430000000000000160e-01
6.387000000000000455e-01
6.235000000000000542e-01
6.222999999999999643e-01
6.017000000000000126e-01
5.880999999999999561e-01
6.137000000000000233e-01
6.158000000000000140e-01
6.109999999999999876e-01
6.012999999999999456e-01
6.071999999999999620e-01
6.360000000000000098e-01
6.252999999999999670e-01
6.179999999999999938e-01
6.122999999999999554e-01
6.279000000000000137e-01
6.340999999999999970e-01
6.320000000000000062e-01
6.350000000000000089e-01
6.299000000000000155e-01
6.309000000000000163e-01
6.411999999999999922e-01
6.524999999999999689e-01
6.488000000000000433e-01
6.415999999999999481e-01
6.464999999999999636e-01
6.447000000000000508e-01
6.400000000000000133e-01
6.334999999999999520e-01
6.294999999999999485e-01
6.347000000000000419e-01
6.330999999999999961e-01
6.331999999999999851e-01
6.352999999999999758e-01
6.359000000000000208e-01
6.356000000000000538e-01
6.361999999999999877e-01
6.385999999999999455e-01
6.368000000000000327e-01
6.320999999999999952e-01
6.330000000000000071e-01
6.367000000000000437e-01
6.367000000000000437e-01
6.383999999999999675e-01
6.378000000000000336e-01
6.381999999999999895e-01
6.379000000000000226e-01
6.362999999999999767e-01
6.378000000000000336e-01
6.422999999999999821e-01
6.415999999999999481e-01
6.402999999999999803e-01
6.460000000000000187e-01
6.464999999999999636e-01
6.443999999999999728e-01
6.410000000000000142e-01
6.429000000000000270e-01
6.405999999999999472e-01
