1.028000000000000025e-01
5.828999999999999737e-01
6.357000000000000428e-01
6.701000000000000290e-01
6.885000000000000009e-01
6.912000000000000366e-01
6.907999999999999696e-01
6.973000000000000309e-01
6.757999999999999563e-01
6.519000000000000350e-01
6.802000000000000268e-01
6.892000000000000348e-01
6.901000000000000467e-01
6.939999999999999503e-01
6.875999999999999890e-01
6.949999999999999512e-01
6.928999999999999604e-01
6.922000000000000375e-01
6.895999999999999908e-01
6.951000000000000512e-01
6.931000000000000494e-01
6.740000000000000435e-01
6.961000000000000520e-01
6.931000000000000494e-01
6.935000000000000053e-01
6.975000000000000089e-01
7.007999999999999785e-01
6.955999999999999961e-01
6.986999999999999877e-01
6.952000000000000401e-01
6.733000000000000096e-01
6.938999999999999613e-01
6.955000000000000071e-01
6.949999999999999512e-01
6.876999999999999780e-01
6.864999999999999991e-01
6.822000000000000286e-01
6.874000000000000110e-01
6.932000000000000384e-01
6.991000000000000547e-01
6.905999999999999917e-01
6.939999999999999503e-01
6.931000000000000494e-01
7.080999999999999517e-01
7.029999999999999583e-01
6.986999999999999877e-01
6.915000000000000036e-01
7.033000000000000362e-01
7.069999999999999618e-01
7.117999999999999883e-01
7.184000000000000385e-01
7.226000000000000201e-01
7.113000000000000433e-01
7.088999999999999746e-01
7.089999999999999636e-01
7.088999999999999746e-01
7.073000000000000398e-01
7.036000000000000032e-01
7.045000000000000151e-01
6.992000000000000437e-01
7.023000000000000353e-01
7.062000000000000499e-01
6.773000000000000131e-01
7.065000000000000169e-01
7.139999999999999680e-01
7.204000000000000403e-01
7.025000000000000133e-01
7.094000000000000306e-01
7.131999999999999451e-01
7.020999999999999464e-01
7.084000000000000297e-01
7.058999999999999719e-01
6.967999999999999750e-01
6.864999999999999991e-01
6.804000000000000048e-01
7.039999999999999591e-01
7.047999999999999821e-01
6.979999999999999538e-01
7.023000000000000353e-01
6.967999999999999750e-01
7.045000000000000151e-01
6.998999999999999666e-01
7.028999999999999693e-01
7.000999999999999446e-01
7.006999999999999895e-01
7.076000000000000068e-01
7.096999999999999975e-01
7.100999999999999535e-01
7.098999999999999755e-01
7.065000000000000169e-01
7.085000000000000187e-01
7.107999999999999874e-01
7.093000000000000416e-01
7.112000000000000544e-01
7.136000000000000121e-01
7.107999999999999874e-01
7.095000000000000195e-01
7.106999999999999984e-01
7.093000000000000416e-01
7.110999999999999543e-01
