2.301027981185912896e+00
1.372693130493163993e+00
1.580021175956725976e+00
1.591880823516845789e+00
1.608391427230835058e+00
1.470147165870666406e+00
1.677297061729431160e+00
1.620457472801208443e+00
1.624674391937255935e+00
1.954704793930053697e+00
1.722203090095520084e+00
1.806418571090698144e+00
1.729010044860839868e+00
1.861489143943786617e+00
1.774931334686279394e+00
1.897432616996765242e+00
1.842258336257934559e+00
1.962038319969177325e+00
1.698402499771118235e+00
1.882402340888976955e+00
1.839084633636474564e+00
1.982762693405151433e+00
2.008245470809936428e+00
1.931904435729980385e+00
2.028721883201598963e+00
1.966752622222900371e+00
1.959113931655883878e+00
2.053905370330810332e+00
1.936680945968627832e+00
2.125085366821289234e+00
2.088491178512573043e+00
2.186797492218017780e+00
2.236842805862426786e+00
2.210678094863891552e+00
1.984175195121765212e+00
1.988248707962036121e+00
2.162263118362426795e+00
2.209972055053710971e+00
2.485857247924804891e+00
2.184278662109374824e+00
2.209446999359130803e+00
2.238705485916137494e+00
2.179312313079833974e+00
2.187149115753173945e+00
2.127829394149780118e+00
2.360289220046996927e+00
2.271993608474731641e+00
2.161486589813232495e+00
2.212285076904296766e+00
2.189730464935302656e+00
2.078890596771240329e+00
2.153358287429809614e+00
2.172864705276489339e+00
2.325026276016235460e+00
2.248024431228637710e+00
2.283175482177734583e+00
2.277762911605834883e+00
2.211511491775512539e+00
2.230334966659545781e+00
2.101940018463134940e+00
2.218257531738281330e+00
2.133290120315551874e+00
2.290374200057983423e+00
2.296802803039550867e+00
2.141764887619018509e+00
2.177849261856079188e+00
2.305229497909545788e+00
2.211862190246582038e+00
2.224734534835815403e+00
2.302678790283203103e+00
2.175658002471923869e+00
1.997724016189575291e+00
2.165565217208862414e+00
2.303836954879760590e+00
2.310117204284667825e+00
2.142211312484741281e+00
2.242515779876709026e+00
2.606545672988891393e+00
2.243109471130371180e+00
2.280913477706909109e+00
2.192002630615234260e+00
2.192417774581909118e+00
2.249910295486450273e+00
2.215826945495605660e+00
2.167557854080200297e+00
2.201427251052856526e+00
2.218420338058471497e+00
2.201353024291992089e+00
2.176408238220215008e+00
2.263186152648925642e+00
2.120475590133667154e+00
2.179742635345458979e+00
2.206124419784545765e+00
2.188409219360351710e+00
2.177161879348755047e+00
2.257205728149414004e+00
2.390004584121704134e+00
2.300156897735595507e+00
2.277672908782959027e+00
2.353799277496337883e+00
