1.135000000000000037e-01
8.247999999999999776e-01
8.619999999999999885e-01
8.733999999999999542e-01
8.750999999999999890e-01
8.802999999999999714e-01
8.812999999999999723e-01
8.786000000000000476e-01
8.796000000000000485e-01
8.759000000000000119e-01
8.800000000000000044e-01
8.771999999999999797e-01
8.794999999999999485e-01
8.827000000000000401e-01
8.638000000000000123e-01
8.784999999999999476e-01
8.803999999999999604e-01
8.697000000000000286e-01
8.757000000000000339e-01
8.784999999999999476e-01
8.792999999999999705e-01
8.816000000000000503e-01
8.817000000000000393e-01
8.816000000000000503e-01
8.817000000000000393e-01
8.810999999999999943e-01
8.812999999999999723e-01
8.806000000000000494e-01
8.809000000000000163e-01
8.812999999999999723e-01
8.780999999999999917e-01
8.782999999999999696e-01
8.725000000000000533e-01
8.808000000000000274e-01
8.769000000000000128e-01
8.791999999999999815e-01
8.782999999999999696e-01
8.828000000000000291e-01
8.837000000000000410e-01
8.784999999999999476e-01
8.731999999999999762e-01
8.778000000000000247e-01
8.760999999999999899e-01
8.798000000000000265e-01
8.828000000000000291e-01
8.810000000000000053e-01
8.833999999999999631e-01
8.811999999999999833e-01
8.828000000000000291e-01
8.810999999999999943e-01
8.848000000000000309e-01
8.831999999999999851e-01
8.834999999999999520e-01
8.827000000000000401e-01
8.836000000000000520e-01
8.834999999999999520e-01
8.834999999999999520e-01
8.836000000000000520e-01
8.824999999999999512e-01
8.833999999999999631e-01
8.820000000000000062e-01
8.829000000000000181e-01
8.833999999999999631e-01
8.759000000000000119e-01
8.787000000000000366e-01
8.787000000000000366e-01
8.804999999999999494e-01
8.813999999999999613e-01
8.770000000000000018e-01
8.812999999999999723e-01
8.823999999999999622e-01
8.817000000000000393e-01
8.836000000000000520e-01
8.810000000000000053e-01
8.839000000000000190e-01
8.800999999999999934e-01
8.829000000000000181e-01
8.827000000000000401e-01
8.838000000000000300e-01
8.847000000000000419e-01
8.839000000000000190e-01
8.836000000000000520e-01
8.831999999999999851e-01
8.821999999999999842e-01
8.820999999999999952e-01
8.822999999999999732e-01
8.828000000000000291e-01
8.838000000000000300e-01
8.840000000000000080e-01
8.833999999999999631e-01
8.846000000000000529e-01
8.844999999999999529e-01
8.840999999999999970e-01
8.820000000000000062e-01
8.813999999999999613e-01
8.822999999999999732e-01
8.846000000000000529e-01
8.846000000000000529e-01
8.841999999999999860e-01
8.828000000000000291e-01
