2.300893931579589768e+00
7.189781008720398381e-01
2.324300277948379567e-01
1.593300083398818956e-01
1.133243178963661141e-01
9.459464184045791868e-02
7.470031676292419875e-02
6.065088348984718630e-02
5.548901901841163387e-02
4.733075247406959285e-02
4.475174794793129046e-02
3.942582306861877606e-02
3.781750829219818200e-02
3.507146983146667424e-02
3.103171347677707512e-02
3.180243796706199583e-02
2.823324277102947158e-02
2.812101224958896487e-02
2.745570269823074255e-02
2.842035201787948551e-02
2.547609718143940133e-02
2.382798269093036603e-02
2.192751234471797955e-02
2.111576136648654969e-02
2.360930914282798748e-02
2.290580286681652075e-02
2.109800392687320725e-02
1.983223876655101914e-02
2.092271935045719039e-02
2.036818582713604067e-02
2.073340419828891695e-02
2.197322703897952936e-02
2.110341261625289788e-02
1.899927349686622580e-02
1.976542834043502894e-02
1.955229682922363446e-02
1.851829017698764651e-02
1.973867746591568065e-02
1.950875116586685276e-02
1.902052044570445855e-02
1.812490862607955833e-02
1.926030868291854839e-02
1.868887882530689132e-02
1.771670398414134859e-02
1.831544764637946937e-02
1.946581937670707751e-02
1.761145230829715830e-02
1.699194216430187365e-02
1.815061238110065450e-02
1.747093288600444841e-02
1.760472441613674180e-02
1.764486978650093088e-02
1.814037546217441704e-02
1.861423595845699414e-02
1.676746920049190445e-02
1.760206055939197642e-02
1.874140589535236434e-02
1.849442690312862528e-02
1.873514297604560869e-02
1.821406435370445318e-02
1.806661508977413025e-02
1.855203847587108545e-02
1.769270394444465502e-02
1.706483074724674323e-02
1.813889079093933265e-02
1.604735591113567311e-02
1.784188351929187621e-02
1.736516309082507953e-02
1.742020892202853985e-02
1.758413605093955834e-02
1.763280486911535105e-02
1.746106082797050513e-02
1.820735995769500598e-02
1.838361983597278440e-02
1.728595142066478851e-02
1.819959019124508040e-02
1.746530745923519090e-02
1.755274794995784898e-02
1.734059106111526458e-02
1.720129431188106503e-02
1.733048569262027674e-02
1.729432031214237289e-02
1.797554365694522746e-02
1.590093889683484932e-02
1.820681580901145971e-02
1.809157220423221468e-02
1.832789399921894158e-02
1.917782787978649164e-02
1.896209628880023840e-02
1.935298670828342407e-02
1.691973636448383320e-02
1.768426645994186294e-02
1.952841117084026454e-02
1.952430899441242110e-02
1.790448152124881828e-02
1.849176747798919607e-02
1.775435707867145663e-02
1.740416074693202850e-02
1.756133322566747618e-02
1.813445349633693859e-02
