2.300839617538452231e+00
1.244900901603698706e+00
1.150103175354003859e+00
1.315755202674865787e+00
1.120472734832763662e+00
1.140643441581726147e+00
1.130719852447509721e+00
1.124800740814208888e+00
8.976777202606200934e-01
1.076561903762817352e+00
1.098299741935729879e+00
9.536664669990539966e-01
9.987596426010131312e-01
9.436287908554077397e-01
9.253572298049926870e-01
1.002975678062439036e+00
1.004676282119751018e+00
1.235426278495788566e+00
1.083672924423217721e+00
1.181301312828064054e+00
1.144927060890197801e+00
9.892590192794800119e-01
9.724362852096557486e-01
9.968855651855468292e-01
1.070936265945434673e+00
9.885936677932739558e-01
1.023855034255981344e+00
9.593895955085753879e-01
9.766561504364014157e-01
1.043943894767761282e+00
1.035351448631286697e+00
1.007152336311340379e+00
1.086529963874816929e+00
1.127045023536682233e+00
1.100937282180786125e+00
1.151448459434509353e+00
1.062639950752258367e+00
1.085784958076477125e+00
1.114084466934204043e+00
1.063198989677429207e+00
1.115411963653564431e+00
1.102934359169006395e+00
1.111085665130615130e+00
1.204532936668395893e+00
1.202649784469604466e+00
1.184182729339599671e+00
1.164146791458129826e+00
1.099538584327697688e+00
1.235960783386230499e+00
1.351811924743652416e+00
1.273649019050598241e+00
1.173416942787170347e+00
1.196652535438537557e+00
1.408667679595947186e+00
1.245022937965392984e+00
1.107582428550720310e+00
1.092333244323730579e+00
1.212721827507019068e+00
1.217129514694213821e+00
1.288591931533813462e+00
1.197159352493286200e+00
1.299031912231445318e+00
1.140647516632079972e+00
1.129221100616454976e+00
1.169650984382629488e+00
1.226917583847045856e+00
1.269651545715332119e+00
1.068640439414977994e+00
1.222284165763855013e+00
1.265049497032165515e+00
1.399480995559692298e+00
1.061090291213989234e+00
1.163416947937011781e+00
1.141534400939941296e+00
1.117204679298400949e+00
1.127500588607788012e+00
1.163169493293762180e+00
1.160028788566589419e+00
1.164778812599182034e+00
1.167670744323730414e+00
1.130946408653259239e+00
1.051151089859008847e+00
1.078895404815673809e+00
1.097774121093749944e+00
1.141268168830871677e+00
1.184824446487426686e+00
1.193063919448852594e+00
1.211431315422058175e+00
1.200670399856567316e+00
1.218259517097473044e+00
1.222134754371642984e+00
1.228659223937988321e+00
1.212295559310913040e+00
1.237991126441955636e+00
1.262431272125244197e+00
1.224937497329712022e+00
1.386851707458496064e+00
1.473059725379943785e+00
1.492404325103759755e+00
1.098022744560241737e+00
