4.182000000000000162e-01
9.402000000000000357e-01
9.580999999999999517e-01
9.680999999999999606e-01
9.737000000000000099e-01
9.766000000000000236e-01
9.788000000000000034e-01
9.818000000000000060e-01
9.837000000000000188e-01
9.840999999999999748e-01
9.861999999999999655e-01
9.861999999999999655e-01
9.876000000000000334e-01
9.872999999999999554e-01
9.881999999999999673e-01
9.885000000000000453e-01
9.889999999999999902e-01
9.895000000000000462e-01
9.903999999999999471e-01
9.902999999999999581e-01
9.907000000000000250e-01
9.908000000000000140e-01
9.909999999999999920e-01
9.913999999999999480e-01
9.916000000000000369e-01
9.915000000000000480e-01
9.919999999999999929e-01
9.915000000000000480e-01
9.916000000000000369e-01
9.917000000000000259e-01
9.922999999999999599e-01
9.919999999999999929e-01
9.920999999999999819e-01
9.923999999999999488e-01
9.927000000000000268e-01
9.927000000000000268e-01
9.927000000000000268e-01
9.929999999999999938e-01
9.930999999999999828e-01
9.930999999999999828e-01
9.932999999999999607e-01
9.929999999999999938e-01
9.930999999999999828e-01
9.931999999999999718e-01
9.937000000000000277e-01
9.936000000000000387e-01
9.939999999999999947e-01
9.937000000000000277e-01
9.939000000000000057e-01
9.941999999999999726e-01
9.929000000000000048e-01
9.929000000000000048e-01
9.930999999999999828e-01
9.935000000000000497e-01
9.929999999999999938e-01
9.935000000000000497e-01
9.939000000000000057e-01
9.938000000000000167e-01
9.938000000000000167e-01
9.937000000000000277e-01
9.939999999999999947e-01
9.939000000000000057e-01
9.935000000000000497e-01
9.936000000000000387e-01
9.937000000000000277e-01
9.936000000000000387e-01
9.933999999999999497e-01
9.930999999999999828e-01
9.932999999999999607e-01
9.939000000000000057e-01
9.939000000000000057e-01
9.940999999999999837e-01
9.938000000000000167e-01
9.939999999999999947e-01
9.931999999999999718e-01
9.936000000000000387e-01
9.937000000000000277e-01
9.940999999999999837e-01
9.937000000000000277e-01
9.941999999999999726e-01
9.939000000000000057e-01
9.933999999999999497e-01
9.937000000000000277e-01
9.939999999999999947e-01
9.940999999999999837e-01
9.941999999999999726e-01
9.939000000000000057e-01
9.931999999999999718e-01
9.937000000000000277e-01
9.935000000000000497e-01
9.943999999999999506e-01
9.941999999999999726e-01
9.942999999999999616e-01
9.942999999999999616e-01
9.941999999999999726e-01
9.941999999999999726e-01
9.940999999999999837e-01
9.939999999999999947e-01
9.938000000000000167e-01
9.940999999999999837e-01
