3.437000000000000055e-01
5.658999999999999586e-01
6.049999999999999822e-01
6.650000000000000355e-01
7.131999999999999451e-01
7.160999999999999588e-01
7.337000000000000188e-01
7.376000000000000334e-01
7.532999999999999696e-01
7.530999999999999917e-01
7.475000000000000533e-01
7.590000000000000080e-01
7.538000000000000256e-01
7.526000000000000467e-01
7.633999999999999675e-01
7.512999999999999678e-01
7.507000000000000339e-01
7.576000000000000512e-01
7.409999999999999920e-01
7.561999999999999833e-01
7.571999999999999842e-01
7.590999999999999970e-01
7.631999999999999895e-01
7.601999999999999869e-01
7.560999999999999943e-01
7.610000000000000098e-01
7.598000000000000309e-01
7.659000000000000252e-01
7.580000000000000071e-01
7.600000000000000089e-01
7.641000000000000014e-01
7.606000000000000538e-01
7.590000000000000080e-01
7.539000000000000146e-01
7.631000000000000005e-01
7.611999999999999877e-01
7.604999999999999538e-01
7.578000000000000291e-01
7.607000000000000428e-01
7.613999999999999657e-01
7.540000000000000036e-01
7.487000000000000322e-01
7.600000000000000089e-01
7.369999999999999885e-01
7.597000000000000419e-01
7.334000000000000519e-01
7.664999999999999591e-01
7.637000000000000455e-01
7.492999999999999661e-01
7.610000000000000098e-01
7.607000000000000428e-01
7.649000000000000243e-01
7.608000000000000318e-01
7.661999999999999922e-01
7.691999999999999948e-01
7.670000000000000151e-01
7.651999999999999913e-01
7.616000000000000547e-01
7.671000000000000041e-01
7.699000000000000288e-01
7.624999999999999556e-01
7.708000000000000407e-01
7.730000000000000204e-01
7.586000000000000520e-01
7.524999999999999467e-01
7.616000000000000547e-01
7.560999999999999943e-01
7.607000000000000428e-01
7.569000000000000172e-01
7.556000000000000494e-01
7.583999999999999631e-01
7.596000000000000529e-01
7.589000000000000190e-01
7.619000000000000217e-01
7.562999999999999723e-01
7.538000000000000256e-01
7.580999999999999961e-01
7.673999999999999710e-01
7.640000000000000124e-01
7.608000000000000318e-01
7.572999999999999732e-01
7.645999999999999464e-01
7.629000000000000226e-01
7.661000000000000032e-01
7.694999999999999618e-01
7.620000000000000107e-01
7.583999999999999631e-01
7.649000000000000243e-01
7.582999999999999741e-01
7.591999999999999860e-01
7.604999999999999538e-01
7.705999999999999517e-01
7.620999999999999996e-01
7.632999999999999785e-01
7.616000000000000547e-01
7.590999999999999970e-01
7.428000000000000158e-01
7.570000000000000062e-01
7.625999999999999446e-01
7.298000000000000043e-01
