1.646735154533386147e+00
2.464807831525802628e-01
1.512392445325851376e-01
1.148817878603935194e-01
9.143662177324295148e-02
7.841718876361847279e-02
6.929210777878760941e-02
6.095943177938461383e-02
5.500837510824203164e-02
5.057405866384506038e-02
4.667909731864929024e-02
4.391259578466415181e-02
4.032058043479919140e-02
3.848065312802791821e-02
3.676806010007858255e-02
3.534112390279769977e-02
3.317947317361831516e-02
3.223974639177322465e-02
3.014940734505653502e-02
2.988855991065502218e-02
2.847867324054241187e-02
2.721314027011394535e-02
2.766347479522228078e-02
2.593177183270454350e-02
2.556049252450466255e-02
2.507499064207076994e-02
2.400951352715492357e-02
2.435562877506017646e-02
2.426631105095148136e-02
2.313230916708707702e-02
2.225502284765243366e-02
2.242344818711280996e-02
2.263865680545568485e-02
2.187780669182538829e-02
2.060509409457444985e-02
2.096321722269058399e-02
2.039852179884910424e-02
2.076239887923002347e-02
2.015685355961322617e-02
1.946224395036697322e-02
1.938605405539274226e-02
1.949109802097082067e-02
1.953699958175420665e-02
1.913670536577701670e-02
1.795014557987451714e-02
1.918955389410257478e-02
1.825665749460458898e-02
1.841025808602571659e-02
1.875500197410583450e-02
1.787240799367427815e-02
1.827074292004108452e-02
2.009413931667804881e-02
1.756196465939283483e-02
1.824868881255388431e-02
1.897020637392997713e-02
1.828541852533817347e-02
1.844901921600103356e-02
1.728842118531465424e-02
1.794476920217275701e-02
1.787062366306781808e-02
1.778907960653305226e-02
1.819903958886861725e-02
1.775327116996049809e-02
1.727948772609233866e-02
1.753496560677885938e-02
1.814446388781070646e-02
1.777133691459894041e-02
1.767025768905878050e-02
1.781180022954940642e-02
1.769471556991338707e-02
1.742508843094110402e-02
1.750951999872922896e-02
1.681526252552867015e-02
1.811640929877757905e-02
1.776626799404621218e-02
1.769788045734167065e-02
1.871240118145942738e-02
1.798213902264833575e-02
1.826786971613764826e-02
1.882702785134315535e-02
1.694666262492537656e-02
1.905172366797924094e-02
1.718822241425514361e-02
1.656996978744864485e-02
1.671983178406953943e-02
1.701886727809906116e-02
1.678188846260309300e-02
1.725226135849952658e-02
1.768532314747571846e-02
1.751583120524883436e-02
1.772977566048503095e-02
1.704341108128428622e-02
1.744969433546066442e-02
1.831095959544181903e-02
1.689092706441879324e-02
1.776247210055589831e-02
1.735454883575439367e-02
1.723206377476453610e-02
1.843617670685052806e-02
1.840395696163177330e-02
