1.925293704605102629e+00
1.008520760536193883e+00
6.834290208816528045e-01
5.357064014434814725e-01
3.549219692230224377e-01
3.300218208789825192e-01
2.477659553527832015e-01
2.261250970363616886e-01
1.734940392971038858e-01
1.552760302305221662e-01
2.125752123355865442e-01
1.767015025377273452e-01
1.590785750865936210e-01
1.728618120670318559e-01
1.816059472560882515e-01
1.380908578872680759e-01
1.404290566444396926e-01
2.439482564449310387e-01
1.617177052259445302e-01
1.864486954212188630e-01
1.581032295465469306e-01
1.650962778329849168e-01
1.569374876022338883e-01
1.983978506326675439e-01
1.619880572319030709e-01
1.632490728378295786e-01
1.988538197755813641e-01
1.683316101789474606e-01
1.637045691013336302e-01
1.377356684088706928e-01
1.761476269721984900e-01
1.594090318918228166e-01
1.565553063392639277e-01
1.931393364906311139e-01
2.005478189706802472e-01
1.630908941030502213e-01
1.582814631700515673e-01
1.758144869565963775e-01
1.665269992113113384e-01
2.109495516538620052e-01
2.121670016765594413e-01
1.565970736503601024e-01
1.838191203355789283e-01
1.723487381696701126e-01
1.821857146739959687e-01
1.704289618134498530e-01
1.723147043228149544e-01
1.569936536788940351e-01
1.601632092475891167e-01
1.657472510337829608e-01
1.982582332611083908e-01
1.445831407427787818e-01
1.871086091995239342e-01
1.429222505450248593e-01
2.778230820894241337e-01
1.564880713701248260e-01
1.468767463922500682e-01
1.814397030115127429e-01
1.724670001029968147e-01
1.739958844184875397e-01
1.400330488801002637e-01
1.751888910770416363e-01
1.914804772853851422e-01
1.818675760746002179e-01
1.547129897117614783e-01
1.625823196172714313e-01
2.016548609018325722e-01
1.733586075544357175e-01
1.672457160949707144e-01
1.664921930074691747e-01
1.583383019447326678e-01
1.560622718095779349e-01
1.618272356748580998e-01
1.595135885953903321e-01
1.623281059503555168e-01
1.791968847513198959e-01
2.330206802845001257e-01
1.820768561124801732e-01
1.521612770795822134e-01
1.929567312002181956e-01
1.824972295284271184e-01
1.957539608001709064e-01
2.043452175855636488e-01
2.162325077056884703e-01
1.995136087894439636e-01
2.465569428443908639e-01
1.402305121421814071e-01
2.189411463737487851e-01
1.792447494268417374e-01
1.989316974163055363e-01
1.265238860249519315e-01
1.460506406545639124e-01
1.489539227247238251e-01
1.756361623048782461e-01
1.617403051614761389e-01
1.339525862097740161e-01
1.775288622617721690e-01
1.847457978963852054e-01
1.835867546081542956e-01
1.770405513763427807e-01
