1.646735130119323820e+00
2.464807804584503159e-01
1.512392457008361890e-01
1.148817964792251539e-01
9.143662309646606590e-02
7.841718840599060103e-02
6.929210425615310587e-02
6.095943750143051343e-02
5.500837701559066484e-02
5.057405407428741673e-02
4.667909636497497711e-02
4.391259425878524941e-02
4.032057738304137967e-02
3.848065261244773549e-02
3.676806051433086087e-02
3.534112495779991037e-02
3.317947745919227337e-02
3.223974414765834462e-02
3.014940686225891023e-02
2.988855499029159646e-02
2.847867310047149519e-02
2.721314045488834252e-02
2.766347212493419638e-02
2.593177217543125163e-02
2.556049238443374588e-02
2.507499316632747638e-02
2.400951228737831233e-02
2.435563063472509504e-02
2.426631138473749061e-02
2.313231093734502766e-02
2.225502293258905390e-02
2.242344756722450261e-02
2.263865732401609474e-02
2.187780494689941374e-02
2.060509572178125318e-02
2.096321542710065725e-02
2.039852315634489016e-02
2.076240140050649580e-02
2.015685289800167243e-02
1.946224235445261075e-02
1.938605467826128026e-02
1.949109875857829924e-02
1.953699878156184983e-02
1.913670269548892883e-02
1.795014551281929119e-02
1.918955296576023081e-02
1.825665713250636951e-02
1.841025629341602396e-02
1.875500357002020044e-02
1.787240551114082504e-02
1.827074401378631432e-02
2.009414191395044250e-02
1.756196336746215780e-02
1.824868867248296764e-02
1.897020784467458657e-02
1.828541878759860906e-02
1.844902064651250673e-02
1.728842048645019489e-02
1.794476889520883398e-02
1.787062172889709519e-02
1.778907909393310713e-02
1.819903914779424578e-02
1.775327126383781373e-02
1.727948541045188843e-02
1.753496629372239268e-02
1.814446715712547328e-02
1.777133707702159907e-02
1.767025389671325608e-02
1.781179965138435239e-02
1.769471193701028719e-02
1.742509011626243443e-02
1.750952073633670752e-02
1.681526186764240385e-02
1.811641106158494788e-02
1.776626773327589018e-02
1.769787949770688928e-02
1.871240257471799839e-02
1.798213971108198264e-02
1.826787091419100617e-02
1.882702865451574281e-02
1.694665995240211484e-02
1.905172440856695015e-02
1.718822162449359925e-02
1.656997410356998365e-02
1.671983065158128695e-02
1.701886631548404569e-02
1.678188820704817896e-02
1.725225993767380561e-02
1.768531802296638422e-02
1.751583027839660744e-02
1.772977408468723315e-02
1.704341048672795150e-02
1.744969295114278882e-02
1.831095776632428104e-02
1.689092703759670355e-02
1.776247186213731830e-02
1.735454494506120590e-02
1.723206403404474105e-02
1.843617547899484635e-02
1.840395788550376957e-02
