1.710469979667663676e+00
1.000223326206207242e+00
7.181460644721985309e-01
5.774351774215698008e-01
4.980310372352599879e-01
4.214017523765564155e-01
3.672140422821044692e-01
2.976371525287628272e-01
2.770386029481887724e-01
2.322208359241485498e-01
2.436337945938110428e-01
2.120859226703643852e-01
2.389082763910293505e-01
2.083053522825241144e-01
2.072691225767135659e-01
1.791904083490371835e-01
1.894057698249816957e-01
2.119430963754654063e-01
1.854734765529632567e-01
1.820478679418563728e-01
1.895111401319503897e-01
1.794691136479377724e-01
1.932277795076370319e-01
1.845385057687759511e-01
1.990758251190185568e-01
1.705849548220634559e-01
2.106185396671295118e-01
1.582951863884925758e-01
1.710422220230102541e-01
2.239681203365326001e-01
2.195434748888015764e-01
2.302078815221786368e-01
1.899919652819633542e-01
1.676034375786781272e-01
1.538415425419807359e-01
1.711137052536010617e-01
1.682170058131217949e-01
1.818792284250259350e-01
2.180727679967880139e-01
1.889370375156402548e-01
1.585324530839919976e-01
1.602656189560890121e-01
1.815981438875198251e-01
2.314395802974700822e-01
1.854255737662315329e-01
1.897920796871185312e-01
2.416142349243164122e-01
1.976143010854720938e-01
3.050169543266296190e-01
1.545939753532409588e-01
2.290012098312377842e-01
1.864800524234771772e-01
2.266905406713485838e-01
2.049172403335571269e-01
1.847829661369323750e-01
1.821769014835357692e-01
2.343253510713577403e-01
1.538395955681800820e-01
1.907875992536544885e-01
1.978335613250732372e-01
2.012793989181518584e-01
1.864461198568344025e-01
1.947332345962524414e-01
1.710577300786972066e-01
1.687345688343048211e-01
2.176832582235336266e-01
1.921421653509139960e-01
2.045816645145416279e-01
2.371136913537979229e-01
1.858870557785034239e-01
1.969252227067947447e-01
1.734351010560989392e-01
2.714064212560653444e-01
2.382335601329803598e-01
2.839497734546661545e-01
2.230538968086242801e-01
2.533703162193298164e-01
2.331136715412139848e-01
2.070273839950561579e-01
2.085718182802200338e-01
1.811468824148178003e-01
1.774872254371643032e-01
2.079416471242904740e-01
2.185584342241287115e-01
2.196699778318405016e-01
2.188341850519180398e-01
2.023489168882370015e-01
1.907070469856262107e-01
1.986262129068374627e-01
1.575123016238212659e-01
2.116574597358703569e-01
1.726955307841301079e-01
1.626311487793922483e-01
1.778054578542709319e-01
2.001124688386917150e-01
3.324003286361694176e-01
1.776180689334869445e-01
2.078625962972641128e-01
2.683644958257674906e-01
2.315563204050063995e-01
