1.710551807212829623e+00
8.469899477958678924e-01
6.244945193290710739e-01
4.217152196884155213e-01
3.656197964191436611e-01
2.758512652873992832e-01
2.267249359607696468e-01
2.455248847961425673e-01
2.166179669380187967e-01
2.142598415851592886e-01
1.891541765213012594e-01
1.663860472679138114e-01
1.567434544563293397e-01
1.916943130731582623e-01
1.921044856071472129e-01
1.789226195812225473e-01
1.731540844678878810e-01
1.541375298500061164e-01
1.641749272346496591e-01
1.619687456369399980e-01
1.637323031425476083e-01
1.619052493572235019e-01
1.634009355068206659e-01
1.560434234380722041e-01
1.704034655570983992e-01
1.637024329900741704e-01
1.747545345783233506e-01
1.798563664674758811e-01
1.876561458110809211e-01
1.698712530136108345e-01
1.592146959543228046e-01
1.353024385929107731e-01
1.474092642545700160e-01
1.309347082138061502e-01
1.440155539751052927e-01
1.592448559284210252e-01
1.553428856372833233e-01
1.521238806486129858e-01
1.496508566379547156e-01
1.619105830192565931e-01
1.760234884023666457e-01
1.605831789255142139e-01
1.735494255304336486e-01
1.442252315282821773e-01
1.854719998121261704e-01
2.028993029356002675e-01
2.094689505100250371e-01
1.660119546890258813e-01
1.786889051437377807e-01
2.013208622455597008e-01
1.652658450603484985e-01
1.613333572387695425e-01
1.906873081445693840e-01
1.344386939048766993e-01
1.489622457742691142e-01
1.371188903808593651e-01
1.676437713623046832e-01
1.358359580278396539e-01
1.682157340764999509e-01
1.440050584793090838e-01
1.377309077739715670e-01
1.337258388042449897e-01
1.903316584348678508e-01
1.371150746822357158e-01
1.621100048303604213e-01
1.533520184040069456e-01
1.920821916103362947e-01
1.643221776723861605e-01
1.824022834300994822e-01
1.489960666418075619e-01
1.510619640588760360e-01
1.351725079059600820e-01
1.403649735212326166e-01
1.396352769613266043e-01
1.148496748328208944e-01
1.702958815336227394e-01
2.080850693225860526e-01
1.459829229116439697e-01
1.529943858146667612e-01
1.612237591981887930e-01
1.353882628679275446e-01
1.401404521703720207e-01
1.455335254907607900e-01
1.722449676990508993e-01
1.573860607862472560e-01
1.677455811738967906e-01
1.626464985370635885e-01
1.589901562690734793e-01
1.427407400131225634e-01
1.268145428419113208e-01
1.655003980636596816e-01
1.448770766496658424e-01
1.478621588945388809e-01
1.297976148605346769e-01
1.468547506332397445e-01
1.377957927703857555e-01
1.274689285516738824e-01
1.456960071802139156e-01
1.621095462560653566e-01
1.711561892032623378e-01
