1.646735154533386147e+00
2.464807789325714205e-01
1.512392418861389087e-01
1.148817960739135779e-01
9.143662790060043399e-02
7.841718934774398464e-02
6.929210710525512962e-02
6.095943579673766821e-02
5.500837510824203164e-02
5.057405760884284979e-02
4.667909520864486905e-02
4.391259587407111975e-02
4.032057972848415717e-02
3.848065113127231707e-02
3.676806280314922487e-02
3.534112495779991037e-02
3.317947393059730854e-02
3.223974510729312598e-02
3.014940772652625889e-02
2.988856096565723278e-02
2.847867467701434979e-02
2.721313731372356284e-02
2.766347259581089166e-02
2.593177193403244096e-02
2.556049139201641007e-02
2.507499282956123302e-02
2.400951237678527680e-02
2.435562973916530552e-02
2.426631381958722911e-02
2.313231079429388035e-02
2.225502255111932656e-02
2.242344763129949445e-02
2.263865615725517422e-02
2.187780359238386194e-02
2.060509552508592648e-02
2.096321504265069927e-02
2.039851970076560911e-02
2.076240202635526791e-02
2.015685222148895159e-02
1.946224187463522007e-02
1.938605708479881201e-02
1.949109918773174119e-02
1.953699928075075185e-02
1.913670369684696351e-02
1.795014484226703511e-02
1.918955206573009359e-02
1.825665737539529723e-02
1.841025638282299190e-02
1.875500352233648235e-02
1.787240693122148574e-02
1.827074434757232704e-02
2.009414242058992286e-02
1.756196409165859326e-02
1.824868977218866220e-02
1.897020619809627537e-02
1.828541864156723110e-02
1.844901990592479751e-02
1.728842178285121961e-02
1.794477155804634003e-02
1.787062270790338442e-02
1.778908215314149721e-02
1.819904032796621288e-02
1.775327053368091698e-02
1.727948805093765250e-02
1.753496615216135895e-02
1.814446485787630028e-02
1.777133759260177484e-02
1.767025530785322138e-02
1.781180038601160032e-02
1.769471526145935045e-02
1.742508955001830992e-02
1.750952275767922450e-02
1.681525857150554734e-02
1.811640714555978748e-02
1.776626782715320582e-02
1.769787985235452693e-02
1.871240212917327922e-02
1.798213737308979043e-02
1.826786955371498961e-02
1.882702865302562575e-02
1.694666145741939578e-02
1.905172424316406085e-02
1.718822382465004864e-02
1.656997033059597058e-02
1.671983104050159610e-02
1.701886523365974541e-02
1.678188748061656965e-02
1.725226062238216507e-02
1.768532023727893698e-02
1.751583214774727823e-02
1.772977395355701535e-02
1.704340962618589375e-02
1.744969385415315669e-02
1.831095923706889048e-02
1.689092940539121609e-02
1.776247144490480587e-02
1.735454897135496263e-02
1.723206342607736669e-02
1.843617683202028110e-02
1.840395783782005149e-02
