1.646735069084167558e+00
2.464807846784591583e-01
1.512392376184463483e-01
1.148817914962768499e-01
9.143662388324737267e-02
7.841719298362731516e-02
6.929210921525955080e-02
6.095943377614021497e-02
5.500837492942810270e-02
5.057405235767364199e-02
4.667909722924232230e-02
4.391259711980819574e-02
4.032058049142360490e-02
3.848065032362937843e-02
3.676806071698665579e-02
3.534112542867660217e-02
3.317947841286659344e-02
3.223974581360816716e-02
3.014940752983093220e-02
2.988855977058410551e-02
2.847867381274700113e-02
2.721313807666301751e-02
2.766347168087959427e-02
2.593177450299263137e-02
2.556049348413944391e-02
2.507499345242977101e-02
2.400951200127601770e-02
2.435562831759452776e-02
2.426631240546703316e-02
2.313231033980846577e-02
2.225502379387617191e-02
2.242344675064086856e-02
2.263865763545036200e-02
2.187780581116676240e-02
2.060509473681449918e-02
2.096321435272693531e-02
2.039852053374052038e-02
2.076240071058273184e-02
2.015685205310583164e-02
1.946224278062581858e-02
1.938605357259512094e-02
1.949109806269407399e-02
1.953699873983859997e-02
1.913670569658279530e-02
1.795014453977346325e-02
1.918955055624246495e-02
1.825665719211101365e-02
1.841025891900062439e-02
1.875500185042619852e-02
1.787240651845932102e-02
1.827074436694383491e-02
2.009413952678441861e-02
1.756196420341729972e-02
1.824868915230035832e-02
1.897020589709282057e-02
1.828542138934135391e-02
1.844902374446391949e-02
1.728842185288667621e-02
1.794476787000894719e-02
1.787062469124793898e-02
1.778908225446939467e-02
1.819903999567031722e-02
1.775327110141515854e-02
1.727948644161224345e-02
1.753496607914566824e-02
1.814446641802787766e-02
1.777133914232253975e-02
1.767025749832391857e-02
1.781180076599121059e-02
1.769471408277750041e-02
1.742508936077356504e-02
1.750952104404568735e-02
1.681525854244828380e-02
1.811640882045030543e-02
1.776626823991537055e-02
1.769787889868021033e-02
1.871240158975124440e-02
1.798213888555765319e-02
1.826787084564566663e-02
1.882702963799238322e-02
1.694666251465678369e-02
1.905172390788793454e-02
1.718822213709354438e-02
1.656997068971395592e-02
1.671983114480972421e-02
1.701886894851923140e-02
1.678188676685094666e-02
1.725225757881998848e-02
1.768531945645809150e-02
1.751583084315061489e-02
1.772977273464202905e-02
1.704340992793440882e-02
1.744969151318073383e-02
1.831096253469586405e-02
1.689092792421579420e-02
1.776247339844703663e-02
1.735454799234866993e-02
1.723206434845924243e-02
1.843617402762174479e-02
1.840395992696285121e-02
