1.799406299400329701e+00
9.698586069107055785e-01
8.238446698188781614e-01
7.587199779510498399e-01
6.948289406776427812e-01
6.374940753936767512e-01
6.522161308288574322e-01
5.956978436470031779e-01
6.252386921882628901e-01
5.548210023880004726e-01
5.998433976173400684e-01
5.851975451469421108e-01
5.653912336349486978e-01
5.775296236038207631e-01
5.735448338508606358e-01
5.527426009178161292e-01
5.571880501747131786e-01
5.730414439201354515e-01
5.480898934364318853e-01
5.490862351417541420e-01
5.267194195747375574e-01
5.154664356231689615e-01
5.333020032882690442e-01
5.719702706336975417e-01
5.365983355522155884e-01
5.206984976768493922e-01
5.197807700157165423e-01
5.768819155693054590e-01
5.596856432914734114e-01
6.087333159446716158e-01
5.414780217170714893e-01
5.026344062805175872e-01
5.620034089088440377e-01
4.955840431213379138e-01
5.156993052482604645e-01
5.157943470954895471e-01
5.149158263206481401e-01
4.956695106506347481e-01
5.172546740531921428e-01
5.535163217544555314e-01
5.023854418754577500e-01
5.145969158172607472e-01
5.435304493904113965e-01
5.091341448783874846e-01
4.989099977493285931e-01
5.196707541465759306e-01
5.182340652465819986e-01
5.024499338150024697e-01
5.009860306739807312e-01
5.677184702873230293e-01
5.080270152091980185e-01
5.347312309265136454e-01
5.204163371086120149e-01
4.905899188041686898e-01
4.626926219940185603e-01
5.507529896736145236e-01
5.567356617927551321e-01
4.981611905097961257e-01
5.467279166221619136e-01
5.302391264915465863e-01
5.068132514953613832e-01
4.584155652999877817e-01
5.629564954757690920e-01
5.326166646957397610e-01
5.479542716979980410e-01
5.466923511505127342e-01
5.438543592453003450e-01
5.563692366600037076e-01
5.425642766952514240e-01
5.035004106521606682e-01
6.178128890991211319e-01
5.786017960548400785e-01
7.055207011222839331e-01
6.203560172080994084e-01
6.059712408065796030e-01
5.825847846031189103e-01
5.668368458747863325e-01
4.991283688545227193e-01
5.070623598098754625e-01
5.189585899353027498e-01
5.062654221534729215e-01
5.782602828979491738e-01
5.383659885406494316e-01
5.308085350990295881e-01
5.611225560188293215e-01
5.136615252494811656e-01
4.817704924583435244e-01
5.373288591384888235e-01
4.949484519958496365e-01
4.784010761260986122e-01
6.296256368637085377e-01
5.628080915451050270e-01
5.475310286521911651e-01
5.631493207931518308e-01
6.043252651214600091e-01
5.712578513145446513e-01
5.816855176925659343e-01
5.992579339981078945e-01
5.559478262901306200e-01
5.785361732482909858e-01
