3.637000000000000233e-01
7.286000000000000254e-01
7.560000000000000053e-01
8.023000000000000131e-01
8.407000000000000028e-01
8.607000000000000206e-01
8.541999999999999593e-01
8.646000000000000352e-01
8.695000000000000506e-01
8.696000000000000396e-01
8.687000000000000277e-01
8.722999999999999643e-01
8.752999999999999670e-01
8.740999999999999881e-01
8.735000000000000542e-01
8.757000000000000339e-01
8.790999999999999925e-01
8.788000000000000256e-01
8.779000000000000137e-01
8.758000000000000229e-01
8.790999999999999925e-01
8.799000000000000155e-01
8.784999999999999476e-01
8.749000000000000110e-01
8.754999999999999449e-01
8.811999999999999833e-01
8.780000000000000027e-01
8.793999999999999595e-01
8.794999999999999485e-01
8.750999999999999890e-01
8.784999999999999476e-01
8.817000000000000393e-01
8.747000000000000330e-01
8.799000000000000155e-01
8.808000000000000274e-01
8.810999999999999943e-01
8.777000000000000357e-01
8.821999999999999842e-01
8.827000000000000401e-01
8.786000000000000476e-01
8.796000000000000485e-01
8.793999999999999595e-01
8.800000000000000044e-01
8.834999999999999520e-01
8.838000000000000300e-01
8.848000000000000309e-01
8.849000000000000199e-01
8.840999999999999970e-01
8.850999999999999979e-01
8.812999999999999723e-01
8.816000000000000503e-01
8.814999999999999503e-01
8.830000000000000071e-01
8.869000000000000217e-01
8.863999999999999657e-01
8.823999999999999622e-01
8.820000000000000062e-01
8.788000000000000256e-01
8.819000000000000172e-01
8.849000000000000199e-01
8.837000000000000410e-01
8.877000000000000446e-01
8.842999999999999750e-01
8.840999999999999970e-01
8.854999999999999538e-01
8.827000000000000401e-01
8.810000000000000053e-01
8.843999999999999639e-01
8.841999999999999860e-01
8.883999999999999675e-01
8.743999999999999551e-01
8.770999999999999908e-01
8.752999999999999670e-01
8.784999999999999476e-01
8.810999999999999943e-01
8.811999999999999833e-01
8.831999999999999851e-01
8.871999999999999886e-01
8.889000000000000234e-01
8.879000000000000226e-01
8.890000000000000124e-01
8.831999999999999851e-01
8.871999999999999886e-01
8.858000000000000318e-01
8.832999999999999741e-01
8.873999999999999666e-01
8.850999999999999979e-01
8.754999999999999449e-01
8.892999999999999794e-01
8.895999999999999464e-01
8.828000000000000291e-01
8.848000000000000309e-01
8.854999999999999538e-01
8.851999999999999869e-01
8.836000000000000520e-01
8.850999999999999979e-01
8.809000000000000163e-01
8.819000000000000172e-01
8.834999999999999520e-01
8.861999999999999877e-01
