1.646735166740417533e+00
2.464807785749435487e-01
1.512392407178878850e-01
1.148817869186401358e-01
9.143661890029906869e-02
7.841719125509262478e-02
6.929211083054542808e-02
6.095943330526351622e-02
5.500838065147400230e-02
5.057405828237533651e-02
4.667909827232361031e-02
4.391259425878524941e-02
4.032057685554027437e-02
3.848065050244331431e-02
3.676806137859821300e-02
3.534112591147423044e-02
3.317947450280189781e-02
3.223974576890468319e-02
3.014940495491027703e-02
2.988855966329574676e-02
2.847867285907268453e-02
2.721313826739787944e-02
2.766347355544566955e-02
2.593177469372749330e-02
2.556049343347549518e-02
2.507499211132526232e-02
2.400951495766639673e-02
2.435563025325536771e-02
2.426631083190441268e-02
2.313231138288974684e-02
2.225502239912748384e-02
2.242344598770141736e-02
2.263865406215190973e-02
2.187780532836914107e-02
2.060509430468082312e-02
2.096321639269590337e-02
2.039852253347635216e-02
2.076240044981241331e-02
2.015685293078422688e-02
1.946224225610494740e-02
1.938605455756187493e-02
1.949109751582145736e-02
1.953699980080127879e-02
1.913670426607131866e-02
1.795014283955097267e-02
1.918955361396074144e-02
1.825665881335735222e-02
1.841025703400373317e-02
1.875500071197748128e-02
1.787240651845932102e-02
1.827074043154716665e-02
2.009413999021053207e-02
1.756196523159742409e-02
1.824868981987238029e-02
1.897020716518163508e-02
1.828542055338621200e-02
1.844902071803808385e-02
1.728842146694660117e-02
1.794476948529481752e-02
1.787062123417854434e-02
1.778908054679632228e-02
1.819903909265994935e-02
1.775327144265174961e-02
1.727948720008134695e-02
1.753496666997671205e-02
1.814446194618940522e-02
1.777133829593658537e-02
1.767025821208953809e-02
1.781180067956447677e-02
1.769471549540758276e-02
1.742508921623230067e-02
1.750952459499239763e-02
1.681526230648160147e-02
1.811640803366899519e-02
1.776626776009797987e-02
1.769787913858890394e-02
1.871239882707595795e-02
1.798214126825332590e-02
1.826786862462758884e-02
1.882703140377998269e-02
1.694666434600949206e-02
1.905172492861747710e-02
1.718822262957692137e-02
1.656997096315026424e-02
1.671983211487531804e-02
1.701886827349662762e-02
1.678188669830560711e-02
1.725226167961954951e-02
1.768532061874866432e-02
1.751583148017525626e-02
1.772977495938539427e-02
1.704341142252087729e-02
1.744969111829995992e-02
1.831095841675996899e-02
1.689092784225940808e-02
1.776247232556343175e-02
1.735454821884632043e-02
1.723206334263086351e-02
1.843617675304412909e-02
1.840395460277795964e-02
