3.704999999999999960e-01
7.796999999999999487e-01
8.545000000000000373e-01
9.135999999999999677e-01
9.409999999999999476e-01
9.432000000000000384e-01
9.496999999999999886e-01
9.589999999999999636e-01
9.552000000000000490e-01
9.667000000000000037e-01
9.608999999999999764e-01
9.648999999999999799e-01
9.644000000000000350e-01
9.664000000000000368e-01
9.630999999999999561e-01
9.648999999999999799e-01
9.656000000000000139e-01
9.680999999999999606e-01
9.669999999999999707e-01
9.717999999999999972e-01
9.669999999999999707e-01
9.695000000000000284e-01
9.674000000000000377e-01
9.727000000000000091e-01
9.677000000000000046e-01
9.700999999999999623e-01
9.717000000000000082e-01
9.707999999999999963e-01
9.701999999999999513e-01
9.695000000000000284e-01
9.724000000000000421e-01
9.716000000000000192e-01
9.681999999999999496e-01
9.725000000000000311e-01
9.697000000000000064e-01
9.710999999999999632e-01
9.661999999999999478e-01
9.703000000000000513e-01
9.686000000000000165e-01
9.697000000000000064e-01
9.684000000000000385e-01
9.717999999999999972e-01
9.720999999999999641e-01
9.743000000000000549e-01
9.715000000000000302e-01
9.710999999999999632e-01
9.703000000000000513e-01
9.663000000000000478e-01
9.746000000000000218e-01
9.703000000000000513e-01
9.659999999999999698e-01
9.716000000000000192e-01
9.727999999999999980e-01
9.752999999999999448e-01
9.737999999999999989e-01
9.748999999999999888e-01
9.727000000000000091e-01
9.768999999999999906e-01
9.758999999999999897e-01
9.725000000000000311e-01
9.757000000000000117e-01
9.780999999999999694e-01
9.765000000000000346e-01
9.777000000000000135e-01
9.752999999999999448e-01
9.751999999999999558e-01
9.758999999999999897e-01
9.786000000000000254e-01
9.766000000000000236e-01
9.751999999999999558e-01
9.750999999999999668e-01
9.718999999999999861e-01
9.772999999999999465e-01
9.739999999999999769e-01
9.791999999999999593e-01
9.754000000000000448e-01
9.780999999999999694e-01
9.764000000000000457e-01
9.767000000000000126e-01
9.754000000000000448e-01
9.730999999999999650e-01
9.758999999999999897e-01
9.766000000000000236e-01
9.706000000000000183e-01
9.623000000000000442e-01
9.675000000000000266e-01
9.700999999999999623e-01
9.703000000000000513e-01
9.667999999999999927e-01
9.711999999999999522e-01
9.747000000000000108e-01
9.758999999999999897e-01
9.715000000000000302e-01
9.677999999999999936e-01
9.745000000000000329e-01
9.726000000000000201e-01
9.727000000000000091e-01
9.693000000000000504e-01
9.691999999999999504e-01
9.740999999999999659e-01
