1.646735117912292434e+00
2.464807846784591583e-01
1.512392384290695280e-01
1.148817878603935194e-01
9.143661872148513281e-02
7.841719031333922729e-02
6.929210540056228440e-02
6.095943301320076030e-02
5.500837683677673590e-02
5.057405771017074725e-02
4.667909559011459292e-02
4.391259453892707582e-02
4.032057858407497170e-02
3.848065293729305281e-02
3.676806177198886638e-02
3.534112313985824511e-02
3.317947412729263523e-02
3.223974515199660995e-02
3.014940620064735302e-02
2.988856124579906612e-02
2.847867443561553913e-02
2.721313956379890417e-02
2.766347389221191291e-02
2.593177331984043016e-02
2.556049057245254538e-02
2.507499279081821381e-02
2.400951171517371960e-02
2.435563075244426626e-02
2.426631314605474585e-02
2.313231162726879162e-02
2.225502302795648660e-02
2.242344686537980913e-02
2.263865663707256490e-02
2.187780512124299845e-02
2.060509440600872058e-02
2.096321540772914938e-02
2.039852435737848219e-02
2.076240026205778202e-02
2.015685205310583164e-02
1.946224209070205810e-02
1.938605498671531688e-02
1.949109682887792752e-02
1.953700086921453596e-02
1.913670462816953813e-02
1.795014474391937176e-02
1.918955191373825087e-02
1.825665726661682142e-02
1.841025765091180641e-02
1.875500228554010523e-02
1.787240699231624694e-02
1.827074153572320891e-02
2.009414287060499321e-02
1.756196417808532709e-02
1.824868849515914881e-02
1.897020896077156182e-02
1.828541955351829437e-02
1.844902161657810055e-02
1.728841949105262843e-02
1.794476953744888331e-02
1.787062203735113181e-02
1.778908044099807712e-02
1.819903913736343332e-02
1.775327055156230779e-02
1.727948748916387570e-02
1.753496389836073019e-02
1.814446304589509978e-02
1.777133641988038956e-02
1.767025830894708785e-02
1.781180072873830844e-02
1.769471490085124804e-02
1.742508967518806295e-02
1.750952319949865277e-02
1.681525924801826471e-02
1.811640865951776383e-02
1.776626737564802189e-02
1.769788179397583164e-02
1.871240134686231668e-02
1.798214028626680255e-02
1.826787032037973518e-02
1.882702921479940256e-02
1.694666175991296764e-02
1.905172681659459896e-02
1.718822260871529645e-02
1.656997200101614082e-02
1.671983028352260620e-02
1.701886722445487832e-02
1.678188897296786428e-02
1.725226148590445346e-02
1.768532191067934134e-02
1.751583270356059027e-02
1.772977311909198703e-02
1.704340888336300722e-02
1.744969117194414276e-02
1.831095837503671567e-02
1.689093050211668001e-02
1.776247245073318479e-02
1.735454864054918403e-02
1.723206527680158640e-02
1.843617388606071453e-02
1.840395475178956824e-02
