1.485626107215881397e+00
2.599111188650131132e-01
1.764616938829421944e-01
1.302057969450950703e-01
9.830536547899246247e-02
9.099038885831832457e-02
8.045080044269561914e-02
7.656769282817840749e-02
7.609163272380828347e-02
7.664720602035522690e-02
6.875523362159728646e-02
6.389948765039443757e-02
6.122040861845016307e-02
5.971060461997985958e-02
5.797013862133026246e-02
5.944902536273002913e-02
5.597311044335365193e-02
5.247234831452369380e-02
6.182105152606964110e-02
6.067578322887420827e-02
5.569776891469955388e-02
5.541908265352249452e-02
6.455295264720917192e-02
6.044198956489563179e-02
5.671532795429229390e-02
5.967731894254684616e-02
5.871780483126640138e-02
5.520831001400947763e-02
5.378749722242355535e-02
5.653324999213218960e-02
5.997803860902786027e-02
5.482768297195434598e-02
5.353904693126678577e-02
5.876189051866531621e-02
5.849310786128043838e-02
5.936194691658019940e-02
6.126137711405753999e-02
5.805916612148284695e-02
5.898003417253494529e-02
5.616690821051597421e-02
5.140008454322814863e-02
5.447267395853996191e-02
6.673948658704757786e-02
6.450901882648467367e-02
5.085878248810768443e-02
5.676018375158310009e-02
5.901175374984741345e-02
5.848091062903404413e-02
5.044612549543380647e-02
5.363255727291107305e-02
5.590321431159973181e-02
5.271220874190330613e-02
5.409350716471671844e-02
5.148291516304016185e-02
5.759868086576461904e-02
6.148980790376663147e-02
6.122811503410339334e-02
7.606268796920775954e-02
6.374321387410164519e-02
7.368696108460426331e-02
7.998904397487639761e-02
6.996042287349700517e-02
6.930675711035728936e-02
7.795827528238297166e-02
6.970429714918136010e-02
7.141044862270355675e-02
7.080915442705154605e-02
7.383362272977829488e-02
6.626143640875815921e-02
7.677003529071807497e-02
6.642981207966804080e-02
6.129765939712524675e-02
5.513400050997734059e-02
6.247707928419113377e-02
5.977724699974060196e-02
5.573695601224899071e-02
5.345906001329422258e-02
5.820659615993499514e-02
5.828919675350189428e-02
5.241558747291565068e-02
7.447128019332885374e-02
5.573919762969017228e-02
6.289869344234466642e-02
5.817915911078452851e-02
5.990949092507362461e-02
7.239782133102416750e-02
5.924653944969177077e-02
6.580210136175156099e-02
6.303530342578887724e-02
6.678859621286392656e-02
5.465892688035964980e-02
6.352484279870987405e-02
4.978495128154754312e-02
5.718393334150314450e-02
5.524082710742950209e-02
6.428645135164261226e-02
6.042488520145416347e-02
7.257533770799637352e-02
6.520393761992454573e-02
6.539538766145705506e-02
