1.646735130119323820e+00
2.464807904243469239e-01
1.512392327308654805e-01
1.148817909121513381e-01
9.143662101030350375e-02
7.841718761920929426e-02
6.929210587143898314e-02
6.095943350791931115e-02
5.500837777853011951e-02
5.057405866384506038e-02
4.667909510731697159e-02
4.391259635686874108e-02
4.032058033347130088e-02
3.848065035641193288e-02
3.676805957257747726e-02
3.534112413823604915e-02
3.317947660684585770e-02
3.223974649310112212e-02
3.014940648674964765e-02
2.988855990469455742e-02
2.847867400348186653e-02
2.721313803195953354e-02
2.766347355544566955e-02
2.593177321851253617e-02
2.556049233973026191e-02
2.507499226331710851e-02
2.400951347649097484e-02
2.435563113987445835e-02
2.426631142944097458e-02
2.313231017738580711e-02
2.225502369254827445e-02
2.242344780564308263e-02
2.263865493983030150e-02
2.187780788987874966e-02
2.060509635508060364e-02
2.096321705132722993e-02
2.039852213263511696e-02
2.076239932775497329e-02
2.015685260593891304e-02
1.946224302798509748e-02
1.938605682104825936e-02
1.949109885394573194e-02
1.953700250685214829e-02
1.913670422136783469e-02
1.795014529675245316e-02
1.918955157995224162e-02
1.825665511339902985e-02
1.841025718003511460e-02
1.875500220954418040e-02
1.787240632176399086e-02
1.827074446827173237e-02
2.009414191693067661e-02
1.756196384131908372e-02
1.824868986755609490e-02
1.897020606845617463e-02
1.828541952818632174e-02
1.844901933670043889e-02
1.728842136561870718e-02
1.794477065056562445e-02
1.787062497138976885e-02
1.778907938897609717e-02
1.819903897047042696e-02
1.775327279269695371e-02
1.727948618531227262e-02
1.753496484085917406e-02
1.814446385949849971e-02
1.777133854031562668e-02
1.767025472670793670e-02
1.781180118471384008e-02
1.769471452385187188e-02
1.742508946359157609e-02
1.750952116698026653e-02
1.681526104584336184e-02
1.811640705913305366e-02
1.776626849621534485e-02
1.769787928313016831e-02
1.871240045279264422e-02
1.798213834762573196e-02
1.826787086650729156e-02
1.882702846825122858e-02
1.694666267856955594e-02
1.905172457545995651e-02
1.718822091743350128e-02
1.656997140496969251e-02
1.671983123868703985e-02
1.701887176036834606e-02
1.678188844844698963e-02
1.725225994884967834e-02
1.768532328754663513e-02
1.751583150178194145e-02
1.772977572157978868e-02
1.704341033473610878e-02
1.744969245195388680e-02
1.831095980852842295e-02
1.689092690050602100e-02
1.776247240900993493e-02
1.735454813838005136e-02
1.723206480890512524e-02
1.843617628514766793e-02
1.840395716875791593e-02
