1.870682832908630466e+00
1.332148314857482863e+00
1.278422318267822266e+00
1.187284097862243648e+00
1.109327064704894950e+00
1.125224942588806121e+00
1.079602334022522037e+00
1.036606607627868604e+00
1.014430031394958576e+00
1.028503907775878856e+00
1.009969333934783942e+00
9.875154893875122131e-01
9.553514350891113560e-01
9.324847039222716738e-01
9.411012229919433203e-01
9.241145323753356955e-01
9.362708798408507782e-01
8.185680501937866449e-01
8.671023614883422992e-01
8.355401467323303466e-01
9.391722941398620295e-01
8.827933161735534995e-01
8.818870308876037845e-01
8.220862657546996743e-01
8.466636540412902923e-01
8.556662413597106998e-01
8.925549967765807891e-01
8.725410581588745051e-01
8.212529226303100227e-01
8.558089109420776719e-01
8.456283591270447042e-01
9.270685363769530785e-01
8.655793820381164627e-01
8.264169014930725643e-01
8.111203141212462997e-01
8.551897054672241705e-01
8.579142651557922772e-01
8.617932639122009020e-01
9.246133657455444244e-01
8.371047612190246623e-01
7.906443429946898860e-01
8.702577015876770128e-01
8.317485577583313416e-01
8.788399220466613926e-01
7.633226645469665117e-01
8.001805670738220133e-01
8.269143113136291356e-01
8.161886091232299911e-01
8.639295552253722921e-01
1.130146168518066485e+00
8.218895886421203612e-01
8.661392630577087193e-01
8.459703071594237844e-01
9.085807243347168161e-01
8.998873002052306669e-01
8.822554429054260128e-01
1.085159200859069806e+00
9.267759014129638429e-01
9.001681643486022510e-01
1.046410536003112846e+00
1.017954097938537528e+00
9.613774951934814794e-01
9.353490315437317237e-01
1.086311218833923231e+00
9.464598818778992007e-01
1.038176379776001079e+00
1.011645313072204511e+00
1.098911002540588377e+00
1.214462702751159640e+00
9.763841495513916335e-01
1.054418704986572308e+00
7.248516920089721483e-01
1.032065575981140126e+00
8.266714241981506506e-01
9.340913957595825545e-01
9.741561693191528315e-01
9.028385791778564817e-01
1.004616036224365239e+00
9.129952433586120408e-01
9.214514659881591907e-01
7.819932299613953086e-01
1.013929568481445331e+00
9.449251780509948517e-01
8.480522034645080476e-01
9.510648151397704808e-01
8.182342481613159579e-01
1.016410739707946709e+00
8.882330074310302859e-01
8.419034463882446584e-01
8.351870320320129437e-01
8.572396003723145030e-01
1.099532102966308544e+00
9.708642875671387173e-01
9.640020835876464966e-01
8.304825799942016085e-01
8.756735889434814624e-01
9.653221968650818052e-01
8.843129868507385583e-01
9.144372028350830073e-01
9.159833446502685383e-01
