3.570999999999999730e-01
6.774000000000000021e-01
6.895000000000000018e-01
7.207000000000000073e-01
7.427000000000000268e-01
7.550999999999999934e-01
7.649000000000000243e-01
7.694999999999999618e-01
7.743999999999999773e-01
7.679000000000000270e-01
7.703999999999999737e-01
7.750000000000000222e-01
7.743999999999999773e-01
7.791000000000000147e-01
7.783999999999999808e-01
7.760000000000000231e-01
7.775999999999999579e-01
7.876999999999999558e-01
7.946999999999999620e-01
7.914999999999999813e-01
7.836999999999999522e-01
7.872999999999999998e-01
7.885999999999999677e-01
8.026999999999999691e-01
7.953000000000000069e-01
7.875999999999999668e-01
7.946999999999999620e-01
8.022000000000000242e-01
8.067999999999999616e-01
7.983000000000000096e-01
8.022000000000000242e-01
7.957999999999999519e-01
8.063000000000000167e-01
8.083000000000000185e-01
8.115999999999999881e-01
8.111000000000000432e-01
8.172000000000000375e-01
8.014999999999999902e-01
7.979000000000000536e-01
8.067999999999999616e-01
8.038999999999999480e-01
8.064999999999999947e-01
8.034999999999999920e-01
7.941000000000000281e-01
8.176999999999999824e-01
8.139999999999999458e-01
8.024000000000000021e-01
8.135999999999999899e-01
8.064000000000000057e-01
7.808000000000000496e-01
8.183000000000000274e-01
8.046999999999999709e-01
7.987999999999999545e-01
7.977999999999999536e-01
8.022000000000000242e-01
8.092000000000000304e-01
7.798000000000000487e-01
8.076999999999999735e-01
8.104999999999999982e-01
8.021000000000000352e-01
7.986999999999999655e-01
7.971000000000000307e-01
8.063000000000000167e-01
7.985999999999999766e-01
8.114999999999999991e-01
7.965999999999999748e-01
7.989000000000000545e-01
7.924999999999999822e-01
7.806999999999999496e-01
8.042000000000000259e-01
7.941000000000000281e-01
8.120000000000000551e-01
7.945999999999999730e-01
8.202000000000000401e-01
8.064999999999999947e-01
8.032000000000000250e-01
8.213000000000000300e-01
8.101000000000000423e-01
8.185999999999999943e-01
8.155000000000000027e-01
8.236999999999999877e-01
8.066999999999999726e-01
8.141000000000000458e-01
8.198999999999999622e-01
8.126999999999999780e-01
8.142000000000000348e-01
8.106999999999999762e-01
8.257999999999999785e-01
8.260999999999999455e-01
8.282000000000000473e-01
8.268999999999999684e-01
8.217999999999999750e-01
8.234000000000000208e-01
8.272000000000000464e-01
8.278999999999999693e-01
8.242000000000000437e-01
8.161000000000000476e-01
8.219999999999999529e-01
8.256000000000000005e-01
8.202000000000000401e-01
