1.646735166740417533e+00
2.464807904243469239e-01
1.512392361402511709e-01
1.148817922592163115e-01
9.143662080764770883e-02
7.841718477010727051e-02
6.929210751056670559e-02
6.095943415760993883e-02
5.500837922692299042e-02
5.057405979633331633e-02
4.667909798026084744e-02
4.391259401142597052e-02
4.032058206200599820e-02
3.848065017759799700e-02
3.676805995404720112e-02
3.534112456440925698e-02
3.317947745919227337e-02
3.223974592089653285e-02
3.014940658211708036e-02
2.988856047689914669e-02
2.847867285311221977e-02
2.721313950717449068e-02
2.766347298324108028e-02
2.593177374005317670e-02
2.556049021333456003e-02
2.507499230206012772e-02
2.400951151847839291e-02
2.435563068240880966e-02
2.426631181091070191e-02
2.313231212347745952e-02
2.225502123236656332e-02
2.242344715148210377e-02
2.263865581750869674e-02
2.187780519723892328e-02
2.060509554743766847e-02
2.096321542710065725e-02
2.039852203130721950e-02
2.076239885091781673e-02
2.015685298442840626e-02
1.946224268227815524e-02
1.938605454862117605e-02
1.949109742641448942e-02
1.953699916899204192e-02
1.913670536577701670e-02
1.795014457553625181e-02
1.918955160230398013e-02
1.825665758848190462e-02
1.841025889962911652e-02
1.875500137358903849e-02
1.787240698933601282e-02
1.827074328064918346e-02
2.009414091259241128e-02
1.756196367591619442e-02
1.824868819266557696e-02
1.897020788639783989e-02
1.828542086780071338e-02
1.844902145862579307e-02
1.728842148333787840e-02
1.794476886242627953e-02
1.787062148898839811e-02
1.778907940983772210e-02
1.819904112070798788e-02
1.775327131152153182e-02
1.727948614507913636e-02
1.753496614247560328e-02
1.814446321278810614e-02
1.777134004831314174e-02
1.767025728225708053e-02
1.781180229634046416e-02
1.769471663981676129e-02
1.742508941292762736e-02
1.750952478572726304e-02
1.681526253223419171e-02
1.811640882194042249e-02
1.776626601219177121e-02
1.769788145571947122e-02
1.871240102201700284e-02
1.798213845640420777e-02
1.826787145808339216e-02
1.882702839821577198e-02
1.694666334614157790e-02
1.905172357857227300e-02
1.718822282850742192e-02
1.656997303441166969e-02
1.671983009427785785e-02
1.701886823326349135e-02
1.678189025744795948e-02
1.725226187705993647e-02
1.768532257229089855e-02
1.751583253517747032e-02
1.772977587878703937e-02
1.704341197237372457e-02
1.744969278126955181e-02
1.831095978990197187e-02
1.689092771410942093e-02
1.776247324496507685e-02
1.735454651713371280e-02
1.723206626623868809e-02
1.843617543727159649e-02
1.840395731329918030e-02
