4.096000000000000196e-01
7.531999999999999806e-01
7.999000000000000554e-01
8.266999999999999904e-01
8.419999999999999707e-01
8.551999999999999602e-01
8.577000000000000179e-01
8.592999999999999527e-01
8.640999999999999792e-01
8.656000000000000361e-01
8.636000000000000343e-01
8.691999999999999726e-01
8.675000000000000488e-01
8.709999999999999964e-01
8.670999999999999819e-01
8.726000000000000423e-01
8.729000000000000092e-01
8.727000000000000313e-01
8.686000000000000387e-01
8.739000000000000101e-01
8.718000000000000194e-01
8.716000000000000414e-01
8.718000000000000194e-01
8.753999999999999559e-01
8.736000000000000432e-01
8.741999999999999771e-01
8.695000000000000506e-01
8.727000000000000313e-01
8.769000000000000128e-01
8.758000000000000229e-01
8.763999999999999568e-01
8.710999999999999854e-01
8.762999999999999678e-01
8.723999999999999533e-01
8.739999999999999991e-01
8.743999999999999551e-01
8.689000000000000057e-01
8.745000000000000551e-01
8.716000000000000414e-01
8.749000000000000110e-01
8.721999999999999753e-01
8.706000000000000405e-01
8.729000000000000092e-01
8.729999999999999982e-01
8.619999999999999885e-01
8.769000000000000128e-01
8.722999999999999643e-01
8.763999999999999568e-01
8.723999999999999533e-01
8.659000000000000030e-01
8.758000000000000229e-01
8.747000000000000330e-01
8.750000000000000000e-01
8.750999999999999890e-01
8.739999999999999991e-01
8.745000000000000551e-01
8.758000000000000229e-01
8.749000000000000110e-01
8.781999999999999806e-01
8.783999999999999586e-01
8.722999999999999643e-01
8.673999999999999488e-01
8.738000000000000211e-01
8.729999999999999982e-01
8.712999999999999634e-01
8.770999999999999908e-01
8.779000000000000137e-01
8.787000000000000366e-01
8.776000000000000467e-01
8.776000000000000467e-01
8.776000000000000467e-01
8.711999999999999744e-01
8.767000000000000348e-01
8.757000000000000339e-01
8.745000000000000551e-01
8.735000000000000542e-01
8.746000000000000441e-01
8.746000000000000441e-01
8.797000000000000375e-01
8.793999999999999595e-01
8.750999999999999890e-01
8.718000000000000194e-01
8.669999999999999929e-01
8.677000000000000268e-01
8.696000000000000396e-01
8.681999999999999718e-01
8.771999999999999797e-01
8.729000000000000092e-01
8.738000000000000211e-01
8.749000000000000110e-01
8.766000000000000458e-01
8.620999999999999774e-01
8.699999999999999956e-01
8.733999999999999542e-01
8.769000000000000128e-01
8.750000000000000000e-01
8.736000000000000432e-01
8.741999999999999771e-01
8.774999999999999467e-01
8.739999999999999991e-01
