2.336999999999999911e-01
5.794000000000000261e-01
6.442999999999999838e-01
6.693000000000000060e-01
6.746999999999999664e-01
6.750000000000000444e-01
7.141999999999999460e-01
7.480999999999999872e-01
7.883999999999999897e-01
8.359999999999999654e-01
8.227999999999999758e-01
8.234000000000000208e-01
8.567000000000000171e-01
8.657000000000000250e-01
8.470999999999999641e-01
8.512999999999999456e-01
8.584000000000000519e-01
8.834999999999999520e-01
8.870000000000000107e-01
8.425000000000000266e-01
8.670999999999999819e-01
8.700999999999999845e-01
8.751999999999999780e-01
8.772999999999999687e-01
8.794999999999999485e-01
8.749000000000000110e-01
8.860999999999999988e-01
8.849000000000000199e-01
8.848000000000000309e-01
8.849000000000000199e-01
8.981999999999999984e-01
8.802999999999999714e-01
8.937000000000000499e-01
8.776000000000000467e-01
8.767000000000000348e-01
8.977000000000000535e-01
8.783999999999999586e-01
8.872999999999999776e-01
8.838000000000000300e-01
8.875999999999999446e-01
8.935999999999999499e-01
8.695000000000000506e-01
9.072999999999999954e-01
8.960000000000000187e-01
8.981999999999999984e-01
8.139999999999999458e-01
8.918000000000000371e-01
8.792999999999999705e-01
8.687000000000000277e-01
9.085999999999999632e-01
9.028000000000000469e-01
8.621999999999999664e-01
8.888000000000000345e-01
8.589999999999999858e-01
8.810000000000000053e-01
8.749000000000000110e-01
8.974999999999999645e-01
9.098000000000000531e-01
8.669000000000000039e-01
9.180000000000000382e-01
9.136999999999999567e-01
8.741999999999999771e-01
8.797000000000000375e-01
8.778000000000000247e-01
8.829000000000000181e-01
9.070000000000000284e-01
8.760000000000000009e-01
8.787000000000000366e-01
8.989000000000000323e-01
9.034999999999999698e-01
8.978000000000000425e-01
9.004999999999999671e-01
8.920000000000000151e-01
9.051000000000000156e-01
9.076999999999999513e-01
8.427999999999999936e-01
8.942999999999999838e-01
8.880000000000000115e-01
8.812999999999999723e-01
8.887000000000000455e-01
8.751999999999999780e-01
8.978000000000000425e-01
8.830000000000000071e-01
8.899000000000000243e-01
8.892999999999999794e-01
8.909000000000000252e-01
9.030000000000000249e-01
9.013999999999999790e-01
8.850999999999999979e-01
8.942999999999999838e-01
8.998000000000000442e-01
8.931000000000000050e-01
8.933999999999999719e-01
8.907000000000000473e-01
8.941999999999999948e-01
8.950000000000000178e-01
8.908000000000000362e-01
8.849000000000000199e-01
8.929000000000000270e-01
8.951000000000000068e-01
