1.646735120773315408e+00
2.464807816267013674e-01
1.512392365455627330e-01
1.148817930221557593e-01
9.143662388324737267e-02
7.841718649864196089e-02
6.929210739731789248e-02
6.095943272113799744e-02
5.500837854146957417e-02
5.057405665516853666e-02
4.667909588217735578e-02
4.391259453892707582e-02
4.032057710289955327e-02
3.848065017759799700e-02
3.676805861890315719e-02
3.534112485647201291e-02
3.317947555184364017e-02
3.223974439501762351e-02
3.014940629601478572e-02
2.988855937719345213e-02
2.847867405414581179e-02
2.721313774585723891e-02
2.766347393691539688e-02
2.593177269697189216e-02
2.556049416810273964e-02
2.507499259412288711e-02
2.400951500833034546e-02
2.435562917888164577e-02
2.426631333976984189e-02
2.313231031745672378e-02
2.225502176284789926e-02
2.242344885468482846e-02
2.263865729570388799e-02
2.187780458778142839e-02
2.060509563982486705e-02
2.096321628838777526e-02
2.039852073341608119e-02
2.076239899992942881e-02
2.015685279667377497e-02
1.946224125176668207e-02
1.938605636954307543e-02
1.949109753817319934e-02
1.953699981421232190e-02
1.913670406639575786e-02
1.795014568418264525e-02
1.918955295681953541e-02
1.825665784925222315e-02
1.841025870293378983e-02
1.875500259697437250e-02
1.787240649610757903e-02
1.827074374854564809e-02
2.009414234310388445e-02
1.756196355223655844e-02
1.824868886321782957e-02
1.897020740956067986e-02
1.828541936278343244e-02
1.844902250170707761e-02
1.728842287808656647e-02
1.794476938992738829e-02
1.787062337398528933e-02
1.778908020108938351e-02
1.819904157072305823e-02
1.775327306091785406e-02
1.727948860377073390e-02
1.753496591225266535e-02
1.814446324259042648e-02
1.777133658528327886e-02
1.767025521248578868e-02
1.781179920285940257e-02
1.769471367746591403e-02
1.742508890181779929e-02
1.750952431038022006e-02
1.681526030376553557e-02
1.811641101390123326e-02
1.776626725047826885e-02
1.769788008928298989e-02
1.871240082979202385e-02
1.798213831186294687e-02
1.826787254065275271e-02
1.882702849060297057e-02
1.694666265100240599e-02
1.905172472000122089e-02
1.718821826502680769e-02
1.656997393369674665e-02
1.671983095109462816e-02
1.701886777579784266e-02
1.678188686221837936e-02
1.725226060524582758e-02
1.768532215356826906e-02
1.751583099886774852e-02
1.772977615371346474e-02
1.704341441020369372e-02
1.744969212412834231e-02
1.831095859780907525e-02
1.689092836976051337e-02
1.776247103214263767e-02
1.735454881489276874e-02
1.723206463158130641e-02
1.843617480546235962e-02
1.840395808964967808e-02
