1.766457157135009837e+00
1.192705327415466199e+00
9.010345011711120566e-01
6.217015917778014877e-01
4.551565762519836356e-01
3.913751811981200923e-01
3.319073995113372977e-01
2.800718152999878141e-01
2.903508003234863133e-01
2.691763137340545398e-01
2.200202533006667960e-01
2.489663034915924056e-01
2.434397598266601626e-01
2.585246450901031445e-01
2.200803136348724320e-01
2.303536742687225247e-01
1.970127944231033212e-01
2.597938526630401701e-01
2.873515284538268877e-01
2.346409342527389641e-01
2.358010490417480343e-01
2.274833945751190134e-01
2.078988049745559563e-01
2.070486786365509091e-01
2.790516137599944879e-01
2.796548423290252661e-01
2.303116522789001586e-01
1.895639469861984117e-01
2.428939181566238392e-01
2.433304969787597749e-01
1.992733761310577500e-01
2.232180834293365501e-01
1.957631283521652221e-01
2.203534040927886961e-01
2.154317389488220325e-01
2.095918329954147286e-01
2.619183929920196330e-01
2.179681083679199105e-01
1.808179585933685218e-01
2.654443605899810543e-01
2.459654913425445566e-01
2.255910205364227428e-01
1.996464161872863741e-01
1.847899538278579834e-01
2.163590212345123387e-01
2.561508387565613054e-01
2.724707761287689101e-01
1.878327916145324794e-01
2.210372707366943246e-01
2.297457200288772483e-01
2.172031864881515395e-01
2.073398243188858125e-01
2.485827495813369703e-01
2.365330453395843580e-01
2.287679859161377005e-01
2.477418576955795204e-01
1.995920480966567878e-01
2.729776772975921473e-01
2.026226763248443474e-01
2.121782008886337334e-01
1.996878981590270996e-01
1.907493945837020755e-01
2.096918568849563680e-01
1.834328472375869878e-01
2.253625230789184641e-01
2.233463628292083614e-01
1.883354948997497669e-01
1.907952144384384152e-01
1.967330816984176611e-01
2.070976200819015511e-01
1.787640682935714709e-01
1.772827143192291233e-01
3.074123453140258921e-01
2.228518681049346806e-01
1.861787210226059086e-01
2.139958087921142449e-01
1.980853886604309055e-01
2.214090589761734118e-01
1.963971632242202670e-01
2.209824718713760405e-01
2.449496519565582398e-01
2.352624603509902990e-01
2.137629520416259865e-01
3.256762945652008079e-01
2.325455046176910512e-01
2.130820078372955284e-01
3.050787055492401034e-01
2.399044032812118477e-01
2.024380866289138825e-01
2.453048598289489790e-01
3.377016400337219393e-01
2.276534967422485234e-01
1.793600135326385570e-01
2.354540014743805032e-01
2.065384571790695178e-01
1.770416210889816377e-01
2.050323575019836475e-01
2.241555306434631356e-01
2.061305189609527466e-01
2.232001552820205570e-01
