3.725999999999999868e-01
6.122999999999999554e-01
6.675999999999999712e-01
7.588000000000000300e-01
8.362000000000000544e-01
8.640999999999999792e-01
8.849000000000000199e-01
9.028000000000000469e-01
8.971999999999999975e-01
9.074999999999999734e-01
9.252000000000000224e-01
9.163000000000000034e-01
9.197999999999999510e-01
9.151000000000000245e-01
9.258999999999999453e-01
9.253000000000000114e-01
9.335999999999999854e-01
9.202000000000000179e-01
9.127999999999999448e-01
9.256999999999999673e-01
9.263000000000000123e-01
9.295999999999999819e-01
9.346999999999999753e-01
9.354999999999999982e-01
9.192000000000000171e-01
9.185999999999999721e-01
9.307999999999999607e-01
9.408999999999999586e-01
9.273000000000000131e-01
9.283000000000000140e-01
9.397999999999999687e-01
9.341000000000000414e-01
9.395999999999999908e-01
9.345999999999999863e-01
9.352000000000000313e-01
9.382000000000000339e-01
9.251000000000000334e-01
9.394000000000000128e-01
9.469999999999999529e-01
9.290000000000000480e-01
9.285999999999999810e-01
9.394000000000000128e-01
9.427999999999999714e-01
9.491000000000000547e-01
9.407999999999999696e-01
9.287999999999999590e-01
9.274999999999999911e-01
9.457999999999999741e-01
9.384000000000000119e-01
9.361000000000000432e-01
9.401000000000000467e-01
9.414000000000000146e-01
9.330000000000000515e-01
9.334999999999999964e-01
9.336999999999999744e-01
9.363000000000000211e-01
9.425999999999999934e-01
9.243000000000000105e-01
9.406999999999999806e-01
9.439999999999999503e-01
9.465999999999999970e-01
9.476999999999999869e-01
9.436999999999999833e-01
9.495999999999999996e-01
9.404000000000000137e-01
9.416999999999999815e-01
9.482000000000000428e-01
9.484000000000000208e-01
9.458999999999999631e-01
9.425000000000000044e-01
9.516999999999999904e-01
9.513000000000000345e-01
9.254999999999999893e-01
9.379999999999999449e-01
9.505000000000000115e-01
9.475999999999999979e-01
9.484000000000000208e-01
9.425999999999999934e-01
9.477999999999999758e-01
9.446999999999999842e-01
9.398999999999999577e-01
9.429999999999999494e-01
9.448999999999999622e-01
9.260000000000000453e-01
9.439999999999999503e-01
9.445000000000000062e-01
9.257999999999999563e-01
9.421000000000000485e-01
9.447999999999999732e-01
9.383000000000000229e-01
9.222000000000000197e-01
9.423000000000000265e-01
9.543000000000000371e-01
9.395999999999999908e-01
9.482000000000000428e-01
9.533000000000000362e-01
9.492000000000000437e-01
9.432000000000000384e-01
9.493000000000000327e-01
9.451000000000000512e-01
