1.641993759346008330e+00
1.185881891822814893e+00
9.514284981727599844e-01
7.264605540275573814e-01
5.844492165565490227e-01
5.223452275276183610e-01
4.901185640811920319e-01
4.719848062038421443e-01
3.887660496711731195e-01
4.082101811408996306e-01
3.661590339660644733e-01
3.388874855518341223e-01
3.146787542343139621e-01
2.683090204715729010e-01
3.051080701828002839e-01
2.703085095167159779e-01
3.011376264095306232e-01
3.066193968534469683e-01
2.730682422637939477e-01
3.001087330102920614e-01
3.008315205335617137e-01
2.885627287864684920e-01
2.823231067895889401e-01
3.534763817787170415e-01
2.420379527330398517e-01
3.203486233949661144e-01
2.848897658824920409e-01
2.506630441188812397e-01
2.670777401208877522e-01
3.293592734813690082e-01
2.485923922061920033e-01
3.001671382904052554e-01
2.942830765247345104e-01
2.443823445796966531e-01
2.393994463205337542e-01
2.422672299385070782e-01
2.517720737695693933e-01
2.921059615373611251e-01
3.007832417964935168e-01
3.029725590944289948e-01
2.974290837287902889e-01
2.678172977447509928e-01
2.757601399183273183e-01
2.839307391881942810e-01
3.949822362899780281e-01
2.592961242437362701e-01
2.862465028762817276e-01
2.488813253879547105e-01
2.918837039709091252e-01
4.994725728034973278e-01
3.664455009937286345e-01
3.342682584047317329e-01
3.345995251655578540e-01
3.392531311273574990e-01
3.193192883253097580e-01
2.770492230415343982e-01
3.424566174745559688e-01
3.485429042816162171e-01
3.392003682136535692e-01
3.057945568323135466e-01
2.676718654155731403e-01
2.935743618249893050e-01
2.423836407423019534e-01
2.475677858352661187e-01
3.645918874025345091e-01
2.939207933902740488e-01
2.820987559795379851e-01
3.498929025650024394e-01
3.367671197891235479e-01
3.022359483003616565e-01
3.377370389938354478e-01
4.444774363517761118e-01
3.150703618764877367e-01
2.892925796747207734e-01
2.824523468494415379e-01
4.200382926464080735e-01
2.321959768056869600e-01
3.310280412197112998e-01
3.353833041191101039e-01
3.200504627466201901e-01
2.586492873430252248e-01
2.725840541124343597e-01
3.102423315048217778e-01
2.817439265489578015e-01
2.513284034729003635e-01
2.870053861618042101e-01
2.872483994245529360e-01
2.418721009731292781e-01
2.624624271631240680e-01
2.529346890926361113e-01
2.546266738176345967e-01
2.361184989333152684e-01
2.745444888591766497e-01
2.985827802181243995e-01
3.139583268642425762e-01
3.174855990171432385e-01
3.391569950580596848e-01
2.588748720645904777e-01
3.055154583930969059e-01
3.397590546369552711e-01
