4.867000000000000215e-01
6.693000000000000060e-01
7.228999999999999870e-01
7.940000000000000391e-01
8.162000000000000366e-01
8.356999999999999984e-01
8.438999999999999835e-01
8.467999999999999972e-01
8.730999999999999872e-01
8.712999999999999634e-01
8.812999999999999723e-01
8.940000000000000169e-01
9.063999999999999835e-01
9.170000000000000373e-01
9.110000000000000320e-01
9.180000000000000382e-01
9.083999999999999853e-01
9.173999999999999932e-01
9.169000000000000483e-01
9.108000000000000540e-01
9.133000000000000007e-01
9.145999999999999686e-01
9.187999999999999501e-01
9.049000000000000377e-01
9.330000000000000515e-01
9.165999999999999703e-01
9.237999999999999545e-01
9.302000000000000268e-01
9.300000000000000488e-01
9.160000000000000364e-01
9.304999999999999938e-01
9.217999999999999527e-01
9.243000000000000105e-01
9.327999999999999625e-01
9.364999999999999991e-01
9.344000000000000083e-01
9.323000000000000176e-01
9.256999999999999673e-01
9.221000000000000307e-01
9.261000000000000343e-01
9.258999999999999453e-01
9.304000000000000048e-01
9.270000000000000462e-01
9.270000000000000462e-01
9.072999999999999954e-01
9.335999999999999854e-01
9.305999999999999828e-01
9.395999999999999908e-01
9.284999999999999920e-01
8.798000000000000265e-01
9.055999999999999606e-01
9.126999999999999558e-01
9.161000000000000254e-01
9.151000000000000245e-01
9.206999999999999629e-01
9.294000000000000039e-01
9.160000000000000364e-01
9.167999999999999483e-01
9.163999999999999924e-01
9.271000000000000352e-01
9.335999999999999854e-01
9.298999999999999488e-01
9.412000000000000366e-01
9.399999999999999467e-01
9.164999999999999813e-01
9.292000000000000259e-01
9.317999999999999616e-01
9.144999999999999796e-01
9.175999999999999712e-01
9.298999999999999488e-01
9.220000000000000417e-01
9.053999999999999826e-01
9.231000000000000316e-01
9.328999999999999515e-01
9.330000000000000515e-01
9.112000000000000099e-01
9.445000000000000062e-01
9.266999999999999682e-01
9.179000000000000492e-01
9.233000000000000096e-01
9.395999999999999908e-01
9.325999999999999845e-01
9.265999999999999792e-01
9.305999999999999828e-01
9.364999999999999991e-01
9.308999999999999497e-01
9.288999999999999480e-01
9.398999999999999577e-01
9.354999999999999982e-01
9.364000000000000101e-01
9.374000000000000110e-01
9.447999999999999732e-01
9.361000000000000432e-01
9.317999999999999616e-01
9.261000000000000343e-01
9.264999999999999902e-01
9.253000000000000114e-01
9.435000000000000053e-01
9.363000000000000211e-01
9.260000000000000453e-01
