3.277114615249633989e+00
1.892343360900878846e+00
1.909839897727966251e+00
1.711901971054077043e+00
1.578010363960266060e+00
1.438042936706543040e+00
1.399719619178771968e+00
1.287904286193847669e+00
1.251178739738464385e+00
1.124330678367614800e+00
1.080680717468261776e+00
1.029510939025878979e+00
9.541210517883300657e-01
8.857607391357421589e-01
8.546572354316711584e-01
8.123523812294006774e-01
8.071374778747558709e-01
8.191378038406371687e-01
8.533404447555541505e-01
8.644586951255798235e-01
9.095558811187743897e-01
9.427122360229491793e-01
9.708772420883178267e-01
9.713623592376708915e-01
9.711897119522094890e-01
1.112810181045532198e+00
1.217111393547058107e+00
1.265948752021789581e+00
1.162046384429931578e+00
1.159079069709777920e+00
1.065638141250610404e+00
1.169453450202941891e+00
1.228555905342102017e+00
1.281782033157348621e+00
1.303528664779663115e+00
1.330068743324279712e+00
1.358483184432983437e+00
1.356798552513122536e+00
1.318550662231445347e+00
1.266813488197326754e+00
1.271707366561889652e+00
1.185022054481506437e+00
1.058024993896484300e+00
1.155020710182189880e+00
1.236588067626953169e+00
1.280791485404968233e+00
1.301723267173767074e+00
1.326076573371887113e+00
1.360638349723815921e+00
1.334438387680053628e+00
1.204768750762939433e+00
1.269953439521789518e+00
1.304720400810241765e+00
1.331544086074829103e+00
1.361185432434081966e+00
1.365542080497741617e+00
1.328624432563781710e+00
1.197599183654785238e+00
1.171958945083618087e+00
1.127532011604309048e+00
1.014041327095031697e+00
1.161895999526977530e+00
1.190738015556335405e+00
1.248249213409423852e+00
1.257753892898559656e+00
1.215711398506164498e+00
1.152270959663391103e+00
1.214304185485839849e+00
1.263002759933471664e+00
1.290479316711425684e+00
1.312337849617004393e+00
1.336701382064819255e+00
1.352785615158081045e+00
1.368324546813964870e+00
1.379608672714233375e+00
1.398441447257995573e+00
1.406388561820983929e+00
1.413791889190673778e+00
1.422917357635498092e+00
1.313476420593261640e+00
1.302042333793640205e+00
1.311502555084228527e+00
1.243501570892334041e+00
1.162127741622924759e+00
1.105077891159057524e+00
1.158707477188110291e+00
1.275938756752014180e+00
1.177074226379394517e+00
1.232958235740661657e+00
1.193916655731201093e+00
1.084018772697448840e+00
1.120060542106628310e+00
1.181943458557128901e+00
1.241892454528808587e+00
1.277100220870971636e+00
1.264531215095519912e+00
1.234246633148193384e+00
1.244349328422546419e+00
1.285052028274536129e+00
1.325448839187622019e+00
