8.310456317138671167e+00
1.921597686195373633e+00
2.023760885238647500e+00
2.111367637252807405e+00
1.788849531364441026e+00
1.725887879943847736e+00
1.628987069511413477e+00
1.667711103057861299e+00
1.611596314811706510e+00
1.772811347961425810e+00
1.545207668876647844e+00
1.564886843490600477e+00
1.669398015785217293e+00
1.864768813705444339e+00
1.762659888076782311e+00
2.063494919586181808e+00
2.301857222747802911e+00
2.554505685424804717e+00
2.125443017578124927e+00
2.535923922729492297e+00
2.440931386184692187e+00
2.578223190307617152e+00
2.424458557891845611e+00
2.588728764343261712e+00
2.544863611984252927e+00
2.568778666687011825e+00
2.567327617263793993e+00
2.823982262802124055e+00
2.689304438018798926e+00
2.692069038391113445e+00
2.575023021697997905e+00
2.576334017944335919e+00
2.552743929290771430e+00
2.496490355300903463e+00
2.494948146820068491e+00
2.471566341018676560e+00
2.483053577041625992e+00
2.462304141998290952e+00
2.644198220062255800e+00
2.439651710510253757e+00
2.461906830215454089e+00
2.440478100967407027e+00
2.470771484375000160e+00
2.455884788131713847e+00
2.448433214569091909e+00
2.446733874130249120e+00
2.479525661849975471e+00
2.573494091033935671e+00
2.395655862426757654e+00
2.430342837524414268e+00
2.389183594894409346e+00
2.385003742218017475e+00
2.386496260452270590e+00
2.377221054077148565e+00
2.377130287551879828e+00
2.381630874633788864e+00
2.362356133651733359e+00
2.374090538787841709e+00
2.370733121490478545e+00
2.365886944580078310e+00
2.377330506896972562e+00
2.367906755065917856e+00
2.375248535919189496e+00
2.363933497619628898e+00
2.363830464172363310e+00
2.369332660293578918e+00
2.359446749877929683e+00
2.352720314788818268e+00
2.350327094268799044e+00
2.350779977416992406e+00
2.355601210021972758e+00
2.355509947204589949e+00
2.343706369018554891e+00
2.358692957687377856e+00
2.355290354919433504e+00
2.347056865310669149e+00
2.339231290817260778e+00
2.353786448287964017e+00
2.348409829711914032e+00
2.350315797805786033e+00
2.349951015472412141e+00
2.356522382736205845e+00
2.357856212234497040e+00
2.345893358230590753e+00
2.353261280059814275e+00
2.353388051986694318e+00
2.361131182479858204e+00
2.351039468765258711e+00
2.353772427749633689e+00
2.344130848312377946e+00
2.345302854919433688e+00
2.350069664764404376e+00
2.343370396041870141e+00
2.348072787094116265e+00
2.343379225158691348e+00
2.347497414398193261e+00
2.349607740020752011e+00
2.344694310760497835e+00
2.348978593063354658e+00
2.354632335281372058e+00
