1.537999999999999923e-01
1.504000000000000059e-01
2.441000000000000114e-01
2.867999999999999994e-01
3.175000000000000044e-01
3.728000000000000203e-01
3.961000000000000076e-01
4.212000000000000188e-01
4.252000000000000224e-01
4.358000000000000207e-01
4.197000000000000175e-01
4.277000000000000246e-01
4.366999999999999771e-01
4.424000000000000155e-01
3.960000000000000187e-01
4.282000000000000250e-01
4.662999999999999923e-01
4.267000000000000237e-01
4.324999999999999956e-01
4.676000000000000156e-01
4.662999999999999923e-01
4.475000000000000089e-01
4.484000000000000208e-01
4.889000000000000012e-01
4.833000000000000074e-01
4.865999999999999770e-01
4.756000000000000227e-01
4.912000000000000255e-01
4.728999999999999870e-01
4.843000000000000083e-01
4.989000000000000101e-01
4.963000000000000189e-01
4.686000000000000165e-01
4.914000000000000035e-01
5.092999999999999750e-01
5.070999999999999952e-01
5.099000000000000199e-01
4.979000000000000092e-01
5.123999999999999666e-01
5.149000000000000243e-01
5.169000000000000261e-01
5.190000000000000169e-01
5.190000000000000169e-01
5.189000000000000279e-01
5.192999999999999838e-01
5.191999999999999948e-01
5.203999999999999737e-01
5.192999999999999838e-01
5.195999999999999508e-01
5.189000000000000279e-01
5.193999999999999728e-01
5.201999999999999957e-01
5.194999999999999618e-01
5.197000000000000508e-01
5.207000000000000517e-01
5.202999999999999847e-01
5.188000000000000389e-01
5.192999999999999838e-01
5.191000000000000059e-01
5.198000000000000398e-01
5.194999999999999618e-01
5.204999999999999627e-01
5.197000000000000508e-01
5.191999999999999948e-01
5.181999999999999940e-01
5.185999999999999499e-01
5.197000000000000508e-01
5.198000000000000398e-01
5.202999999999999847e-01
5.210000000000000187e-01
5.199000000000000288e-01
5.202999999999999847e-01
5.198000000000000398e-01
5.201999999999999957e-01
5.192999999999999838e-01
5.204999999999999627e-01
5.202999999999999847e-01
5.201999999999999957e-01
5.200000000000000178e-01
5.201999999999999957e-01
5.203999999999999737e-01
5.199000000000000288e-01
5.200000000000000178e-01
5.201000000000000068e-01
5.209000000000000297e-01
5.204999999999999627e-01
5.195999999999999508e-01
5.202999999999999847e-01
5.191999999999999948e-01
5.201999999999999957e-01
5.198000000000000398e-01
5.203999999999999737e-01
5.195999999999999508e-01
5.197000000000000508e-01
5.198000000000000398e-01
5.204999999999999627e-01
5.201000000000000068e-01
5.203999999999999737e-01
5.205999999999999517e-01
5.187000000000000499e-01
