3.392257656249999798e+01
2.958845507812500220e+00
2.489158595657348538e+00
1.876057737731933628e+00
1.871171225738525346e+00
1.700258093261718839e+00
1.713444784545898436e+00
1.580717176818847713e+00
1.579018556213378943e+00
1.552881552314758329e+00
1.651064355468750078e+00
1.668324101829528727e+00
1.734682524490356537e+00
1.816617920684814536e+00
2.171335000228881817e+00
2.187475247192382621e+00
1.922822787857055626e+00
2.576268195343017542e+00
2.703657122802734403e+00
2.406754664230346563e+00
2.476839079284668177e+00
2.894151666641235465e+00
2.800230027389526199e+00
2.545122811126709017e+00
2.849097712707519658e+00
2.850967531585693493e+00
2.964838583374023617e+00
2.899612681579589957e+00
2.903019063949584755e+00
2.781334046936035254e+00
2.822464393997192289e+00
2.879961650848388732e+00
3.095293515014648555e+00
2.891056091308593867e+00
2.649404190826416094e+00
2.791488536453246905e+00
2.700318132781982516e+00
2.828932135391235558e+00
2.653322773361205922e+00
2.649772353744507036e+00
2.620335140228271520e+00
2.604615080261230453e+00
2.583496237182617339e+00
2.545651436614990271e+00
2.537479088973999097e+00
2.513686595535278290e+00
2.491824847030639667e+00
2.489048853302001874e+00
2.465429762649536283e+00
2.440229118728637570e+00
2.467134933471679670e+00
2.479648025512695142e+00
2.472748779678344722e+00
2.468178901672363423e+00
2.463787280654907264e+00
2.470335005187988209e+00
2.464854794311523545e+00
2.455081840515136893e+00
2.466915356445312568e+00
2.456647877883911146e+00
2.451557802581787016e+00
2.447292628479003973e+00
2.453930092239379857e+00
2.455675860214233452e+00
2.461999126815795691e+00
2.448446481323242274e+00
2.444169020462036102e+00
2.457828905487060567e+00
2.442347479248046849e+00
2.445077992248535281e+00
2.441200955200195200e+00
2.442362165451049894e+00
2.433908096694946455e+00
2.429216983032226551e+00
2.431796051788329915e+00
2.434141098022461147e+00
2.435103545379638579e+00
2.438226454544067501e+00
2.428112655639648398e+00
2.430822879028320394e+00
2.430474813842773418e+00
2.431811138534545780e+00
2.434820714187622137e+00
2.432757419586181857e+00
2.438541196060180827e+00
2.435814364624023565e+00
2.429362071609497242e+00
2.431014666748046782e+00
2.437751242065429480e+00
2.438594687271117945e+00
2.433885492324828981e+00
2.428991338729858285e+00
2.443865707397460785e+00
2.425234651184081880e+00
2.435629072952270491e+00
2.427688496398925810e+00
2.428258766174316463e+00
2.428052432632446411e+00
2.425559579086303597e+00
2.435889331054687634e+00
