1.339208905792236415e+01
2.208100603103637649e+00
1.949036639404296833e+00
1.711876449775695752e+00
1.721739365959167545e+00
1.694214552307128807e+00
2.039018412780761569e+00
1.543063088798523053e+00
1.584145848083496011e+00
1.734569384193420438e+00
1.608552403259277286e+00
1.611590495300292858e+00
1.593378863906860454e+00
1.630404965591430555e+00
1.886471163940429685e+00
2.021202167892456103e+00
1.798238980484008875e+00
2.207915234375000146e+00
2.108053144454955952e+00
2.662502811431884719e+00
2.357233850479126147e+00
2.928258678436279183e+00
2.765832268905639602e+00
2.691525214385986242e+00
3.316164297103882053e+00
2.799558821487426741e+00
2.947221055221557418e+00
3.302960028839111217e+00
2.984144862747192484e+00
2.889427921295165902e+00
3.313290934753418071e+00
3.111855650711059518e+00
2.825861007690429805e+00
2.770561710739135819e+00
2.813738273620605579e+00
2.851697257614135950e+00
2.660470472717284984e+00
2.705016586685180524e+00
2.686772427368163907e+00
2.669617201995849509e+00
2.614887206649780360e+00
2.620793870544433801e+00
2.592198248672485494e+00
2.578753206253051822e+00
2.567073731994629071e+00
2.554760551834106330e+00
2.545281349182129116e+00
2.529731948852539158e+00
2.504457749557495116e+00
2.485112596893310766e+00
2.513476675415039274e+00
2.501102415466308404e+00
2.496683105468750163e+00
2.507722606658935760e+00
2.498651420211792207e+00
2.505415230178833053e+00
2.504649214553833048e+00
2.502891748428344609e+00
2.503092094039916837e+00
2.506720172882080266e+00
2.504525665283203306e+00
2.498357549285888712e+00
2.489568614959716708e+00
2.495540929794311413e+00
2.490639836883544955e+00
2.491802384185791031e+00
2.491208676528930521e+00
2.491079185104370097e+00
2.489057468032836784e+00
2.480524472808837810e+00
2.478885772323608183e+00
2.489558883285522661e+00
2.508361151885986295e+00
2.497930382156372087e+00
2.500254906463623250e+00
2.499253152465820360e+00
2.501410903167724520e+00
2.494493923187255824e+00
2.493533039474487456e+00
2.498674572372436398e+00
2.497811587524414012e+00
2.495317233276367119e+00
2.502161197280883709e+00
2.497515831756591975e+00
2.492560675048828056e+00
2.496772561645507871e+00
2.492242691802978527e+00
2.501831443786620923e+00
2.488526528549194428e+00
2.486413493728637736e+00
2.502125631713867371e+00
2.503242375564575184e+00
2.493800705337524626e+00
2.506148698043823231e+00
2.488913100814819312e+00
2.509401846694946148e+00
2.499307543182373248e+00
2.492198463439941225e+00
2.494146332550049028e+00
2.490819764709472750e+00
