3.277114804077148502e+00
1.892343379211425702e+00
1.909839873313903702e+00
1.711901989364624121e+00
1.578010400581359773e+00
1.438042951774597178e+00
1.399719652557372962e+00
1.287904231262207100e+00
1.251178770256042405e+00
1.124330721473693950e+00
1.080680717468261776e+00
1.029510853576660168e+00
9.541210573196411415e-01
8.857607606887817342e-01
8.546572600364684691e-01
8.123523765563964716e-01
8.071374961853027274e-01
8.191378268241882310e-01
8.533405027389526776e-01
8.644586845397949082e-01
9.095558599472045591e-01
9.427121900558471657e-01
9.708773189544678273e-01
9.713623716354370385e-01
9.711897426605224926e-01
1.112810080146789504e+00
1.217111411476135219e+00
1.265948765563964740e+00
1.162046363639831492e+00
1.159079066467285202e+00
1.065637973022460994e+00
1.169453417015075658e+00
1.228555905342102017e+00
1.281782091331481910e+00
1.303528702735900824e+00
1.330068629455566365e+00
1.358483031845092670e+00
1.356798638725280837e+00
1.318550563430786138e+00
1.266813491439819250e+00
1.271707344627380332e+00
1.185022155761718654e+00
1.058025147628784080e+00
1.155020755767822260e+00
1.236588066482543935e+00
1.280791376304626361e+00
1.301723344421386708e+00
1.326076484680175804e+00
1.360638425827026321e+00
1.334438405609130962e+00
1.204768753242492663e+00
1.269953535461425753e+00
1.304720493507385282e+00
1.331544018936157148e+00
1.361185271263122498e+00
1.365541891670227104e+00
1.328624428558349502e+00
1.197599303054809550e+00
1.171959177970886223e+00
1.127532014274597261e+00
1.014041245651245093e+00
1.161895975112914980e+00
1.190738051795959374e+00
1.248249299621581931e+00
1.257754002761840795e+00
1.215711371612548719e+00
1.152270957565307619e+00
1.214304153823852594e+00
1.263002870178222548e+00
1.290479336166381774e+00
1.312337974548339892e+00
1.336701497268676819e+00
1.352785517883300814e+00
1.368324468994140730e+00
1.379608652305603034e+00
1.398441434288024920e+00
1.406388677024841272e+00
1.413791947746276811e+00
1.422917351150512655e+00
1.313476531600952235e+00
1.302042450523376527e+00
1.311502676391601563e+00
1.243501695632934556e+00
1.162127836608886744e+00
1.105077900695800697e+00
1.158707479286193776e+00
1.275938898277282796e+00
1.177074243927001884e+00
1.232958203506469674e+00
1.193916722679138287e+00
1.084018851852416976e+00
1.120060471725463858e+00
1.181943351173400769e+00
1.241892579460144086e+00
1.277100197410583560e+00
1.264531200027465774e+00
1.234246606254577605e+00
1.244349307632446333e+00
1.285052168655395510e+00
1.325448778152465756e+00
