1.021999999999999992e-01
1.376000000000000001e-01
2.942000000000000171e-01
2.980999999999999761e-01
3.155000000000000027e-01
3.634000000000000008e-01
3.482000000000000095e-01
3.849000000000000199e-01
4.305999999999999828e-01
3.841999999999999860e-01
4.551000000000000045e-01
4.559000000000000274e-01
3.996999999999999997e-01
4.144999999999999796e-01
4.420000000000000040e-01
4.386999999999999789e-01
4.433000000000000274e-01
4.424000000000000155e-01
4.506999999999999895e-01
4.670000000000000262e-01
4.603999999999999759e-01
4.388000000000000234e-01
4.552999999999999825e-01
4.688999999999999835e-01
4.712000000000000077e-01
4.499000000000000221e-01
4.741000000000000214e-01
4.620000000000000218e-01
4.914999999999999925e-01
4.923000000000000154e-01
4.879999999999999893e-01
4.971999999999999753e-01
4.808000000000000052e-01
4.989999999999999991e-01
5.040000000000000036e-01
4.993000000000000216e-01
5.111999999999999877e-01
5.131999999999999895e-01
5.221999999999999975e-01
5.201000000000000068e-01
5.232999999999999874e-01
5.244999999999999662e-01
5.238000000000000433e-01
5.245999999999999552e-01
5.265999999999999570e-01
5.271000000000000130e-01
5.252999999999999892e-01
5.230000000000000204e-01
5.262000000000000011e-01
5.263999999999999790e-01
5.254999999999999671e-01
5.252999999999999892e-01
5.269000000000000350e-01
5.262000000000000011e-01
5.272999999999999909e-01
5.248000000000000442e-01
5.262999999999999901e-01
5.249000000000000332e-01
5.263999999999999790e-01
5.260000000000000231e-01
5.255999999999999561e-01
5.249000000000000332e-01
5.256999999999999451e-01
5.247000000000000552e-01
5.258000000000000451e-01
5.251000000000000112e-01
5.276999999999999469e-01
5.271000000000000130e-01
5.263999999999999790e-01
5.248000000000000442e-01
5.251000000000000112e-01
5.256999999999999451e-01
5.243999999999999773e-01
5.259000000000000341e-01
5.258000000000000451e-01
5.259000000000000341e-01
5.259000000000000341e-01
5.252999999999999892e-01
5.260000000000000231e-01
5.259000000000000341e-01
5.262999999999999901e-01
5.262999999999999901e-01
5.261000000000000121e-01
5.261000000000000121e-01
5.261000000000000121e-01
5.251000000000000112e-01
5.256999999999999451e-01
5.260000000000000231e-01
5.260000000000000231e-01
5.271000000000000130e-01
5.247000000000000552e-01
5.238000000000000433e-01
5.262000000000000011e-01
5.265999999999999570e-01
5.245999999999999552e-01
5.272999999999999909e-01
5.262999999999999901e-01
5.254999999999999671e-01
5.248000000000000442e-01
5.253999999999999782e-01
