2.169088969238281379e+02
2.897675296020507663e+00
1.875795667839050385e+00
1.874520690917968802e+00
1.830580680847168074e+00
1.723615087890624897e+00
1.897852421569824255e+00
1.662908896064758224e+00
1.580783572959899796e+00
1.707185850334167476e+00
1.550923131561279256e+00
1.552911983108520522e+00
1.972174337768554775e+00
1.905930719375610316e+00
1.807132677078246985e+00
1.921291682434081993e+00
1.838729129028320308e+00
2.057945681762695322e+00
2.265955831146240218e+00
2.225967891693115153e+00
2.465993403244018722e+00
2.745382236480713001e+00
2.567725452423095689e+00
2.689758864593505994e+00
2.606254363250732453e+00
2.965096147537231275e+00
2.858848945617675774e+00
3.055306735229492254e+00
2.751732694625854680e+00
2.844378627014159999e+00
2.791416352081298680e+00
2.813759317779541025e+00
3.027895192337036079e+00
2.728103566741943542e+00
2.712830027389526499e+00
2.750075155639648550e+00
2.627438429260253727e+00
2.592800540924072195e+00
2.555142671203613158e+00
2.541448393630981517e+00
2.523802707290649483e+00
2.499418763732910165e+00
2.493120056533813411e+00
2.463471562576293739e+00
2.450390213775634596e+00
2.432548118972778450e+00
2.409088201904296955e+00
2.390561450195312521e+00
2.380636269760131984e+00
2.357495492553710825e+00
2.371178861236572288e+00
2.367876655960083010e+00
2.372501912689208847e+00
2.370782864379882948e+00
2.367334139251708880e+00
2.368108574676513811e+00
2.370746606826782177e+00
2.362235073471069313e+00
2.355241339111328269e+00
2.361579348754882623e+00
2.364353744125366141e+00
2.354661365509033377e+00
2.361518890380859492e+00
2.351677960586547655e+00
2.351947221755981587e+00
2.350555413055420040e+00
2.353079893875122064e+00
2.345678771591186429e+00
2.359769686126708788e+00
2.351257886505127015e+00
2.345179372024535969e+00
2.344579870605468574e+00
2.342619131469726668e+00
2.339053155136108231e+00
2.344957712173461939e+00
2.343787918853759589e+00
2.343874621200561670e+00
2.341101661682128743e+00
2.338847081756591617e+00
2.334249063491821374e+00
2.346052579879760902e+00
2.346200203323364430e+00
2.342482579040527479e+00
2.336083112716675014e+00
2.335251071548461788e+00
2.338911164855956848e+00
2.339957149887085031e+00
2.350257781982421967e+00
2.345414740371704276e+00
2.339111325454712009e+00
2.341466819000244115e+00
2.346830701446533052e+00
2.340692708206176587e+00
2.334150487518310335e+00
2.341089108657836704e+00
2.340695202255249185e+00
2.342154410552978572e+00
2.349709537887573418e+00
2.337980391311645700e+00
2.337560735702514769e+00
