3.277114840698242215e+00
1.892343369865417513e+00
1.909839915657043363e+00
1.711902044677734436e+00
1.578010382270812917e+00
1.438042924118041910e+00
1.399719619178771968e+00
1.287904280090331977e+00
1.251178736495971666e+00
1.124330687713622989e+00
1.080680739021301351e+00
1.029510862922668357e+00
9.541210819244384522e-01
8.857607393264770312e-01
8.546572533607482702e-01
8.123523690223694027e-01
8.071374732017516651e-01
8.191378636360168164e-01
8.533404264450072940e-01
8.644586967468261829e-01
9.095558757781982973e-01
9.427121711730956921e-01
9.708773124694823897e-01
9.713624320983886840e-01
9.711897336959839366e-01
1.112810171699524009e+00
1.217111356925964394e+00
1.265948785018920830e+00
1.162046388435363786e+00
1.159079044914245626e+00
1.065638046264648420e+00
1.169453423690795857e+00
1.228555926513671848e+00
1.281782012367248536e+00
1.303528693389892634e+00
1.330068645286559992e+00
1.358483098220825136e+00
1.356798631858825654e+00
1.318550612258911237e+00
1.266813384437561085e+00
1.271707392692565941e+00
1.185022168159484801e+00
1.058025061416626000e+00
1.155020704460143932e+00
1.236588207244873061e+00
1.280791305923461909e+00
1.301723274040222256e+00
1.326076460266113255e+00
1.360638501548767199e+00
1.334438354682922379e+00
1.204768832206726037e+00
1.269953602981567453e+00
1.304720524787902791e+00
1.331544131660461483e+00
1.361185298156738277e+00
1.365541955184936596e+00
1.328624443626403862e+00
1.197599290657043403e+00
1.171959055137634209e+00
1.127532117843627946e+00
1.014041346740722549e+00
1.161896062660217277e+00
1.190737956619262627e+00
1.248249229240417479e+00
1.257753993415832605e+00
1.215711356544494581e+00
1.152271063995361278e+00
1.214304196739196762e+00
1.263002818489074697e+00
1.290479348373413160e+00
1.312337965965270969e+00
1.336701359748840412e+00
1.352785524368286030e+00
1.368324528121948269e+00
1.379608511161804163e+00
1.398441559219360419e+00
1.406388491439819255e+00
1.413792011642456048e+00
1.422917268562316817e+00
1.313476569175720199e+00
1.302042425346374488e+00
1.311502635955810625e+00
1.243501503753662085e+00
1.162127864837646518e+00
1.105077857398986785e+00
1.158707527923583891e+00
1.275938832855224581e+00
1.177074238204956158e+00
1.232958215713501060e+00
1.193916683387756361e+00
1.084018871879577572e+00
1.120060587692260690e+00
1.181943464660644594e+00
1.241892499732971222e+00
1.277100278282165435e+00
1.264531261825561526e+00
1.234246664047241149e+00
1.244349417114257728e+00
1.285052165794372536e+00
1.325448802947998050e+00
