1.293999999999999873e-01
2.187999999999999945e-01
3.110999999999999877e-01
2.837999999999999967e-01
3.558000000000000052e-01
3.861999999999999877e-01
3.810000000000000053e-01
3.810000000000000053e-01
4.199999999999999845e-01
4.078999999999999848e-01
4.086000000000000187e-01
4.152000000000000135e-01
4.217000000000000193e-01
4.227000000000000202e-01
4.376999999999999780e-01
4.258000000000000118e-01
4.149999999999999800e-01
4.477999999999999758e-01
4.324999999999999956e-01
4.551000000000000045e-01
4.303000000000000158e-01
4.314999999999999947e-01
4.492999999999999772e-01
4.430000000000000049e-01
4.712999999999999967e-01
4.462999999999999745e-01
4.383000000000000229e-01
4.420999999999999930e-01
4.391999999999999793e-01
4.605000000000000204e-01
4.696000000000000174e-01
4.561000000000000054e-01
4.660000000000000253e-01
4.878000000000000114e-01
4.875999999999999779e-01
4.763000000000000012e-01
4.930999999999999828e-01
4.897000000000000242e-01
4.978000000000000203e-01
4.969000000000000083e-01
4.994999999999999996e-01
4.907000000000000250e-01
4.862000000000000210e-01
4.848999999999999977e-01
4.932000000000000273e-01
4.943000000000000171e-01
4.935999999999999832e-01
4.994999999999999996e-01
4.975999999999999868e-01
4.964000000000000079e-01
4.969000000000000083e-01
4.969000000000000083e-01
4.960999999999999854e-01
4.969000000000000083e-01
4.979000000000000092e-01
4.973000000000000198e-01
4.980999999999999872e-01
4.969000000000000083e-01
4.993000000000000216e-01
4.989999999999999991e-01
4.978000000000000203e-01
4.986999999999999766e-01
4.969000000000000083e-01
4.976999999999999758e-01
4.976999999999999758e-01
4.981999999999999762e-01
4.981999999999999762e-01
5.002999999999999670e-01
4.996999999999999775e-01
4.989999999999999991e-01
5.004999999999999449e-01
4.996999999999999775e-01
5.009000000000000119e-01
5.002999999999999670e-01
5.006000000000000449e-01
5.003999999999999559e-01
5.012999999999999678e-01
5.001999999999999780e-01
5.031999999999999806e-01
5.020999999999999908e-01
5.013999999999999568e-01
5.009000000000000119e-01
5.001999999999999780e-01
5.028000000000000247e-01
5.009000000000000119e-01
5.007000000000000339e-01
5.020999999999999908e-01
5.017000000000000348e-01
5.019000000000000128e-01
5.009000000000000119e-01
5.020999999999999908e-01
4.994999999999999996e-01
4.989000000000000101e-01
5.026000000000000467e-01
5.007000000000000339e-01
5.007000000000000339e-01
5.001999999999999780e-01
5.013999999999999568e-01
5.008000000000000229e-01
5.011999999999999789e-01
