5.909680635375976721e+01
2.798083565521240157e+00
2.021946479415893450e+00
1.789865637207031179e+00
1.847998612594604406e+00
1.849657333946228110e+00
1.785646812057495092e+00
1.692605937385559089e+00
1.643908135795593362e+00
1.718627903747558694e+00
1.622890855407714827e+00
1.719054446220398047e+00
1.623137851905822826e+00
1.597305066108703597e+00
1.787411822891235458e+00
1.873935967826843241e+00
1.828892350006103618e+00
1.890688038253784287e+00
1.977544301605224542e+00
2.166776555633544987e+00
2.424487929153442245e+00
2.512389613723754689e+00
2.568198548507690582e+00
2.647612295532226767e+00
2.719447262191772463e+00
2.853044164657592585e+00
3.078425728225707925e+00
2.992554415512084898e+00
3.270388161468505750e+00
2.867973403549194167e+00
2.731583799362182763e+00
3.259241946029662884e+00
2.838700537872314467e+00
2.962686156845092622e+00
2.816314667510986247e+00
2.663242865371703960e+00
2.837224423599243206e+00
2.637762475585937683e+00
2.673717239761352449e+00
2.743295190429687391e+00
2.643818982315063515e+00
2.587973146820068404e+00
2.562152805328369087e+00
2.531353841781616154e+00
2.519851784515380722e+00
2.496655258178710923e+00
2.484362503433227509e+00
2.458862788772583130e+00
2.444893354415893505e+00
2.438172249603271613e+00
2.446441284942626915e+00
2.450496499252319271e+00
2.453463950729370069e+00
2.439850867843627924e+00
2.443687255477905218e+00
2.444425255203247271e+00
2.441402973175048619e+00
2.427330618286132946e+00
2.441087799072265696e+00
2.459326470947265530e+00
2.428230960845947362e+00
2.432793259429931521e+00
2.433967515563964845e+00
2.430510798645019399e+00
2.432990289688110153e+00
2.441656754302978349e+00
2.436535702514648349e+00
2.420396804809570312e+00
2.418188180541992249e+00
2.415536220169067327e+00
2.418976862716674781e+00
2.414043910980224528e+00
2.417758892822265526e+00
2.414821608734130987e+00
2.405507356643676875e+00
2.397387855148315428e+00
2.397749482345580940e+00
2.400801345443725587e+00
2.408071515274047947e+00
2.403788570022582949e+00
2.414719813156128048e+00
2.416474915695190351e+00
2.407546117019653487e+00
2.410065814971923626e+00
2.400547209167480656e+00
2.402452471542358303e+00
2.408860199356078979e+00
2.409530138778686492e+00
2.407283338546752915e+00
2.395373499679565477e+00
2.407490655517578126e+00
2.407090506362914883e+00
2.415633022308349531e+00
2.406046243667602447e+00
2.398791294860839862e+00
2.391835812759399271e+00
2.404958719635009956e+00
2.403143185806274396e+00
2.408215354919433615e+00
2.400829384613037298e+00
