3.277114730834961076e+00
1.892343373107910232e+00
1.909839940071105913e+00
1.711902065849304266e+00
1.578010394477844303e+00
1.438042945671081485e+00
1.399719643974304262e+00
1.287904298400878833e+00
1.251178751945495549e+00
1.124330681610107519e+00
1.080680705261230390e+00
1.029510859489440877e+00
9.541210672378540592e-01
8.857608003616332937e-01
8.546572386741637661e-01
8.123523720741272491e-01
8.071375100135803615e-01
8.191378437042236005e-01
8.533403865814208622e-01
8.644587121963500653e-01
9.095558721542358338e-01
9.427121072769164556e-01
9.708772546768188461e-01
9.713623355865478315e-01
9.711897760391234868e-01
1.112810159873962368e+00
1.217111274719238301e+00
1.265948811912536609e+00
1.162046409034729111e+00
1.159079032707214463e+00
1.065638015937805161e+00
1.169453532409667984e+00
1.228555852127075187e+00
1.281782031822204626e+00
1.303528681564330993e+00
1.330068571662902821e+00
1.358483169364929299e+00
1.356798602104186902e+00
1.318550665473938066e+00
1.266813438606262165e+00
1.271707325935363730e+00
1.185022119331359924e+00
1.058025030899047758e+00
1.155020667266845713e+00
1.236588171005249093e+00
1.280791314888000576e+00
1.301723264312744099e+00
1.326076502990722661e+00
1.360638370513916007e+00
1.334438323020935124e+00
1.204768691825866656e+00
1.269953586769104081e+00
1.304720429229736300e+00
1.331544040107726978e+00
1.361185409736633378e+00
1.365541954040527362e+00
1.328624408531188905e+00
1.197599254035949690e+00
1.171958960914611714e+00
1.127532095909118626e+00
1.014041343116760308e+00
1.161896041870117191e+00
1.190737972450256255e+00
1.248249265480041448e+00
1.257753923034667931e+00
1.215711340713500954e+00
1.152270920181274416e+00
1.214304126548767071e+00
1.263002659034728969e+00
1.290479338264465259e+00
1.312337768745422295e+00
1.336701374816894550e+00
1.352785566711425691e+00
1.368324489784240816e+00
1.379608740997314342e+00
1.398441417121887298e+00
1.406388587951660218e+00
1.413791963577270439e+00
1.422917264556884831e+00
1.313476353836059651e+00
1.302042489624023469e+00
1.311502509880065892e+00
1.243501470565795852e+00
1.162127738761901785e+00
1.105077886009216304e+00
1.158707515716552727e+00
1.275938854026794411e+00
1.177074222373962309e+00
1.232958122253418054e+00
1.193916718292236334e+00
1.084018844604492271e+00
1.120060508918762299e+00
1.181943525695800856e+00
1.241892467117309495e+00
1.277100253486633363e+00
1.264531313133239854e+00
1.234246550941467291e+00
1.244349295043945203e+00
1.285052198791504008e+00
1.325448809051513743e+00
