3.277114688491821415e+00
1.892343385314941395e+00
1.909839921760559056e+00
1.711901937675476049e+00
1.578010428237915042e+00
1.438042887878417941e+00
1.399719664764404348e+00
1.287904304504394526e+00
1.251178709220886143e+00
1.124330678367614800e+00
1.080680772399902345e+00
1.029510887145996145e+00
9.541210758209228704e-01
8.857607667922973160e-01
8.546572384834290048e-01
8.123523566246032557e-01
8.071375175476074304e-01
8.191378514289855417e-01
8.533404079437255652e-01
8.644587531089782395e-01
9.095558900833129456e-01
9.427122087478637669e-01
9.708773097991942880e-01
9.713624301910400716e-01
9.711897670745849309e-01
1.112810251426696873e+00
1.217111345100402753e+00
1.265948802566528419e+00
1.162046323966980044e+00
1.159079057884216279e+00
1.065638147354125875e+00
1.169453492736816314e+00
1.228555867576599070e+00
1.281782125854492138e+00
1.303528770637512268e+00
1.330068647766113221e+00
1.358483044815063545e+00
1.356798475646972646e+00
1.318550641441345261e+00
1.266813439369201655e+00
1.271707420349120987e+00
1.185022106170654288e+00
1.058025018310546850e+00
1.155020755767822260e+00
1.236588064384460450e+00
1.280791336441039929e+00
1.301723271179199282e+00
1.326076465606689458e+00
1.360638465690612753e+00
1.334438493919372526e+00
1.204768725967407139e+00
1.269953620910644565e+00
1.304720591163635257e+00
1.331544077110290436e+00
1.361185395812988252e+00
1.365542025184631303e+00
1.328624395561218252e+00
1.197599297523498585e+00
1.171958996772766159e+00
1.127531983947754002e+00
1.014041358375549207e+00
1.161896051597595125e+00
1.190737959861755346e+00
1.248249118614196851e+00
1.257753844451904301e+00
1.215711447715759341e+00
1.152270920562744161e+00
1.214304303932189910e+00
1.263002710342407298e+00
1.290479314231872454e+00
1.312337910270690911e+00
1.336701374816894550e+00
1.352785496711730984e+00
1.368324449920654384e+00
1.379608608818054138e+00
1.398441520881652744e+00
1.406388570404052629e+00
1.413791892814636242e+00
1.422917475700378409e+00
1.313476518249511615e+00
1.302042389106750520e+00
1.311502681541442783e+00
1.243501513481140242e+00
1.162127932167053235e+00
1.105077944564819337e+00
1.158707439804077088e+00
1.275938747406005769e+00
1.177074144172668424e+00
1.232958183097839333e+00
1.193916697311401265e+00
1.084018845367431538e+00
1.120060495948791424e+00
1.181943451690673719e+00
1.241892497253417993e+00
1.277100321769714331e+00
1.264531264686584500e+00
1.234246664047241149e+00
1.244349395561218152e+00
1.285052044486999501e+00
1.325448732948303121e+00
