1.769999999999999907e-01
2.356999999999999929e-01
3.216999999999999860e-01
3.645999999999999797e-01
3.561000000000000276e-01
3.724000000000000088e-01
4.274999999999999911e-01
4.334000000000000075e-01
4.494000000000000217e-01
4.591999999999999971e-01
4.016000000000000125e-01
4.092999999999999972e-01
4.625000000000000222e-01
4.389000000000000123e-01
4.540000000000000147e-01
4.559000000000000274e-01
4.702999999999999958e-01
4.310999999999999832e-01
4.501999999999999891e-01
4.428000000000000269e-01
4.801000000000000267e-01
4.813999999999999946e-01
4.808000000000000052e-01
4.874999999999999889e-01
4.673999999999999821e-01
4.863999999999999990e-01
4.823999999999999955e-01
4.814999999999999836e-01
5.059000000000000163e-01
5.030999999999999917e-01
5.060999999999999943e-01
5.218000000000000416e-01
5.172999999999999821e-01
5.258000000000000451e-01
5.220000000000000195e-01
5.204999999999999627e-01
5.259000000000000341e-01
5.243999999999999773e-01
5.249000000000000332e-01
5.254999999999999671e-01
5.271000000000000130e-01
5.279000000000000359e-01
5.283999999999999808e-01
5.295999999999999597e-01
5.255999999999999561e-01
5.261000000000000121e-01
5.282999999999999918e-01
5.278000000000000469e-01
5.279000000000000359e-01
5.302999999999999936e-01
5.300000000000000266e-01
5.308000000000000496e-01
5.308000000000000496e-01
5.314999999999999725e-01
5.320000000000000284e-01
5.289000000000000368e-01
5.298000000000000487e-01
5.311000000000000165e-01
5.294999999999999707e-01
5.293999999999999817e-01
5.295999999999999597e-01
5.305999999999999606e-01
5.293999999999999817e-01
5.312999999999999945e-01
5.303999999999999826e-01
5.312999999999999945e-01
5.332000000000000073e-01
5.310000000000000275e-01
5.302000000000000046e-01
5.319000000000000394e-01
5.326999999999999513e-01
5.291000000000000147e-01
5.301000000000000156e-01
5.296999999999999487e-01
5.300000000000000266e-01
5.321000000000000174e-01
5.285999999999999588e-01
5.310000000000000275e-01
5.300000000000000266e-01
5.302999999999999936e-01
5.309000000000000385e-01
5.296999999999999487e-01
5.315999999999999615e-01
5.311000000000000165e-01
5.305999999999999606e-01
5.306999999999999496e-01
5.306999999999999496e-01
5.304999999999999716e-01
5.314999999999999725e-01
5.286999999999999478e-01
5.303999999999999826e-01
5.310000000000000275e-01
5.300000000000000266e-01
5.302000000000000046e-01
5.304999999999999716e-01
5.298000000000000487e-01
5.288000000000000478e-01
5.311000000000000165e-01
5.293999999999999817e-01
5.296999999999999487e-01
