2.710694413375854595e+00
2.873650509262084984e+00
1.826226198387145949e+00
1.730492374420166124e+00
1.835132824325561574e+00
1.792859995841979970e+00
1.572659958267211833e+00
1.589927363204955979e+00
1.548363461875915448e+00
1.521030628204345758e+00
1.820278827476501382e+00
1.812490496063232426e+00
1.653539601135253889e+00
1.946241356277465862e+00
1.958554180145263723e+00
2.102607840728759836e+00
2.091475412368774212e+00
2.631322004318237262e+00
2.572367775344848617e+00
2.844434445190429539e+00
2.733702917480468564e+00
2.717556567001342849e+00
2.866546216964721783e+00
2.505113127899170067e+00
2.888589702224731326e+00
2.879701483535766382e+00
2.792601076889038136e+00
2.839420375061035173e+00
2.900865705490112134e+00
2.802307704544067413e+00
2.876029412078857206e+00
2.723113809967041110e+00
2.708840484237670765e+00
2.742496606826782202e+00
2.654139614868164188e+00
2.666224651718139604e+00
2.632605425262451337e+00
2.608571928024292053e+00
2.583108200836181645e+00
2.565885762023925931e+00
2.550283975601196129e+00
2.519779016113281145e+00
2.490066964721679543e+00
2.474502443695068443e+00
2.471226147079467861e+00
2.454345297241210755e+00
2.422940751647949309e+00
2.413690951538085994e+00
2.393160407638549980e+00
2.377880502700805643e+00
2.382874535369873037e+00
2.390256306076049775e+00
2.385588960647583079e+00
2.382377667617797901e+00
2.385161032104492040e+00
2.385216928100585942e+00
2.381952518081665193e+00
2.389654057312011748e+00
2.364468961715698203e+00
2.366556022262573222e+00
2.366291661071777241e+00
2.371326252746582153e+00
2.362497631454467673e+00
2.363440302658081027e+00
2.362089274215698254e+00
2.363239440917968892e+00
2.357725009536743244e+00
2.355216112899780168e+00
2.352999006652832126e+00
2.357890296173095646e+00
2.354131827163696400e+00
2.348933946228027203e+00
2.350487130737304753e+00
2.353756214904785260e+00
2.357593040084839053e+00
2.346124954223632653e+00
2.347855480194091626e+00
2.347688533401489419e+00
2.346586486053466647e+00
2.346424134826660346e+00
2.360714479064941251e+00
2.344178158187866234e+00
2.349663124465942499e+00
2.346211327362060395e+00
2.350068982315063337e+00
2.345515111160278110e+00
2.348704228210449330e+00
2.347275208282470604e+00
2.352442725753784103e+00
2.353317438888549606e+00
2.354037128448486449e+00
2.348870841598510673e+00
2.351118152999878141e+00
2.339011807632446427e+00
2.346514366149902386e+00
2.340713034820556704e+00
2.348939981460571147e+00
2.338642911148071324e+00
2.343245957946777480e+00
2.349556124877929530e+00
