1.074999999999999983e-01
2.495999999999999885e-01
2.701999999999999957e-01
2.626000000000000001e-01
3.320000000000000173e-01
3.306999999999999940e-01
3.837999999999999745e-01
3.491000000000000214e-01
4.128999999999999893e-01
4.179999999999999827e-01
4.350999999999999868e-01
4.166000000000000258e-01
3.922999999999999821e-01
3.221999999999999864e-01
4.309999999999999942e-01
4.742999999999999994e-01
4.583999999999999742e-01
4.294000000000000039e-01
4.502999999999999781e-01
4.541999999999999926e-01
4.787000000000000144e-01
4.546999999999999931e-01
4.563999999999999724e-01
4.653999999999999804e-01
4.681000000000000161e-01
4.699999999999999734e-01
4.917000000000000259e-01
5.080000000000000071e-01
4.844999999999999862e-01
5.140000000000000124e-01
5.179000000000000270e-01
5.154999999999999583e-01
5.019000000000000128e-01
5.088000000000000300e-01
4.969000000000000083e-01
5.193999999999999728e-01
4.932000000000000273e-01
4.969000000000000083e-01
5.051999999999999824e-01
5.054999999999999494e-01
4.991999999999999771e-01
5.050999999999999934e-01
5.130000000000000115e-01
5.147000000000000464e-01
5.154999999999999583e-01
5.169000000000000261e-01
5.202999999999999847e-01
5.223999999999999755e-01
5.242999999999999883e-01
5.241999999999999993e-01
5.243999999999999773e-01
5.243999999999999773e-01
5.239000000000000323e-01
5.243999999999999773e-01
5.237000000000000544e-01
5.242999999999999883e-01
5.252999999999999892e-01
5.229000000000000314e-01
5.243999999999999773e-01
5.245999999999999552e-01
5.242999999999999883e-01
5.228000000000000425e-01
5.244999999999999662e-01
5.244999999999999662e-01
5.243999999999999773e-01
5.248000000000000442e-01
5.248000000000000442e-01
5.241000000000000103e-01
5.231000000000000094e-01
5.237000000000000544e-01
5.241000000000000103e-01
5.263999999999999790e-01
5.245999999999999552e-01
5.250000000000000222e-01
5.224999999999999645e-01
5.229000000000000314e-01
5.233999999999999764e-01
5.221000000000000085e-01
5.243999999999999773e-01
5.240000000000000213e-01
5.245999999999999552e-01
5.222999999999999865e-01
5.231000000000000094e-01
5.222999999999999865e-01
5.238000000000000433e-01
5.211000000000000076e-01
5.215999999999999526e-01
5.228000000000000425e-01
5.233999999999999764e-01
5.230000000000000204e-01
5.213999999999999746e-01
5.234999999999999654e-01
5.221999999999999975e-01
5.230000000000000204e-01
5.244999999999999662e-01
5.222999999999999865e-01
5.241999999999999993e-01
5.227000000000000535e-01
5.219000000000000306e-01
5.240000000000000213e-01
