3.277114707183837794e+00
1.892343403625488252e+00
1.909839940071105913e+00
1.711901968193054291e+00
1.578010397338867277e+00
1.438042930603027347e+00
1.399719634628295850e+00
1.287904286193847669e+00
1.251178770256042405e+00
1.124330718231201232e+00
1.080680717468261776e+00
1.029510899353027309e+00
9.541211067199707463e-01
8.857607242584228935e-01
8.546572110176086090e-01
8.123523655891418116e-01
8.071375177383423027e-01
8.191378284454345904e-01
8.533404294967651404e-01
8.644587335586547683e-01
9.095558269500731985e-01
9.427122261047363727e-01
9.708772636413574020e-01
9.713623624801636103e-01
9.711896574020385531e-01
1.112810178565978969e+00
1.217111352920532186e+00
1.265948776054382385e+00
1.162046431159973192e+00
1.159079054260253816e+00
1.065638116073608366e+00
1.169453533363342235e+00
1.228555956649780345e+00
1.281782159233093354e+00
1.303528771400451758e+00
1.330068672561645515e+00
1.358483089637756436e+00
1.356798672103881831e+00
1.318550702476501524e+00
1.266813552093505768e+00
1.271707443046569797e+00
1.185022010993957542e+00
1.058025073432922403e+00
1.155020716857910079e+00
1.236588102149963397e+00
1.280791222953796327e+00
1.301723289108276393e+00
1.326076444816589373e+00
1.360638416481018131e+00
1.334438255500793424e+00
1.204768749237060455e+00
1.269953511047363204e+00
1.304720408821105959e+00
1.331544067764282246e+00
1.361185383605957089e+00
1.365541896247863818e+00
1.328624392318725533e+00
1.197599309539794987e+00
1.171958969688415619e+00
1.127531962585449188e+00
1.014041309547424330e+00
1.161896041107177702e+00
1.190737928962707581e+00
1.248249287414550768e+00
1.257753859901428184e+00
1.215711402893066451e+00
1.152270901870727560e+00
1.214304144859313928e+00
1.263002882385253933e+00
1.290479183197021484e+00
1.312337919998168845e+00
1.336701332092285144e+00
1.352785623550414984e+00
1.368324551200866601e+00
1.379608530616760254e+00
1.398441431045532202e+00
1.406388612365722546e+00
1.413791905784606895e+00
1.422917304801941007e+00
1.313476408767700221e+00
1.302042370414733918e+00
1.311502631950378417e+00
1.243501544189453023e+00
1.162127931594848729e+00
1.105077867317199702e+00
1.158707505989074793e+00
1.275938762092590384e+00
1.177074229240417491e+00
1.232958120155334569e+00
1.193916643333435168e+00
1.084018850708007742e+00
1.120060593986511144e+00
1.181943439483642555e+00
1.241892567634582445e+00
1.277100185966491663e+00
1.264531226921081553e+00
1.234246563529968199e+00
1.244349389076232937e+00
1.285052000617980861e+00
1.325448765945434593e+00
