3.209543742370605468e+00
2.484533292007446104e+00
2.423451258468627856e+00
1.881515787315368726e+00
1.569209829330444395e+00
1.619917470359802270e+00
1.534383714485168415e+00
1.711874580383300870e+00
1.569451691818237293e+00
1.696718349647521995e+00
1.597566656112670902e+00
1.799129739761352598e+00
1.550060786437988281e+00
1.786848873901367263e+00
1.823624337768554593e+00
2.039622558975219935e+00
2.324774300765991342e+00
2.250148896408080912e+00
2.125306153869628734e+00
2.468265618133544947e+00
2.389336772537231646e+00
2.222050571441650302e+00
2.816089087677001945e+00
2.911742686843872274e+00
3.127358227539062341e+00
2.633970778274536073e+00
2.848011913681030460e+00
2.887628171539306621e+00
2.882572223663330213e+00
3.027128213500976717e+00
2.765112232971191464e+00
2.781719879531860506e+00
2.717298267745971607e+00
3.014016429138183462e+00
2.961721008682251188e+00
3.025372260284423742e+00
2.737169099044799658e+00
2.971150289154052881e+00
2.639426227951049864e+00
2.698003538131713785e+00
2.676942930984496982e+00
2.789268267822265557e+00
2.833901586532592720e+00
2.816033724594116272e+00
2.754889902114868061e+00
2.689611833572387756e+00
2.646028725814819182e+00
2.620593910980224539e+00
2.569889638900757056e+00
2.561034964752197052e+00
2.590329212188720920e+00
2.580962366485595627e+00
2.576295449066162035e+00
2.563551931762695357e+00
2.575646508789062317e+00
2.561563624191284028e+00
2.560394396972656139e+00
2.572814281845092754e+00
2.570635929870605629e+00
2.561477508544921733e+00
2.562130339431762494e+00
2.562577259063720803e+00
2.546979024505615197e+00
2.544806087875365996e+00
2.555433282089233593e+00
2.540265402603149258e+00
2.536528060150146313e+00
2.542886378479003895e+00
2.537972658157348516e+00
2.533205596923828296e+00
2.536083859252929784e+00
2.514023833465576008e+00
2.520506686401366991e+00
2.526306106948852381e+00
2.521187319946288863e+00
2.525563349151611181e+00
2.519400698852539033e+00
2.522760754013061657e+00
2.522441321563720695e+00
2.522350197982788256e+00
2.518268941497802782e+00
2.522209727096557774e+00
2.509332414245605491e+00
2.506410876846313585e+00
2.528411611175537033e+00
2.524113381195068229e+00
2.510872623062133879e+00
2.501263402938842972e+00
2.527427868652343701e+00
2.516136121368408141e+00
2.517433676147460719e+00
2.508831372451782116e+00
2.513535551071166996e+00
2.515942365646362422e+00
2.526252973937988422e+00
2.518635587692260813e+00
2.509100920867919804e+00
2.521033992385864231e+00
2.511496708297729530e+00
2.521546412277221538e+00
