3.978638278198242340e+00
2.130866152191162044e+00
1.831518694114685042e+00
1.931749804115295399e+00
1.683414444351196249e+00
1.634585160255432212e+00
1.710822472190856924e+00
1.650191068649291992e+00
1.462643280029296777e+00
1.566031271553039561e+00
1.583424151802063085e+00
1.623086515808105368e+00
1.818633328247070358e+00
2.046196117401123171e+00
1.835778587341308610e+00
2.414736438751220682e+00
2.063791014480590658e+00
1.960924855422973678e+00
2.446265812683105612e+00
2.778371480560302587e+00
2.306972543334961046e+00
2.390152603912353513e+00
3.107927869415282984e+00
2.662458380508422984e+00
2.882922983551025276e+00
3.010626641464233533e+00
2.834814045333862165e+00
2.607003951644897288e+00
2.482177987670898478e+00
2.657067709350585893e+00
2.539274020767211759e+00
2.690380388641357534e+00
2.583719726943969786e+00
2.518397627639770597e+00
2.480455307769775519e+00
2.436926826477050945e+00
2.454436050033569128e+00
2.435399450683593869e+00
2.442603838729858534e+00
2.426422556686401499e+00
2.416415665435791116e+00
2.397781660079956190e+00
2.399030479431152330e+00
2.380096366119384577e+00
2.361781590652465734e+00
2.339899564361572093e+00
2.322792665863036898e+00
2.318016887283325111e+00
2.292821572875976432e+00
2.289132555389404189e+00
2.297640547180175741e+00
2.307510498809814514e+00
2.299082266616821357e+00
2.293802120208740192e+00
2.288764652252197163e+00
2.293997214126586748e+00
2.287228743362426542e+00
2.291426354980468538e+00
2.272378701782226784e+00
2.281139718627929636e+00
2.279375627517700398e+00
2.278324363708496225e+00
2.285528218460083139e+00
2.285222289276123142e+00
2.292297302246093960e+00
2.280805446624755817e+00
2.275076747131347776e+00
2.267805199813842876e+00
2.274468379211425972e+00
2.255462057495117190e+00
2.263499848556518756e+00
2.264256031417846593e+00
2.264421550369262626e+00
2.272348848342895522e+00
2.262422332382202139e+00
2.270450435638427855e+00
2.275580311965942570e+00
2.266821942520141686e+00
2.269516627120971464e+00
2.268587673950195338e+00
2.264634632873534947e+00
2.265881949234008985e+00
2.266509405899047813e+00
2.263380160522460827e+00
2.273175566101074185e+00
2.275245111465454162e+00
2.270088991165160941e+00
2.260480998611450243e+00
2.258488160705566461e+00
2.270848158264159977e+00
2.268868262863159124e+00
2.267470785522460730e+00
2.264516046905517666e+00
2.267497378540038966e+00
2.272945520782470918e+00
2.261753590393066560e+00
2.251581547927856253e+00
2.259581290435790812e+00
2.263452628326415805e+00
2.265561747360229639e+00
