3.277114633941650368e+00
1.892343351554870656e+00
1.909839946937561095e+00
1.711901998710632311e+00
1.578010370063781753e+00
1.438042915153503465e+00
1.399719640731811543e+00
1.287904219055175714e+00
1.251178751945495549e+00
1.124330712127685539e+00
1.080680711364746083e+00
1.029510875129699743e+00
9.541210611343383663e-01
8.857607482910155872e-01
8.546572382926941325e-01
8.123523305892944579e-01
8.071374839782714528e-01
8.191378235816955122e-01
8.533404352188110886e-01
8.644587337493896406e-01
9.095558298110961726e-01
9.427121992111205939e-01
9.708773275375366385e-01
9.713624263763427358e-01
9.711897123336792337e-01
1.112810104942321798e+00
1.217111292266845668e+00
1.265948931121826160e+00
1.162046294021606530e+00
1.159079026603698770e+00
1.065638061523437541e+00
1.169453660774230963e+00
1.228555895614624083e+00
1.281782074165344287e+00
1.303528770256042524e+00
1.330068670082092286e+00
1.358483270263671772e+00
1.356798596000671431e+00
1.318550581741332994e+00
1.266813454437255793e+00
1.271707328796386705e+00
1.185022158813476612e+00
1.058024999046325743e+00
1.155020664215087978e+00
1.236588096618652433e+00
1.280791349792480549e+00
1.301723258590698151e+00
1.326076461029052744e+00
1.360638342857360739e+00
1.334438271713256796e+00
1.204768752861022918e+00
1.269953502082824759e+00
1.304720490264892563e+00
1.331544003105163521e+00
1.361185420989990291e+00
1.365542007255554191e+00
1.328624316596984878e+00
1.197599271965026801e+00
1.171958889579773011e+00
1.127531946372985816e+00
1.014041325378417957e+00
1.161896038246154728e+00
1.190738024520874072e+00
1.248249213790893597e+00
1.257753910827636767e+00
1.215711346817016647e+00
1.152270971870422267e+00
1.214304260635375998e+00
1.263002754211425716e+00
1.290479321098327636e+00
1.312337935066223205e+00
1.336701411819458007e+00
1.352785639953613339e+00
1.368324435615539514e+00
1.379608591651916516e+00
1.398441354560852057e+00
1.406388646888732996e+00
1.413791904258728138e+00
1.422917411804199173e+00
1.313476366043090815e+00
1.302042544555664039e+00
1.311502626228332469e+00
1.243501593208312883e+00
1.162127913665771395e+00
1.105077879524230866e+00
1.158707552146911679e+00
1.275938844299316477e+00
1.177074218177795339e+00
1.232958227157592734e+00
1.193916674804687439e+00
1.084018811798095783e+00
1.120060461807250940e+00
1.181943482971191450e+00
1.241892472457885699e+00
1.277100247001647926e+00
1.264531203269958493e+00
1.234246609115600579e+00
1.244349374008178799e+00
1.285052036857605051e+00
1.325448791122436631e+00
