4.023971301269531509e+00
2.137970230102538949e+00
1.895888280868530229e+00
1.864273052215576154e+00
1.813692626762390070e+00
1.675548915481567480e+00
1.636126405334472622e+00
2.321963755798339690e+00
1.638402206993103016e+00
1.595084824752807551e+00
1.823532838439941406e+00
1.580235884094238319e+00
1.583001434135437036e+00
1.736675261116027880e+00
1.910119224166870078e+00
2.260306896591186554e+00
1.999625120925903277e+00
2.471161721801757860e+00
2.279146765518188289e+00
3.006396146011352410e+00
2.630911087036132745e+00
2.527267669677734307e+00
2.560345604324340663e+00
2.712000213623046996e+00
3.066462490844726663e+00
2.975849600219726554e+00
2.947478585433959797e+00
3.077410872650146345e+00
3.013470709228515787e+00
2.936268930816650524e+00
3.016198474884033143e+00
2.996222283935547015e+00
2.832883939361572345e+00
2.801118542480468765e+00
2.852409668731689329e+00
2.896755440902710088e+00
2.940569668579101403e+00
2.797429250717163196e+00
2.891181487274169903e+00
2.889798112106323202e+00
2.924057366180420114e+00
3.000328581237793113e+00
3.044781507492065220e+00
2.857514695739745925e+00
2.975903440856933813e+00
3.178698559951782077e+00
3.289539804077148410e+00
3.019826585769653349e+00
2.849580401229858229e+00
3.219288291931152290e+00
2.757970172500610495e+00
2.742658759307861516e+00
2.726302348327636516e+00
2.724127511596679874e+00
2.719678502655029195e+00
2.719725506210326937e+00
2.714642118453979514e+00
2.712798434448242091e+00
2.713159334945678847e+00
2.710009238433837897e+00
2.708087376022338955e+00
2.709082540893554825e+00
2.702508755874633906e+00
2.697647329711914121e+00
2.685024962997436315e+00
2.696515898895263774e+00
2.688500400924682676e+00
2.673412401580810727e+00
2.679950925445556464e+00
2.681651697540283319e+00
2.680219858551025514e+00
2.697115469360351625e+00
2.687278695297241171e+00
2.679987261199951121e+00
2.678669748687743990e+00
2.697246763992309670e+00
2.680270598220825029e+00
2.665819535827636866e+00
2.676560115814209162e+00
2.680471606445312460e+00
2.670314323043823102e+00
2.672148287582397419e+00
2.686082143783569354e+00
2.671900559997558489e+00
2.673676284408569526e+00
2.672801742172241202e+00
2.676555930328369026e+00
2.678192920303344771e+00
2.673881280517578229e+00
2.674461300659179752e+00
2.679344233322143776e+00
2.673233116912841822e+00
2.685348276519775368e+00
2.678353313827514626e+00
2.695119624328613295e+00
2.680141860580444124e+00
2.676316837692260808e+00
2.661142475128174034e+00
2.672217078781128130e+00
2.680605207443237159e+00
