3.277114706420898305e+00
1.892343379211425702e+00
1.909839940834045402e+00
1.711901964950561572e+00
1.578010370063781753e+00
1.438042957878112871e+00
1.399719643592834517e+00
1.287904231262207100e+00
1.251178748703002830e+00
1.124330712127685539e+00
1.080680729675292939e+00
1.029510877990722717e+00
9.541210546493530398e-01
8.857607271194457565e-01
8.546572352409362860e-01
8.123523596763611021e-01
8.071375144958495840e-01
8.191378239631652569e-01
8.533404144287108917e-01
8.644587927818297990e-01
9.095557777404784661e-01
9.427121833801269668e-01
9.708772855758667220e-01
9.713623805999755945e-01
9.711897003173828313e-01
1.112810070800781315e+00
1.217111352348327680e+00
1.265948757362365784e+00
1.162046384620666561e+00
1.159079026985168515e+00
1.065638009071350201e+00
1.169453490066528323e+00
1.228555883026122952e+00
1.281782102203369078e+00
1.303528705596923798e+00
1.330068688774108887e+00
1.358483032989501904e+00
1.356798529243469220e+00
1.318550631332397360e+00
1.266813457298278767e+00
1.271707400321960391e+00
1.185022078895568765e+00
1.058025045776367135e+00
1.155020700454711946e+00
1.236588072586059628e+00
1.280791275024414144e+00
1.301723311042785713e+00
1.326076536750793400e+00
1.360638504791259695e+00
1.334438294982910111e+00
1.204768787002563402e+00
1.269953498077392551e+00
1.304720487785339333e+00
1.331543998336792045e+00
1.361185246086120681e+00
1.365541997909546001e+00
1.328624498939514176e+00
1.197599337387085017e+00
1.171958997344970665e+00
1.127531926536559981e+00
1.014041391754150423e+00
1.161896010208129937e+00
1.190738076210021923e+00
1.248249182128906343e+00
1.257753929519653369e+00
1.215711417198181099e+00
1.152270923805236880e+00
1.214304182052612369e+00
1.263002763175964382e+00
1.290479289817810127e+00
1.312337864685058531e+00
1.336701325988769451e+00
1.352785511398315377e+00
1.368324539375305182e+00
1.379608621406555269e+00
1.398441592979431158e+00
1.406388631820678636e+00
1.413792015266418511e+00
1.422917335700988772e+00
1.313476409530639710e+00
1.302042397689819442e+00
1.311502637290954620e+00
1.243501508522033783e+00
1.162127919197082582e+00
1.105077915954589818e+00
1.158707522392272926e+00
1.275938725852966416e+00
1.177074247550964348e+00
1.232958129501342759e+00
1.193916641616821206e+00
1.084018921470642161e+00
1.120060618019103948e+00
1.181943471145629809e+00
1.241892421150207593e+00
1.277100222969055121e+00
1.264531278991699148e+00
1.234246577072143580e+00
1.244349309349060073e+00
1.285052166938781770e+00
1.325448836326599045e+00
