1.522999999999999909e-01
2.182000000000000051e-01
2.600999999999999979e-01
3.312999999999999834e-01
3.699999999999999956e-01
3.441000000000000170e-01
3.597000000000000197e-01
3.961000000000000076e-01
3.360000000000000209e-01
4.031000000000000139e-01
4.324999999999999956e-01
4.401999999999999802e-01
4.814999999999999836e-01
4.485999999999999988e-01
4.621000000000000107e-01
4.587999999999999856e-01
4.480000000000000093e-01
4.868000000000000105e-01
4.633999999999999786e-01
4.557999999999999829e-01
4.723999999999999866e-01
4.784999999999999809e-01
4.872000000000000219e-01
4.894000000000000017e-01
5.214999999999999636e-01
4.929000000000000048e-01
4.924000000000000044e-01
5.234999999999999654e-01
5.049000000000000155e-01
5.022999999999999687e-01
5.070000000000000062e-01
5.237000000000000544e-01
5.274999999999999689e-01
5.242999999999999883e-01
5.342999999999999972e-01
5.444999999999999840e-01
5.332999999999999963e-01
5.370000000000000329e-01
5.183999999999999719e-01
5.338000000000000522e-01
5.160000000000000142e-01
5.021999999999999797e-01
5.000000000000000000e-01
4.875999999999999779e-01
4.980999999999999872e-01
5.033999999999999586e-01
5.068000000000000282e-01
5.328000000000000513e-01
5.263999999999999790e-01
5.324999999999999734e-01
5.344999999999999751e-01
5.351000000000000201e-01
5.375999999999999668e-01
5.390000000000000346e-01
5.389000000000000457e-01
5.380000000000000338e-01
5.383999999999999897e-01
5.391000000000000236e-01
5.400000000000000355e-01
5.406999999999999584e-01
5.400000000000000355e-01
5.413000000000000034e-01
5.400000000000000355e-01
5.396999999999999575e-01
5.412000000000000144e-01
5.424999999999999822e-01
5.423999999999999932e-01
5.411000000000000254e-01
5.433999999999999941e-01
5.421000000000000263e-01
5.419000000000000483e-01
5.436999999999999611e-01
5.424999999999999822e-01
5.430000000000000382e-01
5.432000000000000162e-01
5.435999999999999721e-01
5.431000000000000272e-01
5.430000000000000382e-01
5.436999999999999611e-01
5.443999999999999950e-01
5.425999999999999712e-01
5.429000000000000492e-01
5.451000000000000290e-01
5.442000000000000171e-01
5.443000000000000060e-01
5.431000000000000272e-01
5.435999999999999721e-01
5.442000000000000171e-01
5.431000000000000272e-01
5.443999999999999950e-01
5.446999999999999620e-01
5.435999999999999721e-01
5.435999999999999721e-01
5.437999999999999501e-01
5.436999999999999611e-01
5.432000000000000162e-01
5.437999999999999501e-01
5.436999999999999611e-01
5.434999999999999831e-01
5.432000000000000162e-01
