1.228157763354967569e-01
7.129306040938592215e-01
6.405391912131802590e-01
6.694957563654517774e-01
7.314028956565151729e-01
5.701447828257613093e-01
7.299051422865701078e-01
7.104343484772840389e-01
7.448826759860209812e-01
6.769845232151772141e-01
2.975536694957563455e-01
5.761357963055416809e-01
7.533699450823764243e-01
7.324013979031452903e-01
7.513729405891163005e-01
6.749875187219170902e-01
7.124313529705441628e-01
6.994508237643535242e-01
7.378931602596106032e-01
6.050923614578133103e-01
7.154268597104342930e-01
7.363954068896655381e-01
7.333999001497752968e-01
6.844732900649026508e-01
7.558662006989516069e-01
7.199201198202695995e-01
5.691462805791313029e-01
7.139291063404892279e-01
7.304043934098851665e-01
7.468796804792811050e-01
6.864702945581627747e-01
6.575137294058911452e-01
6.580129805292062040e-01
7.463804293559660463e-01
7.159261108337493518e-01
7.438841737393908637e-01
7.184223664503245343e-01
7.448826759860209812e-01
6.874687968047927811e-01
7.219171243135297233e-01
7.304043934098851665e-01
7.438841737393908637e-01
6.819770344483274682e-01
7.309036445332002252e-01
7.588617074388417372e-01
7.593609585621567959e-01
7.159261108337493518e-01
6.954568147778332765e-01
7.284073889166250426e-01
7.269096355466799775e-01
