5.528020850916213647e+01
1.140329011901878289e+02
9.761232231773856682e+00
5.977092869092509808e+00
9.393836445529878398e-01
1.036463098114154713e+00
1.015783596845251546e+00
1.128139688545504171e+00
1.241241916887651842e+00
1.066956236787397039e+00
8.732181591090117934e-01
9.152571189659449713e-01
9.877994073609739356e-01
9.435119683660392331e-01
9.926193749761795804e-01
9.544517598744933773e-01
1.070593093611631019e+00
1.017625088341761019e+00
1.208355176764253525e+00
2.111712117315350579e+00
1.374439984336830234e+00
1.035157805315209067e+00
1.456265390960800099e+00
1.018083742333839359e+00
8.660566835360591353e-01
1.256467754401627390e+00
1.107980127996405662e+00
1.076166801374076387e+00
1.268384765876392928e+00
1.101663348797375930e+00
1.585807396838263772e+00
1.276325719956451721e+00
1.216964462252182244e+00
1.002360300843976315e+00
1.287421039504166975e+00
1.277787111413163368e+00
1.074194446897958954e+00
1.187040108534555438e+00
1.111943589319780434e+00
1.241048506302531163e+00
1.460347301056548197e+00
1.290963136370159470e+00
1.261860245772736366e+00
1.044924951230533416e+00
1.234201955366777348e+00
1.517325896176468181e+00
1.665599541728400190e+00
1.042853373262326411e+00
1.062891116632679545e+00
1.236200729728161640e+00
