5.731402895656515506e-01
6.605092361457812755e-01
6.540189715426859562e-01
6.964553170244632829e-01
6.824762855716425269e-01
7.284073889166250426e-01
7.149276085871193454e-01
7.329006490264603491e-01
6.540189715426859562e-01
6.280579131303045681e-01
7.608587119321018610e-01
7.194208686969545408e-01
7.034448327508736609e-01
6.689965052421368297e-01
6.789815277084373379e-01
5.202196704942586569e-01
7.039440838741887196e-01
7.269096355466799775e-01
5.736395406889664983e-01
7.139291063404892279e-01
6.575137294058911452e-01
3.829256115826260576e-01
6.759860209685472077e-01
7.573639540688966720e-01
7.573639540688966720e-01
7.453819271093360399e-01
7.573639540688966720e-01
7.428856714927608573e-01
6.325511732401397635e-01
7.513729405891163005e-01
7.393909136295556683e-01
6.640039940089865755e-01
6.475287069395906370e-01
7.388916625062406096e-01
7.573639540688966720e-01
7.633549675486769326e-01
7.169246130803794692e-01
7.613579630554169198e-01
7.219171243135297233e-01
7.563654518222665546e-01
7.259111333000499711e-01
7.568647029455816133e-01
7.304043934098851665e-01
7.378931602596106032e-01
7.473789316025960527e-01
7.553669495756365482e-01
7.443834248627059225e-01
7.578632051922117308e-01
7.418871692461308509e-01
7.703444832750874216e-01
