1.183665564253040969e+01
1.430187119523465888e+00
9.880870872893693369e-01
1.002033773327968946e+00
9.968298095140347703e-01
8.073591760141636264e-01
8.860632838812459999e-01
8.029329433955374462e-01
1.286827756563425629e+00
1.113565643608599887e+00
8.980691050864194613e-01
8.435219130513671448e-01
1.032942601697657947e+00
1.111158860485611966e+00
1.078669131308035212e+00
2.011056572332777570e+00
1.076902932128011248e+00
1.081284481944647435e+00
2.105839980728050342e+00
1.006594947023625064e+00
1.190111926538731213e+00
3.356786367004059191e+00
1.020198052190151250e+00
8.554828457991837665e-01
8.789012689502371245e-01
9.737829679973828423e-01
1.284737429497424088e+00
1.220445564908500424e+00
1.773594391000788528e+00
1.203736202781104048e+00
1.122077058626899548e+00
1.648863770279715313e+00
1.560209067654621640e+00
1.120111272981389350e+00
1.102649266042533105e+00
1.125043638039397109e+00
1.410915343837623848e+00
1.281157377595849134e+00
1.245949752974736313e+00
1.100954619634764375e+00
1.191467446621453430e+00
1.230765213623561172e+00
1.480424065085214513e+00
1.713287982771650064e+00
1.267271609170640412e+00
1.396027293374284994e+00
1.335144390776582313e+00
1.370464775423020365e+00
1.267654449179121290e+00
1.260060392614013258e+00
