5.396904643035447258e-01
6.769845232151772141e-01
6.255616575137293855e-01
6.515227159261108847e-01
5.611582626060909185e-01
6.340489266100848287e-01
6.490264603095357021e-01
6.734897653519720251e-01
6.694957563654517774e-01
6.969545681477783416e-01
6.145781328007987598e-01
6.909635546679979701e-01
4.807788317523714605e-01
7.408886669995007335e-01
6.909635546679979701e-01
6.570144782825760865e-01
7.144283574638042866e-01
5.881178232651023130e-01
5.072391412880679074e-01
7.069395906140788499e-01
6.949575636545182178e-01
6.355466799800300048e-01
7.463804293559660463e-01
6.754867698452321489e-01
7.134298552171742802e-01
7.054418372441337848e-01
7.553669495756365482e-01
7.284073889166250426e-01
6.335496754867698810e-01
7.144283574638042866e-01
7.319021467798302316e-01
7.099350973539690912e-01
7.548676984523214895e-01
6.570144782825760865e-01
6.320519221168248158e-01
7.558662006989516069e-01
7.498751872191712353e-01
7.623564653020469262e-01
7.683474787818272977e-01
7.403894158761856747e-01
7.398901647528707270e-01
7.319021467798302316e-01
7.109335996005990976e-01
7.648527209186221087e-01
6.205691462805791314e-01
7.463804293559660463e-01
7.508736894658013528e-01
7.458811782326509876e-01
7.179231153270094756e-01
7.234148776834747885e-01
