2.309346659803652280e+00
2.081153820945332100e+01
1.029061602201095127e+01
2.729970821724851948e+00
1.185230800763880987e+00
1.044928189521423967e+00
8.962066782990872893e-01
9.277262694229796436e-01
9.562962274818020969e-01
1.033397824479768135e+00
1.230345278398072839e+00
9.829048481335118659e-01
2.962750383543480304e+00
1.049456062640658160e+00
9.287115758321193848e-01
9.896964218934297675e-01
8.966751420759762059e-01
1.057998129295457668e+00
1.743765403316191120e+00
9.553156001116713814e-01
1.073938285179633301e+00
1.176520364914187988e+00
9.932766427591450675e-01
1.107168692859243908e+00
1.142083417756284858e+00
9.744028920271488037e-01
1.001285397018484069e+00
1.056046341516587050e+00
1.393728594272897192e+00
1.056182529901898759e+00
1.121663773649047124e+00
1.757506796436433705e+00
1.125199912728753748e+00
1.273020498049122207e+00
1.363599517385006177e+00
9.401529819085725492e-01
9.869521807505378108e-01
8.902021853613127922e-01
9.713333570177532517e-01
1.157432060895178028e+00
1.144365125457108556e+00
1.191085663531580074e+00
1.267939728049117809e+00
1.165204264465356854e+00
1.567488429044046505e+00
1.081993363407095066e+00
1.701914158244759001e+00
1.227885980934603882e+00
1.354640451896446551e+00
1.272332830364800493e+00
