4.769202131850060589e+00
1.723787115326061103e+00
1.531021858773348177e+00
1.488010026726553692e+00
8.140660972519034866e-01
1.354880183325132936e+00
9.080814058281931889e-01
1.417527209980393721e+00
1.613478746731996649e+00
1.582556765316369463e+00
1.090504957090540739e+00
2.811395329829162293e+00
1.634395808978373665e+00
1.707066249204646002e+00
1.235854270752227313e+00
1.261117470603672519e+00
7.679717774636377614e-01
1.058436799692143548e+00
6.898310963683763619e-01
9.741067031116646957e-01
8.885458470343114978e-01
1.016010493114479107e+00
1.106804323996892991e+00
1.318113607224737249e+00
1.178940706591099064e+00
6.545082355105037442e-01
7.884625958848821003e-01
7.545845568983541307e-01
1.201908793291091015e+00
7.830739363217079640e-01
6.867535687421360002e-01
7.700897501935021205e-01
8.729946119036605667e-01
6.107235092314493574e-01
6.910424823470551203e-01
9.744274638262142574e-01
7.116207137324485066e-01
1.193886693751163186e+00
6.898143770572130462e-01
1.014815583475458638e+00
1.054017457435920235e+00
8.468053941421965769e-01
8.534767451327381904e-01
7.304306379331092502e-01
7.531890555345827076e-01
5.561490975435650075e-01
9.996915132595906028e-01
7.537801729936451922e-01
6.587424459781161534e-01
8.691417057545138825e-01
