6.575137294058911452e-01
6.600099850224663278e-01
6.360459311033449525e-01
6.799800299550673444e-01
6.530204692960559498e-01
6.240639041437843204e-01
6.540189715426859562e-01
7.004493260109835306e-01
6.914628057913130288e-01
5.861208187718421891e-01
6.964553170244632829e-01
7.304043934098851665e-01
7.269096355466799775e-01
6.150773839241138186e-01
5.746380429355966157e-01
6.804792810783824031e-01
6.944583125312031591e-01
7.393909136295556683e-01
7.154268597104342930e-01
7.059410883674488435e-01
5.801298052920619286e-01
6.994508237643535242e-01
7.433849226160759160e-01
7.329006490264603491e-01
7.343984023964054142e-01
6.315526709935097571e-01
6.919620569146280875e-01
6.375436844732900177e-01
7.319021467798302316e-01
5.991013479780329387e-01
7.064403394907639022e-01
7.558662006989516069e-01
6.804792810783824031e-01
6.779830254618073315e-01
7.543684473290065418e-01
7.094358462306540325e-01
7.314028956565151729e-01
7.508736894658013528e-01
7.693459810284573042e-01
7.573639540688966720e-01
6.650024962556165820e-01
7.418871692461308509e-01
7.124313529705441628e-01
7.144283574638042866e-01
6.010983524712930626e-01
6.325511732401397635e-01
7.114328507239141564e-01
6.849725411882177095e-01
7.214178731902146646e-01
7.528706939590613656e-01
