4.769201117260831069e+00
1.723787111517077308e+00
1.531021892340017843e+00
1.488009821458036619e+00
8.140659923560609190e-01
1.354880186360416738e+00
9.080813261966257377e-01
1.417527118921874996e+00
1.613478715977428424e+00
1.582556974810477968e+00
1.090505054695750209e+00
2.811396892226700750e+00
1.634395481465283018e+00
1.707066300983019591e+00
1.235854189989867846e+00
1.261117388710520926e+00
7.679718315631106629e-01
1.058436843495456969e+00
6.898310104281796251e-01
9.741068799913494836e-01
8.885458675968724851e-01
1.016010465112496597e+00
1.106804613449903218e+00
1.318113605439276137e+00
1.178940735515569660e+00
6.545079138299196853e-01
7.884625509507764418e-01
7.545844327790464101e-01
1.201909365486753423e+00
7.830739494746051799e-01
6.867536834877726593e-01
7.700898295870080013e-01
8.729945919064956428e-01
6.107235332756594248e-01
6.910424437810942511e-01
9.744274007399202908e-01
7.116208008034373700e-01
1.193886827043277643e+00
6.898143997920851422e-01
1.014815574310091284e+00
1.054017413692122096e+00
8.468053432863114072e-01
8.534765673826411048e-01
7.304306210605013838e-01
7.531890056458224736e-01
5.561491724734179964e-01
9.996914156543810215e-01
7.537801461522125601e-01
6.587425865831817440e-01
8.691416356751636707e-01
