6.630054917623564581e-01
1.567648527209186127e-01
5.431852221667499148e-01
5.701447828257613093e-01
6.415376934598102654e-01
7.184223664503245343e-01
6.535197204193708975e-01
7.343984023964054142e-01
6.565152271592611388e-01
7.338991512730903555e-01
6.315526709935097571e-01
6.924613080379430352e-01
7.309036445332002252e-01
5.961058412381428084e-01
7.214178731902146646e-01
6.615077383924113930e-01
6.949575636545182178e-01
7.528706939590613656e-01
7.398901647528707270e-01
7.234148776834747885e-01
7.458811782326509876e-01
7.034448327508736609e-01
7.533699450823764243e-01
7.019470793809285958e-01
7.453819271093360399e-01
6.799800299550673444e-01
7.034448327508736609e-01
7.219171243135297233e-01
7.423864203694457986e-01
7.488766849725412289e-01
7.368946580129804858e-01
7.174238642036944169e-01
7.443834248627059225e-01
7.673489765351971803e-01
7.698452321517723629e-01
7.274088866699950362e-01
7.169246130803794692e-01
7.084373439840239151e-01
7.738392411382926106e-01
7.593609585621567959e-01
7.648527209186221087e-01
7.648527209186221087e-01
7.144283574638042866e-01
7.378931602596106032e-01
7.304043934098851665e-01
7.488766849725412289e-01
7.533699450823764243e-01
7.383924113829256619e-01
7.578632051922117308e-01
7.244133799301047949e-01
