1.335431834309921184e+00
9.525608191489977727e+00
2.928386562736849186e+01
1.998199238153839374e+01
4.709760873364140288e+00
3.193500364058861507e+00
2.821379794755460413e+00
4.105134727379388337e+00
5.031250556736544866e+00
1.966079973246059653e+00
2.328081075453603432e+00
3.604225628014748661e+00
3.802573949768135009e+00
2.627330914415006102e+00
1.798526746299465628e+00
2.202122146465512742e+00
2.051056803552377072e+00
1.770854066504994107e+00
1.481978406444288687e+00
1.512521832154741119e+00
1.664851951646733497e+00
2.007396279694256602e+00
1.638011121654653346e+00
2.131345194575195112e+00
2.231075797864215726e+00
1.915786144052573192e+00
1.980365442622618488e+00
1.769240818795000836e+00
1.811954862763152097e+00
1.792462009105215692e+00
1.802680666602616055e+00
1.952063630356886348e+00
1.868186109136237727e+00
1.748323789549897533e+00
2.295693739378267928e+00
1.799219454340618141e+00
2.661508377557745941e+00
2.091752039957689213e+00
1.700559117707144408e+00
2.078776111140943961e+00
2.037271678656026985e+00
1.624686950454102385e+00
2.393531331644615179e+00
2.805747968580385887e+00
3.324145335884494123e+00
3.768236035653131921e+00
2.364174544067306538e+00
1.928011564272853473e+00
1.660468524120119360e+00
1.622133220962090228e+00
