6.694957563654517774e-01
6.694957563654517774e-01
6.804792810783824031e-01
6.859710434348477159e-01
6.954568147778332765e-01
6.754867698452321489e-01
6.824762855716425269e-01
6.849725411882177095e-01
5.686470294558162442e-01
5.916125811283075020e-01
6.125811283075387470e-01
6.435346979530703893e-01
5.651522715926110552e-01
5.616575137294058662e-01
6.794807788317523967e-01
6.560159760359460801e-01
5.941088367448826846e-01
6.145781328007987598e-01
6.425361957064403828e-01
6.635047428856715168e-01
6.465302046929605195e-01
5.721417873190214332e-01
6.510234648027958260e-01
6.814777833250125205e-01
6.570144782825760865e-01
5.576635047428856184e-01
5.501747378931602928e-01
6.545182226660010150e-01
6.615077383924113930e-01
5.921118322516225607e-01
6.684972541188217710e-01
4.757863205192211509e-01
5.052421367948077835e-01
6.360459311033449525e-01
6.660009985022465884e-01
5.671492760858711790e-01
5.516724912631053579e-01
6.550174737893160737e-01
6.674987518721917645e-01
5.566650024962556120e-01
6.430354468297553305e-01
6.804792810783824031e-01
3.514727908137793566e-01
3.984023964053919342e-01
5.711432850723914267e-01
6.610084872690963342e-01
6.719920119820269599e-01
6.595107338991512691e-01
6.530204692960559498e-01
6.475287069395906370e-01
