4.769199318582617586e+00
1.723787103899109718e+00
1.531021823778309532e+00
1.488009851929906979e+00
8.140660823730605511e-01
1.354880080274266652e+00
9.080813686906011872e-01
1.417527099936471524e+00
1.613478564183472797e+00
1.582556887203850682e+00
1.090504965779784952e+00
2.811395874513844095e+00
1.634395669414826946e+00
1.707066243848262665e+00
1.235854179693708588e+00
1.261117484708815573e+00
7.679716997365623188e-01
1.058436827485822018e+00
6.898310687086074422e-01
9.741067115033321677e-01
8.885459137212855518e-01
1.016010739746179503e+00
1.106804193747501941e+00
1.318113769344609887e+00
1.178940694568993974e+00
6.545080205707388687e-01
7.884625916592906680e-01
7.545844958653404877e-01
1.201909286137884170e+00
7.830740721060285292e-01
6.867536365896597106e-01
7.700898895785026621e-01
8.729945536827481423e-01
6.107235385130121985e-01
6.910423089787772755e-01
9.744274815617950392e-01
7.116207460492953718e-01
1.193887225684676867e+00
6.898143664039615430e-01
1.014815294647359645e+00
1.054017529151943133e+00
8.468052161019621327e-01
8.534767107998081359e-01
7.304306710236558864e-01
7.531889127423271324e-01
5.561491114404043534e-01
9.996914295809780082e-01
7.537801528179342014e-01
6.587425722994926236e-01
8.691414638840432305e-01
