6.694957563654517774e-01
6.694957563654517774e-01
6.749875187219170902e-01
6.929605591612580939e-01
6.754867698452321489e-01
6.660009985022465884e-01
6.779830254618073315e-01
6.964553170244632829e-01
6.954568147778332765e-01
6.949575636545182178e-01
6.415376934598102654e-01
6.315526709935097571e-01
5.896155766350473781e-01
5.536694957563654818e-01
5.526709935097353643e-01
5.766350474288567396e-01
5.876185721417873653e-01
6.485272091862206434e-01
6.809785322016974618e-01
6.330504243634548223e-01
6.225661507738392553e-01
6.395406889665501415e-01
6.440339490763854480e-01
6.400399400898652003e-01
5.606590114827758597e-01
5.371942086869695432e-01
5.806290564153769873e-01
6.130803794308536947e-01
5.816275586620069937e-01
5.861208187718421891e-01
6.170743884173739424e-01
6.744882675986021425e-01
6.500249625561657085e-01
5.981028457314029323e-01
6.794807788317523967e-01
7.059410883674488435e-01
7.009485771342985894e-01
6.704942586120818948e-01
5.626560159760359836e-01
6.400399400898652003e-01
6.854717923115326572e-01
6.744882675986021425e-01
6.375436844732900177e-01
6.445332001997003957e-01
6.615077383924113930e-01
6.719920119820269599e-01
6.390414378432351938e-01
6.170743884173739424e-01
6.380429355966050764e-01
6.540189715426859562e-01
