1.779009134812290727e+00
3.427789413067500401e+00
2.085603956454882280e+00
1.382774104610182242e+00
1.717375659371279450e+00
2.347982245597372675e+00
1.499071713661588090e+00
1.610024100949748682e+00
1.442126522287986878e+00
2.753836910782964775e+00
1.416228185697489872e+00
1.237604991650498087e+00
1.262179244891798557e+00
1.442268612738317524e+00
1.484453512321277868e+00
1.426521499277172866e+00
1.419805513401955155e+00
1.716067893916942699e+00
1.810234264915607350e+00
1.403368709090942801e+00
1.374106798300550381e+00
1.270119805307431182e+00
1.512787460864215117e+00
1.580550227978202216e+00
2.049175974731140659e+00
1.687131901651516719e+00
1.593044296182279274e+00
1.719186952217661934e+00
1.700814392765462202e+00
2.210566510692335562e+00
2.765662374582162020e+00
2.208277944856682939e+00
3.586031871233591239e+00
1.799382743035562671e+00
1.814405458781698899e+00
3.318250037644186801e+00
2.100604054931396902e+00
2.218048982363132637e+00
2.835096939646834624e+00
2.163402538625704974e+00
7.717001156514130322e+00
2.721892270099146582e+00
1.845812180312466744e+00
1.865897278695242134e+00
1.949305077865012947e+00
1.617348350826288250e+00
1.633385238918851012e+00
2.125892087809752695e+00
2.154321483415897909e+00
2.722175958807683926e+00
