6.694957563654517774e-01
6.699950074887668361e-01
6.704942586120818948e-01
6.739890164752870838e-01
6.480279580629056957e-01
5.496754867698452340e-01
5.381927109335995496e-01
5.876185721417873653e-01
6.565152271592611388e-01
5.511732401397902992e-01
5.536694957563654818e-01
6.195706440339491250e-01
6.585122316525212627e-01
6.640039940089865755e-01
6.585122316525212627e-01
6.450324513230154544e-01
6.490264603095357021e-01
5.886170743884173717e-01
5.546679980029954882e-01
6.365451822266600113e-01
6.335496754867698810e-01
6.535197204193708975e-01
5.951073389915126910e-01
5.981028457314029323e-01
5.541687468796804295e-01
5.816275586620069937e-01
5.741387918122815570e-01
6.270594108836744507e-01
6.894658012980529049e-01
6.145781328007987598e-01
5.307039440838742239e-01
5.986020968547178800e-01
5.322016974538192891e-01
6.570144782825760865e-01
5.761357963055416809e-01
5.371942086869695432e-01
5.656515227159261139e-01
6.130803794308536947e-01
5.926110833749376194e-01
5.007488766849725881e-01
1.318022965551672587e-01
2.551173240139790188e-01
5.132301547678482789e-01
5.741387918122815570e-01
5.921118322516225607e-01
6.310534198701946984e-01
6.260609086370444443e-01
6.015976035946081213e-01
5.756365451822266222e-01
5.027458811782326009e-01
