1.120000000000000023e-01
4.006000000000000116e-01
4.489000000000000212e-01
5.172999999999999821e-01
5.820999999999999508e-01
5.790999999999999481e-01
6.005000000000000338e-01
5.929999999999999716e-01
5.998999999999999888e-01
5.995000000000000329e-01
6.009999999999999787e-01
6.050999999999999712e-01
6.045000000000000373e-01
6.118000000000000105e-01
6.205000000000000515e-01
6.159999999999999920e-01
6.384999999999999565e-01
6.201999999999999735e-01
6.398000000000000353e-01
6.352999999999999758e-01
6.573999999999999844e-01
6.358000000000000318e-01
6.614999999999999769e-01
6.590000000000000302e-01
6.128000000000000114e-01
6.572999999999999954e-01
6.336000000000000520e-01
6.536999999999999478e-01
6.482999999999999874e-01
6.415999999999999481e-01
6.722000000000000197e-01
6.608000000000000540e-01
6.522000000000000020e-01
6.543999999999999817e-01
6.475999999999999535e-01
6.491999999999999993e-01
6.483999999999999764e-01
6.403999999999999693e-01
6.552999999999999936e-01
6.511000000000000121e-01
6.499000000000000332e-01
6.520000000000000240e-01
6.500000000000000222e-01
6.529000000000000359e-01
6.518000000000000460e-01
6.590000000000000302e-01
6.549000000000000377e-01
6.616999999999999549e-01
6.591000000000000192e-01
6.603999999999999870e-01
6.543999999999999817e-01
6.482999999999999874e-01
6.558000000000000496e-01
6.595999999999999641e-01
6.571000000000000174e-01
6.542999999999999927e-01
6.568000000000000504e-01
6.569000000000000394e-01
6.560000000000000275e-01
6.515999999999999570e-01
6.526999999999999469e-01
6.602999999999999980e-01
6.586999999999999522e-01
6.563999999999999835e-01
6.627999999999999448e-01
6.592000000000000082e-01
6.620000000000000329e-01
6.602000000000000091e-01
6.603999999999999870e-01
6.564999999999999725e-01
6.570000000000000284e-01
6.767999999999999572e-01
6.091999999999999638e-01
6.336000000000000520e-01
5.423999999999999932e-01
6.058000000000000052e-01
6.185000000000000497e-01
6.621000000000000218e-01
6.512999999999999901e-01
6.604999999999999760e-01
6.594999999999999751e-01
6.633000000000000007e-01
6.498000000000000442e-01
6.585999999999999632e-01
6.570000000000000284e-01
6.441999999999999948e-01
6.298000000000000265e-01
6.389000000000000234e-01
6.448000000000000398e-01
6.414999999999999591e-01
6.630000000000000338e-01
6.662000000000000144e-01
6.635999999999999677e-01
6.522999999999999909e-01
6.572000000000000064e-01
6.140999999999999792e-01
6.278000000000000247e-01
6.380000000000000115e-01
6.395999999999999464e-01
6.696999999999999620e-01
