2.310821905517578045e+00
1.519337655067443782e+00
1.604003902053833031e+00
1.553971884346008192e+00
1.733597908210754435e+00
1.508067372131347561e+00
1.689269179916381924e+00
1.570650088119506904e+00
1.641108890533447218e+00
1.813561344909667916e+00
1.787606582260131916e+00
1.569213773345947249e+00
1.538251834297180265e+00
1.854554709243774413e+00
1.699077182006835995e+00
1.593923402976989756e+00
1.664688036537170346e+00
1.667588132286071723e+00
1.788176692581176841e+00
1.665912435531616165e+00
1.721929663467407279e+00
1.672983921432495080e+00
1.863677625083923317e+00
1.905710244750976612e+00
1.819748974227905380e+00
1.925364948272705101e+00
1.906236992263793839e+00
1.852694773864746125e+00
2.077699412155151304e+00
1.853408564758300736e+00
1.788802628517150772e+00
1.693459130477905195e+00
1.682256943321227993e+00
1.685734580230712876e+00
1.727548159790039062e+00
1.790326756668090713e+00
1.757552177047729591e+00
1.700176981735229464e+00
1.890902293395996026e+00
1.797590189933776950e+00
1.689330298995971757e+00
1.817718918991088950e+00
1.787148984718322842e+00
1.910647761917114273e+00
1.816143294715881318e+00
1.876041133308410602e+00
1.898388731956481834e+00
1.948098643112182726e+00
2.161525812530517676e+00
2.031276791381836144e+00
1.839445080375671449e+00
2.070600783920288013e+00
1.865663473892211988e+00
1.924369420242309614e+00
1.936762620925903233e+00
1.923038191986083945e+00
1.994561805343628036e+00
1.852972087097167986e+00
1.928054989242553807e+00
1.929328861236572212e+00
1.965273576736450201e+00
1.951372814941406242e+00
1.882477263259887623e+00
1.872076011657714867e+00
1.899982689666747993e+00
1.941299071502685436e+00
1.916842598724365132e+00
1.884827568054199265e+00
1.931744342422485383e+00
1.908235773468017538e+00
1.899295466995239323e+00
1.965778667068481367e+00
1.992864870834350599e+00
1.964051939773559630e+00
1.906286445236206051e+00
1.904119159698486330e+00
1.951876031112670828e+00
1.936073439407348662e+00
1.937588811111450093e+00
1.907425121307372962e+00
1.885502060699462801e+00
1.910356621170044011e+00
1.930498990249633895e+00
1.903907477188110375e+00
1.958950932312011783e+00
2.054313758850097482e+00
2.095488612365722592e+00
2.074020248031616109e+00
2.092050312423705982e+00
2.075534077072143546e+00
2.067324834823608182e+00
2.105811561203002835e+00
2.048287357330322411e+00
2.060000084686279376e+00
2.058314617919922096e+00
2.070833613204956070e+00
2.060553178024291832e+00
2.091769254684448409e+00
2.055854363250732231e+00
2.056772828674316322e+00
