2.299937493896484497e+00
7.730775227546692330e-01
2.676721944332122738e-01
1.673091094017028768e-01
1.249081403732299755e-01
9.936692430973052825e-02
7.762584087848663217e-02
6.420220834612846983e-02
5.689629368782043312e-02
5.025557644367217858e-02
4.382707154750824230e-02
4.134433178901672501e-02
3.771333308219909641e-02
3.532423961758613534e-02
3.311529427468776904e-02
3.163860123753547970e-02
3.108476336598396325e-02
2.917924806475639260e-02
2.757939511835575189e-02
2.418131025433540443e-02
2.656868976950645458e-02
2.386147117018699512e-02
2.376111587584018789e-02
2.242611600756645035e-02
2.398079610764980441e-02
2.347512773573398603e-02
2.207871947288513048e-02
2.031969290971755854e-02
2.064006778895854932e-02
2.070831879079342019e-02
1.951773032248020276e-02
2.218606786727905442e-02
2.202831010520458349e-02
2.305604467689990889e-02
2.015360603034496365e-02
1.915321777462959327e-02
1.980461302697658632e-02
1.966335834264755153e-02
1.746964638531207925e-02
1.835780303776264263e-02
1.952201102375984362e-02
1.937436369657516422e-02
1.967842317819595496e-02
1.856014378964901054e-02
1.878232095241546759e-02
1.899225991070270514e-02
1.749737423956394117e-02
1.773341552019119111e-02
1.972941554784774648e-02
1.870995054841041727e-02
1.835505330264568247e-02
1.843035461306571920e-02
1.781179673373699257e-02
1.712118233442306431e-02
1.774622974395751937e-02
1.755797110497951674e-02
1.819751950502395549e-02
1.762130513191223144e-02
1.863902590870857370e-02
1.823601456880569530e-02
1.830524909496307473e-02
1.738150799572467722e-02
2.006782716810703165e-02
1.835186800062656512e-02
1.724768654108047375e-02
1.825566469728946706e-02
1.879872608184814456e-02
1.732741538584232216e-02
1.902871258258819614e-02
1.716080271601676949e-02
1.842502118051051949e-02
1.689427600800991192e-02
1.828204675614833810e-02
1.719164895117282835e-02
1.742634769976138948e-02
1.832086945772171127e-02
1.738361319303512523e-02
1.732970684766769326e-02
1.704081588387489424e-02
1.713239628672599824e-02
1.780447685420512988e-02
1.779141055047512091e-02
1.986380996108055158e-02
1.769308942556381201e-02
1.670951729416847095e-02
1.776505738794803557e-02
1.978744437694549690e-02
1.752407105863094255e-02
1.684585820436477685e-02
2.021241078376770015e-02
1.785867972970008738e-02
1.675141214728355366e-02
1.717649400532245477e-02
1.925500732958316738e-02
1.701723867654800562e-02
1.641882829368114527e-02
1.568877738416194975e-02
1.754782142043113599e-02
1.806005357503890837e-02
1.870977444946765947e-02
