2.299533223342895560e+00
1.518242029571533314e+00
1.429898868942260703e+00
1.298301644897460916e+00
1.300643418312072752e+00
1.113429582023620634e+00
1.059201329994201579e+00
1.162103168296813926e+00
1.245229525184631258e+00
1.077667203521728512e+00
1.062795847702026286e+00
1.101481580734252841e+00
1.235242370986938454e+00
1.064679854774475132e+00
1.156516198730468847e+00
1.116065327644348182e+00
1.029580198478698749e+00
1.156035592269897494e+00
1.100115323829650826e+00
1.076160227203369235e+00
1.067454518318176282e+00
9.995987716674804568e-01
9.537113579750060577e-01
1.042425465393066464e+00
9.981397153854369986e-01
1.050161155509948818e+00
1.038024642753601068e+00
1.033689148902892985e+00
1.153081697845458997e+00
1.142367418479919516e+00
1.416407499122619651e+00
9.714384573936462042e-01
9.542600763320923107e-01
9.263586201667786124e-01
9.676401650428771983e-01
1.103964685058593798e+00
1.111804338645935086e+00
1.091353153991699187e+00
1.076159744071960356e+00
1.077380876731872661e+00
1.066569113540649427e+00
1.065213306999206466e+00
1.055994136047363252e+00
1.011511894416809110e+00
9.903013406753540249e-01
9.818121344566345110e-01
1.038645807266235455e+00
1.098991061592102136e+00
1.034239778900146511e+00
9.996878926277160682e-01
1.230987909317016626e+00
1.181099363136291602e+00
9.971372493743896337e-01
1.168202571487426678e+00
1.257853104972839420e+00
1.022677183914184607e+00
1.094842125511169328e+00
1.120980362319946355e+00
1.128147755622863846e+00
1.091962343215942433e+00
1.057288974761962930e+00
1.154603676605224560e+00
1.182462013244628851e+00
1.248802224349975676e+00
1.244703405952453545e+00
1.105551026725769104e+00
1.256074967575073309e+00
1.043350480651855428e+00
1.068619401741027763e+00
1.129143031883239834e+00
1.131516628265380797e+00
1.141840761756897082e+00
1.235530449104309092e+00
1.146628386878967287e+00
1.116450772857666029e+00
1.158116377449035728e+00
1.049592131805419992e+00
1.054328305244445874e+00
1.149279334640503025e+00
1.255081558418273957e+00
1.262858543586730997e+00
1.240855749893188475e+00
1.124464803886413566e+00
1.138908058166503867e+00
1.230571338272094639e+00
1.246450399398803643e+00
1.238129397773742646e+00
1.218234888076782152e+00
1.204577673149108907e+00
1.194323062515258771e+00
1.189936503028869552e+00
1.206662309265136734e+00
1.252941268539428776e+00
1.415774320793151908e+00
1.162015125274658223e+00
1.203213704872131418e+00
1.198192363548278738e+00
1.262402797508239694e+00
1.388757481765747093e+00
1.018280429649353058e+00
