1.135000000000000037e-01
6.709000000000000519e-01
7.040999999999999481e-01
7.712999999999999856e-01
7.821000000000000174e-01
7.722999999999999865e-01
7.845999999999999641e-01
7.861000000000000210e-01
7.781000000000000139e-01
7.816999999999999504e-01
7.825999999999999623e-01
7.836999999999999522e-01
7.772000000000000020e-01
7.792000000000000037e-01
7.828000000000000513e-01
7.796999999999999487e-01
7.862999999999999989e-01
7.829000000000000403e-01
7.788000000000000478e-01
7.708000000000000407e-01
7.766999999999999460e-01
7.850000000000000311e-01
7.868000000000000549e-01
7.861000000000000210e-01
7.794999999999999707e-01
7.853999999999999870e-01
7.815999999999999615e-01
7.893999999999999906e-01
7.920000000000000373e-01
7.870000000000000329e-01
7.887999999999999456e-01
7.943000000000000060e-01
8.124000000000000110e-01
8.088999999999999524e-01
8.053000000000000158e-01
8.145999999999999908e-01
8.186999999999999833e-01
8.006999999999999673e-01
7.700000000000000178e-01
7.549000000000000155e-01
7.900000000000000355e-01
7.794999999999999707e-01
8.052000000000000268e-01
8.021000000000000352e-01
7.972000000000000197e-01
8.028999999999999471e-01
7.961000000000000298e-01
7.992000000000000215e-01
8.034999999999999920e-01
8.034999999999999920e-01
8.074000000000000066e-01
7.934999999999999831e-01
8.010000000000000453e-01
8.018999999999999462e-01
8.035999999999999810e-01
8.044000000000000039e-01
8.017999999999999572e-01
8.067999999999999616e-01
8.102000000000000313e-01
8.088999999999999524e-01
8.111000000000000432e-01
8.022000000000000242e-01
8.083000000000000185e-01
8.037999999999999590e-01
7.956999999999999629e-01
7.800000000000000266e-01
7.825999999999999623e-01
7.804999999999999716e-01
8.054999999999999938e-01
8.025999999999999801e-01
7.995999999999999774e-01
7.996999999999999664e-01
8.051000000000000378e-01
8.074999999999999956e-01
8.057999999999999607e-01
8.031000000000000361e-01
8.078999999999999515e-01
8.353000000000000425e-01
8.275000000000000133e-01
8.125000000000000000e-01
8.144000000000000128e-01
8.154000000000000137e-01
8.195999999999999952e-01
8.187999999999999723e-01
8.225000000000000089e-01
8.277999999999999803e-01
8.308999999999999719e-01
8.284000000000000252e-01
8.325000000000000178e-01
8.310999999999999499e-01
8.300999999999999490e-01
8.308999999999999719e-01
8.276999999999999913e-01
8.295000000000000151e-01
8.292000000000000481e-01
8.292000000000000481e-01
8.290999999999999481e-01
8.295000000000000151e-01
8.297999999999999821e-01
8.302000000000000490e-01
