2.304404615402221523e+00
1.241773762893676691e+00
1.113328623962402286e+00
1.060582656860351580e+00
1.045835594654083156e+00
1.027486796951293968e+00
1.091937272930145308e+00
9.046839038848877301e-01
1.109271207618713451e+00
9.240320235252380554e-01
1.021033656883239660e+00
8.818254312515259041e-01
9.894188518524169584e-01
9.797600847244262168e-01
9.482185135841370016e-01
1.000199835968017537e+00
1.028895196628570652e+00
9.985623727798461635e-01
1.083909184932708714e+00
1.052692841339111229e+00
1.056320356178283681e+00
9.697690542221069077e-01
9.670474014282226527e-01
1.020050940132141148e+00
1.002092218780517685e+00
1.068991726112365814e+00
9.858858294486999574e-01
1.039361401271819974e+00
1.036702618408203103e+00
9.532780963897704574e-01
1.025659169769287171e+00
1.097485319137573301e+00
9.024885936737060410e-01
8.931877813339232919e-01
9.558461079597473375e-01
9.280038393974304745e-01
9.124286019325256181e-01
1.129318441009521390e+00
1.249100520324706975e+00
1.363470095062255805e+00
1.001660777091979870e+00
1.269944304466247509e+00
1.007065851497650044e+00
1.025322816753387434e+00
1.056920162200927660e+00
9.978970883369445710e-01
1.062799547100067077e+00
1.046638928413391012e+00
1.003216376590728709e+00
9.782768756866454529e-01
9.965586809158325510e-01
1.101218849754333595e+00
1.080022543907165566e+00
1.065964609336853108e+00
1.074054467773437604e+00
1.076053889274597219e+00
1.106584895896911558e+00
1.064340040969848689e+00
1.050776010322570730e+00
1.054929751586914044e+00
1.027587985038757257e+00
1.131565006065368584e+00
1.046776181602478095e+00
1.112522671318054268e+00
1.221271948432922416e+00
1.310751428031921462e+00
1.223557203865051290e+00
1.256730733871459949e+00
9.558176198005676749e-01
9.900788619995116724e-01
1.004496776199340857e+00
1.015536353111267109e+00
9.063683818817138693e-01
9.441785875320434229e-01
9.996799268722533771e-01
1.013355852699279858e+00
9.884807999610900620e-01
8.629225760459899863e-01
8.872073062896728146e-01
9.767402059555053695e-01
9.819912555694579881e-01
9.867225763320922605e-01
9.508445970535278624e-01
9.368657416343688649e-01
9.358773981094360428e-01
9.013679731369018677e-01
8.925596923828125195e-01
9.125950094223022058e-01
8.743590193748473904e-01
8.900563121795653787e-01
8.975065593719482315e-01
9.176684144020080813e-01
9.500515306472778754e-01
9.397912858963012317e-01
9.456074332237243141e-01
9.379184955596924222e-01
9.437247452735900710e-01
9.471045859336852946e-01
9.586417860031127836e-01
9.556906136512756111e-01
