2.287244112777710114e+00
7.568342229843140201e-01
6.469101368904113247e-01
5.503994682312011166e-01
5.156623815536498512e-01
4.382349709033965812e-01
4.875668843746185366e-01
4.718217035293579276e-01
4.193829678535461181e-01
4.554630930423736457e-01
4.686391059875488208e-01
4.145129722118377491e-01
4.342081570625305198e-01
4.642438695430755602e-01
4.757897920608520348e-01
4.498133576869964845e-01
3.686947991847991934e-01
4.070794749736785789e-01
4.612447014808654933e-01
3.517194239616394102e-01
3.747766464710235446e-01
3.429534997463226098e-01
3.198469015121460091e-01
3.399887595653534045e-01
3.055835720062256011e-01
2.925152155160903877e-01
2.511208980798721457e-01
2.289456691026687529e-01
2.542739033937454485e-01
2.191577813148498644e-01
2.069488426685333338e-01
2.093464329957961945e-01
2.137586018323898440e-01
1.921621821641922023e-01
3.235355615615844727e-01
2.592990063190460104e-01
2.034445222854614210e-01
2.678568196535110468e-01
2.296590078353881736e-01
4.431353279113769417e-01
3.607359907150268774e-01
3.642803791999816854e-01
2.809455899000167789e-01
3.099763851642608481e-01
2.611477675676345811e-01
2.532011447429656781e-01
1.997585247993469149e-01
2.079392854928970302e-01
2.081513060808181659e-01
2.019679925918579089e-01
2.071758005619049048e-01
2.048576352119445831e-01
1.978563474655151422e-01
2.163604462623596181e-01
2.218401494741439883e-01
2.118913526058197050e-01
2.291034121036529536e-01
2.630024123430251826e-01
2.132327498793601950e-01
2.322329122543334845e-01
2.131933353424072253e-01
2.049540412902831898e-01
2.354542482137680082e-01
2.234775761604309019e-01
2.175930094480514609e-01
2.514512348175048650e-01
2.222079400300979724e-01
2.351732407093048149e-01
2.324982211112976149e-01
2.158224079370498760e-01
2.137192708492278992e-01
2.417698458671569961e-01
2.794436507940292191e-01
2.426714260816573987e-01
2.792868638753890909e-01
2.831961532831192008e-01
3.455304473400115928e-01
3.008960985660553145e-01
2.012347564935684230e-01
2.496520915031432974e-01
2.531719685316085600e-01
2.207487841129303074e-01
2.406292846202850444e-01
2.345121258497238070e-01
2.046402054786682079e-01
2.071028233766555871e-01
1.800128845214843676e-01
1.796554169058799666e-01
1.809776574969291785e-01
1.976657859563827613e-01
2.316763306856155502e-01
2.439379978656768810e-01
2.438056782960891788e-01
2.198854654550552457e-01
2.130939382076263433e-01
2.108013166189193766e-01
2.068907643795013518e-01
2.075346462249755830e-01
2.130025883197784464e-01
2.272929256200790504e-01
