1.135000000000000037e-01
7.744999999999999662e-01
7.970000000000000417e-01
8.588000000000000078e-01
8.729999999999999982e-01
8.768000000000000238e-01
8.739999999999999991e-01
8.667000000000000259e-01
8.780000000000000027e-01
8.692999999999999616e-01
8.689000000000000057e-01
8.830000000000000071e-01
8.773999999999999577e-01
8.669999999999999929e-01
8.680999999999999828e-01
8.790999999999999925e-01
8.891000000000000014e-01
8.798000000000000265e-01
8.710999999999999854e-01
8.927000000000000490e-01
8.908000000000000362e-01
8.964999999999999636e-01
9.042000000000000037e-01
9.006999999999999451e-01
9.102000000000000091e-01
9.153999999999999915e-01
9.311000000000000387e-01
9.364999999999999991e-01
9.296999999999999709e-01
9.395000000000000018e-01
9.437999999999999723e-01
9.405000000000000027e-01
9.398999999999999577e-01
9.479999999999999538e-01
9.154999999999999805e-01
9.277999999999999581e-01
9.443000000000000282e-01
9.257999999999999563e-01
9.370000000000000551e-01
8.941999999999999948e-01
9.020000000000000240e-01
8.982999999999999874e-01
9.219000000000000528e-01
9.134999999999999787e-01
9.246999999999999664e-01
9.266999999999999682e-01
9.428999999999999604e-01
9.425000000000000044e-01
9.415000000000000036e-01
9.434000000000000163e-01
9.421000000000000485e-01
9.433000000000000274e-01
9.448999999999999622e-01
9.402000000000000357e-01
9.405999999999999917e-01
9.442000000000000393e-01
9.384000000000000119e-01
9.340000000000000524e-01
9.446999999999999842e-01
9.347999999999999643e-01
9.418999999999999595e-01
9.458999999999999631e-01
9.384000000000000119e-01
9.418999999999999595e-01
9.444000000000000172e-01
9.347999999999999643e-01
9.427999999999999714e-01
9.376999999999999780e-01
9.393000000000000238e-01
9.447999999999999732e-01
9.452000000000000401e-01
9.425999999999999934e-01
9.274000000000000021e-01
9.344999999999999973e-01
9.285999999999999810e-01
9.295999999999999819e-01
9.032999999999999918e-01
9.161000000000000254e-01
9.459999999999999520e-01
9.354999999999999982e-01
9.321000000000000396e-01
9.414000000000000146e-01
9.373000000000000220e-01
9.397999999999999687e-01
9.476999999999999869e-01
9.482000000000000428e-01
9.553000000000000380e-01
9.567999999999999838e-01
9.556999999999999940e-01
9.497999999999999776e-01
9.425000000000000044e-01
9.396999999999999797e-01
9.396999999999999797e-01
9.447999999999999732e-01
9.463000000000000300e-01
9.487999999999999767e-01
9.494000000000000217e-01
9.502000000000000446e-01
9.491000000000000547e-01
9.466999999999999860e-01
