1.135000000000000037e-01
6.828999999999999515e-01
6.935999999999999943e-01
6.968999999999999639e-01
7.527000000000000357e-01
7.729000000000000314e-01
7.752999999999999892e-01
7.633999999999999675e-01
7.769000000000000350e-01
7.697000000000000508e-01
7.766999999999999460e-01
7.762000000000000011e-01
7.829000000000000403e-01
7.772000000000000020e-01
7.832000000000000073e-01
7.712999999999999856e-01
7.829000000000000403e-01
7.762000000000000011e-01
7.834999999999999742e-01
7.801000000000000156e-01
7.690000000000000169e-01
7.548000000000000265e-01
7.855999999999999650e-01
7.783999999999999808e-01
7.860000000000000320e-01
7.824999999999999734e-01
7.623999999999999666e-01
7.832000000000000073e-01
7.921000000000000263e-01
7.631999999999999895e-01
7.870000000000000329e-01
7.849000000000000421e-01
7.846999999999999531e-01
7.839000000000000412e-01
7.861000000000000210e-01
7.873999999999999888e-01
7.798000000000000487e-01
7.829000000000000403e-01
7.885999999999999677e-01
7.832999999999999963e-01
7.905999999999999694e-01
7.973999999999999977e-01
7.923000000000000043e-01
7.865999999999999659e-01
7.937999999999999501e-01
8.018999999999999462e-01
7.965999999999999748e-01
8.017999999999999572e-01
8.024999999999999911e-01
7.971000000000000307e-01
7.957999999999999519e-01
7.906999999999999584e-01
7.981000000000000316e-01
7.953999999999999959e-01
7.869000000000000439e-01
7.959000000000000519e-01
7.911000000000000254e-01
7.738000000000000433e-01
7.848000000000000531e-01
7.848000000000000531e-01
7.886999999999999567e-01
7.892000000000000126e-01
7.895999999999999686e-01
7.954999999999999849e-01
7.957999999999999519e-01
7.932000000000000162e-01
7.920000000000000373e-01
7.943000000000000060e-01
7.943999999999999950e-01
7.942000000000000171e-01
7.974999999999999867e-01
8.022000000000000242e-01
7.983000000000000096e-01
7.995999999999999774e-01
7.997999999999999554e-01
7.975999999999999757e-01
7.952000000000000179e-01
7.939000000000000501e-01
7.951000000000000290e-01
7.931000000000000272e-01
7.932000000000000162e-01
7.953999999999999959e-01
7.959000000000000519e-01
7.976999999999999647e-01
7.964999999999999858e-01
7.976999999999999647e-01
7.993999999999999995e-01
7.982000000000000206e-01
7.996999999999999664e-01
8.040000000000000480e-01
8.044000000000000039e-01
8.084999999999999964e-01
7.691000000000000059e-01
7.255000000000000338e-01
7.868000000000000549e-01
7.846999999999999531e-01
7.985999999999999766e-01
8.082000000000000295e-01
7.971000000000000307e-01
7.874999999999999778e-01
