2.299937518310546825e+00
7.730775044441222654e-01
2.676721920967102264e-01
1.673091094017028768e-01
1.249081545114517217e-01
9.936692148447036355e-02
7.762584125995636297e-02
6.420220632553100271e-02
5.689629178047179991e-02
5.025557987689972111e-02
4.382706972956657704e-02
4.134432900547981016e-02
3.771333097219466829e-02
3.532423970699310328e-02
3.311529316902160625e-02
3.163859882950782743e-02
3.108476566076278855e-02
2.917924672961235213e-02
2.757939307093620201e-02
2.418130968213081516e-02
2.656869060993194420e-02
2.386147355139255424e-02
2.376111784875392999e-02
2.242611517608165614e-02
2.398079734146595088e-02
2.347512643337249655e-02
2.207872248888015712e-02
2.031969089508056658e-02
2.064006724655628039e-02
2.070832170248031526e-02
1.951772712767124024e-02
2.218606711328029515e-02
2.202830924987793024e-02
2.305604216158390132e-02
2.015360467135906067e-02
1.915321807563304807e-02
1.980461356639862114e-02
1.966335839331150026e-02
1.746964673101902149e-02
1.835780105590820166e-02
1.952201078832149425e-02
1.937436302602291160e-02
1.967842302620410877e-02
1.856014268100261710e-02
1.878232008814811546e-02
1.899226027429103819e-02
1.749737443625927133e-02
1.773341403901576921e-02
1.972941335737705276e-02
1.870995149612426911e-02
1.835505522191524519e-02
1.843035233914852231e-02
1.781179676055908226e-02
1.712118545174598841e-02
1.774623193740844720e-02
1.755797336995601823e-02
1.819752040207385860e-02
1.762130583226680786e-02
1.863903059959411482e-02
1.823601536452770094e-02
1.830525476336479149e-02
1.738150849938392695e-02
2.006782476007938285e-02
1.835186980068683610e-02
1.724769194126129015e-02
1.825566372275352553e-02
1.879872797131538348e-02
1.732741431891918205e-02
1.902870975136757015e-02
1.716080034971237053e-02
1.842502306103706300e-02
1.689427941739559194e-02
1.828204997181892555e-02
1.719165097475051918e-02
1.742634997963905460e-02
1.832087080180645061e-02
1.738361434340476852e-02
1.732970671355724482e-02
1.704081750512123281e-02
1.713239517807960480e-02
1.780447622835636123e-02
1.779141032397747041e-02
1.986380939185619296e-02
1.769308800697326489e-02
1.670951602458953938e-02
1.776505623161792752e-02
1.978744504153728476e-02
1.752407613694667923e-02
1.684585798978805588e-02
2.021241261363029493e-02
1.785867921411991160e-02
1.675141170024871742e-02
1.717649596929550146e-02
1.925501340031623987e-02
1.701723560988903025e-02
1.641882845759391751e-02
1.568877755105495611e-02
1.754781891703605795e-02
1.806005015075206818e-02
1.870977701246738512e-02
