2.299937518310546825e+00
7.730774983406066836e-01
2.676721783638000285e-01
1.673091170310974096e-01
1.249081502914428654e-01
9.936691591739654772e-02
7.762584164142607990e-02
6.420220845937728293e-02
5.689629445075988778e-02
5.025557224750518831e-02
4.382706964015960910e-02
4.134432890415191963e-02
3.771333327293396182e-02
3.532423829436302093e-02
3.311529269814491444e-02
3.163859941363334621e-02
3.108476575016975302e-02
2.917924836277961675e-02
2.757939416468143529e-02
2.418131202161312096e-02
2.656869177222252049e-02
2.386147183179855233e-02
2.376111712157726388e-02
2.242611380517482711e-02
2.398079915940761614e-02
2.347512934207916097e-02
2.207872047126293105e-02
2.031969137191772315e-02
2.064006843864917701e-02
2.070832193791866463e-02
1.951772677302360606e-02
2.218607058227062279e-02
2.202830728292465290e-02
2.305604582428932153e-02
2.015360514819622070e-02
1.915321659743786029e-02
1.980461525917053336e-02
1.966335599124431621e-02
1.746964840292930532e-02
1.835780299305915866e-02
1.952200952470302744e-02
1.937436390817165455e-02
1.967842277884483335e-02
1.856014193594455672e-02
1.878232198953628390e-02
1.899225894510745902e-02
1.749737250208854844e-02
1.773341367244720551e-02
1.972941308021545354e-02
1.870995040535926648e-02
1.835505524873733488e-02
1.843035359084606306e-02
1.781179961264133318e-02
1.712118450999259786e-02
1.774622970223426952e-02
1.755797020494937952e-02
1.819751946628093628e-02
1.762130789458751789e-02
1.863902825713157491e-02
1.823601193428039599e-02
1.830524982810020559e-02
1.738150840997695901e-02
2.006782460510730601e-02
1.835186832249164485e-02
1.724768974781036232e-02
1.825566601157188260e-02
1.879872693121433305e-02
1.732741751968860586e-02
1.902871370315551910e-02
1.716080209016800084e-02
1.842502183914184605e-02
1.689427703917026347e-02
1.828204890787601608e-02
1.719164846241474226e-02
1.742635013461113144e-02
1.832086924314499030e-02
1.738361411988735214e-02
1.732970650196075449e-02
1.704081590771674981e-02
1.713239523768424893e-02
1.780447890162467975e-02
1.779140867292881151e-02
1.986380806863307855e-02
1.769308977723121554e-02
1.670951826274395119e-02
1.776505505442619454e-02
1.978744507431983921e-02
1.752407321929931594e-02
1.684585819542408144e-02
2.021241411566734175e-02
1.785867905914783477e-02
1.675141584277153178e-02
1.717649063467979395e-02
1.925500896573066612e-02
1.701723718643188485e-02
1.641882653832435479e-02
1.568877941668033599e-02
1.754781880974769573e-02
1.806005212962627504e-02
1.870977248549461278e-02
