2.299937518310546825e+00
7.730775288581848148e-01
2.676721982002258082e-01
1.673091158628463859e-01
1.249081552743911694e-01
9.936691896915435251e-02
7.762584545612334630e-02
6.420221072435379484e-02
5.689629357457160613e-02
5.025557414293289199e-02
4.382706895470619285e-02
4.134433035254478361e-02
3.771333001852035516e-02
3.532423982024193027e-02
3.311529249548911952e-02
3.163860064744949269e-02
3.108476308584213338e-02
2.917924463152885353e-02
2.757939541637897604e-02
2.418131093382835245e-02
2.656868904531001913e-02
2.386147335767745820e-02
2.376111669242382193e-02
2.242611609101295353e-02
2.398079734742641564e-02
2.347512843906879310e-02
2.207872110009193381e-02
2.031969223320484116e-02
2.064006734192371309e-02
2.070832028388977161e-02
1.951773019433021561e-02
2.218606867194175547e-02
2.202830833196639873e-02
2.305604502260685112e-02
2.015360432863235601e-02
1.915321506559848619e-02
1.980461433529853710e-02
1.966335700750351106e-02
1.746964560747146442e-02
1.835779955387115484e-02
1.952201071679592059e-02
1.937436170279979719e-02
1.967842233777046188e-02
1.856014187037944782e-02
1.878232049345970184e-02
1.899226028621196771e-02
1.749737328886985868e-02
1.773341405391693285e-02
1.972941102087497761e-02
1.870994794368743830e-02
1.835505559444427365e-02
1.843035474121570635e-02
1.781179401874542073e-02
1.712118431031704052e-02
1.774622912704944613e-02
1.755796930789947641e-02
1.819752094745635818e-02
1.762130589485168611e-02
1.863902945816517040e-02
1.823601788878440738e-02
1.830525279641151415e-02
1.738150721788406239e-02
2.006782497167587317e-02
1.835186749994754951e-02
1.724768931567668973e-02
1.825566367208957680e-02
1.879872573316097167e-02
1.732741487920284179e-02
1.902871198356151719e-02
1.716080036163330005e-02
1.842502350509166859e-02
1.689427616894245004e-02
1.828204903602599976e-02
1.719165169298648987e-02
1.742634549736976624e-02
1.832087073028087695e-02
1.738361280858516725e-02
1.732970783412456431e-02
1.704081927537917998e-02
1.713239431381225614e-02
1.780447760224342438e-02
1.779140918850898728e-02
1.986381068825721768e-02
1.769308970570564188e-02
1.670951529741287328e-02
1.776505919694900543e-02
1.978744632899761061e-02
1.752407115995884002e-02
1.684585799276828652e-02
2.021240904331207330e-02
1.785868011415004883e-02
1.675141607522964357e-02
1.717649395465850951e-02
1.925501137971877968e-02
1.701723555922508152e-02
1.641882759034633474e-02
1.568877379298209973e-02
1.754782011210918521e-02
1.806005240678787080e-02
1.870977408289909230e-02
