1.862000000000000044e-01
6.726999999999999647e-01
8.542999999999999483e-01
8.822999999999999732e-01
8.712999999999999634e-01
8.850999999999999979e-01
8.931999999999999940e-01
9.203999999999999959e-01
9.424000000000000155e-01
9.481000000000000538e-01
9.442000000000000393e-01
9.542000000000000481e-01
9.412000000000000366e-01
9.566999999999999948e-01
9.475000000000000089e-01
9.599999999999999645e-01
9.654000000000000359e-01
9.577999999999999847e-01
9.547999999999999821e-01
9.509999999999999565e-01
9.606999999999999984e-01
9.576999999999999957e-01
9.659999999999999698e-01
9.605000000000000204e-01
9.580999999999999517e-01
9.497999999999999776e-01
9.405999999999999917e-01
9.413000000000000256e-01
9.589999999999999636e-01
9.535000000000000142e-01
9.637000000000000011e-01
9.552000000000000490e-01
9.576999999999999957e-01
9.458999999999999631e-01
9.526000000000000023e-01
9.594000000000000306e-01
9.634000000000000341e-01
9.659999999999999698e-01
9.489999999999999547e-01
9.647999999999999909e-01
9.659999999999999698e-01
9.529999999999999583e-01
9.466999999999999860e-01
9.619999999999999662e-01
9.462000000000000410e-01
9.651999999999999469e-01
9.504000000000000226e-01
9.602000000000000535e-01
9.520999999999999464e-01
9.563000000000000389e-01
9.562000000000000499e-01
9.569999999999999618e-01
9.649999999999999689e-01
9.590999999999999526e-01
9.588999999999999746e-01
9.633000000000000451e-01
9.576999999999999957e-01
9.586000000000000076e-01
9.586999999999999966e-01
9.549999999999999600e-01
9.566999999999999948e-01
9.648999999999999799e-01
9.631999999999999451e-01
9.492000000000000437e-01
9.357999999999999652e-01
9.567999999999999838e-01
9.653000000000000469e-01
9.579999999999999627e-01
9.556000000000000050e-01
9.607999999999999874e-01
9.578999999999999737e-01
9.685000000000000275e-01
9.654000000000000359e-01
9.596000000000000085e-01
9.608999999999999764e-01
9.627000000000000002e-01
9.613000000000000433e-01
9.656000000000000139e-01
9.636000000000000121e-01
9.647000000000000020e-01
9.597999999999999865e-01
9.671999999999999487e-01
9.648999999999999799e-01
9.577999999999999847e-01
9.554000000000000270e-01
9.593000000000000416e-01
9.616999999999999993e-01
9.527999999999999803e-01
9.574000000000000288e-01
9.598999999999999755e-01
9.505000000000000115e-01
9.575000000000000178e-01
9.510999999999999455e-01
9.414000000000000146e-01
9.655000000000000249e-01
9.536999999999999922e-01
9.558999999999999719e-01
9.620999999999999552e-01
9.573000000000000398e-01
9.597999999999999865e-01
