2.302187277221679818e+00
9.567268364906310607e-01
5.960983009338378658e-01
4.353992911338805949e-01
4.530832545757293439e-01
3.729497016906738183e-01
3.132098416805267349e-01
2.328542723894119204e-01
1.979545297861099173e-01
1.702680989265441813e-01
1.772104805231094482e-01
1.439446090221405128e-01
1.871356871366500751e-01
1.377302438497543247e-01
1.676752878665924151e-01
1.289490898609161329e-01
1.134182547450065665e-01
1.414497802615165833e-01
1.609598872661590629e-01
1.610573926687240698e-01
1.287079965710639928e-01
1.399682557106018133e-01
1.137364039182662961e-01
1.305221882104873610e-01
1.499482534527778743e-01
1.880321034908294664e-01
2.065497919559478868e-01
1.959133379697799715e-01
1.331905341267585752e-01
1.716470845818519608e-01
1.283135494947433564e-01
1.589859278202056803e-01
1.464291245222091586e-01
1.931037043333053704e-01
1.547256666779518175e-01
1.444821371197700377e-01
1.348481916666030844e-01
1.193287641167640745e-01
1.838978532791137599e-01
1.248448626041412379e-01
1.208494859337806704e-01
1.813866389274597091e-01
1.907828685283660952e-01
1.357163046479225033e-01
2.246484654903411760e-01
1.261173643827438462e-01
1.761512309551238886e-01
1.464005562305450425e-01
1.848521247148513791e-01
1.672458206415176341e-01
1.691062104701995805e-01
1.776644915223121735e-01
1.406658371567726107e-01
1.519634582519531207e-01
1.535307639002800040e-01
1.358045573353767466e-01
1.590510694742202635e-01
1.514851618766784591e-01
1.622870224237442094e-01
1.771508764505386468e-01
1.713313261032104462e-01
1.376540893435478086e-01
1.544661379694938774e-01
2.103599506139755271e-01
2.465705003023147546e-01
1.643849491119384887e-01
1.291556363701820420e-01
1.665019943237304734e-01
1.675186399221420264e-01
1.477896290302276594e-01
1.683389109373092662e-01
1.185749307632446292e-01
1.321241387009620682e-01
1.625015051841735836e-01
1.523101507186889747e-01
1.477087097406387384e-01
1.542185427427291977e-01
1.357861872434616146e-01
1.491135298013687160e-01
1.451537490606308045e-01
1.677831583976745478e-01
1.322469157218933156e-01
1.440824937582015908e-01
1.843579379200935286e-01
1.795320881128311119e-01
1.686241869449615349e-01
1.545932838916778684e-01
2.204960894107818592e-01
1.891620743036270258e-01
1.616209477663040073e-01
2.244630234956741244e-01
1.886810475826263545e-01
2.250954655647277869e-01
2.899185701847076246e-01
1.451419476985931489e-01
2.195813306331634573e-01
2.013747132301330622e-01
1.642465773344039814e-01
1.976713513374328546e-01
1.889723037481307877e-01
