2.299937518310546825e+00
7.730775091171264712e-01
2.676722051143646253e-01
1.673091155052185142e-01
1.249081502914428654e-01
9.936691591739654772e-02
7.762584222555160562e-02
6.420220605731009889e-02
5.689629395604133694e-02
5.025557738542556913e-02
4.382706782221794384e-02
4.134433206915855141e-02
3.771333079338073935e-02
3.532424191832542193e-02
3.311529430747032349e-02
3.163860275149345258e-02
3.108476508855819581e-02
2.917924501299858087e-02
2.757939288616180484e-02
2.418130993545055535e-02
2.656868961751461186e-02
2.386147494912147643e-02
2.376111575067043138e-02
2.242611634135246307e-02
2.398079905807971868e-02
2.347512915134429903e-02
2.207872144877910670e-02
2.031969396173953848e-02
2.064006817340850730e-02
2.070832108855247614e-02
1.951772643625736270e-02
2.218606876134872341e-02
2.202831097543239691e-02
2.305604729950427867e-02
2.015360578894615298e-02
1.915321637690067455e-02
1.980461435019970073e-02
1.966335729658603634e-02
1.746964589655399316e-02
1.835780217945575873e-02
1.952200966477394065e-02
1.937436479032039749e-02
1.967842381298541901e-02
1.856014285385608822e-02
1.878232169747352451e-02
1.899226029217243247e-02
1.749737498760223220e-02
1.773341696858406202e-02
1.972941609025001541e-02
1.870994800031185179e-02
1.835505759418010543e-02
1.843035171926021495e-02
1.781179923117160932e-02
1.712118647396564455e-02
1.774622910022735645e-02
1.755797115266323136e-02
1.819751974642276615e-02
1.762130751907825532e-02
1.863902731537818783e-02
1.823601546287536776e-02
1.830525112748146097e-02
1.738150853216648140e-02
2.006782395243644768e-02
1.835186716616153679e-02
1.724768978953361565e-02
1.825566726326942335e-02
1.879872368276119116e-02
1.732741395533084899e-02
1.902871112227439918e-02
1.716079922616481693e-02
1.842502002716064555e-02
1.689427633583545640e-02
1.828204726576805259e-02
1.719165452122688176e-02
1.742634768784046342e-02
1.832086806297302320e-02
1.738361490070819762e-02
1.732970625758170971e-02
1.704081863164901706e-02
1.713239457011222697e-02
1.780447663068771350e-02
1.779140905439853537e-02
1.986381007730960921e-02
1.769309132695198045e-02
1.670951265692710921e-02
1.776505960226058833e-02
1.978744505345821428e-02
1.752407312095165259e-02
1.684585893452167360e-02
2.021241476535797291e-02
1.785867842733860136e-02
1.675141334831714568e-02
1.717649423480033938e-02
1.925500746965408405e-02
1.701723936498165252e-02
1.641882788240909413e-02
1.568877345919609048e-02
1.754781996011733902e-02
1.806005254983901812e-02
1.870977542102337035e-02
