2.304706910324096469e+00
1.718767979812622082e+00
2.009362569046020397e+00
1.899376855278015030e+00
1.993980143165588359e+00
2.078755936813354577e+00
1.929492957305908307e+00
1.733142186355590919e+00
1.682148144531250056e+00
1.751768985366821241e+00
1.899260983276367165e+00
1.856485207557678319e+00
1.693124696159362896e+00
1.588937980270385797e+00
1.766326344680786198e+00
1.867276976585388271e+00
1.666456798934936590e+00
1.775194676780700753e+00
1.598330457496643042e+00
1.593413222694396891e+00
2.040783189392089803e+00
1.565460360908508264e+00
1.689186461448669352e+00
1.790983996391296351e+00
1.874255379676818878e+00
1.768999417304992772e+00
1.733786143112182598e+00
1.662848750305175871e+00
1.757948124504089327e+00
1.764276517295837454e+00
1.898536790466308632e+00
1.844846570396423413e+00
1.860352834129333388e+00
1.702372469902038610e+00
1.819635933685302742e+00
1.820277392387390059e+00
1.825344339370727598e+00
1.823302245521545517e+00
1.668819604873657214e+00
1.625628930282592810e+00
1.737785826301574632e+00
1.666133382034301835e+00
1.665667135047912639e+00
1.790681999206543029e+00
1.834284293174743619e+00
1.919822904205322311e+00
1.760396667289733985e+00
2.531049504852294962e+00
2.326060772323608195e+00
1.719206688880920320e+00
1.822545516014099087e+00
1.771296543884277375e+00
1.938164091110229581e+00
1.884694143676757916e+00
1.880858577537536602e+00
1.878966507720947199e+00
1.847436844253540045e+00
1.836811252403259376e+00
1.830449081611633222e+00
1.916246682167053184e+00
1.510047082138061603e+00
1.750571337509155168e+00
1.615400207710266045e+00
1.855733652114868182e+00
1.800191284179687434e+00
2.016457519531249964e+00
1.921366971015930236e+00
1.859265810012817433e+00
1.787178100585937512e+00
1.925107807922363357e+00
1.690025815963745126e+00
1.857563905906677304e+00
1.820071578788757360e+00
1.875914046669006296e+00
1.797629256248474139e+00
1.823445040321350019e+00
2.022982103347778171e+00
1.908072728347778302e+00
1.915638272094726480e+00
2.427609675216674923e+00
2.031390988922119334e+00
1.833727335357665966e+00
2.004874568557739156e+00
2.196390312957763769e+00
1.853901072311401332e+00
1.732409163093566962e+00
2.020791183090210108e+00
1.948252701377868545e+00
1.930886851882934518e+00
2.029943941879272629e+00
1.993930102348327571e+00
2.035126082420349203e+00
2.059269514656067113e+00
2.065211347961425581e+00
2.095231526565551672e+00
1.950494362258911041e+00
1.965493481826782185e+00
2.028598469734192111e+00
1.997367492675781175e+00
2.071323023986816558e+00
