2.299937493896484497e+00
7.730775105476379583e-01
2.676722020626068343e-01
1.673091124534606955e-01
1.249081522226333646e-01
9.936691820621490479e-02
7.762583935260772283e-02
6.420221063494682689e-02
5.689629395604133694e-02
5.025557528734207052e-02
4.382706705927848917e-02
4.134432749152183728e-02
3.771332982778548976e-02
3.532423838376998887e-02
3.311529392004013139e-02
3.163860170245170328e-02
3.108476557135582061e-02
2.917924490571021864e-02
2.757939503490924871e-02
2.418130940794944658e-02
2.656868948340415995e-02
2.386147164106369040e-02
2.376111794412135922e-02
2.242611470222473022e-02
2.398079924881458408e-02
2.347512815594673258e-02
2.207872229814529519e-02
2.031969242393970657e-02
2.064007046222686784e-02
2.070831927061081087e-02
1.951772931516170331e-02
2.218606747090816345e-02
2.202830986678600347e-02
2.305604490637779350e-02
2.015360625684261414e-02
1.915321901142597039e-02
1.980461332201957636e-02
1.966335672140121296e-02
1.746964456140994923e-02
1.835780048370361239e-02
1.952200968861579969e-02
1.937436358928680546e-02
1.967842320799827530e-02
1.856014182567596385e-02
1.878232393860817043e-02
1.899226360619067980e-02
1.749737286567688149e-02
1.773341614007949846e-02
1.972941509783267960e-02
1.870995050668716395e-02
1.835505701005458665e-02
1.843035130798816729e-02
1.781179663836955987e-02
1.712118711471557683e-02
1.774622942209243617e-02
1.755797203779220494e-02
1.819751907885074765e-02
1.762130691707134225e-02
1.863902970254421171e-02
1.823601413071155447e-02
1.830525087118148667e-02
1.738150811791419961e-02
2.006782524883747240e-02
1.835186837613582769e-02
1.724768642485141612e-02
1.825566548705101141e-02
1.879872330725192858e-02
1.732741740942001299e-02
1.902871033847331958e-02
1.716079683899879305e-02
1.842502226829528800e-02
1.689427801668643911e-02
1.828204762339592088e-02
1.719164986908435985e-02
1.742634894847869959e-02
1.832086901962757045e-02
1.738361409306526245e-02
1.732970771491527603e-02
1.704081462919711937e-02
1.713239526152610798e-02
1.780447787642478949e-02
1.779141035079956010e-02
1.986380829513072904e-02
1.769309201538562734e-02
1.670951893627643445e-02
1.776506003439426440e-02
1.978744427859783009e-02
1.752407236993312745e-02
1.684586052596569183e-02
2.021241328716278166e-02
1.785867898762226111e-02
1.675141259729862053e-02
1.717649505436420407e-02
1.925500897169113088e-02
1.701724050641060040e-02
1.641882879734039152e-02
1.568877464532852234e-02
1.754782215356826686e-02
1.806005231440067221e-02
1.870977557003498243e-02
