2.316127393341064433e+00
7.761749773979187417e-01
5.518793083190918214e-01
5.127716356277466359e-01
4.759335359573364510e-01
5.049114741325378963e-01
4.080503418922424297e-01
4.114287790298462033e-01
3.770296509742736557e-01
4.010924496650695725e-01
4.231336401462554853e-01
3.709540089130401452e-01
3.607922305107116867e-01
3.685619168758392239e-01
3.096064708709717062e-01
2.649120528697967436e-01
3.771047526836395214e-01
2.842848137378692353e-01
2.973805748939514215e-01
3.210268852233886805e-01
2.954199411392212093e-01
2.775502659320831511e-01
2.404202762842178320e-01
3.788563201427459504e-01
2.075672269821166871e-01
1.958723542451858424e-01
2.945410960674285650e-01
2.593476324081420703e-01
2.791671696186065477e-01
2.227914035081863531e-01
2.942009987831115669e-01
2.550533890247345115e-01
2.020970509529113890e-01
2.281153366088867207e-01
2.424958310127258432e-01
2.670333360671997003e-01
2.565248692512512307e-01
3.453618887901306334e-01
3.367559139728545925e-01
3.118608058929443483e-01
2.855026268482208085e-01
2.423549949645996127e-01
3.857816527366638160e-01
3.192939203262328829e-01
3.714946957588196041e-01
3.058145113468170306e-01
2.960868158340453915e-01
3.353451374053955103e-01
3.373299839496612385e-01
3.547568937301635583e-01
2.991574334144592173e-01
3.621646495819091927e-01
2.766994106292724465e-01
2.691648984432220559e-01
3.050796485424041582e-01
3.128467020988464631e-01
2.348360507965087940e-01
2.835903895378112938e-01
3.056757651329040648e-01
2.996702280998230217e-01
3.052770763397216758e-01
2.823164129257202393e-01
3.103073004722595174e-01
3.130532013416290060e-01
3.172766094207763454e-01
2.826592224597930803e-01
4.298740573406219512e-01
3.169387525081634460e-01
3.957832579612731716e-01
3.705985475540161111e-01
3.090863442420959672e-01
3.575955110549926541e-01
3.337578907012939688e-01
3.830057558059692391e-01
3.708340216159820568e-01
3.494941774368285903e-01
4.098322513580322513e-01
3.347267355442047343e-01
4.107345312118530489e-01
3.858906374931335703e-01
2.743621944427490078e-01
3.826765861511230438e-01
4.866031642436980942e-01
3.725915548801422283e-01
3.524004024505615340e-01
2.563660236120223757e-01
2.428523820400237954e-01
3.232021890163421785e-01
2.714274859428405517e-01
3.968836151123046885e-01
2.880561873435973919e-01
2.965929883003234901e-01
3.089523216724395782e-01
2.876429509162902742e-01
2.554732362508773669e-01
4.068462776660919378e-01
3.341807949066162298e-01
2.929596918106079362e-01
3.064621588230133087e-01
3.635571437835693476e-01
