2.299937518310546825e+00
7.730775288581848148e-01
2.676721951484680173e-01
1.673091139793395909e-01
1.249081510543823270e-01
9.936691802740096890e-02
7.762583897113800591e-02
6.420220996141433323e-02
5.689629090428352520e-02
5.025557738542556913e-02
4.382706934809684624e-02
4.134433026313781567e-02
3.771332725882529935e-02
3.532424095273017928e-02
3.311529487967491275e-02
3.163860152363777434e-02
3.108476328849792483e-02
2.917924615740775940e-02
2.757939542233944080e-02
2.418130925595760386e-02
2.656868844032287541e-02
2.386147235035896222e-02
2.376111737191676995e-02
2.242611566185951158e-02
2.398080058991908931e-02
2.347512912452220935e-02
2.207872242927551298e-02
2.031969386339187514e-02
2.064007022678852193e-02
2.070831871032714766e-02
1.951772821545600875e-02
2.218606938123703076e-02
2.202830986976623412e-02
2.305604660511016701e-02
2.015360720157623187e-02
1.915321604311466183e-02
1.980461585521698167e-02
1.966335734128952031e-02
1.746964527368545517e-02
1.835780149102210837e-02
1.952200948596000823e-02
1.937436480224132701e-02
1.967842403948306951e-02
1.856014306247234444e-02
1.878232195973396357e-02
1.899226039648056058e-02
1.749737245738506447e-02
1.773341624140739592e-02
1.972941288053989273e-02
1.870994748473167255e-02
1.835505592525005225e-02
1.843035302460193509e-02
1.781179708540439610e-02
1.712118708491325303e-02
1.774622923731803900e-02
1.755796864330768509e-02
1.819752171337604696e-02
1.762130643129348681e-02
1.863902834057807809e-02
1.823601444065570815e-02
1.830525087118148667e-02
1.738150871396064792e-02
2.006782613694667664e-02
1.835186973512172720e-02
1.724769110083580054e-02
1.825566634535789531e-02
1.879872728884220134e-02
1.732741492092609512e-02
1.902871317565441034e-02
1.716080033481121037e-02
1.842502294778823949e-02
1.689427677094936311e-02
1.828204717338085053e-02
1.719165225625038027e-02
1.742634857296943701e-02
1.832087063491344425e-02
1.738361717760562863e-02
1.732970801591873083e-02
1.704081540107726944e-02
1.713239662051200748e-02
1.780447609424590932e-02
1.779141003787517578e-02
1.986380834877490842e-02
1.769309185743331986e-02
1.670951431691646699e-02
1.776505934298038339e-02
1.978744500875473031e-02
1.752406936883926444e-02
1.684585771560669076e-02
2.021241035461425820e-02
1.785867949426174148e-02
1.675141363739967443e-02
1.717649238705635031e-02
1.925501158833503590e-02
1.701723945140838634e-02
1.641882905960083058e-02
1.568877634704112997e-02
1.754782051444053748e-02
1.806005026102066105e-02
1.870977859199047036e-02
