2.408691094589233472e+00
1.747849120903015141e+00
1.471056601524353136e+00
1.374214657592773392e+00
1.422521846199035656e+00
1.253624656486511224e+00
1.246909104919433631e+00
1.160682235336303769e+00
1.165546711921691792e+00
1.043859400749206578e+00
1.133587788581848166e+00
1.053319412040710557e+00
1.137967899513244729e+00
9.449226190567016070e-01
1.062233896827697643e+00
1.101708901023864762e+00
1.086574802207946888e+00
1.034356577110290498e+00
1.140303343009948733e+00
1.295955724716186586e+00
1.090388765907287505e+00
1.121787760734558104e+00
1.177474390792846659e+00
9.662730545043944907e-01
1.057824032402038483e+00
1.045843457031250034e+00
1.251892443275451683e+00
1.068155807304382421e+00
1.187146634483337460e+00
1.154218178176879883e+00
1.133369905662536592e+00
1.110395037841796828e+00
1.039867251205444321e+00
1.165300041961669919e+00
1.105616188621521001e+00
1.167064654159545967e+00
1.244723245048523053e+00
1.285417713356018066e+00
1.295044027137756348e+00
1.253879915237426701e+00
1.228827362251281752e+00
1.306795348739623996e+00
1.253556110382080035e+00
1.267810539054870622e+00
1.233114349365234341e+00
1.222588240623474043e+00
1.285047410392761158e+00
1.288192207908630316e+00
1.251542636299133315e+00
1.264604376983642586e+00
1.311699745368957615e+00
1.292481074714660672e+00
1.321194429779052770e+00
1.322665201568603566e+00
1.323946766662597696e+00
1.304557060050964390e+00
1.338359675979614360e+00
1.570686410522460941e+00
1.034129763793945278e+00
1.219493542671203690e+00
1.393729074096679676e+00
1.224634006881713866e+00
1.263850260353088339e+00
1.084790321922302292e+00
1.141250045394897494e+00
1.365720373916625929e+00
1.215404185295104966e+00
1.199909320449829009e+00
1.395695166778564422e+00
1.261307296562194757e+00
1.311997266578674326e+00
1.341309499168396036e+00
1.391952907752990631e+00
1.405250722694396881e+00
1.391578922653198269e+00
1.245582348442077603e+00
1.272149194526672300e+00
1.322820320892333923e+00
1.338833302307128825e+00
1.360877437591552663e+00
1.365680191421508871e+00
1.368765560722351005e+00
1.398642613220214770e+00
1.373655380249023450e+00
1.348672762870788633e+00
1.374736885070800829e+00
1.396392851257324264e+00
1.405627844619750988e+00
1.389702369117736813e+00
1.481716799354553249e+00
1.437762133407592735e+00
1.488343911552429288e+00
1.460524729728698734e+00
1.446922450447082564e+00
1.482754867553710998e+00
1.518513114929199270e+00
1.505111375999450773e+00
1.474448867034912070e+00
1.500941967582702707e+00
1.463606009101867667e+00
