2.299937493896484497e+00
7.730775044441222654e-01
2.676721966743469405e-01
1.673091078758239814e-01
1.249081472396850606e-01
9.936691515445708611e-02
7.762584242820740055e-02
6.420221177935600543e-02
5.689629777073860334e-02
5.025557433366775739e-02
4.382706647515297038e-02
4.134433178901672501e-02
3.771333192586898836e-02
3.532423656582832361e-02
3.311529310643673146e-02
3.163860103487968478e-02
3.108476527929306121e-02
2.917924519777297804e-02
2.757939350903034284e-02
2.418131025433540443e-02
2.656868929266929455e-02
2.386147478818893483e-02
2.376111937463283585e-02
2.242611556649208235e-02
2.398079733550548612e-02
2.347513034641742630e-02
2.207872186601161912e-02
2.031969252824783467e-02
2.064006935656070851e-02
2.070832094550132882e-02
1.951772917807102076e-02
2.218606810271740032e-02
2.202830820083618094e-02
2.305604616105556490e-02
2.015360403060913186e-02
1.915321664512157490e-02
1.980461550652980879e-02
1.966335534751415329e-02
1.746964261531829682e-02
1.835780310928821629e-02
1.952200976014137335e-02
1.937436358928680546e-02
1.967842376232147375e-02
1.856014292538166188e-02
1.878232071399688757e-02
1.899225750863552109e-02
1.749737259745597767e-02
1.773341865837574013e-02
1.972941421270370602e-02
1.870994671583175659e-02
1.835505416393280048e-02
1.843035530149936610e-02
1.781179758608341171e-02
1.712118428945541213e-02
1.774622970223426952e-02
1.755797190368175650e-02
1.819752120077610183e-02
1.762130542695522148e-02
1.863902938365936263e-02
1.823601282835006845e-02
1.830525110065937128e-02
1.738150881528854538e-02
2.006782640218734634e-02
1.835186728835105918e-02
1.724768826961517454e-02
1.825566820502281043e-02
1.879872584044933390e-02
1.732741571664810076e-02
1.902871288061142030e-02
1.716079946160316630e-02
1.842502309978008221e-02
1.689427631199359736e-02
1.828204851150512858e-02
1.719165197908878451e-02
1.742634916603565121e-02
1.832087186276912597e-02
1.738361214101314528e-02
1.732971034049987646e-02
1.704081778526306268e-02
1.713239583671093136e-02
1.780447856187820574e-02
1.779140951335430113e-02
1.986380899548530546e-02
1.769308966994285678e-02
1.670951651632785959e-02
1.776505850851535853e-02
1.978744221925735416e-02
1.752407072186469919e-02
1.684585596919059916e-02
2.021241070628166173e-02
1.785868050754070221e-02
1.675141139626502851e-02
1.717649480104446388e-02
1.925500884056091308e-02
1.701723737716674678e-02
1.641882940232753871e-02
1.568877140581607932e-02
1.754782214462757145e-02
1.806004680097103229e-02
1.870977392196655417e-02
