2.298462678146362403e+00
1.175354344749450775e+00
1.159632713127136228e+00
1.151533115196228030e+00
1.124859164047241178e+00
9.659053796768188871e-01
9.111673659324646124e-01
8.955037973403930929e-01
9.610613261222838988e-01
9.683000324249267932e-01
1.024364757728576603e+00
8.156671761512755969e-01
1.015415688514709425e+00
1.126987017822265624e+00
9.455740363121032388e-01
1.097737365341186599e+00
9.205462602615356316e-01
9.060562484741211398e-01
8.833321609497070126e-01
9.341976063728332225e-01
1.025354462432861435e+00
9.169902121543884732e-01
9.427388887405395712e-01
9.430316406250000005e-01
9.539543668746948146e-01
9.549487895965576012e-01
1.010284952735900799e+00
8.591239929199219194e-01
9.763370557785033821e-01
1.118562355041503809e+00
1.003020871543884196e+00
9.756438885688781815e-01
8.788184455871581591e-01
9.757518085479736092e-01
9.274335310935973853e-01
9.155479598999023416e-01
8.807312517166138166e-01
9.050064460754394524e-01
8.909445012092590543e-01
9.191870543479919720e-01
9.737393978118896731e-01
1.022263771820068445e+00
9.059996785163879629e-01
9.519654682159424119e-01
1.118314842987060631e+00
9.344969383239746241e-01
1.042356674194335975e+00
1.017705936241149800e+00
1.013748703956603991e+00
1.033843050003051767e+00
1.016439445877075132e+00
1.023913673591613671e+00
1.046118397140503031e+00
1.072266026496887292e+00
1.116600736808776917e+00
1.051923571586608874e+00
1.077457253646850521e+00
1.167391105270385809e+00
1.176961294555664006e+00
1.183233390426635667e+00
1.135374136161804159e+00
1.051335955429077096e+00
9.100824511528015082e-01
1.062780813980102490e+00
1.048468893623352161e+00
1.007605868339538580e+00
1.165646403503417972e+00
1.029452313804626540e+00
1.117434959411621076e+00
1.021131287956237754e+00
1.062908674430847134e+00
1.207398030090331975e+00
1.144698057365417521e+00
9.966769983291625667e-01
1.094365961647033592e+00
1.122746572685241695e+00
9.996083023071289375e-01
1.022149691009521577e+00
9.696948694229126087e-01
1.019164704322814918e+00
9.916594573974609750e-01
1.057950315666198682e+00
1.045450244712829546e+00
9.709243381500244352e-01
1.023310813331604008e+00
1.083364072418212976e+00
1.167122116279601940e+00
1.187738627433776895e+00
1.085763041877746637e+00
1.088007535934448322e+00
1.062368627357482831e+00
1.132450900840759278e+00
1.150598177909851083e+00
1.107143778038024884e+00
1.088591613769531286e+00
1.116948379898071275e+00
1.178658974456787023e+00
1.040339359664917085e+00
1.039619098663330021e+00
1.039745826721191424e+00
