1.135000000000000037e-01
5.959999999999999742e-01
6.251999999999999780e-01
6.882000000000000339e-01
7.378000000000000114e-01
7.479999999999999982e-01
7.654999999999999583e-01
7.699000000000000288e-01
7.632999999999999785e-01
7.611999999999999877e-01
7.631999999999999895e-01
7.667000000000000481e-01
7.622999999999999776e-01
7.516000000000000458e-01
7.794999999999999707e-01
7.620999999999999996e-01
7.820000000000000284e-01
7.752000000000000002e-01
7.841000000000000192e-01
7.927999999999999492e-01
7.825999999999999623e-01
7.974999999999999867e-01
7.933999999999999941e-01
8.017999999999999572e-01
8.046999999999999709e-01
8.034999999999999920e-01
8.035999999999999810e-01
8.067999999999999616e-01
7.895999999999999686e-01
7.737000000000000544e-01
7.923999999999999932e-01
7.844999999999999751e-01
8.169999999999999485e-01
8.030000000000000471e-01
7.987999999999999545e-01
7.984999999999999876e-01
8.162000000000000366e-01
8.143000000000000238e-01
8.090000000000000524e-01
8.124000000000000110e-01
8.067999999999999616e-01
7.960000000000000409e-01
8.134000000000000119e-01
8.124000000000000110e-01
8.035999999999999810e-01
8.063000000000000167e-01
8.078999999999999515e-01
8.075999999999999845e-01
8.066999999999999726e-01
8.087999999999999634e-01
8.094999999999999973e-01
8.132000000000000339e-01
8.125000000000000000e-01
8.045999999999999819e-01
8.027999999999999581e-01
8.056999999999999718e-01
7.953999999999999959e-01
8.014999999999999902e-01
8.047999999999999599e-01
7.905999999999999694e-01
7.887999999999999456e-01
7.906999999999999584e-01
8.070000000000000506e-01
7.944999999999999840e-01
7.776999999999999469e-01
8.037999999999999590e-01
7.953999999999999959e-01
8.107999999999999652e-01
8.023000000000000131e-01
8.124000000000000110e-01
8.100000000000000533e-01
7.872999999999999998e-01
8.044000000000000039e-01
8.145999999999999908e-01
7.999000000000000554e-01
8.074000000000000066e-01
8.046999999999999709e-01
8.064000000000000057e-01
8.131000000000000449e-01
8.131000000000000449e-01
8.127999999999999670e-01
8.046999999999999709e-01
8.102000000000000313e-01
8.090000000000000524e-01
8.075999999999999845e-01
8.110000000000000542e-01
7.940000000000000391e-01
7.986999999999999655e-01
8.151000000000000467e-01
8.138999999999999568e-01
8.137999999999999678e-01
8.146999999999999797e-01
8.135000000000000009e-01
8.139999999999999458e-01
8.171000000000000485e-01
8.171000000000000485e-01
8.053000000000000158e-01
8.183000000000000274e-01
8.191000000000000503e-01
8.202000000000000401e-01
