2.299937518310546825e+00
7.730775166511535401e-01
2.676722035884857021e-01
1.673091067075729299e-01
1.249081519961357106e-01
9.936691726446152118e-02
7.762583973407745364e-02
6.420221101641654382e-02
5.689629319310188227e-02
5.025557387471198817e-02
4.382706677913665583e-02
4.134433091282844336e-02
3.771333250999450715e-02
3.532423683404922743e-02
3.311529383659362474e-02
3.163859902620315412e-02
3.108476433157920937e-02
2.917924653887748673e-02
2.757939507961273268e-02
2.418130893111229002e-02
2.656869048774242528e-02
2.386147307455539768e-02
2.376111712157726388e-02
2.242611480355262768e-02
2.398079786300659141e-02
2.347512882053852043e-02
2.207872278094291651e-02
2.031969185471534795e-02
2.064006892740726309e-02
2.070832103490829329e-02
1.951772802770137746e-02
2.218607010543346275e-02
2.202830896675586625e-02
2.305604349672794179e-02
2.015360625386238003e-02
1.915321946442127138e-02
1.980461452901363315e-02
1.966335684061050471e-02
1.746964448690414493e-02
1.835780375003814857e-02
1.952200962007045668e-02
1.937436484098434275e-02
1.967842344045639055e-02
1.856014328002929606e-02
1.878232083320617585e-02
1.899225942790508381e-02
1.749737353026866934e-02
1.773341604173183511e-02
1.972941507697105468e-02
1.870994960665702672e-02
1.835505561232566793e-02
1.843035280406474935e-02
1.781179839074611623e-02
1.712118365168571396e-02
1.774622980654239762e-02
1.755797343254089302e-02
1.819751884043216764e-02
1.762130604982375948e-02
1.863902688622474588e-02
1.823601533174514649e-02
1.830524748861789633e-02
1.738150949478149340e-02
2.006782409548759499e-02
1.835187008976936485e-02
1.724769059419632017e-02
1.825566576421260717e-02
1.879872612357139441e-02
1.732741635143756828e-02
1.902871425151824933e-02
1.716079843640327604e-02
1.842502221763133927e-02
1.689427788257598720e-02
1.828204963505268218e-02
1.719165222644805993e-02
1.742635147869587078e-02
1.832086986303329418e-02
1.738361604809761027e-02
1.732970809936523401e-02
1.704081898033618994e-02
1.713239632844924809e-02
1.780447574853897055e-02
1.779141123592853715e-02
1.986380966603755807e-02
1.769308972954750092e-02
1.670951936542987987e-02
1.776505935192108226e-02
1.978744255602359753e-02
1.752407066226005505e-02
1.684585774540901110e-02
2.021241374611854394e-02
1.785867907404899493e-02
1.675141477882862232e-02
1.717649164497852404e-02
1.925501021742820687e-02
1.701723655760288209e-02
1.641882951557636222e-02
1.568877261579036675e-02
1.754781960248947073e-02
1.806005088090896493e-02
1.870977612435817741e-02
