2.301092338943481419e+00
1.472280551338195798e+00
1.349248185348510765e+00
1.163384073448181066e+00
1.151635354042053194e+00
1.151501588630676309e+00
9.524947338104248207e-01
8.829704421043396145e-01
9.415710957527160252e-01
9.361899486541748194e-01
7.140732839584350566e-01
8.348218527793884736e-01
8.420739681243896158e-01
8.016209764480590749e-01
6.997822340011596864e-01
5.637697612285613724e-01
6.199611297130585008e-01
5.875442407608032491e-01
3.466489488601684488e-01
4.621926576614379667e-01
3.936958418369292945e-01
3.823394811153411621e-01
3.350638689517974611e-01
3.526684583902359171e-01
2.937490753650665032e-01
3.007457504034042328e-01
3.519235790252685514e-01
3.952632117748260399e-01
4.186448174953460444e-01
3.935897332668304438e-01
6.315421629428863426e-01
4.192406589031219544e-01
6.622240938663482845e-01
5.519753226280212921e-01
2.963574233531952040e-01
4.381045725822448889e-01
4.848660288810729968e-01
4.002449388980865441e-01
4.127283440113067581e-01
3.839895275354385240e-01
7.683285880088805975e-01
5.383554315090179898e-01
4.236596662044525008e-01
3.350191236495971836e-01
3.848687383651733240e-01
3.861581822395324659e-01
4.229113320350647021e-01
3.861875392436981413e-01
4.556132408618926988e-01
3.663825086116790919e-01
3.737900631189346456e-01
3.708891584634780858e-01
3.246378248214721873e-01
3.595000790119171064e-01
5.030252894878387560e-01
4.166141206741332814e-01
3.727487291812896508e-01
4.427681372642516822e-01
4.396731906414031998e-01
4.036489060163497844e-01
4.244482480049133200e-01
3.648630054712295734e-01
3.647805462121963549e-01
3.683561251878738618e-01
3.816937150239944621e-01
3.768274667739868189e-01
4.390241147518157971e-01
4.356813344001769783e-01
4.790669191837310659e-01
4.905445695400237893e-01
3.974259341001510348e-01
6.707956930637359871e-01
3.569889654636382859e-01
3.797170328140258566e-01
8.081565968990326310e-01
5.032207430839538143e-01
3.978072629213333378e-01
4.163325687408447329e-01
5.255271851539611294e-01
3.632719469070434526e-01
3.607607893228531037e-01
5.020200369834899590e-01
4.033550640821456645e-01
3.892794736146926726e-01
4.057119641780853048e-01
4.838680211544036935e-01
4.085065459251404074e-01
5.243920226097107395e-01
3.793067334651947231e-01
3.941018967390060301e-01
3.893505498886108418e-01
3.288155496597289784e-01
3.111456383705138995e-01
3.266737817764281959e-01
3.419308893918990844e-01
3.662813810825347738e-01
4.428156388998031878e-01
4.221276509046554826e-01
4.212033902883529635e-01
3.912548519372939793e-01
