2.299937518310546825e+00
7.730775274276733278e-01
2.676722066402435485e-01
1.673091170310974096e-01
1.249081457138061513e-01
9.936691668033599545e-02
7.762584410905838672e-02
6.420221177935600543e-02
5.689629301428794639e-02
5.025557709336280626e-02
4.382706877589225697e-02
4.134432767033576622e-02
3.771333041191100854e-02
3.532424087524414086e-02
3.311529445350169798e-02
3.163859961032867291e-02
3.108476356267928994e-02
2.917924854755401740e-02
2.757939375042915350e-02
2.418131165206432315e-02
2.656868833899498142e-02
2.386147378981113426e-02
2.376111937761306650e-02
2.242611623704433496e-02
2.398079853057861338e-02
2.347512820661068131e-02
2.207872057855129327e-02
2.031969266235828311e-02
2.064006717503070673e-02
2.070831923484802231e-02
1.951772799193859237e-02
2.218606812953949001e-02
2.202831105887890009e-02
2.305604706406593277e-02
2.015360394716262868e-02
1.915321809351444235e-02
1.980461615025997171e-02
1.966335745155811318e-02
1.746964575052261520e-02
1.835780231654644129e-02
1.952201129794120874e-02
1.937436249256134155e-02
1.967842177152633737e-02
1.856014303267002064e-02
1.878232147693633877e-02
1.899225975275039766e-02
1.749737112522125118e-02
1.773341561257839316e-02
1.972941439449787254e-02
1.870994889736175490e-02
1.835505768060684273e-02
1.843035480082035049e-02
1.781179828345775748e-02
1.712118448913097293e-02
1.774622969627380475e-02
1.755797135829925693e-02
1.819751827716827378e-02
1.762130839526653350e-02
1.863902652263641282e-02
1.823601319789886627e-02
1.830525112152099620e-02
1.738150773048400752e-02
2.006782433390617501e-02
1.835186733305454315e-02
1.724768943488597800e-02
1.825566766262054497e-02
1.879872553646564498e-02
1.732741537094116199e-02
1.902871467769146063e-02
1.716080241501331469e-02
1.842502561509609324e-02
1.689427634477615528e-02
1.828204617500305343e-02
1.719165160953998669e-02
1.742635115385055694e-02
1.832087160348892102e-02
1.738361549377441528e-02
1.732970666587352673e-02
1.704081592261791345e-02
1.713240017294883830e-02
1.780447833538055524e-02
1.779141079485416568e-02
1.986380942165851676e-02
1.769309099614620184e-02
1.670951824486255691e-02
1.776505664885043995e-02
1.978744464814662790e-02
1.752407121360301939e-02
1.684585684537887734e-02
2.021241250038147141e-02
1.785867964029312291e-02
1.675141323804855281e-02
1.717649249136447842e-02
1.925500970482826174e-02
1.701723728775978231e-02
1.641882856488227974e-02
1.568877494335174649e-02
1.754781850576400681e-02
1.806005166769027864e-02
1.870977636277675743e-02
