1.135000000000000037e-01
5.562000000000000277e-01
6.682000000000000162e-01
6.784000000000000030e-01
6.925999999999999934e-01
7.348000000000000087e-01
7.708000000000000407e-01
7.992000000000000215e-01
8.094999999999999973e-01
8.031000000000000361e-01
8.491999999999999549e-01
8.185999999999999943e-01
8.474000000000000421e-01
8.289999999999999591e-01
8.384000000000000341e-01
8.631999999999999673e-01
8.360999999999999543e-01
8.702999999999999625e-01
8.657000000000000250e-01
8.571999999999999620e-01
8.564000000000000501e-01
8.592999999999999527e-01
8.558000000000000052e-01
8.567000000000000171e-01
8.633999999999999453e-01
8.585000000000000409e-01
8.506000000000000227e-01
8.606000000000000316e-01
8.534000000000000474e-01
8.054000000000000048e-01
8.475000000000000311e-01
8.347999999999999865e-01
8.356999999999999984e-01
8.618999999999999995e-01
8.540999999999999703e-01
8.398999999999999799e-01
8.652999999999999581e-01
8.673999999999999488e-01
8.464000000000000412e-01
8.727000000000000313e-01
8.659999999999999920e-01
8.581999999999999629e-01
8.660999999999999810e-01
8.609999999999999876e-01
8.336000000000000076e-01
8.712999999999999634e-01
8.689999999999999947e-01
8.685000000000000497e-01
8.690999999999999837e-01
8.722999999999999643e-01
8.671999999999999709e-01
8.721999999999999753e-01
8.709000000000000075e-01
8.609999999999999876e-01
8.735000000000000542e-01
8.711999999999999744e-01
8.678000000000000158e-01
8.706000000000000405e-01
8.554000000000000492e-01
8.709999999999999964e-01
8.774999999999999467e-01
8.758000000000000229e-01
8.717000000000000304e-01
8.706000000000000405e-01
8.703999999999999515e-01
8.710999999999999854e-01
8.691999999999999726e-01
8.500999999999999668e-01
8.556000000000000272e-01
8.508999999999999897e-01
8.250999999999999446e-01
8.467999999999999972e-01
8.465000000000000302e-01
8.670999999999999819e-01
8.525000000000000355e-01
8.473000000000000531e-01
8.577000000000000179e-01
8.480999999999999650e-01
8.578000000000000069e-01
8.639999999999999902e-01
8.683999999999999497e-01
8.736000000000000432e-01
8.479999999999999760e-01
8.697000000000000286e-01
8.689999999999999947e-01
8.651999999999999691e-01
8.655000000000000471e-01
8.729999999999999982e-01
8.596000000000000307e-01
8.669000000000000039e-01
8.719000000000000083e-01
8.652999999999999581e-01
8.652999999999999581e-01
8.662999999999999590e-01
8.686000000000000387e-01
8.652999999999999581e-01
8.660999999999999810e-01
8.663999999999999480e-01
8.689000000000000057e-01
8.691999999999999726e-01
