2.295427679443359459e+00
5.160339683532715327e-01
3.395085823535919367e-01
2.857449353694915817e-01
2.037106031179428123e-01
1.172187828302383439e-01
1.157122376561164900e-01
1.175440552353858997e-01
1.197288975298404640e-01
7.157751772403717072e-02
7.023644289672374696e-02
5.524071012735366770e-02
6.553373341560363163e-02
7.180119506716728384e-02
5.543070786297321639e-02
6.060034337937832138e-02
7.712612660527229380e-02
7.459425615668296983e-02
1.465431955695152277e-01
7.447344066500663495e-02
6.238802007436752145e-02
7.213376837372779959e-02
6.304002956748008812e-02
6.301142543554305586e-02
5.412442234158516136e-02
5.222968173325061997e-02
5.308045745790004877e-02
5.371709513664245372e-02
5.093394665718078279e-02
5.006265989542007383e-02
5.246148459315300161e-02
5.604756498932838421e-02
5.931125547289848449e-02
6.152958398163318327e-02
5.074454490542412016e-02
5.520425850450992600e-02
5.953274821937084432e-02
5.961674419939518021e-02
6.005023899674415827e-02
5.831803958714008168e-02
5.658284039199352328e-02
6.965879951715468754e-02
5.987249706387520048e-02
6.041708589196204821e-02
5.792137774825096425e-02
6.711351204514504065e-02
6.900582808256149059e-02
1.050637055397033726e-01
9.210406007766723524e-02
8.491685868799686565e-02
8.776033263206481361e-02
6.146225384473800318e-02
9.344530898928642138e-02
7.258152897059917674e-02
6.676348727345467193e-02
6.738656716346740072e-02
6.888653389960527895e-02
5.709128649532795030e-02
6.026272222697735131e-02
7.498311621844767905e-02
6.183542640656233130e-02
5.617189215421676540e-02
5.784775176644325195e-02
6.498796453177928256e-02
6.014885528087615674e-02
6.020364078581333378e-02
5.783216107487678531e-02
5.775207822024822080e-02
5.767782303094863561e-02
6.007142555415630192e-02
5.633581244349479544e-02
5.725775326490402384e-02
5.826433196663856340e-02
6.642161919772625323e-02
6.214759806245565704e-02
6.300560775101185507e-02
6.927550750076770514e-02
8.407698912918568079e-02
6.395771542489528394e-02
9.615212674140929949e-02
7.332852046489715669e-02
9.686191285252571115e-02
7.638410245776176832e-02
1.033279207706451347e-01
1.124911064743995687e-01
6.847105820477009108e-02
7.842845159173011949e-02
6.157214418053626875e-02
7.425969574451446453e-02
8.120300008952617554e-02
7.473496013283729977e-02
7.025557183623314106e-02
7.848506194353103982e-02
5.885448557734489217e-02
7.159615373611449840e-02
7.662308118939399615e-02
7.222912827134132796e-02
7.025022450983524347e-02
6.730707574486732847e-02
6.826970958411693324e-02
