2.349239269256591989e+00
1.066821043205261166e+00
8.473920155525207498e-01
7.883839465141296854e-01
4.983471507072448903e-01
3.678142892360687366e-01
2.534135854244232156e-01
2.245627707004547169e-01
2.612746144294738615e-01
1.988402354240417502e-01
1.900737626075744702e-01
2.046504889249801673e-01
1.978283529281616160e-01
2.615450616836547670e-01
1.744385821342468168e-01
1.352236078739166292e-01
1.487307152509689256e-01
1.480075591564178339e-01
1.541073363304138188e-01
1.430594211339950572e-01
1.552729142427444475e-01
1.791285317897796658e-01
1.162021529555320731e-01
1.563168334245681745e-01
2.489259944438934335e-01
1.601581265926361186e-01
1.064700860857963616e-01
1.293222593784332242e-01
1.723644578695297247e-01
1.143034925460815476e-01
2.535628585338592367e-01
1.351657383918762334e-01
1.718967425346374645e-01
1.522292380094528164e-01
1.621095432519912838e-01
1.407970236539840825e-01
2.429028568267822263e-01
1.341509221792221151e-01
1.510405480027198766e-01
1.862665831804275474e-01
1.463232367992401139e-01
1.749743944406509377e-01
1.527735208749771145e-01
5.023990910530090614e-01
2.041920221567153915e-01
1.685153887748718216e-01
1.474500974893570016e-01
1.469097641468048165e-01
1.809425863742828433e-01
1.471324033737182735e-01
1.488940131902694586e-01
1.233127808332443176e-01
1.852246005296707132e-01
1.872368937969207670e-01
2.140356201171874917e-01
1.685067085027694700e-01
1.591688699483871372e-01
4.198213767051696688e-01
1.976610486984252957e-01
1.970268451929092501e-01
1.714455683231353722e-01
1.880625694513320956e-01
1.748849285840988199e-01
2.049282390594482361e-01
1.882579203844070570e-01
1.768117943763732880e-01
1.592494959115982045e-01
1.580984938859939515e-01
1.503750770568847706e-01
1.680394069910049470e-01
1.568739034414291245e-01
1.733245197534561133e-01
1.829745601415634082e-01
2.120245404481887752e-01
1.610250952959060566e-01
1.668672471046447892e-01
1.690334325075149580e-01
1.715268629789352406e-01
1.545483986616134620e-01
1.866709234476089385e-01
3.138196437835693575e-01
1.738177824497222912e-01
2.917928868770599538e-01
1.822303929805755562e-01
2.175844988822936976e-01
2.068217795610427789e-01
1.621959984540939370e-01
1.289774454593658470e-01
1.416978675127029408e-01
1.356284028768539318e-01
1.468531659126281752e-01
1.506731469631195086e-01
1.549022435665130537e-01
1.728401719570159811e-01
1.465566796541213912e-01
1.389899669170379659e-01
1.442095912456512474e-01
1.315748684167862004e-01
1.357325939893722633e-01
1.494389463186263922e-01
