1.135000000000000037e-01
6.659000000000000474e-01
7.005000000000000115e-01
7.174000000000000377e-01
8.209999999999999520e-01
8.769000000000000128e-01
9.354999999999999982e-01
9.318999999999999506e-01
9.229000000000000536e-01
9.405999999999999917e-01
9.434000000000000163e-01
9.414000000000000146e-01
9.427999999999999714e-01
9.237999999999999545e-01
9.485999999999999988e-01
9.602000000000000535e-01
9.566999999999999948e-01
9.576000000000000068e-01
9.577999999999999847e-01
9.577999999999999847e-01
9.563000000000000389e-01
9.497999999999999776e-01
9.665000000000000258e-01
9.549999999999999600e-01
9.313000000000000167e-01
9.542000000000000481e-01
9.676000000000000156e-01
9.635000000000000231e-01
9.522000000000000464e-01
9.670999999999999597e-01
9.310000000000000497e-01
9.609999999999999654e-01
9.538999999999999702e-01
9.590999999999999526e-01
9.542000000000000481e-01
9.612000000000000544e-01
9.402000000000000357e-01
9.647999999999999909e-01
9.590999999999999526e-01
9.538999999999999702e-01
9.626000000000000112e-01
9.553000000000000380e-01
9.607999999999999874e-01
8.761999999999999789e-01
9.483000000000000318e-01
9.565000000000000169e-01
9.598999999999999755e-01
9.597999999999999865e-01
9.540999999999999481e-01
9.618999999999999773e-01
9.608999999999999764e-01
9.657999999999999918e-01
9.507999999999999785e-01
9.518999999999999684e-01
9.461000000000000520e-01
9.585000000000000187e-01
9.593000000000000416e-01
9.002999999999999892e-01
9.516999999999999904e-01
9.515000000000000124e-01
9.566999999999999948e-01
9.532000000000000473e-01
9.569999999999999618e-01
9.506999999999999895e-01
9.565000000000000169e-01
9.588999999999999746e-01
9.624000000000000332e-01
9.630999999999999561e-01
9.645000000000000240e-01
9.596999999999999975e-01
9.641999999999999460e-01
9.616000000000000103e-01
9.556000000000000050e-01
9.474000000000000199e-01
9.584000000000000297e-01
9.586999999999999966e-01
9.583000000000000407e-01
9.586999999999999966e-01
9.616000000000000103e-01
9.540999999999999481e-01
9.306999999999999718e-01
9.586999999999999966e-01
9.357999999999999652e-01
9.566000000000000059e-01
9.475999999999999979e-01
9.476999999999999869e-01
9.604000000000000314e-01
9.691999999999999504e-01
9.667000000000000037e-01
9.685000000000000275e-01
9.657000000000000028e-01
9.640999999999999570e-01
9.643000000000000460e-01
9.606999999999999984e-01
9.663000000000000478e-01
9.688999999999999835e-01
9.681999999999999496e-01
9.709999999999999742e-01
9.709999999999999742e-01
9.660999999999999588e-01
