2.287186517715454226e+00
6.292662957191467177e-01
5.034632094383240108e-01
5.271982959747314457e-01
5.146308569908142339e-01
5.425393475532531706e-01
5.449620334625243645e-01
5.613404367446899190e-01
5.406603066444396477e-01
5.658999029159546001e-01
5.559367162704468290e-01
5.570997153282165604e-01
6.664374565124511207e-01
5.787268445968627439e-01
5.945259930610656829e-01
6.043536901473999245e-01
6.113557432174682171e-01
5.563382853507995440e-01
5.773780393600463912e-01
6.179681527137755870e-01
6.541613545417785947e-01
6.270549531936645549e-01
6.035825403213500584e-01
6.393756335258483636e-01
6.654698913574218500e-01
6.150841328620910708e-01
6.336069654464722145e-01
6.317061086654662816e-01
6.227429454803466990e-01
6.375355915069580437e-01
6.748140974998474428e-01
6.243915511131286067e-01
6.752664609909058147e-01
7.037530433654785034e-01
6.734285865783691261e-01
6.803585490226745636e-01
6.836089091300964204e-01
6.842112632751464751e-01
7.320199153900146527e-01
7.534940818786620698e-01
6.697131002426147672e-01
6.480883423805237076e-01
7.085010494232177880e-01
6.707575630187988525e-01
6.449681071281433420e-01
6.269938273429870312e-01
6.573994129180907864e-01
6.171309499740600391e-01
6.102144646644592774e-01
6.217205698013306137e-01
6.202867783546447411e-01
6.314825450897216808e-01
6.419114002227783722e-01
6.503306644439696971e-01
6.449212138175964837e-01
6.540811411857605506e-01
6.713999131202698090e-01
6.690813305854796944e-01
6.566415395736694416e-01
6.856200670242309503e-01
6.881675292968749691e-01
6.876835548400879183e-01
6.954527029037476105e-01
6.821738048553467326e-01
6.855638206481933228e-01
6.826182172775268064e-01
6.880113574028015044e-01
6.974141670227050893e-01
7.041608318328856919e-01
6.842594249725342248e-01
6.892734177589416866e-01
7.084480102539062463e-01
8.125893329620361705e-01
6.528682197570800927e-01
6.873400812149047523e-01
7.125504044532775527e-01
7.778025007247925116e-01
6.957476737976073800e-01
7.055926985740661461e-01
