2.299167827987671053e+00
5.639022204399108951e-01
1.508789598703384471e-01
9.265889716148376087e-02
6.654450198411941686e-02
5.587145081162452759e-02
4.525372376441955807e-02
3.975092135071754684e-02
3.630999671816825813e-02
3.170817437767982361e-02
2.953608039617538344e-02
2.719950971603393719e-02
2.553135291635990137e-02
2.484193834066391118e-02
2.400636356770992352e-02
2.279722150564193750e-02
2.121972635090351236e-02
2.230150950551032865e-02
2.231309427917003638e-02
2.158602045178413531e-02
2.040846114456653509e-02
2.097716910243034236e-02
1.991576518118381642e-02
1.861880218088626804e-02
2.107394214570522395e-02
1.856301589310169198e-02
1.846123272776603597e-02
1.830508476495742651e-02
1.806911812424659772e-02
1.781767998933792008e-02
1.710902813374996084e-02
1.694426106214523206e-02
1.795853494107723172e-02
1.752571666836738595e-02
1.774327989816665632e-02
1.802314334362745130e-02
1.788550572395324750e-02
1.903693557381629792e-02
1.846211394965648761e-02
1.806289939582347848e-02
1.704091611355543212e-02
1.690587224364280619e-02
1.591128045916557349e-02
1.648614760041236874e-02
1.697670666873455150e-02
1.677302379459142539e-02
1.675771284699439923e-02
1.732617044746875834e-02
1.723238280117511678e-02
1.693455069065093882e-02
1.622296923547983036e-02
1.535202836543321687e-02
1.863096151351928756e-02
1.671136381775140817e-02
1.715539540722966355e-02
1.632306497097015321e-02
1.693119020164013042e-02
1.717795633971691202e-02
1.830988201946020036e-02
1.763935083597898551e-02
1.754682790637016390e-02
1.733464459180831738e-02
1.598149990290403250e-02
1.556484783589839882e-02
1.636351152062415909e-02
1.695007644295692603e-02
1.541038659811019840e-02
1.653437585234641960e-02
1.581606432795524750e-02
1.622564322054386235e-02
1.573683879524469253e-02
1.750494551956653655e-02
1.594458815008401725e-02
1.592653832137584657e-02
1.639433498233556705e-02
1.604072507768869449e-02
1.809160076379776050e-02
1.486249189525842666e-02
1.695619060397147992e-02
1.769968881458043944e-02
1.662052043080329902e-02
1.756767171621322760e-02
1.682716907858848587e-02
1.658802720755338592e-02
1.709108456969261197e-02
1.790864320099353618e-02
1.591276894062757657e-02
1.703611323237419137e-02
1.735660231113433927e-02
1.786694321483373732e-02
1.687470681369304670e-02
1.735090458393096988e-02
1.583410752415656889e-02
1.742682324945926675e-02
1.750114983767270954e-02
1.860945439636707208e-02
1.756221935749054108e-02
1.672926976233720872e-02
1.856820206195116188e-02
1.725228059589862736e-02
