1.135000000000000037e-01
8.551999999999999602e-01
8.780999999999999917e-01
8.840000000000000080e-01
8.830999999999999961e-01
8.773999999999999577e-01
8.850999999999999979e-01
8.833999999999999631e-01
8.858000000000000318e-01
8.863999999999999657e-01
8.822999999999999732e-01
8.860000000000000098e-01
8.852999999999999758e-01
8.863999999999999657e-01
8.860999999999999988e-01
8.854999999999999538e-01
8.882999999999999785e-01
8.851999999999999869e-01
8.847000000000000419e-01
8.840000000000000080e-01
8.849000000000000199e-01
8.881999999999999895e-01
8.802999999999999714e-01
8.859000000000000208e-01
8.890000000000000124e-01
8.878000000000000336e-01
8.888000000000000345e-01
8.873999999999999666e-01
8.872999999999999776e-01
8.810000000000000053e-01
8.851999999999999869e-01
8.830999999999999961e-01
8.879000000000000226e-01
8.867000000000000437e-01
8.888000000000000345e-01
8.862999999999999767e-01
8.840999999999999970e-01
8.864999999999999547e-01
8.867000000000000437e-01
8.817000000000000393e-01
8.860999999999999988e-01
8.872999999999999776e-01
8.810000000000000053e-01
8.859000000000000208e-01
8.878000000000000336e-01
8.854999999999999538e-01
8.860999999999999988e-01
8.885999999999999455e-01
8.887000000000000455e-01
8.885999999999999455e-01
8.882999999999999785e-01
8.885999999999999455e-01
8.881000000000000005e-01
8.873999999999999666e-01
8.875999999999999446e-01
8.875999999999999446e-01
8.879000000000000226e-01
8.883999999999999675e-01
8.881000000000000005e-01
8.881999999999999895e-01
8.882999999999999785e-01
8.881999999999999895e-01
8.887000000000000455e-01
8.887000000000000455e-01
8.881999999999999895e-01
8.879000000000000226e-01
8.885999999999999455e-01
8.884999999999999565e-01
8.841999999999999860e-01
8.884999999999999565e-01
8.890000000000000124e-01
8.743999999999999551e-01
8.816000000000000503e-01
8.847000000000000419e-01
8.780999999999999917e-01
8.871999999999999886e-01
8.836000000000000520e-01
8.874999999999999556e-01
8.860000000000000098e-01
