1.135000000000000037e-01
8.354000000000000314e-01
8.624000000000000554e-01
8.692999999999999616e-01
8.789000000000000146e-01
8.769000000000000128e-01
8.745000000000000551e-01
8.868000000000000327e-01
8.933999999999999719e-01
9.281000000000000361e-01
9.352000000000000313e-01
9.376999999999999780e-01
9.408999999999999586e-01
9.493000000000000327e-01
9.577999999999999847e-01
9.536000000000000032e-01
9.497999999999999776e-01
9.523000000000000353e-01
9.534000000000000252e-01
9.516999999999999904e-01
9.560999999999999499e-01
9.597999999999999865e-01
9.366999999999999771e-01
9.598999999999999755e-01
9.392000000000000348e-01
9.489999999999999547e-01
9.515000000000000124e-01
9.576000000000000068e-01
9.500999999999999446e-01
9.516999999999999904e-01
9.562000000000000499e-01
9.568999999999999728e-01
9.302000000000000268e-01
9.435000000000000053e-01
9.517999999999999794e-01
9.504000000000000226e-01
9.524000000000000243e-01
9.365999999999999881e-01
9.484000000000000208e-01
9.584000000000000297e-01
9.549999999999999600e-01
9.520999999999999464e-01
9.415999999999999925e-01
9.496999999999999886e-01
9.445000000000000062e-01
9.576999999999999957e-01
9.607999999999999874e-01
9.585000000000000187e-01
9.575000000000000178e-01
9.586000000000000076e-01
9.616999999999999993e-01
9.636000000000000121e-01
9.291000000000000369e-01
9.542000000000000481e-01
9.482000000000000428e-01
9.500999999999999446e-01
9.032000000000000028e-01
9.506000000000000005e-01
9.455999999999999961e-01
9.340000000000000524e-01
9.546999999999999931e-01
9.570999999999999508e-01
9.608999999999999764e-01
9.568999999999999728e-01
9.539999999999999591e-01
9.569999999999999618e-01
9.576999999999999957e-01
9.559999999999999609e-01
9.474000000000000199e-01
9.393000000000000238e-01
9.506000000000000005e-01
9.647999999999999909e-01
9.638999999999999790e-01
9.589999999999999636e-01
9.588999999999999746e-01
9.596000000000000085e-01
9.615000000000000213e-01
9.476999999999999869e-01
9.506000000000000005e-01
9.593000000000000416e-01
9.566999999999999948e-01
9.537999999999999812e-01
9.574000000000000288e-01
9.566999999999999948e-01
9.334999999999999964e-01
9.482000000000000428e-01
9.520999999999999464e-01
9.526999999999999913e-01
9.569999999999999618e-01
9.575000000000000178e-01
9.578999999999999737e-01
9.608999999999999764e-01
9.585000000000000187e-01
9.567999999999999838e-01
9.536000000000000032e-01
9.467999999999999750e-01
9.454000000000000181e-01
9.594000000000000306e-01
9.661999999999999478e-01
9.286999999999999700e-01
