2.281075862503051610e+00
7.215691837310791446e-01
4.982155771255493137e-01
4.261827641010284551e-01
3.797431879997253401e-01
3.555769689559936664e-01
3.541776154994964454e-01
3.329657737255096173e-01
3.051706163406371908e-01
2.398134355783462512e-01
2.218008576154708866e-01
1.978848819255828728e-01
1.969941690683364999e-01
1.702413112640380755e-01
1.405266079664230228e-01
1.495084796190261911e-01
1.701771068096160910e-01
1.667532626390457184e-01
1.593062716245651211e-01
1.688053663015365580e-01
1.602233726978302131e-01
1.361515656590461809e-01
2.193483872890472364e-01
1.386467888355255029e-01
2.223625810146331871e-01
1.823700170755386263e-01
1.677311467885971019e-01
1.482913779973983881e-01
1.940064788579940747e-01
1.745099620342254743e-01
1.700031782150268622e-01
1.662333169221878182e-01
2.540835992813110233e-01
1.994289890289306644e-01
1.725601444959640463e-01
1.790356015682220414e-01
1.687139169216156087e-01
2.469346235275268475e-01
1.994911100625991751e-01
1.550589587688445958e-01
1.756156901597976661e-01
1.756940621614456188e-01
2.118273374795913710e-01
1.850390421867370572e-01
2.205970046281814645e-01
1.560375928163528492e-01
1.536512558460235711e-01
1.609704166889190657e-01
1.668792103528976556e-01
1.607889642477035586e-01
1.477417042970657346e-01
1.419009694337844962e-01
2.575477590560912855e-01
1.799233900070190406e-01
2.009231847286224448e-01
1.786380387067794673e-01
3.779588780879974408e-01
1.691105880498885994e-01
2.071889850854873594e-01
2.387983407020568827e-01
1.680065988779068098e-01
1.593870589494705281e-01
1.486794407129287676e-01
1.743660603761673089e-01
1.861660893201828038e-01
1.685801723718643175e-01
1.792516983747482195e-01
1.852048876762390217e-01
2.151927124738693131e-01
2.479881720542907730e-01
2.182051556825637950e-01
1.436384843111038201e-01
1.487870009183883679e-01
1.666126037597656373e-01
1.654867442607879657e-01
1.625424814224243064e-01
1.566213777780532945e-01
2.152862257957458558e-01
2.078730558872222967e-01
1.637297912836074842e-01
1.936466511964798076e-01
2.048944139719009461e-01
1.825693666458129971e-01
1.811666718006134102e-01
2.805372659206390451e-01
2.453307307720184460e-01
2.156826616764068727e-01
2.035163927793502692e-01
1.872997425079345746e-01
1.857561833620071379e-01
1.889606959342956527e-01
1.734017628908157416e-01
1.781429321289062506e-01
1.797825025320053116e-01
2.056529356241226236e-01
2.216036943674087600e-01
2.253359272718429562e-01
1.633836431980132953e-01
1.327747089385986345e-01
3.175727514743804658e-01
