2.299167876815795708e+00
5.639022080421447480e-01
1.508789556503295770e-01
9.265890402793884595e-02
6.654449377059935833e-02
5.587144928574561825e-02
4.525372251868248208e-02
3.975091868042945897e-02
3.630999643802642479e-02
3.170817304253577967e-02
2.953607967793941622e-02
2.719950995147228309e-02
2.553135181665420680e-02
2.484193748831748857e-02
2.400636276304721900e-02
2.279722060859203439e-02
2.121972696483135148e-02
2.230150898098945747e-02
2.231309292614460163e-02
2.158601906001567788e-02
2.040845926105976094e-02
2.097717059254646313e-02
1.991576345860958039e-02
1.861880237460136409e-02
2.107394393682479952e-02
1.856301630139350900e-02
1.846123151183128377e-02
1.830508502721786557e-02
1.806911932528018974e-02
1.781768212318420377e-02
1.710902632176876034e-02
1.694426100552082204e-02
1.795853474438190503e-02
1.752571824491024055e-02
1.774328131675720344e-02
1.802314361780881988e-02
1.788550508320331522e-02
1.903693319559097291e-02
1.846211273372173195e-02
1.806289713680744174e-02
1.704091622829437269e-02
1.690587188452482084e-02
1.591128192842006586e-02
1.648614769279956732e-02
1.697670605480670891e-02
1.677302326112985534e-02
1.675771351754665531e-02
1.732616855055093760e-02
1.723238155096769308e-02
1.693454929441213716e-02
1.622296807467937460e-02
1.535202789455652160e-02
1.863096104264259228e-02
1.671136666089296369e-02
1.715539742782712027e-02
1.632306348979473132e-02
1.693119039237499235e-02
1.717795814275741711e-02
1.830988175868988183e-02
1.763935117274522887e-02
1.754682887196541002e-02
1.733464416861534019e-02
1.598150007724762067e-02
1.556484787166118565e-02
1.636351049244403819e-02
1.695007527470588846e-02
1.541038628816604646e-02
1.653437794446945344e-02
1.581606374979019000e-02
1.622564492821693474e-02
1.573683912605047114e-02
1.750494601428508740e-02
1.594458937942981602e-02
1.592653978317976060e-02
1.639433450549841048e-02
1.604072411209344837e-02
1.809160041213035697e-02
1.486249258220195824e-02
1.695618866086006163e-02
1.769968848377466084e-02
1.662052000463008772e-02
1.756767005026340506e-02
1.682716667354106771e-02
1.658802725225686989e-02
1.709108475446700914e-02
1.790864126682281329e-02
1.591276710927486474e-02
1.703611285388469815e-02
1.735660317242145381e-02
1.786694268733262855e-02
1.687470659017563032e-02
1.735090394020080695e-02
1.583410603106021747e-02
1.742682272493839210e-02
1.750114833116531501e-02
1.860945678651333007e-02
1.756221829652786226e-02
1.672926820814609611e-02
1.856820162683725517e-02
1.725227833986282475e-02
