1.135000000000000037e-01
7.530999999999999917e-01
8.447000000000000064e-01
8.813999999999999613e-01
8.958000000000000407e-01
9.385999999999999899e-01
9.437999999999999723e-01
9.593000000000000416e-01
9.576999999999999957e-01
9.616000000000000103e-01
9.597999999999999865e-01
9.481000000000000538e-01
9.617999999999999883e-01
9.482000000000000428e-01
9.512000000000000455e-01
9.580999999999999517e-01
9.670999999999999597e-01
9.496999999999999886e-01
9.589999999999999636e-01
9.644000000000000350e-01
9.634000000000000341e-01
9.684000000000000385e-01
9.624000000000000332e-01
9.600999999999999535e-01
9.617999999999999883e-01
9.600999999999999535e-01
9.608999999999999764e-01
9.671999999999999487e-01
9.687000000000000055e-01
9.719999999999999751e-01
9.699999999999999734e-01
9.674000000000000377e-01
9.489999999999999547e-01
9.703000000000000513e-01
9.697999999999999954e-01
9.636000000000000121e-01
9.687999999999999945e-01
9.625000000000000222e-01
9.657000000000000028e-01
9.714000000000000412e-01
9.718999999999999861e-01
9.675000000000000266e-01
9.704000000000000403e-01
9.720999999999999641e-01
9.698999999999999844e-01
9.657999999999999918e-01
9.706000000000000183e-01
9.675000000000000266e-01
9.666000000000000147e-01
9.719999999999999751e-01
9.578999999999999737e-01
9.667000000000000037e-01
9.700999999999999623e-01
9.603000000000000425e-01
9.574000000000000288e-01
9.509999999999999565e-01
9.586000000000000076e-01
9.660999999999999588e-01
9.700999999999999623e-01
9.562000000000000499e-01
9.650999999999999579e-01
9.683000000000000496e-01
9.709999999999999742e-01
9.737999999999999989e-01
9.671999999999999487e-01
9.683000000000000496e-01
9.658999999999999808e-01
9.707999999999999963e-01
9.710999999999999632e-01
9.727000000000000091e-01
9.733000000000000540e-01
9.719999999999999751e-01
9.703000000000000513e-01
9.707999999999999963e-01
9.711999999999999522e-01
9.697999999999999954e-01
9.697000000000000064e-01
9.730999999999999650e-01
9.707999999999999963e-01
