2.313196578598022413e+00
9.132472697257996153e-01
7.005463381767272901e-01
5.227890342235564924e-01
4.167483145236968722e-01
3.506724191188812512e-01
3.972257533073425551e-01
3.217065999507904284e-01
4.004828865528106685e-01
2.829247529745101963e-01
2.664516519546508699e-01
1.519703880429267850e-01
1.678130163550377030e-01
1.846457489490508919e-01
1.710285447359085054e-01
2.001722410678863640e-01
1.862488770246505665e-01
1.669793198943138046e-01
2.207758720397949292e-01
1.763751367449760410e-01
2.055859511137008711e-01
1.875425407648086684e-01
2.329659541606902973e-01
1.347006159067153930e-01
1.845261546850204548e-01
1.935820320725440968e-01
1.721020667791366698e-01
1.471020179390907234e-01
2.626203982353210176e-01
2.881729679822921941e-01
2.596080787539482015e-01
2.323978131055831897e-01
2.020470018386840705e-01
1.905469086527824540e-01
1.875723278999328614e-01
2.045715521812438986e-01
1.533028251409530585e-01
2.391800234556198113e-01
1.853098207235336359e-01
2.044547019004821775e-01
1.884031957864761297e-01
2.043488827466964641e-01
1.965252413630485528e-01
2.199707251310348555e-01
2.140932394504547198e-01
2.033205141663551319e-01
2.170882524967193694e-01
2.285704592704772831e-01
2.066028681516647314e-01
2.039411280155181971e-01
1.988032352805137737e-01
2.008173944950103762e-01
1.951154839754104531e-01
1.979993303894996559e-01
1.623177819490432827e-01
1.710989776134491103e-01
1.627974548935890164e-01
1.694856764316558795e-01
1.649441838622093259e-01
1.672801260828971903e-01
1.412166883707046405e-01
1.597162155628204239e-01
1.618714080095291219e-01
1.550891671657562143e-01
1.467354170083999543e-01
1.540191603541374299e-01
1.670959131598472591e-01
1.491095590591430542e-01
5.233935166358947289e-01
2.957757017850876080e-01
2.269016763925552349e-01
2.085731495380401535e-01
2.154146253824233970e-01
1.766600207805633649e-01
2.710695958852767928e-01
1.862830198526382319e-01
2.272903966903686568e-01
2.128293817758560302e-01
2.113587710380554208e-01
1.315978170752525322e-01
1.798090983867645376e-01
2.097776193857192883e-01
2.251949969530105677e-01
1.912809429645538351e-01
1.559605180263519408e-01
2.539386537551879819e-01
1.958686567068100015e-01
1.988631762027740502e-01
1.888926513433456522e-01
2.204928035974502432e-01
1.893574321746826217e-01
1.932454110383987345e-01
1.778022612810134795e-01
1.841914533495903061e-01
2.206503194093704101e-01
2.081796856403350937e-01
2.145052377104759156e-01
2.051865344285964954e-01
2.073313151121139453e-01
1.995843525886535630e-01
