2.327302968597412036e+00
1.120053335952758689e+00
7.743691726684570620e-01
7.431703745841979902e-01
6.816599472999572695e-01
5.028223451137542321e-01
5.215043067932129128e-01
4.688737110614776826e-01
4.974124029636383115e-01
5.641779531955718463e-01
4.222919086933136223e-01
5.587982541561126171e-01
3.828796442508697329e-01
4.383593384265899728e-01
4.082335487842559951e-01
4.594328649520874053e-01
4.324159448146819851e-01
4.090285483360290297e-01
4.186319219589233476e-01
3.077344188451767160e-01
3.715283591747283731e-01
3.048652394294738555e-01
4.159381061077118136e-01
3.410284375667572143e-01
4.386666889667510949e-01
4.296384500503540038e-01
2.872675907611846879e-01
2.858850017786025988e-01
3.464975099325179886e-01
3.692134450674057211e-01
3.551143015861511487e-01
4.905448113918304265e-01
4.677116850376129009e-01
5.693038920879364140e-01
3.346084177255630454e-01
3.454295413017273164e-01
3.933123047351836932e-01
2.976684004068374523e-01
2.871349187374114820e-01
3.248251209735870115e-01
3.357027479887008670e-01
2.970470869302749839e-01
3.312850682973861871e-01
3.494244723796844365e-01
3.077577461004257220e-01
2.899541648149490114e-01
2.932222134351730181e-01
3.041777211189269914e-01
3.091919278860092435e-01
3.355716394662857094e-01
3.165021935939789088e-01
3.492336914539337367e-01
3.763247112274170081e-01
3.759300325870513770e-01
3.581613010406494158e-01
3.459768503904342429e-01
5.186323963642119894e-01
3.750374318122863815e-01
3.651963704586029258e-01
4.576538687705993813e-01
4.509750450611114680e-01
4.959091014862060387e-01
4.157732753515243629e-01
2.916465612411499042e-01
3.806877151489257982e-01
3.192369915485381848e-01
3.690711074352264198e-01
2.923827383041381900e-01
3.113482682466506835e-01
3.751029553651809567e-01
3.966797577381134254e-01
3.422135833978652841e-01
3.528220646619796841e-01
3.535196528196334897e-01
3.844875798940658451e-01
3.914504607677459780e-01
3.831153111457824556e-01
3.970298617124557450e-01
3.996588747501373384e-01
