1.135000000000000037e-01
6.787999999999999590e-01
7.489000000000000101e-01
7.772000000000000020e-01
8.087999999999999634e-01
8.512999999999999456e-01
8.608000000000000096e-01
8.660999999999999810e-01
8.595000000000000417e-01
8.558999999999999941e-01
8.669999999999999929e-01
8.636000000000000343e-01
8.771999999999999797e-01
8.661999999999999700e-01
8.796000000000000485e-01
8.754999999999999449e-01
8.814999999999999503e-01
8.935999999999999499e-01
8.920000000000000151e-01
9.160000000000000364e-01
8.965999999999999526e-01
9.155999999999999694e-01
8.948000000000000398e-01
9.070000000000000284e-01
8.871999999999999886e-01
8.928000000000000380e-01
9.278999999999999471e-01
9.247999999999999554e-01
9.125999999999999668e-01
9.078000000000000513e-01
9.115999999999999659e-01
8.940000000000000169e-01
8.860999999999999988e-01
8.797000000000000375e-01
9.161000000000000254e-01
9.161000000000000254e-01
9.038000000000000478e-01
9.254999999999999893e-01
9.273000000000000131e-01
9.194999999999999840e-01
9.203999999999999959e-01
9.272000000000000242e-01
9.211000000000000298e-01
9.180000000000000382e-01
9.263000000000000123e-01
9.294999999999999929e-01
9.283000000000000140e-01
9.282000000000000250e-01
9.284999999999999920e-01
9.199000000000000510e-01
9.281000000000000361e-01
9.180000000000000382e-01
9.150000000000000355e-01
9.137999999999999456e-01
9.210000000000000409e-01
9.234999999999999876e-01
8.761999999999999789e-01
9.130000000000000338e-01
9.092000000000000082e-01
8.927000000000000490e-01
8.943999999999999728e-01
8.858000000000000318e-01
9.080000000000000293e-01
9.246999999999999664e-01
9.163000000000000034e-01
9.204999999999999849e-01
9.130000000000000338e-01
9.305999999999999828e-01
9.267999999999999572e-01
9.135999999999999677e-01
9.095999999999999641e-01
9.182000000000000162e-01
9.182000000000000162e-01
9.184999999999999831e-01
9.139000000000000457e-01
9.144999999999999796e-01
9.166999999999999593e-01
9.169000000000000483e-01
9.195999999999999730e-01
