2.299167784881591903e+00
5.639022340774536568e-01
1.508789571762085002e-01
9.265890324115752530e-02
6.654449987411499567e-02
5.587145090103149553e-02
4.525372128486633561e-02
3.975092059969902170e-02
3.630999692082405306e-02
3.170817505717277857e-02
2.953608048558235138e-02
2.719950981140136642e-02
2.553135162591934140e-02
2.484193715751170997e-02
2.400636323392391080e-02
2.279722146391868765e-02
2.121972778737545029e-02
2.230151050686836334e-02
2.231309370696544711e-02
2.158602049052715452e-02
2.040846036374568961e-02
2.097717020809650515e-02
1.991576462686061796e-02
1.861880095899105109e-02
2.107394402325153335e-02
1.856301525533199381e-02
1.846123177409171937e-02
1.830508516132831401e-02
1.806911906599998480e-02
1.781768300533294672e-02
1.710902760922908619e-02
1.694426069855689901e-02
1.795853483974933773e-02
1.752571827769279500e-02
1.774328032135963351e-02
1.802314299643039547e-02
1.788550437986850816e-02
1.903693374693393725e-02
1.846211365163326346e-02
1.806289661824703185e-02
1.704091563075780733e-02
1.690587129890918847e-02
1.591128194034099538e-02
1.648614852279424794e-02
1.697670519053936025e-02
1.677302363514900085e-02
1.675771335959434435e-02
1.732616955488920293e-02
1.723238366395235185e-02
1.693455040901899189e-02
1.622296619564294815e-02
1.535202686339616832e-02
1.863096394240856130e-02
1.671136381328106046e-02
1.715539619475603059e-02
1.632306500375270766e-02
1.693118897378444523e-02
1.717795559465885163e-02
1.830988156050443807e-02
1.763935132324695454e-02
1.754683009088039286e-02
1.733464462459087529e-02
1.598149868994951095e-02
1.556484819501638417e-02
1.636350889205932455e-02
1.695007800161838635e-02
1.541038523614406651e-02
1.653437816500663918e-02
1.581606429517269305e-02
1.622564502358436744e-02
1.573684160262346296e-02
1.750494622290134361e-02
1.594458894282579572e-02
1.592653754353523174e-02
1.639433296769857509e-02
1.604072385281324342e-02
1.809160109758376975e-02
1.486248962432146041e-02
1.695619032680988417e-02
1.769969102293253091e-02
1.662052129209041704e-02
1.756767071783542702e-02
1.682717057764530205e-02
1.658802617043256614e-02
1.709108512103557631e-02
1.790864226818084798e-02
1.591276643574237801e-02
1.703611365854740267e-02
1.735660454630851696e-02
1.786694472283124890e-02
1.687470703721046308e-02
1.735090387761592870e-02
1.583410635739564837e-02
1.742682245671749175e-02
1.750114950090646618e-02
1.860945685207843897e-02
1.756221925914287427e-02
1.672926876842975585e-02
1.856820234507322240e-02
1.725227826535701697e-02
