1.135000000000000037e-01
5.913000000000000478e-01
7.557000000000000384e-01
7.813999999999999835e-01
7.911000000000000254e-01
7.913999999999999924e-01
8.215999999999999970e-01
8.464000000000000412e-01
8.512999999999999456e-01
8.668000000000000149e-01
8.700999999999999845e-01
8.768000000000000238e-01
8.760000000000000009e-01
8.751999999999999780e-01
8.728000000000000203e-01
8.560999999999999721e-01
8.648000000000000131e-01
8.629000000000000004e-01
8.650999999999999801e-01
8.618000000000000105e-01
8.666000000000000369e-01
8.568000000000000060e-01
8.650999999999999801e-01
8.642999999999999572e-01
8.656000000000000361e-01
8.730999999999999872e-01
8.647000000000000242e-01
8.712999999999999634e-01
8.727000000000000313e-01
8.568000000000000060e-01
8.601999999999999647e-01
8.627000000000000224e-01
8.542999999999999483e-01
8.615000000000000435e-01
8.649000000000000021e-01
8.653999999999999471e-01
8.715000000000000524e-01
8.653999999999999471e-01
8.582999999999999519e-01
8.470999999999999641e-01
8.709000000000000075e-01
8.476000000000000201e-01
8.555000000000000382e-01
8.415000000000000258e-01
8.732999999999999652e-01
8.669999999999999929e-01
8.567000000000000171e-01
8.616000000000000325e-01
8.668000000000000149e-01
8.687000000000000277e-01
8.700999999999999845e-01
8.712999999999999634e-01
8.676000000000000378e-01
8.611999999999999655e-01
8.645000000000000462e-01
8.663999999999999480e-01
8.700999999999999845e-01
8.709000000000000075e-01
8.679000000000000048e-01
8.689000000000000057e-01
8.663999999999999480e-01
8.676000000000000378e-01
8.490999999999999659e-01
8.711999999999999744e-01
8.777000000000000357e-01
8.757000000000000339e-01
8.739000000000000101e-01
8.742999999999999661e-01
8.743999999999999551e-01
8.625000000000000444e-01
8.709000000000000075e-01
8.749000000000000110e-01
8.327999999999999847e-01
8.263000000000000345e-01
8.390999999999999570e-01
8.728000000000000203e-01
8.689000000000000057e-01
8.554000000000000492e-01
8.571999999999999620e-01
