2.315895022583007723e+00
1.270259684562683011e+00
1.120145932197570859e+00
1.296691330337524484e+00
1.176520347023010338e+00
1.106493292236328196e+00
1.110025571060180738e+00
1.005441580009460489e+00
1.087680116462707458e+00
9.759227172851562271e-01
1.098086155509948814e+00
1.110652602767944419e+00
1.037693888282775978e+00
1.146600070190429754e+00
1.021244328308105409e+00
1.017408566665649383e+00
1.003127277851104671e+00
1.024162850761413557e+00
1.023476349449157663e+00
1.033571515464782653e+00
1.074500032424926754e+00
9.928354711532593191e-01
9.269635239601135002e-01
1.099784365081787119e+00
1.065454643249511779e+00
9.926253289222717324e-01
1.027156594085693264e+00
9.320944220542907166e-01
9.643880537986755375e-01
9.905101932525635089e-01
9.361831890106201426e-01
9.857352519989013295e-01
9.958039961814880714e-01
8.888946144104004077e-01
9.148742245674132967e-01
9.758894486427307502e-01
9.447156638145446372e-01
1.009794386672973721e+00
1.150309272384643533e+00
1.027847693729400547e+00
9.148495906829834379e-01
1.212727235412597748e+00
1.051361793327331595e+00
1.169190007019043076e+00
1.073668620300292975e+00
9.468289531707764217e-01
9.246896313667297695e-01
9.389579052925109970e-01
9.829926553726195948e-01
1.003835700130462749e+00
1.048286723041534474e+00
9.409846121788024709e-01
8.612812516212463576e-01
9.568394957542419865e-01
9.430231761932372780e-01
1.063684920310974169e+00
8.840006475448608514e-01
1.013364518737792874e+00
9.462574335098266065e-01
7.769238658905028849e-01
9.873372117996215280e-01
8.933059875488281731e-01
9.775359049797057720e-01
7.290658125877380602e-01
8.798183707237243745e-01
9.785471700668334494e-01
9.261200433731079373e-01
9.882650077819824519e-01
1.117785186386108354e+00
1.093827038764953574e+00
1.072675278854370085e+00
1.129296694755554276e+00
1.056368099403381278e+00
1.008377843093872128e+00
1.020400781631469744e+00
1.021961664199829034e+00
9.845885881423950270e-01
1.008843957519531154e+00
9.957837919235229540e-01
1.004132557868957498e+00
9.480857387542724890e-01
9.429476932525634458e-01
9.747855875015258853e-01
9.364453701019287424e-01
9.058018751144408798e-01
8.688061684608459068e-01
8.898439212799071907e-01
9.130277027130127010e-01
9.185209568023681159e-01
8.988368282318115465e-01
9.411065322875976635e-01
9.083551635742187491e-01
9.309090007781982701e-01
9.348667779922484877e-01
9.732701484680176263e-01
1.057233785057067887e+00
1.060301106834411700e+00
1.028809294128417928e+00
1.053397983169555685e+00
9.968011310577392647e-01
