2.299167809295654230e+00
5.639022157669066893e-01
1.508789575815200901e-01
9.265890021324157955e-02
6.654449796676635553e-02
5.587144899368286233e-02
4.525372137427330355e-02
3.975092240571975744e-02
3.630999643802642479e-02
3.170817266702651710e-02
2.953607896566391028e-02
2.719950938522815859e-02
2.553135191500187015e-02
2.484193691611289931e-02
2.400636399686336547e-02
2.279722141623496956e-02
2.121972715854644753e-02
2.230151151418685931e-02
2.231309399306774174e-02
2.158601996898651051e-02
2.040845952332019653e-02
2.097717040479183184e-02
1.991576426923274967e-02
1.861880175173282609e-02
2.107394259870052494e-02
1.856301808655261981e-02
1.846123167872429013e-02
1.830508519411087193e-02
1.806911950707435627e-02
1.781768346428871247e-02
1.710902778804302207e-02
1.694426106512546618e-02
1.795853372514247953e-02
1.752571819424629182e-02
1.774327972531318520e-02
1.802314366549253449e-02
1.788550388365984026e-02
1.903693372905254297e-02
1.846211321353912263e-02
1.806289924681186640e-02
1.704091676324605981e-02
1.690587169378995891e-02
1.591127973794937214e-02
1.648614804446697085e-02
1.697670608460903272e-02
1.677302453368902102e-02
1.675771242976188680e-02
1.732616955339908588e-02
1.723238200992345884e-02
1.693454964607954069e-02
1.622296607941389052e-02
1.535202645361423424e-02
1.863096365332603602e-02
1.671136180460452980e-02
1.715539740100503058e-02
1.632306359708309007e-02
1.693118865191936551e-02
1.717795639187097434e-02
1.830988040119409591e-02
1.763935106843710077e-02
1.754682861268520508e-02
1.733464542031288094e-02
1.598149954229593356e-02
1.556484715044498431e-02
1.636350899338722201e-02
1.695007664561271749e-02
1.541038475930690821e-02
1.653437603414058613e-02
1.581606579422950576e-02
1.622564360201358968e-02
1.573683988600969169e-02
1.750494694709777907e-02
1.594458912312984519e-02
1.592653602510690769e-02
1.639433445483446175e-02
1.604072486609220416e-02
1.809160334318876337e-02
1.486249246597290061e-02
1.695618923306465090e-02
1.769969102591276156e-02
1.662052087485790114e-02
1.756767195165157350e-02
1.682717011868953630e-02
1.658802616149187073e-02
1.709108441174030449e-02
1.790864372551441083e-02
1.591276715844869641e-02
1.703611279428005054e-02
1.735660342425108041e-02
1.786694385409355254e-02
1.687470597326755362e-02
1.735090500116348231e-02
1.583410845100879580e-02
1.742682096958160509e-02
1.750115072131156954e-02
1.860945560038089822e-02
1.756221868693828500e-02
1.672926982790231762e-02
1.856820138245821039e-02
1.725228061378002165e-02
