2.306929175567626888e+00
8.440067824363708393e-01
7.250191723823546930e-01
6.976424026489257413e-01
6.151280374526977290e-01
5.778936263084412106e-01
5.413826523780822519e-01
5.879813270568847727e-01
4.863281530380249018e-01
4.649821776866913114e-01
4.398693847179412919e-01
3.645279308319091527e-01
3.765756746292114321e-01
3.063029170036316029e-01
2.195515318393707338e-01
2.835906117200851506e-01
3.608474694728851517e-01
2.732701295852660861e-01
2.656561327934265360e-01
3.366097464084625290e-01
3.894338668346404853e-01
3.258785810470580802e-01
2.653988461017608436e-01
2.795856765747070094e-01
2.702744113683700489e-01
1.993685992956161501e-01
2.067764824390411482e-01
2.158028893709182661e-01
2.177360844612121482e-01
2.382321454524993776e-01
1.832910331010818572e-01
2.369770503520965688e-01
3.422823644638061658e-01
2.838813735485076761e-01
1.948323279142379627e-01
2.403920938730239876e-01
2.525195372343063127e-01
2.400437580823898409e-01
2.340474179983139114e-01
2.166313822507858200e-01
2.163963671207428108e-01
2.410071907758712662e-01
2.458591855287551864e-01
2.419244683027267362e-01
2.309289385557174723e-01
2.557603554487228315e-01
2.526780772447586032e-01
3.369807759284972892e-01
3.638009222030639811e-01
2.710660927772521878e-01
3.421713412284850819e-01
2.373591918945312518e-01
2.903049273967742705e-01
2.140905189514160090e-01
2.828219595670700137e-01
2.558179691314697024e-01
2.705663625240325998e-01
2.132968788385391223e-01
2.295540933847427245e-01
2.651918822288513167e-01
2.538562602043151761e-01
2.481398061513900855e-01
3.121841693878174007e-01
2.897146210670470956e-01
2.725761442661285283e-01
2.848835423469543437e-01
2.844333613634109637e-01
2.676645952939987194e-01
2.322921558618545601e-01
2.315914398431777876e-01
2.326776406288146859e-01
3.818220195770263836e-01
3.409718577384948657e-01
3.437567387580871547e-01
3.482618677616119429e-01
3.546682510375976372e-01
2.999467366695404147e-01
3.286027881145477392e-01
2.646345616579055537e-01
