2.299167784881591903e+00
5.639022157669066893e-01
1.508789583444595239e-01
9.265890268087387249e-02
6.654449758529662473e-02
5.587145051956176472e-02
4.525372262001037260e-02
3.975091847777366405e-02
3.630999671816825813e-02
3.170817405283451323e-02
2.953608010411262405e-02
2.719950838088989326e-02
2.553135243654251069e-02
2.484193748235702381e-02
2.400636361539363814e-02
2.279722050428390628e-02
2.121972735226154358e-02
2.230150993466377407e-02
2.231309404075145636e-02
2.158602063357830184e-02
2.040845844745636101e-02
2.097716919779777506e-02
1.991576468050479734e-02
1.861880143582820765e-02
2.107394340336322947e-02
1.856301580369472404e-02
1.846123168468475489e-02
1.830508495569229191e-02
1.806911959648132421e-02
1.781768258810043429e-02
1.710902749001979792e-02
1.694426176548004259e-02
1.795853477418422536e-02
1.752571789771318472e-02
1.774328016936779079e-02
1.802314219772815571e-02
1.788550383150577447e-02
1.903693375885486677e-02
1.846211376786232108e-02
1.806289810240268787e-02
1.704091507643461234e-02
1.690587126016616926e-02
1.591128137707710152e-02
1.648614725768566061e-02
1.697670666873455150e-02
1.677302460074424698e-02
1.675771388709544965e-02
1.732617050707340248e-02
1.723238419145345715e-02
1.693454956859350227e-02
1.622296796143055109e-02
1.535202731639146757e-02
1.863096194267272951e-02
1.671136422008276043e-02
1.715539606884121729e-02
1.632306311130523810e-02
1.693119048178196029e-02
1.717795714288949949e-02
1.830988109260797345e-02
1.763934913873672558e-02
1.754682749509811276e-02
1.733464530110359267e-02
1.598149844408035258e-02
1.556484711021184977e-02
1.636350966691970873e-02
1.695007681846618514e-02
1.541038626134395677e-02
1.653437556922435908e-02
1.581606450676917991e-02
1.622564330995082682e-02
1.573684083819389470e-02
1.750494561493396925e-02
1.594458892345428438e-02
1.592653681784868269e-02
1.639433283358812318e-02
1.604072331488132566e-02
1.809160059839487120e-02
1.486249038726091334e-02
1.695618939399719249e-02
1.769968920201063153e-02
1.662052141726017007e-02
1.756767147481441346e-02
1.682716811001300911e-02
1.658802807480096869e-02
1.709108275175094671e-02
1.790864195525646366e-02
1.591276837736368271e-02
1.703611352741718141e-02
1.735660280585289011e-02
1.786694280505180324e-02
1.687470876574516387e-02
1.735090543925762313e-02
1.583410777747630907e-02
1.742682256996631526e-02
1.750114877074956943e-02
1.860945555567741425e-02
1.756221768558025378e-02
1.672926853895187471e-02
1.856820148378610438e-02
1.725227954685688153e-02
