1.135000000000000037e-01
6.059999999999999831e-01
6.634999999999999787e-01
6.832000000000000295e-01
6.844999999999999973e-01
6.795999999999999819e-01
7.209999999999999742e-01
7.510999999999999899e-01
7.694999999999999618e-01
7.062000000000000499e-01
7.629000000000000226e-01
8.369999999999999662e-01
8.695000000000000506e-01
8.626000000000000334e-01
8.922999999999999821e-01
9.053999999999999826e-01
9.215999999999999748e-01
9.104999999999999760e-01
9.040000000000000258e-01
9.094999999999999751e-01
8.879000000000000226e-01
8.903999999999999693e-01
8.570999999999999730e-01
8.981000000000000094e-01
9.123999999999999888e-01
9.273000000000000131e-01
8.971000000000000085e-01
8.748000000000000220e-01
8.840999999999999970e-01
8.924999999999999600e-01
9.070000000000000284e-01
9.010000000000000231e-01
9.172000000000000153e-01
9.049000000000000377e-01
9.246999999999999664e-01
9.162000000000000144e-01
8.955999999999999517e-01
9.069000000000000394e-01
9.125999999999999668e-01
9.149000000000000465e-01
9.147999999999999465e-01
9.122999999999999998e-01
9.151000000000000245e-01
9.169000000000000483e-01
9.105999999999999650e-01
9.112999999999999989e-01
9.151000000000000245e-01
9.231000000000000316e-01
9.157999999999999474e-01
9.150000000000000355e-01
9.243000000000000105e-01
9.283000000000000140e-01
9.290000000000000480e-01
9.290000000000000480e-01
9.263000000000000123e-01
9.254999999999999893e-01
9.261000000000000343e-01
9.276999999999999691e-01
9.270000000000000462e-01
9.274000000000000021e-01
9.185999999999999721e-01
9.233999999999999986e-01
9.211000000000000298e-01
9.231000000000000316e-01
9.258999999999999453e-01
9.307999999999999607e-01
9.276999999999999691e-01
9.231000000000000316e-01
9.265999999999999792e-01
9.291000000000000369e-01
9.285999999999999810e-01
9.294000000000000039e-01
9.320000000000000506e-01
9.278999999999999471e-01
9.254999999999999893e-01
9.278999999999999471e-01
9.282000000000000250e-01
9.316999999999999726e-01
9.300000000000000488e-01
9.308999999999999497e-01
9.304000000000000048e-01
8.927000000000000490e-01
7.986999999999999655e-01
9.154999999999999805e-01
9.069000000000000394e-01
9.227999999999999536e-01
8.998000000000000442e-01
8.999000000000000332e-01
8.879000000000000226e-01
9.006999999999999451e-01
9.119000000000000439e-01
9.040000000000000258e-01
9.144999999999999796e-01
9.142000000000000126e-01
9.167999999999999483e-01
9.139000000000000457e-01
9.167999999999999483e-01
9.155999999999999694e-01
9.139000000000000457e-01
9.202000000000000179e-01
