2.433214421081542955e+00
1.781071525573730385e+00
1.141657123374939076e+00
9.435140602111816710e-01
8.672046794891357102e-01
7.265192038536071317e-01
7.648978616714477985e-01
6.536103634834289355e-01
5.948671016693115599e-01
5.547177082061767184e-01
5.776699573516845820e-01
5.237035761833190861e-01
5.707805386543274295e-01
4.835319645881652750e-01
4.712354647636413651e-01
5.064886033058166870e-01
4.780651734352111548e-01
4.584860407352447376e-01
7.128417419433593638e-01
5.245499742507934160e-01
4.239452445507049805e-01
3.302686707019805712e-01
3.675559631347656286e-01
4.879216987133025984e-01
4.658534510612487578e-01
3.796388022899627734e-01
4.115083293914794660e-01
3.883048408508300575e-01
4.072810728073120168e-01
4.631025789737701626e-01
3.982093099117279267e-01
2.699244821071624667e-01
3.574553380012512327e-01
4.059116169929504192e-01
3.754365135669708309e-01
3.716444372177123978e-01
2.993802652359008887e-01
3.375189693927764800e-01
3.657879251480102289e-01
3.671346561431884647e-01
3.535466028213500866e-01
5.804104448318481158e-01
4.150334846496582242e-01
3.916636753082275435e-01
4.509918407440185462e-01
3.121023845195770030e-01
2.877059329986572100e-01
3.587461114883422897e-01
3.645704164505004785e-01
3.807386631965637425e-01
5.079459176540375154e-01
4.247777013301849425e-01
3.297292156219482351e-01
4.050959958553314033e-01
4.514072379112243905e-01
3.670828153133392502e-01
4.544839479923248327e-01
5.159341773986816371e-01
5.979611188888549478e-01
4.019452311515808174e-01
4.478490050792693911e-01
4.925032988548278534e-01
3.431135418415069416e-01
5.274152734756469840e-01
4.209284145355224882e-01
5.682642607688903613e-01
4.695229079246521220e-01
3.906264516830444400e-01
5.493706932067871085e-01
5.105229657173157021e-01
6.095566827774048235e-01
4.530083969116210918e-01
4.354763912677764859e-01
4.180049061775207297e-01
3.898847279548645073e-01
4.360924917221069563e-01
4.326862195968628200e-01
4.290042150497436757e-01
4.482978252410888542e-01
