2.299167803573608282e+00
5.639022340774536568e-01
1.508789602279663189e-01
9.265889942646027277e-02
6.654449509382247274e-02
5.587144975662231700e-02
4.525372147560119407e-02
3.975092030763625883e-02
3.630999643802642479e-02
3.170817562341689960e-02
2.953607953190803478e-02
2.719950834214687405e-02
2.553135034143924620e-02
2.484193605780601541e-02
2.400636275112628948e-02
2.279722021818161165e-02
2.121972711682319768e-02
2.230151008367538615e-02
2.231309441328048829e-02
2.158602102398872458e-02
2.040845831334590910e-02
2.097717075943946949e-02
1.991576357185840737e-02
1.861880311667919036e-02
2.107394306957721675e-02
1.856301725804805625e-02
1.846123259067535341e-02
1.830508487522601938e-02
1.806912132501602153e-02
1.781768275499343718e-02
1.710902697443962214e-02
1.694426094293594379e-02
1.795853477120399472e-02
1.752571806460619108e-02
1.774328095912933514e-02
1.802314289063215377e-02
1.788550493270158609e-02
1.903693447411060335e-02
1.846211539804935506e-02
1.806289776265621039e-02
1.704091637730598477e-02
1.690587154328822977e-02
1.591128061115741621e-02
1.648614681065082438e-02
1.697670653462409959e-02
1.677302308678627063e-02
1.675771380364894994e-02
1.732617024034261571e-02
1.723238191157579549e-02
1.693454895764589380e-02
1.622296636849641926e-02
1.535202729851007503e-02
1.863096235394477718e-02
1.671136366277933133e-02
1.715539637506008006e-02
1.632306540608405993e-02
1.693119054734706919e-02
1.717795691490173193e-02
1.830988156795501642e-02
1.763935102224349974e-02
1.754682727158069638e-02
1.733464460074901625e-02
1.598149942159652823e-02
1.556484782546758636e-02
1.636350841224193733e-02
1.695007545650005498e-02
1.541038554906845083e-02
1.653437637090682949e-02
1.581606415212154226e-02
1.622564500868320381e-02
1.573684155493974834e-02
1.750494557917118069e-02
1.594458817392587630e-02
1.592653774172067549e-02
1.639433420300483862e-02
1.604072453826665967e-02
1.809160339683294275e-02
1.486249066293239551e-02
1.695618804991245315e-02
1.769969055503606628e-02
1.662052145898341993e-02
1.756767105460167039e-02
1.682716946005821321e-02
1.658802721351385068e-02
1.709108402132987828e-02
1.790864374637603923e-02
1.591276906877756026e-02
1.703611270785331672e-02
1.735660250782966596e-02
1.786694348901510243e-02
1.687470597028732297e-02
1.735090221762657092e-02
1.583410700857639311e-02
1.742682320475578278e-02
1.750115060061216421e-02
1.860945464968681226e-02
1.756221888065338105e-02
1.672926829606294699e-02
1.856820170283317653e-02
1.725228010118007652e-02
