2.323591145706176864e+00
6.122323436737060476e-01
4.489956845760345594e-01
4.085963721275329696e-01
3.492297129154205426e-01
3.001300542354583545e-01
2.652343137264251971e-01
2.157493535280227692e-01
2.198902858018875195e-01
1.586133947372436459e-01
1.323152414679527322e-01
1.544295488834381003e-01
1.480504205822944508e-01
1.081899271488189762e-01
8.881114434003829772e-02
9.693171275854110813e-02
1.156839717626571701e-01
1.044577924132347041e-01
1.021680079698562560e-01
1.018543643474578847e-01
8.639259250760078501e-02
8.914853203296661810e-02
9.954216909408569736e-02
1.043115226387977545e-01
1.504171745181083764e-01
1.563096768379211299e-01
9.445719699859618512e-02
9.860814525485038506e-02
9.490208582282066985e-02
9.012461256384850239e-02
1.397976642847061080e-01
1.223360859155654956e-01
9.637967516183852668e-02
8.910945047736168467e-02
8.670303736925125127e-02
7.977087621092796010e-02
9.693711845278739359e-02
8.152448645830154272e-02
7.729845343828201099e-02
1.241096492469310753e-01
1.556677402853965664e-01
9.156167283058166961e-02
6.394525636136531854e-02
1.032517742276191780e-01
9.303099054098129539e-02
7.691608720421791445e-02
7.931025000214576848e-02
8.655269367098808453e-02
6.846874619722366495e-02
7.860488589704037188e-02
8.949008657336235406e-02
1.118646275341510787e-01
8.729799994826316356e-02
8.762406275868415972e-02
8.599196267127991178e-02
8.843598910570144023e-02
1.249788721740245773e-01
1.176464533925056510e-01
1.301822213411331086e-01
1.541591713070869507e-01
9.917918167710304544e-02
1.067438636064529378e-01
1.040343269407749127e-01
1.061329367280006430e-01
1.212998504281043999e-01
1.188204570174217212e-01
8.882348384857177703e-02
9.403016134500503942e-02
1.024483398079872182e-01
1.032362498939037310e-01
1.098514465332031259e-01
1.049358870685100503e-01
2.391039643526077230e-01
1.392019055604934719e-01
1.036271777629852314e-01
1.064270836949348514e-01
9.375571826696395272e-02
9.773313628435134626e-02
9.396340293884276884e-02
