2.288253939819335780e+00
8.033544062614440540e-01
6.510376026153564810e-01
5.154823853492737085e-01
3.435067430496215879e-01
4.118508484840393002e-01
3.249459631443023522e-01
3.147308795452117836e-01
2.613684111833572410e-01
2.568203220605850268e-01
2.418585663557052678e-01
3.106771018505096182e-01
2.126866596937179443e-01
1.773337240219116095e-01
1.744975230932235832e-01
1.147739514231681801e-01
1.270753831744194096e-01
2.630085776805877740e-01
9.604221283197403314e-02
1.845715824842452946e-01
2.365142504215240471e-01
1.338458796739578349e-01
1.855862965345382587e-01
2.454902931213378825e-01
1.349619010806083763e-01
1.384968587040901200e-01
1.567220999598503139e-01
1.153317381858825624e-01
1.661628263950347961e-01
1.992531482934951914e-01
1.419245970368385179e-01
1.317286460638046330e-01
2.249496706962585413e-01
2.098847046613693257e-01
1.303667954802513185e-01
2.200896608114242536e-01
1.679618332147598259e-01
1.470969512462615980e-01
1.592777097463607683e-01
1.515578277945518471e-01
1.760368191957473738e-01
1.621679852962494006e-01
1.850143910169601558e-01
1.688525901794433459e-01
1.367432793140411496e-01
2.444800228834152211e-01
1.820902494907379043e-01
1.680103487491607650e-01
1.195641961574554490e-01
2.166395931720733747e-01
1.480873284101486276e-01
1.279775995254516519e-01
1.201614765882492025e-01
1.871315295219421471e-01
1.169640574336051897e-01
1.287180495977401640e-01
1.134066200494766169e-01
1.365180264711380043e-01
1.449391433954238806e-01
1.771135754823684738e-01
1.855137812137603870e-01
1.649908226728439287e-01
3.557424951553344594e-01
1.355356470942497282e-01
1.515411823749542308e-01
1.399141865968704102e-01
1.663453014135360675e-01
1.573059461593628028e-01
2.331534253835678139e-01
1.587810046195983760e-01
1.820619854450225839e-01
1.092540312409400888e-01
1.165589941740036023e-01
2.191345780849456859e-01
1.732346058130264377e-01
2.068643451452255311e-01
1.757300699472427452e-01
1.612031817674636769e-01
1.569548617601394525e-01
