1.135000000000000037e-01
7.692999999999999838e-01
7.872000000000000108e-01
8.192000000000000393e-01
8.717000000000000304e-01
8.631999999999999673e-01
8.864999999999999547e-01
8.750000000000000000e-01
9.166999999999999593e-01
9.226999999999999647e-01
9.108000000000000540e-01
8.989000000000000323e-01
9.332000000000000295e-01
9.445999999999999952e-01
9.476999999999999869e-01
9.656000000000000139e-01
9.613000000000000433e-01
9.190000000000000391e-01
9.708999999999999853e-01
9.461000000000000520e-01
9.327999999999999625e-01
9.604000000000000314e-01
9.481000000000000538e-01
9.281000000000000361e-01
9.613000000000000433e-01
9.593000000000000416e-01
9.535000000000000142e-01
9.667999999999999927e-01
9.544000000000000261e-01
9.455999999999999961e-01
9.565000000000000169e-01
9.627999999999999892e-01
9.363000000000000211e-01
9.360000000000000542e-01
9.634000000000000341e-01
9.405000000000000027e-01
9.553000000000000380e-01
9.589999999999999636e-01
9.576999999999999957e-01
9.578999999999999737e-01
9.536000000000000032e-01
9.586000000000000076e-01
9.522000000000000464e-01
9.567999999999999838e-01
9.636000000000000121e-01
9.377999999999999670e-01
9.524000000000000243e-01
9.559999999999999609e-01
9.677999999999999936e-01
9.429999999999999494e-01
9.613000000000000433e-01
9.669999999999999707e-01
9.693000000000000504e-01
9.536999999999999922e-01
9.687999999999999945e-01
9.645000000000000240e-01
9.688999999999999835e-01
9.633000000000000451e-01
9.628999999999999782e-01
9.545000000000000151e-01
9.503000000000000336e-01
9.585000000000000187e-01
9.229000000000000536e-01
9.658999999999999808e-01
9.585000000000000187e-01
9.627000000000000002e-01
9.549999999999999600e-01
9.584000000000000297e-01
9.394000000000000128e-01
9.610999999999999543e-01
9.555000000000000160e-01
9.724000000000000421e-01
9.700999999999999623e-01
9.472000000000000419e-01
9.579999999999999627e-01
9.526999999999999913e-01
9.596999999999999975e-01
9.637999999999999901e-01
9.624000000000000332e-01
