6.694957563654517774e-01
6.540189715426859562e-01
6.420369445831253241e-01
6.340489266100848287e-01
7.254118821767349123e-01
7.024463305042436545e-01
7.403894158761856747e-01
7.084373439840239151e-01
5.791313030454318111e-01
7.199201198202695995e-01
7.428856714927608573e-01
7.234148776834747885e-01
6.954568147778332765e-01
7.543684473290065418e-01
7.453819271093360399e-01
7.478781827259111115e-01
7.413879181228157922e-01
6.674987518721917645e-01
7.488766849725412289e-01
7.378931602596106032e-01
6.824762855716425269e-01
7.478781827259111115e-01
7.648527209186221087e-01
7.513729405891163005e-01
6.160758861707439360e-01
6.799800299550673444e-01
7.309036445332002252e-01
7.039440838741887196e-01
7.438841737393908637e-01
7.493759360958561766e-01
6.974538192710934004e-01
7.498751872191712353e-01
6.984523215177234068e-01
7.338991512730903555e-01
7.458811782326509876e-01
7.324013979031452903e-01
7.468796804792811050e-01
7.269096355466799775e-01
7.523714428357464179e-01
7.373939091362955445e-01
7.548676984523214895e-01
7.488766849725412289e-01
7.368946580129804858e-01
7.164253619570644105e-01
7.593609585621567959e-01
7.508736894658013528e-01
7.513729405891163005e-01
7.398901647528707270e-01
7.603594608087868023e-01
7.169246130803794692e-01
