3.985564218148685889e+00
3.814689817558927665e+00
1.172701752191773084e+00
7.091220663121148293e-01
6.307628583860468430e-01
4.966470895561050924e-01
4.426273728422802090e-01
4.666564376188764851e-01
4.321346876624817535e-01
3.979810252971668350e-01
4.398797220339848990e-01
4.348159176792672498e-01
4.047251985005241859e-01
4.107351841863488562e-01
3.882594540960718765e-01
3.952473488320604189e-01
4.074086508212896307e-01
4.242566189227910955e-01
4.329821315635399293e-01
4.032563532047490629e-01
4.072354808784519054e-01
4.097695050689499352e-01
5.172163809961637382e-01
4.451647640107812554e-01
3.911255779887697903e-01
4.239876678272062605e-01
4.876285556311376612e-01
4.246350482470740428e-01
4.879223195928010792e-01
4.465936860381158335e-01
4.446462127368449035e-01
4.168272982581638919e-01
4.294744732376342133e-01
4.255228560832638451e-01
4.781222451167647103e-01
4.277773767754368683e-01
4.475963436926357342e-01
4.241435627192184366e-01
4.413675904214471313e-01
4.381904816901273092e-01
4.308286225623151333e-01
4.599383937021047086e-01
4.170322748076838448e-01
3.993833153413285930e-01
3.924010391540070364e-01
4.226889754764092122e-01
4.131921898318836606e-01
4.386721195070016344e-01
4.033860826917844422e-01
4.019765908635977714e-01
