3.985563871486524246e+00
3.814689484897757499e+00
1.172701769986869147e+00
7.091220319122298887e-01
6.307628082741039144e-01
4.966470752724158610e-01
4.426273915301069395e-01
4.666563836384343134e-01
4.321346334737357631e-01
3.979811310113458567e-01
4.398797361688856489e-01
4.348159372003091439e-01
4.047251924894716413e-01
4.107352065938862928e-01
3.882594919180905602e-01
3.952473504092177681e-01
4.074085966325436958e-01
4.242565449749417517e-01
4.329821927379026159e-01
4.032563843164096440e-01
4.072355556000011312e-01
4.097694748648987861e-01
5.172164787799193864e-01
4.451647756683546620e-01
3.911255783904985517e-01
4.239877277443067083e-01
4.876286498439710848e-01
4.246350958593714253e-01
4.879223328200924525e-01
4.465936845799892141e-01
4.446461274587566459e-01
4.168272973803121562e-01
4.294744887116309084e-01
4.255228704562261099e-01
4.781222407721425482e-01
4.277774113241101239e-01
4.475963148425592952e-01
4.241435527206359746e-01
4.413676711540489017e-01
4.381905658448629337e-01
4.308285836987774120e-01
4.599384114079277941e-01
4.170322893591922320e-01
3.993833346243090276e-01
3.924009717082120319e-01
4.226889920216825303e-01
4.131921010944644701e-01
4.386721176173885572e-01
4.033860624268003625e-01
4.019766401423255919e-01
