3.985564923134301996e+00
3.814689234025586462e+00
1.172701874614892725e+00
7.091219736466810586e-01
6.307626536531681927e-01
4.966470170961400088e-01
4.426273873342732035e-01
4.666564170860732497e-01
4.321347015890786847e-01
3.979810992003796621e-01
4.398797991956643338e-01
4.348159356826671873e-01
4.047252578968651981e-01
4.107352554560064761e-01
3.882594196961869915e-01
3.952474346234687852e-01
4.074086720385196592e-01
4.242566059186824168e-01
4.329822363626700810e-01
4.032563503331323962e-01
4.072353852372495586e-01
4.097694967963132484e-01
5.172164386219223475e-01
4.451648449516867889e-01
3.911256566234546650e-01
4.239877701192513726e-01
4.876285907452069801e-01
4.246350874081886162e-01
4.879223310941466774e-01
4.465937405839540131e-01
4.446459764756980348e-01
4.168273156812889457e-01
4.294745264146188624e-01
4.255228526016145985e-01
4.781222575554773813e-01
4.277773868781711841e-01
4.475964250501489050e-01
4.241435208501544429e-01
4.413677266521330300e-01
4.381904967475163670e-01
4.308286359532737531e-01
4.599385353486893924e-01
4.170322746142589021e-01
3.993833975618146237e-01
3.924009899347946084e-01
4.226890101143555567e-01
4.131922259130778041e-01
4.386720737843173290e-01
4.033861322308919806e-01
4.019765022749670069e-01
