1.009307672926752453e+01
5.257668201945985942e+00
1.854995831333870804e+00
1.547841597573494044e+00
8.937257584844656710e-01
9.106522564642797191e-01
9.530657820265946434e-01
1.448804685132716541e+00
1.225455403982610880e+00
1.057438497357646945e+00
1.668378172549258798e+00
1.285704678139327095e+00
9.790617053471859510e-01
1.168694890325091995e+00
1.141472021743647813e+00
9.504361003265342500e-01
9.752727686852975530e-01
1.211869838353222262e+00
1.092399741671291391e+00
1.145897690141671088e+00
1.039569194472794278e+00
9.217550597426538150e-01
1.180871700383518297e+00
1.099539362426049438e+00
1.330004807150607871e+00
1.238498375645531446e+00
1.492329051360093750e+00
1.426921913044130186e+00
1.154045342982440214e+00
1.901793822727974703e+00
1.380249065633898597e+00
1.475785560150832065e+00
1.517492338590959999e+00
1.155789873924960132e+00
1.430542933839711317e+00
1.305705805093838601e+00
1.343443678994209689e+00
1.143617941805915139e+00
1.129620030529785879e+00
1.308043620851833788e+00
1.348091379976010806e+00
1.542016288963961479e+00
1.790158002184916830e+00
1.707669962898707761e+00
1.643006208713091665e+00
1.248442748993917828e+00
1.214737881021504373e+00
1.132718517610090014e+00
1.113555621279517904e+00
1.466969553078048216e+00
