6.694957563654517774e-01
6.739890164752870838e-01
6.864702945581627747e-01
6.714927608587119012e-01
7.453819271093360399e-01
6.859710434348477159e-01
6.974538192710934004e-01
6.525212181727408911e-01
6.565152271592611388e-01
7.458811782326509876e-01
5.556665002496256056e-01
6.744882675986021425e-01
7.239141288067898472e-01
7.234148776834747885e-01
6.774837743384922728e-01
7.378931602596106032e-01
7.244133799301047949e-01
7.044433349975037784e-01
7.119321018472291041e-01
7.234148776834747885e-01
7.413879181228157922e-01
7.503744383424862940e-01
6.994508237643535242e-01
7.443834248627059225e-01
7.079380928607089674e-01
7.229156265601597298e-01
7.094358462306540325e-01
7.423864203694457986e-01
7.518721917124313592e-01
6.430354468297553305e-01
7.169246130803794692e-01
7.224163754368447821e-01
7.159261108337493518e-01
7.324013979031452903e-01
7.299051422865701078e-01
6.904643035446830224e-01
7.324013979031452903e-01
7.274088866699950362e-01
7.398901647528707270e-01
7.338991512730903555e-01
7.403894158761856747e-01
7.598602096854717436e-01
7.089365951073389738e-01
7.229156265601597298e-01
7.164253619570644105e-01
7.314028956565151729e-01
7.338991512730903555e-01
7.428856714927608573e-01
7.713429855217174280e-01
7.488766849725412289e-01
