3.985564419619378462e+00
3.814690043449521006e+00
1.172701834084924455e+00
7.091220758940895985e-01
6.307627543531770797e-01
4.966470793789765081e-01
4.426273518928693362e-01
4.666564250313753881e-01
4.321346172855546897e-01
3.979810864492112632e-01
4.398795817711325662e-01
4.348159440743346038e-01
4.047251690404152225e-01
4.107352920728389312e-01
3.882595089394869081e-01
3.952473237463312583e-01
4.074086568918575679e-01
4.242566432348204852e-01
4.329823155553115810e-01
4.032563599448649172e-01
4.072353281024926885e-01
4.097695375643428672e-01
5.172167193261730800e-01
4.451647355475547019e-01
3.911256180277360994e-01
4.239877529044301374e-01
4.876285866386463330e-01
4.246350644947705089e-01
4.879224070208821318e-01
4.465936518762924634e-01
4.446462248779807225e-01
4.168273215881896365e-01
4.294746707691529664e-01
4.255229536140792135e-01
4.781221230507373132e-01
4.277773606170134357e-01
4.475963430082089967e-01
4.241436407141130904e-01
4.413677155525161933e-01
4.381904875226337315e-01
4.308286959745261657e-01
4.599385466268523515e-01
4.170322260050790542e-01
3.993833956870804225e-01
3.924011008863263483e-01
4.226888933303173945e-01
4.131920699828038890e-01
4.386721294907052204e-01
4.033860552700769264e-01
4.019765783058543707e-01
