3.985562661814276098e+00
3.814689985392275773e+00
1.172702070241919525e+00
7.091219750155345336e-01
6.307628410670736985e-01
4.966470378967624000e-01
4.426273338001963653e-01
4.666564577053144425e-01
4.321344950707388666e-01
3.979810943647557053e-01
4.398797034800677741e-01
4.348159861814600569e-01
4.047251632971818336e-01
4.107351633410898928e-01
3.882594922156674122e-01
3.952472345030313972e-01
4.074087405109548254e-01
4.242565439036650732e-01
4.329822801287865897e-01
4.032563843015308236e-01
4.072353903258138508e-01
4.097695472058330846e-01
5.172166284759581734e-01
4.451648177234042159e-01
3.911256078059709984e-01
4.239876882707364625e-01
4.876284219596127567e-01
4.246351041617657529e-01
4.879224680836535266e-01
4.465936308971239499e-01
4.446460961164740433e-01
4.168272146241878140e-01
4.294744193762228268e-01
4.255228399843558051e-01
4.781220622260274333e-01
4.277774135261788735e-01
4.475962764105080316e-01
4.241435199871815276e-01
4.413676849616151032e-01
4.381906177422670856e-01
4.308285067751594366e-01
4.599385297840021258e-01
4.170322780810292729e-01
3.993833312616905107e-01
3.924009924493190860e-01
4.226888657151849360e-01
4.131920856948620435e-01
4.386722044354370853e-01
4.033862365315808995e-01
4.019765769518796605e-01
