9.609814673200942181e+00
1.083752294212832590e+00
1.049465372213648440e+00
1.065612050574003211e+00
1.070723246468702650e+00
1.057863839376109727e+00
1.480330464248352573e+00
1.034471620575404538e+00
8.506413546432213257e-01
8.985809200832501897e-01
9.530147840187541686e-01
1.031356129358246942e+00
1.477173090695263591e+00
8.970497848388854223e-01
1.470910057685878680e+00
1.000847073120292308e+00
1.283685171419658877e+00
1.361885485741952895e+00
1.280984102221530474e+00
1.170761879896201174e+00
1.070831698414330679e+00
9.249170469273583217e-01
1.099552895566908939e+00
1.142768539551550555e+00
1.040159852160731369e+00
1.663909585727076479e+00
1.302350184230642638e+00
1.218275397644004832e+00
1.199767717170048709e+00
1.110852229196431340e+00
1.190580491060265533e+00
1.071710988127822173e+00
1.224022016725240247e+00
1.260331274923895073e+00
1.044505931589523762e+00
1.145977812889392489e+00
1.874340135814306807e+00
1.416347979070898599e+00
1.132974205883633623e+00
1.432269328722522994e+00
1.197775825642372949e+00
1.258388302175033280e+00
1.414996289337984825e+00
1.245950639634744173e+00
1.166756176615261209e+00
1.287009633545630249e+00
1.439024781680857012e+00
1.532068732257372501e+00
1.357581496417254563e+00
1.420230461309626380e+00
