6.844732900649026508e-01
7.024463305042436545e-01
6.779830254618073315e-01
7.294058911632551601e-01
7.309036445332002252e-01
6.879680479281078398e-01
6.115826260609086296e-01
7.353969046430354206e-01
7.443834248627059225e-01
7.518721917124313592e-01
7.309036445332002252e-01
7.453819271093360399e-01
6.050923614578133103e-01
7.473789316025960527e-01
6.350474288567149461e-01
7.114328507239141564e-01
7.069395906140788499e-01
7.199201198202695995e-01
7.528706939590613656e-01
7.084373439840239151e-01
7.453819271093360399e-01
7.378931602596106032e-01
7.109335996005990976e-01
6.899650524213679637e-01
7.598602096854717436e-01
6.774837743384922728e-01
7.368946580129804858e-01
7.368946580129804858e-01
7.638542186719919913e-01
7.633549675486769326e-01
7.368946580129804858e-01
7.333999001497752968e-01
7.563654518222665546e-01
7.453819271093360399e-01
7.598602096854717436e-01
7.483774338492261702e-01
6.969545681477783416e-01
7.498751872191712353e-01
7.593609585621567959e-01
7.348976535197204729e-01
7.418871692461308509e-01
7.538691962056914830e-01
7.309036445332002252e-01
7.638542186719919913e-01
7.408886669995007335e-01
7.508736894658013528e-01
7.383924113829256619e-01
7.279081377933099839e-01
7.104343484772840389e-01
6.969545681477783416e-01
