3.985564940910799603e+00
3.814689053336917990e+00
1.172701702913045319e+00
7.091219863829705261e-01
6.307626185390988738e-01
4.966470557811316078e-01
4.426273814422513886e-01
4.666563714972984944e-01
4.321347920524437058e-01
3.979810815987084860e-01
4.398796657026855517e-01
4.348160123682236478e-01
4.047252911064426195e-01
4.107352691147843071e-01
3.882594546912255806e-01
3.952473773696811854e-01
4.074086535887544436e-01
4.242565782737922619e-01
4.329823737167086128e-01
4.032563689763225545e-01
4.072353656566922719e-01
4.097694762932677093e-01
5.172167143492001351e-01
4.451648198585181904e-01
3.911256857115926189e-01
4.239877472207121412e-01
4.876285374789492977e-01
4.246350857120005373e-01
4.879225276436617853e-01
4.465937866488517427e-01
4.446461160838812154e-01
4.168272312289765247e-01
4.294746110454774612e-01
4.255228951551053851e-01
4.781222263694225871e-01
4.277773880238421311e-01
4.475962257034113434e-01
4.241434620192094940e-01
4.413674963574021337e-01
4.381907058547748757e-01
4.308285380058507474e-01
4.599385068110686259e-01
4.170321503461627555e-01
3.993833959846572745e-01
3.924009585999513883e-01
4.226887183402457393e-01
4.131921728848815811e-01
4.386720786199412858e-01
4.033861869403974065e-01
4.019765431471485351e-01
