6.734897653519720251e-01
6.919620569146280875e-01
4.478282576135796389e-01
6.719920119820269599e-01
5.546679980029954882e-01
7.159261108337493518e-01
5.906140788816774956e-01
7.254118821767349123e-01
7.299051422865701078e-01
6.809785322016974618e-01
6.270594108836744507e-01
7.059410883674488435e-01
6.744882675986021425e-01
6.984523215177234068e-01
7.294058911632551601e-01
7.259111333000499711e-01
7.473789316025960527e-01
6.425361957064403828e-01
6.425361957064403828e-01
7.343984023964054142e-01
6.650024962556165820e-01
7.279081377933099839e-01
7.199201198202695995e-01
6.864702945581627747e-01
7.423864203694457986e-01
7.234148776834747885e-01
7.314028956565151729e-01
7.079380928607089674e-01
7.029455816275587132e-01
7.453819271093360399e-01
7.418871692461308509e-01
7.643534697953070500e-01
7.279081377933099839e-01
7.433849226160759160e-01
6.769845232151772141e-01
7.164253619570644105e-01
6.969545681477783416e-01
7.324013979031452903e-01
7.144283574638042866e-01
6.989515726410384655e-01
7.274088866699950362e-01
7.224163754368447821e-01
7.109335996005990976e-01
7.244133799301047949e-01
7.204193709435846582e-01
7.284073889166250426e-01
7.628557164253619849e-01
7.373939091362955445e-01
7.728407388916624932e-01
7.468796804792811050e-01
