2.559101198532554022e+00
1.711536060377055302e+00
2.218761728575273651e+00
2.132955652799715995e+00
1.043170623700736543e+00
9.999084829153326304e-01
9.149224950382843780e-01
8.751499627866092812e-01
1.016681215254830795e+00
1.360049791593165969e+00
1.203564969438704280e+00
9.985762228682466546e-01
1.119725502495520386e+00
1.140473324003900446e+00
1.004001510452759982e+00
9.846316952736331451e-01
1.407060346303436127e+00
1.049688528432765056e+00
1.217438313702732255e+00
1.213152709985695799e+00
2.318712575222573236e+00
1.614964569204161871e+00
1.366632342279046730e+00
1.258916323817615535e+00
1.051902528173377149e+00
1.034837329113894144e+00
1.094571798489323511e+00
1.421376292371059558e+00
1.453946172744705168e+00
2.816871584265218775e+00
1.500768550621885966e+00
1.250623692885316496e+00
1.274264320812996676e+00
1.228426702130870574e+00
1.308190399566056206e+00
1.375105903794987983e+00
1.348415789458969449e+00
1.202485077510877520e+00
1.220958627109461014e+00
1.365335034598009090e+00
1.486203235860949379e+00
1.633322230232874928e+00
1.704589103081199042e+00
1.440391748593083276e+00
1.166517671024686287e+00
1.622671771275657981e+00
1.331744814657058074e+00
1.559738116209589132e+00
1.391927812079221560e+00
1.530273530224949052e+00
