6.759860209685472077e-01
6.864702945581627747e-01
7.723414877683474344e-01
7.998002995506739987e-01
8.022965551672491813e-01
8.412381427858213190e-01
8.497254118821767621e-01
8.457314028956565144e-01
8.452321517723414557e-01
8.557164253619570227e-01
8.577134298552171465e-01
8.602096854717923291e-01
8.671992011982027071e-01
8.686969545681477722e-01
8.766849725411882677e-01
8.741887169246130851e-01
8.711932101847229548e-01
8.756864702945581502e-01
8.587119321018472640e-01
8.761857214178732089e-01
8.821767348976534695e-01
8.866699950074887759e-01
8.497254118821767621e-01
8.681977034448327135e-01
8.856714927608586585e-01
8.836744882675986457e-01
8.721917124313529612e-01
8.951572641038442191e-01
8.756864702945581502e-01
8.896655017473789062e-01
8.756864702945581502e-01
8.906640039940090237e-01
8.961557663504743365e-01
8.886669995007488998e-01
8.761857214178732089e-01
8.896655017473789062e-01
8.841737393909135934e-01
8.891662506240639585e-01
8.926610084872691475e-01
8.886669995007488998e-01
8.916625062406390301e-01
8.941587618572142127e-01
8.941587618572142127e-01
8.991512730903644668e-01
9.021467798302545971e-01
9.001497753369944732e-01
9.031452820768847145e-01
8.961557663504743365e-01
8.941587618572142127e-01
8.981527708437343493e-01
