6.769845232151772141e-01
7.069395906140788499e-01
6.290564153769345745e-01
6.440339490763854480e-01
6.719920119820269599e-01
6.714927608587119012e-01
7.348976535197204729e-01
6.974538192710934004e-01
7.314028956565151729e-01
7.029455816275587132e-01
7.333999001497752968e-01
6.969545681477783416e-01
7.458811782326509876e-01
6.220668996505241966e-01
6.944583125312031591e-01
7.528706939590613656e-01
7.209186220668996059e-01
7.239141288067898472e-01
7.348976535197204729e-01
7.408886669995007335e-01
7.443834248627059225e-01
7.398901647528707270e-01
6.749875187219170902e-01
7.279081377933099839e-01
7.284073889166250426e-01
6.754867698452321489e-01
7.608587119321018610e-01
7.324013979031452903e-01
7.159261108337493518e-01
7.189216175736395931e-01
7.333999001497752968e-01
7.658512231652521152e-01
7.398901647528707270e-01
7.583624563155266785e-01
7.553669495756365482e-01
7.069395906140788499e-01
7.488766849725412289e-01
7.528706939590613656e-01
7.568647029455816133e-01
7.463804293559660463e-01
7.588617074388417372e-01
7.523714428357464179e-01
7.478781827259111115e-01
6.914628057913130288e-01
7.129306040938592215e-01
6.834747878182726444e-01
7.548676984523214895e-01
7.533699450823764243e-01
7.578632051922117308e-01
7.289066400399401013e-01
