2.365415809020996107e+01
3.610910352706909077e+00
3.402440310668945145e+00
3.293083465957641565e+00
3.237135782241821413e+00
3.176033464431762710e+00
3.001154455184936509e+00
3.024551205825805500e+00
2.975658534622192430e+00
2.932757957458496101e+00
3.023252688598632609e+00
2.667118320083618155e+00
2.735766188049316483e+00
2.727342311477661152e+00
2.603504964447021397e+00
2.531079111099243217e+00
2.580565594863891477e+00
2.586816020584106646e+00
2.537038907241821128e+00
2.573389971542358268e+00
2.568059187316894310e+00
2.810637234497070480e+00
2.557460739135742234e+00
2.846320955657958951e+00
2.739631104278564599e+00
2.690705838012695139e+00
3.064128359985351491e+00
2.928498322677612453e+00
2.697714188766479282e+00
3.127115105819702201e+00
2.947935792541503730e+00
3.111716200637817398e+00
4.816112947845459402e+00
4.073525511550903033e+00
4.037919031143188064e+00
4.589523074340820408e+00
3.744867505264282137e+00
3.694866268539428678e+00
3.578039431762695344e+00
3.870985866165161049e+00
4.180349457550049053e+00
3.619751118850707883e+00
4.359196291351318031e+00
3.937326417160034175e+00
3.938047412490844668e+00
4.238140842437744027e+00
4.937018382263183902e+00
4.429872513580321858e+00
5.242235723876953024e+00
4.129900528717040942e+00
4.282316254425048818e+00
4.242685616302490637e+00
4.276838441467285534e+00
4.334752124786376726e+00
4.278107102203368761e+00
4.319959339141846044e+00
4.305587627410888629e+00
4.310683755493164071e+00
4.322235266876220727e+00
4.299182998657226307e+00
4.335406133270264029e+00
4.322318274688720763e+00
4.295153381347656563e+00
4.350440110015869166e+00
4.321876634979248344e+00
4.328932847595214461e+00
4.326333868408203109e+00
4.340121554565429918e+00
4.343829861450195118e+00
4.322530850219726162e+00
4.295890894317627051e+00
4.304300113677978601e+00
4.338274186706542856e+00
4.354380499267578308e+00
4.274344443511963298e+00
4.314988287353515695e+00
4.265435569000244342e+00
4.322133216857910298e+00
4.297060565948486399e+00
4.302151407623290957e+00
4.346207138824462746e+00
4.305690143585205298e+00
4.263923089599609639e+00
4.346440454101562878e+00
4.293730634307861393e+00
4.298864557647704920e+00
4.289756095123291146e+00
4.231914486694336119e+00
4.244716008758544490e+00
4.293882321929931578e+00
4.352525211334228317e+00
4.352027027893066169e+00
4.339838454437256132e+00
4.312773006439209134e+00
4.301726965332031583e+00
4.277891302490234082e+00
4.296770455932617416e+00
4.313891480255127142e+00
4.304486633300781406e+00
4.320606885528564867e+00
