1.418000000000000094e-01
1.912999999999999978e-01
1.496999999999999997e-01
1.998999999999999944e-01
1.935000000000000053e-01
1.995999999999999996e-01
2.371999999999999942e-01
2.867999999999999994e-01
2.645000000000000129e-01
2.655000000000000138e-01
2.456000000000000127e-01
3.101999999999999758e-01
2.822999999999999954e-01
2.716000000000000081e-01
3.173000000000000265e-01
3.047000000000000264e-01
3.118000000000000216e-01
3.099000000000000088e-01
3.433999999999999830e-01
3.155000000000000027e-01
3.302999999999999825e-01
2.730000000000000204e-01
3.499999999999999778e-01
3.299000000000000266e-01
3.225999999999999979e-01
3.321000000000000063e-01
3.219000000000000195e-01
3.494999999999999774e-01
3.488999999999999879e-01
3.457999999999999963e-01
3.670999999999999819e-01
3.769000000000000128e-01
2.792999999999999927e-01
2.812000000000000055e-01
3.287999999999999812e-01
3.008000000000000118e-01
3.430000000000000271e-01
3.744999999999999996e-01
3.662000000000000255e-01
3.677000000000000268e-01
3.617000000000000215e-01
3.764000000000000123e-01
3.562000000000000166e-01
3.812999999999999723e-01
3.778000000000000247e-01
3.714000000000000079e-01
3.286000000000000032e-01
3.798000000000000265e-01
3.483999999999999875e-01
3.881000000000000005e-01
3.845999999999999974e-01
3.881999999999999895e-01
3.849000000000000199e-01
3.831999999999999851e-01
3.891999999999999904e-01
3.836999999999999855e-01
3.847999999999999754e-01
3.865999999999999992e-01
3.850999999999999979e-01
3.870000000000000107e-01
3.839000000000000190e-01
3.840000000000000080e-01
3.870999999999999996e-01
3.829000000000000181e-01
3.851999999999999869e-01
3.841999999999999860e-01
3.846999999999999864e-01
3.835000000000000075e-01
3.834000000000000186e-01
3.835999999999999965e-01
3.841999999999999860e-01
3.862999999999999767e-01
3.829000000000000181e-01
3.832999999999999741e-01
3.872999999999999776e-01
3.852999999999999758e-01
3.864000000000000212e-01
3.836999999999999855e-01
3.856999999999999873e-01
3.845000000000000084e-01
3.825000000000000067e-01
3.855999999999999983e-01
3.861999999999999877e-01
3.830000000000000071e-01
3.855999999999999983e-01
3.866999999999999882e-01
3.866999999999999882e-01
3.880000000000000115e-01
3.871999999999999886e-01
3.862999999999999767e-01
3.840999999999999970e-01
3.841999999999999860e-01
3.822999999999999732e-01
3.859000000000000208e-01
3.860999999999999988e-01
3.877999999999999781e-01
3.847999999999999754e-01
3.855000000000000093e-01
3.851999999999999869e-01
3.846999999999999864e-01
