1.712161293640136606e+01
3.809627330017089974e+00
2.941506718826293998e+00
3.032739036178588865e+00
2.805872384643554707e+00
2.612614038467407251e+00
2.444112515258789031e+00
2.871425083160400238e+00
2.627166016006469818e+00
2.279672146606445349e+00
2.623249509429931514e+00
2.397821662902832163e+00
2.665619062805175687e+00
2.285153410720825118e+00
2.985825665283202923e+00
3.090949380111694289e+00
2.601268512344360406e+00
2.683574985122680445e+00
2.368017245483398536e+00
2.921453177261352341e+00
2.175482268905639671e+00
2.665302592468261622e+00
2.624665517044067364e+00
2.977333920288085967e+00
2.964275752639770722e+00
2.963652753829955966e+00
2.823740502548217624e+00
2.901915211105346781e+00
2.939303603744507054e+00
3.124592734146118378e+00
2.921560888290405167e+00
2.978088242340088065e+00
3.854360094451904306e+00
3.188775852584838866e+00
3.478841210174560494e+00
4.520902331542968611e+00
3.783461277770995945e+00
5.834222318267822338e+00
4.378342972564697178e+00
4.798890720367431584e+00
4.359763069915771894e+00
5.748981768798827829e+00
4.958604356384276990e+00
4.607339476013183166e+00
5.074730776214599892e+00
4.736828630065917700e+00
5.222711167907714724e+00
4.435435812377929388e+00
4.699422670745849295e+00
4.351376442718505544e+00
4.608312590789794605e+00
4.796657613372802942e+00
4.916401653289795171e+00
4.823633776092528969e+00
4.839508103179931631e+00
4.861334438323974716e+00
4.845355596160888290e+00
4.865949120330810729e+00
4.872460889434814035e+00
4.900733770751952711e+00
4.836341068267822507e+00
4.924496368408203040e+00
4.923363933563232209e+00
4.969055136871338263e+00
4.935580194091796713e+00
4.939162932586669719e+00
4.916954454040527445e+00
4.929018079376220385e+00
4.945585860443115322e+00
4.993483274841308273e+00
4.926233771514892723e+00
4.955080450439453443e+00
4.971334542083740260e+00
5.025442138671874837e+00
4.972014640045165912e+00
4.998474471282959186e+00
4.959801682281494095e+00
4.960891568756103709e+00
4.912228284454346117e+00
4.928411318206786795e+00
4.968221305847167812e+00
4.956877197265624702e+00
5.041645384216308479e+00
4.957220214080810372e+00
4.930048288726806227e+00
4.931951423645019261e+00
4.930656668853759861e+00
4.964797560882568739e+00
4.987889447021484735e+00
4.978202508544922189e+00
4.953728490447997679e+00
4.962667400360107450e+00
4.942730937957763970e+00
4.946405891418456768e+00
4.930514409637451578e+00
4.961400486755371375e+00
4.976275969696044577e+00
4.975446331787109600e+00
5.000815279388427292e+00
5.008688177490234317e+00
