1.000000000000000056e-01
1.185999999999999971e-01
1.494999999999999940e-01
1.223000000000000059e-01
1.537999999999999923e-01
1.708999999999999964e-01
2.308000000000000052e-01
1.978999999999999926e-01
2.136000000000000121e-01
2.511999999999999789e-01
1.904000000000000137e-01
2.391000000000000070e-01
2.023999999999999966e-01
2.751000000000000112e-01
2.016000000000000014e-01
1.928999999999999881e-01
2.661999999999999922e-01
2.656999999999999917e-01
2.570000000000000062e-01
2.272000000000000131e-01
3.242999999999999772e-01
2.777000000000000024e-01
2.680000000000000160e-01
2.497999999999999943e-01
2.596999999999999864e-01
2.727999999999999869e-01
3.150999999999999912e-01
2.957000000000000184e-01
2.979999999999999871e-01
3.138000000000000234e-01
3.346999999999999975e-01
3.226999999999999869e-01
2.356000000000000039e-01
3.423999999999999821e-01
3.358999999999999764e-01
2.998000000000000109e-01
3.311999999999999944e-01
2.634000000000000230e-01
3.180000000000000049e-01
3.306999999999999940e-01
3.499999999999999778e-01
3.024000000000000021e-01
3.048000000000000154e-01
3.341999999999999971e-01
3.291000000000000036e-01
3.478999999999999870e-01
3.274000000000000243e-01
3.519999999999999796e-01
3.511000000000000232e-01
3.764000000000000123e-01
3.649000000000000021e-01
3.533000000000000029e-01
3.502000000000000113e-01
3.548000000000000043e-01
3.544999999999999818e-01
3.553000000000000047e-01
3.568000000000000060e-01
3.548000000000000043e-01
3.548000000000000043e-01
3.551000000000000267e-01
3.577000000000000179e-01
3.551000000000000267e-01
3.546000000000000263e-01
3.518999999999999906e-01
3.548999999999999932e-01
3.552000000000000157e-01
3.567000000000000171e-01
3.563000000000000056e-01
3.522000000000000131e-01
3.537000000000000144e-01
3.583999999999999964e-01
3.573000000000000065e-01
3.548000000000000043e-01
3.533999999999999919e-01
3.556000000000000272e-01
3.552000000000000157e-01
3.575999999999999734e-01
3.565999999999999726e-01
3.579999999999999849e-01
3.579999999999999849e-01
3.561000000000000276e-01
3.551000000000000267e-01
3.529999999999999805e-01
3.577000000000000179e-01
3.564999999999999836e-01
3.582000000000000184e-01
3.582000000000000184e-01
3.572000000000000175e-01
3.557000000000000162e-01
3.554999999999999827e-01
3.575999999999999734e-01
3.573000000000000065e-01
3.568000000000000060e-01
3.580999999999999739e-01
3.570999999999999730e-01
3.573999999999999955e-01
3.572000000000000175e-01
3.557000000000000162e-01
3.559999999999999831e-01
3.554999999999999827e-01
