1.063525128662109438e+02
3.140121674346923797e+00
2.390046516799926746e+00
2.477663636016845583e+00
2.388737243652343967e+00
2.299569205474853550e+00
2.426589423751830843e+00
2.184620118713378911e+00
2.134282915115356616e+00
2.320919944000244151e+00
1.985519258880615201e+00
2.178389994049072076e+00
2.201659089279174975e+00
2.194379480743408273e+00
1.996895838546753010e+00
2.191905604934692331e+00
2.029036746597289831e+00
2.263268061065673908e+00
2.035925617218017791e+00
2.092926690673828194e+00
2.225323091888427918e+00
2.014298442077636864e+00
2.043372884750366048e+00
1.904006505966186591e+00
2.071087485122680594e+00
2.140896258926391571e+00
2.220508956146240109e+00
2.041039887237548811e+00
2.294743840408325131e+00
2.308188291168213002e+00
2.435058993530273330e+00
2.248213253784179688e+00
2.141632589721679469e+00
2.506620723724365174e+00
2.828464072418213071e+00
2.404264049148559401e+00
2.661788828277587893e+00
2.627503806686401155e+00
2.763486366271972638e+00
3.374745286941528200e+00
2.774528931808471821e+00
2.837002906417846582e+00
2.913154830932617401e+00
3.249306531524658315e+00
2.938502204132080298e+00
3.778480158233642694e+00
3.417372459793091011e+00
4.188424598693847756e+00
3.838266138458251930e+00
3.935702841186523582e+00
3.776248123168945092e+00
3.712198925018310725e+00
3.716858410644531041e+00
3.754872537994384807e+00
3.720884098815917973e+00
3.697012886047363445e+00
3.736148419189452952e+00
3.800098730468750130e+00
3.762582366180419857e+00
3.745453559875488114e+00
3.761466863250732207e+00
3.766746775817871207e+00
3.784842290496825967e+00
3.745573943328857514e+00
3.811562152099609246e+00
3.800147440338134786e+00
3.787416934967041016e+00
3.796424330139160030e+00
3.820111190032958959e+00
3.799317510223388705e+00
3.842998916625976591e+00
3.797745682525634603e+00
3.823950589752197260e+00
3.807592730712890727e+00
3.847565962982177901e+00
3.811798850250244008e+00
3.802810401916504102e+00
3.772793434143066449e+00
3.779867601013183531e+00
3.783998172760009826e+00
3.820469927978515479e+00
3.779513865661621175e+00
3.755221389770508011e+00
3.804370223999023359e+00
3.779303858947753891e+00
3.833412719726562390e+00
3.822500935363769337e+00
3.854314535522461060e+00
3.796832003784179843e+00
3.863979937744140614e+00
3.827249981689452962e+00
3.835311447906494031e+00
3.832997492980957155e+00
3.815862054443359241e+00
3.817967882537841806e+00
3.800096899414062701e+00
3.789016170501708913e+00
3.805738755798339756e+00
3.794720374298095500e+00
3.850333840179443357e+00
