4.364497178649902054e+00
2.204047912216186678e+00
1.990386772155761763e+00
1.866707707595825161e+00
1.727368846130371116e+00
1.635962441253662192e+00
1.520468719673156777e+00
1.430833594131469821e+00
1.370401549148559495e+00
1.310984076690673739e+00
1.267322902297973730e+00
1.232846509742736796e+00
1.136993674278259370e+00
1.080628994178771896e+00
1.008576916694641223e+00
9.751012290954589323e-01
9.325374237060546356e-01
9.191630020141601243e-01
8.443879693984985835e-01
8.455365195274352486e-01
8.014789982795715861e-01
7.997096335411071344e-01
7.434082686424254849e-01
7.520469347000121596e-01
7.548268373489379623e-01
7.381227721214294046e-01
7.430258098602294803e-01
7.869858777046203624e-01
8.273019956588745227e-01
8.305462997436523498e-01
8.296876862525940366e-01
8.898790431976317805e-01
9.234471820831299249e-01
9.561407432556152663e-01
9.904724969863891726e-01
1.005927009201049716e+00
9.956610836029052836e-01
9.891207141876220410e-01
9.935441200256347472e-01
1.015064109992980912e+00
1.051901046180724997e+00
1.048076599884033122e+00
1.121259358215332069e+00
1.121571342658996606e+00
1.138349753570556677e+00
1.159886589050292960e+00
1.178241057205200226e+00
1.203027255821228048e+00
1.183777406311035119e+00
1.184132597351074123e+00
1.189223548889160265e+00
1.186642368888854993e+00
1.110073783111572343e+00
9.821055557250976120e-01
9.395197945594787603e-01
9.806135578155517063e-01
1.009751947116851900e+00
1.029083675003051868e+00
1.056889885139465246e+00
1.093539644622802731e+00
1.113170999145507878e+00
1.136119195365905776e+00
1.161355629920959531e+00
1.182224327659606944e+00
1.198139176559448238e+00
1.215452040100097664e+00
1.226279940032958926e+00
1.240134597969055230e+00
1.241116404151916486e+00
1.259174038124084571e+00
1.272762935638427795e+00
1.288170780944824179e+00
1.298024865341186551e+00
1.314919330406189024e+00
1.326238788795471191e+00
1.337889591217040985e+00
1.346220962524414144e+00
1.349105266571045014e+00
1.356762542724609277e+00
1.358926493263244550e+00
1.369708277320861756e+00
1.383644839859008879e+00
1.388061016273498538e+00
1.392462596893310645e+00
1.398676908874511682e+00
1.408085809707641634e+00
1.410641925239562999e+00
1.418165595626831088e+00
1.419057088851928716e+00
1.426876462173461979e+00
1.429602699279785227e+00
1.437144777488708502e+00
1.442668548774719284e+00
1.460039839553832985e+00
1.464117456817626950e+00
1.003319524383544881e+00
8.371363329887390181e-01
9.141656609535216971e-01
9.552351852416992584e-01
1.015168967628478969e+00
