1.183000000000000024e-01
1.910999999999999921e-01
2.051000000000000045e-01
2.275000000000000078e-01
2.202000000000000068e-01
2.548000000000000265e-01
2.109000000000000041e-01
2.647999999999999798e-01
3.004000000000000004e-01
2.636000000000000010e-01
3.038000000000000145e-01
3.125000000000000000e-01
3.518999999999999906e-01
3.305000000000000160e-01
3.375000000000000222e-01
3.433999999999999830e-01
3.206999999999999851e-01
3.105999999999999872e-01
3.564999999999999836e-01
3.175000000000000044e-01
3.296000000000000041e-01
3.634000000000000008e-01
3.472000000000000086e-01
3.709999999999999964e-01
3.575999999999999734e-01
3.371000000000000107e-01
3.761999999999999789e-01
3.584999999999999853e-01
3.821999999999999842e-01
3.862999999999999767e-01
3.578000000000000069e-01
3.831999999999999851e-01
3.860999999999999988e-01
3.930000000000000160e-01
3.672000000000000264e-01
4.064999999999999725e-01
4.042000000000000037e-01
3.926999999999999935e-01
3.821999999999999842e-01
3.841999999999999860e-01
3.981999999999999984e-01
3.698000000000000176e-01
3.961999999999999966e-01
3.967999999999999861e-01
4.067000000000000060e-01
4.008999999999999786e-01
3.986999999999999988e-01
4.051000000000000156e-01
4.005000000000000226e-01
4.041000000000000147e-01
4.040000000000000258e-01
4.032000000000000028e-01
4.052000000000000046e-01
4.030000000000000249e-01
4.033999999999999808e-01
4.050000000000000266e-01
4.038999999999999813e-01
4.005000000000000226e-01
4.057000000000000051e-01
4.032000000000000028e-01
4.064999999999999725e-01
4.062999999999999945e-01
4.050000000000000266e-01
4.045000000000000262e-01
4.060000000000000275e-01
4.045000000000000262e-01
4.031000000000000139e-01
4.011000000000000121e-01
4.031000000000000139e-01
4.037000000000000033e-01
4.043999999999999817e-01
4.027999999999999914e-01
4.052999999999999936e-01
4.032000000000000028e-01
4.045000000000000262e-01
4.038999999999999813e-01
4.040000000000000258e-01
4.030000000000000249e-01
4.022000000000000020e-01
4.050000000000000266e-01
4.018999999999999795e-01
4.027999999999999914e-01
4.045000000000000262e-01
4.045000000000000262e-01
4.042000000000000037e-01
4.042000000000000037e-01
4.047999999999999932e-01
4.047000000000000042e-01
4.046000000000000152e-01
4.061000000000000165e-01
4.064999999999999725e-01
4.057999999999999940e-01
4.056000000000000161e-01
4.051000000000000156e-01
4.062999999999999945e-01
4.067000000000000060e-01
4.067999999999999949e-01
4.037999999999999923e-01
4.042000000000000037e-01
4.052999999999999936e-01
