4.364497227478027597e+00
2.204047832489013814e+00
1.990386698913574115e+00
1.866707707595825161e+00
1.727368818473815848e+00
1.635962420082092361e+00
1.520468777465820320e+00
1.430833611679077189e+00
1.370401640701293999e+00
1.310984095001220595e+00
1.267322844505309964e+00
1.232846574020385777e+00
1.136993664932250958e+00
1.080628966903686594e+00
1.008576891899108929e+00
9.751012783050536648e-01
9.325373838424683148e-01
9.191630081176758171e-01
8.443879302978515300e-01
8.455365304946899085e-01
8.014790153503418280e-01
7.997097389221191621e-01
7.434082427978515595e-01
7.520469469070434343e-01
7.548268727302551717e-01
7.381228324890136694e-01
7.430257606506347479e-01
7.869860087394714432e-01
8.273017975807189783e-01
8.305462832450867250e-01
8.296877657890320279e-01
8.898790869712829288e-01
9.234471309661864691e-01
9.561408483505249301e-01
9.904725378036498551e-01
1.005927115058898869e+00
9.956610752105712336e-01
9.891207445144652999e-01
9.935440778732299583e-01
1.015064103698730458e+00
1.051900964927673376e+00
1.048076664733886609e+00
1.121259353256225610e+00
1.121571510696411034e+00
1.138349768447876054e+00
1.159886590576171939e+00
1.178240898132324244e+00
1.203027235031127962e+00
1.183777250862121599e+00
1.184132585144042960e+00
1.189223469161987401e+00
1.186642414855957117e+00
1.110073568534851063e+00
9.821056936264037640e-01
9.395199865341186118e-01
9.806134935379028361e-01
1.009751983737945613e+00
1.029083596229553255e+00
1.056889873313903827e+00
1.093539732933044517e+00
1.113170842552185125e+00
1.136119322013855015e+00
1.161355662536621036e+00
1.182224378585815527e+00
1.198139235496521016e+00
1.215452053451538061e+00
1.226279651451110730e+00
1.240134540557861431e+00
1.241116418075561612e+00
1.259174170303344775e+00
1.272762947845458958e+00
1.288170782089233413e+00
1.298024888610839866e+00
1.314919357681274326e+00
1.326238756561279208e+00
1.337889600563049397e+00
1.346220863151550207e+00
1.349105380058288617e+00
1.356762574768066498e+00
1.358926593399047755e+00
1.369708299446106059e+00
1.383644812583923356e+00
1.388060738372802749e+00
1.392462542915344326e+00
1.398677129173278910e+00
1.408085937118530362e+00
1.410641973686218353e+00
1.418165481376647996e+00
1.419057072067260838e+00
1.426876333236694272e+00
1.429602960205078155e+00
1.437145013236999613e+00
1.442668967628478960e+00
1.460039684486389211e+00
1.464117109680175721e+00
1.003319527626037599e+00
8.371363952636718953e-01
9.141656457901000676e-01
9.552350078582764192e-01
1.015169087600708009e+00
