4.364497007751464430e+00
2.204047893524169854e+00
1.990386713600158730e+00
1.866707747459411593e+00
1.727368836402892960e+00
1.635962398529052786e+00
1.520468686294555560e+00
1.430833636474609483e+00
1.370401610183715757e+00
1.310984103965759262e+00
1.267322880744934155e+00
1.232846574401855522e+00
1.136993722724914502e+00
1.080628981971740732e+00
1.008576870727539099e+00
9.751013151168823612e-01
9.325374113082885996e-01
9.191629867553711142e-01
8.443879575729370535e-01
8.455365653038025009e-01
8.014791307449340430e-01
7.997096301078796543e-01
7.434083408355712796e-01
7.520469485282897937e-01
7.548268599510192800e-01
7.381228660583496470e-01
7.430257144927978619e-01
7.869859044075012688e-01
8.273019289016723121e-01
8.305463111877441351e-01
8.296877514839172685e-01
8.898789551734924697e-01
9.234471605300903496e-01
9.561408624649048171e-01
9.904724338531494254e-01
1.005927128601074250e+00
9.956611909866333043e-01
9.891206588745117267e-01
9.935439943313598699e-01
1.015064028167724564e+00
1.051900966644287116e+00
1.048076634979248078e+00
1.121259397315979012e+00
1.121571498107910125e+00
1.138349932861328018e+00
1.159886830711364780e+00
1.178240975189208894e+00
1.203027222061157309e+00
1.183777088165283153e+00
1.184132529830932645e+00
1.189223325920105045e+00
1.186642366790771508e+00
1.110073839759826653e+00
9.821056381225585774e-01
9.395198726654052646e-01
9.806133242607116829e-01
1.009751870250702011e+00
1.029083664894103967e+00
1.056889813804626543e+00
1.093539671325683527e+00
1.113170955657958983e+00
1.136119207763671923e+00
1.161355868530273394e+00
1.182224429512023889e+00
1.198139196968078579e+00
1.215452071380615173e+00
1.226279870796203708e+00
1.240134505653381458e+00
1.241116406249999971e+00
1.259173901367187431e+00
1.272762882804870710e+00
1.288170819091796870e+00
1.298025156784057721e+00
1.314919386482238828e+00
1.326238920593261650e+00
1.337889481353759846e+00
1.346220900726318392e+00
1.349105353546142583e+00
1.356762639617919985e+00
1.358926686096191494e+00
1.369708326721191360e+00
1.383644546318054225e+00
1.388060754585266121e+00
1.392462625503539941e+00
1.398677168846130359e+00
1.408085833358764694e+00
1.410641813659667898e+00
1.418165626525878853e+00
1.419056992340087975e+00
1.426876474380493143e+00
1.429602644920349164e+00
1.437144836997985786e+00
1.442668641662597562e+00
1.460039772033691508e+00
1.464117470932006837e+00
1.003319414138793997e+00
8.371364011764526047e-01
9.141656199455261422e-01
9.552349958419800169e-01
1.015169042015075629e+00
