1.195999999999999980e-01
1.958999999999999908e-01
2.291999999999999871e-01
2.497000000000000053e-01
2.310999999999999999e-01
2.666999999999999926e-01
2.970999999999999752e-01
2.682999999999999829e-01
2.857999999999999985e-01
3.139000000000000123e-01
3.109999999999999987e-01
3.438999999999999835e-01
3.487000000000000099e-01
3.375000000000000222e-01
3.439999999999999725e-01
3.553000000000000047e-01
3.229000000000000203e-01
3.684000000000000052e-01
4.079999999999999738e-01
3.857999999999999763e-01
4.073999999999999844e-01
3.951000000000000068e-01
4.093999999999999861e-01
3.935000000000000164e-01
3.417999999999999927e-01
4.138999999999999901e-01
4.061000000000000165e-01
4.008999999999999786e-01
3.885000000000000120e-01
4.219999999999999862e-01
4.369000000000000106e-01
4.391999999999999793e-01
4.375000000000000000e-01
4.452999999999999736e-01
4.524000000000000243e-01
4.335999999999999854e-01
4.393000000000000238e-01
4.329999999999999960e-01
4.267000000000000237e-01
4.486999999999999877e-01
4.549000000000000266e-01
4.541000000000000036e-01
4.466999999999999860e-01
4.275999999999999801e-01
4.304000000000000048e-01
4.506999999999999895e-01
4.200999999999999734e-01
4.373000000000000220e-01
4.465999999999999970e-01
4.398000000000000242e-01
4.576999999999999957e-01
4.600000000000000200e-01
4.602999999999999869e-01
4.595000000000000195e-01
4.596000000000000085e-01
4.616999999999999993e-01
4.602999999999999869e-01
4.606000000000000094e-01
4.616000000000000103e-01
4.590000000000000191e-01
4.627000000000000002e-01
4.621999999999999997e-01
4.608999999999999764e-01
4.618999999999999773e-01
4.607999999999999874e-01
4.607999999999999874e-01
4.622999999999999887e-01
4.621999999999999997e-01
4.623999999999999777e-01
4.640000000000000235e-01
4.635000000000000231e-01
4.636000000000000121e-01
4.611999999999999988e-01
4.632000000000000006e-01
4.630000000000000226e-01
4.631000000000000116e-01
4.642000000000000015e-01
4.631000000000000116e-01
4.627000000000000002e-01
4.631000000000000116e-01
4.645000000000000240e-01
4.645000000000000240e-01
4.632000000000000006e-01
4.640000000000000235e-01
4.645000000000000240e-01
4.637000000000000011e-01
4.632999999999999896e-01
4.647999999999999909e-01
4.641000000000000125e-01
4.645000000000000240e-01
4.637999999999999901e-01
4.635000000000000231e-01
4.632999999999999896e-01
4.635000000000000231e-01
4.636000000000000121e-01
4.652000000000000024e-01
4.657999999999999918e-01
4.632000000000000006e-01
4.633999999999999786e-01
4.631000000000000116e-01
