4.364496848297118703e+00
2.204047893524169854e+00
1.990386677360534762e+00
1.866707710456848135e+00
1.727368860816955509e+00
1.635962483978271376e+00
1.520468716430664058e+00
1.430833609199523959e+00
1.370401525115966690e+00
1.310984116554260170e+00
1.267322914505004894e+00
1.232846592712402378e+00
1.136993640518188409e+00
1.080629021835327164e+00
1.008576904487609838e+00
9.751012752532959293e-01
9.325374361038207827e-01
9.191629989624023889e-01
8.443879012107848858e-01
8.455364664077759107e-01
8.014790743827819863e-01
7.997096734046935662e-01
7.434082309722900295e-01
7.520469318389892965e-01
7.548267726898193475e-01
7.381228426933288400e-01
7.430258277893065921e-01
7.869860372543334703e-01
8.273016795158386616e-01
8.305462388992309597e-01
8.296877076148986285e-01
8.898790094375610416e-01
9.234472980499267569e-01
9.561407247543335375e-01
9.904725738525390621e-01
1.005927042198181187e+00
9.956610677719116564e-01
9.891207229614258356e-01
9.935439247131347962e-01
1.015063896942138610e+00
1.051901024055480915e+00
1.048076612854003997e+00
1.121259407043456946e+00
1.121571485900878962e+00
1.138349765396118096e+00
1.159886683845519961e+00
1.178240956497192293e+00
1.203027283477783094e+00
1.183777233886718738e+00
1.184132660102844348e+00
1.189223588562011713e+00
1.186642360687255815e+00
1.110073792076110788e+00
9.821055959701537885e-01
9.395198387145996533e-01
9.806134166717529466e-01
1.009751900672912539e+00
1.029083378410339256e+00
1.056889834785461391e+00
1.093539659309387124e+00
1.113170877456665098e+00
1.136119041442871014e+00
1.161355559158325113e+00
1.182224525451660124e+00
1.198139078521728518e+00
1.215451960372924800e+00
1.226279895591735780e+00
1.240134702491760166e+00
1.241116363143920820e+00
1.259174105453491288e+00
1.272762826538085923e+00
1.288170839118957467e+00
1.298024820327758899e+00
1.314919392585754299e+00
1.326238859176635643e+00
1.337889599800109908e+00
1.346221268463134724e+00
1.349105400848388703e+00
1.356762716865539620e+00
1.358926509094238178e+00
1.369708355140686118e+00
1.383644888687133756e+00
1.388060938835144142e+00
1.392462482261657808e+00
1.398677144432067809e+00
1.408085987663268979e+00
1.410641789627075093e+00
1.418165596008300833e+00
1.419057018852233787e+00
1.426876411247253396e+00
1.429602622985839844e+00
1.437144721412658699e+00
1.442668815422058159e+00
1.460039860343933071e+00
1.464117364883422923e+00
1.003319407844543543e+00
8.371362654685974292e-01
9.141656372070312564e-01
9.552350563049316623e-01
1.015168930053711005e+00
