1.079999999999999988e-01
1.897000000000000075e-01
2.172000000000000042e-01
2.447999999999999898e-01
2.899999999999999800e-01
2.933999999999999941e-01
2.954999999999999849e-01
3.125000000000000000e-01
2.676000000000000045e-01
3.271999999999999909e-01
3.302999999999999825e-01
3.380000000000000226e-01
3.478999999999999870e-01
3.464999999999999747e-01
3.493999999999999884e-01
3.366999999999999993e-01
3.598000000000000087e-01
3.546000000000000263e-01
3.469999999999999751e-01
3.585999999999999743e-01
3.950000000000000178e-01
3.683000000000000163e-01
3.753000000000000225e-01
3.814000000000000168e-01
4.017999999999999905e-01
3.815999999999999948e-01
3.845000000000000084e-01
4.228999999999999981e-01
3.906000000000000028e-01
3.819000000000000172e-01
4.124999999999999778e-01
3.743000000000000216e-01
3.805000000000000049e-01
4.047000000000000042e-01
3.844000000000000195e-01
3.714999999999999969e-01
3.845000000000000084e-01
3.925000000000000155e-01
3.830999999999999961e-01
3.963999999999999746e-01
4.057999999999999940e-01
3.941999999999999948e-01
3.942999999999999838e-01
3.855000000000000093e-01
3.866999999999999882e-01
4.017999999999999905e-01
3.998999999999999777e-01
4.020000000000000240e-01
4.183999999999999941e-01
4.092999999999999972e-01
4.097999999999999976e-01
4.101000000000000201e-01
4.112999999999999989e-01
4.123999999999999888e-01
4.102000000000000091e-01
4.109999999999999765e-01
4.117000000000000104e-01
4.118999999999999884e-01
4.113999999999999879e-01
4.122999999999999998e-01
4.124999999999999778e-01
4.124999999999999778e-01
4.124999999999999778e-01
4.122999999999999998e-01
4.138999999999999901e-01
4.122999999999999998e-01
4.131000000000000227e-01
4.113999999999999879e-01
4.134999999999999787e-01
4.119999999999999774e-01
4.132000000000000117e-01
4.122999999999999998e-01
4.147000000000000131e-01
4.128999999999999893e-01
4.134999999999999787e-01
4.128000000000000003e-01
4.124999999999999778e-01
4.128000000000000003e-01
4.106000000000000205e-01
4.108999999999999875e-01
4.133999999999999897e-01
4.133000000000000007e-01
4.119999999999999774e-01
4.123999999999999888e-01
4.134999999999999787e-01
4.133000000000000007e-01
4.127000000000000113e-01
4.114999999999999769e-01
4.117000000000000104e-01
4.126000000000000223e-01
4.124999999999999778e-01
4.121000000000000218e-01
4.127000000000000113e-01
4.117000000000000104e-01
4.128999999999999893e-01
4.118999999999999884e-01
4.128999999999999893e-01
4.129999999999999782e-01
4.137000000000000122e-01
4.138999999999999901e-01
