1.373999999999999944e-01
1.582999999999999963e-01
1.522000000000000020e-01
1.509999999999999953e-01
1.743999999999999995e-01
1.831000000000000127e-01
2.003999999999999948e-01
2.275000000000000078e-01
2.343999999999999972e-01
2.464999999999999969e-01
2.247000000000000108e-01
2.667999999999999816e-01
2.622999999999999776e-01
2.419999999999999929e-01
2.544000000000000150e-01
2.933000000000000052e-01
3.057000000000000273e-01
2.675000000000000155e-01
2.852000000000000091e-01
3.274000000000000243e-01
2.881000000000000227e-01
2.849999999999999756e-01
3.052000000000000268e-01
3.331999999999999962e-01
3.528999999999999915e-01
2.902000000000000135e-01
3.224000000000000199e-01
3.316999999999999948e-01
2.619000000000000217e-01
3.068000000000000171e-01
3.336000000000000076e-01
3.435000000000000275e-01
3.306000000000000050e-01
2.944999999999999840e-01
2.918000000000000038e-01
3.412000000000000033e-01
3.316999999999999948e-01
3.286999999999999922e-01
3.271999999999999909e-01
3.332999999999999852e-01
3.469999999999999751e-01
3.321000000000000063e-01
3.366999999999999993e-01
3.491000000000000214e-01
3.371999999999999997e-01
3.493999999999999884e-01
3.578999999999999959e-01
3.563999999999999946e-01
3.548000000000000043e-01
3.476000000000000201e-01
3.522000000000000131e-01
3.518000000000000016e-01
3.516000000000000236e-01
3.503999999999999893e-01
3.543999999999999928e-01
3.548000000000000043e-01
3.561000000000000276e-01
3.553000000000000047e-01
3.536000000000000254e-01
3.584999999999999853e-01
3.588000000000000078e-01
3.563999999999999946e-01
3.548000000000000043e-01
3.552000000000000157e-01
3.585999999999999743e-01
3.551000000000000267e-01
3.553999999999999937e-01
3.547000000000000153e-01
3.544999999999999818e-01
3.543000000000000038e-01
3.554999999999999827e-01
3.553000000000000047e-01
3.551000000000000267e-01
3.569999999999999840e-01
3.562000000000000166e-01
3.551000000000000267e-01
3.523999999999999910e-01
3.537000000000000144e-01
3.564999999999999836e-01
3.536000000000000254e-01
3.562000000000000166e-01
3.562000000000000166e-01
3.536000000000000254e-01
3.536000000000000254e-01
3.549999999999999822e-01
3.565999999999999726e-01
3.567000000000000171e-01
3.533000000000000029e-01
3.549999999999999822e-01
3.541000000000000258e-01
3.553999999999999937e-01
3.538999999999999924e-01
3.528999999999999915e-01
3.533999999999999919e-01
3.556000000000000272e-01
3.546000000000000263e-01
3.537000000000000144e-01
3.538999999999999924e-01
3.548999999999999932e-01
3.558000000000000052e-01
