3.217098033142089974e+00
2.584327504730224767e+00
2.415278318405151392e+00
2.257513354873657008e+00
2.293544029998779266e+00
2.238458457565307480e+00
2.149264733886718570e+00
2.003409019851684736e+00
1.997791014480590821e+00
2.144452988815307659e+00
1.826772356605529835e+00
2.047372606277465756e+00
1.835653789138793845e+00
1.957315834045410208e+00
1.785704267883300833e+00
1.929655543899536196e+00
1.819799473190307548e+00
2.105663190460205225e+00
1.996075105667114213e+00
2.123171808624267687e+00
2.052856019973754886e+00
2.379132677459717016e+00
2.034205873870849501e+00
2.779762661743164109e+00
2.556189259338379038e+00
2.371614489364624045e+00
2.760862907409667777e+00
3.321585356903076214e+00
3.182716051101684762e+00
3.079574129486084111e+00
3.145600697708129889e+00
3.671867213439941491e+00
3.523667388916015497e+00
4.087228199768066617e+00
3.294487979125976462e+00
3.643346886444091659e+00
3.343184954833984257e+00
3.533405418777465723e+00
3.456757908248901501e+00
3.658007959747314519e+00
3.680488409423828156e+00
3.549933640670776214e+00
3.741675154113769608e+00
3.466959246826172070e+00
3.827874993896484224e+00
3.820888794708252156e+00
3.452789716720581215e+00
3.917545933532714741e+00
3.244861113739013536e+00
3.290564131164550599e+00
3.405737363052367961e+00
3.327012820053100395e+00
3.364712562942504981e+00
3.309775204467773513e+00
3.314629054260254115e+00
3.364419137954711925e+00
3.339473720169067406e+00
3.368620240402221633e+00
3.358789695739746062e+00
3.331376425170898603e+00
3.310269334030151445e+00
3.347451083374023639e+00
3.347822780227660999e+00
3.316629260253906253e+00
3.351180861282348822e+00
3.349336758422851723e+00
3.354479467010498261e+00
3.335047694015502717e+00
3.349334487152099804e+00
3.334297335815429530e+00
3.339543055725097798e+00
3.305760654449462876e+00
3.301454522705077999e+00
3.313671032714843534e+00
3.290627799606323123e+00
3.295724444580077961e+00
3.285538047027587893e+00
3.309546506118774545e+00
3.313627392578124997e+00
3.287151165008544762e+00
3.335138903045654413e+00
3.322644983673095798e+00
3.352484280395507721e+00
3.335831883621215965e+00
3.318798353576660087e+00
3.308008024978637884e+00
3.316885743331908998e+00
3.322251059722900468e+00
3.307561886978149346e+00
3.280878743743896653e+00
3.312499339294433742e+00
3.300039161682128963e+00
3.301137405014038073e+00
3.295446691131591610e+00
3.327004013061523491e+00
3.343685745239257656e+00
3.346175720596313408e+00
3.330817603302001828e+00
3.303554623413086144e+00
3.347846301651001166e+00
