1.524999999999999967e-01
1.895000000000000018e-01
1.688000000000000056e-01
2.419999999999999929e-01
2.366000000000000048e-01
2.401999999999999968e-01
2.752000000000000002e-01
2.897000000000000131e-01
2.955999999999999739e-01
2.800000000000000266e-01
3.587000000000000188e-01
3.390000000000000235e-01
3.482999999999999985e-01
3.486000000000000210e-01
3.750000000000000000e-01
3.678000000000000158e-01
3.724000000000000088e-01
3.565999999999999726e-01
3.815999999999999948e-01
3.660999999999999810e-01
3.916999999999999926e-01
3.637000000000000233e-01
4.012000000000000011e-01
3.578999999999999959e-01
3.986999999999999988e-01
4.131000000000000227e-01
3.849000000000000199e-01
3.896000000000000019e-01
4.104999999999999760e-01
4.192000000000000171e-01
4.156000000000000250e-01
4.212000000000000188e-01
4.067000000000000060e-01
4.066000000000000170e-01
4.151000000000000245e-01
4.187000000000000166e-01
4.313000000000000167e-01
4.284999999999999920e-01
4.334000000000000075e-01
4.324000000000000066e-01
4.274999999999999911e-01
4.324000000000000066e-01
4.248000000000000109e-01
4.415999999999999925e-01
4.195999999999999730e-01
4.223000000000000087e-01
4.169999999999999818e-01
4.017999999999999905e-01
4.365999999999999881e-01
4.393000000000000238e-01
4.429000000000000159e-01
4.451999999999999846e-01
4.480000000000000093e-01
4.497999999999999776e-01
4.470000000000000084e-01
4.477999999999999758e-01
4.470000000000000084e-01
4.455999999999999961e-01
4.460999999999999965e-01
4.484000000000000208e-01
4.480000000000000093e-01
4.460000000000000075e-01
4.480000000000000093e-01
4.509000000000000230e-01
4.489000000000000212e-01
4.471999999999999864e-01
4.485999999999999988e-01
4.496999999999999886e-01
4.501000000000000001e-01
4.485999999999999988e-01
4.511999999999999900e-01
4.506999999999999895e-01
4.495999999999999996e-01
4.492999999999999772e-01
4.499000000000000221e-01
4.480000000000000093e-01
4.506999999999999895e-01
4.494000000000000217e-01
4.491999999999999882e-01
4.506999999999999895e-01
4.486999999999999877e-01
4.501000000000000001e-01
4.476999999999999869e-01
4.504000000000000226e-01
4.490999999999999992e-01
4.484000000000000208e-01
4.480000000000000093e-01
4.499000000000000221e-01
4.480000000000000093e-01
4.512999999999999790e-01
4.504000000000000226e-01
4.504000000000000226e-01
4.497999999999999776e-01
4.501999999999999891e-01
4.501000000000000001e-01
4.492999999999999772e-01
4.500000000000000111e-01
4.516999999999999904e-01
4.490000000000000102e-01
4.486999999999999877e-01
