1.193971080169677812e+01
2.494058974075317181e+00
2.448955838012695452e+00
2.383627745819091981e+00
2.396722116470336950e+00
2.194132758331298838e+00
2.438476764297485389e+00
2.155230180358886916e+00
2.036051794242859092e+00
1.944040130615234396e+00
2.185209557723998941e+00
2.047945208740234335e+00
2.007236614799499552e+00
1.899479043388366595e+00
2.055313734054565522e+00
1.944350781250000049e+00
2.153527003479003721e+00
1.970165284156799368e+00
1.927557677841186479e+00
2.383939125061035114e+00
2.154165975570678793e+00
2.154532263183593699e+00
2.297502001190185439e+00
2.468324193954467560e+00
3.044463270950317213e+00
2.889630954360961734e+00
2.727556240844726698e+00
2.646390573501586907e+00
3.922895242309570207e+00
3.658660124588012597e+00
3.313510623931884780e+00
3.443341409301758027e+00
3.025282118988037006e+00
3.177941146469116074e+00
4.077569650268555002e+00
4.099176595306396109e+00
3.224214616012573309e+00
3.794891348266601572e+00
3.906440413665771327e+00
3.551500645828247205e+00
3.887899778747558432e+00
3.560373011398315413e+00
3.805640850067138814e+00
3.751323332214355322e+00
3.674476988601684369e+00
3.745031912994384982e+00
3.778770298767089919e+00
3.439038771438598818e+00
3.821047731018066607e+00
3.427404361724853299e+00
3.502154039001464714e+00
3.490984951782226453e+00
3.491308635330200083e+00
3.516338860321044812e+00
3.490584962844848427e+00
3.503238534927368253e+00
3.449191571426391434e+00
3.480890792846679904e+00
3.472643516921996909e+00
3.457954451370239379e+00
3.452725359344482214e+00
3.476096574401855488e+00
3.473704702758789065e+00
3.451691725921630649e+00
3.426848493957519448e+00
3.469137227630615161e+00
3.442127199935912873e+00
3.471996761703491252e+00
3.454882861709594799e+00
3.432680596542358575e+00
3.438414932250976719e+00
3.430504263305663937e+00
3.417135678863525428e+00
3.425408758163452028e+00
3.458220429992675982e+00
3.476336148834228368e+00
3.443516831207275253e+00
3.457477869796752756e+00
3.432509249877929491e+00
3.412701559066772639e+00
3.437207469177246288e+00
3.439769751739501835e+00
3.459271936798095748e+00
3.464721562194824411e+00
3.437118972778320458e+00
3.445922702407836713e+00
3.436435380935669137e+00
3.446825552749633648e+00
3.458998047256469643e+00
3.442542838287353302e+00
3.443360895156860391e+00
3.441861560440063528e+00
3.435134787368774312e+00
3.439900375366210739e+00
3.447490756225585873e+00
3.459477870178222503e+00
3.418789984130859327e+00
3.424435832214355546e+00
3.450537304687499862e+00
3.443304520416259784e+00
