1.346999999999999864e-01
1.610999999999999932e-01
1.688999999999999946e-01
2.204000000000000126e-01
2.101999999999999980e-01
2.411999999999999977e-01
2.338000000000000078e-01
2.610000000000000098e-01
3.151999999999999802e-01
3.104000000000000092e-01
2.832000000000000073e-01
2.988999999999999990e-01
3.064000000000000057e-01
3.529999999999999805e-01
3.385000000000000231e-01
3.529999999999999805e-01
3.425000000000000266e-01
3.549999999999999822e-01
3.734000000000000097e-01
3.336000000000000076e-01
3.638000000000000123e-01
3.764000000000000123e-01
3.674999999999999933e-01
3.720999999999999863e-01
3.580999999999999739e-01
3.993999999999999773e-01
3.907999999999999807e-01
4.174999999999999822e-01
3.612000000000000210e-01
3.824000000000000177e-01
3.894000000000000239e-01
4.003999999999999782e-01
4.295999999999999819e-01
4.257000000000000228e-01
3.931999999999999940e-01
3.866999999999999882e-01
4.320999999999999841e-01
4.099999999999999756e-01
4.164999999999999813e-01
4.139999999999999791e-01
4.171000000000000263e-01
4.270999999999999797e-01
4.192000000000000171e-01
4.213000000000000078e-01
4.218000000000000083e-01
4.203999999999999959e-01
4.168000000000000038e-01
4.264999999999999902e-01
4.097999999999999976e-01
4.234999999999999876e-01
4.270999999999999797e-01
4.254000000000000004e-01
4.255999999999999783e-01
4.243999999999999995e-01
4.265999999999999792e-01
4.270999999999999797e-01
4.310999999999999832e-01
4.285999999999999810e-01
4.287000000000000255e-01
4.313000000000000167e-01
4.308000000000000163e-01
4.288000000000000145e-01
4.283000000000000140e-01
4.293000000000000149e-01
4.334999999999999964e-01
4.299000000000000044e-01
4.314000000000000057e-01
4.295999999999999819e-01
4.304000000000000048e-01
4.329999999999999960e-01
4.300999999999999823e-01
4.293000000000000149e-01
4.344000000000000083e-01
4.326999999999999735e-01
4.303000000000000158e-01
4.283000000000000140e-01
4.302000000000000268e-01
4.293000000000000149e-01
4.300999999999999823e-01
4.321999999999999731e-01
4.308000000000000163e-01
4.305999999999999828e-01
4.273000000000000131e-01
4.300999999999999823e-01
4.312000000000000277e-01
4.304999999999999938e-01
4.298000000000000154e-01
4.299000000000000044e-01
4.295999999999999819e-01
4.309999999999999942e-01
4.313000000000000167e-01
4.302000000000000268e-01
4.299999999999999933e-01
4.299000000000000044e-01
4.295999999999999819e-01
4.277000000000000246e-01
4.312000000000000277e-01
4.313000000000000167e-01
4.294000000000000039e-01
4.304000000000000048e-01
