2.112094337463378935e+01
4.789696526336669535e+00
4.553260736846923784e+00
4.663065333557129044e+00
4.881937214660644564e+00
4.088445372772216757e+00
4.305011416625976750e+00
4.115598228454589780e+00
4.010002076721191244e+00
4.812231388092040874e+00
4.081341784286498964e+00
4.279277090454101540e+00
3.728749086380005018e+00
4.251170447540283170e+00
4.057980373382568118e+00
3.738930811691284273e+00
4.164678577423095440e+00
4.021178720092773773e+00
3.990999772262573408e+00
4.088560341644287277e+00
3.909520277404785027e+00
3.866151303482055823e+00
4.304060803985596095e+00
5.047731362152099166e+00
4.162845860290527611e+00
4.171440293884277395e+00
3.822117816162109438e+00
4.418690985870361132e+00
5.056914472198486443e+00
4.975018450927734648e+00
4.554489640045166432e+00
5.504872264862060938e+00
4.274366209793091009e+00
5.480710562133789487e+00
5.174303908538818497e+00
4.958351131439209247e+00
6.258125299835205269e+00
4.951951382446289074e+00
5.153244810485840155e+00
5.443351773834228524e+00
5.021282644653320304e+00
5.265430880737304697e+00
5.365484704589843723e+00
5.736872685241698910e+00
4.671256562042236382e+00
4.937971260070800561e+00
5.265537984466552857e+00
5.258079431152343552e+00
5.129380096435546932e+00
5.369196438598632604e+00
5.115993347167968608e+00
5.053766692352295031e+00
5.049898821258544501e+00
5.048218963623046562e+00
5.013384287261962946e+00
5.032785316467284886e+00
5.040154313659668261e+00
5.016536846160888352e+00
4.995274798583984044e+00
5.011782802581786989e+00
5.031488833618164236e+00
5.042099459838866871e+00
5.037235843658447010e+00
4.999160590362548895e+00
5.027448110961914018e+00
5.002825140380859459e+00
5.071187821197510104e+00
5.002566232299805016e+00
5.002351023864745727e+00
5.046481604003906440e+00
5.067260331726074263e+00
5.045662883758544659e+00
5.055701844024658165e+00
5.103775994873046784e+00
5.079283347320556530e+00
5.077393856048583842e+00
5.062714768981933844e+00
5.096631795501709306e+00
5.049243849182128763e+00
5.020014082336425432e+00
5.038968977355956724e+00
5.063252576446533482e+00
5.082755548095702736e+00
5.095777323150635141e+00
5.059442177581787270e+00
5.052029465484618953e+00
5.095995619964599932e+00
5.004495721435547217e+00
5.044053984069824637e+00
5.058641016387939615e+00
5.092104425811767143e+00
4.990025498199463172e+00
5.007932347869872736e+00
5.061986095428467003e+00
4.995694437408447541e+00
5.006963977813720490e+00
5.043004639434814251e+00
5.099626972198485930e+00
4.997079279327392598e+00
5.054224568939209128e+00
