1.165999999999999953e-01
1.922999999999999987e-01
1.991999999999999882e-01
2.298000000000000043e-01
2.170999999999999874e-01
3.015999999999999792e-01
3.065999999999999837e-01
3.189000000000000168e-01
2.917000000000000148e-01
2.849999999999999756e-01
3.290000000000000147e-01
3.266000000000000014e-01
3.598000000000000087e-01
3.363999999999999768e-01
3.296999999999999931e-01
3.706999999999999740e-01
3.471000000000000196e-01
3.899000000000000243e-01
3.799000000000000155e-01
3.880000000000000115e-01
3.926999999999999935e-01
4.168999999999999928e-01
3.876000000000000001e-01
3.770999999999999908e-01
4.093999999999999861e-01
4.025000000000000244e-01
4.389000000000000123e-01
4.132000000000000117e-01
4.164999999999999813e-01
4.188999999999999946e-01
4.186000000000000276e-01
3.845000000000000084e-01
4.152000000000000135e-01
4.174999999999999822e-01
4.157000000000000139e-01
4.194999999999999840e-01
3.738000000000000211e-01
4.235999999999999766e-01
4.287000000000000255e-01
4.279999999999999916e-01
4.111000000000000210e-01
4.139999999999999791e-01
4.138999999999999901e-01
3.950000000000000178e-01
4.295999999999999819e-01
4.212000000000000188e-01
4.218999999999999972e-01
4.243999999999999995e-01
4.356999999999999762e-01
4.364999999999999991e-01
4.435000000000000053e-01
4.474000000000000199e-01
4.460999999999999965e-01
4.469000000000000195e-01
4.480999999999999983e-01
4.477999999999999758e-01
4.474000000000000199e-01
4.481999999999999873e-01
4.490999999999999992e-01
4.480999999999999983e-01
4.470000000000000084e-01
4.471999999999999864e-01
4.470999999999999974e-01
4.477999999999999758e-01
4.474000000000000199e-01
4.469000000000000195e-01
4.460999999999999965e-01
4.480000000000000093e-01
4.470999999999999974e-01
4.465999999999999970e-01
4.475999999999999979e-01
4.465000000000000080e-01
4.455999999999999961e-01
4.437999999999999723e-01
4.449000000000000177e-01
4.441999999999999837e-01
4.455999999999999961e-01
4.446999999999999842e-01
4.479000000000000203e-01
4.471999999999999864e-01
4.486999999999999877e-01
4.465999999999999970e-01
4.460000000000000075e-01
4.444000000000000172e-01
4.459000000000000186e-01
4.475999999999999979e-01
4.460000000000000075e-01
4.474000000000000199e-01
4.467999999999999750e-01
4.452999999999999736e-01
4.452999999999999736e-01
4.476999999999999869e-01
4.471999999999999864e-01
4.450000000000000067e-01
4.491999999999999882e-01
4.471999999999999864e-01
4.462999999999999745e-01
4.445000000000000062e-01
4.485999999999999988e-01
4.455999999999999961e-01
