4.364497032165527202e+00
2.204047863388061579e+00
1.990386713600158730e+00
1.866707713699340854e+00
1.727368876647949136e+00
1.635962438011169473e+00
1.520468738365173378e+00
1.430833609199523959e+00
1.370401580047607482e+00
1.310984057998657137e+00
1.267322899055481011e+00
1.232846528434753397e+00
1.136993649864196820e+00
1.080628979492187502e+00
1.008576907539367573e+00
9.751012813568115112e-01
9.325374265670776097e-01
9.191629837036132677e-01
8.443879114151000564e-01
8.455365351676941144e-01
8.014790546417236428e-01
7.997096805572510014e-01
7.434082094192504542e-01
7.520469029426575247e-01
7.548268497467041094e-01
7.381227786064148422e-01
7.430258310317993109e-01
7.869860392570495744e-01
8.273018579483032431e-01
8.305462822914123633e-01
8.296877084732056096e-01
8.898789972305297669e-01
9.234470561981200643e-01
9.561408128738403400e-01
9.904725646018981422e-01
1.005927195739745983e+00
9.956609842300414570e-01
9.891207269668579327e-01
9.935439460754394991e-01
1.015064053726196347e+00
1.051901019096374457e+00
1.048076536178588869e+00
1.121259287834167395e+00
1.121571316909790061e+00
1.138349976348876913e+00
1.159886665344238343e+00
1.178241044425964335e+00
1.203027334785461422e+00
1.183777185058593640e+00
1.184132487487792984e+00
1.189223495292663468e+00
1.186642351341247625e+00
1.110073662948608320e+00
9.821056255340576691e-01
9.395197941780090156e-01
9.806134590148926078e-01
1.009751949501037638e+00
1.029083588027954077e+00
1.056889810943603569e+00
1.093539642143249502e+00
1.113170903015136659e+00
1.136119249153137112e+00
1.161355705070495681e+00
1.182224396896362384e+00
1.198138997268676675e+00
1.215451883125305166e+00
1.226279688644409172e+00
1.240134580039978118e+00
1.241116535186767678e+00
1.259173917579650803e+00
1.272763093566894543e+00
1.288170722389221146e+00
1.298024841880798252e+00
1.314919441032409653e+00
1.326239030456543011e+00
1.337889785957336430e+00
1.346221031188964856e+00
1.349105456924438506e+00
1.356762759971618548e+00
1.358926398468017549e+00
1.369708372306823740e+00
1.383644674682617204e+00
1.388060989379882759e+00
1.392462586784362744e+00
1.398677106475830101e+00
1.408086105728149517e+00
1.410641983413696288e+00
1.418165670394897493e+00
1.419056927680969249e+00
1.426876724624633885e+00
1.429603014755248980e+00
1.437144832992553800e+00
1.442668780899047931e+00
1.460039711380004990e+00
1.464117261886596744e+00
1.003319471740722557e+00
8.371362733840942427e-01
9.141655922889709851e-01
9.552350433349608982e-01
1.015169083023071295e+00
