6.173465274810791215e+00
3.958454187774658184e+00
3.300910305404662903e+00
3.553514572906494084e+00
3.183456241226196415e+00
3.442384786987304768e+00
3.247321352386474569e+00
3.283103021621704087e+00
3.185640534973144700e+00
3.257423971176147681e+00
3.378992736053466839e+00
3.139202793884277476e+00
3.286467910003662229e+00
3.269523390579223587e+00
3.429073488616943166e+00
3.515796216201782176e+00
3.647931149673461881e+00
3.874772088623046784e+00
3.843049537658691506e+00
3.850436483764648532e+00
4.236895587158203469e+00
4.347062096405029052e+00
4.764253482818603835e+00
4.261121200561523104e+00
5.186645349884033251e+00
5.577912991333008108e+00
5.608200804901122716e+00
4.820943963623046891e+00
5.275303050231933355e+00
5.585348565673828425e+00
5.424425824737548751e+00
5.685361565399169592e+00
5.609652772521972253e+00
6.373695925140380858e+00
5.717224354553223087e+00
5.600787004852294970e+00
5.908367020416259940e+00
5.611973983764648288e+00
5.666648567199707109e+00
6.247643808746337513e+00
5.760901263427734342e+00
5.642090438842773281e+00
5.782540028381347952e+00
5.669368792724609030e+00
5.602017317962646459e+00
5.605117095184326104e+00
5.426667887115478095e+00
5.332043073272704881e+00
5.416519949340820261e+00
5.508634687042236244e+00
5.550134568023681325e+00
5.543546466827392827e+00
5.464532520294189233e+00
5.523550918579101854e+00
5.504849266815185160e+00
5.487941464996337615e+00
5.490176354980468965e+00
5.479765673065185361e+00
5.455500881195068708e+00
5.437887214660644730e+00
5.437853580474853565e+00
5.426164533996582051e+00
5.385887143707275726e+00
5.459783332824707180e+00
5.441716065979004036e+00
5.479713336181641026e+00
5.418432271575928105e+00
5.377833421325683538e+00
5.414695970153808879e+00
5.413560069274902631e+00
5.385228811645507818e+00
5.386824757385253903e+00
5.389804278564453099e+00
5.373236229705810274e+00
5.387639259338379283e+00
5.407353195190429673e+00
5.401500114440917599e+00
5.409925949859618832e+00
5.407300586700439560e+00
5.420959039306640470e+00
5.400303919219970439e+00
5.355203776550292893e+00
5.395263803863524998e+00
5.402042221069335959e+00
5.385893802642822692e+00
5.395572333526611253e+00
5.390331029510497807e+00
5.356834002685546992e+00
5.371634569549560645e+00
5.398607753753662308e+00
5.419956113433838318e+00
5.362967502593994240e+00
5.377031288909911666e+00
5.399401953125000375e+00
5.375206092071532993e+00
5.378151313781738274e+00
5.357865089416503857e+00
5.427318218994140686e+00
5.386424777984618828e+00
5.395463658142089614e+00
