7.242571116604376691e+00
2.968595160985076475e+00
1.013032927789273785e+00
6.654458655992032678e-01
4.997639650561722657e-01
5.251659650655013944e-01
5.063833621699275200e-01
4.167804931082608744e-01
3.955192812311607575e-01
4.210040365762848791e-01
5.027809077004343763e-01
4.560573681913729360e-01
4.268728613079754708e-01
4.156756550445595000e-01
4.055259117351671105e-01
5.316848401956658643e-01
4.127722127224526250e-01
4.374348596370761788e-01
3.937782656979810780e-01
4.211019634962439029e-01
3.961279230063043943e-01
4.749758027519991876e-01
4.442913048694684952e-01
4.098274820873395452e-01
4.117143573802051759e-01
4.022690035436252143e-01
5.029428733984232514e-01
4.683251601424862631e-01
4.875432564149305148e-01
4.428090516829336076e-01
4.284383404332283152e-01
3.817053328319841010e-01
4.258880873233511499e-01
4.625655300785051494e-01
4.332517077788316517e-01
4.554074731280193244e-01
4.751273412675900421e-01
4.053448518246218768e-01
4.053130904049856431e-01
4.690950183468464707e-01
4.834314763873324705e-01
4.770369926245285330e-01
4.892126409577775559e-01
5.059218555465675449e-01
4.815874715120389005e-01
4.410360383201823997e-01
4.954174985245234919e-01
5.373634845390358183e-01
4.702241326711562031e-01
4.614863603697141881e-01
