2.182508303681077066e+00
4.408480514928928784e+00
1.392660952007181319e+00
1.171022754071417094e+00
1.198542759529186208e+00
9.009916130685829971e-01
9.971475616670285591e-01
9.910685667322685077e-01
8.775995626368644498e-01
1.071364649997850194e+00
1.040193318487463436e+00
1.496693698335039180e+00
9.868332949270323118e-01
1.445806089902126557e+00
1.675660751280163341e+00
9.902515210214997143e-01
9.242579332900178191e-01
1.156300438622861693e+00
1.053547613631470758e+00
9.753668198154619162e-01
1.080806258048525592e+00
1.360726422806471714e+00
1.272399927846086687e+00
1.295222715383997247e+00
1.437945164624774508e+00
1.454418081077884173e+00
1.449571765427344117e+00
1.194947413426902472e+00
1.212834225734114479e+00
1.205626341919272981e+00
1.264411994355116420e+00
1.362578001727000832e+00
1.395954850668676306e+00
1.502860483620920284e+00
1.341694595572118898e+00
1.435275532100656504e+00
1.410926461785183550e+00
1.470133615742310607e+00
1.350258441787925312e+00
1.905604800758990303e+00
1.490299179383771655e+00
1.655067579780765241e+00
1.415889706899687628e+00
1.405026996546367757e+00
1.368162017908920003e+00
1.438095842786151879e+00
1.500049898014982785e+00
1.279995993560870904e+00
1.247694863954068811e+00
1.512533731360585554e+00
