6.375436844732900177e-01
5.077383924113829661e-01
7.184223664503245343e-01
6.934598102845731527e-01
6.864702945581627747e-01
7.368946580129804858e-01
7.413879181228157922e-01
6.949575636545182178e-01
7.383924113829256619e-01
6.784822765851222792e-01
7.598602096854717436e-01
6.175736395406890011e-01
7.483774338492261702e-01
6.689965052421368297e-01
6.190713929106340663e-01
7.274088866699950362e-01
7.548676984523214895e-01
6.495257114328507608e-01
7.543684473290065418e-01
7.563654518222665546e-01
7.478781827259111115e-01
6.859710434348477159e-01
7.309036445332002252e-01
7.378931602596106032e-01
7.304043934098851665e-01
7.408886669995007335e-01
6.969545681477783416e-01
7.553669495756365482e-01
7.264103844233649188e-01
7.039440838741887196e-01
7.493759360958561766e-01
7.109335996005990976e-01
7.314028956565151729e-01
7.034448327508736609e-01
7.653519720419370564e-01
7.468796804792811050e-01
7.368946580129804858e-01
7.249126310534198536e-01
7.438841737393908637e-01
6.714927608587119012e-01
7.548676984523214895e-01
7.378931602596106032e-01
7.618572141787318674e-01
7.239141288067898472e-01
7.573639540688966720e-01
7.299051422865701078e-01
7.014478282576135371e-01
7.438841737393908637e-01
7.628557164253619849e-01
7.518721917124313592e-01
