7.242570551033518989e+00
2.968595743090048256e+00
1.013032958558720997e+00
6.654460030201965193e-01
4.997639322929601224e-01
5.251658768637205155e-01
5.063834276070787732e-01
4.167805067075233127e-01
3.955192963778228488e-01
4.210039761979402773e-01
5.027808363415037229e-01
4.560574147621512808e-01
4.268729119257991256e-01
4.156756762915471692e-01
4.055259877065390817e-01
5.316848236503924907e-01
4.127722637568839170e-01
4.374348921919845035e-01
3.937783218656131234e-01
4.211019570685837765e-01
3.961278692341660412e-01
4.749757529971483927e-01
4.442912858394283959e-01
4.098274949277810331e-01
4.117143397115792247e-01
4.022688952851640742e-01
5.029427309483810449e-01
4.683250661974719953e-01
4.875431591072977855e-01
4.428090972419506666e-01
4.284382436761127733e-01
3.817052509239537428e-01
4.258880808659333272e-01
4.625655111526169039e-01
4.332516199639006582e-01
4.554075134794413060e-01
4.751274077165025811e-01
4.053448785916602959e-01
4.053131056260420029e-01
4.690950054320108253e-01
4.834313164992863343e-01
4.770369984421560794e-01
4.892126183419363561e-01
5.059218530171641914e-01
4.815875273969729142e-01
4.410360216112417797e-01
4.954174977508236655e-01
5.373634889729309583e-01
4.702241876336020199e-01
4.614864250034079185e-01
