6.658969540031802303e+00
7.785649692378398434e+00
1.736023700183710439e+00
2.370097683591064097e+00
1.140436276756282785e+00
9.027774652956249701e-01
9.141588037274684941e-01
1.257425682638742437e+00
9.674599199847346842e-01
1.056346429566770384e+00
1.243635300511547248e+00
1.030741408712793739e+00
2.622147633204505279e+00
1.087924113377177315e+00
1.030688432473512606e+00
1.230143344467780064e+00
1.432038542394690417e+00
1.329366061429172685e+00
1.284295760716311241e+00
1.056942720325125151e+00
1.151337954233838889e+00
1.303907929630917506e+00
1.177311738193243418e+00
1.220096438691667284e+00
1.176596548875093573e+00
1.264034394347780754e+00
1.398110044401285945e+00
1.236121419752114203e+00
1.171587544801648173e+00
1.296098420397377105e+00
1.141181809510580125e+00
1.111029814852515951e+00
1.452697453249470971e+00
1.266817485220838257e+00
1.219230448625353125e+00
1.320264415745727948e+00
1.181386366880838645e+00
1.329237524652504776e+00
1.384924710124240121e+00
1.729963428903923406e+00
1.216557493343153329e+00
1.340917491520040361e+00
1.145047233215404470e+00
1.449454645246371465e+00
1.256086532735134265e+00
1.160325240922224221e+00
1.190908160378679526e+00
1.229865711507830639e+00
1.346549662839039208e+00
1.693295519410284333e+00
