6.844732900649026508e-01
6.904643035446830224e-01
6.729905142286569664e-01
4.348477284073888893e-01
6.575137294058911452e-01
7.139291063404892279e-01
6.969545681477783416e-01
6.070893659510734341e-01
7.274088866699950362e-01
7.164253619570644105e-01
6.939590614078882114e-01
7.558662006989516069e-01
4.273589615576635081e-01
7.378931602596106032e-01
7.433849226160759160e-01
7.673489765351971803e-01
6.964553170244632829e-01
7.393909136295556683e-01
6.949575636545182178e-01
7.528706939590613656e-01
7.324013979031452903e-01
7.508736894658013528e-01
7.368946580129804858e-01
7.643534697953070500e-01
7.169246130803794692e-01
6.809785322016974618e-01
7.518721917124313592e-01
6.999500748876684719e-01
7.493759360958561766e-01
7.528706939590613656e-01
7.338991512730903555e-01
7.418871692461308509e-01
6.889665501747378462e-01
7.333999001497752968e-01
7.224163754368447821e-01
7.413879181228157922e-01
7.668497254118821216e-01
7.458811782326509876e-01
7.518721917124313592e-01
7.184223664503245343e-01
7.294058911632551601e-01
7.343984023964054142e-01
7.428856714927608573e-01
7.478781827259111115e-01
7.588617074388417372e-01
7.473789316025960527e-01
7.603594608087868023e-01
7.618572141787318674e-01
7.808287568647029886e-01
7.269096355466799775e-01
