7.242570836885849239e+00
2.968595386250758139e+00
1.013032904340217533e+00
6.654459961164134185e-01
4.997638604579064947e-01
5.251659698267311382e-01
5.063833666633381636e-01
4.167804730515806133e-01
3.955192482596448511e-01
4.210038712723399024e-01
5.027807337965182199e-01
4.560573527173762409e-01
4.268729705781979522e-01
4.156756776008853627e-01
4.055259480395438376e-01
5.316845853508441744e-01
4.127722467950029617e-01
4.374349047497279597e-01
3.937783138310379516e-01
4.211019133247855262e-01
3.961279125613566543e-01
4.749758449483977296e-01
4.442911527035418584e-01
4.098275258757743122e-01
4.117144434691903943e-01
4.022688931426106618e-01
5.029427782333438790e-01
4.683250331366829999e-01
4.875432754003340974e-01
4.428090808157080227e-01
4.284380907811228267e-01
3.817051940123795672e-01
4.258881004613694343e-01
4.625656729749126339e-01
4.332516757893193349e-01
4.554075881117174429e-01
4.751273183392930588e-01
4.053448617488101258e-01
4.053130405013464777e-01
4.690950438491832686e-01
4.834314414815669148e-01
4.770370146600949046e-01
4.892127035977062999e-01
5.059218146892648926e-01
4.815874350291160511e-01
4.410360153844460340e-01
4.954174792117853610e-01
5.373635350378287434e-01
4.702241638572109972e-01
4.614864023578089669e-01
