1.370312193186355776e+00
1.241310116355560877e+00
9.893600921659426728e-01
1.552651612507481627e+00
1.343784418275102865e+00
1.024142626488857566e+00
1.592178806565847093e+00
1.086028761109053553e+00
1.096688034471368089e+00
1.067578488091379674e+00
9.124332786022991693e-01
1.483927740077048751e+00
1.477439656593296124e+00
1.773666162343246588e+00
8.356350886482508677e-01
1.363718137926181573e+00
1.000423463058662144e+00
1.075063620992023461e+00
1.145854775690163585e+00
9.858731001660160365e-01
1.119343576464602918e+00
1.136364121765597535e+00
1.053435243491345652e+00
1.237172344477249331e+00
1.265722859935408229e+00
1.078476701327936604e+00
1.433482968801268909e+00
1.364443730278367406e+00
1.421950405499843528e+00
1.061954077457822221e+00
1.148732151440007732e+00
2.109417395953589125e+00
1.331284158181025301e+00
1.069722450797223390e+00
1.106966042244845072e+00
1.169593197074581647e+00
1.438961505889892578e+00
1.187659063817736893e+00
1.146187717118265725e+00
1.073216118814941611e+00
1.461896229909172229e+00
1.245256554169828611e+00
1.088212418960917915e+00
1.478750540028199278e+00
1.698829609099115290e+00
1.404452035383052078e+00
1.146631920510271518e+00
1.162908719767943300e+00
1.258782839096610262e+00
1.014733340343831447e+00
