7.242571446502499732e+00
2.968597151670108403e+00
1.013033330529794274e+00
6.654457130017902289e-01
4.997638691917872800e-01
5.251658188362331448e-01
5.063833485111497446e-01
4.167804034781110722e-01
3.955192468610336243e-01
4.210039953916476230e-01
5.027807307612341958e-01
4.560573101043701172e-01
4.268730747003407489e-01
4.156757090250016162e-01
4.055260302600298683e-01
5.316847674678816249e-01
4.127722354870823618e-01
4.374348380032385686e-01
3.937782409991018029e-01
4.211021352873643431e-01
3.961279612746884116e-01
4.749757058609739846e-01
4.442911116676930283e-01
4.098275120086927181e-01
4.117144857176648909e-01
4.022689878910824524e-01
5.029429403829741574e-01
4.683251081558090223e-01
4.875433391412972162e-01
4.428090414165319899e-01
4.284381823752799190e-01
3.817051781068964700e-01
4.258881143135722080e-01
4.625656073294576176e-01
4.332516181486818496e-01
4.554075403506316344e-01
4.751273246181648147e-01
4.053448894755339316e-01
4.053129909696783773e-01
4.690951028586743399e-01
4.834313726520395593e-01
4.770370655457377151e-01
4.892126797022845475e-01
5.059216597707523189e-01
4.815876886836302773e-01
4.410359536223690258e-01
4.954173816363334204e-01
5.373635449768957573e-01
4.702241022290435946e-01
4.614864920177164653e-01
