4.482904407414745052e+00
1.675861218186300849e+00
3.584209920725954124e+00
1.187136503499088613e+00
1.555901368974865751e+00
1.116751908601312460e+00
1.135197838499613976e+00
8.675511391592573007e-01
9.214969142579579886e-01
9.826308178770738477e-01
9.567698647960447556e-01
1.080293881970527892e+00
1.417475074693315129e+00
1.009740940642487761e+00
1.216679372849371665e+00
1.715656983453633488e+00
1.250208393550192865e+00
1.544948475811996902e+00
1.184976299554183932e+00
1.010225215347421379e+00
1.437957603337463697e+00
1.193467765585279894e+00
1.512599416884314207e+00
1.105041141100544078e+00
1.931166892342131902e+00
1.400488763526863245e+00
1.410560702063474281e+00
1.780150721207655273e+00
1.824175416976882902e+00
1.646005119613213274e+00
1.424145233375218034e+00
1.214880238219731012e+00
1.523963263912077037e+00
1.068575121852914700e+00
1.159490421897937606e+00
1.270695807156536628e+00
1.270162229054698999e+00
1.249200762359725880e+00
2.086171733220100855e+00
1.228258058064232605e+00
1.434478730007939129e+00
1.717380486186956379e+00
1.905220108483353103e+00
1.587042145114866409e+00
2.243090827406732490e+00
1.759530810314717364e+00
1.202970549873394024e+00
1.403062449118166244e+00
1.236345521610972220e+00
1.505472406767275340e+00
