7.242572822948908140e+00
2.968595955277227194e+00
1.013033134307613770e+00
6.654456811015510009e-01
4.997639601461540959e-01
5.251658850173264170e-01
5.063832970303532299e-01
4.167804183569540077e-01
3.955193376219754420e-01
4.210039635211660913e-01
5.027807563528441381e-01
4.560573026947063457e-01
4.268729587048812890e-01
4.156756915869976865e-01
4.055259756844339925e-01
5.316847172964231927e-01
4.127722780703307892e-01
4.374349456963037008e-01
3.937783248711393957e-01
4.211019202583263232e-01
3.961278965219639514e-01
4.749757866233334513e-01
4.442911604405401782e-01
4.098274274075918155e-01
4.117144259567922515e-01
4.022689216802314283e-01
5.029427944810404005e-01
4.683251495189924007e-01
4.875435475641289873e-01
4.428090243058626085e-01
4.284383039800631621e-01
3.817052127746005108e-01
4.258880098343371667e-01
4.625656811880339281e-01
4.332515198292877234e-01
4.554075803747191231e-01
4.751273603869032303e-01
4.053446638155626114e-01
4.053131077983530561e-01
4.690950035572766241e-01
4.834314198477293045e-01
4.770370553983668271e-01
4.892127314211425770e-01
5.059217865980093487e-01
4.815877772722610972e-01
4.410359213650375532e-01
4.954176372250972404e-01
5.373634935853722761e-01
4.702242623253934939e-01
4.614863272791675519e-01
