6.709935097353969535e-01
6.764852720918621554e-01
7.004493260109835306e-01
6.709935097353969535e-01
5.521717423864204166e-01
5.991013479780329387e-01
5.736395406889664983e-01
7.194208686969545408e-01
7.548676984523214895e-01
7.383924113829256619e-01
7.319021467798302316e-01
6.819770344483274682e-01
7.304043934098851665e-01
7.094358462306540325e-01
6.914628057913130288e-01
6.674987518721917645e-01
7.154268597104342930e-01
7.044433349975037784e-01
7.319021467798302316e-01
7.004493260109835306e-01
7.269096355466799775e-01
7.333999001497752968e-01
7.164253619570644105e-01
7.388916625062406096e-01
7.508736894658013528e-01
7.398901647528707270e-01
7.174238642036944169e-01
7.324013979031452903e-01
6.180728906640039488e-01
7.244133799301047949e-01
7.134298552171742802e-01
7.109335996005990976e-01
6.924613080379430352e-01
7.184223664503245343e-01
7.084373439840239151e-01
5.981028457314029323e-01
7.219171243135297233e-01
7.363954068896655381e-01
7.488766849725412289e-01
6.934598102845731527e-01
7.423864203694457986e-01
7.214178731902146646e-01
7.423864203694457986e-01
7.049425861208187261e-01
7.368946580129804858e-01
7.453819271093360399e-01
7.533699450823764243e-01
7.408886669995007335e-01
7.219171243135297233e-01
7.289066400399401013e-01
