7.242573644197802807e+00
2.968596383103476732e+00
1.013032966712327010e+00
6.654456914572256521e-01
4.997639902311745153e-01
5.251658732332828983e-01
5.063833529152872437e-01
4.167804127922667412e-01
3.955192278458723454e-01
4.210039642353505251e-01
5.027809573957697786e-01
4.560572293717684023e-01
4.268730900553066587e-01
4.156757386636567575e-01
4.055260807885804897e-01
5.316849182798335516e-01
4.127722963713075788e-01
4.374348832497998996e-01
3.937782175946819008e-01
4.211018597014355991e-01
3.961279693390212797e-01
4.749757991215615149e-01
4.442912276929101845e-01
4.098274688600482274e-01
4.117143235903529264e-01
4.022690215470251518e-01
5.029427628486202728e-01
4.683251316048654966e-01
4.875434318067309869e-01
4.428090911416250330e-01
4.284382577514981860e-01
3.817052196337470948e-01
4.258881247882776444e-01
4.625655989377902011e-01
4.332516029127466695e-01
4.554075181216403201e-01
4.751273999051100483e-01
4.053448815748683098e-01
4.053130957167325743e-01
4.690949635034314391e-01
4.834313537261513694e-01
4.770371321583175006e-01
4.892128680684360575e-01
5.059217055380731409e-01
4.815875102565458921e-01
4.410359687243946003e-01
4.954174690941721693e-01
5.373634505855162669e-01
4.702242786623630488e-01
4.614864346448981358e-01
