6.694957563654517774e-01
6.869695456814778334e-01
7.833250124812780602e-01
8.132800798801796960e-01
8.272591113330004520e-01
8.332501248127808235e-01
8.422366450324513254e-01
8.567149276085871401e-01
8.592111832251622117e-01
8.572141787319021988e-01
8.542186719920119575e-01
8.627059410883674007e-01
8.597104343484772704e-01
8.731902146779830787e-01
8.647029455816275245e-01
8.507239141288067685e-01
8.716924613080379025e-01
8.676984523215177658e-01
8.696954568147777787e-01
8.776834747878182741e-01
8.617074388417373942e-01
8.731902146779830787e-01
8.642036944583125768e-01
8.746879680479281438e-01
8.691962056914628310e-01
8.841737393909135934e-01
8.696954568147777787e-01
8.811782326510234631e-01
8.781827259111333328e-01
8.756864702945581502e-01
8.671992011982027071e-01
8.771842236645032154e-01
8.816774837743385218e-01
8.816774837743385218e-01
8.886669995007488998e-01
8.996505242136795255e-01
8.676984523215177658e-01
8.701947079380928374e-01
8.861707438841737172e-01
8.876684972541187824e-01
8.826759860209685282e-01
8.841737393909135934e-01
8.891662506240639585e-01
8.741887169246130851e-01
8.796804792810783979e-01
8.926610084872691475e-01
8.886669995007488998e-01
8.861707438841737172e-01
8.881677483774338411e-01
8.886669995007488998e-01
