6.724912631053420187e-01
6.979530703944083481e-01
7.039440838741887196e-01
7.064403394907639022e-01
7.483774338492261702e-01
6.480279580629056957e-01
7.194208686969545408e-01
6.954568147778332765e-01
6.490264603095357021e-01
7.004493260109835306e-01
7.069395906140788499e-01
6.904643035446830224e-01
6.495257114328507608e-01
6.719920119820269599e-01
6.575137294058911452e-01
6.684972541188217710e-01
7.498751872191712353e-01
7.274088866699950362e-01
7.029455816275587132e-01
6.709935097353969535e-01
7.144283574638042866e-01
7.204193709435846582e-01
6.899650524213679637e-01
7.413879181228157922e-01
7.683474787818272977e-01
7.568647029455816133e-01
7.084373439840239151e-01
6.674987518721917645e-01
5.986020968547178800e-01
7.009485771342985894e-01
7.309036445332002252e-01
7.563654518222665546e-01
7.628557164253619849e-01
7.463804293559660463e-01
7.698452321517723629e-01
7.698452321517723629e-01
6.799800299550673444e-01
6.694957563654517774e-01
7.109335996005990976e-01
7.438841737393908637e-01
7.353969046430354206e-01
7.528706939590613656e-01
7.728407388916624932e-01
7.653519720419370564e-01
7.633549675486769326e-01
7.598602096854717436e-01
7.423864203694457986e-01
7.343984023964054142e-01
7.423864203694457986e-01
7.319021467798302316e-01
