2.729033171386642476e+00
2.507210055887847844e+00
1.468659475661490577e+00
1.449249268232793986e+00
1.091997188088659421e+00
1.050551597826848704e+00
1.016818486031328961e+00
1.020447147648392727e+00
1.426666477115762444e+00
1.023301711632380595e+00
1.376520989123309668e+00
1.230673334149795295e+00
1.368965635285398941e+00
1.169585395561595353e+00
1.147134296904786188e+00
1.212117079610057990e+00
1.028655102118455567e+00
1.775732962655473646e+00
1.316384089570371563e+00
1.187965448594248130e+00
1.289364621273827227e+00
1.851418202719685935e+00
1.077210526137844848e+00
1.062780675683328679e+00
1.033231528830182988e+00
1.235435636651795788e+00
1.266863864597771894e+00
1.257796286971225141e+00
2.014040974099458925e+00
1.095042858163059352e+00
9.945941317753974609e-01
1.108508531891341464e+00
1.062555593130175557e+00
1.199463008822528209e+00
1.024378585327403668e+00
1.147432103671256254e+00
1.479741703553373533e+00
1.630079966750790144e+00
1.226393461346447777e+00
1.145620066823211936e+00
1.402994583263673434e+00
1.139628354573452240e+00
1.066101260263802031e+00
1.281700339605376104e+00
1.307863625180286871e+00
1.381655380241405551e+00
1.590710520208685308e+00
1.474527837750439163e+00
1.113949297192212251e+00
1.134418208540765471e+00
