5.979226165008545202e+00
2.178022089385986515e+00
1.761379383468627990e+00
1.814293209838867105e+00
1.724861188125610401e+00
1.686127273750305244e+00
1.667424995422363221e+00
1.860583318138122610e+00
1.748407517814636325e+00
1.654132695198059055e+00
1.679094969749450605e+00
1.839029546165466211e+00
1.725295796585083030e+00
1.868008580780029293e+00
1.778337664985656819e+00
2.083799736022949212e+00
2.085686897277831964e+00
2.513933651733398555e+00
2.493221527099609425e+00
2.314348934936523605e+00
3.144414071655273535e+00
2.761591289138793925e+00
2.717664357757568538e+00
3.087407180786132965e+00
3.194567247772216678e+00
2.769605128097534230e+00
3.046675375366211025e+00
3.262679642486572273e+00
3.072854196548461925e+00
3.160768354415893544e+00
3.208795308303832972e+00
2.865435309600830038e+00
2.944222505569458193e+00
2.853328284835815243e+00
2.837342320251464933e+00
2.797846488189697389e+00
2.764905823135376028e+00
2.704645139694213718e+00
2.713840209579467810e+00
2.689389322662353532e+00
2.670369483566284341e+00
2.652627729034423787e+00
2.632354021453857218e+00
2.615071842575073191e+00
2.592690039443969585e+00
2.611881504058837677e+00
2.619472364044189483e+00
2.763893770217895618e+00
2.600436264038085810e+00
2.580386618041992097e+00
2.515471811294555771e+00
2.506627645874023536e+00
2.506804239654540911e+00
2.512988132858276380e+00
2.508956539916991968e+00
2.511788534545898344e+00
2.496377569198608537e+00
2.514124278640747168e+00
2.509977972793579148e+00
2.500516167068481455e+00
2.502720061111450178e+00
2.500391469192504879e+00
2.512961156082153202e+00
2.510148628234863288e+00
2.523058059692382837e+00
2.504789357376098646e+00
2.514924071121215743e+00
2.506044520568847744e+00
2.521709336471557705e+00
2.508559182739257931e+00
2.512117727661132616e+00
2.500374408721923736e+00
2.500745186996459868e+00
2.500937387466430462e+00
2.504297211456298911e+00
2.505984149169921960e+00
2.498035499572754059e+00
2.502373540115356398e+00
2.503695141983032446e+00
2.510296736907958959e+00
2.506622696685790963e+00
2.496285260009765583e+00
2.507536255645752110e+00
2.497590307617187477e+00
2.502601253128051706e+00
2.503765928268432805e+00
2.502538339233398634e+00
2.509133765411376782e+00
2.504561030578613234e+00
2.504706690597534369e+00
2.498418616104125967e+00
2.501476642227173031e+00
2.504817594909667822e+00
2.508879654693603634e+00
2.513686590957641798e+00
2.508631077575683488e+00
2.508806629562378099e+00
2.492375121307373043e+00
2.502354511642455925e+00
2.497628426742553920e+00
