3.499780415527343962e+02
2.874973631286620979e+00
1.940944745635986290e+00
1.835627084541320730e+00
1.835435655403137245e+00
1.712504633140564003e+00
1.766542583656311116e+00
1.655074165916442963e+00
1.734810926055908142e+00
1.690624040031433184e+00
1.572869249916076573e+00
1.639131285667419391e+00
1.722555964660644534e+00
1.632476194763183619e+00
1.667722378540039019e+00
1.825157714080810623e+00
1.743422051429748487e+00
1.848831367492675737e+00
2.095398899078368959e+00
2.047678411102294760e+00
2.406207540893554597e+00
2.426365554809570391e+00
2.696887020874023655e+00
2.307880088806152141e+00
2.790855014038085891e+00
2.858278811645508011e+00
2.719479904937744053e+00
3.103938447570800729e+00
3.297494124221801659e+00
2.879320694351196419e+00
3.130445340347289829e+00
3.012698012542724513e+00
3.233638188934325974e+00
2.965792173767090034e+00
3.355901038360595834e+00
3.235812883377075178e+00
2.977147671127319484e+00
3.006306414794921889e+00
3.007339883422851745e+00
2.928226362609863465e+00
2.892655299758911003e+00
2.990938943099975766e+00
2.969789917373657051e+00
2.811804606628418135e+00
2.743662072753906056e+00
2.689534049606323141e+00
2.717872057723999202e+00
2.678066809463500952e+00
2.663507949829101662e+00
2.662213913345337080e+00
2.675943578338622952e+00
2.686290154266357533e+00
2.678535806274414011e+00
2.668633017730712709e+00
2.663746368789672747e+00
2.665246063232421747e+00
2.657959823608398331e+00
2.642714997482299655e+00
2.662475885391235142e+00
2.656210078048705903e+00
2.643163464736938639e+00
2.648857815551757700e+00
2.644595182037353442e+00
2.646437383651733199e+00
2.641939088439941408e+00
2.634714969635009840e+00
2.638668835449218708e+00
2.628969449615478737e+00
2.640716797637939539e+00
2.638327391052246007e+00
2.613509215927123819e+00
2.621681442642211923e+00
2.620104650878906316e+00
2.642615725326538101e+00
2.633095437240600578e+00
2.629254145431518364e+00
2.623099859237671083e+00
2.624634502029418837e+00
2.631224781417846881e+00
2.631560620498657244e+00
2.619722021484375052e+00
2.618097203445434396e+00
2.618528695297241082e+00
2.632557365036010566e+00
2.629827606582641586e+00
2.623145471572875920e+00
2.624319193267822481e+00
2.620625401306152291e+00
2.627373422241210843e+00
2.638126218032836867e+00
2.620209358978271563e+00
2.619814724349975421e+00
2.620087577056884776e+00
2.640151969909668050e+00
2.623968238449096546e+00
2.618415790557861111e+00
2.619380631637573398e+00
2.604686671829223421e+00
2.611696518325805627e+00
2.618852534866332959e+00
