9.979999999999999982e-02
2.222000000000000086e-01
2.538000000000000256e-01
2.999999999999999889e-01
3.059000000000000052e-01
3.678000000000000158e-01
3.477999999999999980e-01
3.876000000000000001e-01
4.002999999999999892e-01
3.709000000000000075e-01
4.188999999999999946e-01
4.138000000000000012e-01
3.852999999999999758e-01
4.220999999999999752e-01
4.334000000000000075e-01
4.293000000000000149e-01
4.554000000000000270e-01
4.536999999999999922e-01
4.497999999999999776e-01
4.212000000000000188e-01
4.168000000000000038e-01
4.557999999999999829e-01
4.173000000000000043e-01
4.635000000000000231e-01
4.667000000000000037e-01
4.799999999999999822e-01
4.729999999999999760e-01
4.534000000000000252e-01
4.413000000000000256e-01
4.666000000000000147e-01
4.507999999999999785e-01
4.697999999999999954e-01
4.482999999999999763e-01
4.680000000000000271e-01
4.344000000000000083e-01
4.653999999999999804e-01
4.680000000000000271e-01
4.718999999999999861e-01
4.746000000000000218e-01
4.773000000000000020e-01
4.868999999999999995e-01
4.670000000000000262e-01
4.767000000000000126e-01
4.869999999999999885e-01
4.944000000000000061e-01
4.948000000000000176e-01
4.864999999999999880e-01
4.890999999999999792e-01
4.976999999999999758e-01
4.943000000000000171e-01
4.934999999999999942e-01
4.944999999999999951e-01
4.948000000000000176e-01
4.948000000000000176e-01
4.945999999999999841e-01
4.937000000000000277e-01
4.944999999999999951e-01
4.944000000000000061e-01
4.929000000000000048e-01
4.928000000000000158e-01
4.944999999999999951e-01
4.949000000000000066e-01
4.938000000000000167e-01
4.937000000000000277e-01
4.954999999999999960e-01
4.938000000000000167e-01
4.955999999999999850e-01
4.955999999999999850e-01
4.945999999999999841e-01
4.949000000000000066e-01
4.948000000000000176e-01
4.974999999999999978e-01
4.953000000000000180e-01
4.941999999999999726e-01
4.934000000000000052e-01
4.968000000000000194e-01
4.968000000000000194e-01
4.953000000000000180e-01
4.963000000000000189e-01
4.954000000000000070e-01
4.939999999999999947e-01
4.941999999999999726e-01
4.954000000000000070e-01
4.954000000000000070e-01
4.949000000000000066e-01
4.941999999999999726e-01
4.950999999999999845e-01
4.959000000000000075e-01
4.944000000000000061e-01
4.944999999999999951e-01
4.961999999999999744e-01
4.961999999999999744e-01
4.958000000000000185e-01
4.941999999999999726e-01
4.950999999999999845e-01
4.944999999999999951e-01
4.939000000000000057e-01
4.975999999999999868e-01
4.969000000000000083e-01
4.954000000000000070e-01
