2.288131431198120236e+00
1.887568638420104916e+00
1.724906169128417988e+00
1.617972802543640176e+00
1.493892229843139630e+00
1.433781864929199124e+00
1.317990870857238761e+00
1.267082453918457086e+00
1.172119151115417424e+00
1.101771495819091840e+00
1.008287794876098653e+00
9.667300468444823824e-01
9.049378982543945238e-01
9.049968229293823274e-01
8.260389098167419952e-01
8.461234318733215076e-01
8.130779504776001199e-01
8.221821865081787584e-01
8.609773109436035243e-01
9.070311243057250783e-01
1.006925590896606382e+00
1.003051319885253978e+00
1.027348350524902365e+00
9.976430837631226067e-01
1.027389819526672410e+00
1.154716211318969732e+00
1.230027726936340438e+00
1.270546304321289011e+00
1.270203612709045471e+00
1.249907057380676312e+00
1.247411746788024800e+00
1.179750076293945238e+00
1.184905592918396033e+00
1.232092907333373955e+00
1.239508481597900280e+00
1.252207319641113203e+00
1.185096350479125871e+00
1.212533495330810451e+00
1.258838978576660050e+00
1.294998641014099228e+00
1.328726614761352565e+00
1.345789684104919504e+00
1.266664100456237785e+00
1.260051160240173385e+00
1.318640025711059538e+00
1.281653854179382268e+00
1.241420782470703088e+00
1.124408966445922919e+00
1.157147562599182056e+00
1.198737242126464819e+00
1.188681255722045860e+00
1.278077638626098578e+00
1.235438868522644063e+00
1.159684472656250076e+00
1.119260136413574136e+00
1.169253246688842784e+00
1.229375220298767113e+00
1.264585676383972235e+00
1.295185485076904230e+00
1.321817638969421393e+00
1.338935594940185547e+00
1.361040392112731867e+00
1.371712823867797804e+00
1.382521035957336331e+00
1.394333097267150823e+00
1.404261378479003897e+00
1.416283659362792990e+00
1.421943302726745628e+00
1.432342077636718836e+00
1.442044873237609881e+00
1.292887940979003947e+00
1.244480248451232951e+00
1.215248691749572840e+00
1.246505168724060031e+00
1.305923215293884221e+00
1.312795801162719656e+00
1.344620440864563005e+00
1.203216257667541589e+00
1.144326635742187515e+00
1.194839991569519144e+00
1.182921642494201730e+00
1.239346833419799898e+00
1.156237741279602105e+00
1.130765190887451199e+00
1.076473583984375093e+00
1.209316684913635198e+00
1.238415295410156158e+00
1.281370823860168429e+00
1.327209351348876964e+00
1.349816865539550825e+00
1.356232511901855453e+00
1.377298026657104435e+00
1.393463315963745064e+00
1.413093294906616171e+00
1.419951356315612756e+00
1.298462361526489195e+00
1.269302946472167903e+00
1.265773287773132250e+00
1.276948780822753982e+00
1.314896555137634371e+00
