1.598999999999999866e-01
2.772000000000000020e-01
2.442999999999999894e-01
3.585999999999999743e-01
3.338999999999999746e-01
3.729000000000000092e-01
4.016000000000000125e-01
4.148999999999999910e-01
4.122000000000000108e-01
3.672000000000000264e-01
4.243000000000000105e-01
4.102000000000000091e-01
4.667000000000000037e-01
4.356999999999999762e-01
4.255999999999999783e-01
4.012000000000000011e-01
4.097999999999999976e-01
4.081000000000000183e-01
4.837000000000000188e-01
4.774999999999999800e-01
4.234999999999999876e-01
4.279000000000000026e-01
4.577999999999999847e-01
4.880999999999999783e-01
4.964999999999999969e-01
4.722999999999999976e-01
4.984999999999999987e-01
4.970999999999999863e-01
5.046000000000000485e-01
5.117000000000000437e-01
5.138000000000000345e-01
5.230000000000000204e-01
5.214999999999999636e-01
5.182999999999999829e-01
5.150000000000000133e-01
5.185999999999999499e-01
5.205999999999999517e-01
5.220000000000000195e-01
5.225999999999999535e-01
5.240000000000000213e-01
5.244999999999999662e-01
5.237000000000000544e-01
5.237000000000000544e-01
5.199000000000000288e-01
5.248000000000000442e-01
5.260000000000000231e-01
5.262000000000000011e-01
5.251000000000000112e-01
5.258000000000000451e-01
5.265999999999999570e-01
5.275999999999999579e-01
5.266999999999999460e-01
5.258000000000000451e-01
5.286999999999999478e-01
5.283999999999999808e-01
5.293999999999999817e-01
5.269000000000000350e-01
5.273999999999999799e-01
5.278000000000000469e-01
5.283999999999999808e-01
5.264999999999999680e-01
5.275999999999999579e-01
5.291000000000000147e-01
5.290000000000000258e-01
5.279000000000000359e-01
5.296999999999999487e-01
5.254999999999999671e-01
5.272999999999999909e-01
5.276999999999999469e-01
5.282000000000000028e-01
5.275999999999999579e-01
5.272999999999999909e-01
5.289000000000000368e-01
5.284999999999999698e-01
5.286999999999999478e-01
5.271000000000000130e-01
5.273999999999999799e-01
5.289000000000000368e-01
5.282000000000000028e-01
5.284999999999999698e-01
5.269000000000000350e-01
5.269000000000000350e-01
5.278000000000000469e-01
5.295999999999999597e-01
5.292000000000000037e-01
5.299000000000000377e-01
5.268000000000000460e-01
5.280000000000000249e-01
5.283999999999999808e-01
5.285999999999999588e-01
5.281000000000000139e-01
5.279000000000000359e-01
5.272999999999999909e-01
5.304999999999999716e-01
5.290000000000000258e-01
5.290000000000000258e-01
5.271000000000000130e-01
5.266999999999999460e-01
5.286999999999999478e-01
5.288000000000000478e-01
