1.019999999999999934e-01
2.750000000000000222e-01
3.118000000000000216e-01
3.230999999999999983e-01
3.620999999999999774e-01
3.583000000000000074e-01
3.950000000000000178e-01
3.910000000000000142e-01
4.404000000000000137e-01
4.549000000000000266e-01
4.244999999999999885e-01
4.118999999999999884e-01
4.167000000000000148e-01
4.285999999999999810e-01
4.107000000000000095e-01
4.200999999999999734e-01
4.208999999999999964e-01
4.092999999999999972e-01
4.583999999999999742e-01
4.437999999999999723e-01
4.592999999999999861e-01
4.751000000000000223e-01
4.264000000000000012e-01
4.480999999999999983e-01
4.666000000000000147e-01
4.312000000000000277e-01
4.667000000000000037e-01
4.731000000000000205e-01
4.842000000000000193e-01
4.939000000000000057e-01
4.878000000000000114e-01
4.858999999999999986e-01
5.009000000000000119e-01
5.051999999999999824e-01
4.857000000000000206e-01
4.828999999999999959e-01
4.907000000000000250e-01
5.013999999999999568e-01
5.062999999999999723e-01
5.071999999999999842e-01
5.112999999999999767e-01
5.067000000000000393e-01
5.062999999999999723e-01
5.059000000000000163e-01
5.083999999999999631e-01
5.008000000000000229e-01
5.042999999999999705e-01
5.073999999999999622e-01
5.087000000000000410e-01
5.064999999999999503e-01
5.100999999999999979e-01
5.100000000000000089e-01
5.104999999999999538e-01
5.113999999999999657e-01
5.107000000000000428e-01
5.100000000000000089e-01
5.100000000000000089e-01
5.101999999999999869e-01
5.110000000000000098e-01
5.100999999999999979e-01
5.090999999999999970e-01
5.104999999999999538e-01
5.092999999999999750e-01
5.108000000000000318e-01
5.108000000000000318e-01
5.102999999999999758e-01
5.079000000000000181e-01
5.114999999999999547e-01
5.104999999999999538e-01
5.100999999999999979e-01
5.110999999999999988e-01
5.110999999999999988e-01
5.110999999999999988e-01
5.097000000000000419e-01
5.120000000000000107e-01
5.106000000000000538e-01
5.109000000000000208e-01
5.116000000000000547e-01
5.100999999999999979e-01
5.113999999999999657e-01
5.104999999999999538e-01
5.108000000000000318e-01
5.102999999999999758e-01
5.100000000000000089e-01
5.104999999999999538e-01
5.109000000000000208e-01
5.110999999999999988e-01
5.099000000000000199e-01
5.110999999999999988e-01
5.094999999999999529e-01
5.109000000000000208e-01
5.103999999999999648e-01
5.104999999999999538e-01
5.112999999999999767e-01
5.111999999999999877e-01
5.101999999999999869e-01
5.100999999999999979e-01
5.118000000000000327e-01
5.099000000000000199e-01
5.101999999999999869e-01
