2.288131418991088850e+00
1.887568641281127890e+00
1.724906245231628388e+00
1.617972826957702726e+00
1.493892245292663512e+00
1.433781840515136796e+00
1.317990883064269925e+00
1.267082432365417510e+00
1.172119157218933116e+00
1.101771409988403283e+00
1.008287773704528822e+00
9.667300254821776795e-01
9.049379165649413803e-01
9.049968227386474551e-01
8.260389222145080312e-01
8.461234955787658718e-01
8.130779777526855323e-01
8.221821622848510813e-01
8.609772615432739196e-01
9.070311302185058988e-01
1.006925584411621166e+00
1.003051316833496021e+00
1.027348345756530668e+00
9.976430562973022109e-01
1.027389780616760229e+00
1.154716181182861234e+00
1.230027818489074720e+00
1.270546323394775357e+00
1.270203499984741136e+00
1.249906931495666562e+00
1.247411683654785053e+00
1.179750176811218187e+00
1.184905676078796377e+00
1.232092860221862818e+00
1.239508483695983987e+00
1.252207383918762185e+00
1.185096223449707109e+00
1.212533484649658266e+00
1.258839014053344751e+00
1.294998672294616737e+00
1.328726804733276312e+00
1.345789695930480923e+00
1.266664250183105578e+00
1.260051209449768006e+00
1.318640072822570897e+00
1.281653682899475122e+00
1.241420839500427142e+00
1.124408920860290539e+00
1.157147523689270097e+00
1.198737199401855413e+00
1.188681063079833899e+00
1.278077571105957100e+00
1.235438892936706612e+00
1.159684598350524842e+00
1.119260266876220600e+00
1.169253189086914002e+00
1.229375169944763257e+00
1.264585608482360790e+00
1.295185430908203150e+00
1.321817603683471676e+00
1.338935574150085461e+00
1.361040419387817391e+00
1.371712597656250088e+00
1.382520932579040629e+00
1.394333157539367596e+00
1.404261266136169528e+00
1.416283980751037674e+00
1.421943247413635314e+00
1.432341981124877872e+00
1.442044800758361722e+00
1.292887880325317429e+00
1.244480152511596716e+00
1.215248637580871538e+00
1.246505223274230856e+00
1.305923261642456090e+00
1.312795825576782205e+00
1.344620450210571194e+00
1.203216279602050687e+00
1.144326701927184997e+00
1.194839912223816025e+00
1.182921598815918074e+00
1.239346809387207093e+00
1.156237874794006304e+00
1.130765138626098620e+00
1.076473556327819825e+00
1.209316611862182533e+00
1.238415320014953691e+00
1.281370745277404799e+00
1.327209436035156287e+00
1.349816939544677741e+00
1.356232417106628452e+00
1.377298064422607382e+00
1.393463204193115201e+00
1.413093362426757871e+00
1.419951356315612756e+00
1.298462230873107970e+00
1.269302973365783682e+00
1.265773340797424318e+00
1.276948906898498493e+00
1.314896500205993579e+00
