1.057708387756347612e+01
1.975130421066284114e+00
1.862811340141296457e+00
1.877067479896545432e+00
1.754627008628845131e+00
1.865691528511047359e+00
1.628127314949035620e+00
1.562502669143676748e+00
1.581183113479614155e+00
1.610831158638000415e+00
1.815423756027221724e+00
1.551440034675598101e+00
1.933737396430969202e+00
1.768344250869750889e+00
1.839390073776245194e+00
2.496019492340087798e+00
1.933856241989135638e+00
2.930388840103149484e+00
2.459808769989013655e+00
3.031962926864624208e+00
2.189366416549682448e+00
2.796729772949218873e+00
2.881372681427001758e+00
3.054072365570068559e+00
2.748412777709960952e+00
2.911718444442748854e+00
3.032341011047363200e+00
2.821842673110961819e+00
2.949447162628173746e+00
2.753661596298217606e+00
2.699070965194702243e+00
2.736739836883544719e+00
2.710545959854126163e+00
2.712973679733276189e+00
2.737595532989502090e+00
2.805110857009887493e+00
2.730810505294799739e+00
2.630287857055664258e+00
2.625992089080810388e+00
2.578892921066284316e+00
2.575809940338134929e+00
2.555572068405151498e+00
2.524526449966430608e+00
2.498016644287109234e+00
2.471311551284789854e+00
2.450411431503296100e+00
2.435067080307006915e+00
2.409933493804931715e+00
2.400755209350585950e+00
2.379721512222289892e+00
2.401178036499023616e+00
2.389582571792602472e+00
2.398104787826538242e+00
2.400749148559570223e+00
2.388532290649413969e+00
2.385336367034911920e+00
2.384364410018920744e+00
2.384974518585205150e+00
2.391302081298828153e+00
2.382596474456787128e+00
2.375687202835083056e+00
2.369259186553954954e+00
2.378736508178711073e+00
2.376186793518066498e+00
2.375070933151245178e+00
2.379022473526001047e+00
2.370692893981933391e+00
2.359792773437499935e+00
2.363117331695556711e+00
2.365357697677612503e+00
2.367611000061035309e+00
2.361125621795654439e+00
2.359126870346069271e+00
2.357215363693237364e+00
2.358935150146484361e+00
2.359195115280151356e+00
2.355341074371338106e+00
2.352562279891967645e+00
2.361022299194336149e+00
2.350099568939208794e+00
2.359428198242187413e+00
2.357594273757934733e+00
2.353606270599365224e+00
2.351642183685302534e+00
2.363805168533325229e+00
2.350169265747070302e+00
2.355312106704711805e+00
2.355863531112670994e+00
2.354417765045166089e+00
2.359695771789550811e+00
2.349237509918213007e+00
2.359450839996338090e+00
2.354170072174072370e+00
2.348346779251098582e+00
2.363960910797119119e+00
2.356664164352416879e+00
2.358720737457275174e+00
2.354792984771728381e+00
2.351979122161865110e+00
2.354635714340210129e+00
