1.150999999999999940e-01
2.641000000000000014e-01
3.044999999999999929e-01
2.932000000000000162e-01
3.593000000000000083e-01
3.361999999999999988e-01
3.975000000000000200e-01
4.309000000000000052e-01
4.219999999999999862e-01
4.248000000000000109e-01
4.032000000000000028e-01
4.585000000000000187e-01
3.824000000000000177e-01
4.320999999999999841e-01
4.732000000000000095e-01
4.069999999999999729e-01
4.918000000000000149e-01
4.168999999999999928e-01
4.237000000000000210e-01
3.972999999999999865e-01
4.742999999999999994e-01
4.666000000000000147e-01
4.637000000000000011e-01
4.519000000000000239e-01
4.667000000000000037e-01
4.849999999999999867e-01
4.632999999999999896e-01
4.848999999999999977e-01
4.843000000000000083e-01
5.000000000000000000e-01
5.047000000000000375e-01
5.118000000000000327e-01
5.088000000000000300e-01
5.086000000000000520e-01
5.140000000000000124e-01
5.106000000000000538e-01
5.060999999999999943e-01
5.183999999999999719e-01
5.179000000000000270e-01
5.199000000000000288e-01
5.173999999999999710e-01
5.221999999999999975e-01
5.178000000000000380e-01
5.190000000000000169e-01
5.217000000000000526e-01
5.235999999999999543e-01
5.210000000000000187e-01
5.234999999999999654e-01
5.243999999999999773e-01
5.227000000000000535e-01
5.232999999999999874e-01
5.240000000000000213e-01
5.222999999999999865e-01
5.243999999999999773e-01
5.241999999999999993e-01
5.225999999999999535e-01
5.231000000000000094e-01
5.231999999999999984e-01
5.244999999999999662e-01
5.234999999999999654e-01
5.233999999999999764e-01
5.245999999999999552e-01
5.233999999999999764e-01
5.234999999999999654e-01
5.243999999999999773e-01
5.253999999999999782e-01
5.243999999999999773e-01
5.266999999999999460e-01
5.239000000000000323e-01
5.243999999999999773e-01
5.240000000000000213e-01
5.240000000000000213e-01
5.239000000000000323e-01
5.243999999999999773e-01
5.248000000000000442e-01
5.245999999999999552e-01
5.252999999999999892e-01
5.247000000000000552e-01
5.252999999999999892e-01
5.231999999999999984e-01
5.238000000000000433e-01
5.253999999999999782e-01
5.235999999999999543e-01
5.253999999999999782e-01
5.247000000000000552e-01
5.237000000000000544e-01
5.242999999999999883e-01
5.228000000000000425e-01
5.248000000000000442e-01
5.251000000000000112e-01
5.241999999999999993e-01
5.238000000000000433e-01
5.255999999999999561e-01
5.252999999999999892e-01
5.260000000000000231e-01
5.231000000000000094e-01
5.252000000000000002e-01
5.241999999999999993e-01
5.230000000000000204e-01
5.247000000000000552e-01
