2.288131443405151177e+00
1.887568629455566471e+00
1.724906208992004419e+00
1.617972854995727516e+00
1.493892193222045917e+00
1.433781840515136796e+00
1.317990843582153238e+00
1.267082453918457086e+00
1.172119181632995666e+00
1.101771474456787026e+00
1.008287812995910748e+00
9.667300525665283306e-01
9.049378738403320854e-01
9.049968500137328675e-01
8.260388825416564718e-01
8.461234745979309135e-01
8.130779563903808294e-01
8.221821714401245096e-01
8.609773042678833255e-01
9.070310506820679075e-01
1.006925628089904823e+00
1.003051403045654322e+00
1.027348387908935567e+00
9.976431268692016463e-01
1.027389893341064564e+00
1.154716258049011124e+00
1.230027752113342254e+00
1.270546427536010770e+00
1.270203482055664024e+00
1.249907096672058016e+00
1.247411848449706984e+00
1.179750103187561017e+00
1.184905712890625074e+00
1.232092882537841882e+00
1.239508427619934183e+00
1.252207287025451699e+00
1.185096310615539661e+00
1.212533438682556142e+00
1.258839197540283283e+00
1.294998739814758215e+00
1.328726654243469252e+00
1.345789729309082139e+00
1.266664084243774413e+00
1.260051164245605371e+00
1.318640167236328153e+00
1.281653754043579063e+00
1.241420895195007423e+00
1.124408878517150878e+00
1.157147627067566020e+00
1.198737290954589918e+00
1.188681159210205118e+00
1.278077484893798799e+00
1.235438809394836523e+00
1.159684568023681583e+00
1.119260217857360740e+00
1.169253262710571395e+00
1.229375116729736428e+00
1.264585638618469288e+00
1.295185656356811599e+00
1.321817654991150004e+00
1.338935505485534749e+00
1.361040337181091298e+00
1.371712671279907259e+00
1.382520998954772873e+00
1.394333151817321870e+00
1.404261436271667440e+00
1.416283689117431743e+00
1.421943280029296819e+00
1.432342071914672887e+00
1.442044917106628521e+00
1.292887901496887260e+00
1.244480052757263255e+00
1.215248729705810549e+00
1.246505097579956090e+00
1.305923148155212488e+00
1.312795814132690531e+00
1.344620425033569378e+00
1.203216194152832097e+00
1.144326635551452531e+00
1.194840003776550308e+00
1.182921713256835927e+00
1.239346872901916585e+00
1.156237780189514064e+00
1.130765208816528311e+00
1.076473642921447649e+00
1.209316633987426837e+00
1.238415257644653211e+00
1.281370720863342250e+00
1.327209464073181078e+00
1.349816893196105871e+00
1.356232417488098196e+00
1.377298051452636729e+00
1.393463167953491233e+00
1.413093316078186001e+00
1.419951338005065899e+00
1.298462326049804716e+00
1.269302934646606484e+00
1.265773312377929782e+00
1.276948854064941408e+00
1.314896475028991762e+00
