2.288131443405151177e+00
1.887568638420104916e+00
1.724906230163574250e+00
1.617972820854187033e+00
1.493892230224609374e+00
1.433781864929199124e+00
1.317990846443176212e+00
1.267082438468933203e+00
1.172119187736511137e+00
1.101771459197998126e+00
1.008287724685668962e+00
9.667300682067870854e-01
9.049379226684570732e-01
9.049968530654907140e-01
8.260389067649841488e-01
8.461234436988830376e-01
8.130779657363891300e-01
8.221821561813354995e-01
8.609774500846862910e-01
9.070310850143432635e-01
1.006925550842285189e+00
1.003051405525207551e+00
1.027348305511474713e+00
9.976430618286132868e-01
1.027389828681945838e+00
1.154716339492797950e+00
1.230027819252014210e+00
1.270546228218078610e+00
1.270203499221801868e+00
1.249906995582580560e+00
1.247411686134338282e+00
1.179750178909301672e+00
1.184905568313598723e+00
1.232092829704284576e+00
1.239508319282531801e+00
1.252207402229309041e+00
1.185096190071105893e+00
1.212533513641357530e+00
1.258839149093627929e+00
1.294998749160766627e+00
1.328726764488220136e+00
1.345789603233337406e+00
1.266664057350158634e+00
1.260051197242736842e+00
1.318640142822265604e+00
1.281653796768188469e+00
1.241420811843872096e+00
1.124408863258361757e+00
1.157147572135925229e+00
1.198737211608886799e+00
1.188681207275390728e+00
1.278077668762207075e+00
1.235438798904418878e+00
1.159684574317932038e+00
1.119260132789611895e+00
1.169253259468078676e+00
1.229375131988525327e+00
1.264585571479797332e+00
1.295185629081726075e+00
1.321817564964294478e+00
1.338935442352295002e+00
1.361040322875976649e+00
1.371712750625610377e+00
1.382521090888977122e+00
1.394333195304870543e+00
1.404261476135253872e+00
1.416283796882629398e+00
1.421943188095092792e+00
1.432342183494567767e+00
1.442044757270813049e+00
1.292887862014770572e+00
1.244480220031738193e+00
1.215248679924011199e+00
1.246505177307128953e+00
1.305923213195800736e+00
1.312795909309387277e+00
1.344620442581176745e+00
1.203216212654113715e+00
1.144326564598083573e+00
1.194839723205566306e+00
1.182921618652343687e+00
1.239346706008911170e+00
1.156237701416015673e+00
1.130765039634704650e+00
1.076473553466796851e+00
1.209316658020019641e+00
1.238415313148498509e+00
1.281370827674865653e+00
1.327209474182128979e+00
1.349816683769226033e+00
1.356232561492919819e+00
1.377298039245605565e+00
1.393463183021545371e+00
1.413093312835693283e+00
1.419951421356201227e+00
1.298462235260009701e+00
1.269302897262573282e+00
1.265773276329040575e+00
1.276948890686035121e+00
1.314896368408203120e+00
