4.192681781768798466e+00
1.949671572494506844e+00
2.013601737594604479e+00
1.917106853103637709e+00
1.957264930725097551e+00
1.722679703903198245e+00
1.976921395874023490e+00
1.627773716735839926e+00
1.546355454444885202e+00
1.538751339721679656e+00
1.693592629432678187e+00
1.626211054801940836e+00
1.621953087425231921e+00
2.021647174453735207e+00
1.714268896865844827e+00
1.951790036010742080e+00
1.985192609786987195e+00
2.206631451034545943e+00
2.488602739334106584e+00
2.561005809402465694e+00
2.331335392379760840e+00
2.726245084381103467e+00
3.021768673706054731e+00
2.624440350341796790e+00
2.835927642440795982e+00
2.699072670745849667e+00
2.723489645767211975e+00
2.921937458801269649e+00
2.747773360061645409e+00
2.754865060806274357e+00
2.763461365127563685e+00
2.665020516586303678e+00
2.678913229751586744e+00
2.661136430740356662e+00
2.620982409667968582e+00
2.615534079360962050e+00
2.582807667922973671e+00
2.558157065200805658e+00
2.542537341690063624e+00
2.529789035034179623e+00
2.504530874633788873e+00
2.498904024124145362e+00
2.484783524703979563e+00
2.455097363281249834e+00
2.450878677368164116e+00
2.418823534393310659e+00
2.418369552612304574e+00
2.405383739471435689e+00
2.391039733886718643e+00
2.375576637268066449e+00
2.386949406814575347e+00
2.379457156753539859e+00
2.370023289108276199e+00
2.374471535491943452e+00
2.371782279205322475e+00
2.379898127746582048e+00
2.373405627441406374e+00
2.374006859970092975e+00
2.376307592773437616e+00
2.368894998550414854e+00
2.363642047500610133e+00
2.368022500610351688e+00
2.367405372238159167e+00
2.362643999099731662e+00
2.366218185424804776e+00
2.364610782241821418e+00
2.354494111251831168e+00
2.356949518585205183e+00
2.362831188583374153e+00
2.359707047271728531e+00
2.358937973022460888e+00
2.354763914871215835e+00
2.354183651733398275e+00
2.353586954498291028e+00
2.355235815048217773e+00
2.350375901412963930e+00
2.348010462188720560e+00
2.357473331832885766e+00
2.362378568267822221e+00
2.351732087326049658e+00
2.347644101715087750e+00
2.351701958847046026e+00
2.350996089935302624e+00
2.349342753219604507e+00
2.347752436828613121e+00
2.348174206924438678e+00
2.354642369842529170e+00
2.349764656066894553e+00
2.354539566040039222e+00
2.356076492691040247e+00
2.356504862594604344e+00
2.351039309692382950e+00
2.357253321456909134e+00
2.346400812530517577e+00
2.351939967727661340e+00
2.349641725921630897e+00
2.350453357696533185e+00
2.346681648254394403e+00
2.350598115158081036e+00
2.353346973037719891e+00
