1.218999999999999945e-01
2.837000000000000077e-01
2.916000000000000258e-01
3.119999999999999996e-01
3.170000000000000040e-01
3.691999999999999726e-01
3.390000000000000235e-01
4.047999999999999932e-01
4.354000000000000092e-01
4.380999999999999894e-01
4.202000000000000179e-01
4.384000000000000119e-01
4.507999999999999785e-01
3.840000000000000080e-01
4.460000000000000075e-01
4.112000000000000099e-01
4.632999999999999896e-01
4.486999999999999877e-01
3.922999999999999821e-01
4.475999999999999979e-01
4.823000000000000065e-01
4.727999999999999980e-01
4.336999999999999744e-01
4.668999999999999817e-01
4.777000000000000135e-01
4.867000000000000215e-01
5.010999999999999899e-01
4.788999999999999924e-01
5.037000000000000366e-01
4.990999999999999881e-01
5.087000000000000410e-01
5.168000000000000371e-01
5.149000000000000243e-01
5.190000000000000169e-01
5.207000000000000517e-01
5.222999999999999865e-01
5.227000000000000535e-01
5.223999999999999755e-01
5.234999999999999654e-01
5.225999999999999535e-01
5.234999999999999654e-01
5.227000000000000535e-01
5.238000000000000433e-01
5.252000000000000002e-01
5.235999999999999543e-01
5.251000000000000112e-01
5.253999999999999782e-01
5.272000000000000020e-01
5.266999999999999460e-01
5.266999999999999460e-01
5.283999999999999808e-01
5.272999999999999909e-01
5.265999999999999570e-01
5.265999999999999570e-01
5.275999999999999579e-01
5.272999999999999909e-01
5.266999999999999460e-01
5.276999999999999469e-01
5.274999999999999689e-01
5.283999999999999808e-01
5.266999999999999460e-01
5.255999999999999561e-01
5.271000000000000130e-01
5.286999999999999478e-01
5.273999999999999799e-01
5.284999999999999698e-01
5.282999999999999918e-01
5.275999999999999579e-01
5.266999999999999460e-01
5.268000000000000460e-01
5.266999999999999460e-01
5.268000000000000460e-01
5.276999999999999469e-01
5.269000000000000350e-01
5.282000000000000028e-01
5.263999999999999790e-01
5.296999999999999487e-01
5.262000000000000011e-01
5.264999999999999680e-01
5.271000000000000130e-01
5.270000000000000240e-01
5.280000000000000249e-01
5.279000000000000359e-01
5.275999999999999579e-01
5.278000000000000469e-01
5.270000000000000240e-01
5.286999999999999478e-01
5.280000000000000249e-01
5.279000000000000359e-01
5.284999999999999698e-01
5.264999999999999680e-01
5.274999999999999689e-01
5.275999999999999579e-01
5.269000000000000350e-01
5.272999999999999909e-01
5.259000000000000341e-01
5.266999999999999460e-01
5.269000000000000350e-01
5.272999999999999909e-01
5.262000000000000011e-01
