2.288131449890136615e+00
1.887568629455566471e+00
1.724906175231933680e+00
1.617972792816162020e+00
1.493892218017578211e+00
1.433781828308105410e+00
1.317990834617614793e+00
1.267082420158386125e+00
1.172119178771972692e+00
1.101771480560302718e+00
1.008287785530090241e+00
9.667300407409668006e-01
9.049379135131836449e-01
9.049968410491943116e-01
8.260389340400695612e-01
8.461234343528747370e-01
8.130779594421386758e-01
8.221821622848510813e-01
8.609774238586426209e-01
9.070310634613036882e-01
1.006925554656982413e+00
1.003051289939880464e+00
1.027348355102539079e+00
9.976431632995605980e-01
1.027389945411682159e+00
1.154716313552856422e+00
1.230027839279174806e+00
1.270546307563781729e+00
1.270203514289856006e+00
1.249907118988037080e+00
1.247411707305908113e+00
1.179750158119201586e+00
1.184905660247802750e+00
1.232092872428893982e+00
1.239508447074890052e+00
1.252207325363159152e+00
1.185096284484863371e+00
1.212533519744873001e+00
1.258839012718200756e+00
1.294998702812194757e+00
1.328726837348938039e+00
1.345789790725707924e+00
1.266664161491394047e+00
1.260051117515563979e+00
1.318640008926391660e+00
1.281653750801086344e+00
1.241420851325988783e+00
1.124408895492553739e+00
1.157147629737854011e+00
1.198737150955200281e+00
1.188681149291992201e+00
1.278077652168273959e+00
1.235438813591003493e+00
1.159684568023681583e+00
1.119260120201110764e+00
1.169253211212158305e+00
1.229375132369995072e+00
1.264585674858093256e+00
1.295185510253906269e+00
1.321817511749267648e+00
1.338935545730590926e+00
1.361040374183654755e+00
1.371712692070007344e+00
1.382521176719665457e+00
1.394333086776733399e+00
1.404261363410949759e+00
1.416283806991577077e+00
1.421943174552917410e+00
1.432342096328735437e+00
1.442044827651977501e+00
1.292887846183776945e+00
1.244480110931396544e+00
1.215248698234558056e+00
1.246505241584777934e+00
1.305923120498657219e+00
1.312795894241332917e+00
1.344620360755920396e+00
1.203216172981262266e+00
1.144326617050170913e+00
1.194839949226379483e+00
1.182921609115600514e+00
1.239346858215331970e+00
1.156237774467468338e+00
1.130765072059631393e+00
1.076473514366149908e+00
1.209316571807861340e+00
1.238415322113037176e+00
1.281370806312561061e+00
1.327209453582763654e+00
1.349816759300231928e+00
1.356232552146911630e+00
1.377298114967346221e+00
1.393463220024108828e+00
1.413093267250061125e+00
1.419951347732544056e+00
1.298462262535095224e+00
1.269302946090698159e+00
1.265773364067077633e+00
1.276948769378662085e+00
1.314896576309204201e+00
