1.346931962127685622e+01
2.100755148315429643e+00
2.005140076446533026e+00
1.873436647605895899e+00
2.004127097702026461e+00
1.920965510559081935e+00
1.778411488151550257e+00
1.661595547866821398e+00
1.633171846389770421e+00
1.656762467384338411e+00
1.681363843727111895e+00
1.591390991973876901e+00
1.818092649650573822e+00
1.578543706893920984e+00
1.685004609680175847e+00
1.607596058654785054e+00
1.738965624237060581e+00
1.658701794815063524e+00
1.778172609519958591e+00
1.909792210006713953e+00
1.945850213623046887e+00
2.286045399475097550e+00
1.995377563095092732e+00
2.126563607788086063e+00
2.495160377883911096e+00
2.543673840332031144e+00
2.355738410949706818e+00
2.427905993270873974e+00
2.346692600631713699e+00
2.590439744186401327e+00
2.723543605804443324e+00
2.613861635208130085e+00
2.563470017242431620e+00
2.664735525512695435e+00
2.722890067672729675e+00
2.629903009033203176e+00
2.630404467010498237e+00
2.636496389389038075e+00
2.671614952850341673e+00
2.635998826599120992e+00
2.533239271926879699e+00
2.539118674850463719e+00
2.512637631988525300e+00
2.560272838973999043e+00
2.504634840774536020e+00
2.462567793273925609e+00
2.458872622680663866e+00
2.440863695907592668e+00
2.417993801879882998e+00
2.412088985061645374e+00
2.433097656631469707e+00
2.418469081497192530e+00
2.423492734527588066e+00
2.433986550521850756e+00
2.423681652450561330e+00
2.423466088485717762e+00
2.420974803924560437e+00
2.424770577621460088e+00
2.418047502899169920e+00
2.410565663528442482e+00
2.405631398010253719e+00
2.411568279266357528e+00
2.404189564895629960e+00
2.412918527221679543e+00
2.416397374725341773e+00
2.403635911178588991e+00
2.415584960937500192e+00
2.411493985366821136e+00
2.410441676330566274e+00
2.414479034423828274e+00
2.409975678253173825e+00
2.407246223831176923e+00
2.406890900802612254e+00
2.394973710632324337e+00
2.401552544021606561e+00
2.413895687484741259e+00
2.402564815902709761e+00
2.402795008468627813e+00
2.400696426391601523e+00
2.404748324584960795e+00
2.405350064849853364e+00
2.402895626831054621e+00
2.396800220870971554e+00
2.391496508407592980e+00
2.403553162002563415e+00
2.404235993957519746e+00
2.395563523864745914e+00
2.399497276306152393e+00
2.399166891098022614e+00
2.408629856872558594e+00
2.398028091049194455e+00
2.406781372833251886e+00
2.401039395523071107e+00
2.401265524291992026e+00
2.406223742294311574e+00
2.397654249191284226e+00
2.398645521545410109e+00
2.397430090713501105e+00
2.400567181396484173e+00
2.403793094253539930e+00
