1.320000000000000062e-01
1.970999999999999974e-01
2.391000000000000070e-01
3.081999999999999740e-01
2.923999999999999932e-01
3.195000000000000062e-01
3.397999999999999909e-01
3.795999999999999930e-01
3.942999999999999838e-01
3.935000000000000164e-01
4.020000000000000240e-01
4.152000000000000135e-01
3.729999999999999982e-01
4.264999999999999902e-01
4.355999999999999872e-01
4.440999999999999948e-01
4.445999999999999952e-01
4.527999999999999803e-01
4.345999999999999863e-01
4.325999999999999845e-01
4.595000000000000195e-01
4.288000000000000145e-01
4.520000000000000129e-01
4.588999999999999746e-01
4.426999999999999824e-01
4.563999999999999724e-01
4.597999999999999865e-01
4.462999999999999745e-01
4.980999999999999872e-01
4.756000000000000227e-01
4.813999999999999946e-01
4.767000000000000126e-01
4.956999999999999740e-01
4.937000000000000277e-01
4.887000000000000233e-01
5.046000000000000485e-01
5.135999999999999455e-01
5.033999999999999586e-01
4.979999999999999982e-01
5.076000000000000512e-01
5.175999999999999490e-01
5.190000000000000169e-01
5.188000000000000389e-01
5.141999999999999904e-01
5.211000000000000076e-01
5.225999999999999535e-01
5.219000000000000306e-01
5.232999999999999874e-01
5.242999999999999883e-01
5.221000000000000085e-01
5.228000000000000425e-01
5.245999999999999552e-01
5.228000000000000425e-01
5.222999999999999865e-01
5.231999999999999984e-01
5.234999999999999654e-01
5.219000000000000306e-01
5.225999999999999535e-01
5.234999999999999654e-01
5.249000000000000332e-01
5.231999999999999984e-01
5.224999999999999645e-01
5.237000000000000544e-01
5.231000000000000094e-01
5.250000000000000222e-01
5.211999999999999966e-01
5.239000000000000323e-01
5.231000000000000094e-01
5.212999999999999856e-01
5.233999999999999764e-01
5.223999999999999755e-01
5.215999999999999526e-01
5.235999999999999543e-01
5.245999999999999552e-01
5.230000000000000204e-01
5.233999999999999764e-01
5.219000000000000306e-01
5.208000000000000407e-01
5.227000000000000535e-01
5.237000000000000544e-01
5.227000000000000535e-01
5.218000000000000416e-01
5.217000000000000526e-01
5.233999999999999764e-01
5.242999999999999883e-01
5.241000000000000103e-01
5.230000000000000204e-01
5.221000000000000085e-01
5.245999999999999552e-01
5.244999999999999662e-01
5.227000000000000535e-01
5.223999999999999755e-01
5.242999999999999883e-01
5.220000000000000195e-01
5.233999999999999764e-01
5.244999999999999662e-01
5.220000000000000195e-01
5.219000000000000306e-01
5.221999999999999975e-01
5.241999999999999993e-01
