2.407648214721679558e+00
2.005718139076233086e+00
1.964749150657653765e+00
2.034739073944091814e+00
1.790956485748290916e+00
1.851132850265502894e+00
1.803442901611328031e+00
1.612105960655212389e+00
1.613984584045410120e+00
1.710622477149963405e+00
1.803030104064941463e+00
1.648006307983398422e+00
2.089952734375000176e+00
1.666257322692871190e+00
1.804947596359252948e+00
2.142429137039184361e+00
2.324471516418456840e+00
2.426083315658569273e+00
2.607652343749999879e+00
2.925558374023437658e+00
2.547935671997070273e+00
2.655291547775268768e+00
3.178718954467773639e+00
2.829377069473266726e+00
3.058426099014282418e+00
2.855971836471557612e+00
2.957479058456420784e+00
2.923385327911376841e+00
2.865680384826660099e+00
3.475223787689209143e+00
2.846769493484496927e+00
2.791225860214233467e+00
2.841946037673950265e+00
2.791865869140624845e+00
2.752569083023071350e+00
2.783566164779663232e+00
2.770237230300903519e+00
2.846909573745727506e+00
2.690206872940063665e+00
2.790603252410888580e+00
2.734187524032592798e+00
2.756707860183715830e+00
2.822356823730468811e+00
2.957532548141479367e+00
2.796593746948242032e+00
2.730337764739990014e+00
2.693970683670043886e+00
2.667077468490600456e+00
2.627806408691406137e+00
2.614209756469726642e+00
2.635656442260742249e+00
2.626028924179077073e+00
2.627785456848144463e+00
2.615699332427978696e+00
2.616647502517700286e+00
2.606400240707397398e+00
2.619645980072021541e+00
2.616000842285156391e+00
2.614189490890503009e+00
2.605900699615478544e+00
2.613802831649780334e+00
2.608992403793334969e+00
2.599844715499878056e+00
2.604421323013305756e+00
2.601672624969482595e+00
2.604913132095336703e+00
2.594844455337524280e+00
2.604149884033203133e+00
2.581830968856811737e+00
2.593160617446899519e+00
2.590816189193725805e+00
2.588694391632079927e+00
2.580495543670654257e+00
2.583970566940307467e+00
2.578569832992553490e+00
2.589218613052368223e+00
2.581139104843139798e+00
2.584071659469604487e+00
2.593369534301757984e+00
2.578708566284179771e+00
2.581289109039306862e+00
2.588778391265869061e+00
2.580024399948120273e+00
2.586056790161132657e+00
2.584637989807128999e+00
2.574918815231323155e+00
2.575132178497314239e+00
2.588655567550659065e+00
2.589576124954223513e+00
2.582414572525024266e+00
2.584528550338744957e+00
2.588614733123779210e+00
2.585871692276000999e+00
2.582962613296508891e+00
2.579465992736816204e+00
2.577613687515258878e+00
2.574535040664672980e+00
2.581360315322875909e+00
2.581997878265380741e+00
2.569158357238769508e+00
