1.378000000000000058e-01
2.490999999999999881e-01
2.605000000000000093e-01
3.134000000000000119e-01
3.852999999999999758e-01
3.746999999999999775e-01
3.684999999999999942e-01
3.556000000000000272e-01
3.950000000000000178e-01
4.109999999999999765e-01
4.328000000000000180e-01
4.212000000000000188e-01
3.921000000000000041e-01
4.174999999999999822e-01
4.501999999999999891e-01
3.936999999999999944e-01
4.395000000000000018e-01
4.389000000000000123e-01
4.596000000000000085e-01
4.526000000000000023e-01
4.442999999999999727e-01
4.597999999999999865e-01
4.676000000000000156e-01
4.788000000000000034e-01
4.500000000000000111e-01
4.223000000000000087e-01
4.807000000000000162e-01
4.475999999999999979e-01
4.746000000000000218e-01
4.506000000000000005e-01
4.837000000000000188e-01
4.829999999999999849e-01
4.642999999999999905e-01
4.842000000000000193e-01
4.647000000000000020e-01
4.719999999999999751e-01
4.707999999999999963e-01
4.784999999999999809e-01
4.400999999999999912e-01
4.799999999999999822e-01
4.738999999999999879e-01
5.003999999999999559e-01
4.859999999999999876e-01
5.020999999999999908e-01
5.002999999999999670e-01
4.951999999999999735e-01
4.994999999999999996e-01
5.001999999999999780e-01
5.013999999999999568e-01
5.046000000000000485e-01
5.029000000000000137e-01
5.046000000000000485e-01
5.038000000000000256e-01
5.046000000000000485e-01
5.044999999999999485e-01
5.043999999999999595e-01
5.061999999999999833e-01
5.078000000000000291e-01
5.070000000000000062e-01
5.057000000000000384e-01
5.070000000000000062e-01
5.061999999999999833e-01
5.067000000000000393e-01
5.060000000000000053e-01
5.071999999999999842e-01
5.062999999999999723e-01
5.067000000000000393e-01
5.070999999999999952e-01
5.060999999999999943e-01
5.057000000000000384e-01
5.080000000000000071e-01
5.066000000000000503e-01
5.080000000000000071e-01
5.070000000000000062e-01
5.086000000000000520e-01
5.062999999999999723e-01
5.078000000000000291e-01
5.079000000000000181e-01
5.077000000000000401e-01
5.071999999999999842e-01
5.078000000000000291e-01
5.063999999999999613e-01
5.070000000000000062e-01
5.087000000000000410e-01
5.080999999999999961e-01
5.052999999999999714e-01
5.079000000000000181e-01
5.067000000000000393e-01
5.084999999999999520e-01
5.061999999999999833e-01
5.064999999999999503e-01
5.077000000000000401e-01
5.053999999999999604e-01
5.078000000000000291e-01
5.079000000000000181e-01
5.082999999999999741e-01
5.087000000000000410e-01
5.059000000000000163e-01
5.078000000000000291e-01
5.070999999999999952e-01
