2.288131455612182563e+00
1.887568641662597635e+00
1.724906224060058557e+00
1.617972814750671340e+00
1.493892214775085492e+00
1.433781858825683653e+00
1.317990843582153238e+00
1.267082447814941393e+00
1.172119126701354874e+00
1.101771428871154868e+00
1.008287770462036104e+00
9.667300252914429182e-01
9.049378982543945238e-01
9.049968441009521580e-01
8.260389126777648583e-01
8.461234620094298942e-01
8.130779260635375705e-01
8.221821043014526653e-01
8.609773475646972374e-01
9.070311399459838331e-01
1.006925575256347738e+00
1.003051326370239194e+00
1.027348332786560015e+00
9.976431272506713910e-01
1.027389865493774312e+00
1.154716107940673808e+00
1.230027899742126563e+00
1.270546111488342289e+00
1.270203582572936973e+00
1.249907034301757758e+00
1.247411683273315530e+00
1.179750134468078526e+00
1.184905708885192865e+00
1.232092811775207464e+00
1.239508429145812940e+00
1.252207441711425728e+00
1.185096266174316515e+00
1.212533472824096625e+00
1.258838996124267640e+00
1.294998642158508240e+00
1.328726715278625514e+00
1.345789674377441347e+00
1.266664124870300334e+00
1.260051142311096273e+00
1.318640042304992654e+00
1.281653757286071782e+00
1.241420833015441927e+00
1.124408868980407705e+00
1.157147647666931123e+00
1.198737260818481420e+00
1.188681136131286564e+00
1.278077699279785095e+00
1.235438914489746187e+00
1.159684557723998921e+00
1.119260136413574136e+00
1.169253188323974513e+00
1.229375141525268500e+00
1.264585486412048265e+00
1.295185601806640552e+00
1.321817663955688449e+00
1.338935668182372973e+00
1.361040472984313965e+00
1.371712756347656326e+00
1.382521069717407292e+00
1.394333113098144450e+00
1.404261347579956132e+00
1.416283705329895115e+00
1.421943277549743589e+00
1.432341958045959540e+00
1.442044849205017076e+00
1.292887837219238278e+00
1.244480070686340367e+00
1.215248658752441369e+00
1.246505152893066404e+00
1.305923237609863286e+00
1.312795902824401839e+00
1.344620523071289098e+00
1.203216353034973096e+00
1.144326642227172952e+00
1.194839921951293960e+00
1.182921727180481053e+00
1.239346922111511207e+00
1.156237734222412161e+00
1.130765083694458051e+00
1.076473578071594162e+00
1.209316575241088820e+00
1.238415282630920489e+00
1.281370790481567434e+00
1.327209473037719745e+00
1.349816736221313374e+00
1.356232649421691860e+00
1.377297957801818740e+00
1.393463189125061064e+00
1.413093340492248551e+00
1.419951466560363862e+00
1.298462207603454655e+00
1.269302992057800283e+00
1.265773412704467749e+00
1.276948821067810158e+00
1.314896518135070691e+00
