2.822902032852173004e+00
2.402647726821899532e+00
1.875288282775879001e+00
1.872264093971252485e+00
1.711576328277587988e+00
1.723702680397033671e+00
1.696073637390136613e+00
1.639792012023925771e+00
1.721381547355651964e+00
1.664970278167724693e+00
1.643231103706359830e+00
1.725930830383300751e+00
1.640384625244140526e+00
1.733832970046996991e+00
1.928298241424560633e+00
1.983995433044433598e+00
2.114545822906494177e+00
2.359655302429199075e+00
2.201717498779296900e+00
4.272299308776855042e+00
2.350915173339843900e+00
2.512033367919921822e+00
2.753175784301757911e+00
2.725993541717529389e+00
2.982455270385742097e+00
3.107014348220825006e+00
2.770440734481811607e+00
2.659345303344726741e+00
2.854448073196411251e+00
2.665803668594360243e+00
2.583900306320190410e+00
2.641428884887695450e+00
2.556698254394531133e+00
2.587832001113891778e+00
2.512309176635742158e+00
2.496520943832397421e+00
2.484613936233520448e+00
2.472291847229004080e+00
2.466131166076660275e+00
2.449247531890869300e+00
2.429181217956542849e+00
2.413835830688476403e+00
2.396054585266113257e+00
2.418227521896362475e+00
2.396779834747314375e+00
2.402769878768920897e+00
2.601258418273925788e+00
2.410124960327148624e+00
2.379863171386718879e+00
2.373322363281249903e+00
2.384136292266845647e+00
2.376771686172485243e+00
2.371436638259887708e+00
2.377398918533325300e+00
2.366773549652099629e+00
2.358790653610229437e+00
2.355179000854492166e+00
2.359830770874023376e+00
2.357561561965942243e+00
2.360147277832031154e+00
2.357533275604247969e+00
2.355486458587646492e+00
2.354734134292602477e+00
2.359964409637451244e+00
2.349253404235839948e+00
2.362891493225097506e+00
2.358300527954101611e+00
2.338019997024536334e+00
2.352977272415161192e+00
2.344998513031006038e+00
2.342309550857543776e+00
2.348830832290649262e+00
2.340968792724609226e+00
2.340373127365112271e+00
2.345534057617187695e+00
2.341580375671386882e+00
2.348110380935668928e+00
2.341760806655883709e+00
2.346962145233154384e+00
2.354431496810913238e+00
2.352494134902954226e+00
2.350754315567016750e+00
2.343377983093261729e+00
2.345882445526123128e+00
2.339453691101074373e+00
2.343497583770751902e+00
2.347451973724365093e+00
2.331313962936401474e+00
2.349178951263427795e+00
2.347289484786987401e+00
2.349628773117065528e+00
2.340340716171264823e+00
2.345262120819091578e+00
2.341604344558716022e+00
2.337033344268798718e+00
2.336533157730102506e+00
2.343845077133178911e+00
2.339669005966186432e+00
2.330965213012695436e+00
2.345734005737304617e+00
