2.288131455612182563e+00
1.887568586730957065e+00
1.724906224060058557e+00
1.617972857856750490e+00
1.493892229843139630e+00
1.433781901550293059e+00
1.317990867996215787e+00
1.267082401847839268e+00
1.172119163322448809e+00
1.101771471214294529e+00
1.008287788963317944e+00
9.667300466537475101e-01
9.049379104614257985e-01
9.049967649459839114e-01
8.260389189720154235e-01
8.461234255790710534e-01
8.130779016494751321e-01
8.221821468353271989e-01
8.609773766517638816e-01
9.070310663223266623e-01
1.006925661277771056e+00
1.003051387023925711e+00
1.027348332595825253e+00
9.976430955886841367e-01
1.027389838027954028e+00
1.154716197013855083e+00
1.230027869415283304e+00
1.270546380805969156e+00
1.270203530502319378e+00
1.249907068634033225e+00
1.247411761474609415e+00
1.179750005912780786e+00
1.184905641746520910e+00
1.232092973327636676e+00
1.239508521461486712e+00
1.252207390022277878e+00
1.185096282768249409e+00
1.212533510780334556e+00
1.258838986778259228e+00
1.294998632049560561e+00
1.328726715660095259e+00
1.345789695549011178e+00
1.266664170837402237e+00
1.260051206207275287e+00
1.318640129852294951e+00
1.281653716659545861e+00
1.241420760154724023e+00
1.124408972358703629e+00
1.157147578048706160e+00
1.198737272644043061e+00
1.188681069564819337e+00
1.278077540206909113e+00
1.235438890457153382e+00
1.159684543418884273e+00
1.119260160636901924e+00
1.169253311347961510e+00
1.229375170898437508e+00
1.264585675621032745e+00
1.295185522079467688e+00
1.321817545127868643e+00
1.338935508728027246e+00
1.361040378189086963e+00
1.371712726211547828e+00
1.382521077919006247e+00
1.394333161544799804e+00
1.404261369514465230e+00
1.416283853912353452e+00
1.421943289375305230e+00
1.432342170715332097e+00
1.442044760513305768e+00
1.292887954330444344e+00
1.244480150413513231e+00
1.215248698425293039e+00
1.246505172729492239e+00
1.305923146057129003e+00
1.312795829200744668e+00
1.344620446205139208e+00
1.203216300964355501e+00
1.144326645088195704e+00
1.194839920997619709e+00
1.182921721839904849e+00
1.239346945953369250e+00
1.156237779998779303e+00
1.130765147590637287e+00
1.076473646163940368e+00
1.209316582107544003e+00
1.238415249061584511e+00
1.281370757865905707e+00
1.327209345245361272e+00
1.349816780853271503e+00
1.356232506179809505e+00
1.377298018455505479e+00
1.393463240051269425e+00
1.413093322181701694e+00
1.419951368141174397e+00
1.298462268257141172e+00
1.269302973747253427e+00
1.265773284721374514e+00
1.276948933792114271e+00
1.314896557998657123e+00
