1.771785241317749060e+00
2.838646232128143043e-01
1.715461294174194240e-01
1.247986912488937422e-01
9.775999737977981996e-02
8.198860026597976081e-02
6.900842617750167773e-02
6.068356524109840694e-02
5.471832313537597359e-02
4.845160639286041210e-02
4.462652422785758771e-02
4.154670667052268868e-02
3.910415486097335719e-02
3.702123162746429746e-02
3.510933389067649735e-02
3.261471598744392075e-02
3.071110471487045399e-02
2.975208234190940965e-02
2.934467490911483664e-02
2.713556983172893400e-02
2.726731241941451889e-02
2.760139428377151455e-02
2.566575991511345009e-02
2.549961527287960064e-02
2.488107211291790133e-02
2.392395236492157046e-02
2.374422817826270932e-02
2.323653473556041779e-02
2.238291840851306877e-02
2.178818889260292213e-02
2.160029075443744770e-02
2.133898097276687791e-02
2.048970759510993986e-02
2.046090502738952613e-02
2.059993063807487659e-02
2.075399893522262423e-02
1.987034963369369370e-02
1.986353053748607725e-02
1.957682429552078107e-02
1.901889613866806009e-02
1.896046135127544413e-02
1.894314936697483187e-02
1.903058966994285520e-02
1.958977869749069234e-02
2.008347426950931464e-02
1.883282520771026661e-02
1.830127258300781254e-02
1.898332147598266739e-02
1.804875180721282960e-02
1.753066336810588793e-02
1.816855310201644785e-02
1.844125378727912851e-02
1.882414696812629781e-02
1.778033110201358846e-02
1.793153132796287616e-02
1.748837395906448211e-02
1.868236455023288695e-02
1.845360111296176844e-02
1.780579726994037729e-02
1.911043181717395761e-02
1.831792394518852105e-02
1.816679751873016488e-02
1.860078273713588679e-02
1.772483457624912315e-02
1.726871151924133305e-02
1.731280061900615855e-02
1.688087433874606996e-02
1.658679965436458612e-02
1.794985005855560464e-02
1.797837149500846818e-02
1.840835715830325958e-02
1.775325880348682314e-02
1.880709497630596305e-02
1.764689291417598574e-02
1.831235866248607722e-02
1.733939377367496593e-02
1.764881483018398284e-02
1.785795237720012515e-02
1.776894290745258467e-02
1.823854613602161542e-02
1.780268400013446800e-02
1.763898232281208012e-02
1.741796890497207539e-02
1.676138572692871184e-02
1.772001556158065913e-02
1.869735478758811908e-02
1.724738689661026170e-02
1.747025647759437722e-02
1.696577569544315336e-02
1.749396617114543778e-02
1.808832009434700044e-02
1.728132114708423595e-02
1.729715035259723685e-02
1.728278102576732631e-02
1.742590862810611610e-02
1.742194762229919494e-02
1.788807063698768726e-02
1.791318766772747109e-02
1.910753832459449741e-02
1.783209395408630327e-02
