1.983519815254211505e+00
9.785847665786743255e-01
5.463484970092773452e-01
3.678067720890045300e-01
3.006050492286682085e-01
2.238682832241058462e-01
2.477934043407440112e-01
1.765294278860092270e-01
1.696620572328567389e-01
1.633244113445281864e-01
1.588837649345397895e-01
1.483461158037185645e-01
1.579591535091400267e-01
1.388684899091720548e-01
1.428429306030273571e-01
1.348906737804412836e-01
1.527527516841888366e-01
1.361936706781387285e-01
1.365583682775497465e-01
1.759464438676834053e-01
1.415321922302246183e-01
1.351156630516052171e-01
1.543197573423385482e-01
1.493343876838684192e-01
1.224812606334686332e-01
1.325368032693862996e-01
1.454063149452209380e-01
1.790820489645004177e-01
1.393927970647811931e-01
1.569448962450027407e-01
1.153122436881065388e-01
1.289834219813346949e-01
1.334343047022819584e-01
1.289636287689208960e-01
1.447400200605392373e-01
1.253996476054191622e-01
1.331658075332641522e-01
1.445763682126998961e-01
1.415134696364402644e-01
1.223460818052291843e-01
1.302104788541793845e-01
1.362843728423118461e-01
1.387303726911544854e-01
1.774431757450103675e-01
1.376351293325424330e-01
1.496854094982147110e-01
1.441977346181869402e-01
1.330302165746688747e-01
1.226633572101593073e-01
1.412213526964187504e-01
1.390671020269393932e-01
1.285429680228233340e-01
1.221994372129440315e-01
1.247835420489311203e-01
1.380461205244064293e-01
1.253627070546150246e-01
1.164133508205413836e-01
1.337832549810409610e-01
1.543728812932968208e-01
1.583612699508666899e-01
1.377612679004669161e-01
1.364759053707122749e-01
1.424992450356483420e-01
1.653202029705047593e-01
1.147517551422119197e-01
1.415228849768638553e-01
1.259906252741813670e-01
1.403442829847335871e-01
1.272934647679328790e-01
1.192618039608001751e-01
1.773594076633453476e-01
2.041444024085998510e-01
1.456409724831581043e-01
1.537966265439987268e-01
1.592752294301986726e-01
2.573723805427551303e-01
2.602978967189789050e-01
1.527777851581573476e-01
1.446457117915153634e-01
1.423043271064758364e-01
1.356920255422592037e-01
1.376165946125984252e-01
1.203146210193634102e-01
1.526378060340881360e-01
1.454175791501998993e-01
1.345089405775070079e-01
1.370323313951492261e-01
1.238952085137367265e-01
1.382225265979766804e-01
1.317997580289840820e-01
1.496709246635437029e-01
2.445610215663909792e-01
1.276226256966590811e-01
1.397512353897094606e-01
1.258473749637603889e-01
1.370292409062385530e-01
1.596611183166503911e-01
1.421060918092727776e-01
1.191105359435081501e-01
1.289233789563178911e-01
