4.340999999999999859e-01
7.456000000000000405e-01
8.386000000000000121e-01
8.787000000000000366e-01
9.018000000000000460e-01
9.354000000000000092e-01
9.393000000000000238e-01
9.467999999999999750e-01
9.494000000000000217e-01
9.500999999999999446e-01
9.540999999999999481e-01
9.566999999999999948e-01
9.547999999999999821e-01
9.535000000000000142e-01
9.573000000000000398e-01
9.526000000000000023e-01
9.594000000000000306e-01
9.569999999999999618e-01
9.580999999999999517e-01
9.636000000000000121e-01
9.616999999999999993e-01
9.595000000000000195e-01
9.575000000000000178e-01
9.453000000000000291e-01
9.596000000000000085e-01
9.568999999999999728e-01
9.631999999999999451e-01
9.605000000000000204e-01
9.583000000000000407e-01
9.572000000000000508e-01
9.599999999999999645e-01
9.572000000000000508e-01
9.635000000000000231e-01
9.619999999999999662e-01
9.543000000000000371e-01
9.640999999999999570e-01
9.608999999999999764e-01
9.610999999999999543e-01
9.637000000000000011e-01
9.644000000000000350e-01
9.566000000000000059e-01
9.546000000000000041e-01
9.645000000000000240e-01
9.625000000000000222e-01
9.615000000000000213e-01
9.659999999999999698e-01
9.641999999999999460e-01
9.592000000000000526e-01
9.566999999999999948e-01
9.677000000000000046e-01
9.680999999999999606e-01
9.680999999999999606e-01
9.646000000000000130e-01
9.660999999999999588e-01
9.661999999999999478e-01
9.664000000000000368e-01
9.650999999999999579e-01
9.520999999999999464e-01
9.529999999999999583e-01
9.645000000000000240e-01
9.586999999999999966e-01
9.683000000000000496e-01
9.685000000000000275e-01
9.648999999999999799e-01
9.630999999999999561e-01
9.645000000000000240e-01
9.628999999999999782e-01
9.593000000000000416e-01
9.628999999999999782e-01
9.619999999999999662e-01
9.606999999999999984e-01
9.615000000000000213e-01
9.631999999999999451e-01
9.633000000000000451e-01
9.638999999999999790e-01
9.635000000000000231e-01
9.580999999999999517e-01
9.607999999999999874e-01
9.555000000000000160e-01
9.635000000000000231e-01
9.544000000000000261e-01
9.503000000000000336e-01
9.660999999999999588e-01
9.651999999999999469e-01
9.636000000000000121e-01
9.635000000000000231e-01
9.620999999999999552e-01
9.679999999999999716e-01
9.660999999999999588e-01
9.636000000000000121e-01
9.650999999999999579e-01
9.646000000000000130e-01
9.630999999999999561e-01
9.526999999999999913e-01
9.518999999999999684e-01
9.526000000000000023e-01
9.620999999999999552e-01
9.651999999999999469e-01
9.622000000000000552e-01
9.676000000000000156e-01
