1.740294564056396487e+00
8.705399130821227516e-01
5.771589547157287559e-01
3.594978206634521500e-01
2.978783309459686057e-01
1.994746297836303695e-01
1.862580254077911279e-01
1.601318094015121429e-01
1.519502940416335990e-01
1.499075685501098654e-01
1.386117985486984283e-01
1.319869288921356187e-01
1.386253096103668148e-01
1.411960296154022299e-01
1.372368721723556395e-01
1.494950708866119304e-01
1.319757219433784490e-01
1.293286279439926079e-01
1.341971832752227867e-01
1.116131110429763734e-01
1.286440176248550282e-01
1.329365776538848909e-01
1.394987678766250738e-01
1.886423642396926892e-01
1.384942831277847231e-01
1.459777244806289564e-01
1.247719118237495400e-01
1.314554059624671867e-01
1.399649065494537326e-01
1.465229943752288932e-01
1.342026457309722920e-01
1.456974056243896531e-01
1.277374970436096213e-01
1.340328978776931801e-01
1.683559997081756632e-01
1.291237069129943793e-01
1.448147040605544944e-01
1.407985362052917577e-01
1.275871573686599703e-01
1.290539906978607210e-01
1.616338154315948572e-01
1.613875669240951438e-01
1.203329841256141619e-01
1.345998477458953957e-01
1.343699716210365325e-01
1.195853811144828860e-01
1.216852549910545367e-01
1.476064050197601341e-01
1.652935656785964880e-01
1.227078940033912713e-01
1.232588681221008370e-01
1.192031130671501182e-01
1.294918660283088663e-01
1.269679139256477407e-01
1.210742134571075462e-01
1.155639185547828740e-01
1.319712683200836290e-01
1.823030118465423510e-01
1.829708113670349134e-01
1.307929349064826940e-01
1.680450427770614485e-01
1.175288549661636373e-01
1.152881692290306098e-01
1.359188268184661763e-01
1.425528739213943463e-01
1.404123560190200792e-01
1.449626093864440912e-01
1.640624764680862491e-01
1.418509217739105099e-01
1.371998653411865277e-01
1.515656449556350704e-01
1.510795558214187706e-01
1.459655244946479746e-01
1.476640319228172404e-01
1.328841912508010870e-01
1.455788933992385736e-01
1.823904097318649331e-01
1.529516897439956724e-01
1.760481168985366940e-01
1.451486409664154154e-01
1.961625779390334945e-01
2.105068082094192494e-01
1.317230026960372891e-01
1.334543142318725673e-01
1.459122435331344503e-01
1.442832891941070450e-01
1.429900567531585676e-01
1.264195168495178268e-01
1.379645790815353379e-01
1.476115160226821876e-01
1.397131232500076203e-01
1.310512761473655585e-01
1.466454758882522469e-01
1.834054482698440625e-01
2.173429683208465690e-01
1.982869258880615160e-01
1.432335685014724802e-01
1.265310040950775039e-01
1.498294325351715028e-01
1.253582510709762565e-01
