1.771785277938842773e+00
2.838646186351775902e-01
1.715461290121078619e-01
1.247986920356750490e-01
9.775999432802200129e-02
8.198859645128249440e-02
6.900842390060424325e-02
6.068356466889381073e-02
5.471832111477852034e-02
4.845160800814628937e-02
4.462652546167373419e-02
4.154670429825782496e-02
3.910415716171264378e-02
3.702123448848724380e-02
3.510933083295822432e-02
3.261471434235573008e-02
3.071110541522503040e-02
2.975208205580711501e-02
2.934467576742172401e-02
2.713556892275810137e-02
2.726731291115283909e-02
2.760139336585998651e-02
2.566575819253921406e-02
2.549961455464362994e-02
2.488107038736343465e-02
2.392395175099372787e-02
2.374422852396965156e-02
2.323653650581836844e-02
2.238291621804237505e-02
2.178819047808647213e-02
2.160029254257678916e-02
2.133897795975208192e-02
2.048970946073531973e-02
2.046090783476829655e-02
2.059993287324905428e-02
2.075400071442127375e-02
1.987034967243671291e-02
1.986352995932102322e-02
1.957682508230209478e-02
1.901889376342296573e-02
1.896046309173107097e-02
1.894314892590046040e-02
1.903059071302413974e-02
1.958977987170219467e-02
2.008347487151622771e-02
1.883282325565814944e-02
1.830127319991588578e-02
1.898332071304321272e-02
1.804875095486641046e-02
1.753066556453704988e-02
1.816855533123016425e-02
1.844125246703624821e-02
1.882414589822292358e-02
1.778032892942428556e-02
1.793153093159198866e-02
1.748837339580059172e-02
1.868236321210861237e-02
1.845359805524349195e-02
1.780580022931099043e-02
1.911043172180652491e-02
1.831792635321616985e-02
1.816679709851741834e-02
1.860078133642673395e-02
1.772483461797237300e-02
1.726870909035205931e-02
1.731279983818530960e-02
1.688087428808212123e-02
1.658680269718170244e-02
1.794985084533691488e-02
1.797837071418762270e-02
1.840835807025432633e-02
1.775325959622859814e-02
1.880709315836429432e-02
1.764689289927482557e-02
1.831235866248607722e-02
1.733939284384250490e-02
1.764881464242935155e-02
1.785795157253742063e-02
1.776894378066062874e-02
1.823854581117630158e-02
1.780268402099609293e-02
1.763898653089999990e-02
1.741796703934669552e-02
1.676138622164726269e-02
1.772001480162143858e-02
1.869735462665557749e-02
1.724738424122333399e-02
1.747025847434997489e-02
1.696577582061290640e-02
1.749396584033965918e-02
1.808832025527954204e-02
1.728131964206695501e-02
1.729714679569005834e-02
1.728277899622917071e-02
1.742591220438480248e-02
1.742194529175758455e-02
1.788806747198104855e-02
1.791319039463996898e-02
1.910753679573536090e-02
1.783209439814090885e-02
