1.707627450752258191e+00
9.403121474266051827e-01
6.028739002227783139e-01
4.596966563224792468e-01
3.841324340343475474e-01
2.956633554935455543e-01
2.488130451202392457e-01
2.454172638893127312e-01
2.074120660066604560e-01
2.188514108896255361e-01
1.878409788012504467e-01
2.153776588439941519e-01
1.803120902180671559e-01
1.902323871135711553e-01
1.736742008805274851e-01
1.710220533251762265e-01
1.824893708944320680e-01
1.912819648504257286e-01
1.857545173287391549e-01
2.050567349195480393e-01
1.658572391986846972e-01
2.005592183113098226e-01
1.719687769889831630e-01
1.666879838705062900e-01
1.790329194068908669e-01
1.752697031736373812e-01
1.855374369263649015e-01
1.363545425534248290e-01
1.714256933331489430e-01
1.863037953615188647e-01
1.410094411492347766e-01
1.708148302316665756e-01
1.996603289842605600e-01
1.614510371685028145e-01
1.749414716362953093e-01
1.561389597535133289e-01
1.943267603278160116e-01
1.591062555313110249e-01
1.912529948830604676e-01
1.437938262701034531e-01
2.174728337764740005e-01
2.004261622428893941e-01
1.843250944495201105e-01
1.260668778777122578e-01
2.680576045513153316e-01
1.881362024545669420e-01
1.798471853137016407e-01
1.453741780400276129e-01
1.763763596892356789e-01
1.709674304127693223e-01
1.848346957445144711e-01
1.609899551272392371e-01
1.836057447195053038e-01
1.927596753120422446e-01
1.670751491427421576e-01
1.876358288764953530e-01
1.870599996566772449e-01
1.543688673496246277e-01
2.065641745924949590e-01
2.159995140314102113e-01
1.613072545289993276e-01
1.882391581773757983e-01
1.496433427333831723e-01
1.812671456694602834e-01
1.632198629260063205e-01
1.990211049318313663e-01
2.101085776567458985e-01
2.066064678668975696e-01
1.823182679772377135e-01
1.601238803029060298e-01
1.517385547161102244e-01
1.747698021411895619e-01
1.747848379254341167e-01
1.651960375785827551e-01
1.778389513850212045e-01
1.728003201842308045e-01
1.847114863753318847e-01
1.501542631983757148e-01
1.518497942209243723e-01
1.732141576766967894e-01
1.498032449007034306e-01
1.646672945976257463e-01
1.572900581121444707e-01
1.930971297383308471e-01
2.024924607872962967e-01
2.350592639446258680e-01
1.937519850254058873e-01
1.939992987275123704e-01
1.793302775859832721e-01
2.139869603633880735e-01
1.707935083508491381e-01
2.114225240588188115e-01
2.401944455146789448e-01
2.369565539002418397e-01
2.124516225576400796e-01
2.048797548532486079e-01
1.901268164634704605e-01
1.819878768920898393e-01
1.548128321886062531e-01
1.998022153019905212e-01
