4.433000000000000274e-01
7.509000000000000119e-01
8.279999999999999583e-01
8.476000000000000201e-01
8.606000000000000316e-01
8.973999999999999755e-01
9.136999999999999567e-01
9.153999999999999915e-01
9.357999999999999652e-01
9.272000000000000242e-01
9.473000000000000309e-01
9.328999999999999515e-01
9.479999999999999538e-01
9.457999999999999741e-01
9.493000000000000327e-01
9.507999999999999785e-01
9.445999999999999952e-01
9.455000000000000071e-01
9.466999999999999860e-01
9.404000000000000137e-01
9.556000000000000050e-01
9.424000000000000155e-01
9.517999999999999794e-01
9.548999999999999710e-01
9.515000000000000124e-01
9.533000000000000362e-01
9.477999999999999758e-01
9.620999999999999552e-01
9.556000000000000050e-01
9.508999999999999675e-01
9.608999999999999764e-01
9.538999999999999702e-01
9.494000000000000217e-01
9.567999999999999838e-01
9.546999999999999931e-01
9.576999999999999957e-01
9.491000000000000547e-01
9.576000000000000068e-01
9.504000000000000226e-01
9.634000000000000341e-01
9.402000000000000357e-01
9.481000000000000538e-01
9.519999999999999574e-01
9.677999999999999936e-01
9.335999999999999854e-01
9.515000000000000124e-01
9.527999999999999803e-01
9.616000000000000103e-01
9.535000000000000142e-01
9.544000000000000261e-01
9.536999999999999922e-01
9.603000000000000425e-01
9.548999999999999710e-01
9.485000000000000098e-01
9.579999999999999627e-01
9.515000000000000124e-01
9.532000000000000473e-01
9.613000000000000433e-01
9.455000000000000071e-01
9.426999999999999824e-01
9.587999999999999856e-01
9.476999999999999869e-01
9.606000000000000094e-01
9.546999999999999931e-01
9.592000000000000526e-01
9.492000000000000437e-01
9.446999999999999842e-01
9.484000000000000208e-01
9.549999999999999600e-01
9.616999999999999993e-01
9.617999999999999883e-01
9.577999999999999847e-01
9.584000000000000297e-01
9.604000000000000314e-01
9.578999999999999737e-01
9.602000000000000535e-01
9.574000000000000288e-01
9.639999999999999680e-01
9.644000000000000350e-01
9.592000000000000526e-01
9.634000000000000341e-01
9.606000000000000094e-01
9.629999999999999671e-01
9.559999999999999609e-01
9.532000000000000473e-01
9.435000000000000053e-01
9.536999999999999922e-01
9.546000000000000041e-01
9.582000000000000517e-01
9.474000000000000199e-01
9.584000000000000297e-01
9.489999999999999547e-01
9.435999999999999943e-01
9.526000000000000023e-01
9.517999999999999794e-01
9.546000000000000041e-01
9.586000000000000076e-01
9.612000000000000544e-01
9.656000000000000139e-01
9.566000000000000059e-01
