4.845999999999999752e-01
7.739000000000000323e-01
8.305000000000000160e-01
8.578999999999999959e-01
8.860999999999999988e-01
9.122000000000000108e-01
9.270000000000000462e-01
9.223000000000000087e-01
9.293000000000000149e-01
9.295999999999999819e-01
9.423000000000000265e-01
9.362000000000000322e-01
9.503000000000000336e-01
9.477999999999999758e-01
9.512000000000000455e-01
9.500999999999999446e-01
9.497999999999999776e-01
9.475999999999999979e-01
9.475999999999999979e-01
9.506000000000000005e-01
9.482000000000000428e-01
9.524000000000000243e-01
9.558999999999999719e-01
9.534000000000000252e-01
9.605000000000000204e-01
9.518999999999999684e-01
9.528999999999999693e-01
9.536000000000000032e-01
9.499999999999999556e-01
9.546999999999999931e-01
9.556999999999999940e-01
9.457999999999999741e-01
9.485000000000000098e-01
9.539999999999999591e-01
9.502000000000000446e-01
9.467999999999999750e-01
9.618999999999999773e-01
9.608999999999999764e-01
9.587999999999999856e-01
9.563000000000000389e-01
9.558999999999999719e-01
9.526000000000000023e-01
9.496999999999999886e-01
9.618999999999999773e-01
9.528999999999999693e-01
9.618999999999999773e-01
9.577999999999999847e-01
9.546000000000000041e-01
9.505000000000000115e-01
9.520999999999999464e-01
9.525000000000000133e-01
9.637999999999999901e-01
9.600999999999999535e-01
9.606999999999999984e-01
9.639999999999999680e-01
9.593000000000000416e-01
9.580999999999999517e-01
9.522000000000000464e-01
9.498999999999999666e-01
9.396999999999999797e-01
9.619999999999999662e-01
9.584000000000000297e-01
9.552000000000000490e-01
9.563000000000000389e-01
9.534000000000000252e-01
9.529999999999999583e-01
9.525000000000000133e-01
9.559999999999999609e-01
9.452000000000000401e-01
9.431000000000000494e-01
9.485000000000000098e-01
9.507999999999999785e-01
9.538999999999999702e-01
9.596000000000000085e-01
9.570999999999999508e-01
9.562000000000000499e-01
9.506999999999999895e-01
9.550999999999999490e-01
9.608999999999999764e-01
9.429999999999999494e-01
9.503000000000000336e-01
9.565000000000000169e-01
9.481000000000000538e-01
9.585000000000000187e-01
9.542000000000000481e-01
9.433000000000000274e-01
9.493000000000000327e-01
9.607999999999999874e-01
9.542000000000000481e-01
9.627999999999999892e-01
9.562000000000000499e-01
9.651999999999999469e-01
9.526000000000000023e-01
9.544000000000000261e-01
9.536999999999999922e-01
9.563000000000000389e-01
9.498999999999999666e-01
9.552000000000000490e-01
9.524000000000000243e-01
9.565000000000000169e-01
