1.619222144699096644e+00
7.700867696762084824e-01
5.498758507251739758e-01
4.335381980419159009e-01
3.697061662197113074e-01
3.224390336990356487e-01
2.819091608524322279e-01
2.333819229602813738e-01
2.198588698387146101e-01
2.164164624929428016e-01
1.763395966410636895e-01
1.616620464086532538e-01
1.681077192068100024e-01
1.975304659605026381e-01
1.588282395839691052e-01
1.347362103104591258e-01
1.365198004007339427e-01
1.279259274244308464e-01
1.304602351188659803e-01
1.614416218757629418e-01
1.364111048340797550e-01
1.459218972444534246e-01
1.194828944087028555e-01
1.494141512751579193e-01
1.573067149162292455e-01
1.088008983969688398e-01
1.440014108538627546e-01
1.175890623569488536e-01
1.199228557109832810e-01
1.336468212842941150e-01
1.206196339726448019e-01
1.238482283592224065e-01
1.542084853649139387e-01
1.089598911404609655e-01
1.153791800618171742e-01
1.461824735879898030e-01
1.391354054927825823e-01
1.377108496308326602e-01
1.326943391919136184e-01
1.310225751280784667e-01
1.410063794612884391e-01
1.322597580075264012e-01
1.454814841866493291e-01
1.382991780638694879e-01
1.327722636222839481e-01
1.231157804846763626e-01
1.269709606051445117e-01
1.248327379584312502e-01
1.826345449924469122e-01
1.564132679700851458e-01
1.639281348466873067e-01
1.894379300355911178e-01
1.476665147781372200e-01
1.614740034818649417e-01
1.480923060536384617e-01
1.681032075405120840e-01
1.745107447028160230e-01
1.657865640401840202e-01
1.440634076476097203e-01
1.860789400577545216e-01
1.340415985226631190e-01
1.601681307077407745e-01
1.495653388857841604e-01
1.459533735990524161e-01
1.585279244780540553e-01
1.325048953294754028e-01
1.939493799090385440e-01
1.329470143198966947e-01
1.809409621000289958e-01
1.326465619087219272e-01
1.120413954734802292e-01
1.312586810708046003e-01
1.024246649384498581e-01
1.002114915490150415e-01
1.109010823965072695e-01
1.117399076342582703e-01
1.544717951774597087e-01
1.228108097434043866e-01
1.408305994153022656e-01
1.461459187269210924e-01
1.276476572275161703e-01
1.232229578971862777e-01
1.420352989196777271e-01
1.627218823194503672e-01
1.296358503580093413e-01
1.364295370817184549e-01
1.313629389405250592e-01
1.302836370110511677e-01
1.323541902184486307e-01
1.293313803076744095e-01
1.154869603991508509e-01
1.435896628022193811e-01
1.361110331416130192e-01
1.249776681900024444e-01
1.578084590196609516e-01
9.801802059412002832e-02
1.070710776925087038e-01
1.387781439781188841e-01
2.147521580457687485e-01
1.880697158098220689e-01
