4.445000000000000062e-01
7.830000000000000293e-01
8.509999999999999787e-01
8.686000000000000387e-01
8.841999999999999860e-01
8.931000000000000050e-01
9.046999999999999487e-01
9.195999999999999730e-01
9.281000000000000361e-01
9.292000000000000259e-01
9.439999999999999503e-01
9.471000000000000529e-01
9.475000000000000089e-01
9.372000000000000330e-01
9.504000000000000226e-01
9.563000000000000389e-01
9.564000000000000279e-01
9.598999999999999755e-01
9.603000000000000425e-01
9.523000000000000353e-01
9.574000000000000288e-01
9.557999999999999829e-01
9.636000000000000121e-01
9.542000000000000481e-01
9.538999999999999702e-01
9.664000000000000368e-01
9.566000000000000059e-01
9.646000000000000130e-01
9.643000000000000460e-01
9.610999999999999543e-01
9.643000000000000460e-01
9.624000000000000332e-01
9.558999999999999719e-01
9.685000000000000275e-01
9.657999999999999918e-01
9.576999999999999957e-01
9.613000000000000433e-01
9.606000000000000094e-01
9.628999999999999782e-01
9.627999999999999892e-01
9.586000000000000076e-01
9.626000000000000112e-01
9.587999999999999856e-01
9.609999999999999654e-01
9.627000000000000002e-01
9.658999999999999808e-01
9.673000000000000487e-01
9.666000000000000147e-01
9.515000000000000124e-01
9.576000000000000068e-01
9.550999999999999490e-01
9.443000000000000282e-01
9.629999999999999671e-01
9.559999999999999609e-01
9.566999999999999948e-01
9.574000000000000288e-01
9.566000000000000059e-01
9.572000000000000508e-01
9.618999999999999773e-01
9.514000000000000234e-01
9.641999999999999460e-01
9.593000000000000416e-01
9.614000000000000323e-01
9.637999999999999901e-01
9.600999999999999535e-01
9.630999999999999561e-01
9.519999999999999574e-01
9.644000000000000350e-01
9.524000000000000243e-01
9.648999999999999799e-01
9.677999999999999936e-01
9.656000000000000139e-01
9.730999999999999650e-01
9.735000000000000320e-01
9.713000000000000522e-01
9.707999999999999963e-01
9.609999999999999654e-01
9.688999999999999835e-01
9.631999999999999451e-01
9.628999999999999782e-01
9.653000000000000469e-01
9.665000000000000258e-01
9.629999999999999671e-01
9.586000000000000076e-01
9.667999999999999927e-01
9.637999999999999901e-01
9.656000000000000139e-01
9.686000000000000165e-01
9.667000000000000037e-01
9.684000000000000385e-01
9.709999999999999742e-01
9.640999999999999570e-01
9.641999999999999460e-01
9.677999999999999936e-01
9.603000000000000425e-01
9.743000000000000549e-01
9.729999999999999760e-01
9.651999999999999469e-01
9.495999999999999996e-01
9.557999999999999829e-01
