2.763999999999999790e-01
6.431999999999999940e-01
7.069999999999999618e-01
7.993999999999999995e-01
8.295000000000000151e-01
8.474000000000000421e-01
8.574000000000000510e-01
8.660999999999999810e-01
8.856000000000000538e-01
8.981000000000000094e-01
8.982999999999999874e-01
9.189000000000000501e-01
9.196999999999999620e-01
9.169000000000000483e-01
9.313000000000000167e-01
9.375000000000000000e-01
9.378999999999999559e-01
9.180000000000000382e-01
9.336999999999999744e-01
9.305999999999999828e-01
9.273000000000000131e-01
9.347999999999999643e-01
9.431000000000000494e-01
9.307999999999999607e-01
9.427999999999999714e-01
9.355999999999999872e-01
9.424000000000000155e-01
9.457999999999999741e-01
9.445999999999999952e-01
9.467999999999999750e-01
9.439999999999999503e-01
9.432000000000000384e-01
9.529999999999999583e-01
9.383000000000000229e-01
9.428999999999999604e-01
9.475000000000000089e-01
9.453000000000000291e-01
9.408999999999999586e-01
9.389999999999999458e-01
9.425999999999999934e-01
9.413000000000000256e-01
9.475999999999999979e-01
9.539999999999999591e-01
9.495999999999999996e-01
9.448999999999999622e-01
9.522000000000000464e-01
9.527999999999999803e-01
9.465999999999999970e-01
9.522000000000000464e-01
9.194999999999999840e-01
9.375000000000000000e-01
9.220000000000000417e-01
9.372000000000000330e-01
9.513000000000000345e-01
9.434000000000000163e-01
9.518999999999999684e-01
9.556000000000000050e-01
9.585000000000000187e-01
9.572000000000000508e-01
9.566999999999999948e-01
9.576999999999999957e-01
9.516999999999999904e-01
9.509999999999999565e-01
9.479999999999999538e-01
9.494000000000000217e-01
9.537999999999999812e-01
9.600999999999999535e-01
9.552000000000000490e-01
9.608999999999999764e-01
9.504000000000000226e-01
9.586999999999999966e-01
9.483000000000000318e-01
9.564000000000000279e-01
9.589999999999999636e-01
9.596999999999999975e-01
9.596000000000000085e-01
9.564000000000000279e-01
9.603000000000000425e-01
9.624000000000000332e-01
9.425000000000000044e-01
9.507999999999999785e-01
9.525000000000000133e-01
9.134999999999999787e-01
9.381000000000000449e-01
9.395999999999999908e-01
9.491000000000000547e-01
9.499999999999999556e-01
9.425999999999999934e-01
9.502000000000000446e-01
9.516999999999999904e-01
9.556000000000000050e-01
9.557999999999999829e-01
9.425999999999999934e-01
9.418999999999999595e-01
9.566000000000000059e-01
9.600999999999999535e-01
9.595000000000000195e-01
9.532000000000000473e-01
9.566000000000000059e-01
9.590999999999999526e-01
