1.707773208618164062e+00
8.534002433776854968e-01
7.450378028869628633e-01
6.455970637321472028e-01
6.457124982833862825e-01
6.448512617111206158e-01
6.224686134338378585e-01
6.163824083328247605e-01
6.659548949241638205e-01
6.363610689163208267e-01
6.359383070945739957e-01
6.353536841392517509e-01
6.143321847915649281e-01
6.773257795333862408e-01
6.630095561981200758e-01
6.728461746215820272e-01
6.852603633880615108e-01
7.020152116775513207e-01
6.682342847824096488e-01
6.784624516487121060e-01
6.677373067855835176e-01
6.869990437507629277e-01
6.435494695663451781e-01
7.350401669502257818e-01
6.963474977493285811e-01
6.573315955162047919e-01
6.477667561531066376e-01
6.645357991218566740e-01
6.537161013603211002e-01
7.625971426963805699e-01
6.891768266677856802e-01
7.420305012702942404e-01
6.728626788139343562e-01
7.242519824028015307e-01
6.945534462928771857e-01
7.294499702453612899e-01
7.084738723754883116e-01
6.976986083030700669e-01
7.190009692192077528e-01
7.207248512268066287e-01
7.251447346687316386e-01
6.831185354232788276e-01
7.103928230285644352e-01
7.164319272041320685e-01
7.358177864074707530e-01
7.375570803642272910e-01
7.377879809379577214e-01
7.451238827705383150e-01
7.294250044822693235e-01
6.840140116691589833e-01
7.540045359611511344e-01
7.398345259666443408e-01
7.616083602905273642e-01
7.437107192039489334e-01
6.887928171157836621e-01
9.404460760116577500e-01
7.816067450523376259e-01
7.492057746887207381e-01
7.303245129585266282e-01
7.164270877838134766e-01
7.979271962165832566e-01
6.878762125015258633e-01
7.037095619201659824e-01
7.427398393630981754e-01
7.483742049217224634e-01
6.797873908996582282e-01
6.911859554290771257e-01
6.819294796943664583e-01
7.076658012390136809e-01
7.063803839683532315e-01
6.946029173851012706e-01
7.610350588798523441e-01
7.071972784996032324e-01
7.553764180183411003e-01
7.561122211456299258e-01
8.272671829223632312e-01
7.519901788711548241e-01
8.122113160133361820e-01
8.415489150047301692e-01
7.694796590805054182e-01
8.504324092864989915e-01
8.185376051902770733e-01
8.359548415184020476e-01
8.753339010238647688e-01
7.470209048271179153e-01
7.508521281242370726e-01
8.116348071098327122e-01
7.998423019409179879e-01
8.019041309356689240e-01
8.003251356124877480e-01
8.939403869628905763e-01
8.883736350059509013e-01
7.565304281234741524e-01
7.678482053756713333e-01
7.718368239402770836e-01
7.658280259132385082e-01
8.314533884048461720e-01
8.026388687133788613e-01
7.698481438636779473e-01
7.766253013610839862e-01
