1.771785253524780224e+00
2.838646270751953304e-01
1.715461251974105816e-01
1.247986901044845637e-01
9.775999470949173209e-02
8.198860141038895322e-02
6.900842713117599780e-02
6.068356543183326540e-02
5.471832476258278039e-02
4.845160877108573710e-02
4.462652328610420410e-02
4.154670543074608091e-02
3.910415610671043318e-02
3.702122818827629364e-02
3.510933035016059606e-02
3.261471779942512472e-02
3.071110686957836261e-02
2.975208505690097802e-02
2.934467643499374251e-02
2.713557045161724135e-02
2.726731104850768986e-02
2.760139255523681723e-02
2.566575909852981605e-02
2.549961679279804175e-02
2.488107215464115118e-02
2.392395137250423465e-02
2.374422813057899470e-02
2.323653803169727430e-02
2.238291813135146954e-02
2.178819028437137609e-02
2.160028989911079444e-02
2.133897676467895466e-02
2.048971194028854220e-02
2.046090664863586470e-02
2.059993235170841375e-02
2.075400021076202403e-02
1.987035001218319039e-02
1.986353015005588515e-02
1.957682420015335184e-02
1.901889623105525867e-02
1.896046071052551185e-02
1.894315066933631789e-02
1.903058911263942610e-02
1.958978065550327427e-02
2.008347458541393307e-02
1.883282327651977436e-02
1.830127138197422051e-02
1.898332135677337565e-02
1.804875258505344443e-02
1.753066516518592827e-02
1.816855538189411298e-02
1.844125196635723260e-02
1.882414668500423383e-02
1.778032929003238796e-02
1.793153083622455596e-02
1.748837447166442724e-02
1.868236233592033418e-02
1.845360052585601901e-02
1.780579721927642856e-02
1.911043515205383334e-02
1.831792683601379465e-02
1.816679768860340188e-02
1.860078322589397287e-02
1.772483440339565203e-02
1.726871150434017288e-02
1.731279943585395734e-02
1.688087286055087871e-02
1.658680065870285145e-02
1.794985239803791044e-02
1.797837349176406932e-02
1.840835982859134745e-02
1.775325917899608572e-02
1.880709385573864009e-02
1.764689033329486928e-02
1.831235940456390349e-02
1.733939010202884684e-02
1.764881418347358580e-02
1.785794988870620728e-02
1.776894598603248610e-02
1.823854516446590454e-02
1.780268433690071136e-02
1.763898482322692751e-02
1.741796950399875782e-02
1.676138739883899567e-02
1.772001313567161604e-02
1.869735438227653618e-02
1.724738569259643556e-02
1.747025642693042849e-02
1.696577529311180110e-02
1.749396517276764068e-02
1.808831889927387318e-02
1.728131841123104265e-02
1.729714801460504464e-02
1.728277969658374713e-02
1.742590672373771701e-02
1.742194367945194139e-02
1.788806981146335434e-02
1.791318952441215556e-02
1.910753678977489614e-02
1.783209243416786216e-02
