1.771785265731811609e+00
2.838646140575408761e-01
1.715461294174194240e-01
1.247986899256706278e-01
9.775999664068221739e-02
8.198859874010086535e-02
6.900842539072037096e-02
6.068356466889381073e-02
5.471832523345947219e-02
4.845160753726959063e-02
4.462652345299721046e-02
4.154670553207397143e-02
3.910415639281272782e-02
3.702123201489448262e-02
3.510933312177658139e-02
3.261471474170684476e-02
3.071110451817512382e-02
2.975208285748958542e-02
2.934467523992061525e-02
2.713557154834270527e-02
2.726731314659118499e-02
2.760139251947402866e-02
2.566575919389724875e-02
2.549961579144001053e-02
2.488107234537601312e-02
2.392395207881927582e-02
2.374422745704650797e-02
2.323653645217418559e-02
2.238291640281677222e-02
2.178818951547146013e-02
2.160029072761535801e-02
2.133897829055786052e-02
2.048970998525619439e-02
2.046090526580810615e-02
2.059993078708648520e-02
2.075399877130985199e-02
1.987034973204136051e-02
1.986353013217449087e-02
1.957682552337646625e-02
1.901889599561691277e-02
1.896045934557914758e-02
1.894314824342727827e-02
1.903058971464633917e-02
1.958978050947189284e-02
2.008347381353378300e-02
1.883282353579997931e-02
1.830127272307872921e-02
1.898332037329673871e-02
1.804875240921974267e-02
1.753066651821136301e-02
1.816855429410934447e-02
1.844125240445136996e-02
1.882414456009864900e-02
1.778032893240451967e-02
1.793152958452701520e-02
1.748837360739707858e-02
1.868236474096774888e-02
1.845360122323036131e-02
1.780579853951930885e-02
1.911043147146701884e-02
1.831792657375335559e-02
1.816679766774177696e-02
1.860078181624412463e-02
1.772483562529086898e-02
1.726871100068092316e-02
1.731280215680599047e-02
1.688087491691112399e-02
1.658680112659931261e-02
1.794985052943229645e-02
1.797837215960025950e-02
1.840835831165313699e-02
1.775325865149498042e-02
1.880709356367588070e-02
1.764689292013645050e-02
1.831236171722411959e-02
1.733939609229564680e-02
1.764881247580051341e-02
1.785795502960681874e-02
1.776894260942936052e-02
1.823854778707027433e-02
1.780268577039241865e-02
1.763898421525955315e-02
1.741796925961971304e-02
1.676138396561145660e-02
1.772001596987247615e-02
1.869735481441020877e-02
1.724738535284996155e-02
1.747025492787361231e-02
1.696577579975128147e-02
1.749396675825119069e-02
1.808831702172756031e-02
1.728131960630416991e-02
1.729715023934840987e-02
1.728278149068355682e-02
1.742590861618518658e-02
1.742194572091102650e-02
1.788806978166103401e-02
1.791318862140178769e-02
1.910753567218780383e-02
1.783209442198276443e-02
