4.254000000000000004e-01
7.206000000000000183e-01
7.977999999999999536e-01
8.393000000000000460e-01
8.843999999999999639e-01
9.074999999999999734e-01
9.220000000000000417e-01
9.293000000000000149e-01
9.314000000000000057e-01
9.266999999999999682e-01
9.395999999999999908e-01
9.337999999999999634e-01
9.365999999999999881e-01
9.260000000000000453e-01
9.565000000000000169e-01
9.451000000000000512e-01
9.459999999999999520e-01
9.354999999999999982e-01
9.461000000000000520e-01
9.507999999999999785e-01
9.568999999999999728e-01
9.457999999999999741e-01
9.522000000000000464e-01
9.509999999999999565e-01
9.577999999999999847e-01
9.573000000000000398e-01
9.499999999999999556e-01
9.495000000000000107e-01
9.472000000000000419e-01
9.516999999999999904e-01
9.486999999999999877e-01
9.526999999999999913e-01
9.582000000000000517e-01
9.506999999999999895e-01
9.533000000000000362e-01
9.580999999999999517e-01
9.478999999999999648e-01
9.538999999999999702e-01
9.623000000000000442e-01
9.626000000000000112e-01
9.415999999999999925e-01
9.596999999999999975e-01
9.362000000000000322e-01
9.604000000000000314e-01
9.618999999999999773e-01
9.572000000000000508e-01
9.494000000000000217e-01
9.562000000000000499e-01
9.567999999999999838e-01
9.588999999999999746e-01
9.577999999999999847e-01
9.422000000000000375e-01
9.627999999999999892e-01
9.604000000000000314e-01
9.562000000000000499e-01
9.557999999999999829e-01
9.614000000000000323e-01
9.648999999999999799e-01
9.627000000000000002e-01
9.576000000000000068e-01
9.615000000000000213e-01
9.647000000000000020e-01
9.633000000000000451e-01
9.628999999999999782e-01
9.535000000000000142e-01
9.637000000000000011e-01
9.587999999999999856e-01
9.613000000000000433e-01
9.560999999999999499e-01
9.405999999999999917e-01
9.577999999999999847e-01
9.562000000000000499e-01
9.596000000000000085e-01
9.596000000000000085e-01
9.598999999999999755e-01
9.589999999999999636e-01
9.579999999999999627e-01
9.398999999999999577e-01
9.494000000000000217e-01
9.568999999999999728e-01
9.328999999999999515e-01
9.479999999999999538e-01
9.574000000000000288e-01
9.559999999999999609e-01
9.537999999999999812e-01
9.585000000000000187e-01
9.530999999999999472e-01
9.505000000000000115e-01
9.629999999999999671e-01
9.646000000000000130e-01
9.627999999999999892e-01
9.594000000000000306e-01
9.610999999999999543e-01
9.607999999999999874e-01
9.629999999999999671e-01
9.603000000000000425e-01
9.629999999999999671e-01
9.650999999999999579e-01
9.650999999999999579e-01
9.685000000000000275e-01
