1.742591605186462500e+00
8.780894121170044198e-01
6.117981055259704704e-01
4.753989804744720438e-01
3.288348184585571099e-01
2.686104288339614676e-01
2.316942948102951039e-01
2.111366829872131368e-01
1.997680387496948151e-01
2.123643048524856691e-01
1.808462068915367149e-01
1.952487883448600636e-01
1.917624150753021173e-01
2.226744928836822401e-01
1.401902722358703557e-01
1.637231562256813155e-01
1.642182226181030380e-01
1.947666191577911432e-01
1.610063782215118422e-01
1.543255208849906857e-01
1.350411093473434521e-01
1.714719426155090209e-01
1.491308794260025050e-01
1.499908469438552827e-01
1.393582981228828344e-01
1.363052759766578692e-01
1.588069566965103208e-01
1.618897339105606070e-01
1.666470638990402153e-01
1.628456758260727055e-01
1.615589463710784823e-01
1.597056356430053836e-01
1.419263906121253915e-01
1.656653864502906914e-01
1.500613096714019656e-01
1.404148766875266963e-01
1.732036774754524278e-01
1.571430701017379750e-01
1.289172797143459392e-01
1.284752963423728966e-01
1.932961121320724562e-01
1.327040507197380093e-01
2.204134034514427243e-01
1.346505662202835130e-01
1.421380078554153326e-01
1.596456484317779478e-01
1.764245882987976188e-01
1.551316568493843195e-01
1.478631397962570093e-01
1.443896250486373933e-01
1.516780188083648728e-01
1.967167767763137731e-01
1.312549083709716735e-01
1.488278055429458624e-01
1.646239735484123223e-01
1.552801988244056630e-01
1.399832124233245934e-01
1.324717529773712099e-01
1.365262451052665638e-01
1.593852718591690087e-01
1.439849691271782028e-01
1.332508716464042564e-01
1.324347406506538316e-01
1.442209386110305802e-01
1.697013992667198157e-01
1.381806428074836834e-01
1.477641072869300964e-01
1.453474658846855283e-01
1.682389768242835981e-01
2.267885063648223953e-01
1.556218579411506597e-01
1.574709373354911679e-01
1.497179614305496342e-01
1.504889600872993394e-01
1.568007161259651061e-01
1.564350644350051833e-01
1.567571743249893124e-01
2.378277000665664775e-01
1.961392036497592861e-01
1.520723850131034949e-01
2.401518024444579957e-01
1.761530288100242592e-01
1.494408541321754491e-01
1.603707160472869764e-01
1.683625147581100379e-01
1.499290827631950263e-01
1.676368081569671598e-01
1.777875413894653422e-01
1.369546616077423062e-01
1.334180841326713662e-01
1.417888815402984504e-01
1.579928769469261252e-01
1.492099736213683969e-01
1.473576120376586807e-01
1.414392606616020065e-01
1.555193313479423523e-01
1.453638376593589798e-01
1.394056421875953800e-01
1.336881025433540315e-01
1.275567017495632116e-01
