1.771785302352905322e+00
2.838646094799041619e-01
1.715461339950561659e-01
1.247986931800842275e-01
9.775999488830566797e-02
8.198859645128249440e-02
6.900842444896697347e-02
6.068356370329856808e-02
5.471832341551780693e-02
4.845160715579986677e-02
4.462652202844619859e-02
4.154670733809471411e-02
3.910415657162666370e-02
3.702123258709907189e-02
3.510933177471160793e-02
3.261471474170684476e-02
3.071110523641109452e-02
2.975208313763141529e-02
2.934467414617538544e-02
2.713557155132293591e-02
2.726731199324131105e-02
2.760139237642288135e-02
2.566576018929481520e-02
2.549961527287960064e-02
2.488107324838638446e-02
2.392395232319831713e-02
2.374422520995140076e-02
2.323653679490089372e-02
2.238291744589805676e-02
2.178819008767604939e-02
2.160029218792915498e-02
2.133897920250892727e-02
2.048970912098884573e-02
2.046090478301048135e-02
2.059993105232715491e-02
2.075399985611438639e-02
1.987035021483898184e-02
1.986352953910827668e-02
1.957682394981384230e-02
1.901889632344246073e-02
1.896046195328235720e-02
1.894314807951450255e-02
1.903058964610099962e-02
1.958977856338024043e-02
2.008347527682781061e-02
1.883282415866851731e-02
1.830127456486225004e-02
1.898331946730613673e-02
1.804875315129756894e-02
1.753066451251506647e-02
1.816855334937572328e-02
1.844125072360038725e-02
1.882414613664150360e-02
1.778032987713813740e-02
1.793153051733970688e-02
1.748837415277957816e-02
1.868236492872238017e-02
1.845360159277915912e-02
1.780579658150673039e-02
1.911043073832988798e-02
1.831792602539062537e-02
1.816679708063602405e-02
1.860078041255474116e-02
1.772483693361282323e-02
1.726870960891246920e-02
1.731280057430267458e-02
1.688087500333786128e-02
1.658679988980293202e-02
1.794984969794750224e-02
1.797837206721305744e-02
1.840836012661457161e-02
1.775325995385646990e-02
1.880709418058395394e-02
1.764689175188541292e-02
1.831235885918140391e-02
1.733939372301101720e-02
1.764881366193294526e-02
1.785795165598392381e-02
1.776894522011280078e-02
1.823854616582393576e-02
1.780268325209617697e-02
1.763898508846759722e-02
1.741796882152557222e-02
1.676138449311256537e-02
1.772001449167728490e-02
1.869735574126243569e-02
1.724738499820232390e-02
1.747025566101074318e-02
1.696577651202678741e-02
1.749396680593490530e-02
1.808831882178783476e-02
1.728132112622261102e-02
1.729714945554733374e-02
1.728277852237224479e-02
1.742591211795806866e-02
1.742194540500640806e-02
1.788806920051574587e-02
1.791318922340870076e-02
1.910753698647022283e-02
1.783209340870380369e-02
