5.030000000000000027e-01
7.191999999999999504e-01
8.007999999999999563e-01
8.833999999999999631e-01
9.103999999999999870e-01
9.199000000000000510e-01
9.295999999999999819e-01
9.314999999999999947e-01
9.402000000000000357e-01
9.377999999999999670e-01
9.419999999999999485e-01
9.367999999999999661e-01
9.375000000000000000e-01
9.485000000000000098e-01
9.465999999999999970e-01
9.494000000000000217e-01
9.576000000000000068e-01
9.528999999999999693e-01
9.526000000000000023e-01
9.477999999999999758e-01
9.519999999999999574e-01
9.523000000000000353e-01
9.465999999999999970e-01
9.555000000000000160e-01
9.461000000000000520e-01
9.493000000000000327e-01
9.528999999999999693e-01
9.494000000000000217e-01
9.495000000000000107e-01
9.549999999999999600e-01
9.478999999999999648e-01
9.607999999999999874e-01
9.538999999999999702e-01
9.566000000000000059e-01
9.546000000000000041e-01
9.569999999999999618e-01
9.603000000000000425e-01
9.529999999999999583e-01
9.643000000000000460e-01
9.461000000000000520e-01
9.421000000000000485e-01
9.513000000000000345e-01
9.556000000000000050e-01
9.468999999999999639e-01
9.506999999999999895e-01
9.587999999999999856e-01
9.587999999999999856e-01
9.474000000000000199e-01
9.506999999999999895e-01
9.582000000000000517e-01
9.534000000000000252e-01
9.518999999999999684e-01
9.407999999999999696e-01
9.637000000000000011e-01
9.466999999999999860e-01
9.537999999999999812e-01
9.602000000000000535e-01
9.406999999999999806e-01
9.594000000000000306e-01
9.418999999999999595e-01
9.454000000000000181e-01
9.573000000000000398e-01
9.448999999999999622e-01
9.518999999999999684e-01
9.540999999999999481e-01
9.602000000000000535e-01
9.663000000000000478e-01
9.661999999999999478e-01
9.495000000000000107e-01
9.547999999999999821e-01
9.520999999999999464e-01
9.630999999999999561e-01
9.608999999999999764e-01
9.542000000000000481e-01
9.596999999999999975e-01
9.598999999999999755e-01
9.618999999999999773e-01
9.556000000000000050e-01
9.564000000000000279e-01
9.628999999999999782e-01
9.558999999999999719e-01
9.637000000000000011e-01
9.637999999999999901e-01
9.635000000000000231e-01
9.560999999999999499e-01
9.570999999999999508e-01
9.641999999999999460e-01
9.607999999999999874e-01
9.584000000000000297e-01
9.607999999999999874e-01
9.623000000000000442e-01
9.659999999999999698e-01
9.743000000000000549e-01
9.623000000000000442e-01
9.616999999999999993e-01
9.634000000000000341e-01
9.638999999999999790e-01
9.553000000000000380e-01
9.701999999999999513e-01
9.610999999999999543e-01
