1.603109983444213960e+00
8.196391607284545522e-01
5.352706144332886051e-01
3.508913054466247794e-01
2.783854343891143945e-01
2.499104481697082547e-01
2.243158794641494647e-01
2.195703610420227103e-01
1.920627860546112176e-01
2.004535902738571185e-01
1.935932283401489151e-01
2.160130046367645384e-01
2.069571329593658526e-01
1.709917350530624491e-01
1.786557416439056301e-01
1.740736385345459103e-01
1.456446846604347312e-01
1.581241149902343768e-01
1.627086216211318936e-01
1.862908541440963794e-01
1.638770391464233478e-01
1.624712270736694275e-01
1.913490731716155913e-01
1.636665174484252805e-01
2.068028431177139359e-01
1.738588201999664296e-01
1.570966984748840278e-01
1.684403445482254014e-01
1.795647344827651926e-01
1.624666744947433350e-01
1.807221180200576649e-01
1.440774190425872792e-01
1.603119979381561200e-01
1.606554952383041357e-01
1.645272009372711064e-01
1.614115594506263796e-01
1.490758233785629272e-01
1.777463696718215858e-01
1.324704279899597270e-01
2.070243403434753326e-01
2.225100380659103261e-01
1.819534337282180669e-01
1.656364332437515186e-01
2.048400860071182272e-01
1.852483797788619935e-01
1.562081714987754721e-01
1.584300727605819636e-01
2.122702570676803513e-01
2.047832553863525307e-01
1.694625513076782330e-01
1.860329072952270624e-01
1.827551324844360336e-01
2.453211749076843196e-01
1.428677054047584605e-01
2.194301092863082947e-01
1.895192369222641060e-01
1.460836296200752338e-01
2.400072995662689279e-01
1.664607948303222784e-01
2.381285670757293804e-01
2.207028409004211378e-01
1.714378403663635309e-01
2.236434519767761253e-01
2.011019701480865340e-01
1.888392606496810955e-01
1.670363952875137392e-01
1.373379233241081299e-01
1.434348273158073395e-01
2.262927721500396783e-01
1.906088531494140592e-01
2.005805433273315508e-01
1.568277319073677067e-01
1.620205563068389809e-01
1.993258865833282545e-01
1.679795642614364537e-01
1.662102654218673703e-01
1.711265273809433052e-01
1.802691477298736522e-01
1.916101733922958295e-01
1.541251671791076527e-01
1.938952823877334586e-01
1.622846973180770980e-01
1.493642855286598237e-01
1.633476255774498065e-01
1.868240658760070838e-01
1.839073042273521308e-01
1.585529962778091384e-01
1.754611021995544362e-01
1.859023622035980150e-01
1.730589231014251772e-01
1.661747550249099703e-01
1.487209226965904296e-01
1.086841464757919290e-01
1.719735862851142771e-01
1.628166734457016096e-01
1.595013139724731355e-01
1.539915066957473766e-01
1.925856054782867366e-01
1.260307608485221886e-01
1.710697635293007002e-01
