1.554982448196411182e+00
4.163552285194396796e-01
2.799003691196441657e-01
1.923356519460678038e-01
1.466714508295059172e-01
1.327279215097427467e-01
1.159129845857620189e-01
1.069626014351844762e-01
1.061912644982337950e-01
9.512311874628066877e-02
9.697062321901321613e-02
8.608090652227401440e-02
9.106384361982346187e-02
9.225603415966034115e-02
1.044783234715461750e-01
8.030319846868515243e-02
8.941529339551926303e-02
7.793131705522536590e-02
7.923203622102736876e-02
9.312241007089615275e-02
7.998461714982986470e-02
7.662518856525421529e-02
9.209256610870361626e-02
7.765757945775986215e-02
7.923006458282470799e-02
9.615762237310410132e-02
8.271064431071281642e-02
7.603992457389831261e-02
9.734325473308563792e-02
8.812456067800521209e-02
8.569034601449966593e-02
7.801103205680846864e-02
7.803855770826340077e-02
8.637086714506149454e-02
8.485403276085853874e-02
7.413867664933204704e-02
6.824409415721893746e-02
7.146976233124732736e-02
8.320219593048096274e-02
7.911746830344200399e-02
8.529205275774001671e-02
7.683266448378563152e-02
7.853944734930992655e-02
7.946847828626632526e-02
7.986880151033401432e-02
8.017360010147094040e-02
8.381468321084975526e-02
7.664986718893050666e-02
8.649114938378334172e-02
8.745517649650573488e-02
8.117758890390396054e-02
7.968686741590499945e-02
8.286432794332504459e-02
7.311322398781776311e-02
8.161379778385162431e-02
8.269373753666878213e-02
9.882742887735367077e-02
9.104385203123092907e-02
7.795581638216972364e-02
1.156011583566665668e-01
8.825078133344650688e-02
9.011209577322006059e-02
8.713632937669754663e-02
8.204671485424042121e-02
7.422617341279982850e-02
7.916122372150420639e-02
7.331678009033203158e-02
7.029590902328490543e-02
7.980921838283538960e-02
9.006160742640495487e-02
7.547298134565352812e-02
8.643983355760574694e-02
9.808457217216491608e-02
9.241341499090194311e-02
9.577658137083053247e-02
8.735312702655792516e-02
8.922694345712661734e-02
9.544650187492370597e-02
8.716162538528442194e-02
8.479792454242705835e-02
8.642582472562790330e-02
1.071029108166694638e-01
8.176036019921302522e-02
1.065228760957717957e-01
1.027651539802551250e-01
1.191090188443660741e-01
8.907846288084983466e-02
1.060216427087783825e-01
1.152932634472847023e-01
9.824117977619170605e-02
9.786248714923859171e-02
9.647414391040802506e-02
7.498856515288353231e-02
8.371860723495483381e-02
8.209015938043594252e-02
9.874113351106643399e-02
1.123760554313659732e-01
1.001811287522316046e-01
1.412441743850708087e-01
7.807353699803352975e-02
