1.771785290145873937e+00
2.838646354198455790e-01
1.715461248397827099e-01
1.247986943244934060e-01
9.775999587774276967e-02
8.198859378099442041e-02
6.900842560529708847e-02
6.068356572389602827e-02
5.471832160949707119e-02
4.845160515904426562e-02
4.462652402520179973e-02
4.154670467376708753e-02
3.910415447354316509e-02
3.702123096585274026e-02
3.510933408737182404e-02
3.261471675038337542e-02
3.071110470890998922e-02
2.975208238661289362e-02
2.934467439353466087e-02
2.713557049036026056e-02
2.726731300055980703e-02
2.760139175653457747e-02
2.566575886607170079e-02
2.549961364865303143e-02
2.488107219934463515e-02
2.392394960820674876e-02
2.374422560334205762e-02
2.323653702139854421e-02
2.238291687965393226e-02
2.178819099962711267e-02
2.160029144585132524e-02
2.133897873163223199e-02
2.048971037268638648e-02
2.046090889573097191e-02
2.059993367195129405e-02
2.075399975776672304e-02
1.987035154402256101e-02
1.986352952718734716e-02
1.957682403028011484e-02
1.901889628171920740e-02
1.896046143472194731e-02
1.894314905107021343e-02
1.903059145808220012e-02
1.958977895379066317e-02
2.008347154855728151e-02
1.883282365798950170e-02
1.830127282142639256e-02
1.898331952095031611e-02
1.804875286221504366e-02
1.753066427707672056e-02
1.816855204999446791e-02
1.844125509560108275e-02
1.882414355874061432e-02
1.778033100068569100e-02
1.793153109550476090e-02
1.748837414979934751e-02
1.868236604332923836e-02
1.845360024869441978e-02
1.780579672753810835e-02
1.911043064594268939e-02
1.831792521476745608e-02
1.816679822802543670e-02
1.860078229904174943e-02
1.772483762204647012e-02
1.726870889365672915e-02
1.731279995739460134e-02
1.688087416291236820e-02
1.658679924309253845e-02
1.794985193908214469e-02
1.797837162613868597e-02
1.840835953056812330e-02
1.775325883030891283e-02
1.880709471404552399e-02
1.764689180254936166e-02
1.831235789060592714e-02
1.733939422369003280e-02
1.764881597161293073e-02
1.785795426368713343e-02
1.776894462704658659e-02
1.823854611814022114e-02
1.780268355607986588e-02
1.763898287713527510e-02
1.741796646118164149e-02
1.676138481497764510e-02
1.772001501917839020e-02
1.869735388457775122e-02
1.724738578498363414e-02
1.747025569081306351e-02
1.696577378213405540e-02
1.749396467208862160e-02
1.808832193911075539e-02
1.728131879270076651e-02
1.729714914709329712e-02
1.728277809619903696e-02
1.742591076195239980e-02
1.742194602489471542e-02
1.788806898891925901e-02
1.791318814456462766e-02
1.910753511190414408e-02
1.783209513127803972e-02
