1.800016966056823708e+00
1.919948051071167061e+00
1.665196971511840873e+00
1.450523742103576597e+00
1.284438352584838849e+00
1.193396082305908212e+00
1.151363979148864791e+00
1.087908747673034693e+00
1.086857632637023841e+00
1.022486619567871013e+00
1.038334831809997638e+00
1.061489665222167922e+00
9.766301748275756367e-01
9.620546133041382175e-01
9.379394866943359110e-01
9.640401529312133677e-01
9.215214782714843400e-01
9.395758897781372188e-01
1.071631552886962879e+00
9.799831605911254462e-01
9.974396284103393961e-01
9.892646257400512511e-01
8.641900166511535808e-01
9.919293361663817921e-01
1.091357460975646898e+00
1.023647921180725007e+00
1.038185656356811482e+00
1.010236183738708604e+00
1.063463632774352963e+00
1.073760005569458054e+00
1.080777083969116203e+00
1.042194119834899846e+00
1.068525770378112805e+00
1.091545286178588814e+00
1.040456917572021522e+00
1.122269469642639184e+00
1.117094956970214881e+00
1.017306992721557668e+00
1.040589889526367218e+00
1.042191900253296000e+00
1.049048163795471167e+00
1.258626763725280817e+00
1.139991929626464895e+00
1.043472925186157196e+00
1.014188407707214301e+00
9.893723655700683572e-01
9.809022243499755378e-01
1.036523481178283745e+00
1.153632143020629774e+00
1.064126651000976587e+00
1.185404147338867231e+00
1.199704141235351518e+00
1.070132188796997008e+00
1.044943796920776435e+00
9.915833957672118837e-01
9.196546993255615421e-01
1.038656662940979025e+00
1.276711448097229029e+00
9.916996393203735272e-01
1.093665256309509282e+00
1.066099749374389560e+00
1.213733641433715871e+00
1.102926780509948745e+00
1.021895016479492213e+00
1.177214717292785595e+00
1.240921228981018087e+00
1.072875094032287535e+00
1.068619533538818445e+00
1.073195622062683041e+00
1.087191518020629966e+00
1.058880656051635727e+00
1.068189319038391094e+00
1.073564973831176772e+00
1.075830716705322265e+00
1.080106553459167396e+00
1.021697668266296377e+00
1.351276016426086413e+00
1.202614857101440338e+00
1.230144698143005311e+00
1.059404133605956977e+00
1.033491207504272369e+00
1.226077348136901835e+00
1.133869645118713354e+00
1.039927379226684545e+00
1.041888389015197758e+00
1.279852284049987743e+00
1.315970518493652319e+00
1.331086068916320864e+00
1.336790048599243219e+00
1.210517776489257846e+00
1.170357217597961519e+00
1.268561574554443405e+00
1.233644815444946197e+00
1.326371080398559554e+00
1.436272909355163607e+00
1.594164951133728136e+00
1.457545646286010799e+00
1.226964087295532302e+00
1.223683301353454489e+00
1.212853465270996134e+00
