3.847999999999999754e-01
4.686000000000000165e-01
5.590000000000000524e-01
6.298000000000000265e-01
6.664999999999999813e-01
7.015000000000000124e-01
7.037999999999999812e-01
7.137000000000000011e-01
7.259999999999999787e-01
7.304000000000000492e-01
7.295000000000000373e-01
7.388000000000000123e-01
7.671999999999999931e-01
7.681999999999999940e-01
7.671000000000000041e-01
7.664999999999999591e-01
7.730000000000000204e-01
7.792999999999999927e-01
7.543999999999999595e-01
7.739000000000000323e-01
7.784999999999999698e-01
7.709000000000000297e-01
8.000000000000000444e-01
7.845999999999999641e-01
7.804999999999999716e-01
7.809000000000000385e-01
7.815999999999999615e-01
7.954999999999999849e-01
8.007999999999999563e-01
7.843999999999999861e-01
7.925999999999999712e-01
7.901000000000000245e-01
7.883999999999999897e-01
7.859000000000000430e-01
7.922000000000000153e-01
7.882000000000000117e-01
7.834999999999999742e-01
7.886999999999999567e-01
7.832999999999999963e-01
7.832000000000000073e-01
7.851000000000000201e-01
7.825999999999999623e-01
7.824999999999999734e-01
8.025999999999999801e-01
8.024999999999999911e-01
7.911000000000000254e-01
7.980000000000000426e-01
8.006999999999999673e-01
7.804999999999999716e-01
7.926999999999999602e-01
7.858000000000000540e-01
7.835999999999999632e-01
7.832000000000000073e-01
7.927999999999999492e-01
7.911000000000000254e-01
8.101000000000000423e-01
7.985999999999999766e-01
7.869000000000000439e-01
7.929000000000000492e-01
7.907999999999999474e-01
7.996999999999999664e-01
7.704999999999999627e-01
7.871000000000000218e-01
7.952000000000000179e-01
7.840000000000000302e-01
7.822000000000000064e-01
7.892000000000000126e-01
8.001000000000000334e-01
8.067999999999999616e-01
7.964999999999999858e-01
7.963000000000000078e-01
7.892000000000000126e-01
7.961000000000000298e-01
7.940000000000000391e-01
8.056999999999999718e-01
8.094999999999999973e-01
7.768000000000000460e-01
7.843999999999999861e-01
7.836999999999999522e-01
7.951000000000000290e-01
8.003000000000000114e-01
7.971000000000000307e-01
7.912000000000000144e-01
7.957999999999999519e-01
7.963999999999999968e-01
7.859000000000000430e-01
8.002000000000000224e-01
7.901000000000000245e-01
8.026999999999999691e-01
8.004999999999999893e-01
7.923999999999999932e-01
7.903999999999999915e-01
7.832000000000000073e-01
7.812000000000000055e-01
7.812000000000000055e-01
7.610000000000000098e-01
7.752999999999999892e-01
7.895999999999999686e-01
7.828000000000000513e-01
7.913999999999999924e-01
