1.771785277938842773e+00
2.838646232128143043e-01
1.715461256027221715e-01
1.247986969947814939e-01
9.775999931097030526e-02
8.198859606981277748e-02
6.900842282176017362e-02
6.068356515169143900e-02
5.471832131743430833e-02
4.845160743594169317e-02
4.462652374505996639e-02
4.154670334458351183e-02
3.910415504574775436e-02
3.702123248577118136e-02
3.510933216810226132e-02
3.261471771597862501e-02
3.071110466420650525e-02
2.975208194851875279e-02
2.934467396736144956e-02
2.713557097315788189e-02
2.726731114387512256e-02
2.760139312744140649e-02
2.566575938165188003e-02
2.549961628019809662e-02
2.488107200860977322e-02
2.392395065724849806e-02
2.374422859847545586e-02
2.323653549551963834e-02
2.238291569054126628e-02
2.178819091022014473e-02
2.160029204487800766e-02
2.133897833824157861e-02
2.048970889151096458e-02
2.046090536415576949e-02
2.059993205368518959e-02
2.075399614870548221e-02
1.987035030126571566e-02
1.986353108584880747e-02
1.957682482302188984e-02
1.901889687478542160e-02
1.896046212017536009e-02
1.894314949810504967e-02
1.903059127628803360e-02
1.958977932333946098e-02
2.008347536325454791e-02
1.883282513618469295e-02
1.830127341747284087e-02
1.898332170546054853e-02
1.804875550568103837e-02
1.753066681325435652e-02
1.816855362951755662e-02
1.844125275909900760e-02
1.882414575517177627e-02
1.778032998740673026e-02
1.793152925968170136e-02
1.748837426900863579e-02
1.868236514925956590e-02
1.845359915494918651e-02
1.780579880177974791e-02
1.911043308079242789e-02
1.831792284846305713e-02
1.816679762005805887e-02
1.860078382492065530e-02
1.772483509778976368e-02
1.726870819330215620e-02
1.731280072033405254e-02
1.688087373077869560e-02
1.658680077195167496e-02
1.794985222518443932e-02
1.797837139368057419e-02
1.840835946798324504e-02
1.775326033830642788e-02
1.880709249079227582e-02
1.764689393043518059e-02
1.831235658824443766e-02
1.733939330279827065e-02
1.764881461858749251e-02
1.785795256197452580e-02
1.776894500255584569e-02
1.823854905366897525e-02
1.780268207788467463e-02
1.763898208439350010e-02
1.741796791553497370e-02
1.676138551533222151e-02
1.772001694440841768e-02
1.869735612869262778e-02
1.724738329946994692e-02
1.747025630474090610e-02
1.696577399075031162e-02
1.749396669566631243e-02
1.808832016885280475e-02
1.728131691813468776e-02
1.729715046584606036e-02
1.728277990520000335e-02
1.742591092884540616e-02
1.742194579541683080e-02
1.788806999623775498e-02
1.791318977177143099e-02
1.910753505229949994e-02
1.783209486901760066e-02
