2.162360791778564550e+00
1.536457777023315430e+00
1.397537979698181054e+00
1.313555714225769000e+00
1.187856640243530215e+00
1.126082503509521437e+00
1.083077739715576193e+00
1.115882896041870076e+00
9.982380170822143794e-01
1.149144552803039510e+00
1.005801316165924053e+00
9.377833600044250817e-01
7.946331167221069025e-01
7.442044233322143709e-01
7.477607119560241156e-01
7.837487688064574964e-01
7.415203003883361621e-01
8.441034291267395240e-01
7.540818886756897044e-01
6.803297793388366488e-01
6.945419510841369659e-01
7.807194600105286098e-01
6.867186886787414180e-01
6.648465990066528830e-01
6.577106600761413180e-01
6.019990365982055280e-01
7.590046373367309585e-01
6.226735941886901715e-01
5.802963982582092228e-01
7.377580210685730222e-01
5.949718968391418672e-01
5.669582909584045538e-01
6.230201972007751721e-01
6.397512092590331712e-01
7.108653750419616779e-01
7.160823190689087347e-01
5.859338706016540277e-01
9.728613443374634073e-01
6.288102558135986175e-01
7.111306147575378045e-01
7.849626235008240194e-01
6.768906050682067521e-01
6.254608689308166491e-01
6.032595432281494530e-01
7.416899609565734686e-01
6.821961743354797436e-01
6.821278927803039460e-01
6.639859166145324343e-01
7.074469535827636602e-01
7.216316356658935005e-01
6.821814331054687486e-01
6.588142584800720236e-01
7.309889575004577811e-01
7.652645551681518388e-01
6.986551941871642635e-01
8.219786205291748082e-01
1.044810930633544910e+00
5.419633224487304668e-01
5.843547301292419949e-01
5.249045767784118466e-01
8.434580815315246838e-01
6.173485361099243507e-01
6.907308363914489435e-01
7.186388742446899736e-01
5.882940674781799162e-01
6.274667505264281964e-01
5.797671888351439984e-01
7.918690837860107301e-01
4.371544926643371465e-01
8.196577006340026728e-01
7.450311168670654682e-01
5.406026342391967443e-01
5.516331930160522923e-01
6.564308904647827569e-01
6.522097578048705602e-01
5.790967364311218057e-01
6.002611681938171406e-01
5.904835855484008578e-01
5.651702933311462118e-01
6.401881638526916163e-01
6.210262220382690712e-01
6.729085481643676259e-01
6.091904362678527418e-01
5.934098459243773993e-01
7.126371832847595567e-01
6.764478592872619211e-01
4.895374011039733686e-01
6.658391488075255937e-01
6.264066557884215847e-01
5.386364792823791214e-01
5.624316895484924306e-01
5.099083834171295182e-01
7.110380836486815959e-01
5.834040626525879292e-01
5.850965142250060813e-01
4.736985099792480614e-01
4.776656280994415193e-01
7.728594781875610664e-01
6.745574900627135939e-01
7.246108461380005306e-01
