2.119999999999999940e-01
6.540000000000000258e-01
6.745999999999999774e-01
6.967999999999999750e-01
7.119999999999999662e-01
7.366000000000000325e-01
7.378000000000000114e-01
7.457000000000000295e-01
7.516000000000000458e-01
7.471999999999999753e-01
7.483999999999999542e-01
7.563999999999999613e-01
7.744999999999999662e-01
7.843999999999999861e-01
7.825999999999999623e-01
7.814999999999999725e-01
7.926999999999999602e-01
7.885999999999999677e-01
8.004999999999999893e-01
8.103000000000000203e-01
8.084000000000000075e-01
7.953999999999999959e-01
8.168999999999999595e-01
8.269999999999999574e-01
8.215000000000000080e-01
8.318999999999999728e-01
8.054999999999999938e-01
8.336000000000000076e-01
8.405000000000000249e-01
8.114999999999999991e-01
8.411999999999999478e-01
8.477000000000000091e-01
8.354000000000000314e-01
8.393000000000000460e-01
8.283000000000000362e-01
8.267999999999999794e-01
8.421999999999999487e-01
7.946999999999999620e-01
8.410999999999999588e-01
8.315000000000000169e-01
8.227999999999999758e-01
8.369999999999999662e-01
8.487000000000000099e-01
8.537000000000000144e-01
8.355000000000000204e-01
8.408999999999999808e-01
8.366999999999999993e-01
8.456000000000000183e-01
8.397000000000000020e-01
8.348999999999999755e-01
8.417999999999999927e-01
8.465000000000000302e-01
8.349999999999999645e-01
8.247999999999999776e-01
8.270999999999999464e-01
8.154000000000000137e-01
7.899000000000000465e-01
8.678000000000000158e-01
8.589999999999999858e-01
8.742999999999999661e-01
8.181000000000000494e-01
8.537000000000000144e-01
8.435000000000000275e-01
8.391999999999999460e-01
8.559999999999999831e-01
8.514000000000000457e-01
8.582999999999999519e-01
8.325000000000000178e-01
8.800000000000000044e-01
8.191000000000000503e-01
8.348999999999999755e-01
8.673999999999999488e-01
8.659000000000000030e-01
8.554000000000000492e-01
8.534000000000000474e-01
8.656000000000000361e-01
8.661999999999999700e-01
8.705000000000000515e-01
8.712999999999999634e-01
8.642999999999999572e-01
8.605000000000000426e-01
8.605000000000000426e-01
8.661999999999999700e-01
8.732999999999999652e-01
8.605000000000000426e-01
8.578000000000000069e-01
8.858000000000000318e-01
8.676000000000000378e-01
8.678000000000000158e-01
8.790000000000000036e-01
8.796000000000000485e-01
8.839000000000000190e-01
8.604000000000000536e-01
8.726000000000000423e-01
8.733999999999999542e-01
8.931000000000000050e-01
8.924999999999999600e-01
8.522999999999999465e-01
8.565000000000000391e-01
8.529999999999999805e-01
