1.771785265731811609e+00
2.838646186351775902e-01
1.715461221456527630e-01
1.247986901283264227e-01
9.775999892950057446e-02
8.198859434127807322e-02
6.900842138528823222e-02
6.068356217741966568e-02
5.471832265257835226e-02
4.845160554051398949e-02
4.462652537226676625e-02
4.154670611023902893e-02
3.910415399074554377e-02
3.702123410105705170e-02
3.510932988524437248e-02
3.261471512317657556e-02
3.071110455691814303e-02
2.975208352506160739e-02
2.934467562139034258e-02
2.713557207584381056e-02
2.726731300354003767e-02
2.760139223337173403e-02
2.566576013565063583e-02
2.549961676001548730e-02
2.488107190430164165e-02
2.392395189404487518e-02
2.374422679543495077e-02
2.323653664290905099e-02
2.238291736245155358e-02
2.178819224536418867e-02
2.160029200315475434e-02
2.133897829353809464e-02
2.048970929682254749e-02
2.046090492010116738e-02
2.059993210732936897e-02
2.075399771928787204e-02
1.987034915387630302e-02
1.986352980136871227e-02
1.957682538926601434e-02
1.901889716088771970e-02
1.896046254634857139e-02
1.894314719736575961e-02
1.903059234321117371e-02
1.958978139758110054e-02
2.008347439467907114e-02
1.883282484114169944e-02
1.830127419233322159e-02
1.898332180976867664e-02
1.804875410199165489e-02
1.753066370785236194e-02
1.816855377554893458e-02
1.844125153720378718e-02
1.882414680123329145e-02
1.778033050894737080e-02
1.793153175711631811e-02
1.748837479948997520e-02
1.868236624002456506e-02
1.845360178053379041e-02
1.780579892098903619e-02
1.911043026149272794e-02
1.831792299449443856e-02
1.816680069565772965e-02
1.860078117251396171e-02
1.772483399212360436e-02
1.726871044933795882e-02
1.731280037760734442e-02
1.688087485432624921e-02
1.658679940998554134e-02
1.794985031187534483e-02
1.797837428450584432e-02
1.840835761725902534e-02
1.775325975716113974e-02
1.880709317326545796e-02
1.764689205288887119e-02
1.831235859394073420e-02
1.733939431905746550e-02
1.764881476461887394e-02
1.785795328617095779e-02
1.776894336044788220e-02
1.823854871094226712e-02
1.780268349647521828e-02
1.763898489177227052e-02
1.741796985268592723e-02
1.676138639450073381e-02
1.772001596689224204e-02
1.869735479652881449e-02
1.724738477170467341e-02
1.747025501132011549e-02
1.696577553749084588e-02
1.749396748244762267e-02
1.808831965625285962e-02
1.728131652176380026e-02
1.729714630842208931e-02
1.728278118073940314e-02
1.742590835094452034e-02
1.742194594740867700e-02
1.788806892335415011e-02
1.791319351792335438e-02
1.910753501355648074e-02
1.783209225237369563e-02
