4.263000000000000123e-01
7.108999999999999764e-01
7.740000000000000213e-01
8.235999999999999988e-01
8.772999999999999687e-01
9.122000000000000108e-01
9.191000000000000281e-01
9.291000000000000369e-01
9.475000000000000089e-01
9.467999999999999750e-01
9.533000000000000362e-01
9.622000000000000552e-01
9.602000000000000535e-01
9.616000000000000103e-01
9.513000000000000345e-01
9.596000000000000085e-01
9.650999999999999579e-01
9.577999999999999847e-01
9.559999999999999609e-01
9.677999999999999936e-01
9.568999999999999728e-01
9.668999999999999817e-01
9.644000000000000350e-01
9.650999999999999579e-01
9.671999999999999487e-01
9.625000000000000222e-01
9.676000000000000156e-01
9.616000000000000103e-01
9.677999999999999936e-01
9.690999999999999615e-01
9.689999999999999725e-01
9.661999999999999478e-01
9.630999999999999561e-01
9.628999999999999782e-01
9.665000000000000258e-01
9.593000000000000416e-01
9.644000000000000350e-01
9.529999999999999583e-01
9.595000000000000195e-01
9.658999999999999808e-01
9.549999999999999600e-01
9.550999999999999490e-01
9.694000000000000394e-01
9.657000000000000028e-01
9.654000000000000359e-01
9.689999999999999725e-01
9.715000000000000302e-01
9.673000000000000487e-01
9.634000000000000341e-01
9.660999999999999588e-01
9.627000000000000002e-01
9.658999999999999808e-01
9.656000000000000139e-01
9.637999999999999901e-01
9.543000000000000371e-01
9.677999999999999936e-01
9.710999999999999632e-01
9.737999999999999989e-01
9.530999999999999472e-01
9.690999999999999615e-01
9.620999999999999552e-01
9.633000000000000451e-01
9.688999999999999835e-01
9.669999999999999707e-01
9.408999999999999586e-01
9.737000000000000099e-01
9.687999999999999945e-01
9.619999999999999662e-01
9.673000000000000487e-01
9.603000000000000425e-01
9.623000000000000442e-01
9.674000000000000377e-01
9.626000000000000112e-01
9.700999999999999623e-01
9.705000000000000293e-01
9.683000000000000496e-01
9.745000000000000329e-01
9.706000000000000183e-01
9.698999999999999844e-01
9.667999999999999927e-01
9.697999999999999954e-01
9.737999999999999989e-01
9.686000000000000165e-01
9.657999999999999918e-01
9.707999999999999963e-01
9.770999999999999686e-01
9.675000000000000266e-01
9.689999999999999725e-01
9.673000000000000487e-01
9.724000000000000421e-01
9.646000000000000130e-01
9.506000000000000005e-01
9.687000000000000055e-01
9.648999999999999799e-01
9.687000000000000055e-01
9.627999999999999892e-01
9.699999999999999734e-01
9.688999999999999835e-01
9.717000000000000082e-01
9.656000000000000139e-01
