1.946009428215026871e+00
9.354270324707031348e-01
7.312011089324951252e-01
6.790103454589844212e-01
5.710471361160278647e-01
5.943342890739441442e-01
5.223775837898254615e-01
4.983323154926300180e-01
5.587582405090332216e-01
4.783675815582275614e-01
4.129668874740600737e-01
4.653956126213073530e-01
4.426764556884765778e-01
4.493877311229705906e-01
4.559715871334075743e-01
3.659826021194457768e-01
3.506265352725982942e-01
3.738174413681030206e-01
3.532618618011474365e-01
3.719018550872802975e-01
3.793828470230102279e-01
3.837454458713531746e-01
4.283159444808959937e-01
3.545557416915893767e-01
3.792559241294861105e-01
3.989492586612701230e-01
3.971646919250488295e-01
3.694926226615905529e-01
3.806407461166381734e-01
3.301369980335235321e-01
3.185770105838775512e-01
3.287363865375518834e-01
3.221783692359924123e-01
3.619429023265838818e-01
3.966082724571228235e-01
3.838494746685028325e-01
3.406042368888855254e-01
3.765277210712432709e-01
4.078890899658202951e-01
4.157634703159332479e-01
4.314655415058136212e-01
3.345796823501586692e-01
3.333080149650573532e-01
3.538941184520721372e-01
3.596595977783202946e-01
4.114689168930053542e-01
3.305420338630676302e-01
3.279340361595153852e-01
2.834694144248962600e-01
3.435931555747985811e-01
3.188029884815216097e-01
3.398733857154846438e-01
3.248453333377838148e-01
3.103659418106078927e-01
3.344190020084381043e-01
3.290686121940613051e-01
3.168005531311035017e-01
2.767204725265502985e-01
2.634930389642715642e-01
3.007113136768341244e-01
2.959318532466888585e-01
3.432362610816955817e-01
3.108414538860321263e-01
3.084824549198150745e-01
3.372634587764740122e-01
3.243737131595611500e-01
3.002526327610016144e-01
3.610240266799926712e-01
3.261207230091094922e-01
3.317981940746307368e-01
3.709009880065917697e-01
3.213916173934936449e-01
2.849073626041412344e-01
3.387320849895477104e-01
3.400872131824493327e-01
4.209983344078063738e-01
3.659655588150024230e-01
2.888143654823303041e-01
3.852883153438568242e-01
3.486129818916320899e-01
3.166884825706481887e-01
3.109673904895782215e-01
3.075185801029205468e-01
2.995869855880737287e-01
3.128607079505920652e-01
3.870880728721618480e-01
3.635845912933349799e-01
3.450097683906555024e-01
3.421210590839385834e-01
3.307177346706390297e-01
3.278297858715057411e-01
2.957274643421173299e-01
2.951796560764312627e-01
3.324182427883148327e-01
3.750449438571930028e-01
3.816498543739318960e-01
3.275373007774353140e-01
3.967764049053192354e-01
3.800945266246795740e-01
4.025166319847107155e-01
