3.015999999999999792e-01
7.308999999999999941e-01
7.679000000000000270e-01
7.956999999999999629e-01
8.456000000000000183e-01
8.350999999999999535e-01
8.607000000000000206e-01
8.641999999999999682e-01
8.474000000000000421e-01
8.690999999999999837e-01
8.774999999999999467e-01
8.629000000000000004e-01
8.730999999999999872e-01
8.747000000000000330e-01
8.715000000000000524e-01
8.888000000000000345e-01
8.932999999999999829e-01
8.849000000000000199e-01
8.948000000000000398e-01
8.927000000000000490e-01
8.939000000000000279e-01
8.920000000000000151e-01
8.822999999999999732e-01
8.999000000000000332e-01
8.919000000000000261e-01
8.927000000000000490e-01
8.891999999999999904e-01
8.969000000000000306e-01
8.961000000000000076e-01
9.071000000000000174e-01
9.098000000000000531e-01
9.095999999999999641e-01
9.108000000000000540e-01
8.992999999999999883e-01
8.957000000000000517e-01
9.001000000000000112e-01
9.071000000000000174e-01
9.042000000000000037e-01
8.930000000000000160e-01
8.930000000000000160e-01
8.873999999999999666e-01
9.106999999999999540e-01
9.085999999999999632e-01
9.082000000000000073e-01
9.032000000000000028e-01
8.915999999999999481e-01
9.133999999999999897e-01
9.121000000000000218e-01
9.194999999999999840e-01
9.072000000000000064e-01
9.153999999999999915e-01
9.104999999999999760e-01
9.147999999999999465e-01
9.163999999999999924e-01
9.122000000000000108e-01
9.123999999999999888e-01
9.164999999999999813e-01
9.257999999999999563e-01
9.306999999999999718e-01
9.203000000000000069e-01
9.214999999999999858e-01
9.091000000000000192e-01
9.184999999999999831e-01
9.203999999999999959e-01
9.126999999999999558e-01
9.175999999999999712e-01
9.243999999999999995e-01
9.118000000000000549e-01
9.162000000000000144e-01
9.147999999999999465e-01
9.075999999999999623e-01
9.200000000000000400e-01
9.287999999999999590e-01
9.199000000000000510e-01
9.194999999999999840e-01
9.028000000000000469e-01
9.132000000000000117e-01
9.331000000000000405e-01
9.105999999999999650e-01
9.201000000000000290e-01
9.258999999999999453e-01
9.266999999999999682e-01
9.272000000000000242e-01
9.278999999999999471e-01
9.253000000000000114e-01
9.129000000000000448e-01
9.183000000000000052e-01
9.221000000000000307e-01
9.225999999999999757e-01
9.256999999999999673e-01
9.236999999999999655e-01
9.331000000000000405e-01
9.334000000000000075e-01
9.230000000000000426e-01
9.169000000000000483e-01
9.081000000000000183e-01
9.210000000000000409e-01
9.130000000000000338e-01
9.135999999999999677e-01
9.111000000000000210e-01
