1.247999999999999943e-01
2.351000000000000034e-01
2.513000000000000234e-01
2.479999999999999982e-01
2.777000000000000024e-01
2.923999999999999932e-01
3.190000000000000058e-01
3.093000000000000194e-01
3.467999999999999972e-01
3.114999999999999991e-01
3.119000000000000106e-01
3.160000000000000031e-01
3.069000000000000061e-01
3.368999999999999773e-01
3.088000000000000189e-01
3.351999999999999980e-01
3.593999999999999972e-01
3.216999999999999860e-01
3.614999999999999880e-01
3.449999999999999734e-01
3.519999999999999796e-01
3.513999999999999901e-01
3.599999999999999867e-01
3.628000000000000114e-01
3.538999999999999924e-01
3.547000000000000153e-01
3.367999999999999883e-01
3.400000000000000244e-01
3.345000000000000195e-01
3.287999999999999812e-01
3.568999999999999950e-01
3.417999999999999927e-01
3.084000000000000075e-01
3.300000000000000155e-01
3.588000000000000078e-01
3.226999999999999869e-01
3.360000000000000209e-01
3.564999999999999836e-01
3.503999999999999893e-01
3.368999999999999773e-01
3.486000000000000210e-01
3.441000000000000170e-01
3.458999999999999853e-01
3.508000000000000007e-01
3.502000000000000113e-01
3.452999999999999958e-01
3.479999999999999760e-01
3.496000000000000218e-01
3.492000000000000104e-01
3.385000000000000231e-01
3.457999999999999963e-01
3.469999999999999751e-01
3.478999999999999870e-01
3.456000000000000183e-01
3.488999999999999879e-01
3.487000000000000099e-01
3.486000000000000210e-01
3.487999999999999989e-01
3.486000000000000210e-01
3.477999999999999980e-01
3.472000000000000086e-01
3.479999999999999760e-01
3.483999999999999875e-01
3.497000000000000108e-01
3.458999999999999853e-01
3.492000000000000104e-01
3.506000000000000227e-01
3.452000000000000068e-01
3.482999999999999985e-01
3.477000000000000091e-01
3.486000000000000210e-01
3.486000000000000210e-01
3.461000000000000187e-01
3.497000000000000108e-01
3.511000000000000232e-01
3.489999999999999769e-01
3.492999999999999994e-01
3.472999999999999976e-01
3.492999999999999994e-01
3.488999999999999879e-01
3.477000000000000091e-01
3.476000000000000201e-01
3.503000000000000003e-01
3.496000000000000218e-01
3.496000000000000218e-01
3.478999999999999870e-01
3.483999999999999875e-01
3.489999999999999769e-01
3.502000000000000113e-01
3.479999999999999760e-01
3.494999999999999774e-01
3.484999999999999765e-01
3.497000000000000108e-01
3.488999999999999879e-01
3.472999999999999976e-01
3.492999999999999994e-01
3.498999999999999888e-01
3.491000000000000214e-01
3.473999999999999866e-01
3.492000000000000104e-01
