1.738999999999999990e-01
1.995999999999999996e-01
2.202999999999999958e-01
2.283999999999999919e-01
3.091999999999999749e-01
2.886000000000000232e-01
3.264000000000000234e-01
3.422000000000000042e-01
3.064000000000000057e-01
3.261999999999999900e-01
3.237999999999999767e-01
3.413999999999999813e-01
3.432999999999999940e-01
3.664000000000000035e-01
3.504999999999999782e-01
3.587000000000000188e-01
3.381000000000000116e-01
3.683000000000000163e-01
3.628000000000000114e-01
3.912999999999999812e-01
3.417999999999999927e-01
3.700999999999999845e-01
4.022999999999999909e-01
3.917999999999999816e-01
3.795000000000000040e-01
3.685999999999999832e-01
3.715999999999999859e-01
3.952999999999999847e-01
3.952999999999999847e-01
3.986999999999999988e-01
3.995000000000000218e-01
4.000000000000000222e-01
4.001000000000000112e-01
4.022000000000000020e-01
4.001000000000000112e-01
4.002000000000000002e-01
4.003999999999999782e-01
4.025000000000000244e-01
4.028999999999999804e-01
3.997999999999999887e-01
3.991000000000000103e-01
3.990000000000000213e-01
4.010000000000000231e-01
4.010000000000000231e-01
4.008999999999999786e-01
4.008999999999999786e-01
3.992999999999999883e-01
4.003999999999999782e-01
3.978999999999999759e-01
3.986000000000000099e-01
3.992999999999999883e-01
3.982999999999999874e-01
4.000000000000000222e-01
3.978999999999999759e-01
3.991999999999999993e-01
4.048999999999999821e-01
3.992999999999999883e-01
4.016000000000000125e-01
3.985000000000000209e-01
3.995000000000000218e-01
4.001000000000000112e-01
4.020000000000000240e-01
4.005000000000000226e-01
3.996999999999999997e-01
4.036000000000000143e-01
3.992999999999999883e-01
4.010000000000000231e-01
4.005000000000000226e-01
4.011000000000000121e-01
4.041000000000000147e-01
4.018999999999999795e-01
4.028999999999999804e-01
4.037000000000000033e-01
4.016000000000000125e-01
4.033999999999999808e-01
4.011000000000000121e-01
4.021000000000000130e-01
4.007000000000000006e-01
3.990000000000000213e-01
3.996999999999999997e-01
4.022999999999999909e-01
4.013999999999999790e-01
4.026000000000000134e-01
3.993999999999999773e-01
4.020000000000000240e-01
4.032000000000000028e-01
4.013999999999999790e-01
4.036000000000000143e-01
3.991999999999999993e-01
4.006000000000000116e-01
4.027999999999999914e-01
4.017000000000000015e-01
3.996000000000000107e-01
4.018999999999999795e-01
4.012999999999999901e-01
3.981999999999999984e-01
4.027000000000000024e-01
4.002999999999999892e-01
3.991999999999999993e-01
4.022999999999999909e-01
