1.449999999999999900e-01
1.587000000000000077e-01
1.836000000000000132e-01
1.854999999999999982e-01
1.973000000000000032e-01
1.940000000000000058e-01
1.922000000000000097e-01
2.258000000000000007e-01
2.235999999999999932e-01
2.187000000000000055e-01
2.265999999999999959e-01
2.272000000000000131e-01
2.255000000000000060e-01
2.373000000000000109e-01
2.200999999999999901e-01
2.369999999999999885e-01
2.252000000000000113e-01
2.321999999999999897e-01
2.204000000000000126e-01
2.137000000000000011e-01
2.313000000000000056e-01
2.240999999999999936e-01
2.268000000000000016e-01
2.311999999999999889e-01
2.273000000000000020e-01
2.313000000000000056e-01
2.300999999999999990e-01
2.253999999999999893e-01
2.368999999999999995e-01
2.313999999999999946e-01
2.265000000000000069e-01
2.267000000000000126e-01
2.245000000000000051e-01
2.336999999999999911e-01
2.421999999999999986e-01
2.225000000000000033e-01
2.328999999999999959e-01
2.295999999999999985e-01
2.305999999999999994e-01
2.313000000000000056e-01
2.290000000000000091e-01
2.288999999999999924e-01
2.290000000000000091e-01
2.305000000000000104e-01
2.321000000000000008e-01
2.300000000000000100e-01
2.296999999999999875e-01
2.328000000000000069e-01
2.313000000000000056e-01
2.313000000000000056e-01
2.316999999999999893e-01
2.328000000000000069e-01
2.303999999999999937e-01
2.340000000000000135e-01
2.310999999999999999e-01
2.311999999999999889e-01
2.321999999999999897e-01
2.328000000000000069e-01
2.321999999999999897e-01
2.349999999999999867e-01
2.316000000000000003e-01
2.311999999999999889e-01
2.310999999999999999e-01
2.326000000000000012e-01
2.330000000000000127e-01
2.305000000000000104e-01
2.300999999999999990e-01
2.318000000000000060e-01
2.336999999999999911e-01
2.310000000000000109e-01
2.300000000000000100e-01
2.335000000000000131e-01
2.313000000000000056e-01
2.330000000000000127e-01
2.336999999999999911e-01
2.305999999999999994e-01
2.308999999999999941e-01
2.316000000000000003e-01
2.303000000000000047e-01
2.313999999999999946e-01
2.333999999999999964e-01
2.313999999999999946e-01
2.328000000000000069e-01
2.291999999999999871e-01
2.320000000000000118e-01
2.316000000000000003e-01
2.313999999999999946e-01
2.303999999999999937e-01
2.310000000000000109e-01
2.310000000000000109e-01
2.331999999999999906e-01
2.301999999999999880e-01
2.305999999999999994e-01
2.300999999999999990e-01
2.308000000000000052e-01
2.301999999999999880e-01
2.298000000000000043e-01
2.305999999999999994e-01
2.310000000000000109e-01
2.331999999999999906e-01
