2.306464498535156338e+02
3.461828409729003653e+01
8.242268869018554156e+00
7.404063980865478456e+00
7.713698429107665788e+00
7.637310286712646779e+00
7.149804019165038937e+00
7.374202542114257852e+00
6.759326830291747967e+00
6.985032391357421488e+00
8.173394065093994243e+00
8.805778289794922387e+00
8.926905213928222338e+00
1.024818872833252037e+01
8.123493695831298211e+00
9.376970649719238438e+00
9.067965318298339739e+00
9.261180856323242949e+00
1.102538863220214793e+01
1.142643700714111255e+01
9.925422308349610034e+00
9.372417031860351244e+00
1.045167347412109393e+01
1.037151624450683585e+01
1.132366938781738241e+01
1.035228499755859310e+01
9.948750022888184219e+00
1.037977944335937508e+01
9.469076013183594043e+00
1.010842411804199159e+01
1.163532334594726514e+01
1.024357071990966794e+01
1.124890496368408144e+01
9.627221792602538741e+00
9.439917472839354673e+00
1.041630228576660144e+01
1.000816147918701127e+01
9.742350335693359398e+00
1.019898433074951249e+01
1.031926650543212887e+01
1.012266971130371118e+01
9.864044665527343270e+00
9.868786950683594128e+00
9.698140307617187261e+00
9.617489166259765909e+00
9.597710256958007946e+00
9.540089356994629455e+00
9.325926495361327895e+00
9.203722782897949983e+00
9.179216210937500620e+00
9.332381373596192020e+00
9.289563943481445207e+00
9.283912545776367153e+00
9.204890676879882605e+00
9.446425195312500023e+00
9.450692062377930469e+00
9.274465736389160497e+00
9.237488708496094603e+00
9.305352311706542423e+00
9.222155543518066878e+00
9.279991412353515656e+00
9.193433549499511415e+00
9.232170576477050972e+00
9.131899647521972696e+00
9.128322662353514971e+00
9.232303289794922208e+00
9.247159451293946120e+00
9.129583158874511994e+00
9.052074380493163375e+00
9.237920109558105608e+00
9.171441076660157066e+00
9.038787648010254472e+00
9.174134300231933992e+00
9.079798905944823417e+00
9.081616188049316918e+00
9.209189315795898167e+00
9.195789263916015699e+00
9.205476451110840230e+00
9.195566500854491565e+00
9.216657398986816574e+00
9.171183906555175014e+00
9.135024028015136466e+00
9.149540119934082227e+00
9.240023571777344458e+00
9.116184034729004182e+00
9.061214962768554315e+00
9.188067826843262509e+00
9.170805485534668122e+00
9.172470999145508230e+00
9.183666230773924966e+00
9.185847169494628872e+00
9.261455822753905665e+00
9.161151391601562111e+00
9.224155004882812037e+00
9.178493571472168711e+00
9.193337020874023935e+00
9.211843804931641344e+00
9.153173815917968525e+00
9.050509692382812332e+00
9.208184167480467863e+00
