4.561497350463866951e+01
6.512090435791015430e+00
5.708922344207763899e+00
5.566739488983154516e+00
5.023489634704589868e+00
4.558112677001953550e+00
4.397249420166015277e+00
5.136454055023193632e+00
4.871998875427245856e+00
4.516926917266845365e+00
4.181468453979491962e+00
4.037359266281128178e+00
4.920067259216308386e+00
4.697474770355224649e+00
6.472535346221923724e+00
5.005991409301757677e+00
5.380755651855468891e+00
6.200398173522949641e+00
5.575884112548828320e+00
5.757678433227539472e+00
5.919003913116455351e+00
5.300576123809814355e+00
6.883424708557129179e+00
6.079171684265136655e+00
7.502969385528564850e+00
7.466141851043700761e+00
6.919486099243163935e+00
6.776494150543213024e+00
6.491851234436035512e+00
7.802865328216552321e+00
7.053396611022948903e+00
7.916053549194336014e+00
7.121019415283202925e+00
6.475300136566161768e+00
6.116776313781738139e+00
8.833664909362793694e+00
6.205874942779541215e+00
5.971671678924560744e+00
6.885607568359374930e+00
7.129605499267578139e+00
7.063536103820800882e+00
7.212022550201416138e+00
7.316768114471435602e+00
7.112463961791991807e+00
7.470643531036376572e+00
7.306933537292480629e+00
7.278856891632080384e+00
7.123378229522705496e+00
7.008713690948486175e+00
6.867728941345214722e+00
6.983648406982421619e+00
6.913068009185790785e+00
6.914167344665527182e+00
6.828287544250488672e+00
6.978497424316405962e+00
6.967020980834960575e+00
6.913519966125488025e+00
6.882122422790527771e+00
6.945593751525878545e+00
6.936450255584716729e+00
6.989181155395507439e+00
6.945146305084228366e+00
6.899729418945312887e+00
7.150371336364746533e+00
6.961068135833739845e+00
6.964671556854248102e+00
6.978368744659423584e+00
6.953349314117431845e+00
7.016494962310790839e+00
7.011408442687987908e+00
6.974361377716064680e+00
6.942678170776367175e+00
6.969091036224365432e+00
6.909976043701171911e+00
6.922525978088378551e+00
7.002308444976806712e+00
6.868049411773681889e+00
6.951220830535888240e+00
7.030325020599365260e+00
7.027153659820556619e+00
6.920692937469482331e+00
6.897751356506347520e+00
6.919704167175292575e+00
6.902956253051757862e+00
6.912338037872314267e+00
6.893958831787108998e+00
6.934157035064696828e+00
6.993375473022460653e+00
6.871096105194092196e+00
6.930386039733886783e+00
6.948334656524657760e+00
6.847184567260741872e+00
6.925634473419189696e+00
6.964752524566650393e+00
6.948695668792725044e+00
6.801871685791015310e+00
6.851027691650390494e+00
6.824575381469726310e+00
6.829485435485839417e+00
6.939949127960205466e+00
