2.622515089797973431e+00
2.292313550949096612e+00
1.963210809707641502e+00
1.857761221885681158e+00
1.788831061935424849e+00
1.738620749282836941e+00
1.652878748130798270e+00
1.580362700843811030e+00
1.532138574218750104e+00
1.479788997268676853e+00
1.487118593597412053e+00
1.438759068107605010e+00
1.326618379402160652e+00
1.310247321319579994e+00
1.223116822814941385e+00
1.160264960098266629e+00
1.172525776481628368e+00
1.151576103973388721e+00
1.111844441795349026e+00
1.007369305038452234e+00
1.025294989776611265e+00
9.421605638504028102e-01
9.643998657226562354e-01
8.772523765563964293e-01
7.881479998588561964e-01
7.798192378997802487e-01
7.214096957206725946e-01
6.891893748283386412e-01
7.271423361778259764e-01
7.540532096862793132e-01
6.886167650222778658e-01
6.797527687072754121e-01
6.809194474220275906e-01
7.392269865036010801e-01
7.123306176185607574e-01
6.703180480957031673e-01
6.781270015716552857e-01
6.890215766906738759e-01
7.003358054161071822e-01
7.280440359115600835e-01
7.404695595741271896e-01
7.634903929710388226e-01
8.040107955932617179e-01
7.742963050842285311e-01
8.013024476051330280e-01
7.880308189392090101e-01
8.089812618255615151e-01
8.081117945671081326e-01
8.237430147171020955e-01
8.392549158096312967e-01
8.645262771606445629e-01
8.726667041778564116e-01
8.833385147094726664e-01
9.083658432006835870e-01
9.109723411560058937e-01
9.215156087875365776e-01
9.122865350723267097e-01
8.956114204406738777e-01
8.515218391418456489e-01
8.814423711776733228e-01
7.368820811271667992e-01
7.250418144226074002e-01
7.422912634849548885e-01
7.482943601608276207e-01
7.709709569931030293e-01
7.922111181259154922e-01
8.119811225891113704e-01
8.232299640655517114e-01
8.414306943893432589e-01
8.554846450805664304e-01
8.663360406875609820e-01
8.872168050765991687e-01
9.128442729949951540e-01
8.961899114608764538e-01
8.927271219253539725e-01
8.942575485229492527e-01
9.013215612411499267e-01
9.162268995285034467e-01
9.138805130004882260e-01
9.281690694808959474e-01
9.367204406738280920e-01
9.441106462478637829e-01
9.548530326843261973e-01
9.649616991043090675e-01
9.750214879989623773e-01
9.267385822296142495e-01
8.650315891265869528e-01
8.411982835769653555e-01
7.920029483795165692e-01
7.598325806617737266e-01
7.493720430374145591e-01
7.256283635139465504e-01
7.554486023902893255e-01
7.839980842590331678e-01
7.971560417175292956e-01
8.214877321243285735e-01
8.353291193008423043e-01
8.509829200744628563e-01
8.644117132186889263e-01
8.774361240386963079e-01
