1.743999999999999995e-01
1.839000000000000079e-01
2.403000000000000136e-01
2.560000000000000053e-01
2.401999999999999968e-01
2.821000000000000174e-01
2.812000000000000055e-01
3.410000000000000253e-01
3.382000000000000006e-01
2.938999999999999946e-01
3.778000000000000247e-01
3.691999999999999726e-01
3.044999999999999929e-01
3.274000000000000243e-01
3.240999999999999992e-01
3.357999999999999874e-01
3.351999999999999980e-01
3.648000000000000131e-01
3.694000000000000061e-01
3.361000000000000099e-01
3.522000000000000131e-01
3.637000000000000233e-01
3.795000000000000040e-01
3.614999999999999880e-01
3.670999999999999819e-01
3.704000000000000070e-01
3.776999999999999802e-01
3.643000000000000127e-01
3.644999999999999907e-01
3.709000000000000075e-01
3.629000000000000004e-01
3.690999999999999837e-01
3.729000000000000092e-01
3.755999999999999894e-01
3.758000000000000229e-01
3.729999999999999982e-01
3.774000000000000132e-01
3.798000000000000265e-01
3.639000000000000012e-01
3.799000000000000155e-01
3.769000000000000128e-01
3.754000000000000115e-01
3.766999999999999793e-01
3.766999999999999793e-01
3.756999999999999784e-01
3.765999999999999903e-01
3.788000000000000256e-01
3.794000000000000150e-01
3.716999999999999749e-01
3.785000000000000031e-01
3.825999999999999956e-01
3.810000000000000053e-01
3.811999999999999833e-01
3.816999999999999837e-01
3.805999999999999939e-01
3.819000000000000172e-01
3.805000000000000049e-01
3.804000000000000159e-01
3.837999999999999745e-01
3.704999999999999960e-01
3.729999999999999982e-01
3.776999999999999802e-01
3.736999999999999766e-01
3.775000000000000022e-01
3.778000000000000247e-01
3.765999999999999903e-01
3.779000000000000137e-01
3.733000000000000207e-01
3.738000000000000211e-01
3.768000000000000238e-01
3.739999999999999991e-01
3.770000000000000018e-01
3.761999999999999789e-01
3.791999999999999815e-01
3.753000000000000225e-01
3.771999999999999797e-01
3.773000000000000242e-01
3.779000000000000137e-01
3.761999999999999789e-01
3.791999999999999815e-01
3.788000000000000256e-01
3.749000000000000110e-01
3.760000000000000009e-01
3.808000000000000274e-01
3.769000000000000128e-01
3.817999999999999727e-01
3.784000000000000141e-01
3.768000000000000238e-01
3.740999999999999881e-01
3.768000000000000238e-01
3.778000000000000247e-01
3.804000000000000159e-01
3.805999999999999939e-01
3.751999999999999780e-01
3.760999999999999899e-01
3.785000000000000031e-01
3.719999999999999973e-01
3.754000000000000115e-01
3.770000000000000018e-01
3.768000000000000238e-01
