4.692181647338867378e+01
7.358962342834472814e+00
4.771628720092773612e+00
4.016232048034668267e+00
4.500059476470947395e+00
4.268912461090088151e+00
4.809969165039062133e+00
4.165313688659668223e+00
4.320150723266601211e+00
4.920456997680664024e+00
5.217947376251220959e+00
4.969961621856689327e+00
5.603163952636719181e+00
5.737742224884033071e+00
5.958760234832763736e+00
5.252966533660888615e+00
5.976447750854491758e+00
4.847477294921874957e+00
4.515598616790771125e+00
5.691785614013672223e+00
5.526073537445068240e+00
4.829378307342529375e+00
4.648394116210937455e+00
4.920643852996826162e+00
4.655020011138915947e+00
4.738388818359375421e+00
4.701381052398681426e+00
4.818662666320800980e+00
4.508773629760741919e+00
4.521950812530517894e+00
5.146512152099609771e+00
4.328167792510986267e+00
4.843869366455078485e+00
4.760867800903320735e+00
4.594714419555663731e+00
4.671413423156738354e+00
4.539140199279785293e+00
4.419174937438964612e+00
4.763357080841064572e+00
4.454227999114990233e+00
4.467970986175537007e+00
4.493224026489257561e+00
4.495665221405029222e+00
4.454645497894286876e+00
4.394582675170898511e+00
4.419024844360351700e+00
4.325312603759766006e+00
4.242666999053954946e+00
4.450876143646239846e+00
4.306864856719970547e+00
4.262041542053222720e+00
4.301051514434814038e+00
4.238769444274902654e+00
4.298334009552001511e+00
4.297461825561523341e+00
4.255279130554199263e+00
4.259480652618408136e+00
4.281597233581543094e+00
4.221311042785644396e+00
4.344597821807861138e+00
4.335358298492431928e+00
4.259925753021239991e+00
4.315520618438720923e+00
4.241426612854003686e+00
4.252348696899414193e+00
4.294822157287597975e+00
4.262071763610840058e+00
4.348769131469726545e+00
4.269614659881591834e+00
4.258256233215331754e+00
4.280934629058838148e+00
4.203776571655273742e+00
4.253536019134521062e+00
4.211447165679931715e+00
4.255056151580810742e+00
4.246849273681641002e+00
4.285754180908202926e+00
4.268660646820068294e+00
4.245213652801513859e+00
4.197466659545898260e+00
4.218001336669922274e+00
4.241924977111816375e+00
4.245038275146484352e+00
4.168775169372558764e+00
4.234088472747802534e+00
4.179736621093749882e+00
4.241916724395752070e+00
4.251715811920165677e+00
4.298057550048827835e+00
4.221856755828857111e+00
4.244904376220703490e+00
4.217844674682616812e+00
4.191477879333495693e+00
4.268637606811523710e+00
4.230379450988769108e+00
4.195806977081298683e+00
4.282061663818359065e+00
4.271624381256103220e+00
4.236469284820556958e+00
4.260346886444091652e+00
