2.622515059661865156e+00
2.292313649368286299e+00
1.963210791778564390e+00
1.857761276435851983e+00
1.788831129074096582e+00
1.738620789527893118e+00
1.652878793716430650e+00
1.580362636947631794e+00
1.532138541221618633e+00
1.479788930130004898e+00
1.487118813323974553e+00
1.438758906555175798e+00
1.326618400573730483e+00
1.310247373008728067e+00
1.223116771125793534e+00
1.160264916992187478e+00
1.172525822448730493e+00
1.151575996971130333e+00
1.111844496345520072e+00
1.007369410133361898e+00
1.025295008468627866e+00
9.421605669021606566e-01
9.644000545501708599e-01
8.772522239685058842e-01
7.881480582237243571e-01
7.798192239761352340e-01
7.214096955299377223e-01
6.891892501831055062e-01
7.271424777030944808e-01
7.540529903411865575e-01
6.886164535522460994e-01
6.797525746345519648e-01
6.809193434715270499e-01
7.392267027854919625e-01
7.123308824539185125e-01
6.703181429862976604e-01
6.781270444869995639e-01
6.890216706275940073e-01
7.003357573509216838e-01
7.280434823036193714e-01
7.404696833610534545e-01
7.634903749465942191e-01
8.040108037948607844e-01
7.742961640357971520e-01
8.013021210670471239e-01
7.880308862686157267e-01
8.089813625335693370e-01
8.081118409156798910e-01
8.237431058883667445e-01
8.392547868728638116e-01
8.645261089324951520e-01
8.726664169311523223e-01
8.833389904022216355e-01
9.083659416198730518e-01
9.109724067687988702e-01
9.215158130645751955e-01
9.122862138748168981e-01
8.956113315582275858e-01
8.515219760894775503e-01
8.814420586585998141e-01
7.368816764831542798e-01
7.250418896675110414e-01
7.422910285949706477e-01
7.482942356109618665e-01
7.709706327438354823e-01
7.922111351966858450e-01
8.119812829971313484e-01
8.232299627304077161e-01
8.414307203292846760e-01
8.554844940185546420e-01
8.663362365722656611e-01
8.872167778015136452e-01
9.128439384460449446e-01
8.961899829864501399e-01
8.927271865844726983e-01
8.942575651168823692e-01
9.013216613769531316e-01
9.162270406723022065e-01
9.138804555892944270e-01
9.281688978195190565e-01
9.367206071853637628e-01
9.441107608795166195e-01
9.548531061172484957e-01
9.649619409561157601e-01
9.750220466613769288e-01
9.267384225845336498e-01
8.650317022323608107e-01
8.411984873771667370e-01
7.920032470703125549e-01
7.598327150344849068e-01
7.493718904495239030e-01
7.256286473274230486e-01
7.554485756874084190e-01
7.839979155540466316e-01
7.971558070182800382e-01
8.214879182815552072e-01
8.353293312072753718e-01
8.509828262329101056e-01
8.644114507675171311e-01
8.774365753173828386e-01
