1.365000000000000102e-01
2.028000000000000080e-01
2.278999999999999915e-01
2.305999999999999994e-01
2.569000000000000172e-01
3.192999999999999727e-01
3.042000000000000259e-01
3.564999999999999836e-01
3.489999999999999769e-01
3.432000000000000051e-01
3.348999999999999755e-01
3.846999999999999864e-01
3.699000000000000066e-01
3.730999999999999872e-01
3.877999999999999781e-01
3.835000000000000075e-01
3.763000000000000234e-01
3.971000000000000085e-01
3.691999999999999726e-01
3.971000000000000085e-01
3.583000000000000074e-01
3.892999999999999794e-01
3.790999999999999925e-01
4.082999999999999963e-01
3.867999999999999772e-01
3.922999999999999821e-01
3.985000000000000209e-01
4.017999999999999905e-01
4.036000000000000143e-01
4.025000000000000244e-01
4.035000000000000253e-01
4.043999999999999817e-01
4.022000000000000020e-01
4.000000000000000222e-01
4.013999999999999790e-01
3.992999999999999883e-01
4.008999999999999786e-01
4.023999999999999799e-01
4.003999999999999782e-01
4.012999999999999901e-01
4.052000000000000046e-01
4.021000000000000130e-01
4.042000000000000037e-01
4.020000000000000240e-01
4.027999999999999914e-01
4.002999999999999892e-01
4.001000000000000112e-01
4.015000000000000235e-01
3.992999999999999883e-01
4.038999999999999813e-01
4.032999999999999918e-01
4.038999999999999813e-01
4.050000000000000266e-01
4.047000000000000042e-01
4.037999999999999923e-01
4.012999999999999901e-01
4.045000000000000262e-01
4.052000000000000046e-01
4.031000000000000139e-01
4.030000000000000249e-01
4.020000000000000240e-01
4.057000000000000051e-01
4.028999999999999804e-01
4.037000000000000033e-01
4.027000000000000024e-01
4.047999999999999932e-01
4.023999999999999799e-01
4.007000000000000006e-01
4.022000000000000020e-01
4.013999999999999790e-01
4.037000000000000033e-01
4.052000000000000046e-01
4.018999999999999795e-01
4.050000000000000266e-01
4.030000000000000249e-01
4.067999999999999949e-01
4.022999999999999909e-01
4.017999999999999905e-01
4.011000000000000121e-01
4.028999999999999804e-01
4.041000000000000147e-01
4.027999999999999914e-01
4.045000000000000262e-01
4.031000000000000139e-01
4.047999999999999932e-01
4.012999999999999901e-01
4.037999999999999923e-01
4.036000000000000143e-01
4.011000000000000121e-01
4.032999999999999918e-01
4.040000000000000258e-01
4.057999999999999940e-01
4.000000000000000222e-01
4.033999999999999808e-01
4.062999999999999945e-01
4.036000000000000143e-01
4.047000000000000042e-01
4.021000000000000130e-01
4.002999999999999892e-01
4.017999999999999905e-01
