1.567000000000000060e-01
1.827999999999999903e-01
2.051999999999999935e-01
2.041000000000000036e-01
1.950000000000000067e-01
1.841000000000000136e-01
2.164999999999999980e-01
2.132999999999999896e-01
2.157000000000000028e-01
2.205000000000000016e-01
2.454000000000000070e-01
2.076000000000000068e-01
2.242999999999999994e-01
2.364999999999999880e-01
2.515999999999999903e-01
2.735000000000000209e-01
2.808999999999999830e-01
2.442000000000000004e-01
2.518000000000000238e-01
2.716999999999999971e-01
2.541999999999999815e-01
2.691000000000000059e-01
2.960999999999999743e-01
2.889999999999999791e-01
2.747999999999999887e-01
2.723999999999999755e-01
2.967000000000000193e-01
2.998999999999999999e-01
2.897000000000000131e-01
2.371999999999999942e-01
2.936000000000000276e-01
2.743999999999999773e-01
2.681000000000000050e-01
2.660000000000000142e-01
2.757000000000000006e-01
2.862000000000000099e-01
2.586999999999999855e-01
2.797999999999999932e-01
2.968999999999999972e-01
2.609000000000000208e-01
2.736999999999999988e-01
2.590999999999999970e-01
2.857000000000000095e-01
2.756000000000000116e-01
2.767000000000000015e-01
2.856000000000000205e-01
2.842999999999999972e-01
2.791000000000000147e-01
2.847000000000000086e-01
2.839999999999999747e-01
2.861000000000000210e-01
2.837999999999999967e-01
2.863999999999999879e-01
2.868999999999999884e-01
2.863999999999999879e-01
2.869999999999999774e-01
2.862999999999999989e-01
2.888999999999999901e-01
2.853999999999999870e-01
2.858999999999999875e-01
2.844999999999999751e-01
2.867000000000000104e-01
2.852000000000000091e-01
2.872000000000000108e-01
2.861000000000000210e-01
2.866000000000000214e-01
2.859999999999999765e-01
2.854999999999999760e-01
2.867000000000000104e-01
2.858999999999999875e-01
2.849999999999999756e-01
2.883000000000000007e-01
2.872000000000000108e-01
2.852000000000000091e-01
2.848999999999999866e-01
2.856000000000000205e-01
2.852999999999999980e-01
2.853999999999999870e-01
2.841000000000000192e-01
2.876000000000000223e-01
2.858999999999999875e-01
2.847999999999999976e-01
2.852999999999999980e-01
2.871000000000000218e-01
2.864999999999999769e-01
2.837999999999999967e-01
2.856000000000000205e-01
2.872999999999999998e-01
2.843999999999999861e-01
2.856000000000000205e-01
2.859999999999999765e-01
2.866000000000000214e-01
2.861000000000000210e-01
2.838999999999999857e-01
2.861000000000000210e-01
2.871000000000000218e-01
2.822000000000000064e-01
2.843999999999999861e-01
2.819999999999999729e-01
2.852999999999999980e-01
