1.325999999999999956e-01
1.849999999999999978e-01
2.262000000000000122e-01
1.900999999999999912e-01
2.651000000000000023e-01
2.671000000000000041e-01
3.178000000000000269e-01
3.030999999999999805e-01
2.953000000000000069e-01
2.861000000000000210e-01
2.808999999999999830e-01
3.145999999999999908e-01
3.123000000000000220e-01
3.436000000000000165e-01
3.186999999999999833e-01
3.406000000000000139e-01
3.482999999999999985e-01
3.125999999999999890e-01
3.582000000000000184e-01
3.477000000000000091e-01
3.237999999999999767e-01
3.462000000000000077e-01
3.477999999999999980e-01
3.343999999999999750e-01
3.381000000000000116e-01
3.854000000000000203e-01
3.521000000000000241e-01
3.667000000000000259e-01
3.755000000000000004e-01
3.649999999999999911e-01
3.553999999999999937e-01
3.774000000000000132e-01
3.849000000000000199e-01
3.713000000000000189e-01
3.761999999999999789e-01
3.795000000000000040e-01
3.780999999999999917e-01
3.781999999999999806e-01
3.808000000000000274e-01
3.821999999999999842e-01
3.806999999999999829e-01
3.832999999999999741e-01
3.791999999999999815e-01
3.820000000000000062e-01
3.841999999999999860e-01
3.842999999999999750e-01
3.793000000000000260e-01
3.826999999999999846e-01
3.819000000000000172e-01
3.798000000000000265e-01
3.865999999999999992e-01
3.815000000000000058e-01
3.850000000000000089e-01
3.852999999999999758e-01
3.842999999999999750e-01
3.775000000000000022e-01
3.817999999999999727e-01
3.822999999999999732e-01
3.841999999999999860e-01
3.844000000000000195e-01
3.856999999999999873e-01
3.865999999999999992e-01
3.829000000000000181e-01
3.861999999999999877e-01
3.810999999999999943e-01
3.806999999999999829e-01
3.850000000000000089e-01
3.829000000000000181e-01
3.816999999999999837e-01
3.830999999999999961e-01
3.834000000000000186e-01
3.836999999999999855e-01
3.860999999999999988e-01
3.816999999999999837e-01
3.820000000000000062e-01
3.816999999999999837e-01
3.791999999999999815e-01
3.846999999999999864e-01
3.805999999999999939e-01
3.821999999999999842e-01
3.817999999999999727e-01
3.815999999999999948e-01
3.812999999999999723e-01
3.829000000000000181e-01
3.810999999999999943e-01
3.800999999999999934e-01
3.811999999999999833e-01
3.810000000000000053e-01
3.817999999999999727e-01
3.835999999999999965e-01
3.845000000000000084e-01
3.816999999999999837e-01
3.832999999999999741e-01
3.856999999999999873e-01
3.790999999999999925e-01
3.862999999999999767e-01
3.815999999999999948e-01
3.826999999999999846e-01
3.850000000000000089e-01
3.819000000000000172e-01
