1.655999999999999972e-01
1.965999999999999970e-01
3.256000000000000005e-01
3.368999999999999773e-01
3.245999999999999996e-01
3.175999999999999934e-01
3.076999999999999735e-01
3.387999999999999901e-01
3.487000000000000099e-01
3.189000000000000168e-01
3.181999999999999829e-01
3.896999999999999909e-01
2.990999999999999770e-01
3.315000000000000169e-01
3.875000000000000111e-01
3.629999999999999893e-01
3.607000000000000206e-01
3.729999999999999982e-01
4.015000000000000235e-01
3.801999999999999824e-01
3.955000000000000182e-01
3.841999999999999860e-01
3.885000000000000120e-01
4.129999999999999782e-01
3.966000000000000081e-01
4.010000000000000231e-01
4.022999999999999909e-01
3.921999999999999931e-01
4.183000000000000052e-01
4.114999999999999769e-01
4.210999999999999743e-01
4.168999999999999928e-01
4.154999999999999805e-01
4.136000000000000232e-01
4.114999999999999769e-01
4.148999999999999910e-01
4.126000000000000223e-01
4.092000000000000082e-01
4.133999999999999897e-01
4.098999999999999866e-01
4.102999999999999980e-01
4.116000000000000214e-01
4.103999999999999870e-01
4.104999999999999760e-01
4.092000000000000082e-01
4.051000000000000156e-01
4.097999999999999976e-01
4.112999999999999989e-01
4.112000000000000099e-01
4.092999999999999972e-01
4.143000000000000016e-01
4.101000000000000201e-01
4.146000000000000241e-01
4.133999999999999897e-01
4.154999999999999805e-01
4.151000000000000245e-01
4.141000000000000236e-01
4.151000000000000245e-01
4.167000000000000148e-01
4.146000000000000241e-01
4.138000000000000012e-01
4.138999999999999901e-01
4.154999999999999805e-01
4.143999999999999906e-01
4.127000000000000113e-01
4.128999999999999893e-01
4.128000000000000003e-01
4.147000000000000131e-01
4.133000000000000007e-01
4.161000000000000254e-01
4.137000000000000122e-01
4.138999999999999901e-01
4.134999999999999787e-01
4.128000000000000003e-01
4.154999999999999805e-01
4.137000000000000122e-01
4.132000000000000117e-01
4.136000000000000232e-01
4.151000000000000245e-01
4.123999999999999888e-01
4.122000000000000108e-01
4.156000000000000250e-01
4.141000000000000236e-01
4.133000000000000007e-01
4.141000000000000236e-01
4.117999999999999994e-01
4.117999999999999994e-01
4.138999999999999901e-01
4.116000000000000214e-01
4.133999999999999897e-01
4.143999999999999906e-01
4.151000000000000245e-01
4.157000000000000139e-01
4.143000000000000016e-01
4.133999999999999897e-01
4.144999999999999796e-01
4.168999999999999928e-01
4.138000000000000012e-01
4.124999999999999778e-01
4.146000000000000241e-01
