2.622515096282958869e+00
2.292313624954223528e+00
1.963210839843750000e+00
1.857761304092407251e+00
1.788831071281433038e+00
1.738620810699462949e+00
1.652878695678710930e+00
1.580362581634521479e+00
1.532138644218444812e+00
1.479789057922363371e+00
1.487118627738952537e+00
1.438759065246582036e+00
1.326618327713012802e+00
1.310247434806823819e+00
1.223116773986816508e+00
1.160264859199523935e+00
1.172525584411621136e+00
1.151576113700866655e+00
1.111844273376464853e+00
1.007369164848327614e+00
1.025295066261291410e+00
9.421607379913330416e-01
9.643997795104980453e-01
8.772522912979126009e-01
7.881479144096374956e-01
7.798192180633545245e-01
7.214096412658691504e-01
6.891894682884216472e-01
7.271426267623901651e-01
7.540532136917114103e-01
6.886165630340576049e-01
6.797529467582702489e-01
6.809191341400147035e-01
7.392272320747375058e-01
7.123305398941039979e-01
6.703181612014770252e-01
6.781270084381103569e-01
6.890215524673461989e-01
7.003358357429504411e-01
7.280437726020813072e-01
7.404697705268860064e-01
7.634905460357666040e-01
8.040106590270995612e-01
7.742963526725769041e-01
8.013024114608764403e-01
7.880306765556335247e-01
8.089811307907104343e-01
8.081118196487426797e-01
8.237428449630737060e-01
8.392546972274780304e-01
8.645266271591186547e-01
8.726666267395019050e-01
8.833388879776000735e-01
9.083657281875610057e-01
9.109725990295409748e-01
9.215158542633056227e-01
9.122863992691040425e-01
8.956111595153808391e-01
8.515220039367675797e-01
8.814420476913452651e-01
7.368822174072265918e-01
7.250416902542113906e-01
7.422912206649779909e-01
7.482944665908813908e-01
7.709707983016967914e-01
7.922111665725708463e-01
8.119811978340149006e-01
8.232300226211547445e-01
8.414307100296020137e-01
8.554843961715697942e-01
8.663362522125244158e-01
8.872168254852295100e-01
9.128442937850952399e-01
8.961897657394408689e-01
8.927274085998535558e-01
8.942576986312865683e-01
9.013218534469604748e-01
9.162270616531371648e-01
9.138804267883300358e-01
9.281691505432129174e-01
9.367204643249511520e-01
9.441106348037719975e-01
9.548531440734863152e-01
9.649618080139160670e-01
9.750217649459839153e-01
9.267385055541992323e-01
8.650314344406128120e-01
8.411981401443481277e-01
7.920028846740723161e-01
7.598325035095214730e-01
7.493718579292297788e-01
7.256288215637206607e-01
7.554485361099243512e-01
7.839979918479919041e-01
7.971558039665221918e-01
8.214877853393555140e-01
8.353292802810668993e-01
8.509828769683838168e-01
8.644113351821899327e-01
8.774361507415771033e-01
