1.721999999999999920e-01
2.157999999999999918e-01
2.555000000000000049e-01
2.731000000000000094e-01
2.551999999999999824e-01
2.735000000000000209e-01
2.637999999999999790e-01
2.795000000000000262e-01
3.064000000000000057e-01
2.768999999999999795e-01
2.712999999999999856e-01
2.851000000000000201e-01
3.069000000000000061e-01
2.872000000000000108e-01
2.883999999999999897e-01
2.923999999999999932e-01
3.052000000000000268e-01
3.027000000000000246e-01
2.869999999999999774e-01
3.007000000000000228e-01
3.105999999999999872e-01
3.065999999999999837e-01
3.093000000000000194e-01
3.120999999999999885e-01
3.084999999999999964e-01
3.207999999999999741e-01
3.120999999999999885e-01
3.098000000000000198e-01
3.192999999999999727e-01
3.073000000000000176e-01
3.160000000000000031e-01
3.104000000000000092e-01
3.221999999999999864e-01
3.091999999999999749e-01
3.028000000000000136e-01
3.125000000000000000e-01
3.139000000000000123e-01
3.205000000000000071e-01
3.090999999999999859e-01
3.249000000000000221e-01
3.069999999999999951e-01
3.249000000000000221e-01
3.134000000000000119e-01
3.075999999999999845e-01
3.255000000000000115e-01
3.271999999999999909e-01
3.245000000000000107e-01
3.286000000000000032e-01
3.287999999999999812e-01
3.267999999999999794e-01
3.266999999999999904e-01
3.284000000000000252e-01
3.301000000000000045e-01
3.296000000000000041e-01
3.299000000000000266e-01
3.299000000000000266e-01
3.306999999999999940e-01
3.295000000000000151e-01
3.281999999999999917e-01
3.296999999999999931e-01
3.290000000000000147e-01
3.299000000000000266e-01
3.312999999999999834e-01
3.295000000000000151e-01
3.296999999999999931e-01
3.312999999999999834e-01
3.299000000000000266e-01
3.267999999999999794e-01
3.290000000000000147e-01
3.301999999999999935e-01
3.297999999999999821e-01
3.290000000000000147e-01
3.305000000000000160e-01
3.306999999999999940e-01
3.311999999999999944e-01
3.306000000000000050e-01
3.310000000000000164e-01
3.299000000000000266e-01
3.300000000000000155e-01
3.296999999999999931e-01
3.301999999999999935e-01
3.294000000000000261e-01
3.285000000000000142e-01
3.311000000000000054e-01
3.310000000000000164e-01
3.294000000000000261e-01
3.311000000000000054e-01
3.315000000000000169e-01
3.297999999999999821e-01
3.304000000000000270e-01
3.309000000000000274e-01
3.289000000000000257e-01
3.295000000000000151e-01
3.304000000000000270e-01
3.297999999999999821e-01
3.291000000000000036e-01
3.306000000000000050e-01
3.280000000000000138e-01
3.302999999999999825e-01
3.306000000000000050e-01
