2.622515047454833770e+00
2.292313576126098429e+00
1.963210785293579175e+00
1.857761246299743707e+00
1.788831068038940320e+00
1.738620776939391988e+00
1.652878701782226623e+00
1.580362639808654768e+00
1.532138703155517589e+00
1.479788930130004898e+00
1.487118556594848595e+00
1.438759040451049742e+00
1.326618284606933651e+00
1.310247580909728926e+00
1.223116816711425692e+00
1.160264746093750077e+00
1.172525706481933661e+00
1.151576095008850054e+00
1.111844398689270097e+00
1.007369360733032293e+00
1.025295185661315944e+00
9.421604324340819847e-01
9.643997951507568001e-01
8.772522827148437896e-01
7.881479727745056563e-01
7.798190567016601848e-01
7.214096113204956362e-01
6.891893270492553958e-01
7.271424760818481214e-01
7.540533434867858764e-01
6.886166501998901568e-01
6.797529458999633789e-01
6.809190432548523075e-01
7.392272203445434675e-01
7.123306127548217903e-01
6.703182539939880336e-01
6.781270502090454011e-01
6.890214780807495387e-01
7.003357063293457196e-01
7.280437559127808100e-01
7.404696819305419675e-01
7.634904909133911621e-01
8.040104347229003467e-01
7.742964194297790037e-01
8.013023278236389713e-01
7.880308685302734872e-01
8.089812652587891062e-01
8.081119228363037310e-01
8.237431533813476259e-01
8.392549348831176426e-01
8.645262660980224112e-01
8.726667808532715398e-01
8.833390359878540155e-01
9.083659671783447243e-01
9.109724422454833492e-01
9.215158166885375479e-01
9.122863159179687154e-01
8.956113725662231406e-01
8.515221057891845247e-01
8.814420805931091341e-01
7.368823203086852791e-01
7.250418311119080084e-01
7.422912508010863775e-01
7.482942458152771481e-01
7.709709434509277592e-01
7.922112054824829164e-01
8.119809942245483914e-01
8.232301130294800151e-01
8.414308395385742267e-01
8.554844671249389743e-01
8.663362712860107617e-01
8.872168346405029382e-01
9.128443052291870252e-01
8.961898984909058008e-01
8.927270763397217035e-01
8.942576135635376122e-01
9.013219045639038196e-01
9.162269977569580393e-01
9.138803419113159521e-01
9.281689804077148942e-01
9.367203966140746907e-01
9.441105997085571522e-01
9.548532009124756081e-01
9.649617527008056417e-01
9.750218685150146003e-01
9.267386564254760373e-01
8.650315540313721074e-01
8.411981202125549117e-01
7.920032011032104302e-01
7.598325731277465467e-01
7.493718991279602060e-01
7.256285732269287525e-01
7.554482752799988043e-01
7.839979859352111946e-01
7.971559697151183732e-01
8.214876371383666998e-01
8.353295852661132281e-01
8.509829738616943029e-01
8.644115547180175607e-01
8.774360031127930171e-01
