3.681776261291503971e+01
8.047590496063232735e+00
7.829246791076660550e+00
1.133687118835449148e+01
7.891618891143798997e+00
7.889747177124023736e+00
9.326414606475829316e+00
7.134063619232177800e+00
8.409254198455810680e+00
9.214725247192383506e+00
8.517998604583739919e+00
8.257945651245117702e+00
8.002409947967528581e+00
7.823583376312256199e+00
8.450537011718749270e+00
7.186190668487548727e+00
8.539599465942382395e+00
8.787576506042480418e+00
9.365276435852051051e+00
1.093271753082275310e+01
8.426805668640136915e+00
8.951025466918945739e+00
8.144772874450683986e+00
8.985763352966309014e+00
9.185732244873046071e+00
9.801016223144531025e+00
8.177633734893799300e+00
8.600851649475098171e+00
9.670067185974120960e+00
9.159691145324707406e+00
8.329714146423340182e+00
8.533542051696777264e+00
9.355664384460448346e+00
8.442393717956543142e+00
8.784936499023437761e+00
8.867577632141113497e+00
8.387323495483398617e+00
8.379138220214843003e+00
8.524535064697266407e+00
8.998727127075195398e+00
8.682313333129883404e+00
7.936005033111571905e+00
7.922955888366699284e+00
8.554981057739258432e+00
8.045237612915039804e+00
8.303057313537598461e+00
7.872503738403320739e+00
8.070521110534668807e+00
8.080963073730469404e+00
7.829783348083496186e+00
7.891151969909667940e+00
7.915848907470703466e+00
8.009728045654297190e+00
8.000268705749512321e+00
7.909757093811035311e+00
8.011616871643067128e+00
8.015857157897949392e+00
8.066582322692871898e+00
7.908321072387694883e+00
7.935696693420410064e+00
7.874322274780273467e+00
7.891609156799316516e+00
7.912571513366699172e+00
8.037847111511229770e+00
8.078748994445801301e+00
7.817514801025390980e+00
7.809063642120361415e+00
7.709142987060547014e+00
7.845598001098633034e+00
7.770975778198241812e+00
7.875267675781249643e+00
7.779792628479003547e+00
7.796294388580322199e+00
7.735669825744628803e+00
7.746286621856689258e+00
7.708753100585937545e+00
7.778959837341308692e+00
7.891240606689453152e+00
7.930602111816406286e+00
7.829701613616943057e+00
7.921650656127929402e+00
7.808950880432129260e+00
8.040396115112304898e+00
7.768650444030761548e+00
7.779235737609862866e+00
7.826161151885986378e+00
7.780924882507323836e+00
7.851092755126953371e+00
7.829264961242675902e+00
7.880699316406250432e+00
7.701120434570312590e+00
7.738403999328613558e+00
7.856487805175781602e+00
7.854228889465331598e+00
7.876696241760253514e+00
7.704875021362304288e+00
7.910066705322265967e+00
7.918611492919922057e+00
7.825193911743164144e+00
7.897560551452636801e+00
