2.858999999999999875e-01
6.713999999999999968e-01
7.410999999999999810e-01
7.697000000000000508e-01
7.744999999999999662e-01
7.830000000000000293e-01
7.812999999999999945e-01
7.932000000000000162e-01
8.007999999999999563e-01
8.073000000000000176e-01
8.188999999999999613e-01
8.316000000000000059e-01
8.292000000000000481e-01
8.403000000000000469e-01
8.292000000000000481e-01
8.433000000000000496e-01
8.511999999999999567e-01
8.443000000000000504e-01
8.504000000000000448e-01
8.467000000000000082e-01
8.483000000000000540e-01
8.461999999999999522e-01
8.489999999999999769e-01
8.417000000000000037e-01
8.516000000000000236e-01
8.497999999999999998e-01
8.612999999999999545e-01
8.579999999999999849e-01
8.378999999999999782e-01
8.508000000000000007e-01
8.491999999999999549e-01
8.487000000000000099e-01
8.538999999999999924e-01
8.508000000000000007e-01
8.362000000000000544e-01
8.378999999999999782e-01
8.394000000000000350e-01
8.427999999999999936e-01
8.471999999999999531e-01
8.421999999999999487e-01
8.420999999999999597e-01
8.266999999999999904e-01
8.400999999999999579e-01
8.429999999999999716e-01
8.450999999999999623e-01
8.485000000000000320e-01
8.237999999999999767e-01
8.385000000000000231e-01
8.336999999999999966e-01
8.396000000000000130e-01
8.357999999999999874e-01
8.558000000000000052e-01
8.585000000000000409e-01
8.540999999999999703e-01
8.470999999999999641e-01
8.477999999999999980e-01
8.455000000000000293e-01
8.539999999999999813e-01
8.518999999999999906e-01
8.467999999999999972e-01
8.486000000000000210e-01
8.615000000000000435e-01
8.594000000000000528e-01
8.556000000000000272e-01
8.535000000000000364e-01
8.490999999999999659e-01
8.525000000000000355e-01
8.528999999999999915e-01
8.498999999999999888e-01
8.521999999999999575e-01
8.519999999999999796e-01
8.485000000000000320e-01
8.548999999999999932e-01
8.531999999999999584e-01
8.521999999999999575e-01
8.560999999999999721e-01
8.488999999999999879e-01
8.465000000000000302e-01
8.509999999999999787e-01
8.592999999999999527e-01
8.497999999999999998e-01
8.680999999999999828e-01
8.488999999999999879e-01
8.612999999999999545e-01
8.597000000000000197e-01
8.346999999999999975e-01
8.506000000000000227e-01
8.369999999999999662e-01
8.547000000000000153e-01
8.538000000000000034e-01
8.521999999999999575e-01
8.540999999999999703e-01
8.517000000000000126e-01
8.546000000000000263e-01
8.515000000000000346e-01
8.588000000000000078e-01
8.505000000000000338e-01
8.296000000000000041e-01
8.446000000000000174e-01
8.397999999999999909e-01
