1.956690674209594638e+00
1.375239474105834914e+00
1.190711101722717213e+00
1.063982155609130897e+00
1.049529808807373010e+00
9.527769769668579247e-01
9.307900383949280210e-01
9.360078113555908574e-01
9.681447271347045636e-01
9.115760562896728647e-01
8.944968822479247850e-01
8.557431529998779096e-01
9.877478085517883422e-01
9.042614082336425385e-01
9.703733759880065479e-01
8.377170001029968782e-01
8.297159050941467218e-01
8.640605332374572400e-01
8.822551633834838647e-01
9.030892622947692683e-01
8.813253892898559316e-01
9.582409168243408715e-01
8.832134882926940822e-01
1.010919479370117280e+00
8.232605144500731997e-01
9.471175551414490190e-01
8.212377151489257399e-01
8.794422665596007826e-01
1.011722723770141608e+00
1.000813953590393046e+00
9.683173352241516429e-01
9.431091207504272989e-01
9.522675192832946722e-01
9.638576511383056822e-01
9.929727191925048491e-01
1.027670345687866194e+00
1.018583481597900464e+00
1.034256843757629385e+00
9.050783364295958977e-01
1.005699379539489735e+00
1.012868284416198694e+00
9.863670167922973242e-01
1.001089536094665444e+00
9.620664983749389609e-01
1.001322047042846775e+00
1.000609570312499974e+00
1.154467043495178258e+00
1.121124402236938433e+00
1.135754153442382730e+00
1.123597598648071294e+00
1.160851964187622043e+00
9.867726437568664632e-01
9.572070429801941005e-01
1.005316692733764672e+00
1.098148552322387728e+00
1.030528921699523925e+00
1.004916998672485295e+00
1.012671843147277873e+00
1.049750780677795481e+00
1.092325813293457015e+00
1.074954018211364826e+00
1.032116432380676185e+00
1.059836996650695751e+00
1.068477778244018461e+00
1.060031841087341276e+00
1.061147789573669398e+00
1.131100161170959462e+00
1.001170679092407312e+00
1.032236179542541432e+00
1.039126823806762800e+00
1.078894242095947309e+00
1.086961705589294391e+00
9.982395660400390502e-01
1.051773170661926216e+00
1.014277612686157237e+00
9.877794078826904745e-01
1.115032795715332092e+00
1.174133669853210549e+00
1.029145286560058548e+00
1.083890040397644139e+00
1.115421915817260690e+00
9.935940976142882963e-01
1.129533435249328699e+00
1.003130732917785650e+00
1.081417843246460064e+00
1.261383850479125934e+00
1.113833329391479499e+00
1.131818160438537557e+00
1.154920599937439007e+00
1.139601348304748463e+00
1.168439665222168022e+00
1.121720530319213927e+00
1.144506958961486909e+00
1.184122352600097683e+00
1.230929378700256427e+00
1.208375565338134727e+00
1.139572875595092682e+00
1.289635678863525481e+00
1.253706917381286701e+00
1.407691262245178265e+00
