2.631999999999999895e-01
4.425000000000000044e-01
5.436999999999999611e-01
5.878999999999999782e-01
6.248000000000000220e-01
6.491000000000000103e-01
6.432999999999999829e-01
6.643000000000000016e-01
6.591000000000000192e-01
6.840000000000000524e-01
6.840000000000000524e-01
6.844000000000000083e-01
6.955000000000000071e-01
7.055000000000000160e-01
6.931000000000000494e-01
6.996999999999999886e-01
6.985000000000000098e-01
7.083000000000000407e-01
6.922000000000000375e-01
7.169999999999999707e-01
7.184000000000000385e-01
7.239999999999999769e-01
7.167999999999999927e-01
7.240999999999999659e-01
7.369999999999999885e-01
7.400999999999999801e-01
7.449999999999999956e-01
7.272999999999999465e-01
7.382999999999999563e-01
7.265000000000000346e-01
6.976999999999999869e-01
7.341999999999999638e-01
7.463999999999999524e-01
7.154000000000000359e-01
7.486000000000000432e-01
7.389999999999999902e-01
7.356000000000000316e-01
7.324000000000000510e-01
7.288000000000000034e-01
7.234000000000000430e-01
7.326000000000000290e-01
7.452999999999999625e-01
7.571999999999999842e-01
7.560999999999999943e-01
7.495000000000000551e-01
7.382999999999999563e-01
7.328999999999999959e-01
7.137000000000000011e-01
7.550000000000000044e-01
7.540999999999999925e-01
7.371999999999999664e-01
7.393999999999999462e-01
7.577000000000000401e-01
7.559000000000000163e-01
7.619000000000000217e-01
7.278999999999999915e-01
7.362999999999999545e-01
7.119999999999999662e-01
7.501999999999999780e-01
7.540999999999999925e-01
7.489999999999999991e-01
7.597000000000000419e-01
7.551999999999999824e-01
7.546000000000000485e-01
7.564999999999999503e-01
7.772000000000000020e-01
7.476000000000000423e-01
7.275000000000000355e-01
7.641000000000000014e-01
7.561999999999999833e-01
7.524999999999999467e-01
7.618000000000000327e-01
7.631999999999999895e-01
7.651999999999999913e-01
7.429999999999999938e-01
7.816999999999999504e-01
7.910000000000000364e-01
7.833999999999999853e-01
7.738000000000000433e-01
7.674999999999999600e-01
7.832000000000000073e-01
7.629000000000000226e-01
7.699000000000000288e-01
7.578000000000000291e-01
7.599000000000000199e-01
7.554999999999999494e-01
7.704999999999999627e-01
7.710000000000000187e-01
7.721999999999999975e-01
7.694999999999999618e-01
7.778000000000000469e-01
7.789000000000000368e-01
7.843999999999999861e-01
7.695999999999999508e-01
7.659000000000000252e-01
7.674999999999999600e-01
7.725999999999999535e-01
7.713999999999999746e-01
7.596000000000000529e-01
7.845999999999999641e-01
