2.878999999999999893e-01
6.249000000000000110e-01
6.494999999999999662e-01
6.797999999999999599e-01
7.220999999999999641e-01
7.677000000000000490e-01
7.926999999999999602e-01
8.114000000000000101e-01
8.209999999999999520e-01
8.352000000000000535e-01
8.534000000000000474e-01
8.668000000000000149e-01
8.631999999999999673e-01
8.657000000000000250e-01
8.745000000000000551e-01
8.660999999999999810e-01
8.933999999999999719e-01
8.788000000000000256e-01
8.922999999999999821e-01
8.951000000000000068e-01
9.031000000000000139e-01
9.002999999999999892e-01
8.892999999999999794e-01
9.092999999999999972e-01
9.044999999999999707e-01
9.159000000000000474e-01
8.937000000000000499e-01
9.143000000000000016e-01
9.095999999999999641e-01
9.069000000000000394e-01
9.036999999999999478e-01
9.091000000000000192e-01
9.008000000000000451e-01
9.016999999999999460e-01
8.961999999999999966e-01
9.083999999999999853e-01
8.932999999999999829e-01
8.859000000000000208e-01
9.018000000000000460e-01
8.962999999999999856e-01
9.082999999999999963e-01
9.071000000000000174e-01
9.052000000000000046e-01
8.980000000000000204e-01
9.080000000000000293e-01
8.932999999999999829e-01
8.798000000000000265e-01
8.969000000000000306e-01
9.121000000000000218e-01
9.092000000000000082e-01
9.025999999999999579e-01
8.988000000000000433e-01
9.050000000000000266e-01
9.042999999999999927e-01
8.999000000000000332e-01
9.003999999999999782e-01
8.931000000000000050e-01
9.195999999999999730e-01
8.542999999999999483e-01
8.875999999999999446e-01
8.947000000000000508e-01
8.925999999999999490e-01
8.821999999999999842e-01
8.965999999999999526e-01
8.902999999999999803e-01
8.970000000000000195e-01
8.975999999999999535e-01
9.068000000000000504e-01
9.084999999999999742e-01
9.082000000000000073e-01
9.186999999999999611e-01
9.056999999999999496e-01
9.043999999999999817e-01
9.063999999999999835e-01
9.108000000000000540e-01
9.042999999999999927e-01
9.153000000000000025e-01
9.122999999999999998e-01
9.063999999999999835e-01
9.014999999999999680e-01
8.999000000000000332e-01
8.984999999999999654e-01
9.074999999999999734e-01
8.967000000000000526e-01
8.999000000000000332e-01
9.081000000000000183e-01
9.126999999999999558e-01
9.130000000000000338e-01
9.141000000000000236e-01
9.120000000000000329e-01
9.100000000000000311e-01
8.957000000000000517e-01
8.828000000000000291e-01
8.990000000000000213e-01
8.834999999999999520e-01
9.064999999999999725e-01
9.000000000000000222e-01
9.035999999999999588e-01
8.987000000000000544e-01
8.995999999999999552e-01
