1.856925704193115312e+00
3.113583249092102267e-01
1.869780025005340629e-01
1.345830848097801236e-01
1.051840206742286621e-01
8.714755957126617270e-02
7.566089696884155391e-02
6.647692132592200598e-02
5.878213047385216078e-02
5.435436080098152156e-02
4.977994914054870851e-02
4.660402309298515566e-02
4.356943591237068258e-02
4.132815847396850706e-02
3.945653252601623306e-02
3.722122042179107360e-02
3.513354278802871544e-02
3.356461323499679295e-02
3.219950161576271008e-02
3.201097366213798839e-02
3.148474737405777130e-02
3.004517698884010338e-02
2.861250215172767702e-02
2.880749220252036905e-02
2.700450394451618316e-02
2.580150468349456938e-02
2.576956906020641189e-02
2.540707811415195486e-02
2.500234790146350916e-02
2.380295205414295276e-02
2.349870165586471701e-02
2.328375118672847827e-02
2.268148667216300998e-02
2.220846592783927778e-02
2.187119063735008112e-02
2.167409468889236468e-02
2.179804189205169704e-02
2.186302618086338051e-02
2.179223685264587360e-02
2.231311712265014735e-02
2.142259094417095153e-02
2.147849194705486395e-02
2.086048759520053864e-02
2.008796856999397334e-02
2.054279163777828279e-02
2.010719503462314595e-02
2.023411466181278262e-02
2.041959798038005952e-02
1.934737685024738238e-02
1.914203926324844346e-02
1.943145057857036465e-02
1.948440449833870047e-02
1.816484105885028677e-02
1.955768187940120847e-02
1.827433326840400760e-02
1.790958742201328308e-02
1.877306637465953748e-02
1.866986995637416949e-02
1.783807978928089039e-02
1.832685573101043575e-02
1.757890374660492014e-02
1.831827905476093171e-02
1.850729336738586583e-02
1.809661843180656454e-02
1.859275041520595459e-02
1.718761489093303604e-02
1.885985816419124758e-02
1.900735289752483390e-02
1.797367587685584980e-02
1.793281968832016043e-02
1.822021820694208136e-02
1.754061009585857270e-02
1.848563540875911709e-02
1.762348886728286670e-02
1.754744014441967162e-02
1.787596942186355647e-02
1.770003657937049835e-02
1.778009793758392187e-02
1.786219726502895344e-02
1.762982530295848990e-02
1.753298597633838607e-02
1.723859360516071318e-02
1.693233104050159352e-02
1.752910474836826341e-02
1.728817845582962184e-02
1.730520639419555820e-02
1.689331714808941023e-02
1.800512453317642050e-02
1.654398410022258833e-02
1.686637243330478542e-02
1.710366953909397275e-02
1.827858659923076515e-02
1.747979615926742447e-02
1.639569722712039962e-02
1.625855358839034884e-02
1.756631712615490046e-02
1.760626727938651923e-02
1.728864137977361576e-02
1.684197580516338250e-02
1.738408407717943055e-02
