1.992703158569335997e+00
1.449251173973083562e+00
1.240141820907592729e+00
9.825370810508727848e-01
8.618787973403930769e-01
6.882332746505737120e-01
6.166466504096984602e-01
5.793658518791198198e-01
5.324288649559021369e-01
4.649159813880920367e-01
4.467811466217040950e-01
4.035598297119140643e-01
4.216757649898529303e-01
4.348837261199950954e-01
3.982997128009795884e-01
4.026110040187835803e-01
3.450998494148254658e-01
3.890855602264404189e-01
3.638999086380004799e-01
3.659024027824401837e-01
3.701644343852996677e-01
3.515647480010986592e-01
4.023656178474426248e-01
3.034166838169097824e-01
3.383375713348388825e-01
2.926790398597717280e-01
3.860320616245269676e-01
2.964170832633972186e-01
3.227586482524871792e-01
3.334461215496063446e-01
3.550684172630310109e-01
3.289431769847869780e-01
3.651911626815795842e-01
3.811360054492950455e-01
3.706018706798553386e-01
3.294904252052306970e-01
3.944916574001312015e-01
4.301362161159515418e-01
3.549305517196655324e-01
4.187390822410583247e-01
3.593369944572448738e-01
3.557679636478424112e-01
3.519337542533874652e-01
4.059712015628814674e-01
3.480867954730987313e-01
4.364792611598968253e-01
4.672344100952148249e-01
4.273689205169677874e-01
3.339118708610534503e-01
3.512791569709777795e-01
3.770614949703216534e-01
3.946983164787292719e-01
3.708819665908813512e-01
4.066051064491271738e-01
4.255765145301818597e-01
4.202783426284790180e-01
4.627396471977233694e-01
3.270564179420470952e-01
5.799781559944152676e-01
4.476568587303161872e-01
4.012725280761718638e-01
3.781939535140991238e-01
4.409373245239257555e-01
3.936984848976134987e-01
4.183450653076171699e-01
3.999135692596435532e-01
3.808667369365691946e-01
3.568874606132507177e-01
3.514962478160857939e-01
3.775592121124267675e-01
3.232503537178039732e-01
3.702064744949341013e-01
3.844605862617492820e-01
3.868946476936340195e-01
3.669591401100158468e-01
3.958277333259582753e-01
3.508874823093414141e-01
3.578385819911956700e-01
3.803322301387787041e-01
3.919988671779632838e-01
4.113146035194397143e-01
4.070335927963256717e-01
3.722743021011352682e-01
4.316808372497558666e-01
4.199357011795044059e-01
4.023121624946593977e-01
3.821101021766662442e-01
3.727204013824462758e-01
3.870733161926269705e-01
3.839497611522674769e-01
4.064710140228271484e-01
4.650579622268676827e-01
5.129830547332763224e-01
4.458737326622009278e-01
5.791167716026306422e-01
4.059706480026245012e-01
4.440259447097778533e-01
4.035055735588073955e-01
4.327523512840271147e-01
4.321951155662536737e-01
