1.856925753021240189e+00
3.113582989692688097e-01
1.869780047893524200e-01
1.345830914974212589e-01
1.051840250730514542e-01
8.714756397008896482e-02
7.566090078353882031e-02
6.647692438960074723e-02
5.878213286399841531e-02
5.435436270833015476e-02
4.977994790673256204e-02
4.660402337312698207e-02
4.356943762898445038e-02
4.132815810441970578e-02
3.945653309822082233e-02
3.722121700048446752e-02
3.513354364633559934e-02
3.356461333036422912e-02
3.219949913620948762e-02
3.201097586750983881e-02
3.148474860191344954e-02
3.004517508745193494e-02
2.861250072121620039e-02
2.880749421119689971e-02
2.700450699627399490e-02
2.580150387585163074e-02
2.576957196593284566e-02
2.540707812011241962e-02
2.500234646499157123e-02
2.380295225083827945e-02
2.349870346784591751e-02
2.328374980688095036e-02
2.268148804605007313e-02
2.220846645534038655e-02
2.187119010090828042e-02
2.167409477829933262e-02
2.179804351627826625e-02
2.186302952170372099e-02
2.179223684370517819e-02
2.231311494410037968e-02
2.142259080111980421e-02
2.147849281132221261e-02
2.086048935651779040e-02
2.008796876668930004e-02
2.054279073476791492e-02
2.010719636380672512e-02
2.023411506712436553e-02
2.041960008144378530e-02
1.934737757444381784e-02
1.914203815758228414e-02
1.943145082890987418e-02
1.948440372943878104e-02
1.816484010219573952e-02
1.955768015980720656e-02
1.827433124184608612e-02
1.790958827435970221e-02
1.877306561470031693e-02
1.866986858248710635e-02
1.783808074593544110e-02
1.832685433924198179e-02
1.757890383601188808e-02
1.831827901899814662e-02
1.850729332268238186e-02
1.809661990702152168e-02
1.859274961054325007e-02
1.718761459887027665e-02
1.885986036658287082e-02
1.900735226571560049e-02
1.797367384135722945e-02
1.793281975388526933e-02
1.822022007256746123e-02
1.754060899615287814e-02
1.848563448488712430e-02
1.762348762452602483e-02
1.754743700325489195e-02
1.787596894502639644e-02
1.770003829300403550e-02
1.778009662628173698e-02
1.786219492852687829e-02
1.762982593774795395e-02
1.753298759460449052e-02
1.723859304487705343e-02
1.693233149051666386e-02
1.752910354435443727e-02
1.728817949891090291e-02
1.730520572066307147e-02
1.689331683218479180e-02
1.800512032508850072e-02
1.654398505687713558e-02
1.686637097001075780e-02
1.710367040634155206e-02
1.827858712077140915e-02
1.747979305088519925e-02
1.639569706916809214e-02
1.625855094492435413e-02
1.756632066369056763e-02
1.760626595020294352e-02
1.728864228427410069e-02
1.684197538495063942e-02
1.738408759981393756e-02
