1.890000000000000013e-01
6.044000000000000483e-01
7.056999999999999940e-01
7.436000000000000387e-01
8.064000000000000057e-01
8.149999999999999467e-01
8.260999999999999455e-01
8.356000000000000094e-01
8.465000000000000302e-01
8.383000000000000451e-01
8.505000000000000338e-01
8.440999999999999615e-01
8.530999999999999694e-01
8.510999999999999677e-01
8.450999999999999623e-01
8.579999999999999849e-01
8.498999999999999888e-01
8.473000000000000531e-01
8.538999999999999924e-01
8.612999999999999545e-01
8.530999999999999694e-01
8.558999999999999941e-01
8.493000000000000549e-01
8.595000000000000417e-01
8.618000000000000105e-01
8.606000000000000316e-01
8.629000000000000004e-01
8.582999999999999519e-01
8.607000000000000206e-01
8.559999999999999831e-01
8.587000000000000188e-01
8.615000000000000435e-01
8.605000000000000426e-01
8.632999999999999563e-01
8.618999999999999995e-01
8.568000000000000060e-01
8.639000000000000012e-01
8.649000000000000021e-01
8.539999999999999813e-01
8.510999999999999677e-01
8.578000000000000069e-01
8.627000000000000224e-01
8.575000000000000400e-01
8.560999999999999721e-01
8.604000000000000536e-01
8.610999999999999766e-01
8.581999999999999629e-01
8.526000000000000245e-01
8.604000000000000536e-01
8.617000000000000215e-01
8.606000000000000316e-01
8.608999999999999986e-01
8.609999999999999876e-01
8.567000000000000171e-01
8.645000000000000462e-01
8.646000000000000352e-01
8.569999999999999840e-01
8.626000000000000334e-01
8.629999999999999893e-01
8.591999999999999638e-01
8.627000000000000224e-01
8.604000000000000536e-01
8.649000000000000021e-01
8.666000000000000369e-01
8.588000000000000078e-01
8.618000000000000105e-01
8.628000000000000114e-01
8.598000000000000087e-01
8.587000000000000188e-01
8.584000000000000519e-01
8.578999999999999959e-01
8.500999999999999668e-01
8.525000000000000355e-01
8.620999999999999774e-01
8.642999999999999572e-01
8.596000000000000307e-01
8.566000000000000281e-01
8.581999999999999629e-01
8.596000000000000307e-01
8.618999999999999995e-01
8.615000000000000435e-01
8.640999999999999792e-01
8.576000000000000290e-01
8.631999999999999673e-01
8.667000000000000259e-01
8.663999999999999480e-01
8.671999999999999709e-01
8.660999999999999810e-01
8.669999999999999929e-01
8.682999999999999607e-01
8.689000000000000057e-01
8.646000000000000352e-01
8.663999999999999480e-01
8.682999999999999607e-01
8.686000000000000387e-01
8.668000000000000149e-01
8.708000000000000185e-01
8.649999999999999911e-01
8.693999999999999506e-01
8.660999999999999810e-01
