2.952000000000000179e-01
9.263000000000000123e-01
9.550999999999999490e-01
9.666000000000000147e-01
9.731999999999999540e-01
9.770999999999999686e-01
9.798000000000000043e-01
9.825000000000000400e-01
9.841999999999999638e-01
9.854000000000000536e-01
9.869999999999999885e-01
9.871999999999999664e-01
9.880999999999999783e-01
9.881999999999999673e-01
9.888000000000000123e-01
9.895000000000000462e-01
9.897000000000000242e-01
9.902999999999999581e-01
9.901999999999999691e-01
9.903999999999999471e-01
9.902999999999999581e-01
9.908000000000000140e-01
9.910999999999999810e-01
9.910999999999999810e-01
9.919000000000000039e-01
9.920999999999999819e-01
9.916000000000000369e-01
9.916000000000000369e-01
9.921999999999999709e-01
9.928000000000000158e-01
9.930999999999999828e-01
9.930999999999999828e-01
9.925000000000000488e-01
9.927000000000000268e-01
9.929999999999999938e-01
9.930999999999999828e-01
9.928000000000000158e-01
9.929000000000000048e-01
9.923999999999999488e-01
9.929999999999999938e-01
9.930999999999999828e-01
9.933999999999999497e-01
9.933999999999999497e-01
9.938000000000000167e-01
9.933999999999999497e-01
9.939000000000000057e-01
9.939000000000000057e-01
9.939999999999999947e-01
9.941999999999999726e-01
9.939999999999999947e-01
9.939000000000000057e-01
9.939999999999999947e-01
9.945000000000000506e-01
9.940999999999999837e-01
9.942999999999999616e-01
9.948000000000000176e-01
9.943999999999999506e-01
9.947000000000000286e-01
9.943999999999999506e-01
9.947000000000000286e-01
9.947000000000000286e-01
9.948000000000000176e-01
9.943999999999999506e-01
9.946000000000000396e-01
9.947000000000000286e-01
9.949999999999999956e-01
9.941999999999999726e-01
9.946000000000000396e-01
9.945000000000000506e-01
9.946000000000000396e-01
9.949000000000000066e-01
9.953999999999999515e-01
9.940999999999999837e-01
9.946000000000000396e-01
9.948000000000000176e-01
9.948000000000000176e-01
9.948000000000000176e-01
9.950999999999999845e-01
9.949000000000000066e-01
9.947000000000000286e-01
9.950999999999999845e-01
9.951999999999999735e-01
9.955000000000000515e-01
9.951999999999999735e-01
9.953999999999999515e-01
9.949999999999999956e-01
9.950999999999999845e-01
9.949999999999999956e-01
9.949000000000000066e-01
9.948000000000000176e-01
9.946000000000000396e-01
9.950999999999999845e-01
9.949999999999999956e-01
9.953999999999999515e-01
9.952999999999999625e-01
9.947000000000000286e-01
9.948000000000000176e-01
9.942999999999999616e-01
9.949000000000000066e-01
9.952999999999999625e-01
