1.856925753021240189e+00
3.113583150386810550e-01
1.869780055522918816e-01
1.345830876350402883e-01
1.051840248703956593e-01
8.714755672216414895e-02
7.566089239120483978e-02
6.647692286372185178e-02
5.878213163018226883e-02
5.435436450242996098e-02
4.977994886040687517e-02
4.660402196049689971e-02
4.356943429708480531e-02
4.132815800309181525e-02
3.945653318762779027e-02
3.722121584415435946e-02
3.513354355096817011e-02
3.356461361646652375e-02
3.219950057268142901e-02
3.201097615957260167e-02
3.148474937081337244e-02
3.004517651796340810e-02
2.861250110864639248e-02
2.880749210715293981e-02
2.700450474023818881e-02
2.580150344967841944e-02
2.576957173645496452e-02
2.540708051025867414e-02
2.500234670639038190e-02
2.380295320451259605e-02
2.349870389401912535e-02
2.328375372290611423e-02
2.268148737549781704e-02
2.220846735835075442e-02
2.187118977904319722e-02
2.167409387826919540e-02
2.179804198741912974e-02
2.186302781403064860e-02
2.179223852455616089e-02
2.231311731934547404e-02
2.142259089946746756e-02
2.147849199473857856e-02
2.086048988699912982e-02
2.008796847462654064e-02
2.054279078245162954e-02
2.010719597637653303e-02
2.023411470353603248e-02
2.041959926486015472e-02
1.934737713932991113e-02
1.914203629493713490e-02
1.943145149052143139e-02
1.948440382480621375e-02
1.816484152972698204e-02
1.955768109858035952e-02
1.827433344125747525e-02
1.790958841741084953e-02
1.877306264340877426e-02
1.866986967027187486e-02
1.783808147013187309e-02
1.832685137391090388e-02
1.757890503406524599e-02
1.831828006207943116e-02
1.850729298889636915e-02
1.809662095904350163e-02
1.859275066554546413e-02
1.718761640489101239e-02
1.885985874831676637e-02
1.900735422968864372e-02
1.797367787659168159e-02
1.793282030820846432e-02
1.822021773457527249e-02
1.754060886800289099e-02
1.848563274145126334e-02
1.762348886132240194e-02
1.754743903279304407e-02
1.787597315609455034e-02
1.770003691017627695e-02
1.778009915351867753e-02
1.786219627559185175e-02
1.762982564866542867e-02
1.753298792243003848e-02
1.723859217762947066e-02
1.693233162760734642e-02
1.752910385727882506e-02
1.728817893862724317e-02
1.730520709753036526e-02
1.689331819713115607e-02
1.800512157082557671e-02
1.654398288726806679e-02
1.686637187004089503e-02
1.710367179512977537e-02
1.827858832180500118e-02
1.747979683876037596e-02
1.639569860100746276e-02
1.625855307877063782e-02
1.756631913185119701e-02
1.760626360774040361e-02
1.728864214867353519e-02
1.684197615087032474e-02
1.738408549726009472e-02
