2.134059556198120156e+00
1.971418220901489216e+00
1.896871994590759281e+00
1.800788924980163630e+00
1.886424876022338770e+00
1.853329519271850634e+00
1.805197795104980463e+00
1.794272160148620676e+00
1.879786453056335516e+00
1.818047640609741222e+00
1.837222646903991619e+00
1.878967293739318922e+00
1.814714570617675715e+00
1.837230302238464397e+00
1.861353910636901920e+00
1.895256941986084076e+00
1.751734610557556193e+00
1.730711050605773904e+00
1.739535731697082532e+00
1.807774600791931086e+00
1.809116358184814422e+00
1.898573063468933064e+00
1.855886339569091881e+00
1.887598185539245632e+00
1.864780677032470635e+00
1.950060815811157200e+00
1.972560337448120205e+00
1.794939302062988240e+00
1.704819594192504839e+00
1.787894278335571352e+00
1.695245874786377005e+00
1.856035261917114321e+00
1.804531824111938576e+00
1.759300941658020090e+00
1.825206558990478456e+00
1.792729470062255803e+00
1.940469935226440512e+00
1.921772532081603924e+00
2.080009846878051682e+00
2.034321444702148263e+00
2.003657639503479082e+00
2.093964200210571391e+00
2.047313009071350276e+00
2.093439332580566248e+00
2.122047764778137058e+00
1.956469083213806082e+00
1.923147134208679221e+00
1.957271834373474073e+00
1.895471958541870228e+00
2.017689822006225597e+00
2.053759757423400778e+00
2.049149723243713250e+00
1.926556765747070354e+00
2.029059110832214241e+00
1.924307438468933151e+00
2.035301405143737696e+00
1.976373740768432530e+00
1.759434116172790441e+00
1.911566353988647382e+00
1.813580160713195832e+00
2.354340128707885782e+00
2.169618061828613165e+00
2.152391235160827421e+00
1.907017403984069714e+00
1.897607899093628037e+00
1.992739717864990157e+00
2.268054421615600447e+00
2.083758139991760405e+00
1.765110803604125866e+00
1.824490330314636255e+00
1.916208480644226109e+00
1.908699986839294427e+00
2.061174086952209272e+00
2.018401852416991993e+00
2.073754504394531128e+00
2.155172946739196682e+00
2.045807865333557185e+00
2.100119981956481752e+00
2.095001939773559752e+00
2.048521232223510680e+00
2.043204880523681766e+00
2.041535691833495925e+00
2.003225576019286969e+00
2.081998668861388957e+00
2.071360160064697364e+00
2.057971409606933477e+00
2.148286099052429066e+00
2.159999388694763045e+00
2.158159806823730431e+00
2.160210551261901646e+00
2.231808279228210345e+00
2.100629470443725388e+00
1.976564513206481966e+00
2.159191600990295612e+00
2.215266308975219811e+00
2.252231045913696494e+00
2.035897763633728097e+00
2.079814845466613882e+00
2.042004104042053125e+00
2.260444075393676755e+00
