1.856925740814209025e+00
3.113583118915557724e-01
1.869779979228973488e-01
1.345830832839012281e-01
1.051840220212936355e-01
8.714756379127502894e-02
7.566089582443237538e-02
6.647692725062370744e-02
5.878212940692901373e-02
5.435435916185379218e-02
4.977994647026062064e-02
4.660402061343193320e-02
4.356943715810775858e-02
4.132815865278244294e-02
3.945653471946716090e-02
3.722121672630310241e-02
3.513354403376579144e-02
3.356461209058761441e-02
3.219950114488601828e-02
3.201097376346587892e-02
3.148474726676941254e-02
3.004517458677291933e-02
2.861250396370887752e-02
2.880749172568321248e-02
2.700450561046600223e-02
2.580150339901447418e-02
2.576957115232944573e-02
2.540707883834839032e-02
2.500234771668910852e-02
2.380295209884643673e-02
2.349870346784591751e-02
2.328375142812728893e-02
2.268148781657218852e-02
2.220846687555312962e-02
2.187118924260139305e-02
2.167409632503986341e-02
2.179804470241069811e-02
2.186302866637706774e-02
2.179223627746105021e-02
2.231311800479889029e-02
2.142259037196636226e-02
2.147848983407020518e-02
2.086048817038536202e-02
2.008796837925910794e-02
2.054278925955295432e-02
2.010719502866268119e-02
2.023411427140235988e-02
2.041959826350212004e-02
1.934737623035907850e-02
1.914203577339649090e-02
1.943145053088665003e-02
1.948440507054328974e-02
1.816483963429927836e-02
1.955768386423587663e-02
1.827433096170425278e-02
1.790958881080150639e-02
1.877306365072727370e-02
1.866986819505691425e-02
1.783808109462261052e-02
1.832685059309005840e-02
1.757890449762344529e-02
1.831827815473079796e-02
1.850729511082172332e-02
1.809662057757377776e-02
1.859275109171867543e-02
1.718761508166790145e-02
1.885985873341560273e-02
1.900735394656658320e-02
1.797367670238017925e-02
1.793281896710395909e-02
1.822021675109863209e-02
1.754060989618301536e-02
1.848563402593135854e-02
1.762348635196685914e-02
1.754743850529193877e-02
1.787597096264362251e-02
1.770003696382045633e-02
1.778009926974773516e-02
1.786219716370105598e-02
1.762982548475265643e-02
1.753298694193363219e-02
1.723859311640262709e-02
1.693233398199081585e-02
1.752910508513450677e-02
1.728818175196647489e-02
1.730520865321159493e-02
1.689331766664982012e-02
1.800512314140796655e-02
1.654398545920848784e-02
1.686637229919433698e-02
1.710367116928100673e-02
1.827858925461768938e-02
1.747979330718517355e-02
1.639569814205169701e-02
1.625855157375335688e-02
1.756632042229175697e-02
1.760626711249351634e-02
1.728864282816648321e-02
1.684197550415992770e-02
1.738408633917570140e-02
