1.755804153633117703e+00
1.299230748367309562e+00
1.199255202865600500e+00
1.147660226249694881e+00
1.079414941215515178e+00
1.080992489433288517e+00
9.815578753471374540e-01
9.763603925704955611e-01
9.664097542762756232e-01
1.034858670806884762e+00
9.919437206268310048e-01
1.006106892776489348e+00
9.841075382232665758e-01
9.830558969497680266e-01
9.867905446052551710e-01
1.035086891555786037e+00
1.025974580192565933e+00
1.038523668861389249e+00
1.074022579574585023e+00
1.087100689125060970e+00
1.012066093444824233e+00
1.049192045783996496e+00
1.015568955230713000e+00
1.042078707885742084e+00
1.044732787895202630e+00
1.090111939239502004e+00
1.043735597419738870e+00
1.028958811378479110e+00
1.053458512115478474e+00
1.069085695648193335e+00
9.871197434425353912e-01
1.010770803833007880e+00
1.045310199165344178e+00
1.031776882171630882e+00
1.065600044631958010e+00
1.059360780525207435e+00
1.046163599967956603e+00
1.088317623901367215e+00
1.120293534851074302e+00
1.151290632629394572e+00
1.035798191452026451e+00
1.051820326614379963e+00
1.059627103614807053e+00
1.141335750961303797e+00
1.000759620285034179e+00
1.013520160388946545e+00
1.034051650619506768e+00
1.015265782737731826e+00
1.095605494117736889e+00
1.022683557510375874e+00
1.067716682624817004e+00
1.027822851181030339e+00
1.033899054527282813e+00
1.044947549247741803e+00
1.100011040496826187e+00
1.135298337554931702e+00
1.115269594955444310e+00
1.153851439857482841e+00
1.148865560531616259e+00
1.142407984924316500e+00
1.185414011764526432e+00
1.176712249755859307e+00
1.128359502029419037e+00
1.137748853492736911e+00
1.143446689224243196e+00
1.182534780502319416e+00
1.144295101165771378e+00
1.162013293266296321e+00
1.114733041191101170e+00
1.085563864707946857e+00
1.150422133827209370e+00
1.170514454841613761e+00
1.244762234115600608e+00
1.179509196090698264e+00
1.214960153007507371e+00
1.244122756004333530e+00
1.219455723190307594e+00
1.193552304840087785e+00
1.168587024497985905e+00
1.221931685829162673e+00
1.117036979103088301e+00
1.219316970634460429e+00
1.213748012161254941e+00
1.175414993858337365e+00
1.187183467292785677e+00
1.098014833259582490e+00
1.423901062583923238e+00
1.210939376449585048e+00
1.108597026824951204e+00
1.230747579956054771e+00
1.115833136367797795e+00
1.127743235588073656e+00
1.142557338905334507e+00
1.118390134811401371e+00
1.120669492721557692e+00
1.086707732772827173e+00
1.172258512878417980e+00
1.189693497848510750e+00
1.192468856048583881e+00
1.278543655204772866e+00
