1.856925740814209025e+00
3.113583196163177691e-01
1.869780059099197256e-01
1.345830869197845447e-01
1.051840248703956593e-01
8.714756073951721027e-02
7.566089984178543670e-02
6.647692927122116069e-02
5.878213305473327377e-02
5.435436011552810531e-02
4.977994713187217785e-02
4.660402423739433420e-02
4.356943724751472652e-02
4.132815867662429504e-02
3.945653327703475821e-02
3.722121833562851145e-02
3.513354469537734864e-02
3.356461064815521173e-02
3.219950048327446107e-02
3.201097758412361355e-02
3.148474687933922045e-02
3.004517440795898345e-02
2.861250234246253896e-02
2.880749382972717237e-02
2.700450517833232963e-02
2.580150525569915865e-02
2.576957058012485646e-02
2.540707849562168219e-02
2.500234867036342512e-02
2.380295209884643673e-02
2.349870381057262564e-02
2.328375091254711315e-02
2.268148867785930653e-02
2.220846405923366379e-02
2.187119225263595493e-02
2.167409521639346998e-02
2.179804441630840348e-02
2.186302661001682246e-02
2.179223688840866216e-02
2.231311804354190950e-02
2.142259298861026728e-02
2.147848864495754267e-02
2.086048993468284443e-02
2.008796972632408140e-02
2.054279001951217487e-02
2.010719464421272321e-02
2.023411465287208721e-02
2.041959897875785662e-02
1.934737875759601558e-02
1.914203605949878553e-02
1.943144996464252552e-02
1.948440559506416439e-02
1.816484206616878622e-02
1.955768164992332386e-02
1.827433238029479989e-02
1.790958946943282948e-02
1.877306341230869369e-02
1.866987139582633806e-02
1.783807783722877668e-02
1.832685269117355353e-02
1.757890530526638045e-02
1.831827978491783193e-02
1.850729330480098758e-02
1.809662324786186216e-02
1.859274869859218679e-02
1.718761531710624735e-02
1.885985882282257067e-02
1.900735347867011857e-02
1.797367787659168159e-02
1.793281796872615852e-02
1.822021742016077112e-02
1.754060863852500984e-02
1.848563434183597698e-02
1.762348645031452249e-02
1.754743814766407048e-02
1.787596913576126184e-02
1.770003862977027886e-02
1.778009887933731242e-02
1.786219611167907603e-02
1.762982395887374709e-02
1.753298888206481984e-02
1.723859112560749071e-02
1.693233097195625397e-02
1.752910245954990287e-02
1.728818179965019297e-02
1.730520882308483194e-02
1.689331588149070584e-02
1.800511973500251717e-02
1.654398429393768438e-02
1.686637328863143867e-02
1.710366834700107613e-02
1.827858842611312928e-02
1.747979324162006465e-02
1.639569710791111135e-02
1.625855185687542087e-02
1.756631770133972037e-02
1.760626640021801040e-02
1.728864344656467350e-02
1.684197615087032474e-02
1.738408842533826701e-02
