1.856925728607177639e+00
3.113583074092864944e-01
1.869780013322830114e-01
1.345830886244773761e-01
1.051840237259864808e-01
8.714756264686585041e-02
7.566089297533035163e-02
6.647692324519156870e-02
5.878213352560997251e-02
5.435436431169509558e-02
4.977994933128356697e-02
4.660402426123619324e-02
4.356943667531013725e-02
4.132815666794777132e-02
3.945653356909752107e-02
3.722121595144271822e-02
3.513354355692863140e-02
3.356461102366447430e-02
3.219949971437454511e-02
3.201097701191902428e-02
3.148474898934364163e-02
3.004517450928688091e-02
2.861250167489051699e-02
2.880749391913414031e-02
2.700450565516948620e-02
2.580150521099567468e-02
2.576957000195980244e-02
2.540707482099533246e-02
2.500234742462634913e-02
2.380295324325561526e-02
2.349870365858077945e-02
2.328375190496444549e-02
2.268148728311061846e-02
2.220846678614616515e-02
2.187119011282920994e-02
2.167409435510635543e-02
2.179804193675518101e-02
2.186302852332592042e-02
2.179223686158657247e-02
2.231311665177345208e-02
2.142259018421173097e-02
2.147849165201187044e-02
2.086048501729965282e-02
2.008797009587287921e-02
2.054279067814350143e-02
2.010719707608223106e-02
2.023411566317081384e-02
2.041959839761257195e-02
1.934737894833087751e-02
1.914203638136386873e-02
1.943144772052764896e-02
1.948440443277359158e-02
1.816483948230743564e-02
1.955768332481384181e-02
1.827433216869830956e-02
1.790958522558212113e-02
1.877306461334228571e-02
1.866986661851405965e-02
1.783808055818080981e-02
1.832685280442237705e-02
1.757890350222587536e-02
1.831827912032604061e-02
1.850729522407055030e-02
1.809662000238895438e-02
1.859274984002113468e-02
1.718761728107929057e-02
1.885986075103282880e-02
1.900735498964786427e-02
1.797367736101150582e-02
1.793281958401203233e-02
1.822021603584289551e-02
1.754061135351657821e-02
1.848563638031482798e-02
1.762348738908767545e-02
1.754743762910366059e-02
1.787596962153911728e-02
1.770003710985183776e-02
1.778009564280510005e-02
1.786219621300697349e-02
1.762982519268989703e-02
1.753298816084861850e-02
1.723859181702136825e-02
1.693233312368392848e-02
1.752910619676113085e-02
1.728817985057830645e-02
1.730520640015601949e-02
1.689331567585468374e-02
1.800512305498123272e-02
1.654398106634616741e-02
1.686637243032455477e-02
1.710367290973663357e-02
1.827858811914920972e-02
1.747979265451431174e-02
1.639569663405418543e-02
1.625855320394039086e-02
1.756631726920604777e-02
1.760626628994941753e-02
1.728864213675260567e-02
1.684197367429733291e-02
1.738408827930688905e-02
