1.652027200317382816e+00
1.044040182304382336e+00
8.133581787109375183e-01
6.964239514350890614e-01
5.868947408676147282e-01
5.688016859054565444e-01
4.522922614574432232e-01
5.434890575408936053e-01
4.305793296337127596e-01
3.740179322719573984e-01
4.067392768859863228e-01
3.652848582744598338e-01
3.675567891597747994e-01
3.726303924560546710e-01
3.382669638156891034e-01
3.832035590171813944e-01
3.938049345016479408e-01
3.788977087974548241e-01
3.808450210571289185e-01
3.993380906105041261e-01
3.746306591510772943e-01
3.607683247089386036e-01
3.332516666412353445e-01
3.563872641563415322e-01
3.929155074119567992e-01
4.511064678192138744e-01
3.293608718872070296e-01
3.393176719665527141e-01
3.156396055698394987e-01
4.500997776031493980e-01
3.655909248828888014e-01
4.821967904090881385e-01
3.822329111099243004e-01
4.420627483367919885e-01
4.253333398818969768e-01
4.160791409492492487e-01
4.044897106170654566e-01
4.259838798522949110e-01
4.300560385227203408e-01
3.738160104274749762e-01
4.377111550331115875e-01
4.389874368667602278e-01
3.900173032760619884e-01
4.039985831737518129e-01
4.606253263950347843e-01
4.514588032722472999e-01
4.331131996154785058e-01
5.059688083648681278e-01
4.086031337738036950e-01
4.851585776329040423e-01
4.307173421382903822e-01
4.515839091300964392e-01
4.010091550350189382e-01
5.070052402496337818e-01
4.033065294265746892e-01
4.823968424320220771e-01
4.802680848121643198e-01
4.533749428272247362e-01
4.216187964916229269e-01
4.345889189720154033e-01
3.884378919124603091e-01
4.906439912796020653e-01
3.889155219078063719e-01
5.025359374523162836e-01
4.469516326427459552e-01
4.253430152416229348e-01
4.749681981563568245e-01
3.342888729095458977e-01
4.422309767246246359e-01
4.416241762638092316e-01
4.633796074867248538e-01
2.917909887075424424e-01
3.291181311607360715e-01
3.715058284282684586e-01
3.907166632175445575e-01
3.472873980045318443e-01
3.987233313083648478e-01
3.854493022441863870e-01
3.802322292327880993e-01
3.943444167613983087e-01
4.208494488239288289e-01
4.831811359405517314e-01
4.808379540920257322e-01
4.491836401939391932e-01
5.380221487045288020e-01
5.785311035156249782e-01
4.503422943115234500e-01
6.447481297492980712e-01
5.633189886093139531e-01
7.078198284149169739e-01
3.235869456291198820e-01
4.186050422668456950e-01
4.749668019771575711e-01
3.182819612979889135e-01
3.373382656097412280e-01
4.778168643951415939e-01
3.563893205165862832e-01
4.343176646709442368e-01
3.636717749118805187e-01
4.802955709934234596e-01
