2.045266242218017450e+00
1.229448840522766151e+00
9.520707478523254830e-01
8.103109318733214828e-01
7.011661911010742543e-01
6.584462203025818194e-01
6.086378105163574581e-01
5.941176436424255858e-01
5.774088370323181563e-01
5.774237280845642140e-01
5.621190632820128874e-01
5.766197346687317316e-01
5.962681189537047954e-01
5.627706060409546351e-01
5.519100085258483723e-01
5.369889323234557921e-01
5.207693749427795282e-01
5.365111360549926767e-01
4.791764614582061932e-01
5.063524360656738166e-01
4.903561368942260801e-01
4.914133208274841236e-01
5.407811161994934279e-01
4.745279896259307906e-01
4.636986916065216069e-01
5.613317215919494396e-01
4.815315728187560818e-01
4.795865711688995225e-01
5.611312491416931003e-01
5.987265486717223695e-01
5.075264948844909751e-01
5.076433937072754032e-01
5.378221649646759417e-01
5.761213602066039829e-01
6.295835243225097466e-01
5.834652973175048496e-01
5.566644582748413450e-01
5.875201628684997290e-01
4.835182131767272740e-01
5.589142360210418436e-01
5.751699046134948201e-01
6.747150246620178260e-01
5.842538758277893152e-01
5.945779716491699229e-01
6.126024885177612234e-01
6.132460515975952653e-01
7.715651896476745097e-01
6.656061146736145240e-01
5.074738231658935117e-01
6.065530093193054473e-01
4.947949731349944869e-01
5.137708041667937708e-01
5.727984476089477139e-01
5.552458847045897983e-01
4.760073387145996038e-01
5.868294692039489613e-01
5.075430510044097732e-01
5.181807467460631811e-01
5.959861524581908654e-01
6.259660804748534702e-01
5.444965795516967244e-01
5.507171772480010663e-01
5.392034059524536405e-01
6.313576842308044057e-01
5.834963714599609164e-01
5.543190303325653545e-01
5.293511523246765549e-01
5.869600676536560480e-01
6.200214625358581033e-01
5.455235137462616235e-01
5.096022374629974871e-01
5.174880058288574558e-01
4.965356050014496092e-01
5.120410867691039813e-01
5.200654315948486373e-01
5.598595978736877754e-01
5.965950059890746671e-01
5.608313572406768976e-01
6.302286292076111351e-01
5.553987947940826064e-01
5.458961586952209011e-01
4.981042336940765258e-01
5.220465639591217455e-01
5.740597830772400378e-01
5.634768070220946834e-01
5.320021603584289549e-01
5.378895773887634180e-01
5.885257710456848201e-01
5.548315754890441598e-01
5.504291101455688340e-01
5.655921020984649994e-01
5.476033083438873739e-01
5.323302953243255198e-01
5.347822631359100409e-01
5.550188669204711989e-01
5.835517576217651436e-01
5.731845036029815654e-01
5.788102841854095848e-01
5.764414412498474194e-01
5.614160380840301778e-01
