2.376999999999999946e-01
6.150999999999999801e-01
7.161999999999999478e-01
7.861000000000000210e-01
8.390999999999999570e-01
8.510999999999999677e-01
8.538999999999999924e-01
8.548999999999999932e-01
8.589999999999999858e-01
8.646000000000000352e-01
8.579999999999999849e-01
8.659999999999999920e-01
8.645000000000000462e-01
8.678000000000000158e-01
8.689000000000000057e-01
8.648000000000000131e-01
8.679999999999999938e-01
8.675000000000000488e-01
8.692999999999999616e-01
8.701999999999999735e-01
8.741999999999999771e-01
8.776000000000000467e-01
8.699000000000000066e-01
8.749000000000000110e-01
8.779000000000000137e-01
8.659999999999999920e-01
8.748000000000000220e-01
8.778000000000000247e-01
8.680999999999999828e-01
8.667000000000000259e-01
8.769000000000000128e-01
8.768000000000000238e-01
8.774999999999999467e-01
8.748000000000000220e-01
8.618999999999999995e-01
8.720999999999999863e-01
8.761999999999999789e-01
8.699999999999999956e-01
8.838000000000000300e-01
8.731999999999999762e-01
8.790999999999999925e-01
8.656000000000000361e-01
8.726000000000000423e-01
8.630999999999999783e-01
8.705000000000000515e-01
8.711999999999999744e-01
8.478999999999999870e-01
8.682999999999999607e-01
8.818000000000000282e-01
8.730999999999999872e-01
8.810999999999999943e-01
8.841999999999999860e-01
8.822999999999999732e-01
8.746000000000000441e-01
8.862999999999999767e-01
8.726000000000000423e-01
8.864999999999999547e-01
8.817000000000000393e-01
8.747000000000000330e-01
8.645000000000000462e-01
8.820000000000000062e-01
8.779000000000000137e-01
8.807000000000000384e-01
8.578999999999999959e-01
8.666000000000000369e-01
8.722999999999999643e-01
8.700999999999999845e-01
8.726000000000000423e-01
8.746000000000000441e-01
8.810000000000000053e-01
8.787000000000000366e-01
8.814999999999999503e-01
8.861999999999999877e-01
8.850000000000000089e-01
8.802999999999999714e-01
8.723999999999999533e-01
8.758000000000000229e-01
8.790000000000000036e-01
8.772999999999999687e-01
8.813999999999999613e-01
8.842999999999999750e-01
8.881999999999999895e-01
8.859000000000000208e-01
8.804999999999999494e-01
8.843999999999999639e-01
8.892999999999999794e-01
8.875999999999999446e-01
8.813999999999999613e-01
8.862999999999999767e-01
8.850000000000000089e-01
8.850999999999999979e-01
8.875999999999999446e-01
8.866000000000000547e-01
8.868000000000000327e-01
8.840000000000000080e-01
8.820000000000000062e-01
8.837000000000000410e-01
8.839000000000000190e-01
8.830000000000000071e-01
8.840000000000000080e-01
