1.260000000000000009e-01
6.703999999999999959e-01
7.105000000000000204e-01
7.398000000000000131e-01
7.956999999999999629e-01
8.121000000000000441e-01
8.443000000000000504e-01
8.489999999999999769e-01
8.771999999999999797e-01
9.053999999999999826e-01
9.015999999999999570e-01
9.126999999999999558e-01
9.230000000000000426e-01
9.194999999999999840e-01
9.010000000000000231e-01
9.398999999999999577e-01
9.300000000000000488e-01
9.401000000000000467e-01
9.368999999999999551e-01
9.477999999999999758e-01
9.311000000000000387e-01
9.405999999999999917e-01
9.416999999999999815e-01
9.458999999999999631e-01
9.537999999999999812e-01
9.533000000000000362e-01
9.274999999999999911e-01
9.498999999999999666e-01
9.547999999999999821e-01
9.528999999999999693e-01
9.530999999999999472e-01
9.543000000000000371e-01
9.514000000000000234e-01
9.500999999999999446e-01
9.509999999999999565e-01
9.264999999999999902e-01
9.613000000000000433e-01
9.266999999999999682e-01
9.547999999999999821e-01
9.525000000000000133e-01
9.323000000000000176e-01
9.364999999999999991e-01
9.416999999999999815e-01
9.519999999999999574e-01
9.519999999999999574e-01
9.540999999999999481e-01
9.585000000000000187e-01
9.453000000000000291e-01
9.532000000000000473e-01
9.465999999999999970e-01
9.474000000000000199e-01
9.535000000000000142e-01
9.377999999999999670e-01
9.570999999999999508e-01
9.496999999999999886e-01
9.452000000000000401e-01
9.354999999999999982e-01
9.476999999999999869e-01
9.570999999999999508e-01
9.589999999999999636e-01
9.549999999999999600e-01
9.558999999999999719e-01
9.527999999999999803e-01
9.552000000000000490e-01
9.579999999999999627e-01
9.517999999999999794e-01
9.634000000000000341e-01
9.627999999999999892e-01
9.529999999999999583e-01
9.574000000000000288e-01
9.534000000000000252e-01
9.455999999999999961e-01
9.425000000000000044e-01
9.515000000000000124e-01
9.499999999999999556e-01
9.516999999999999904e-01
9.461000000000000520e-01
9.510999999999999455e-01
9.469999999999999529e-01
9.579999999999999627e-01
9.536000000000000032e-01
9.598999999999999755e-01
9.567999999999999838e-01
9.553000000000000380e-01
9.485000000000000098e-01
9.415000000000000036e-01
9.247999999999999554e-01
9.375000000000000000e-01
9.392000000000000348e-01
9.251000000000000334e-01
9.464000000000000190e-01
9.546000000000000041e-01
9.537999999999999812e-01
9.443000000000000282e-01
9.452000000000000401e-01
9.199000000000000510e-01
9.485999999999999988e-01
9.412000000000000366e-01
9.503000000000000336e-01
9.454000000000000181e-01
