1.856925765228271574e+00
3.113583081245422379e-01
1.869780005693435776e-01
1.345830842256545978e-01
1.051840212583541878e-01
8.714755957126617270e-02
7.566089371442795419e-02
6.647692170739173678e-02
5.878213028311729538e-02
5.435436442494392256e-02
4.977994799613952304e-02
4.660402444005012218e-02
4.356943648457527185e-02
4.132815781235694985e-02
3.945653423666953957e-02
3.722121556401252612e-02
3.513354382514953522e-02
3.356461285352706908e-02
3.219950019717216644e-02
3.201097565889358260e-02
3.148475080132484560e-02
3.004517335295677286e-02
2.861250119805336042e-02
2.880749525427818425e-02
2.700450541973114030e-02
2.580150395929813392e-02
2.576957010328769643e-02
2.540707906186580670e-02
2.500235066711902626e-02
2.380295411348342868e-02
2.349870404005050678e-02
2.328375286459922686e-02
2.268148628771305200e-02
2.220846706628799502e-02
2.187119053304195301e-02
2.167409515678882584e-02
2.179804218411445643e-02
2.186302930414676590e-02
2.179223700463771979e-02
2.231311689615249685e-02
2.142259142696857285e-02
2.147849106788635165e-02
2.086048672795295586e-02
2.008797076940536594e-02
2.054279016554355630e-02
2.010719688832759977e-02
2.023411599099636179e-02
2.041960179507732245e-02
1.934738019704818762e-02
1.914203710556030419e-02
1.943145067691803146e-02
1.948440419733524220e-02
1.816483938992023359e-02
1.955768267214298348e-02
1.827433277964592151e-02
1.790958713591098844e-02
1.877306552827358310e-02
1.866987015604972683e-02
1.783808179497718693e-02
1.832685294747352436e-02
1.757890340685844266e-02
1.831827834546565989e-02
1.850729475021362438e-02
1.809662118852138624e-02
1.859274918138980812e-02
1.718761484026908731e-02
1.885985912680625959e-02
1.900735298991203248e-02
1.797367855608463308e-02
1.793281904458999751e-02
1.822021733671426794e-02
1.754061151444911981e-02
1.848563529551029358e-02
1.762348814606666536e-02
1.754743711054325070e-02
1.787597091495990789e-02
1.770003710389137300e-02
1.778009790480136743e-02
1.786219640672206954e-02
1.762982553541660169e-02
1.753298804461956087e-02
1.723859444260597215e-02
1.693233379423618457e-02
1.752910450994968339e-02
1.728818065226078032e-02
1.730520491600036695e-02
1.689331566393375422e-02
1.800512295365333526e-02
1.654398312270641269e-02
1.686637344360351551e-02
1.710366939604282543e-02
1.827858724892139283e-02
1.747979527115821677e-02
1.639569652080535844e-02
1.625855237245559665e-02
1.756631712913513110e-02
1.760626620054244959e-02
1.728864206373691495e-02
1.684197601079940806e-02
1.738408632427454123e-02
