2.844999999999999751e-01
3.822999999999999732e-01
4.343000000000000194e-01
4.512999999999999790e-01
4.677000000000000046e-01
4.766000000000000236e-01
4.839999999999999858e-01
4.950999999999999845e-01
5.118000000000000327e-01
5.391000000000000236e-01
5.613000000000000211e-01
5.835000000000000187e-01
5.834000000000000297e-01
5.850999999999999535e-01
6.007000000000000117e-01
5.951999999999999513e-01
5.872000000000000552e-01
5.907999999999999918e-01
6.006000000000000227e-01
5.997000000000000108e-01
5.954000000000000403e-01
6.028999999999999915e-01
6.018999999999999906e-01
5.986000000000000210e-01
5.918999999999999817e-01
5.917999999999999927e-01
5.959999999999999742e-01
6.008000000000000007e-01
5.978999999999999870e-01
6.052999999999999492e-01
6.062999999999999501e-01
6.084000000000000519e-01
6.061999999999999611e-01
5.973000000000000531e-01
6.031999999999999584e-01
6.034000000000000474e-01
6.074000000000000510e-01
6.054000000000000492e-01
6.000999999999999668e-01
6.041999999999999593e-01
6.077000000000000179e-01
5.995000000000000329e-01
5.999999999999999778e-01
5.999999999999999778e-01
5.989999999999999769e-01
6.089999999999999858e-01
6.241999999999999771e-01
6.141999999999999682e-01
6.024000000000000465e-01
6.135000000000000453e-01
6.016000000000000236e-01
5.881999999999999451e-01
6.077000000000000179e-01
6.016000000000000236e-01
5.895000000000000240e-01
5.954000000000000403e-01
6.163999999999999480e-01
6.179000000000000048e-01
6.077000000000000179e-01
6.233999999999999542e-01
6.056000000000000272e-01
6.205000000000000515e-01
6.158000000000000140e-01
6.125000000000000444e-01
6.131999999999999673e-01
6.189000000000000057e-01
6.084000000000000519e-01
6.150999999999999801e-01
6.198000000000000176e-01
6.219999999999999973e-01
6.232999999999999652e-01
6.200999999999999845e-01
6.256000000000000449e-01
6.203999999999999515e-01
6.193999999999999506e-01
6.169999999999999929e-01
6.179000000000000048e-01
6.179000000000000048e-01
6.195000000000000506e-01
6.207000000000000295e-01
6.185000000000000497e-01
6.183999999999999497e-01
6.177000000000000268e-01
6.208000000000000185e-01
6.223999999999999533e-01
6.217000000000000304e-01
6.202999999999999625e-01
6.208000000000000185e-01
6.327000000000000401e-01
6.311999999999999833e-01
6.286000000000000476e-01
6.209000000000000075e-01
6.205000000000000515e-01
6.235000000000000542e-01
6.203999999999999515e-01
6.150999999999999801e-01
6.150999999999999801e-01
6.243999999999999551e-01
6.090999999999999748e-01
6.240999999999999881e-01
