1.734580398178100502e+00
1.831195692634582484e+00
1.739285606002807683e+00
1.741876334190368691e+00
1.731098633003234966e+00
1.796757747268676653e+00
1.773425979232787997e+00
1.858764766120910572e+00
1.776848384094238176e+00
1.920441309738159186e+00
1.931890209197998143e+00
1.836870173835754461e+00
1.906017251396179280e+00
1.913464894485473522e+00
1.958481632423400898e+00
2.008840512466430805e+00
2.058434176826477113e+00
1.966685914611816299e+00
2.063105118179321185e+00
2.026480867385864304e+00
2.063507788658141884e+00
2.112640160751342755e+00
2.102364186859130957e+00
2.139348532295227034e+00
2.109755322647094644e+00
2.202913474655151305e+00
2.098222726440429842e+00
2.174649930191040248e+00
2.036488085746765098e+00
2.163099784660339253e+00
2.141949246215820502e+00
2.246291945648193344e+00
2.134457450675964374e+00
2.198824703979492146e+00
2.265601899719238421e+00
2.141879519081115735e+00
2.126962435913085869e+00
2.300513908386230266e+00
2.122059501457214559e+00
2.287798009490966678e+00
2.204677960968017381e+00
2.198177273559570377e+00
2.235005193710327021e+00
2.054465901947021500e+00
2.121317017364501734e+00
2.024179695892334152e+00
1.998496776962280341e+00
2.267518206405639614e+00
2.381889992141723589e+00
2.240357489013671710e+00
2.348762239074706937e+00
2.324887853622436662e+00
2.191247454071044931e+00
2.499661940383911318e+00
2.442197504425049015e+00
2.393871683502197367e+00
2.500248393630981614e+00
2.558866913986205915e+00
2.438410053634643582e+00
2.439526936721801764e+00
2.626967022323608347e+00
2.420316091918945478e+00
2.377058542251587081e+00
2.294271262359619090e+00
2.359013230895996127e+00
2.443125947952270671e+00
2.364164005279540959e+00
2.372803454589843764e+00
2.282277261734008800e+00
2.542356928253173720e+00
2.467211784362792759e+00
2.427811500167846859e+00
2.485290569305420139e+00
2.337405474090576085e+00
2.446181412124633692e+00
2.405244886779785318e+00
2.288053889465332169e+00
2.330789664459228305e+00
2.439641544342041168e+00
2.345853065872192555e+00
2.507515548706054531e+00
2.319337215805053809e+00
2.272915190124511930e+00
2.259342698287964080e+00
2.413637809371948162e+00
2.366335030364990377e+00
2.252036201095581003e+00
2.393759490203857254e+00
2.431079570770263487e+00
2.286615141296386877e+00
2.250240528869628776e+00
2.257113751220703346e+00
2.376247894668578997e+00
2.314278348541259689e+00
2.214762377548217920e+00
2.290748219680786235e+00
2.305268359756469820e+00
2.273901619720458900e+00
2.371645446014404079e+00
2.307851120376586795e+00
