2.032938933944702153e+00
8.200671066284179744e-01
7.026461355209350224e-01
6.816330274581908766e-01
6.813693321228027067e-01
6.709812400817870559e-01
6.597057754516602035e-01
6.928667190551758281e-01
7.414918497085570825e-01
7.281768728256226009e-01
7.215477347373961958e-01
7.048945757865905382e-01
7.103316761016845726e-01
6.946515002250671644e-01
7.276781656265258746e-01
6.775307575225829604e-01
7.808150329589843563e-01
7.033490716934204245e-01
7.248879638671874570e-01
7.556382130622864013e-01
7.440325420379638732e-01
7.806529189109802092e-01
7.613866460800170488e-01
7.554366565704345726e-01
8.163570908546448068e-01
7.924954717636107926e-01
7.677488168716430916e-01
8.117422623634338308e-01
7.551634742736816897e-01
7.623151794433593587e-01
7.713469247817993368e-01
7.985689949989318581e-01
7.195927686691284686e-01
7.830387453079223903e-01
7.904080625534057880e-01
8.110520440101623985e-01
8.564935609817504458e-01
7.995755480766296719e-01
8.579327513694763319e-01
8.286669939041138022e-01
8.606068481445312557e-01
8.604286540985107701e-01
8.599489197731018386e-01
8.448532538414001980e-01
9.214296957969665414e-01
8.346645757675170696e-01
8.635923572540282755e-01
1.023006623458862396e+00
9.532469655990600810e-01
9.473492426872253125e-01
9.174778570175170511e-01
9.059751508712768908e-01
9.271691940307617008e-01
8.782009530067443892e-01
8.791001457214355774e-01
9.022538713455200421e-01
9.230034322738647212e-01
8.413395393371582154e-01
9.248894916534423638e-01
9.476995528221130449e-01
9.208041118621825838e-01
8.787156167030334419e-01
9.495591259002685858e-01
9.252380872726440053e-01
9.096567460060119847e-01
9.562391288757323693e-01
8.979700630187987809e-01
9.876096576690673867e-01
8.840130797386169803e-01
8.736622983932494924e-01
1.022668791675567679e+00
8.190682116508484212e-01
8.857020955085754821e-01
7.941299669265746708e-01
7.926541765213013235e-01
8.543887089729309547e-01
9.420719122886658248e-01
8.320793821334838691e-01
8.722245122909545456e-01
8.131981442451476916e-01
8.581596007347106481e-01
8.708490036964416925e-01
9.860898362159729036e-01
9.007149183273315263e-01
8.740016498565673642e-01
8.717380989074706710e-01
9.563082175254822292e-01
9.494281133651732985e-01
9.466935484886169760e-01
9.049038770675659205e-01
9.098896662712097072e-01
9.889167611122131607e-01
9.745315291404723634e-01
9.221956361770630162e-01
9.141077735900878798e-01
8.983285079002379936e-01
9.051096722602843814e-01
9.196777777671814036e-01
9.090320782661438503e-01
8.671728446960449421e-01
