2.665000000000000147e-01
7.947999999999999510e-01
8.447999999999999954e-01
8.574000000000000510e-01
8.637000000000000233e-01
8.681999999999999718e-01
8.730999999999999872e-01
8.719000000000000083e-01
8.713999999999999524e-01
8.720999999999999863e-01
8.732999999999999652e-01
8.750000000000000000e-01
8.769000000000000128e-01
8.784999999999999476e-01
8.778000000000000247e-01
8.760999999999999899e-01
8.728000000000000203e-01
8.751999999999999780e-01
8.769000000000000128e-01
8.760000000000000009e-01
8.780999999999999917e-01
8.774999999999999467e-01
8.783999999999999586e-01
8.772999999999999687e-01
8.780000000000000027e-01
8.790000000000000036e-01
8.776000000000000467e-01
8.789000000000000146e-01
8.791999999999999815e-01
8.788000000000000256e-01
8.763999999999999568e-01
8.807000000000000384e-01
8.770000000000000018e-01
8.811999999999999833e-01
8.803999999999999604e-01
8.780000000000000027e-01
8.760000000000000009e-01
8.800999999999999934e-01
8.800000000000000044e-01
8.789000000000000146e-01
8.798000000000000265e-01
8.809000000000000163e-01
8.766000000000000458e-01
8.794999999999999485e-01
8.743999999999999551e-01
8.781999999999999806e-01
8.772999999999999687e-01
8.566000000000000281e-01
8.718000000000000194e-01
8.757000000000000339e-01
8.772999999999999687e-01
8.798000000000000265e-01
8.779000000000000137e-01
8.792999999999999705e-01
8.796000000000000485e-01
8.800000000000000044e-01
8.781999999999999806e-01
8.789000000000000146e-01
8.801999999999999824e-01
8.782999999999999696e-01
8.799000000000000155e-01
8.820999999999999952e-01
8.782999999999999696e-01
8.806000000000000494e-01
8.790000000000000036e-01
8.788000000000000256e-01
8.767000000000000348e-01
8.763999999999999568e-01
8.810000000000000053e-01
8.790999999999999925e-01
8.717000000000000304e-01
8.806000000000000494e-01
8.800000000000000044e-01
8.816000000000000503e-01
8.793999999999999595e-01
8.716000000000000414e-01
8.689999999999999947e-01
8.820000000000000062e-01
8.780000000000000027e-01
8.766000000000000458e-01
8.767000000000000348e-01
8.770999999999999908e-01
8.784999999999999476e-01
8.762999999999999678e-01
8.812999999999999723e-01
8.796000000000000485e-01
8.771999999999999797e-01
8.800000000000000044e-01
8.806000000000000494e-01
8.803999999999999604e-01
8.808000000000000274e-01
8.782999999999999696e-01
8.789000000000000146e-01
8.816000000000000503e-01
8.818000000000000282e-01
8.822999999999999732e-01
8.790000000000000036e-01
8.800999999999999934e-01
8.764999999999999458e-01
8.796000000000000485e-01
