1.856925753021240189e+00
3.113583180904388459e-01
1.869780013322830114e-01
1.345830863356590190e-01
1.051840224027633663e-01
8.714756302833556734e-02
7.566089696884155391e-02
6.647692295312881972e-02
5.878213018178939792e-02
5.435436499714851183e-02
4.977994638085365270e-02
4.660402290225029026e-02
4.356943677663802778e-02
4.132816076278686412e-02
3.945653376579284777e-02
3.722121785283089013e-02
3.513354173302650485e-02
3.356461275219917162e-02
3.219950248599052350e-02
3.201097633242606932e-02
3.148474804162978979e-02
3.004517278075218359e-02
2.861250216364860655e-02
2.880749363303184568e-02
2.700450398921966713e-02
2.580150425732135808e-02
2.576957124173641367e-02
2.540707648694515153e-02
2.500234733521938466e-02
2.380295367538929133e-02
2.349870379269123136e-02
2.328375434577465222e-02
2.268148837983608238e-02
2.220846736431121918e-02
2.187119062840938571e-02
2.167409514784813043e-02
2.179804360866546484e-02
2.186302809417247847e-02
2.179223700761795043e-02
2.231311728954315024e-02
2.142259126901626537e-02
2.147849122881889325e-02
2.086048945784568787e-02
2.008797057867050054e-02
2.054279327690601217e-02
2.010719798207282957e-02
2.023411575257778178e-02
2.041959940791130204e-02
1.934737805128097440e-02
1.914203594624996202e-02
1.943145015239715681e-02
1.948440501093864560e-02
1.816484119296073868e-02
1.955768041610717739e-02
1.827433354258537271e-02
1.790958550870418511e-02
1.877306604385375888e-02
1.866987004876136808e-02
1.783808103501796638e-02
1.832685262262821052e-02
1.757890551090240602e-02
1.831827951371669747e-02
1.850729347169399394e-02
1.809661923646926907e-02
1.859274997115135247e-02
1.718761718571186134e-02
1.885986015200614985e-02
1.900735208094119985e-02
1.797367702126502834e-02
1.793281934261322166e-02
1.822021771520376116e-02
1.754061233699321862e-02
1.848563213050365486e-02
1.762348740696906974e-02
1.754743745028972471e-02
1.787596814334392603e-02
1.770003810524940421e-02
1.778009782433509836e-02
1.786219688355922611e-02
1.762982555031776533e-02
1.753298695683479236e-02
1.723859416246414228e-02
1.693233391046524219e-02
1.752910465598106482e-02
1.728817638158798228e-02
1.730520701110363144e-02
1.689331641197204525e-02
1.800512255430221711e-02
1.654398123025894313e-02
1.686637303531169849e-02
1.710366934835910735e-02
1.827858681976795088e-02
1.747979437708854777e-02
1.639569809734821304e-02
1.625855286717414749e-02
1.756631732285022715e-02
1.760626617372035990e-02
1.728864069879055068e-02
1.684197314977645826e-02
1.738408767879009303e-02
