3.926000000000000045e-01
5.954000000000000403e-01
6.754000000000000004e-01
7.174000000000000377e-01
7.388000000000000123e-01
7.520000000000000018e-01
7.574999999999999512e-01
7.623999999999999666e-01
7.610000000000000098e-01
7.704999999999999627e-01
7.657000000000000473e-01
7.671999999999999931e-01
7.695999999999999508e-01
7.719000000000000306e-01
7.681999999999999940e-01
7.659000000000000252e-01
7.721000000000000085e-01
7.752999999999999892e-01
7.693999999999999728e-01
7.711999999999999966e-01
7.698000000000000398e-01
7.718000000000000416e-01
7.691999999999999948e-01
7.730000000000000204e-01
7.722999999999999865e-01
7.759000000000000341e-01
7.775999999999999579e-01
7.719000000000000306e-01
7.740000000000000213e-01
7.721000000000000085e-01
7.799000000000000377e-01
7.740000000000000213e-01
7.752999999999999892e-01
7.697000000000000508e-01
7.783999999999999808e-01
7.701999999999999957e-01
7.723999999999999755e-01
7.673999999999999710e-01
7.734999999999999654e-01
7.740000000000000213e-01
7.729000000000000314e-01
7.744999999999999662e-01
7.751000000000000112e-01
7.741999999999999993e-01
7.758000000000000451e-01
7.774999999999999689e-01
7.769000000000000350e-01
7.802000000000000046e-01
7.810000000000000275e-01
7.719000000000000306e-01
7.770000000000000240e-01
7.781000000000000139e-01
7.719000000000000306e-01
7.771000000000000130e-01
7.740000000000000213e-01
7.729000000000000314e-01
7.691999999999999948e-01
7.772999999999999909e-01
7.648000000000000353e-01
7.766999999999999460e-01
7.824999999999999734e-01
7.782000000000000028e-01
7.741999999999999993e-01
7.792999999999999927e-01
7.799000000000000377e-01
7.709000000000000297e-01
7.761000000000000121e-01
7.792000000000000037e-01
7.738000000000000433e-01
7.779000000000000359e-01
7.794999999999999707e-01
7.796999999999999487e-01
7.796999999999999487e-01
7.808000000000000496e-01
7.762999999999999901e-01
7.792000000000000037e-01
7.803999999999999826e-01
7.815999999999999615e-01
7.784999999999999698e-01
7.810000000000000275e-01
7.762000000000000011e-01
7.786999999999999478e-01
7.790000000000000258e-01
7.799000000000000377e-01
7.781000000000000139e-01
7.795999999999999597e-01
7.800000000000000266e-01
7.784999999999999698e-01
7.725999999999999535e-01
7.780000000000000249e-01
7.779000000000000359e-01
7.694999999999999618e-01
7.811000000000000165e-01
7.776999999999999469e-01
7.680000000000000160e-01
7.781000000000000139e-01
7.808000000000000496e-01
7.822000000000000064e-01
7.731000000000000094e-01
7.683999999999999719e-01
