1.856925765228271574e+00
3.113583081245422379e-01
1.869780013322830114e-01
1.345830899238586453e-01
1.051840212583541878e-01
8.714756109714508203e-02
7.566089679002761803e-02
6.647692352533340898e-02
5.878212959766387913e-02
5.435436278581619318e-02
4.977994570732116597e-02
4.660402119755745198e-02
4.356943657398223979e-02
4.132815752029418699e-02
3.945653433203696880e-02
3.722122024297714465e-02
3.513354287147522209e-02
3.356461372375488250e-02
3.219950266480445938e-02
3.201097633242606932e-02
3.148474898934364163e-02
3.004517488479614348e-02
2.861250330209732032e-02
2.880749382972717237e-02
2.700450623333454023e-02
2.580150458812713668e-02
2.576957363784313296e-02
2.540707831084728155e-02
2.500234790742397392e-02
2.380295320451259605e-02
2.349870418608188474e-02
2.328375299870967877e-02
2.268148967623710710e-02
2.220846602320671048e-02
2.187119072377681842e-02
2.167409364283084949e-02
2.179804351329803561e-02
2.186302956938743561e-02
2.179223924577236224e-02
2.231311722993850610e-02
2.142259332835674129e-02
2.147849288880825103e-02
2.086048983633518109e-02
2.008796943724155265e-02
2.054279025793075489e-02
2.010719713270664108e-02
2.023411575257778178e-02
2.041959648728370810e-02
1.934737637937069057e-02
1.914203781783580666e-02
1.943145011365413760e-02
1.948440420925617172e-02
1.816484111547470026e-02
1.955768071413040154e-02
1.827433383464813210e-02
1.790958803892135631e-02
1.877306494712829496e-02
1.866986919641494894e-02
1.783808017969131313e-02
1.832685389816761032e-02
1.757890632152557531e-02
1.831827827095985559e-02
1.850729335546493631e-02
1.809661947488784908e-02
1.859275223612785397e-02
1.718761627972125935e-02
1.885986136794090204e-02
1.900735131204128389e-02
1.797367544472217721e-02
1.793282058835029766e-02
1.822021739929914619e-02
1.754061056673526797e-02
1.848563420772552507e-02
1.762348659634590045e-02
1.754743690192699448e-02
1.787597071230411644e-02
1.770003614127636099e-02
1.778009709417819814e-02
1.786219502389431099e-02
1.762982625663280650e-02
1.753298739194869907e-02
1.723859328031539934e-02
1.693233250081539049e-02
1.752910269796848289e-02
1.728817910254001541e-02
1.730520775020122359e-02
1.689331432580947964e-02
1.800512374937534438e-02
1.654398398101329659e-02
1.686637246608733987e-02
1.710366899967193446e-02
1.827858923971652921e-02
1.747979257404804268e-02
1.639569722115993486e-02
1.625855156779289212e-02
1.756631641685962517e-02
1.760626655220985312e-02
1.728864228576421774e-02
1.684197291135787825e-02
1.738408798128366489e-02
