3.793000000000000260e-01
6.691000000000000281e-01
7.155000000000000249e-01
7.383999999999999453e-01
7.368000000000000105e-01
7.590000000000000080e-01
7.570000000000000062e-01
7.677000000000000490e-01
7.749000000000000332e-01
7.709000000000000297e-01
7.708000000000000407e-01
7.806999999999999496e-01
7.734999999999999654e-01
7.803999999999999826e-01
7.861000000000000210e-01
7.749000000000000332e-01
7.886999999999999567e-01
7.781000000000000139e-01
7.804999999999999716e-01
7.799000000000000377e-01
7.845999999999999641e-01
7.803999999999999826e-01
7.973999999999999977e-01
7.929000000000000492e-01
7.858000000000000540e-01
7.896999999999999575e-01
7.980000000000000426e-01
7.917999999999999483e-01
7.911000000000000254e-01
7.920000000000000373e-01
7.864999999999999769e-01
7.890000000000000346e-01
7.953999999999999959e-01
8.062000000000000277e-01
7.960000000000000409e-01
7.993000000000000105e-01
7.851000000000000201e-01
7.929000000000000492e-01
7.839000000000000412e-01
8.181000000000000494e-01
8.103000000000000203e-01
7.986999999999999655e-01
8.193000000000000282e-01
8.083000000000000185e-01
7.982000000000000206e-01
8.043000000000000149e-01
8.199999999999999512e-01
7.999000000000000554e-01
8.145000000000000018e-01
8.047999999999999599e-01
8.114999999999999991e-01
8.144000000000000128e-01
8.122000000000000330e-01
8.094999999999999973e-01
8.036999999999999700e-01
8.154000000000000137e-01
8.078999999999999515e-01
8.135000000000000009e-01
8.067999999999999616e-01
8.165999999999999925e-01
8.111000000000000432e-01
8.366999999999999993e-01
8.154000000000000137e-01
8.191000000000000503e-01
8.182000000000000384e-01
8.195000000000000062e-01
8.194000000000000172e-01
8.178999999999999604e-01
8.215000000000000080e-01
8.146999999999999797e-01
8.295000000000000151e-01
8.192000000000000393e-01
8.225000000000000089e-01
8.266000000000000014e-01
8.123000000000000220e-01
8.285000000000000142e-01
8.076999999999999735e-01
8.155000000000000027e-01
8.124000000000000110e-01
8.154000000000000137e-01
8.151000000000000467e-01
8.125000000000000000e-01
8.162000000000000366e-01
8.239999999999999547e-01
8.204000000000000181e-01
8.255000000000000115e-01
8.090000000000000524e-01
8.077999999999999625e-01
8.145000000000000018e-01
8.202000000000000401e-01
8.174000000000000155e-01
8.191000000000000503e-01
8.151000000000000467e-01
8.246999999999999886e-01
8.231000000000000538e-01
8.385000000000000231e-01
8.214000000000000190e-01
8.103000000000000203e-01
8.153000000000000247e-01
8.121000000000000441e-01
