1.817940866088867180e+00
1.304474910354614270e+00
1.242078897476196264e+00
1.226462366294860828e+00
1.353241938972473246e+00
1.191886941719055182e+00
1.234728415107727129e+00
1.250453318595886154e+00
1.150199605941772507e+00
1.171567516517639129e+00
1.137386729621887138e+00
1.118910367393493699e+00
1.244935228919982872e+00
1.134176067543029687e+00
1.074778377723693890e+00
1.334406003570556720e+00
1.142133337593078668e+00
1.172689397621154761e+00
1.208716750907897985e+00
1.194760923767089755e+00
1.168003248023986806e+00
1.270883619499206585e+00
1.098044077110290617e+00
1.137177616500854471e+00
1.224917203712463376e+00
1.176316747665405282e+00
1.116075235748291039e+00
1.174930931854248017e+00
1.174598655319213814e+00
1.211423253250122123e+00
1.264772213554382407e+00
1.169171938323974702e+00
1.198154765129089361e+00
1.132313899230956933e+00
1.215431444931030169e+00
1.225203340339660718e+00
1.289903086280822730e+00
1.205669115638732913e+00
1.370299312019348070e+00
1.090261530303955118e+00
1.177839469146728435e+00
1.290744834136962949e+00
1.115187401580810533e+00
1.167289601898193308e+00
1.125375459671020595e+00
1.241490622711181713e+00
1.140458544731140167e+00
1.229268507957458567e+00
1.164097652244567849e+00
1.281298580360412664e+00
1.193517106056213306e+00
1.180506657791137615e+00
1.116300850105285569e+00
1.121593896865844764e+00
1.243938778495788489e+00
1.186025397872924714e+00
1.235230554962158278e+00
1.194763753890991209e+00
1.273007100296020599e+00
1.227663728904724083e+00
1.275632227516174222e+00
1.113396010208129949e+00
1.214009087944030840e+00
1.256954248046874945e+00
1.151606526756286719e+00
1.238563815879821783e+00
1.146642097663879367e+00
1.137531052207946702e+00
1.119843026733398528e+00
1.254543656539917063e+00
1.091409013175964393e+00
1.192393588447570707e+00
1.188072286415100098e+00
1.211551375389099183e+00
1.223360548400878933e+00
1.056082992172241219e+00
1.358933445549011187e+00
1.224036510086059515e+00
1.226514821624755891e+00
1.285179650878906177e+00
1.169074649429321378e+00
1.231249083518981990e+00
1.302881228256225654e+00
1.201813121604919488e+00
1.147182897377014177e+00
1.243090380668640194e+00
1.335761184692382919e+00
1.371276011466979972e+00
1.249813744926452586e+00
1.269199617385864176e+00
1.271805824279785169e+00
1.297120700645446822e+00
1.347276115036010635e+00
1.194886067771911531e+00
1.301957119178771993e+00
1.154861836814880416e+00
1.346483437347412160e+00
1.366640636444091728e+00
1.281036758041381729e+00
1.335566422843933010e+00
