2.337902753829955937e+00
2.007475597763061614e+00
1.885313213920593256e+00
1.738107798957824635e+00
1.660841296958923241e+00
1.585886812210083097e+00
1.499190931892395051e+00
1.415806919860839841e+00
1.364962205886840918e+00
1.360506261062622180e+00
1.265762636375427297e+00
1.176176666831970197e+00
1.091692797660827718e+00
1.085178704643249503e+00
1.009770777893066462e+00
9.818091619491576827e-01
9.842895286560058299e-01
9.334534990310668912e-01
8.472052982330322557e-01
8.620658542633056198e-01
7.599594505310058867e-01
7.838150653839111026e-01
7.302046188354491818e-01
7.110082564353943368e-01
7.328508171081542510e-01
6.495031384468078484e-01
6.543471708297728950e-01
6.657652235984802269e-01
6.950642174720763622e-01
6.544705103874206564e-01
7.027820590019225877e-01
7.290910153388977522e-01
7.766389837265014195e-01
7.644492774963378423e-01
8.260259378433227884e-01
7.796592941284179457e-01
8.281102781295776039e-01
8.275277175903320570e-01
8.521061529159545955e-01
8.740111413955689024e-01
8.772943050384521824e-01
9.095283493041992351e-01
9.205157409667968915e-01
9.105267383575439410e-01
9.561384212493896362e-01
9.261255413055420327e-01
9.484583316802978059e-01
9.738094072341918483e-01
9.271307846069335445e-01
9.333577592849731097e-01
9.342930534362793304e-01
9.638194301605224057e-01
9.184246709823608024e-01
8.914139789581299045e-01
8.934320056915283637e-01
8.881004695892333878e-01
8.979864053726196449e-01
9.254279924392699863e-01
9.404959529876708579e-01
9.644230125427245559e-01
9.562164291381836101e-01
9.822145259857177901e-01
1.001935759925842273e+00
1.014605205154418988e+00
1.017305549049377422e+00
9.928787929534912404e-01
9.913746852874756321e-01
9.992317756652832061e-01
1.004518879890441863e+00
1.019421159362792872e+00
1.036277523040771475e+00
1.049298234748840430e+00
1.059033572387695354e+00
1.066268430900573660e+00
1.074513722229003987e+00
1.087371392059326203e+00
1.091088257026672448e+00
1.092252774047851593e+00
1.097715585708618269e+00
1.127332997131347714e+00
1.140374931144714443e+00
1.142178434753418070e+00
1.108362128067016616e+00
8.190693271636962924e-01
8.260917190551757550e-01
8.786784862518310923e-01
9.194812412261963441e-01
9.212005741119384528e-01
9.525361534118652607e-01
9.654786119461059579e-01
9.901041366577147951e-01
9.941063156127929457e-01
1.009963828086853033e+00
1.037331501960754299e+00
1.049802655601501433e+00
1.053859560585022059e+00
1.065417962265014618e+00
1.075704844284057549e+00
1.089119776916503968e+00
1.098559784317016508e+00
