5.641155647277831697e+00
2.810499653625488481e+00
2.013396453475952086e+00
2.104202559280395679e+00
1.860295305824279710e+00
1.903948346900939947e+00
1.889160168838500908e+00
2.107869762039184636e+00
2.330778418350219816e+00
2.138038551330566417e+00
2.105793565750122109e+00
2.825310424423217892e+00
3.008888957977295053e+00
4.084669174957275217e+00
3.641792788696288863e+00
3.261702098846435582e+00
4.082635765838623421e+00
3.896183836746215601e+00
3.267452663421630987e+00
2.949398245239257754e+00
3.304061478042602751e+00
3.113726619338989199e+00
3.868477558898925750e+00
3.312564056396484435e+00
3.200266867065429732e+00
3.281863822937011843e+00
3.078094778060913139e+00
3.116646133804321206e+00
3.160120479202270349e+00
3.244127843093872254e+00
3.163323605346679557e+00
3.295166691207885634e+00
3.158355591964721487e+00
3.200582667160034145e+00
3.131170674514770713e+00
3.058367652893066335e+00
3.053398318481445273e+00
3.028883504867553533e+00
2.965708928680419909e+00
2.986099538040161150e+00
2.974977816772460759e+00
2.941819129180908376e+00
2.921613329315185581e+00
2.906190262222290155e+00
2.895694943237304475e+00
2.885651009368896514e+00
2.856527497100830093e+00
2.772872072219848771e+00
2.775057265472411938e+00
2.797222725296020673e+00
2.808072581481933394e+00
2.827447733688354337e+00
2.801858124542236261e+00
2.785698501968383756e+00
2.793591905212402526e+00
2.795458777236938364e+00
2.805313217163086126e+00
2.807742873382568227e+00
2.802450161743164081e+00
2.810928642654419107e+00
2.798419583511352560e+00
2.769276010513305852e+00
2.790697137069702016e+00
2.784649151229858344e+00
2.793915631484985340e+00
2.792252093124389489e+00
2.806813491821289031e+00
2.788647838592529293e+00
2.790538732147216816e+00
2.793561734771728311e+00
2.757357417678833134e+00
2.802268126678466587e+00
2.820065941619873229e+00
2.783596614837646310e+00
2.788688117218017570e+00
2.778730647277832144e+00
2.795818764114379906e+00
2.754519851684570142e+00
2.791193331909179509e+00
2.781494033813476374e+00
2.810096863555908264e+00
2.799787529373169104e+00
2.770806125640869144e+00
2.792425628662109194e+00
2.791331490325927867e+00
2.811119012451171795e+00
2.781120202255249030e+00
2.796093128967285235e+00
2.799759226608276474e+00
2.789260623550414930e+00
2.822983539581298995e+00
2.786462420654296945e+00
2.805521198654174597e+00
2.784742769622802872e+00
2.798012069702148441e+00
2.783559811019897356e+00
2.806831729888915827e+00
2.806058533477783001e+00
2.808242360687255967e+00
2.805315256500243937e+00
