2.337902766036987323e+00
2.007475567245483372e+00
1.885313223266601668e+00
1.738107844543457015e+00
1.660841278648376385e+00
1.585886842727661117e+00
1.499190904617309528e+00
1.415806910133361907e+00
1.364962230300903245e+00
1.360506156921386767e+00
1.265762599754333584e+00
1.176176617622375575e+00
1.091692730522155763e+00
1.085178711128234941e+00
1.009770729064941364e+00
9.818091951370239157e-01
9.842895959854125465e-01
9.334535938262938926e-01
8.472052980422973834e-01
8.620658605575561850e-01
7.599594340324401509e-01
7.838151174545288091e-01
7.302045655250549716e-01
7.110082857131958534e-01
7.328508278846740387e-01
6.495030900001526053e-01
6.543470571517944201e-01
6.657651372909545451e-01
6.950641522407531303e-01
6.544705051422119446e-01
7.027820060729980112e-01
7.290908390998840360e-01
7.766389963150024389e-01
7.644491842269897086e-01
8.260259441375732425e-01
7.796593208312988521e-01
8.281103278160095726e-01
8.275277660369873001e-01
8.521063165664672923e-01
8.740110534667968611e-01
8.772940267562866490e-01
9.095285322189331501e-01
9.205157140731811127e-01
9.105268905639648525e-01
9.561384979248046534e-01
9.261256057739257752e-01
9.484582105636596427e-01
9.738093683242797782e-01
9.271308418273925822e-01
9.333576513290404719e-01
9.342930334091186229e-01
9.638196872711182195e-01
9.184246482849121040e-01
8.914138544082641502e-01
8.934321722030639235e-01
8.881005483627318897e-01
8.979861885070801186e-01
9.254279851913451704e-01
9.404959829330444832e-01
9.644229442596435886e-01
9.562165908813476944e-01
9.822145898818970267e-01
1.001935792922973523e+00
1.014605149269103945e+00
1.017305451202392685e+00
9.928787443161011250e-01
9.913745346069335884e-01
9.992317598342895790e-01
1.004518560218811141e+00
1.019421034049987851e+00
1.036277341651916428e+00
1.049298246765136611e+00
1.059033683204650966e+00
1.066268683815002394e+00
1.074513642883300868e+00
1.087371550369262696e+00
1.091088176727294856e+00
1.092252725601196239e+00
1.097715907096862731e+00
1.127333117103576754e+00
1.140374894332885747e+00
1.142178688049316326e+00
1.108362218475341887e+00
8.190693107604980483e-01
8.260916973114014183e-01
8.786786279678344691e-01
9.194815452575683112e-01
9.212005878448485952e-01
9.525358352661132955e-01
9.654785665512084503e-01
9.901042160034179140e-01
9.941063486099243063e-01
1.009963724327087364e+00
1.037331684112548835e+00
1.049802821540832598e+00
1.053859598159790023e+00
1.065418019676208417e+00
1.075705000114440812e+00
1.089119770240783769e+00
1.098559876441955518e+00
