5.182626966094971088e+00
4.172402439880371183e+00
3.592427489089965675e+00
3.235501254272461047e+00
2.976726547622680741e+00
3.452151776885986401e+00
3.187373316192626760e+00
3.470913229751587004e+00
2.681642373275757052e+00
2.883596865081786920e+00
4.202898954010009902e+00
3.138050390243530163e+00
3.683231033325195192e+00
4.079643239593505832e+00
3.727999521636963021e+00
3.889055775451660146e+00
3.494539580535888756e+00
4.920599163818359045e+00
3.774704313659667854e+00
4.333569065856933911e+00
4.488756817626953222e+00
5.225419147491455085e+00
5.091027198028564626e+00
3.611134461975097576e+00
3.909725117492675928e+00
4.265557799530029115e+00
4.207474580383300911e+00
4.204343023681640368e+00
4.244511262512206784e+00
4.204308747100830246e+00
4.098886164855956693e+00
4.159913789367675641e+00
4.177285496520996233e+00
4.022078454589843588e+00
4.033696191406249909e+00
4.124094629669189160e+00
4.095327812957763491e+00
4.040214968872070322e+00
4.067339000701903906e+00
4.090181240844726673e+00
4.004035247039794854e+00
4.003204015350341649e+00
3.990220172882080085e+00
3.939684309387207151e+00
3.934688295745849551e+00
3.929350718688964683e+00
3.969994203948974398e+00
3.870515023040771663e+00
4.067349687194823815e+00
4.001869189453125308e+00
3.870760567474365033e+00
3.867508489990234555e+00
3.843938043975830166e+00
3.884177033233642717e+00
3.896462907409667942e+00
3.912721801757812479e+00
3.931592713928222516e+00
3.862118562316894543e+00
3.851015866088867146e+00
3.804382095336913849e+00
3.851467610168457067e+00
3.853278462982177910e+00
3.801873182678222829e+00
3.840433888244628946e+00
3.827743241119384798e+00
3.865684013366699201e+00
3.799487865447998214e+00
3.896110231018066195e+00
3.842426620483398558e+00
3.831838867187499886e+00
3.791504630279541210e+00
3.802097027587890476e+00
3.828523073577880798e+00
3.839620733642578276e+00
3.817705973815917808e+00
3.860541735839843724e+00
3.883877252197265761e+00
3.850648633575439295e+00
3.843121983337402181e+00
3.804272866821289067e+00
3.816919562530517673e+00
3.805424095153808750e+00
3.807919578552246165e+00
3.765839174652099608e+00
3.812756587982177869e+00
3.864846840667724770e+00
3.850427580261230442e+00
3.844694919586181481e+00
3.852176434326171961e+00
3.827432258605957038e+00
3.806954046630859345e+00
3.826567846679687523e+00
3.855242886352538978e+00
3.872291394805908116e+00
3.883049143218994192e+00
3.856662606048583797e+00
3.814613784790039208e+00
3.841326951599121298e+00
3.835085451507568521e+00
3.850172437286377036e+00
