2.337902814865112422e+00
2.007475609970092556e+00
1.885313272094726544e+00
1.738107850646972707e+00
1.660841235923767201e+00
1.585886821174621542e+00
1.499190950584411652e+00
1.415806932067871005e+00
1.364962245750427350e+00
1.360506169509887675e+00
1.265762633132934578e+00
1.176176620483398327e+00
1.091692727279663044e+00
1.085178637313842787e+00
1.009770726013183628e+00
9.818091152191161797e-01
9.842895833969116381e-01
9.334535848617553366e-01
8.472053045272827099e-01
8.620659858703613176e-01
7.599594753265380698e-01
7.838150442123412720e-01
7.302047032356262513e-01
7.110082966804504023e-01
7.328507546424866126e-01
6.495030515670776605e-01
6.543471631050109538e-01
6.657650372505188319e-01
6.950641639709472797e-01
6.544705187797545953e-01
7.027819812774658281e-01
7.290908017158508336e-01
7.766389528274536547e-01
7.644493234634399670e-01
8.260260160446166733e-01
7.796594673156738153e-01
8.281102750778198685e-01
8.275275924682616857e-01
8.521063203811645170e-01
8.740111022949218489e-01
8.772941671371460304e-01
9.095283733367920398e-01
9.205156444549560391e-01
9.105268226623535188e-01
9.561385440826416504e-01
9.261256973266601689e-01
9.484581937789916539e-01
9.738094507217407436e-01
9.271307926177978498e-01
9.333576726913451749e-01
9.342929561614989886e-01
9.638196039199828924e-01
9.184247402191162424e-01
8.914140209197998210e-01
8.934320363998412562e-01
8.881005544662475826e-01
8.979862739562988194e-01
9.254278707504272061e-01
9.404961399078368700e-01
9.644229341506957986e-01
9.562162944793700659e-01
9.822143733978271340e-01
1.001935806083679159e+00
1.014605170822143521e+00
1.017305590248107849e+00
9.928787261962890298e-01
9.913745374679565625e-01
9.992316810607909661e-01
1.004518665122985821e+00
1.019421186065673890e+00
1.036277394104003990e+00
1.049298314094543549e+00
1.059033476448059119e+00
1.066268778800964379e+00
1.074513553619384831e+00
1.087371545600891221e+00
1.091088267517089871e+00
1.092252724838256750e+00
1.097715719032287707e+00
1.127333130645751913e+00
1.140374531936645397e+00
1.142178831100463920e+00
1.108362224960327103e+00
8.190692371368407665e-01
8.260914377212524862e-01
8.786785844802856849e-01
9.194814500808715652e-01
9.212005121231079396e-01
9.525358160018920772e-01
9.654786352157592733e-01
9.901042848587036094e-01
9.941062107086181543e-01
1.009963943862915103e+00
1.037331827354431191e+00
1.049802759552001863e+00
1.053859500312805286e+00
1.065418084526061904e+00
1.075704949760436957e+00
1.089119866752624510e+00
1.098559655380249023e+00
