1.549999999999999989e-01
1.592000000000000082e-01
2.210000000000000020e-01
2.457999999999999907e-01
2.676999999999999935e-01
2.601999999999999869e-01
2.656000000000000028e-01
2.626999999999999891e-01
3.451000000000000179e-01
3.301000000000000045e-01
2.511999999999999789e-01
3.125999999999999890e-01
3.080999999999999850e-01
2.891000000000000236e-01
2.983999999999999986e-01
3.165999999999999925e-01
3.340000000000000191e-01
3.047000000000000264e-01
3.640999999999999792e-01
3.333999999999999742e-01
3.247999999999999776e-01
3.306000000000000050e-01
3.040999999999999814e-01
3.801999999999999824e-01
3.553999999999999937e-01
3.486000000000000210e-01
3.507000000000000117e-01
3.521000000000000241e-01
3.519999999999999796e-01
3.498999999999999888e-01
3.552000000000000157e-01
3.518000000000000016e-01
3.508000000000000007e-01
3.564999999999999836e-01
3.544999999999999818e-01
3.524999999999999800e-01
3.523000000000000020e-01
3.538999999999999924e-01
3.521000000000000241e-01
3.497999999999999998e-01
3.528000000000000025e-01
3.526000000000000245e-01
3.514999999999999791e-01
3.534999999999999809e-01
3.529999999999999805e-01
3.526000000000000245e-01
3.482999999999999985e-01
3.487999999999999989e-01
3.436000000000000165e-01
3.452999999999999958e-01
3.552000000000000157e-01
3.538000000000000034e-01
3.542000000000000148e-01
3.522000000000000131e-01
3.523000000000000020e-01
3.506000000000000227e-01
3.504999999999999782e-01
3.534999999999999809e-01
3.536000000000000254e-01
3.575999999999999734e-01
3.543000000000000038e-01
3.532000000000000139e-01
3.578000000000000069e-01
3.541000000000000258e-01
3.556000000000000272e-01
3.528000000000000025e-01
3.563999999999999946e-01
3.499999999999999778e-01
3.531000000000000250e-01
3.559999999999999831e-01
3.568999999999999950e-01
3.547000000000000153e-01
3.548000000000000043e-01
3.508999999999999897e-01
3.533999999999999919e-01
3.507000000000000117e-01
3.511000000000000232e-01
3.517000000000000126e-01
3.522000000000000131e-01
3.531000000000000250e-01
3.548000000000000043e-01
3.537000000000000144e-01
3.541000000000000258e-01
3.570999999999999730e-01
3.558000000000000052e-01
3.513000000000000012e-01
3.531000000000000250e-01
3.513000000000000012e-01
3.519999999999999796e-01
3.556000000000000272e-01
3.533999999999999919e-01
3.529999999999999805e-01
3.512000000000000122e-01
3.516000000000000236e-01
3.494999999999999774e-01
3.513999999999999901e-01
3.553999999999999937e-01
3.512000000000000122e-01
3.538999999999999924e-01
3.528999999999999915e-01
