1.842000000000000026e-01
2.620999999999999996e-01
2.646000000000000019e-01
2.529000000000000137e-01
3.588000000000000078e-01
3.618000000000000105e-01
4.154999999999999805e-01
3.000999999999999779e-01
4.077000000000000068e-01
3.614999999999999880e-01
3.817999999999999727e-01
3.855999999999999983e-01
4.309999999999999942e-01
4.079999999999999738e-01
3.700999999999999845e-01
4.539000000000000257e-01
4.652000000000000024e-01
4.192000000000000171e-01
4.319999999999999951e-01
4.381999999999999784e-01
4.419000000000000150e-01
4.577999999999999847e-01
4.766000000000000236e-01
4.467999999999999750e-01
4.549000000000000266e-01
4.623999999999999777e-01
4.658999999999999808e-01
4.706000000000000183e-01
4.734999999999999765e-01
4.737000000000000099e-01
4.751000000000000223e-01
4.782000000000000139e-01
4.777000000000000135e-01
4.767000000000000126e-01
4.778999999999999915e-01
4.776000000000000245e-01
4.712999999999999967e-01
4.769999999999999796e-01
4.798999999999999932e-01
4.783000000000000029e-01
4.793999999999999928e-01
4.769999999999999796e-01
4.761000000000000232e-01
4.769999999999999796e-01
4.743999999999999884e-01
4.778000000000000025e-01
4.791000000000000258e-01
4.773999999999999910e-01
4.789999999999999813e-01
4.764999999999999791e-01
4.744999999999999774e-01
4.743999999999999884e-01
4.722999999999999976e-01
4.739999999999999769e-01
4.794999999999999818e-01
4.758999999999999897e-01
4.771000000000000241e-01
4.742999999999999994e-01
4.764999999999999791e-01
4.731000000000000205e-01
4.757000000000000117e-01
4.763999999999999901e-01
4.762000000000000122e-01
4.779999999999999805e-01
4.737999999999999989e-01
4.741000000000000214e-01
4.742999999999999994e-01
4.783999999999999919e-01
4.782000000000000139e-01
4.756000000000000227e-01
4.761000000000000232e-01
4.743999999999999884e-01
4.743999999999999884e-01
4.751000000000000223e-01
4.757000000000000117e-01
4.773999999999999910e-01
4.749999999999999778e-01
4.779999999999999805e-01
4.773000000000000020e-01
4.763999999999999901e-01
4.742000000000000104e-01
4.791000000000000258e-01
4.754999999999999782e-01
4.747999999999999998e-01
4.773000000000000020e-01
4.759999999999999787e-01
4.768000000000000016e-01
4.728999999999999870e-01
4.759999999999999787e-01
4.757000000000000117e-01
4.751000000000000223e-01
4.767000000000000126e-01
4.761000000000000232e-01
4.758000000000000007e-01
4.747000000000000108e-01
4.753000000000000003e-01
4.792000000000000148e-01
4.753000000000000003e-01
4.733999999999999875e-01
4.787000000000000144e-01
