2.337902857971191573e+00
2.007475567245483372e+00
1.885313238334655805e+00
1.738107838439941322e+00
1.660841296958923241e+00
1.585886839866638143e+00
1.499190975379943946e+00
1.415806883239746128e+00
1.364962264060974206e+00
1.360506160545349230e+00
1.265762596130371120e+00
1.176176629829406739e+00
1.091692730903625508e+00
1.085178647041320721e+00
1.009770778274536207e+00
9.818091094970703425e-01
9.842896051406860858e-01
9.334535448074340325e-01
8.472053106307982917e-01
8.620658760070800675e-01
7.599594781875610439e-01
7.838150488853454778e-01
7.302047156333922873e-01
7.110082519531250034e-01
7.328508293151855257e-01
6.495030267715453665e-01
6.543471700668335167e-01
6.657651202201843033e-01
6.950641729354858356e-01
6.544705299377441277e-01
7.027819452285766211e-01
7.290908785820007232e-01
7.766388814926147299e-01
7.644492380142211552e-01
8.260258234024048241e-01
7.796593551635742081e-01
8.281104835510253448e-01
8.275276262283325357e-01
8.521062726974487633e-01
8.740109663009643093e-01
8.772942657470703676e-01
9.095284143447875946e-01
9.205157690048217933e-01
9.105268608093262106e-01
9.561385286331176570e-01
9.261256546020507630e-01
9.484583513259887688e-01
9.738094371795654736e-01
9.271307897567748757e-01
9.333576772689818890e-01
9.342929832458496398e-01
9.638194955825806209e-01
9.184247299194335801e-01
8.914137496948242312e-01
8.934320085525512267e-01
8.881007045745850093e-01
8.979863124847412559e-01
9.254279468536377173e-01
9.404962039947509789e-01
9.644230255126953200e-01
9.562164716720581437e-01
9.822144577026367118e-01
1.001935820388794030e+00
1.014605223274230861e+00
1.017305760192871000e+00
9.928786478042602726e-01
9.913747665405273635e-01
9.992317571640014773e-01
1.004518721961975114e+00
1.019421332550048742e+00
1.036277501106262156e+00
1.049298260116577231e+00
1.059033559226989718e+00
1.066268722343444830e+00
1.074513539886474689e+00
1.087371471977233828e+00
1.091088401985168543e+00
1.092252802658081112e+00
1.097715495872497504e+00
1.127333085632324261e+00
1.140374708175659224e+00
1.142178788375854515e+00
1.108362021827697719e+00
8.190693473815917613e-01
8.260915203094482129e-01
8.786786640167236762e-01
9.194813625335693796e-01
9.212005477905272910e-01
9.525358421325683667e-01
9.654786483764647986e-01
9.901041324615478256e-01
9.941063547134398881e-01
1.009963785934448133e+00
1.037331618309021097e+00
1.049802803230285742e+00
1.053859699440002462e+00
1.065418019104003911e+00
1.075704916763305707e+00
1.089119964408874486e+00
1.098559750938415513e+00
