1.029999999999999943e-01
1.758000000000000118e-01
2.487999999999999934e-01
2.943999999999999950e-01
3.312999999999999834e-01
3.458999999999999853e-01
3.397000000000000020e-01
3.285000000000000142e-01
3.728000000000000203e-01
3.745999999999999885e-01
3.901999999999999913e-01
3.900000000000000133e-01
3.836999999999999855e-01
3.725999999999999868e-01
3.810000000000000053e-01
3.659000000000000030e-01
3.881000000000000005e-01
3.825999999999999956e-01
4.000000000000000222e-01
4.018999999999999795e-01
4.106000000000000205e-01
4.213999999999999968e-01
4.192000000000000171e-01
4.270999999999999797e-01
4.299000000000000044e-01
4.272000000000000242e-01
4.365999999999999881e-01
4.351999999999999758e-01
4.364000000000000101e-01
4.390000000000000013e-01
4.384000000000000119e-01
4.360999999999999877e-01
4.313000000000000167e-01
4.272000000000000242e-01
4.370999999999999885e-01
4.370999999999999885e-01
4.419000000000000150e-01
4.393000000000000238e-01
4.403000000000000247e-01
4.385000000000000009e-01
4.378000000000000225e-01
4.413000000000000256e-01
4.400999999999999912e-01
4.413000000000000256e-01
4.390000000000000013e-01
4.359999999999999987e-01
4.375000000000000000e-01
4.375999999999999890e-01
4.375999999999999890e-01
4.395000000000000018e-01
4.385000000000000009e-01
4.383000000000000229e-01
4.390999999999999903e-01
4.365999999999999881e-01
4.369000000000000106e-01
4.375000000000000000e-01
4.380999999999999894e-01
4.354000000000000092e-01
4.375000000000000000e-01
4.385999999999999899e-01
4.365999999999999881e-01
4.359999999999999987e-01
4.366999999999999771e-01
4.398000000000000242e-01
4.361999999999999766e-01
4.381999999999999784e-01
4.378000000000000225e-01
4.369000000000000106e-01
4.374000000000000110e-01
4.365999999999999881e-01
4.365999999999999881e-01
4.383000000000000229e-01
4.385000000000000009e-01
4.363000000000000211e-01
4.385999999999999899e-01
4.383000000000000229e-01
4.378000000000000225e-01
4.360999999999999877e-01
4.370999999999999885e-01
4.359999999999999987e-01
4.364999999999999991e-01
4.359000000000000097e-01
4.366999999999999771e-01
4.380000000000000004e-01
4.355999999999999872e-01
4.375000000000000000e-01
4.359000000000000097e-01
4.369999999999999996e-01
4.383000000000000229e-01
4.364000000000000101e-01
4.373000000000000220e-01
4.356999999999999762e-01
4.371999999999999775e-01
4.368000000000000216e-01
4.395000000000000018e-01
4.389000000000000123e-01
4.369999999999999996e-01
4.375999999999999890e-01
4.364999999999999991e-01
4.381999999999999784e-01
