2.337902851486206135e+00
2.007475573348998843e+00
1.885313290023803656e+00
1.738107832336425851e+00
1.660841272544860914e+00
1.585886839866638143e+00
1.499190852546691932e+00
1.415806922721862815e+00
1.364962260818481488e+00
1.360506196784973199e+00
1.265762538337707577e+00
1.176176617622375575e+00
1.091692776870727632e+00
1.085178674507141006e+00
1.009770732688903827e+00
9.818091192245483878e-01
9.842896505355834824e-01
9.334535600662231536e-01
8.472053228378295664e-01
8.620658086776733509e-01
7.599594336509704062e-01
7.838150395393371772e-01
7.302047384262084773e-01
7.110082588195800746e-01
7.328508309364318851e-01
6.495030257225036241e-01
6.543471715927123844e-01
6.657651617050170945e-01
6.950641776084900414e-01
6.544704750061035581e-01
7.027821495056152390e-01
7.290909028053284002e-01
7.766389602661132319e-01
7.644493515014648688e-01
8.260257896423339741e-01
7.796591928482056177e-01
8.281101678848266090e-01
8.275276382446289380e-01
8.521063087463378594e-01
8.740109918594359817e-01
8.772942302703857775e-01
9.095286252975464114e-01
9.205157371520995557e-01
9.105269117355346831e-01
9.561384969711304027e-01
9.261255813598632258e-01
9.484584331512451172e-01
9.738095525741576886e-01
9.271307956695556962e-01
9.333578447341919215e-01
9.342929195404052756e-01
9.638193834304809027e-01
9.184247442245483395e-01
8.914138395309447738e-01
8.934321277618407775e-01
8.881006565093993999e-01
8.979863288879395000e-01
9.254279705047607774e-01
9.404960817337035817e-01
9.644230293273925447e-01
9.562164381027221660e-01
9.822144453048705648e-01
1.001935877990722590e+00
1.014605278015136669e+00
1.017305707550048899e+00
9.928787786483764810e-01
9.913744907379150595e-01
9.992316085815429183e-01
1.004518590736389161e+00
1.019421155738830631e+00
1.036277286148071353e+00
1.049298128509521533e+00
1.059033813095092702e+00
1.066268741607665937e+00
1.074513560485839792e+00
1.087371611595153720e+00
1.091088239669799842e+00
1.092252658653259267e+00
1.097715555381775010e+00
1.127333141136169337e+00
1.140374644851684494e+00
1.142178847312927292e+00
1.108362215805053674e+00
8.190693006515502583e-01
8.260913209915161648e-01
8.786786520004272738e-01
9.194813859939575673e-01
9.212004915237427261e-01
9.525359783172607786e-01
9.654786325454711715e-01
9.901042144775390463e-01
9.941063081741332574e-01
1.009963811683654678e+00
1.037331553077697643e+00
1.049802657127380412e+00
1.053859454536437923e+00
1.065417816352844271e+00
1.075704845046997038e+00
1.089119735717773541e+00
1.098559758186340440e+00
