1.680999999999999994e-01
1.938999999999999890e-01
2.520000000000000018e-01
2.561999999999999833e-01
2.632999999999999785e-01
3.184000000000000163e-01
3.114999999999999991e-01
3.158000000000000251e-01
3.527000000000000135e-01
3.261999999999999900e-01
3.417000000000000037e-01
3.240999999999999992e-01
3.760000000000000009e-01
3.785999999999999921e-01
3.531000000000000250e-01
4.194999999999999840e-01
4.015000000000000235e-01
3.355000000000000204e-01
3.432999999999999940e-01
3.673000000000000154e-01
4.042000000000000037e-01
3.749000000000000110e-01
4.238999999999999990e-01
4.323000000000000176e-01
3.960000000000000187e-01
4.178999999999999937e-01
4.321999999999999731e-01
4.282000000000000250e-01
4.290999999999999814e-01
4.295999999999999819e-01
4.304000000000000048e-01
4.338000000000000189e-01
4.351999999999999758e-01
4.304999999999999938e-01
4.217000000000000193e-01
4.336999999999999744e-01
4.338000000000000189e-01
4.270999999999999797e-01
4.254999999999999893e-01
4.288000000000000145e-01
3.900000000000000133e-01
4.212000000000000188e-01
4.163000000000000034e-01
4.330999999999999850e-01
4.304000000000000048e-01
4.269000000000000017e-01
4.278000000000000136e-01
4.264000000000000012e-01
4.289000000000000035e-01
4.240999999999999770e-01
4.237000000000000210e-01
4.294999999999999929e-01
4.292000000000000259e-01
4.290999999999999814e-01
4.264000000000000012e-01
4.294000000000000039e-01
4.265999999999999792e-01
4.264999999999999902e-01
4.292000000000000259e-01
4.287000000000000255e-01
4.292000000000000259e-01
4.275999999999999801e-01
4.280999999999999805e-01
4.283000000000000140e-01
4.267000000000000237e-01
4.304000000000000048e-01
4.285999999999999810e-01
4.285999999999999810e-01
4.292000000000000259e-01
4.299999999999999933e-01
4.314999999999999947e-01
4.336999999999999744e-01
4.275999999999999801e-01
4.269999999999999907e-01
4.269999999999999907e-01
4.304000000000000048e-01
4.284000000000000030e-01
4.314999999999999947e-01
4.285999999999999810e-01
4.316999999999999726e-01
4.302000000000000268e-01
4.307000000000000273e-01
4.289000000000000035e-01
4.275999999999999801e-01
4.284999999999999920e-01
4.304000000000000048e-01
4.269999999999999907e-01
4.274999999999999911e-01
4.283000000000000140e-01
4.290999999999999814e-01
4.294000000000000039e-01
4.299000000000000044e-01
4.274999999999999911e-01
4.265999999999999792e-01
4.287000000000000255e-01
4.288000000000000145e-01
4.294999999999999929e-01
4.289999999999999925e-01
4.287000000000000255e-01
4.293000000000000149e-01
