4.538411993408202783e+00
1.915821908569335985e+00
1.819974952697754000e+00
1.806741485023498628e+00
1.976820724487304615e+00
1.769434288215637308e+00
1.770701988601684596e+00
2.217266170883178678e+00
2.629970690917968756e+00
3.655472220230102653e+00
2.445571564483642657e+00
2.610536933517455971e+00
2.997794560241699102e+00
3.552029797363281283e+00
3.023936727142333858e+00
2.960412662887573099e+00
2.638434014892578006e+00
3.263565037918090717e+00
3.294257826995849570e+00
3.276593970870971706e+00
2.945853864669799815e+00
3.098033324813842970e+00
2.695309672927856504e+00
3.224508626174926729e+00
2.803739489746093660e+00
2.728578158187866087e+00
2.711362814712524383e+00
2.711699159240722690e+00
2.793219485092163001e+00
2.713321621704101627e+00
2.649783061981201282e+00
2.631711319351196288e+00
2.576932446670532340e+00
2.563695222854614375e+00
2.547023141098022414e+00
2.522194768524169906e+00
2.493740199661254930e+00
2.490814685440063680e+00
2.450749531936645464e+00
2.444261721038818447e+00
2.422434269714355271e+00
2.408002665710449186e+00
2.385780277633667179e+00
2.391284219360351404e+00
2.378172940826416060e+00
2.348453654479980557e+00
2.327215417480468673e+00
2.314651787567138630e+00
2.310354670333862437e+00
2.291923463821411211e+00
2.307597299194335871e+00
2.269861019134521651e+00
2.279469351577758651e+00
2.270000794601440219e+00
2.275891356277465860e+00
2.280419493865966984e+00
2.284245030593872183e+00
2.252648202133178845e+00
2.258544044494628977e+00
2.256523215484619094e+00
2.265674033737182569e+00
2.260083900451660188e+00
2.247062437820434688e+00
2.269968433380126882e+00
2.241682228469848770e+00
2.258502965927124073e+00
2.253387814712524584e+00
2.269538540649413960e+00
2.238520788192749134e+00
2.241560721969604320e+00
2.254039822006225435e+00
2.246907882690429847e+00
2.262208507919311717e+00
2.245510683822631748e+00
2.244357049942016680e+00
2.246840646743774261e+00
2.246094012832641429e+00
2.249633467102050588e+00
2.225124118804931772e+00
2.248910929489135846e+00
2.234008491897582882e+00
2.237331966018676788e+00
2.248271127319335871e+00
2.234445650482177914e+00
2.251246321105957016e+00
2.253556288146972619e+00
2.256562136077880698e+00
2.234777499389648536e+00
2.244649648284912313e+00
2.242595365905761806e+00
2.246623788833618018e+00
2.234436781311035070e+00
2.241539712524414085e+00
2.237637729263305619e+00
2.225773336791992296e+00
2.260115942001342582e+00
2.247734549331664944e+00
2.252030978775024561e+00
2.244272839736938696e+00
2.247623276138305481e+00
