2.337902821350097859e+00
2.007475592041015666e+00
1.885313238334655805e+00
1.738107832336425851e+00
1.660841309165954627e+00
1.585886803245544430e+00
1.499190898513793835e+00
1.415806965446472221e+00
1.364962214851379363e+00
1.360506218338012774e+00
1.265762620925903414e+00
1.176176636314392177e+00
1.091692779350280862e+00
1.085178680419921937e+00
1.009770756912231393e+00
9.818091066360473684e-01
9.842896047592163411e-01
9.334535264968871759e-01
8.472052646636962780e-01
8.620658363342285080e-01
7.599593803405761960e-01
7.838150242805480561e-01
7.302046926498413359e-01
7.110082553863525945e-01
7.328508553504944345e-01
6.495030059814452805e-01
6.543471472740173267e-01
6.657652650833130181e-01
6.950642555236816733e-01
6.544704959869385164e-01
7.027819703102111681e-01
7.290909054756165020e-01
7.766389739990234853e-01
7.644490825653076360e-01
8.260260812759399052e-01
7.796592794418334416e-01
8.281102447509766096e-01
8.275277959823608143e-01
8.521062047958374297e-01
8.740110250473022147e-01
8.772941091537475033e-01
9.095283901214599176e-01
9.205157176971435762e-01
9.105268379211425289e-01
9.561385910034179147e-01
9.261254434585570738e-01
9.484581876754760721e-01
9.738093236923217599e-01
9.271306510925293454e-01
9.333579336166382134e-01
9.342929910659789616e-01
9.638195211410522933e-01
9.184246139526367481e-01
8.914139181137085144e-01
8.934321014404297268e-01
8.881006486892699670e-01
8.979861600875854721e-01
9.254281858444214359e-01
9.404961711883544906e-01
9.644231966018677049e-01
9.562165342330932738e-01
9.822145198822020973e-01
1.001935826110839756e+00
1.014605145454406721e+00
1.017305558586120595e+00
9.928786615371704150e-01
9.913746129989624567e-01
9.992317237854003720e-01
1.004518667411804289e+00
1.019421346092224123e+00
1.036277482032775810e+00
1.049298418426513724e+00
1.059033323669433591e+00
1.066268622589111370e+00
1.074513624382019028e+00
1.087371483612060485e+00
1.091088366508483842e+00
1.092252801895141623e+00
1.097715628814697197e+00
1.127333098602294914e+00
1.140374726295471097e+00
1.142178697395324738e+00
1.108362231445312540e+00
8.190692453384399441e-01
8.260916912078857255e-01
8.786785629272461096e-01
9.194813051223754696e-01
9.212003816604614759e-01
9.525360177993774657e-01
9.654786556243896145e-01
9.901042293548584228e-01
9.941063060760497727e-01
1.009963839340209946e+00
1.037331430053710868e+00
1.049802703857421804e+00
1.053859581565856907e+00
1.065417977905273483e+00
1.075704906082153300e+00
1.089119696426391615e+00
1.098559991836547844e+00
