2.097668041992187398e+02
7.643637754821777541e+00
5.886184575653076401e+00
4.501254187011718422e+00
4.508964626312256030e+00
4.944112006378174051e+00
4.503351396942139040e+00
4.057247499847411731e+00
4.566540350341797172e+00
3.981364434814453013e+00
3.837770204925536888e+00
4.687363233184814071e+00
4.766608525848388567e+00
4.771424769592285564e+00
5.568597752380370913e+00
5.521688242340087704e+00
5.641626857757568558e+00
4.619047974395751766e+00
5.291129644012451116e+00
5.062067810058593409e+00
5.838456710815429496e+00
4.960069918060303173e+00
4.273472497558593375e+00
5.004117105865478088e+00
5.737642235565185267e+00
5.003985515594482791e+00
5.249722240447997734e+00
4.882604894256592054e+00
5.193295349884032852e+00
4.687490121459960690e+00
4.918266343688964426e+00
4.851636492919921828e+00
4.709865114593505986e+00
4.780011694335937200e+00
4.603913850402832075e+00
4.575987778472899947e+00
4.518583905792236344e+00
4.485236121368408213e+00
4.462875588989257736e+00
4.474984305572509591e+00
4.505863373565674124e+00
4.468546951293945746e+00
4.348408562469482597e+00
4.335302841186523537e+00
4.307941361236572675e+00
4.268332745361328229e+00
4.221200694274902077e+00
4.152844708251953065e+00
4.253807958221435648e+00
4.190906622314453323e+00
4.185164784240722469e+00
4.251371067047118757e+00
4.253936431884765668e+00
4.272922723388671962e+00
4.230492965698242180e+00
4.201628046417236639e+00
4.273663572692870893e+00
4.211453364562988355e+00
4.247495906066894200e+00
4.235148633575439803e+00
4.257536409759521412e+00
4.202080426788330492e+00
4.262997706604004122e+00
4.211472375488281017e+00
4.272149436187744342e+00
4.218166723632812420e+00
4.241609020233154226e+00
4.222032180786133182e+00
4.213194603729248477e+00
4.221444180297851290e+00
4.221007234191894497e+00
4.217808676147461355e+00
4.208444394683837686e+00
4.197064569854735971e+00
4.219229316711425426e+00
4.211401580047607673e+00
4.231899798583984129e+00
4.229023893737792861e+00
4.204691317749023050e+00
4.281381488800048984e+00
4.232724716949462618e+00
4.237175288391113348e+00
4.266660226440429859e+00
4.287764566040038972e+00
4.245826554870605563e+00
4.316317568969726182e+00
4.215220523071288916e+00
4.247756865692138284e+00
4.277018913269042599e+00
4.174405037689209230e+00
4.253206079864502165e+00
4.229438571929931889e+00
4.319439044952392948e+00
4.288606958770752264e+00
4.192189071655273658e+00
4.216260073852539314e+00
4.204759664154052778e+00
4.244392130279541320e+00
4.270735131835937892e+00
4.248272955322265787e+00
