7.424879769134521190e+00
3.505731139373779115e+00
3.444796754074096690e+00
3.720985020828246892e+00
3.647045689773559474e+00
3.330457328796386562e+00
3.609710380935668983e+00
3.557275584411621061e+00
3.468798963928222623e+00
3.855136377334594577e+00
4.291171242523192930e+00
5.194814478302001604e+00
4.479220019531250152e+00
6.396953826141356991e+00
5.180587117767333716e+00
4.313778489685058837e+00
5.823635521697998030e+00
5.681375207519531401e+00
6.709877582550048736e+00
5.506209335327148402e+00
6.212098444366454864e+00
6.304421269989013865e+00
6.034180737304687625e+00
6.334533844757079812e+00
5.906884604644775827e+00
6.083627065277099177e+00
5.962275092315674208e+00
6.147651347351073881e+00
5.739165843200683348e+00
5.775282338714599284e+00
5.941242116546630925e+00
5.841797337341308349e+00
5.854085858917236429e+00
5.785372499084473041e+00
5.733550210571289441e+00
5.662559479522704997e+00
5.711731253051757662e+00
5.688113307189941459e+00
5.725428801727295181e+00
5.684621620178222479e+00
5.559610511779784936e+00
5.518058893585204849e+00
5.409812770843505980e+00
5.346257623291015726e+00
5.220438606262207237e+00
5.487611708068847349e+00
5.353617445373535233e+00
5.261346929168701614e+00
5.155932739257812258e+00
5.197764340972899966e+00
5.162388043975830065e+00
5.199985340118407962e+00
5.098149654388428154e+00
5.214302524566650554e+00
5.166572374725341810e+00
5.100736956787109477e+00
5.160779239654541328e+00
5.155336579895019256e+00
5.159787750244140270e+00
5.152071524047851625e+00
5.151853710937499997e+00
5.126719260406494172e+00
5.100920651245116844e+00
5.123328768920898391e+00
5.043485462188720625e+00
5.111118168640136794e+00
5.039007017517089793e+00
5.088438157653808247e+00
5.103162635803222713e+00
5.044033383941650683e+00
5.127930377960205455e+00
4.991733543395995731e+00
5.199836244201660129e+00
5.083575435638428175e+00
5.123081181335448875e+00
5.046394366455078107e+00
5.004319145965576254e+00
5.111843700408935653e+00
5.190966473388671787e+00
5.052128363800048483e+00
5.092026731109618787e+00
5.069404446411132525e+00
5.077971537780761935e+00
5.055574188995361595e+00
5.113977494049072092e+00
5.032707427978516002e+00
5.072245502471924183e+00
5.141313292694091430e+00
5.076860861968993888e+00
5.142085655975341396e+00
5.009177817535400479e+00
5.107843402862548565e+00
5.032789965820312794e+00
5.023193963623047154e+00
5.048683750152587635e+00
5.048328340911865553e+00
5.110571904754638517e+00
5.112527213287353156e+00
5.056158380126952956e+00
5.111847158050537132e+00
