2.337902845764160187e+00
2.007475616073608471e+00
1.885313256645202662e+00
1.738107866096496590e+00
1.660841290855407770e+00
1.585886797142028737e+00
1.499190935516357515e+00
1.415806919860839841e+00
1.364962193679809532e+00
1.360506157302856511e+00
1.265762633132934578e+00
1.176176645278930621e+00
1.091692718315124599e+00
1.085178677940368708e+00
1.009770784187316917e+00
9.818091585159302026e-01
9.842895286560058299e-01
9.334535293579101500e-01
8.472052768707275527e-01
8.620658176422119068e-01
7.599594552040099815e-01
7.838150269508361578e-01
7.302045689582824517e-01
7.110082462310790552e-01
7.328508677482604705e-01
6.495030074119567676e-01
6.543470646858214890e-01
6.657651678085326763e-01
6.950640996932982985e-01
6.544705141067505005e-01
7.027819617271423569e-01
7.290908836364745627e-01
7.766390432357788143e-01
7.644492351531982921e-01
8.260259275436401261e-01
7.796594852447509272e-01
8.281103553771972381e-01
8.275278606414795401e-01
8.521060699462890131e-01
8.740111297607421337e-01
8.772940696716308162e-01
9.095285055160522436e-01
9.205157743453979968e-01
9.105268508911132930e-01
9.561383705139160361e-01
9.261256229400635087e-01
9.484582582473755075e-01
9.738094448089599231e-01
9.271307018280029455e-01
9.333577651977539302e-01
9.342928611755371149e-01
9.638196125030517036e-01
9.184246616363525018e-01
8.914139369964599879e-01
8.934320983886718803e-01
8.881006423950195128e-01
8.979863475799561012e-01
9.254281333923339847e-01
9.404961738586425923e-01
9.644230716705322060e-01
9.562164710998535266e-01
9.822146421432494945e-01
1.001935711479186919e+00
1.014605001258850114e+00
1.017305650711059606e+00
9.928785697937011490e-01
9.913745510101318326e-01
9.992317810058594096e-01
1.004518754959106364e+00
1.019421170234680263e+00
1.036277581214904764e+00
1.049298194503784254e+00
1.059033476638793880e+00
1.066268643188476473e+00
1.074513598442077722e+00
1.087371539688110289e+00
1.091088290405273442e+00
1.092252882957458482e+00
1.097715660858154196e+00
1.127333262252807611e+00
1.140374606132507296e+00
1.142178915214538515e+00
1.108362044525146528e+00
8.190692647933960346e-01
8.260917074203490973e-01
8.786787611007690346e-01
9.194813386917114473e-01
9.212006168365478587e-01
9.525360204696655675e-01
9.654787277221679176e-01
9.901042051315307457e-01
9.941062469482422337e-01
1.009963891983032269e+00
1.037331498527526819e+00
1.049802827072143563e+00
1.053859516906738181e+00
1.065417957687377903e+00
1.075705032157898033e+00
1.089119663047790620e+00
1.098559527206420805e+00
