9.979999999999999982e-02
1.673000000000000043e-01
1.769999999999999907e-01
1.930000000000000049e-01
1.978999999999999926e-01
2.038999999999999979e-01
2.286999999999999866e-01
2.185999999999999888e-01
2.747999999999999887e-01
2.437000000000000000e-01
2.454999999999999960e-01
2.640000000000000124e-01
3.219000000000000195e-01
2.812999999999999945e-01
2.943999999999999950e-01
2.504000000000000115e-01
2.874999999999999778e-01
2.923999999999999932e-01
3.154000000000000137e-01
3.488999999999999879e-01
3.252999999999999781e-01
3.231999999999999873e-01
3.170000000000000040e-01
3.351999999999999980e-01
3.155999999999999917e-01
2.844999999999999751e-01
3.347999999999999865e-01
3.019999999999999907e-01
3.422000000000000042e-01
3.080999999999999850e-01
2.854999999999999760e-01
2.937000000000000166e-01
3.474999999999999756e-01
3.422999999999999932e-01
3.256000000000000005e-01
3.210000000000000075e-01
3.204000000000000181e-01
3.287999999999999812e-01
3.348999999999999755e-01
3.205000000000000071e-01
3.210000000000000075e-01
3.207999999999999741e-01
3.397000000000000020e-01
3.019000000000000017e-01
3.311999999999999944e-01
3.185000000000000053e-01
3.296000000000000041e-01
3.311000000000000054e-01
3.323999999999999733e-01
3.323999999999999733e-01
3.281000000000000028e-01
3.286000000000000032e-01
3.286000000000000032e-01
3.312999999999999834e-01
3.310000000000000164e-01
3.279000000000000248e-01
3.286999999999999922e-01
3.295000000000000151e-01
3.261999999999999900e-01
3.277999999999999803e-01
3.309000000000000274e-01
3.284000000000000252e-01
3.282999999999999807e-01
3.289000000000000257e-01
3.269000000000000239e-01
3.299000000000000266e-01
3.301000000000000045e-01
3.300000000000000155e-01
3.289000000000000257e-01
3.266000000000000014e-01
3.296000000000000041e-01
3.309000000000000274e-01
3.301000000000000045e-01
3.276999999999999913e-01
3.231999999999999873e-01
3.255000000000000115e-01
3.254000000000000226e-01
3.276000000000000023e-01
3.271999999999999909e-01
3.306000000000000050e-01
3.236999999999999877e-01
3.237999999999999767e-01
3.271999999999999909e-01
3.255000000000000115e-01
3.282999999999999807e-01
3.279000000000000248e-01
3.296999999999999931e-01
3.275000000000000133e-01
3.262999999999999790e-01
3.276999999999999913e-01
3.286000000000000032e-01
3.281000000000000028e-01
3.255000000000000115e-01
3.234000000000000208e-01
3.299000000000000266e-01
3.282999999999999807e-01
3.270000000000000129e-01
3.309000000000000274e-01
3.296999999999999931e-01
3.292999999999999816e-01
