1.285356686767578083e+02
3.601864218902588011e+00
3.267611692428588732e+00
2.566690079879760944e+00
2.381420325469970845e+00
2.562883726119995043e+00
2.488961243820190461e+00
2.428196386718750155e+00
2.762165190887451161e+00
2.381049165725707795e+00
2.639615131759643685e+00
2.640323063278198212e+00
3.340547249221801795e+00
2.449679930114746274e+00
2.607483531951904077e+00
2.876218862915039143e+00
3.191720724868774450e+00
2.863083363342285192e+00
3.515630708694458040e+00
2.557700323104858509e+00
3.228961093902587898e+00
2.665140736007690414e+00
3.783439045715331961e+00
3.889729978942871202e+00
3.958564621734619315e+00
3.496463659667968571e+00
3.433461364364624124e+00
4.542507414245605446e+00
3.700650011444091891e+00
4.106526358032226653e+00
4.027327436828612939e+00
4.160921414947509334e+00
3.919273992919921845e+00
3.815078688812255869e+00
3.837384947967529492e+00
3.862768755340576288e+00
3.800857400512695161e+00
3.771106098175049048e+00
3.769177219390869027e+00
3.733628897094726451e+00
3.704114521026611317e+00
3.732926380920410292e+00
3.682591949462890479e+00
3.679900198364257857e+00
3.629413499450683478e+00
3.704526518249511735e+00
3.532256129837036074e+00
3.543125709533691214e+00
3.600325938415527283e+00
3.527848278045654151e+00
3.525835745239257690e+00
3.487972060775756944e+00
3.556216979980468818e+00
3.566557217407226421e+00
3.517126565170288099e+00
3.494476706695556434e+00
3.551273632812499859e+00
3.476903086853027514e+00
3.513264528274536058e+00
3.508329092407226568e+00
3.495566701507568208e+00
3.490971778488159316e+00
3.538198219299316438e+00
3.427487501144409254e+00
3.516591089248657376e+00
3.499879554367065548e+00
3.475144788360595705e+00
3.473845726394653166e+00
3.468788830184936334e+00
3.516120315170288002e+00
3.440154075622558594e+00
3.521305044555663954e+00
3.531411818313598516e+00
3.465896545028686493e+00
3.447865561294555459e+00
3.482618091201782118e+00
3.492394443130493187e+00
3.436015137481689408e+00
3.443521865463256670e+00
3.456091270065307697e+00
3.458170616149902177e+00
3.486014405059814525e+00
3.424345618438720873e+00
3.467878591918945208e+00
3.430349841308593550e+00
3.494552563858032368e+00
3.478214724349975473e+00
3.480641598892211697e+00
3.458048964309692330e+00
3.442703452301025369e+00
3.511118016052245938e+00
3.543424277114868293e+00
3.462233591461181703e+00
3.470265255737304599e+00
3.467789564514160094e+00
3.413089988327026258e+00
3.465966345214843702e+00
3.486948288726806844e+00
3.481345126342773266e+00
3.450679598999023323e+00
