1.233999999999999958e-01
1.983999999999999930e-01
2.114000000000000046e-01
2.518000000000000238e-01
2.767999999999999905e-01
2.978999999999999981e-01
2.881000000000000227e-01
2.777999999999999914e-01
3.013000000000000123e-01
2.993000000000000105e-01
3.003000000000000114e-01
3.165999999999999925e-01
3.352999999999999869e-01
3.111999999999999766e-01
3.235000000000000098e-01
3.099999999999999978e-01
3.095999999999999863e-01
3.114000000000000101e-01
3.192999999999999727e-01
3.100999999999999868e-01
3.181999999999999829e-01
3.195000000000000062e-01
3.292999999999999816e-01
3.299000000000000266e-01
3.175000000000000044e-01
3.183000000000000274e-01
3.353999999999999759e-01
3.216999999999999860e-01
3.427999999999999936e-01
3.332999999999999852e-01
3.320000000000000173e-01
3.312999999999999834e-01
3.311999999999999944e-01
3.236999999999999877e-01
3.237999999999999767e-01
3.290000000000000147e-01
3.252999999999999781e-01
3.291999999999999926e-01
3.309000000000000274e-01
3.294000000000000261e-01
3.286000000000000032e-01
3.287999999999999812e-01
3.342999999999999861e-01
3.350000000000000200e-01
3.407000000000000028e-01
3.249000000000000221e-01
3.271000000000000019e-01
3.373999999999999777e-01
3.332999999999999852e-01
3.355000000000000204e-01
3.362999999999999878e-01
3.356999999999999984e-01
3.343999999999999750e-01
3.341999999999999971e-01
3.333999999999999742e-01
3.351000000000000090e-01
3.347999999999999865e-01
3.355000000000000204e-01
3.333999999999999742e-01
3.351000000000000090e-01
3.351999999999999980e-01
3.361000000000000099e-01
3.336999999999999966e-01
3.350000000000000200e-01
3.326999999999999957e-01
3.363999999999999768e-01
3.333999999999999742e-01
3.337999999999999856e-01
3.338999999999999746e-01
3.321000000000000063e-01
3.336000000000000076e-01
3.326000000000000068e-01
3.351999999999999980e-01
3.356999999999999984e-01
3.365000000000000213e-01
3.356000000000000094e-01
3.358999999999999764e-01
3.355000000000000204e-01
3.337999999999999856e-01
3.363999999999999768e-01
3.346000000000000085e-01
3.342999999999999861e-01
3.351000000000000090e-01
3.361999999999999988e-01
3.338999999999999746e-01
3.348999999999999755e-01
3.350000000000000200e-01
3.343999999999999750e-01
3.358999999999999764e-01
3.341999999999999971e-01
3.361999999999999988e-01
3.358999999999999764e-01
3.335000000000000187e-01
3.346999999999999975e-01
3.357999999999999874e-01
3.342999999999999861e-01
3.346000000000000085e-01
3.338999999999999746e-01
3.325000000000000178e-01
3.348999999999999755e-01
