1.967654680480957197e+01
1.927470409202575619e+00
1.842440042495727459e+00
1.760020034790038990e+00
1.784827782058715728e+00
1.823611744689941361e+00
1.669862399673461839e+00
1.898815769958495991e+00
1.646896051788329984e+00
1.597956313705444442e+00
1.601405578422546494e+00
1.570362016296386720e+00
1.719856775093078660e+00
1.900479029655456564e+00
1.883531157875061091e+00
2.068991443634033089e+00
2.321976344680785953e+00
2.275872277450561310e+00
2.318804339599609410e+00
2.608575571823120054e+00
2.808515718078613332e+00
3.221559921264648629e+00
2.549226065063476376e+00
2.809023208999633869e+00
2.765144374084472556e+00
2.806553089141845536e+00
2.672485708999633669e+00
2.811926988601684663e+00
2.495676759719848814e+00
2.540866097259521617e+00
2.603360507965088111e+00
2.632085960006713687e+00
2.558936389923095689e+00
2.602366269302368362e+00
2.504081174468994142e+00
2.484975301742553544e+00
2.504091495513915966e+00
2.494838925552368192e+00
2.496307870483398528e+00
2.490421825790405386e+00
2.480954325103759572e+00
2.465349309539794920e+00
2.457216778564453197e+00
2.596784483718872050e+00
2.493993515396118354e+00
2.531747433090210109e+00
2.645938967895507865e+00
2.667231151580810700e+00
2.740249571990966970e+00
2.767050465393066538e+00
2.594559590148925565e+00
2.579579214859008651e+00
2.580482785797119316e+00
2.579241345214843939e+00
2.574658548736572072e+00
2.572256737899780266e+00
2.579307437133789183e+00
2.566556119155883664e+00
2.565816697692870907e+00
2.562049941635131667e+00
2.556159524536132821e+00
2.554474523162841848e+00
2.548390073013305557e+00
2.553863182830810707e+00
2.549054389572143364e+00
2.551642277908324985e+00
2.557085892868041999e+00
2.547623809814453022e+00
2.547376431274414266e+00
2.541569967269897479e+00
2.540392010879516604e+00
2.548365867233276294e+00
2.534672242355346494e+00
2.537543864059448318e+00
2.539487152862548669e+00
2.546190670776367071e+00
2.541706951904296741e+00
2.533228347778320177e+00
2.539464245986938540e+00
2.535369696426391428e+00
2.531143947601318445e+00
2.552691018676757739e+00
2.544848307800292808e+00
2.539607143783569221e+00
2.539472276306152132e+00
2.539556582260131812e+00
2.542029282760620124e+00
2.546692984008788851e+00
2.545454074096679786e+00
2.539096817779541215e+00
2.541832977294921747e+00
2.543987598419189311e+00
2.551839410781860273e+00
2.545952157974243235e+00
2.537343071365356639e+00
2.542722261810302697e+00
2.537282756805419925e+00
2.538084875488281433e+00
2.530762276840210045e+00
2.545592370986938580e+00
