1.713999999999999968e-01
1.852000000000000035e-01
3.304000000000000270e-01
2.968000000000000083e-01
3.619999999999999885e-01
3.870000000000000107e-01
4.020000000000000240e-01
4.405999999999999917e-01
3.714000000000000079e-01
4.240999999999999770e-01
4.340999999999999859e-01
4.490000000000000102e-01
4.703999999999999848e-01
4.560000000000000164e-01
4.398000000000000242e-01
4.258000000000000118e-01
4.229999999999999871e-01
4.709999999999999742e-01
4.320999999999999841e-01
4.771000000000000241e-01
4.505000000000000115e-01
4.828000000000000069e-01
4.181000000000000272e-01
4.561999999999999944e-01
4.828999999999999959e-01
4.915999999999999814e-01
4.682000000000000051e-01
4.688999999999999835e-01
5.049000000000000155e-01
5.052999999999999714e-01
5.019000000000000128e-01
5.059000000000000163e-01
5.091999999999999860e-01
5.138000000000000345e-01
5.036000000000000476e-01
5.191999999999999948e-01
5.205999999999999517e-01
5.232999999999999874e-01
5.194999999999999618e-01
5.352999999999999980e-01
5.391000000000000236e-01
5.393999999999999906e-01
5.411000000000000254e-01
5.397999999999999465e-01
5.405999999999999694e-01
5.387999999999999456e-01
5.392000000000000126e-01
5.396999999999999575e-01
5.394999999999999796e-01
5.427999999999999492e-01
5.414999999999999813e-01
5.407999999999999474e-01
5.425999999999999712e-01
5.413999999999999924e-01
5.440000000000000391e-01
5.427999999999999492e-01
5.426999999999999602e-01
5.421000000000000263e-01
5.416999999999999593e-01
5.434999999999999831e-01
5.402000000000000135e-01
5.411000000000000254e-01
5.423999999999999932e-01
5.424999999999999822e-01
5.432000000000000162e-01
5.435999999999999721e-01
5.436999999999999611e-01
5.423000000000000043e-01
5.439000000000000501e-01
5.433999999999999941e-01
5.431000000000000272e-01
5.443999999999999950e-01
5.437999999999999501e-01
5.412000000000000144e-01
5.426999999999999602e-01
5.442000000000000171e-01
5.420000000000000373e-01
5.440000000000000391e-01
5.424999999999999822e-01
5.413000000000000034e-01
5.433999999999999941e-01
5.430000000000000382e-01
5.433999999999999941e-01
5.413999999999999924e-01
5.434999999999999831e-01
5.432000000000000162e-01
5.430000000000000382e-01
5.444999999999999840e-01
5.445999999999999730e-01
5.441000000000000281e-01
5.431000000000000272e-01
5.436999999999999611e-01
5.446999999999999620e-01
5.442000000000000171e-01
5.424999999999999822e-01
5.433999999999999941e-01
5.435999999999999721e-01
5.423000000000000043e-01
5.432000000000000162e-01
5.422000000000000153e-01
