2.289539481353759953e+00
2.023897595214843914e+00
1.858370060348510711e+00
1.655889540100097701e+00
1.527166456413268980e+00
1.453250922203064066e+00
1.377098891639709555e+00
1.278166795158386160e+00
1.205729785919189556e+00
1.126263770484924320e+00
1.076743104171753007e+00
9.787478937149047820e-01
9.353248601913451976e-01
9.363068363189697152e-01
8.787408726692199634e-01
8.494273920059204341e-01
8.253530859947204590e-01
8.149422689437866296e-01
8.033483880043029712e-01
8.178949032783507933e-01
9.173061729431152278e-01
9.125521463394165034e-01
9.404185043334960525e-01
9.305569381713867383e-01
1.014304774475097704e+00
1.042972709846496482e+00
1.160852278137207039e+00
1.217451272010803276e+00
1.181471426200866759e+00
1.083335765075683632e+00
1.049436241340637288e+00
1.162409666824340881e+00
1.217208232307434024e+00
1.269915757751464813e+00
1.273404827880859402e+00
1.297664513969421396e+00
1.314501007080078221e+00
1.319026909255981428e+00
1.326819185256957967e+00
1.317462327384948839e+00
1.279611673355102619e+00
1.260993013191223255e+00
1.169548268508911137e+00
1.189846757507324160e+00
1.252540032958984417e+00
1.279318965339660608e+00
1.315846767807006934e+00
1.338051098823547447e+00
1.351227346801757712e+00
1.371043911170959362e+00
1.381107612037658638e+00
1.391390347290039076e+00
1.375861714172363248e+00
1.266379225540161135e+00
1.183586224555969180e+00
1.148782064247131363e+00
1.197850175857543942e+00
1.237900701904296907e+00
1.228645878791809087e+00
9.866101350784302060e-01
1.003548589706420913e+00
1.124914591598510816e+00
1.210471418571472224e+00
1.271757853698730401e+00
1.299067312240600680e+00
1.324552014350891094e+00
1.347382430076599080e+00
1.322622242927551373e+00
1.341448643493652337e+00
1.354650856018066341e+00
1.368436433029174726e+00
1.292152258872985904e+00
1.172537192153930707e+00
1.157554467010498023e+00
1.235575171661376981e+00
1.281555237388610768e+00
1.318938944244384848e+00
1.238197021484374938e+00
1.131604019355773927e+00
1.171264720916747937e+00
1.189929815483093289e+00
1.230085441207885655e+00
1.260549574089050218e+00
1.102366169738769441e+00
1.129381842041015549e+00
1.166410816383361748e+00
1.170801598358154338e+00
1.224235485458374129e+00
1.159125985527038605e+00
1.198316323471069422e+00
1.187747756576538194e+00
1.226476485824584906e+00
1.181868713951110816e+00
1.166799946403503485e+00
1.184563443183898945e+00
1.197089055824279713e+00
1.122796764755249033e+00
1.189744050598144476e+00
1.255634881973266559e+00
1.247948305702209382e+00
