1.466000000000000081e-01
1.771999999999999964e-01
3.109999999999999987e-01
3.130000000000000004e-01
3.225999999999999979e-01
3.306999999999999940e-01
3.894000000000000239e-01
3.685999999999999832e-01
3.901000000000000023e-01
3.784000000000000141e-01
3.625999999999999779e-01
4.314000000000000057e-01
4.163000000000000034e-01
4.415999999999999925e-01
4.343000000000000194e-01
4.647999999999999909e-01
4.143000000000000016e-01
4.470999999999999974e-01
4.390999999999999903e-01
4.380999999999999894e-01
4.510000000000000120e-01
4.507999999999999785e-01
4.274000000000000021e-01
4.606999999999999984e-01
4.685000000000000275e-01
5.020999999999999908e-01
4.793000000000000038e-01
4.971999999999999753e-01
4.878000000000000114e-01
4.830999999999999739e-01
4.655000000000000249e-01
4.925999999999999823e-01
4.998000000000000220e-01
4.961999999999999744e-01
5.118000000000000327e-01
5.011999999999999789e-01
5.262999999999999901e-01
5.201000000000000068e-01
5.234999999999999654e-01
5.067000000000000393e-01
5.010999999999999899e-01
5.122999999999999776e-01
5.312999999999999945e-01
5.268000000000000460e-01
5.249000000000000332e-01
5.276999999999999469e-01
5.232999999999999874e-01
5.253999999999999782e-01
5.302000000000000046e-01
5.295999999999999597e-01
5.339000000000000412e-01
5.303999999999999826e-01
5.314999999999999725e-01
5.324999999999999734e-01
5.310000000000000275e-01
5.324999999999999734e-01
5.323999999999999844e-01
5.322999999999999954e-01
5.322000000000000064e-01
5.315999999999999615e-01
5.333999999999999853e-01
5.338000000000000522e-01
5.323999999999999844e-01
5.319000000000000394e-01
5.314999999999999725e-01
5.311000000000000165e-01
5.309000000000000385e-01
5.329000000000000403e-01
5.316999999999999504e-01
5.321000000000000174e-01
5.342999999999999972e-01
5.334999999999999742e-01
5.325999999999999623e-01
5.330000000000000293e-01
5.344999999999999751e-01
5.334999999999999742e-01
5.326999999999999513e-01
5.328000000000000513e-01
5.322999999999999954e-01
5.342000000000000082e-01
5.315999999999999615e-01
5.335999999999999632e-01
5.322000000000000064e-01
5.342999999999999972e-01
5.322000000000000064e-01
5.335999999999999632e-01
5.335999999999999632e-01
5.332000000000000073e-01
5.334999999999999742e-01
5.334999999999999742e-01
5.340000000000000302e-01
5.334999999999999742e-01
5.330000000000000293e-01
5.334999999999999742e-01
5.323999999999999844e-01
5.309000000000000385e-01
5.333999999999999853e-01
5.340000000000000302e-01
5.332000000000000073e-01
5.315999999999999615e-01
