2.289539579010009707e+00
2.023897607421874856e+00
1.858370057487487736e+00
1.655889491271972602e+00
1.527166444206237816e+00
1.453250888442993105e+00
1.377098879432678169e+00
1.278166749572754002e+00
1.205729798126220720e+00
1.126263813591003471e+00
1.076743054962158164e+00
9.787478630065917784e-01
9.353248447418213152e-01
9.363067903518677015e-01
8.787408572196960810e-01
8.494273735046387053e-01
8.253530797004700048e-01
8.149422892570495902e-01
8.033484124183655206e-01
8.178949551582336275e-01
9.173062189102172415e-01
9.125521884918212923e-01
9.404184505462646060e-01
9.305569322586059178e-01
1.014304783630371132e+00
1.042972687911987384e+00
1.160852306938171319e+00
1.217451299285888577e+00
1.181471471786498917e+00
1.083335655403137254e+00
1.049436207771301310e+00
1.162409614562988303e+00
1.217208184051513653e+00
1.269915687179565378e+00
1.273404882431030227e+00
1.297664523315429586e+00
1.314501048088073665e+00
1.319026899528503494e+00
1.326819317054748426e+00
1.317462421417236351e+00
1.279611633872985932e+00
1.260993019294738726e+00
1.169548338890075589e+00
1.189846656799316449e+00
1.252539993095397985e+00
1.279318934059143098e+00
1.315846747016906848e+00
1.338051086235046316e+00
1.351227267074585070e+00
1.371043824195861793e+00
1.381107727813720709e+00
1.391390320396423297e+00
1.375861735343933079e+00
1.266379127693176176e+00
1.183586202812194843e+00
1.148781979179382295e+00
1.197850181579589890e+00
1.237900755691528243e+00
1.228645836830139171e+00
9.866101137161255030e-01
1.003548589324951168e+00
1.124914667129516710e+00
1.210471351432800269e+00
1.271757710075378522e+00
1.299067327308654818e+00
1.324551969909667948e+00
1.347382464599609309e+00
1.322622404861450107e+00
1.341448664665222168e+00
1.354650969505310165e+00
1.368436460304260249e+00
1.292152238082885818e+00
1.172537080383300845e+00
1.157554512786865164e+00
1.235575144767761202e+00
1.281555212211608952e+00
1.318938928794860743e+00
1.238196926689147936e+00
1.131604065513610813e+00
1.171264748382568444e+00
1.189929788208007766e+00
1.230085333442688000e+00
1.260549548339843673e+00
1.102366246604919331e+00
1.129381811332702545e+00
1.166410722160339253e+00
1.170801402091979915e+00
1.224235454750061125e+00
1.159126049804687586e+00
1.198316283988952735e+00
1.187747625350952241e+00
1.226476567649841254e+00
1.181868546295165912e+00
1.166799922180175697e+00
1.184563379096984947e+00
1.197089025115966709e+00
1.122796795654296798e+00
1.189743972396850591e+00
1.255634844779968340e+00
1.247948228454589747e+00
