5.140780839062499581e+03
2.356196647644043018e+00
2.005902403259277378e+00
1.874284748840332027e+00
1.868595915603637803e+00
1.742078843688964929e+00
1.690423725128173738e+00
1.641241639518737694e+00
1.754095054435729883e+00
1.613461836242675806e+00
1.951210107421875062e+00
1.716375747871399016e+00
1.695454767036437937e+00
1.735231315612792979e+00
1.609414338874816996e+00
1.916203429794311575e+00
1.665728998756408785e+00
1.860713652229309067e+00
2.574650645065307497e+00
2.247331418609618936e+00
2.662841356658935510e+00
2.804523580169677732e+00
2.241337689590454207e+00
2.503696247863769653e+00
2.720662943649291954e+00
2.751226003646850771e+00
3.035294242095947226e+00
2.866647244644164871e+00
3.052757045745849496e+00
3.130367310333252107e+00
2.876674216461181821e+00
3.286521794891357207e+00
3.093262495040893345e+00
3.042173977661132955e+00
2.910545816802978525e+00
3.199219966125488313e+00
3.141266823577880896e+00
3.123932052612304666e+00
2.935632926559448297e+00
3.034945629119873090e+00
2.871585834503173729e+00
2.840769044494628748e+00
2.798434332275390624e+00
2.778009088897705148e+00
2.740579518127441272e+00
2.731257126617431474e+00
2.715130601882934425e+00
2.696119484710693293e+00
2.664276028060913237e+00
2.656827282333373841e+00
2.669517924118042007e+00
2.664601989746093746e+00
2.667119250869750768e+00
2.666503238296508815e+00
2.660863973617553668e+00
2.663650249862671071e+00
2.655714871215820505e+00
2.653633906173705981e+00
2.653453400802612272e+00
2.656370781326293784e+00
2.653217943954467639e+00
2.646406922149658225e+00
2.646214221572876113e+00
2.652327697753906310e+00
2.657827727127075157e+00
2.634914011001586953e+00
2.622059814834594604e+00
2.643235612869262674e+00
2.640354898071289202e+00
2.639953387832641774e+00
2.646885895919799836e+00
2.644612560653686550e+00
2.632594347381591593e+00
2.618231893920898390e+00
2.617917078399658148e+00
2.623644827270507740e+00
2.639093923950195375e+00
2.634516186904907187e+00
2.635738361740112445e+00
2.624496188354492165e+00
2.635625910949706885e+00
2.622101047515869254e+00
2.635234374237060528e+00
2.635515331649780357e+00
2.625367282485961962e+00
2.620986196899413923e+00
2.624005996704101396e+00
2.629312789535522388e+00
2.620782155609131081e+00
2.623812977600097796e+00
2.620386628341675017e+00
2.626794072723388496e+00
2.619697970581054580e+00
2.621622787475585969e+00
2.628677366256713999e+00
2.634193532180786335e+00
2.621439297485351538e+00
2.626684186553954969e+00
2.621367501449584747e+00
2.626827792358398472e+00
