2.289539535903930556e+00
2.023897619628906241e+00
1.858370099830627398e+00
1.655889533996582008e+00
1.527166496276855412e+00
1.453250897407531772e+00
1.377098919296264601e+00
1.278166773986816329e+00
1.205729831504821714e+00
1.126263779449462987e+00
1.076743149948120148e+00
9.787478597640991707e-01
9.353248632431030440e-01
9.363068119049072768e-01
8.787408665657043816e-01
8.494273444175720611e-01
8.253530917167664072e-01
8.149422154426574361e-01
8.033484077453613148e-01
8.178948959350585968e-01
9.173061666488647736e-01
9.125522188186645511e-01
9.404184684753418288e-01
9.305569686889648695e-01
1.014304762268066318e+00
1.042972700691223054e+00
1.160852235412597633e+00
1.217451292991638123e+00
1.181471450042724580e+00
1.083335725402831962e+00
1.049436223030090432e+00
1.162409712600708023e+00
1.217208162689209061e+00
1.269915718650817871e+00
1.273404831504821866e+00
1.297664433860778788e+00
1.314500876045227029e+00
1.319026866531372022e+00
1.326819307708740237e+00
1.317462332344055076e+00
1.279611639976501403e+00
1.260993013572692778e+00
1.169548311424255305e+00
1.189846641349792566e+00
1.252539997291564955e+00
1.279318873405456580e+00
1.315846769905090419e+00
1.338051201820373626e+00
1.351227270317077567e+00
1.371043901824951172e+00
1.381107670974731416e+00
1.391390333557128933e+00
1.375861742210388261e+00
1.266379265022277822e+00
1.183586154365539489e+00
1.148782027053832921e+00
1.197850153160095132e+00
1.237900725936889712e+00
1.228645811653137132e+00
9.866100368499756135e-01
1.003548659324646097e+00
1.124914695167541501e+00
1.210471414947509761e+00
1.271757933044433519e+00
1.299067279624938953e+00
1.324552057838439989e+00
1.347382559013366787e+00
1.322622315788269054e+00
1.341448667526245142e+00
1.354650950813293564e+00
1.368436310195922934e+00
1.292152136039733890e+00
1.172537205505371105e+00
1.157554460334777824e+00
1.235575174140930210e+00
1.281555322074890091e+00
1.318939011764526326e+00
1.238196969032287598e+00
1.131604026603698632e+00
1.171264819335937402e+00
1.189929888725280716e+00
1.230085319328308113e+00
1.260549534606933531e+00
1.102366176795959385e+00
1.129381967735290537e+00
1.166410749435424776e+00
1.170801559066772413e+00
1.224235455131530870e+00
1.159126068687438949e+00
1.198316230010986416e+00
1.187747558593750030e+00
1.226476482391357425e+00
1.181868680381774839e+00
1.166799904823303313e+00
1.184563327789306619e+00
1.197088976097106849e+00
1.122796813011169403e+00
1.189744063377380368e+00
1.255634823608398509e+00
1.247948265457153427e+00
