1.146999999999999964e-01
2.641999999999999904e-01
2.897000000000000131e-01
2.990999999999999770e-01
3.593999999999999972e-01
3.763000000000000234e-01
3.512000000000000122e-01
3.896999999999999909e-01
3.919000000000000261e-01
3.613000000000000100e-01
4.153000000000000025e-01
4.490000000000000102e-01
4.248999999999999999e-01
4.556999999999999940e-01
4.470000000000000084e-01
4.485000000000000098e-01
4.489000000000000212e-01
4.520000000000000129e-01
4.452999999999999736e-01
4.440000000000000058e-01
4.260999999999999788e-01
4.848999999999999977e-01
4.586000000000000076e-01
4.507999999999999785e-01
4.625000000000000222e-01
4.798000000000000043e-01
4.804999999999999827e-01
4.875999999999999779e-01
5.000000000000000000e-01
5.032999999999999696e-01
5.006000000000000449e-01
4.998000000000000220e-01
5.030999999999999917e-01
5.012999999999999678e-01
5.161999999999999922e-01
5.182999999999999829e-01
5.114999999999999547e-01
5.181999999999999940e-01
5.182999999999999829e-01
5.235999999999999543e-01
5.181000000000000050e-01
5.225999999999999535e-01
5.227000000000000535e-01
5.208000000000000407e-01
5.171999999999999931e-01
5.215999999999999526e-01
5.255999999999999561e-01
5.247000000000000552e-01
5.144999999999999574e-01
5.237000000000000544e-01
5.224999999999999645e-01
5.235999999999999543e-01
5.224999999999999645e-01
5.244999999999999662e-01
5.231999999999999984e-01
5.238000000000000433e-01
5.247000000000000552e-01
5.244999999999999662e-01
5.234999999999999654e-01
5.239000000000000323e-01
5.243999999999999773e-01
5.245999999999999552e-01
5.259000000000000341e-01
5.253999999999999782e-01
5.249000000000000332e-01
5.235999999999999543e-01
5.254999999999999671e-01
5.252000000000000002e-01
5.266999999999999460e-01
5.254999999999999671e-01
5.262999999999999901e-01
5.255999999999999561e-01
5.250000000000000222e-01
5.262999999999999901e-01
5.272999999999999909e-01
5.251000000000000112e-01
5.253999999999999782e-01
5.244999999999999662e-01
5.269000000000000350e-01
5.258000000000000451e-01
5.261000000000000121e-01
5.254999999999999671e-01
5.252999999999999892e-01
5.261000000000000121e-01
5.261000000000000121e-01
5.240000000000000213e-01
5.253999999999999782e-01
5.260000000000000231e-01
5.252000000000000002e-01
5.248000000000000442e-01
5.262000000000000011e-01
5.260000000000000231e-01
5.258000000000000451e-01
5.272999999999999909e-01
5.261000000000000121e-01
5.244999999999999662e-01
5.262000000000000011e-01
5.259000000000000341e-01
5.262999999999999901e-01
5.252999999999999892e-01
