1.368999999999999939e-01
2.461000000000000132e-01
2.983999999999999986e-01
3.785999999999999921e-01
4.365999999999999881e-01
4.637000000000000011e-01
4.950999999999999845e-01
5.330000000000000293e-01
5.635000000000000009e-01
5.959999999999999742e-01
6.132999999999999563e-01
6.515999999999999570e-01
6.661000000000000254e-01
6.712000000000000188e-01
6.895999999999999908e-01
7.042000000000000481e-01
7.147999999999999909e-01
7.245000000000000329e-01
7.389000000000000012e-01
7.442999999999999616e-01
7.334000000000000519e-01
7.390999999999999792e-01
7.399999999999999911e-01
7.479000000000000092e-01
7.473999999999999533e-01
7.489000000000000101e-01
7.459000000000000075e-01
7.481999999999999762e-01
7.522999999999999687e-01
7.436000000000000387e-01
7.439000000000000057e-01
7.504999999999999449e-01
7.546000000000000485e-01
7.543999999999999595e-01
7.560000000000000053e-01
7.560000000000000053e-01
7.558000000000000274e-01
7.520999999999999908e-01
7.522999999999999687e-01
7.507000000000000339e-01
7.511999999999999789e-01
7.534999999999999476e-01
7.528000000000000247e-01
7.520000000000000018e-01
7.531999999999999806e-01
7.542999999999999705e-01
7.570000000000000062e-01
7.556000000000000494e-01
7.548000000000000265e-01
7.553999999999999604e-01
7.550999999999999934e-01
7.561999999999999833e-01
7.579000000000000181e-01
7.544999999999999485e-01
7.519000000000000128e-01
7.513999999999999568e-01
7.549000000000000155e-01
7.520000000000000018e-01
7.445000000000000506e-01
7.452999999999999625e-01
7.500999999999999890e-01
7.544999999999999485e-01
7.549000000000000155e-01
7.560000000000000053e-01
7.568000000000000282e-01
7.570999999999999952e-01
7.576000000000000512e-01
7.577000000000000401e-01
7.562999999999999723e-01
7.561999999999999833e-01
7.561999999999999833e-01
7.570999999999999952e-01
7.564999999999999503e-01
7.544999999999999485e-01
7.566000000000000503e-01
7.580000000000000071e-01
7.564999999999999503e-01
7.580999999999999961e-01
7.589000000000000190e-01
7.576000000000000512e-01
7.572999999999999732e-01
7.594999999999999529e-01
7.550000000000000044e-01
7.561999999999999833e-01
7.502999999999999670e-01
7.523999999999999577e-01
7.529000000000000137e-01
7.528000000000000247e-01
7.562999999999999723e-01
7.548000000000000265e-01
7.574999999999999512e-01
7.568000000000000282e-01
7.586000000000000520e-01
7.560000000000000053e-01
7.547000000000000375e-01
7.569000000000000172e-01
7.549000000000000155e-01
7.532999999999999696e-01
7.557000000000000384e-01
7.574999999999999512e-01
