4.496748254394531408e+00
2.445855902099609569e+00
2.084790100479125829e+00
1.587096796226501461e+00
1.678736088943481475e+00
1.588421540069580029e+00
1.674796379470825158e+00
1.720852279281616104e+00
1.508277808952331434e+00
1.743308473968505856e+00
1.759750255012512143e+00
2.115650979614257743e+00
2.077121456146240330e+00
2.168700416946411025e+00
2.002068798446655418e+00
2.619673394775390740e+00
2.728533425903320264e+00
2.754281784057617255e+00
2.647890034103393742e+00
2.442771980285644684e+00
2.917331174087524293e+00
2.935235275268554656e+00
2.990733843994140440e+00
2.644684320449829151e+00
3.413570539093017775e+00
3.523515869522094945e+00
3.115743036270141708e+00
3.020823561477661290e+00
3.042149759292602340e+00
2.850553733444213922e+00
2.879962960433959829e+00
2.855080529022216762e+00
2.729526146697998090e+00
2.750620706176758024e+00
2.675698802566528478e+00
2.646069948959350437e+00
2.631893928909301739e+00
2.620235799407959032e+00
2.586343252944946158e+00
2.564183957672119263e+00
2.546109949493408298e+00
2.537442815017700415e+00
2.510123561477660914e+00
2.487807630157470751e+00
2.477094668960571511e+00
2.457621563720703062e+00
2.444313605499267794e+00
2.417675879669189509e+00
2.398531954193115379e+00
2.381675651931762783e+00
2.404147006607055825e+00
2.406613980102539241e+00
2.405852159881591845e+00
2.393813696289062598e+00
2.397738915252685565e+00
2.403787293624878085e+00
2.382673614883422886e+00
2.390730382919311392e+00
2.392800769805908168e+00
2.388372341918945096e+00
2.393789522171020590e+00
2.394871509552002120e+00
2.375102875900268362e+00
2.378914763259887710e+00
2.390767765426635716e+00
2.376538489151001077e+00
2.384004266738891431e+00
2.374630703735351567e+00
2.365791082000732626e+00
2.366260160064697082e+00
2.373940418624878035e+00
2.372666920852660954e+00
2.362617625808715704e+00
2.369075025558471825e+00
2.366081023788451976e+00
2.363911560058593597e+00
2.368153641510009955e+00
2.365511977386474562e+00
2.362867646408080891e+00
2.369442854690551936e+00
2.373385634994507054e+00
2.363058311843872161e+00
2.376119152832031123e+00
2.374079910278320327e+00
2.363074886703491195e+00
2.357059832382202291e+00
2.368330471420287964e+00
2.371862050247192322e+00
2.370950485992431744e+00
2.369450495147705116e+00
2.355515552520751843e+00
2.364493424606323391e+00
2.358473107528686441e+00
2.368985525512695478e+00
2.359545389175415231e+00
2.357816820526123180e+00
2.368455080795288215e+00
2.366631854629516418e+00
2.361029796218871990e+00
2.361038499069213703e+00
