1.235311529296874937e+02
2.250845619964599642e+00
1.816902782630920310e+00
1.877805191612243574e+00
1.700602941322326700e+00
1.705771861267089795e+00
1.697469451332092261e+00
1.642287476348877062e+00
1.596129083061218257e+00
1.583938171958923391e+00
1.551101403617858976e+00
1.786107330322265652e+00
1.722283911132812539e+00
1.574628014564514178e+00
1.974114373397827249e+00
1.734106762695312609e+00
1.694179004859924342e+00
1.788376377487182589e+00
1.775227763366699296e+00
2.212325269317626741e+00
1.904625887298583953e+00
2.396598152160644535e+00
2.265869316482544082e+00
3.158922288513183574e+00
2.733322918319702310e+00
2.925606202697753844e+00
2.496344660949707084e+00
3.224314927673340048e+00
2.885447357559204118e+00
3.168255619049072269e+00
2.960176443481445485e+00
3.051092749023437634e+00
2.827164744186401180e+00
2.897622654342651316e+00
3.298191277313232472e+00
2.802538243484497205e+00
3.058745013046264560e+00
2.836927165222168146e+00
2.980319493103027462e+00
2.924738940811157040e+00
2.981881188964843776e+00
2.835032921218871849e+00
2.822630332946777454e+00
2.771811095046996964e+00
2.724258358001709013e+00
2.705459721374511517e+00
2.682137957763671920e+00
2.661073252868652261e+00
2.654043149566650328e+00
2.634431862258911128e+00
2.638121757125854394e+00
2.650453591537475617e+00
2.647002262115478732e+00
2.635416355514526465e+00
2.644934474563598759e+00
2.646778444671630925e+00
2.633479728698730593e+00
2.627852566909790077e+00
2.632347978591918825e+00
2.642125149917602389e+00
2.635960866546630754e+00
2.616749195480346568e+00
2.625760779190063676e+00
2.622315065765380648e+00
2.616232725906372014e+00
2.615891868972778145e+00
2.615638122940063592e+00
2.605561176681518543e+00
2.599800687026977641e+00
2.613464586257934652e+00
2.590703593063354404e+00
2.605329639816284182e+00
2.606836334228515462e+00
2.610658485031128073e+00
2.595185147094726474e+00
2.615968391036987306e+00
2.591739738464355458e+00
2.601646612167358263e+00
2.593286141967773517e+00
2.607793946456909318e+00
2.596976694107055561e+00
2.602151853179931695e+00
2.599648524856567278e+00
2.589184620285034377e+00
2.605093810272216981e+00
2.610072923278808688e+00
2.601988869476318467e+00
2.604787957382202368e+00
2.608879289627075160e+00
2.597240499877929487e+00
2.596935883712768511e+00
2.609773145675659212e+00
2.588786029815673739e+00
2.590389522171020698e+00
2.589481569671630901e+00
2.586418059921264501e+00
2.590841323471069213e+00
2.600216983413696337e+00
2.601428640365600398e+00
2.615134279251098537e+00
