5.181848915405273459e+01
2.182538004684448030e+00
1.804218399047851529e+00
1.828484939384460439e+00
1.954542789077758691e+00
1.656541078186035243e+00
1.772468814659118763e+00
1.629557001113891568e+00
1.617766596984863359e+00
1.846520776557922350e+00
1.608392327308654890e+00
1.662013933563232460e+00
1.651689735794067415e+00
1.768440703773498601e+00
1.780264568138122616e+00
2.303729391479492072e+00
1.982977082443237338e+00
2.067152999114990397e+00
2.389534385299682651e+00
2.810527197647094688e+00
2.693473748397827272e+00
2.590928291702270680e+00
2.917575029373169038e+00
2.622145787429809527e+00
2.553059957885742026e+00
2.797163034439086982e+00
2.684588076019287062e+00
2.807955886840820092e+00
2.956320207977294778e+00
2.859285580444336006e+00
2.861161625671386766e+00
2.901689722824096762e+00
2.896159620666503898e+00
2.796678429794311693e+00
2.730624765014648236e+00
2.737941143035888647e+00
2.769949040603637780e+00
2.689554933929443337e+00
2.662339880371093592e+00
2.660653009796142499e+00
2.640086463546753137e+00
2.625672342681884874e+00
2.606474604797363259e+00
2.595329817581176979e+00
2.572129936981200959e+00
2.551526484680175955e+00
2.543160966491699426e+00
2.530783476257324249e+00
2.508962937927246006e+00
2.507062593841552722e+00
2.510973525238036963e+00
2.511711937713623222e+00
2.511177151489258019e+00
2.501764912796020646e+00
2.502124095153808625e+00
2.500213089370727726e+00
2.501733624649047805e+00
2.507254745101928695e+00
2.499855421066284222e+00
2.495892870330810531e+00
2.502657649230957126e+00
2.494562467193603528e+00
2.487447536087036060e+00
2.490243898773193187e+00
2.494825129699707045e+00
2.489516719436645431e+00
2.485924179077148466e+00
2.487036962890624814e+00
2.483076536941528190e+00
2.478970005798339926e+00
2.473995516204833933e+00
2.483108935928344696e+00
2.480113767623901566e+00
2.480127418136596873e+00
2.478518768692016483e+00
2.477134900283813668e+00
2.480772103500366033e+00
2.480175762557983443e+00
2.474158134841919043e+00
2.484502209091186575e+00
2.484793291091918821e+00
2.460441386413574349e+00
2.469408728408813314e+00
2.471583011245727324e+00
2.482253890991211076e+00
2.478670226287841949e+00
2.469654600906372011e+00
2.477498294448852612e+00
2.480941452407837033e+00
2.470962508392334112e+00
2.482992766952514696e+00
2.474355682373047038e+00
2.479113668060302533e+00
2.478693947601318559e+00
2.481022498321533210e+00
2.472860548400878766e+00
2.474477759170532032e+00
2.469140578079223491e+00
2.476483128738403483e+00
2.466074671173095645e+00
