2.289539505767822281e+00
2.023897649765014517e+00
1.858370081520080541e+00
1.655889521789550844e+00
1.527166447448730535e+00
1.453250864028930556e+00
1.377098916053771882e+00
1.278166767883300858e+00
1.205729807090759387e+00
1.126263776588440013e+00
1.076743122673034625e+00
9.787478477478027683e-01
9.353248571395873512e-01
9.363068058013915840e-01
8.787408448219299339e-01
8.494273735046387053e-01
8.253530673027038578e-01
8.149422384262084984e-01
8.033484734535217830e-01
8.178949067115783844e-01
9.173062400817870721e-01
9.125522104263306122e-01
9.404184532165527077e-01
9.305569473266601666e-01
1.014304771804809491e+00
1.042972701454162543e+00
1.160852281951904263e+00
1.217451375770568944e+00
1.181471514701843306e+00
1.083335799407958877e+00
1.049436219978332474e+00
1.162409748840331991e+00
1.217208198738098046e+00
1.269915785598754843e+00
1.273404825401306173e+00
1.297664487075805617e+00
1.314500876808166518e+00
1.319026951599121089e+00
1.326819300842285054e+00
1.317462347793579180e+00
1.279611700630187920e+00
1.260992937278747617e+00
1.169548256874084480e+00
1.189846677780151296e+00
1.252540006065368638e+00
1.279318982505798230e+00
1.315846698951721239e+00
1.338051076507568382e+00
1.351227312278747483e+00
1.371043931961059670e+00
1.381107632637023963e+00
1.391390304183959925e+00
1.375861716270446733e+00
1.266379200363159097e+00
1.183586243057251020e+00
1.148782122611999412e+00
1.197850199508667002e+00
1.237900726318359457e+00
1.228645762825012255e+00
9.866100610733031795e-01
1.003548598861694341e+00
1.124914655494690052e+00
1.210471354675292988e+00
1.271757908630371192e+00
1.299067233276367084e+00
1.324551944732665909e+00
1.347382421493530380e+00
1.322622300720214916e+00
1.341448598670959447e+00
1.354650914573669374e+00
1.368436394309997528e+00
1.292152166938781654e+00
1.172537144470214843e+00
1.157554478645324680e+00
1.235575236701965229e+00
1.281555228424072324e+00
1.318938965415954678e+00
1.238196938896179100e+00
1.131604068374633787e+00
1.171264754295349153e+00
1.189929898834228617e+00
1.230085395812988258e+00
1.260549553298950132e+00
1.102366184997558562e+00
1.129381866073608354e+00
1.166410837936401323e+00
1.170801673889160233e+00
1.224235506820678721e+00
1.159126043891906654e+00
1.198316178131103582e+00
1.187747671318054143e+00
1.226476550292968648e+00
1.181868628501892005e+00
1.166799896621704136e+00
1.184563367271423306e+00
1.197089024925231948e+00
1.122796746635436937e+00
1.189743973731994586e+00
1.255634857368469248e+00
1.247948223495483289e+00
