2.190000000000000002e-01
2.104000000000000037e-01
2.983000000000000096e-01
3.523000000000000020e-01
3.610999999999999766e-01
3.851999999999999869e-01
3.704999999999999960e-01
4.051000000000000156e-01
3.897999999999999798e-01
4.055000000000000271e-01
4.511000000000000010e-01
4.178000000000000047e-01
4.556999999999999940e-01
4.117000000000000104e-01
4.268000000000000127e-01
4.309999999999999942e-01
4.620000000000000218e-01
4.389000000000000123e-01
4.505000000000000115e-01
4.712999999999999967e-01
4.672999999999999932e-01
4.786000000000000254e-01
4.683999999999999830e-01
4.817000000000000171e-01
4.912000000000000255e-01
4.954999999999999960e-01
4.823000000000000065e-01
4.932000000000000273e-01
4.828000000000000069e-01
4.988000000000000211e-01
5.138000000000000345e-01
4.989000000000000101e-01
5.122999999999999776e-01
5.187000000000000499e-01
5.077000000000000401e-01
5.210000000000000187e-01
5.232999999999999874e-01
5.255999999999999561e-01
5.245999999999999552e-01
5.234999999999999654e-01
5.258000000000000451e-01
5.251000000000000112e-01
5.269000000000000350e-01
5.249000000000000332e-01
5.248000000000000442e-01
5.238000000000000433e-01
5.231000000000000094e-01
5.233999999999999764e-01
5.184999999999999609e-01
4.903000000000000136e-01
5.076000000000000512e-01
5.121999999999999886e-01
5.141000000000000014e-01
5.151999999999999913e-01
5.152999999999999803e-01
5.160000000000000142e-01
5.159000000000000252e-01
5.177000000000000490e-01
5.159000000000000252e-01
5.187000000000000499e-01
5.171000000000000041e-01
5.181000000000000050e-01
5.169000000000000261e-01
5.165999999999999481e-01
5.177000000000000490e-01
5.184999999999999609e-01
5.190000000000000169e-01
5.167000000000000481e-01
5.179000000000000270e-01
5.177000000000000490e-01
5.190000000000000169e-01
5.172999999999999821e-01
5.161999999999999922e-01
5.182999999999999829e-01
5.165999999999999481e-01
5.171999999999999931e-01
5.163999999999999702e-01
5.157000000000000473e-01
5.157000000000000473e-01
5.152999999999999803e-01
5.168000000000000371e-01
5.179000000000000270e-01
5.164999999999999591e-01
5.170000000000000151e-01
5.161000000000000032e-01
5.171000000000000041e-01
5.162999999999999812e-01
5.165999999999999481e-01
5.165999999999999481e-01
5.170000000000000151e-01
5.161999999999999922e-01
5.171000000000000041e-01
5.171000000000000041e-01
5.171999999999999931e-01
5.181999999999999940e-01
5.155999999999999472e-01
5.172999999999999821e-01
5.171999999999999931e-01
5.169000000000000261e-01
5.172999999999999821e-01
