2.289539505767822281e+00
2.023897644042968569e+00
1.858370051002502521e+00
1.655889515686035152e+00
1.527166453552246006e+00
1.453250906753539962e+00
1.377098894882202051e+00
1.278166792297363186e+00
1.205729794883728001e+00
1.126263819313049419e+00
1.076743113136291452e+00
9.787478446960449219e-01
9.353248481750487953e-01
9.363068153381347569e-01
8.787408421516418322e-01
8.494273582458495842e-01
8.253530980110168613e-01
8.149422398567199854e-01
8.033484246253966843e-01
8.178949090003967415e-01
9.173062314987182608e-01
9.125521953582763635e-01
9.404184930801391396e-01
9.305569782257080425e-01
1.014304731941223059e+00
1.042972739982604979e+00
1.160852278518676783e+00
1.217451336669921780e+00
1.181471428489685005e+00
1.083335732460021905e+00
1.049436237716674825e+00
1.162409660339355444e+00
1.217208195495605549e+00
1.269915760040283281e+00
1.273404883575439461e+00
1.297664480209350657e+00
1.314500971603393520e+00
1.319026946258544886e+00
1.326819313049316440e+00
1.317462320137023912e+00
1.279611660766601489e+00
1.260993087768554677e+00
1.169548314476013262e+00
1.189846690368652427e+00
1.252540128898620653e+00
1.279318973922729530e+00
1.315846725082397528e+00
1.338051174926757847e+00
1.351227288627624423e+00
1.371043785858154340e+00
1.381107622909545807e+00
1.391390334320068423e+00
1.375861684036254973e+00
1.266379188346862694e+00
1.183586212921142522e+00
1.148782015228271502e+00
1.197850090026855385e+00
1.237900676727294869e+00
1.228645815658569340e+00
9.866101131439208860e-01
1.003548631858825591e+00
1.124914673233032181e+00
1.210471388053893982e+00
1.271757863807678302e+00
1.299067313385009692e+00
1.324552021217346276e+00
1.347382491874694832e+00
1.322622344207763589e+00
1.341448680114746050e+00
1.354650967407226458e+00
1.368436354064941352e+00
1.292152223777770947e+00
1.172537177848815837e+00
1.157554496765136776e+00
1.235575113868713437e+00
1.281555331420898503e+00
1.318938944244384848e+00
1.238196938896179100e+00
1.131604058074951125e+00
1.171264812850952186e+00
1.189929851341247513e+00
1.230085379791259870e+00
1.260549543952941942e+00
1.102366218757629301e+00
1.129381842994690022e+00
1.166410708999633838e+00
1.170801555252075188e+00
1.224235489273071353e+00
1.159126028251648011e+00
1.198316177558898854e+00
1.187747581481933601e+00
1.226476543235778704e+00
1.181868658638000502e+00
1.166799967384338332e+00
1.184563309288025001e+00
1.197089003753662118e+00
1.122796749687194895e+00
1.189743998718261642e+00
1.255634814643859842e+00
1.247948272705078132e+00
