4.927394815673827821e+01
2.473780472564697241e+00
1.935353651809692321e+00
1.828010297584533594e+00
1.764277605247497549e+00
1.818441205787658665e+00
1.631928968811035219e+00
1.625862980079650910e+00
1.597316486358642651e+00
1.590205506706237726e+00
1.736088642120361403e+00
1.552050033569335907e+00
1.658369560050964253e+00
1.764566501808166432e+00
1.686050298118591417e+00
2.368458390426635862e+00
2.561833752822876065e+00
1.975861442184448258e+00
2.478022198867797954e+00
2.086113867187500137e+00
2.544519448852538890e+00
2.842027462768554891e+00
2.455581410217285043e+00
2.526306222915649435e+00
2.576194971466064576e+00
2.419988327407836870e+00
2.804488303375244129e+00
2.743083111572265587e+00
2.783097247695923038e+00
2.790945977020263591e+00
2.954616150665283048e+00
2.814677736282348519e+00
2.765254135131836044e+00
2.773221123504638452e+00
2.688568105697632049e+00
2.672302109527588065e+00
2.719314252090454076e+00
2.669516122817993331e+00
2.597462169647216879e+00
2.557823595428466934e+00
2.608078545379638680e+00
2.629342058944702298e+00
2.578167456054687445e+00
2.528361816787719540e+00
2.492867798614502028e+00
2.598915106582641688e+00
3.022738973999023582e+00
2.452670864105224613e+00
2.477850405120849420e+00
2.458674427795410011e+00
2.474901918411255064e+00
2.469473838424682821e+00
2.485638501358032215e+00
2.482970551681518590e+00
2.468814186859130899e+00
2.460577323913574421e+00
2.462795774459838771e+00
2.472729438018798742e+00
2.458614463043212961e+00
2.460108301544189580e+00
2.450264020156860401e+00
2.464039999389648461e+00
2.458712533187866089e+00
2.458112731170654097e+00
2.444661752319336134e+00
2.443930424880981445e+00
2.437939260864257829e+00
2.450761999130249169e+00
2.451525863265991312e+00
2.433155247497558626e+00
2.434086337280273238e+00
2.440204110717773656e+00
2.428368175888061309e+00
2.432012808990478447e+00
2.428307959365844759e+00
2.438576900100708045e+00
2.439189216995239384e+00
2.425989305496215831e+00
2.431376419067382777e+00
2.429878033828735351e+00
2.441554808044433589e+00
2.437609069824218544e+00
2.438371746826172082e+00
2.436373777008056685e+00
2.427884220123290859e+00
2.439138294601440382e+00
2.434843490982055769e+00
2.434380202865600751e+00
2.440326903533935443e+00
2.422778622055053788e+00
2.421986093902587900e+00
2.438469711685180563e+00
2.433011401748657043e+00
2.439301018905639662e+00
2.444151131439209035e+00
2.442765607452392462e+00
2.435277121734618966e+00
2.439414870071411112e+00
2.439983293533324993e+00
2.443880281448364222e+00
