1.569992825317382845e+01
2.181219517135620123e+00
1.899635161399841232e+00
1.786923271942138625e+00
1.802923054313659623e+00
1.597881677627563501e+00
1.629535814285278272e+00
1.676805621337890573e+00
1.663571719932556148e+00
1.752627105331420854e+00
1.749018755149841287e+00
1.549748304748535199e+00
1.790044115257263257e+00
1.678947370910644610e+00
2.067570351028442222e+00
2.501847984695434679e+00
2.035305369567871114e+00
2.299148365402221561e+00
2.548345718765258727e+00
2.699357183074951205e+00
2.522339230346679617e+00
3.017714651489257882e+00
2.507976281356811388e+00
2.942840847778320335e+00
2.845258089065551665e+00
2.835167070007324153e+00
2.732540628051757903e+00
2.590340528488159322e+00
2.648732329177856393e+00
2.679047166824340742e+00
2.682450283432006977e+00
2.660585684204101575e+00
2.921012321853637683e+00
2.680702738952636555e+00
2.646218001937866049e+00
2.612837308502197420e+00
2.744018872833251965e+00
2.681796829223632717e+00
2.614017565536498999e+00
2.614549668884277533e+00
2.582111247253418007e+00
2.571902012634277312e+00
2.545799651336670077e+00
2.532861694335937663e+00
2.530908335113525531e+00
2.502888880538940430e+00
2.492019853973388877e+00
2.492015018081664923e+00
2.463874315261840753e+00
2.450279008865356545e+00
2.467866907501220730e+00
2.464137271499633908e+00
2.463049570846557401e+00
2.473705032348632926e+00
2.457307044219970482e+00
2.455990028381347834e+00
2.464264181518554864e+00
2.462051147460937450e+00
2.456594895172119042e+00
2.450901586532592713e+00
2.453781131744384947e+00
2.447033013916015687e+00
2.450602377319335723e+00
2.444060195541381653e+00
2.442966270446777166e+00
2.439480865478515614e+00
2.448980745697021622e+00
2.448549490737915058e+00
2.435153625106811326e+00
2.445472286605835155e+00
2.451187376022339048e+00
2.436853043365478477e+00
2.429334445571899259e+00
2.431472287368774410e+00
2.435273292922973454e+00
2.435739764785766592e+00
2.426201304626464772e+00
2.433202404022216658e+00
2.431210749053954956e+00
2.435937612533569219e+00
2.440019196701049609e+00
2.433435849761962810e+00
2.432543853759765451e+00
2.444555371475219729e+00
2.428762401962280215e+00
2.427349831008910996e+00
2.432584354019164952e+00
2.445055324935913266e+00
2.433103403472900439e+00
2.426338104248046967e+00
2.431009704589843778e+00
2.437292760467529185e+00
2.435192281341552523e+00
2.433122483825683524e+00
2.431307762908935466e+00
2.447977468872070350e+00
2.434429409408569445e+00
2.439268943023681580e+00
2.432621480178832840e+00
2.424530461883545041e+00
