2.280934128570556663e+00
2.665499517917633288e-01
1.007177578091621450e-01
7.705213061571121458e-02
7.417074100971221551e-02
5.597013391852379005e-02
6.098511571288108696e-02
6.551250523328780440e-02
5.501851705312729018e-02
4.931735739707946570e-02
5.615312684774399071e-02
4.903797086477279521e-02
4.680988199114799464e-02
6.435712119340897264e-02
4.507589339017867985e-02
4.620835124254226572e-02
4.735894930958747806e-02
4.817963468432426288e-02
5.643891285061836127e-02
5.275056936144828512e-02
4.596635988950729251e-02
8.243305811882019329e-02
4.919269349575042943e-02
6.054243989586829966e-02
4.982028595209121724e-02
4.950738492608070668e-02
5.432416585087776473e-02
5.870306158065796004e-02
4.533047908544540067e-02
6.630944907069205585e-02
5.951661346554756177e-02
5.887697155475616478e-02
5.737846537232398764e-02
6.235437749624252179e-02
5.591345636248588880e-02
4.802104115486145047e-02
4.615483162999153149e-02
4.226804450750350911e-02
4.247848044037819126e-02
3.992272203564643795e-02
4.074354898333549385e-02
4.192346907258033550e-02
4.120426393151283007e-02
4.444062952995300048e-02
5.846611027121544069e-02
5.001877189874649049e-02
4.705749270915984828e-02
7.101063073277473492e-02
6.388119029998778897e-02
8.927045594453811295e-02
5.989652696847915653e-02
5.379192685484886216e-02
6.749909996390342226e-02
6.219686326980590485e-02
6.475754133462906237e-02
5.584019107818603833e-02
4.752220959663391170e-02
5.077733330130577288e-02
5.305478508472442900e-02
4.788867723941803156e-02
4.963873438239097685e-02
4.477137687206268063e-02
4.551915006041527129e-02
5.746649928092956855e-02
5.665713176727294603e-02
5.514084761738777263e-02
5.056007351875305145e-02
5.872305368781089580e-02
5.087353459000587552e-02
4.654769402742385542e-02
4.464290654659271163e-02
4.506772319674491600e-02
4.769758052229881168e-02
4.678596112132072521e-02
4.843350738883018397e-02
6.291444432735443515e-02
5.789657770991325086e-02
7.136237685680389686e-02
6.232780807614326374e-02
6.433444483280181814e-02
6.610194372534751450e-02
6.389527162313461683e-02
6.735946886539459499e-02
7.314887307882309009e-02
6.363748098611832216e-02
5.725639473795891138e-02
5.531919732093810993e-02
5.476369932889938591e-02
5.679969632625579690e-02
5.489128159880637958e-02
4.587465517520904201e-02
4.657964244484901623e-02
5.055416617989540173e-02
4.932627565264701558e-02
4.569967505931854523e-02
5.107973599433898726e-02
4.937905514240265026e-02
4.736465283036232071e-02
4.904660642743110394e-02
4.928591294884681479e-02
