2.295437645721435604e+00
3.151048270702361820e-01
6.993525562286377617e-02
4.657750340104103298e-02
3.883234662413596883e-02
3.176593666076660272e-02
3.003936691284179658e-02
2.637359830737114053e-02
2.467603328824043152e-02
2.309772188663482620e-02
2.127878896296024266e-02
2.217495330274105170e-02
2.183406159281730749e-02
2.224713364541530680e-02
2.105724413394928149e-02
1.929574720859527498e-02
2.092196168303489534e-02
1.865200987160205853e-02
1.974241309762000962e-02
2.100080799758434133e-02
1.893072942495346161e-02
2.018677018880844082e-02
1.967034842371940748e-02
1.952985158264636950e-02
2.044040443301200702e-02
2.022514199614524819e-02
2.095173861384391767e-02
2.074770188331603871e-02
2.320394110977649568e-02
1.885682995915412968e-02
2.008126812875270922e-02
2.063395500183105510e-02
2.086907342970371199e-02
2.013500473797321180e-02
2.032206451594829530e-02
1.985259085893631079e-02
2.000565811991691575e-02
2.046025684773921868e-02
1.987462643980979909e-02
2.156272652745246793e-02
2.032113966345787046e-02
2.007705521881580218e-02
1.930221066474914482e-02
2.106058628559112633e-02
2.063384017944335999e-02
2.039547502696514164e-02
2.147426521480083617e-02
2.168737307190895039e-02
2.169305845499038682e-02
2.218038011789321903e-02
2.347334009408950928e-02
2.022039654552936633e-02
2.152967264354228860e-02
2.267287201881408587e-02
2.184699172824621297e-02
2.097530182898044507e-02
2.145786031484604034e-02
2.415573352128267196e-02
2.475769694000482662e-02
2.231535711884498688e-02
2.482247716486454120e-02
2.396758144497871529e-02
1.948817721307277706e-02
2.140082654953003038e-02
2.132838136851787636e-02
2.228618248105049271e-02
2.113077143728733093e-02
2.140276755094528208e-02
2.254123067557811666e-02
2.221564390063285668e-02
2.149442324638366555e-02
2.169786466956138624e-02
2.051574423909187372e-02
2.159773053228855252e-02
2.111137992143630876e-02
2.175382940173149066e-02
2.192620164752006467e-02
2.179378244876861714e-02
2.117267308831214875e-02
2.350953551530838084e-02
2.279627795517444669e-02
2.341298422217369044e-02
2.361416264176368837e-02
2.394907553791999696e-02
2.152653490006923784e-02
2.174673808813095202e-02
2.129765620827674816e-02
2.284854239821433944e-02
2.236392807364463720e-02
2.419432209730148359e-02
2.404953269362449658e-02
2.289750259518623376e-02
2.284147909581661293e-02
2.295829612016677887e-02
2.575773712843656624e-02
2.481253846883773803e-02
2.380458802580833269e-02
2.261051536202430753e-02
2.378675796985626339e-02
2.203829098939895717e-02
