2.275259564971923609e+00
2.300551730871200629e-01
1.009990314722061105e-01
1.038083065509796121e-01
7.398492988348007171e-02
6.569326654672622001e-02
6.095868359804153258e-02
5.365989573597908235e-02
4.883340482115745840e-02
4.811159289479255419e-02
4.385316988825797846e-02
4.436951735019684095e-02
5.935550745129584971e-02
4.385940614342689198e-02
4.201099156737327783e-02
4.105709124207496813e-02
4.643057411313056965e-02
4.011849521994590578e-02
4.218509824275970543e-02
7.157190247774124214e-02
5.313123170733451833e-02
4.946489099860191391e-02
6.784380693435669574e-02
4.117435475885868057e-02
4.904780895113945022e-02
4.288307998180389269e-02
6.100227428078651426e-02
5.367856760025024182e-02
6.189477218389510815e-02
4.246099012494087416e-02
4.227633851766586515e-02
4.125201298594474708e-02
4.411161741018295585e-02
4.194042569398880038e-02
4.062916559576987968e-02
4.348946374654769770e-02
5.934538826942444001e-02
4.399533658623695082e-02
4.086112784743309301e-02
4.509933539032936339e-02
4.391671405434608572e-02
4.830659484267234988e-02
8.080635937452315676e-02
4.099113430976867450e-02
4.543092597126961035e-02
4.306012710928917159e-02
5.243785973787307847e-02
4.234357304573058839e-02
3.736102634668349992e-02
3.740050616860389476e-02
3.816793230175972301e-02
3.601481568217277524e-02
3.634035080075263824e-02
3.964185749292373911e-02
3.992586705684662146e-02
3.655873302221298443e-02
3.522876693904399698e-02
3.611881952285766334e-02
3.658986440300941723e-02
3.955911639928817725e-02
3.826718412637710592e-02
3.659509482979774603e-02
3.702674455642700202e-02
3.654072867631912025e-02
3.555667097568512153e-02
3.592289742827415450e-02
3.603523327112197888e-02
3.438423432707786442e-02
3.418870464563369960e-02
4.107415115833282226e-02
4.079471701979637405e-02
5.456366491317748979e-02
6.303989038467407158e-02
4.458332759737968637e-02
5.421330065727233971e-02
6.661736651659011521e-02
6.516649352312088583e-02
4.946360505819320796e-02
4.974699736237525594e-02
5.080846090316772784e-02
4.545853244066238447e-02
5.657641193866729673e-02
5.100968669652938825e-02
5.073385310173034873e-02
4.129688545465469429e-02
3.947584381699562051e-02
5.161136559247970351e-02
4.833696532845497412e-02
5.313322359323501692e-02
4.844472379684448132e-02
5.454509444236755461e-02
5.260529448390006968e-02
5.059925943017005989e-02
4.929475975036621410e-02
6.178015648126602283e-02
4.267462915778159893e-02
5.403176789879798880e-02
4.597048059701919209e-02
4.640220250487327863e-02
4.344073883891105825e-02
