1.135000000000000037e-01
9.600999999999999535e-01
9.850999999999999757e-01
9.892999999999999572e-01
9.905000000000000471e-01
9.923999999999999488e-01
9.919000000000000039e-01
9.917000000000000259e-01
9.925000000000000488e-01
9.929999999999999938e-01
9.926000000000000378e-01
9.929000000000000048e-01
9.936000000000000387e-01
9.930999999999999828e-01
9.935000000000000497e-01
9.937000000000000277e-01
9.929999999999999938e-01
9.946000000000000396e-01
9.938000000000000167e-01
9.937000000000000277e-01
9.941999999999999726e-01
9.938000000000000167e-01
9.939999999999999947e-01
9.937000000000000277e-01
9.938000000000000167e-01
9.945000000000000506e-01
9.937000000000000277e-01
9.936000000000000387e-01
9.931999999999999718e-01
9.946000000000000396e-01
9.946000000000000396e-01
9.949000000000000066e-01
9.942999999999999616e-01
9.939999999999999947e-01
9.942999999999999616e-01
9.945000000000000506e-01
9.942999999999999616e-01
9.946000000000000396e-01
9.947000000000000286e-01
9.943999999999999506e-01
9.940999999999999837e-01
9.939999999999999947e-01
9.938000000000000167e-01
9.933999999999999497e-01
9.942999999999999616e-01
9.940999999999999837e-01
9.939999999999999947e-01
9.943999999999999506e-01
9.943999999999999506e-01
9.939999999999999947e-01
9.935000000000000497e-01
9.943999999999999506e-01
9.943999999999999506e-01
9.939999999999999947e-01
9.942999999999999616e-01
9.946000000000000396e-01
9.948000000000000176e-01
9.936000000000000387e-01
9.935000000000000497e-01
9.940999999999999837e-01
9.936000000000000387e-01
9.939000000000000057e-01
9.953999999999999515e-01
9.940999999999999837e-01
9.948000000000000176e-01
9.941999999999999726e-01
9.942999999999999616e-01
9.947000000000000286e-01
9.942999999999999616e-01
9.945000000000000506e-01
9.943999999999999506e-01
9.943999999999999506e-01
9.952999999999999625e-01
9.945000000000000506e-01
9.949000000000000066e-01
9.945000000000000506e-01
9.945000000000000506e-01
9.949999999999999956e-01
9.947000000000000286e-01
9.938000000000000167e-01
9.940999999999999837e-01
9.938000000000000167e-01
9.939000000000000057e-01
9.942999999999999616e-01
9.945000000000000506e-01
9.941999999999999726e-01
9.940999999999999837e-01
9.945000000000000506e-01
9.942999999999999616e-01
9.939999999999999947e-01
9.937000000000000277e-01
9.941999999999999726e-01
9.943999999999999506e-01
9.945000000000000506e-01
9.939000000000000057e-01
9.940999999999999837e-01
9.941999999999999726e-01
9.942999999999999616e-01
9.939999999999999947e-01
9.940999999999999837e-01
