2.295437645721435604e+00
3.151048057079315345e-01
6.993525542020798125e-02
4.657749832868576106e-02
3.883234434127807305e-02
3.176593495011329621e-02
3.003936442136764459e-02
2.637359831929207005e-02
2.467603382766246634e-02
2.309772212505340622e-02
2.127878639101982161e-02
2.217494795322418055e-02
2.183406068682670551e-02
2.224713461101055292e-02
2.105724258124828246e-02
1.929574626684188790e-02
2.092196153104305262e-02
1.865201208889484541e-02
1.974241052567958857e-02
2.100081009566783993e-02
1.893073335587978218e-02
2.018676911294460183e-02
1.967035045027732895e-02
1.952985048890113970e-02
2.044040455520152941e-02
2.022514347732067008e-02
2.095174270868301394e-02
2.074770612716674706e-02
2.320394344329834019e-02
1.885682994127273540e-02
2.008126997053623353e-02
2.063395614624023364e-02
2.086907558739185473e-02
2.013500332534313292e-02
2.032206579744815986e-02
1.985258904099464553e-02
2.000565169453620909e-02
2.046025905907154080e-02
1.987462318241596179e-02
2.156272636950016044e-02
2.032114087939262265e-02
2.007705545723438220e-02
1.930220811963081345e-02
2.106058672666549780e-02
2.063384244143962737e-02
2.039547417759895315e-02
2.147426705956459111e-02
2.168737417459487907e-02
2.169305947422981232e-02
2.218038339316845062e-02
2.347333655357360799e-02
2.022039612829685043e-02
2.152967139333486490e-02
2.267287505269050679e-02
2.184699459820985817e-02
2.097530163228511838e-02
2.145786278843879805e-02
2.415572637021541624e-02
2.475769246816635072e-02
2.231535763144493201e-02
2.482247872948646628e-02
2.396757926642894762e-02
1.948818050026893470e-02
2.140082334876060657e-02
2.132838283479213809e-02
2.228618127107620181e-02
2.113077079951763276e-02
2.140276699066162233e-02
2.254123644530773088e-02
2.221564185023307963e-02
2.149442121982574408e-02
2.169786599278450065e-02
2.051574656367301935e-02
2.159773238599300288e-02
2.111137991547584400e-02
2.175382742881774856e-02
2.192620015144348261e-02
2.179377971887588514e-02
2.117267415225505822e-02
2.350953585505485485e-02
2.279627290964126446e-02
2.341298450827598507e-02
2.361416259407997029e-02
2.394907242655754109e-02
2.152653531432151962e-02
2.174674067497253324e-02
2.129765725135803270e-02
2.284853967130184155e-02
2.236392568945884743e-02
2.419431995153427037e-02
2.404953717589378495e-02
2.289750248789787154e-02
2.284147651791572711e-02
2.295829627811908635e-02
2.575773568153381238e-02
2.481254001855850294e-02
2.380459432005882156e-02
2.261051483750343288e-02
2.378675709366798521e-02
2.203829513788223282e-02
