2.295437645721435604e+00
3.151048072338104022e-01
6.993525485992431456e-02
4.657749966382980500e-02
3.883234577775001445e-02
3.176593733429908945e-02
3.003936729431152391e-02
2.637359769344329793e-02
2.467603730559348937e-02
2.309772435128688850e-02
2.127878598868846935e-02
2.217494991123676248e-02
2.183406140804290685e-02
2.224713363051414317e-02
2.105724464654922315e-02
1.929574581086635626e-02
2.092196007072925565e-02
1.865200932323932484e-02
1.974241181015968377e-02
2.100081132650375229e-02
1.893073175549507201e-02
2.018676893413066942e-02
1.967034861743450005e-02
1.952984983026981314e-02
2.044040612280368860e-02
2.022514295279979543e-02
2.095173855423927353e-02
2.074770243465900305e-02
2.320394121408462379e-02
1.885683351755142179e-02
2.008127071559429044e-02
2.063395416736602678e-02
2.086907410919666347e-02
2.013500564992427855e-02
2.032206300497054960e-02
1.985258942246436939e-02
2.000565115511417427e-02
2.046025840044021771e-02
1.987462179064750784e-02
2.156272222101688479e-02
2.032114427387714251e-02
2.007705442607402718e-02
1.930220907628536070e-02
2.106058339476585273e-02
2.063384117186069580e-02
2.039547289311885794e-02
2.147426329553127344e-02
2.168737543523311523e-02
2.169305869638919748e-02
2.218038187026977540e-02
2.347333581447601236e-02
2.022039137780666518e-02
2.152967360466718702e-02
2.267287547588348398e-02
2.184699289649725054e-02
2.097530010938644315e-02
2.145786176323890779e-02
2.415572922676801834e-02
2.475769364982843487e-02
2.231535900831222580e-02
2.482247791290283223e-02
2.396758258342742906e-02
1.948817801177501682e-02
2.140082208514213630e-02
2.132837828099727606e-02
2.228618174791336184e-02
2.113076983094215253e-02
2.140277215838432348e-02
2.254122902452945776e-02
2.221564151644706692e-02
2.149442259073257311e-02
2.169786078333854618e-02
2.051575070023536548e-02
2.159772987067699532e-02
2.111137827038764986e-02
2.175383034944534250e-02
2.192620249390602252e-02
2.179378111362457321e-02
2.117266908586025106e-02
2.350954161286353955e-02
2.279627947509288780e-02
2.341298207640647722e-02
2.361416174173355115e-02
2.394907649755477833e-02
2.152653335034847293e-02
2.174673770666122469e-02
2.129765652418136659e-02
2.284854088723659374e-02
2.236392636895179892e-02
2.419431822299957305e-02
2.404953772425651518e-02
2.289750689268112149e-02
2.284147978127002571e-02
2.295829491615295273e-02
2.575773699879646203e-02
2.481253690719604360e-02
2.380458976328372889e-02
2.261051505208015386e-02
2.378675481081008944e-02
2.203829798102378834e-02
