2.293666686630249085e+00
2.894998127460479687e-01
1.060768990874290524e-01
8.275458250045776565e-02
7.488038007020950126e-02
9.152713153362274090e-02
5.906490764021873202e-02
6.185423974394798491e-02
5.489696871638297809e-02
7.407524526119231567e-02
5.733566887974739235e-02
5.176308797597885258e-02
5.822122961282730214e-02
5.521615549325942923e-02
6.291622467041015077e-02
5.144141093492508171e-02
5.915425536632537562e-02
5.877061511278152545e-02
5.575616061091422798e-02
5.565282906889915809e-02
6.537871999740600681e-02
5.225930075645447009e-02
5.228514856100082570e-02
5.287683936357498449e-02
6.876257005929946320e-02
6.236653563380241405e-02
5.393640571832657160e-02
6.350490406751632677e-02
5.703521838784218062e-02
5.578143498897552427e-02
4.917544409036636588e-02
7.472647510766983192e-02
6.634483958482742527e-02
5.387314658164978065e-02
5.001580932736397062e-02
5.134380612373352221e-02
4.929015507698059073e-02
5.161075670123100451e-02
5.226220696568489171e-02
5.231882001161575202e-02
6.168949686884880185e-02
7.893851078748702343e-02
7.611630657315254789e-02
8.703505088090895958e-02
6.693087376952171208e-02
6.044428195357322980e-02
6.102211090326309373e-02
6.028848025202750843e-02
6.078379969596862942e-02
5.521225557327270189e-02
5.705422515869140732e-02
6.163232402801513410e-02
7.703726646900177499e-02
6.833003094196320182e-02
5.841718204617500632e-02
6.248362265229225054e-02
5.862975069880485557e-02
5.272400448918342780e-02
5.742351872920990058e-02
5.268731495141983079e-02
5.296170439124107260e-02
6.115818994045257861e-02
5.946067204475402601e-02
5.926098241806030537e-02
5.907024664282798515e-02
5.691990143656730505e-02
5.716499087810516383e-02
5.815097400546073714e-02
9.825217735767365068e-02
7.275117697119712346e-02
8.932446416616439400e-02
6.649431141018867508e-02
8.730554615259170093e-02
6.466891110539436938e-02
6.534728924632073055e-02
5.781246871352195560e-02
5.969365573525428625e-02
5.868748244643211265e-02
5.449643859863281120e-02
5.746808731555938521e-02
6.026187039613723623e-02
6.101731234192848269e-02
5.394125779271125715e-02
6.409913211762904850e-02
6.439917924404144067e-02
7.692270249724388054e-02
6.296325646638870066e-02
6.355277915596961591e-02
5.953858734965324084e-02
6.382532048225403321e-02
6.359280756115913424e-02
6.943318447470664401e-02
6.329395393729210506e-02
6.795047612190246999e-02
6.897394075393677160e-02
7.092346384525298475e-02
6.111274533271789794e-02
6.867717356681823926e-02
7.062668920755386937e-02
7.471108944416046671e-02
