1.135000000000000037e-01
9.655000000000000249e-01
9.751999999999999558e-01
9.774000000000000465e-01
9.816000000000000281e-01
9.822999999999999510e-01
9.780999999999999694e-01
9.831999999999999629e-01
9.810999999999999721e-01
9.848000000000000087e-01
9.848000000000000087e-01
9.821999999999999620e-01
9.790999999999999703e-01
9.804000000000000492e-01
9.829999999999999849e-01
9.822999999999999510e-01
9.838000000000000078e-01
9.694000000000000394e-01
9.730999999999999650e-01
9.849999999999999867e-01
9.839999999999999858e-01
9.862999999999999545e-01
9.872999999999999554e-01
9.868999999999999995e-01
9.861999999999999655e-01
9.865000000000000435e-01
9.829999999999999849e-01
9.841999999999999638e-01
9.852999999999999536e-01
9.862999999999999545e-01
9.852999999999999536e-01
9.846000000000000307e-01
9.818000000000000060e-01
9.830999999999999739e-01
9.827000000000000179e-01
9.806000000000000272e-01
9.766000000000000236e-01
9.837000000000000188e-01
9.839999999999999858e-01
9.857000000000000206e-01
9.847000000000000197e-01
9.860999999999999766e-01
9.868000000000000105e-01
9.837000000000000188e-01
9.836000000000000298e-01
9.855000000000000426e-01
9.788999999999999924e-01
9.857000000000000206e-01
9.840999999999999748e-01
9.845000000000000417e-01
9.868000000000000105e-01
9.831999999999999629e-01
9.846000000000000307e-01
9.836000000000000298e-01
9.826000000000000290e-01
9.830999999999999739e-01
9.864000000000000545e-01
9.875000000000000444e-01
9.832999999999999519e-01
9.848000000000000087e-01
9.866000000000000325e-01
9.862999999999999545e-01
9.859999999999999876e-01
9.868000000000000105e-01
9.876000000000000334e-01
9.859999999999999876e-01
9.832999999999999519e-01
9.848000000000000087e-01
9.839999999999999858e-01
9.809999999999999831e-01
9.818999999999999950e-01
9.817000000000000171e-01
9.851999999999999647e-01
9.820999999999999730e-01
9.860999999999999766e-01
9.847000000000000197e-01
9.862999999999999545e-01
9.800999999999999712e-01
9.807000000000000162e-01
9.835000000000000409e-01
9.867000000000000215e-01
9.840999999999999748e-01
9.858000000000000096e-01
9.856000000000000316e-01
9.869999999999999885e-01
9.870999999999999774e-01
9.882999999999999563e-01
9.883999999999999453e-01
9.869999999999999885e-01
9.877000000000000224e-01
9.879000000000000004e-01
9.886000000000000343e-01
9.880999999999999783e-01
9.883999999999999453e-01
9.881999999999999673e-01
9.882999999999999563e-01
9.881999999999999673e-01
9.879999999999999893e-01
9.881999999999999673e-01
9.872999999999999554e-01
