2.295437645721435604e+00
3.151048163890838860e-01
6.993525600433349310e-02
4.657749746441840893e-02
3.883234367370605455e-02
3.176593580842018011e-02
3.003936414718627948e-02
2.637359744608402251e-02
2.467603300213813688e-02
2.309772126078605756e-02
2.127878880500793518e-02
2.217495125532150183e-02
2.183406105339527267e-02
2.224713463485240850e-02
2.105724724531173736e-02
1.929574651718139744e-02
2.092196106612682210e-02
1.865201125144958644e-02
1.974241197705269013e-02
2.100080794095993131e-02
1.893073325157165407e-02
2.018677188158035304e-02
1.967034955024719173e-02
1.952984955012798327e-02
2.044040457606315780e-02
2.022514507472514961e-02
2.095173901319503929e-02
2.074770207405090411e-02
2.320393764972686693e-02
1.885682879090309211e-02
2.008126932680606713e-02
2.063395537137985292e-02
2.086907508671283565e-02
2.013500483632087862e-02
2.032206448912620561e-02
1.985259061455726601e-02
2.000565072000026756e-02
2.046025769710540718e-02
1.987462477087974591e-02
2.156272361576557287e-02
2.032114120125770584e-02
2.007705126702785323e-02
1.930221204459667272e-02
2.106058204174041798e-02
2.063384243547916261e-02
2.039547669589519482e-02
2.147426329255103933e-02
2.168737394213676381e-02
2.169305721521377558e-02
2.218038159906864093e-02
2.347333680391311753e-02
2.022039210200309717e-02
2.152967247068882095e-02
2.267287501692771823e-02
2.184699574559927082e-02
2.097530008852481823e-02
2.145786085128784104e-02
2.415572881251573656e-02
2.475769244581460873e-02
2.231536160111427178e-02
2.482247467041015510e-02
2.396757896840572347e-02
1.948818109929561712e-02
2.140082497000694167e-02
2.132838412821292870e-02
2.228617890477180633e-02
2.113076902627944800e-02
2.140276439785957288e-02
2.254123261868953843e-02
2.221563758850097700e-02
2.149442091584205516e-02
2.169786313176155085e-02
2.051574504971504301e-02
2.159773169755935598e-02
2.111137438416480980e-02
2.175382955670356749e-02
2.192620561122894315e-02
2.179377994537353563e-02
2.117267437875270872e-02
2.350954116582870332e-02
2.279627705514430946e-02
2.341298408508300788e-02
2.361416218876838738e-02
2.394908182621002107e-02
2.152653318047523592e-02
2.174673858880996763e-02
2.129765567183494399e-02
2.284854255616665039e-02
2.236392863392830041e-02
2.419432120919227588e-02
2.404953846931457556e-02
2.289750440716743426e-02
2.284147555232048099e-02
2.295829344987869100e-02
2.575773397088050934e-02
2.481253745555877729e-02
2.380459169447422113e-02
2.261051334738731211e-02
2.378675576448440604e-02
2.203829815089702535e-02
