2.291461447525024564e+00
2.335874939680099571e-01
1.023391104102134713e-01
9.014465187788009426e-02
7.820859122276306585e-02
5.633273280858993454e-02
6.090173689723014927e-02
6.102634926438331442e-02
5.629360325336456305e-02
4.464739006161689422e-02
6.075165342092513771e-02
5.762755656242370822e-02
5.148968736529350304e-02
4.330227379798889248e-02
4.642200590372085739e-02
6.136734230518341160e-02
4.629952492713928364e-02
5.151477561295032814e-02
7.328174960017204420e-02
4.760879449844360178e-02
4.333238360285759233e-02
4.211562996506690998e-02
4.507061853408813462e-02
4.951289649605750826e-02
4.299262657761573903e-02
4.436075397729873776e-02
4.664093492031097521e-02
7.400785155892372624e-02
5.304353420734405494e-02
4.464019965529442135e-02
4.646324136853217934e-02
4.381522377729415996e-02
4.079688934087753044e-02
4.645534001588821210e-02
5.103170061707496680e-02
5.159883211255073682e-02
4.654240049123763850e-02
5.755925130248069899e-02
5.169841369986533791e-02
5.081676044464111114e-02
5.635077065229415760e-02
4.805805915594101030e-02
4.474633115530014110e-02
5.727325181961059886e-02
4.905572351217269561e-02
5.254189768433571023e-02
4.671641646623611588e-02
4.330516662001610007e-02
5.917213926911354255e-02
5.979699505567550449e-02
5.376347049474716061e-02
5.794826024770736994e-02
6.915125429630279708e-02
5.978122351169586068e-02
6.186463308334350791e-02
5.589890335798263638e-02
5.166892902255058179e-02
7.435778598189353439e-02
4.596368185877799939e-02
5.882596426010131690e-02
5.548553388714790036e-02
4.731929245591163374e-02
4.553283615708351301e-02
4.159328020215034144e-02
4.021765239834785427e-02
4.296981495618820007e-02
4.306861011981964055e-02
4.936457842588424377e-02
4.468289204239845464e-02
5.401490806937217504e-02
4.854838669896125586e-02
5.490803465843200476e-02
5.366562564373016098e-02
6.717722325921059168e-02
5.110894653201103477e-02
6.118224970698356302e-02
5.169083741307258645e-02
5.800853481292724684e-02
5.220580751895904231e-02
6.134222490191459931e-02
5.119873586893081835e-02
5.182897505760192952e-02
5.618558330535888823e-02
4.632024793028831355e-02
5.079017788171768383e-02
4.942338452339172655e-02
5.059925148487091212e-02
6.407495374679565703e-02
6.041869270801544095e-02
4.707201231122017104e-02
7.769583061933517387e-02
5.262522885799408162e-02
5.755698784589767525e-02
5.027880290746689074e-02
4.371934015154838732e-02
4.374658339023589776e-02
4.985798687934875351e-02
4.855939023494720147e-02
4.627725583314895585e-02
4.423477918505668710e-02
