2.295437621307372833e+00
3.151048301219940284e-01
6.993525333404540523e-02
4.657750340104103298e-02
3.883234652876853960e-02
3.176593542695045624e-02
3.003936394453048803e-02
2.637359722554683678e-02
2.467603401839733174e-02
2.309772130250930741e-02
2.127878806591033956e-02
2.217495043277740649e-02
2.183406006693840162e-02
2.224713284671306704e-02
2.105724381208419829e-02
1.929574474990367744e-02
2.092196095883846335e-02
1.865200895369053050e-02
1.974241271317005164e-02
2.100081005692482072e-02
1.893073350787162837e-02
2.018677100539207486e-02
1.967034442722797455e-02
1.952985044419765573e-02
2.044040620923042242e-02
2.022514662444591452e-02
2.095173965394496809e-02
2.074770121574402021e-02
2.320394115447997965e-02
1.885682913362980023e-02
2.008126771152019333e-02
2.063395673632621719e-02
2.086907474398613099e-02
2.013500295579433511e-02
2.032206518948078203e-02
1.985259242653846651e-02
2.000565581917762917e-02
2.046025851666927187e-02
1.987462431490421427e-02
2.156272450983524186e-02
2.032114181220531432e-02
2.007705583572387542e-02
1.930221185684204144e-02
2.106058190464973542e-02
2.063384160101413775e-02
2.039547228217124947e-02
2.147426394522190113e-02
2.168737510442733663e-02
2.169305810332298329e-02
2.218038532435893939e-02
2.347333826124668038e-02
2.022039308547973757e-02
2.152967137545347062e-02
2.267287559509277226e-02
2.184699272960424418e-02
2.097530269324779373e-02
2.145786332488059875e-02
2.415572955906391053e-02
2.475769451856613124e-02
2.231535813212394762e-02
2.482247675061225942e-02
2.396758043467998520e-02
1.948817886710167008e-02
2.140082106590271080e-02
2.132837991118431004e-02
2.228618173599243232e-02
2.113076775074005167e-02
2.140276668667793342e-02
2.254123497903346915e-02
2.221564058661460936e-02
2.149442356824874875e-02
2.169786536097526378e-02
2.051574569940567069e-02
2.159773322641849597e-02
2.111137887835502769e-02
2.175382998585700944e-02
2.192620281577110225e-02
2.179377935528755209e-02
2.117267361283302340e-02
2.350953821837901969e-02
2.279627457559108700e-02
2.341298649311065669e-02
2.361416494846343972e-02
2.394907796978950482e-02
2.152653236687183252e-02
2.174673630595207185e-02
2.129765427708625938e-02
2.284854411780834135e-02
2.236392913460731602e-02
2.419432010650634721e-02
2.404953295588493217e-02
2.289750500321388257e-02
2.284147474765777647e-02
2.295829398334026453e-02
2.575773667991161295e-02
2.481253978013992292e-02
2.380458895862102436e-02
2.261051414012909058e-02
2.378675745129585350e-02
2.203829665482044328e-02
