1.135000000000000037e-01
9.443000000000000282e-01
9.785000000000000364e-01
9.818999999999999950e-01
9.806000000000000272e-01
9.824000000000000510e-01
9.794000000000000483e-01
9.811999999999999611e-01
9.788000000000000034e-01
9.834000000000000519e-01
9.825000000000000400e-01
9.848000000000000087e-01
9.788000000000000034e-01
9.818999999999999950e-01
9.860999999999999766e-01
9.838999999999999968e-01
9.866000000000000325e-01
9.855000000000000426e-01
9.847000000000000197e-01
9.865000000000000435e-01
9.822999999999999510e-01
9.868000000000000105e-01
9.847000000000000197e-01
9.855000000000000426e-01
9.860999999999999766e-01
9.856000000000000316e-01
9.854000000000000536e-01
9.875000000000000444e-01
9.845000000000000417e-01
9.857000000000000206e-01
9.851999999999999647e-01
9.861999999999999655e-01
9.869999999999999885e-01
9.798999999999999932e-01
9.797000000000000153e-01
9.802999999999999492e-01
9.821999999999999620e-01
9.834000000000000519e-01
9.820999999999999730e-01
9.838999999999999968e-01
9.818000000000000060e-01
9.858999999999999986e-01
9.856000000000000316e-01
9.861999999999999655e-01
9.864000000000000545e-01
9.861999999999999655e-01
9.788000000000000034e-01
9.838000000000000078e-01
9.866000000000000325e-01
9.858999999999999986e-01
9.862999999999999545e-01
9.840999999999999748e-01
9.838999999999999968e-01
9.842999999999999527e-01
9.816000000000000281e-01
9.820999999999999730e-01
9.811999999999999611e-01
9.790999999999999703e-01
9.840999999999999748e-01
9.861999999999999655e-01
9.877000000000000224e-01
9.851999999999999647e-01
9.851999999999999647e-01
9.868999999999999995e-01
9.868999999999999995e-01
9.865000000000000435e-01
9.795000000000000373e-01
9.821999999999999620e-01
9.841999999999999638e-01
9.849999999999999867e-01
9.856000000000000316e-01
9.838000000000000078e-01
9.848999999999999977e-01
9.855000000000000426e-01
9.817000000000000171e-01
9.835000000000000409e-01
9.836000000000000298e-01
9.845000000000000417e-01
9.767000000000000126e-01
9.775000000000000355e-01
9.816000000000000281e-01
9.837000000000000188e-01
9.848999999999999977e-01
9.845000000000000417e-01
9.847000000000000197e-01
9.856000000000000316e-01
9.858000000000000096e-01
9.848999999999999977e-01
9.850999999999999757e-01
9.855000000000000426e-01
9.861999999999999655e-01
9.870999999999999774e-01
9.869999999999999885e-01
9.862999999999999545e-01
9.869999999999999885e-01
9.870999999999999774e-01
9.868000000000000105e-01
9.868999999999999995e-01
9.866000000000000325e-01
9.856000000000000316e-01
