2.491560354232788210e+00
2.078948389053344670e+00
2.026744424057006722e+00
1.985565404510498011e+00
1.861811897087097156e+00
1.777563654899597223e+00
1.628528510856628309e+00
1.533702449989318817e+00
1.412675729751586839e+00
1.365092786598205654e+00
1.341365565872192356e+00
1.236544022178649893e+00
1.211651185607910186e+00
1.177243110466003495e+00
1.088949670600891206e+00
1.045315410614013674e+00
1.012178754043579154e+00
9.675364221572876344e-01
9.001690254211426323e-01
8.815584191322326513e-01
8.489775950431823759e-01
8.374512352943420668e-01
7.825072696685790863e-01
7.530348531723022321e-01
7.477249110221863004e-01
7.234830636978148988e-01
7.177846837997436946e-01
7.260138803482055758e-01
7.662784049987793056e-01
7.244474824905395849e-01
7.467446692466735980e-01
7.719710747718810939e-01
7.990460728645324417e-01
8.230004062652588326e-01
8.469723152160644197e-01
8.822957483291625769e-01
8.696226873397827628e-01
8.677656181335449137e-01
8.996252000808715454e-01
9.401442079544067854e-01
9.690154520034790497e-01
9.767288497924804247e-01
1.013624074363708605e+00
1.024416218185424832e+00
1.072990451049804728e+00
1.083077138519287219e+00
1.112854472351074264e+00
1.125025320816040120e+00
1.143373196601867647e+00
1.122431561851501503e+00
1.100845595741271943e+00
1.139819700622558551e+00
1.182387702178955058e+00
9.257445755004882759e-01
9.214754465103149883e-01
8.873415070533752225e-01
9.231498359680175847e-01
9.594874895095825140e-01
1.004103333282470700e+00
1.044471807670593222e+00
1.056879971122741679e+00
1.088715948295593261e+00
1.109337925910949707e+00
1.134195219230651919e+00
1.142606994819641120e+00
1.160029706001281635e+00
1.180267668151855576e+00
1.192618715095520088e+00
1.201957666206359798e+00
1.220321850585937451e+00
1.228590100669860741e+00
1.241807264900207430e+00
1.242410325050353981e+00
1.258439318656921380e+00
1.270183946228027327e+00
1.280718321800232040e+00
1.285820452690124460e+00
1.291313141059875491e+00
1.322857891654968254e+00
1.206564787673950256e+00
1.058440775680542068e+00
9.769911548614501617e-01
9.556820287704467232e-01
9.295235031127929703e-01
9.396597858428955563e-01
9.712684471130370589e-01
1.006326389694213841e+00
1.018644404602050857e+00
1.049074690437316937e+00
1.072851684188842691e+00
1.105596957015991144e+00
1.127210105514526273e+00
1.138054578208923306e+00
1.152050810432434069e+00
1.165826732254028331e+00
1.176732119178772074e+00
1.191435040092468256e+00
1.207418678665161060e+00
1.215291586685180558e+00
