2.471581337738037121e+00
2.234832571029663040e+00
2.003408542633056566e+00
1.871912552261352447e+00
1.796224102210998597e+00
1.749323023605346750e+00
1.626250964736938531e+00
1.566753571891784658e+00
1.447356661033630365e+00
1.372936388397216767e+00
1.337593236923217743e+00
1.340579081726074318e+00
1.182785699081420949e+00
1.132087800598144511e+00
1.098225096130371004e+00
1.066336221313476607e+00
1.003627020645141643e+00
9.011433509826660693e-01
8.552335250854492532e-01
7.891111785888671459e-01
7.839513930320739510e-01
7.468696254730224915e-01
7.229983001708983892e-01
7.299957427978515101e-01
6.887076067924499112e-01
6.752142886161803803e-01
7.515439704895019446e-01
7.685993766784667836e-01
7.031800233840942438e-01
7.061982680320739725e-01
7.518856474876404183e-01
7.648063978195190904e-01
7.873169987678527715e-01
8.327161492347717742e-01
8.573255996704101101e-01
8.781253757476806809e-01
8.471728343963622621e-01
8.514888093948363990e-01
8.696151884078979766e-01
9.057223678588867122e-01
9.364214540481566873e-01
9.629405197143554584e-01
9.888372556686401138e-01
9.950411859512329205e-01
9.904927186965942765e-01
1.017456976509094169e+00
9.853638067245483745e-01
9.401753976821899395e-01
8.716353857040405329e-01
8.926199474334717276e-01
9.088498050689697294e-01
9.652670597076415948e-01
9.758568426132202545e-01
1.011580234527587940e+00
1.022611204338073732e+00
1.019406662178039547e+00
9.981341247558593865e-01
1.014953478240966822e+00
1.051222642517089856e+00
1.032187945938110252e+00
9.575589286804199185e-01
9.644004196166992005e-01
9.820940872192382987e-01
1.002099614906311054e+00
1.000705645942687960e+00
9.658018962860107637e-01
9.947774932861328523e-01
9.726402986526488936e-01
1.003958297920227061e+00
1.014712118721008194e+00
1.046308170509338442e+00
1.060457500457763658e+00
1.079499114418029704e+00
1.097719722938537590e+00
1.116723102569580073e+00
1.156359025955200126e+00
1.130295051383972238e+00
1.131673493766784722e+00
1.116585024452209529e+00
1.076344103240966854e+00
1.085642342376708980e+00
1.074461099433899003e+00
1.113760842704772935e+00
9.867526611328124586e-01
9.296597572326660286e-01
9.524679185867309661e-01
9.901339263916015820e-01
1.023766269302368137e+00
1.021623921012878355e+00
1.046977954864501958e+00
1.059243808746337834e+00
1.093280136489868104e+00
1.076315270233154209e+00
1.095668819046020426e+00
1.100514372253417861e+00
1.031845806503295826e+00
1.026096364784240711e+00
1.056110991287231515e+00
1.046340931892395076e+00
1.061877383232116667e+00
