9.108148577880859875e+01
3.727066278076172079e+00
2.808502807235717658e+00
2.591431012344360241e+00
3.061545372772216833e+00
3.105605004119873058e+00
2.550442123413085849e+00
2.493507192230224767e+00
2.679311254882812410e+00
2.299361494064330991e+00
2.588486863327026377e+00
2.375385815811157375e+00
2.515406379318237295e+00
2.572228291320800775e+00
2.536046542358398437e+00
2.331986980819702016e+00
2.644029751586914223e+00
2.566014176940917935e+00
2.412132464981079139e+00
2.688635630416869926e+00
2.460550054931640584e+00
2.512316302490234410e+00
3.163109762573242278e+00
2.983143342208862236e+00
2.904083438873291012e+00
3.172051232528686704e+00
3.522084218597412164e+00
3.105008563613891770e+00
2.740503415298461753e+00
2.588382074737548777e+00
2.907416053390503130e+00
3.642016332626342834e+00
3.662479077529907201e+00
3.974717789840698234e+00
3.738189884948730501e+00
3.218372891998290797e+00
4.892770783996581940e+00
3.678264340209961070e+00
3.874704174041748050e+00
4.585943862152099371e+00
3.486790848159790013e+00
4.112071083450317133e+00
4.056400160598754745e+00
4.215371682739258219e+00
4.346377680969238710e+00
4.017158816146850775e+00
4.160743720245361210e+00
4.266599044799805007e+00
4.191419737243652577e+00
4.162814355468749561e+00
4.198350264739990401e+00
4.173716257858276713e+00
4.199544184875488639e+00
4.188591343307495052e+00
4.225435431671142439e+00
4.223920064544677722e+00
4.231362425231933955e+00
4.243462964630126955e+00
4.260023289489746290e+00
4.194825268554687625e+00
4.202885401153564793e+00
4.190490997314452848e+00
4.218050054931640425e+00
4.199592881774901976e+00
4.159975881958008159e+00
4.159635633850097491e+00
4.220967847442627097e+00
4.157485766983032072e+00
4.205494250106811549e+00
4.197792671966552369e+00
4.201900949096679660e+00
4.149932496643066848e+00
4.183441249465942313e+00
4.208030548095702983e+00
4.154998389434814143e+00
4.187897951889038239e+00
4.228437270355224875e+00
4.177053335189818917e+00
4.211678112030029730e+00
4.208590372467041263e+00
4.206048633575439233e+00
4.174704819107055265e+00
4.188454551696777273e+00
4.194928565979004098e+00
4.234500230407714838e+00
4.213031908416748017e+00
4.163413220596313913e+00
4.184667737579345292e+00
4.164599132537841975e+00
4.131363574981689268e+00
4.183804172897338525e+00
4.202079998779296943e+00
4.222808204650879027e+00
4.171206381607055924e+00
4.137775306320190083e+00
4.166165663146972342e+00
4.142296056365966983e+00
4.169552794647216842e+00
4.175974951934814605e+00
4.184131990051269234e+00
