1.212000000000000022e-01
1.782999999999999863e-01
1.643000000000000016e-01
1.870999999999999885e-01
2.106000000000000094e-01
2.330000000000000127e-01
2.577999999999999736e-01
2.343999999999999972e-01
2.708999999999999742e-01
2.782999999999999918e-01
2.685000000000000164e-01
3.356999999999999984e-01
2.356999999999999929e-01
3.274000000000000243e-01
3.029000000000000026e-01
2.732999999999999874e-01
3.316000000000000059e-01
3.449999999999999734e-01
3.683000000000000163e-01
3.570999999999999730e-01
3.522000000000000131e-01
3.705999999999999850e-01
2.992000000000000215e-01
3.564999999999999836e-01
3.277999999999999803e-01
3.890000000000000124e-01
3.670999999999999819e-01
3.748000000000000220e-01
3.860000000000000098e-01
3.675999999999999823e-01
3.437000000000000055e-01
3.831999999999999851e-01
3.462999999999999967e-01
3.859000000000000208e-01
3.942999999999999838e-01
3.996000000000000107e-01
3.781999999999999806e-01
4.073999999999999844e-01
4.203999999999999959e-01
4.263000000000000123e-01
3.810000000000000053e-01
3.814000000000000168e-01
4.198000000000000065e-01
3.809000000000000163e-01
4.143000000000000016e-01
4.101000000000000201e-01
4.138000000000000012e-01
4.220999999999999752e-01
4.277000000000000246e-01
4.082999999999999963e-01
4.169999999999999818e-01
4.208999999999999964e-01
4.219999999999999862e-01
4.224999999999999867e-01
4.176000000000000267e-01
4.208999999999999964e-01
4.222000000000000197e-01
4.237000000000000210e-01
4.229999999999999871e-01
4.209999999999999853e-01
4.208999999999999964e-01
4.223999999999999977e-01
4.215999999999999748e-01
4.212000000000000188e-01
4.208000000000000074e-01
4.215999999999999748e-01
4.222000000000000197e-01
4.200999999999999734e-01
4.213000000000000078e-01
4.193999999999999950e-01
4.208999999999999964e-01
4.220999999999999752e-01
4.224999999999999867e-01
4.192000000000000171e-01
4.207000000000000184e-01
4.233999999999999986e-01
4.208999999999999964e-01
4.210999999999999743e-01
4.218000000000000083e-01
4.223000000000000087e-01
4.212000000000000188e-01
4.214999999999999858e-01
4.235999999999999766e-01
4.208000000000000074e-01
4.203000000000000069e-01
4.192000000000000171e-01
4.197000000000000175e-01
4.215999999999999748e-01
4.203000000000000069e-01
4.202000000000000179e-01
4.228999999999999981e-01
4.223999999999999977e-01
4.212000000000000188e-01
4.213000000000000078e-01
4.190999999999999726e-01
4.233000000000000096e-01
4.208000000000000074e-01
4.218000000000000083e-01
4.208000000000000074e-01
4.218999999999999972e-01
