2.471581374359130834e+00
2.234832522201537941e+00
2.003408505630493330e+00
1.871912548637390206e+00
1.796224102592468341e+00
1.749323026466369724e+00
1.626250980186462414e+00
1.566753636169433639e+00
1.447356685829162659e+00
1.372936345291137616e+00
1.337593304824829188e+00
1.340579097175598200e+00
1.182785680770874093e+00
1.132087751770019635e+00
1.098225114822387605e+00
1.066336141967773488e+00
1.003627036285400287e+00
9.011434005737304354e-01
8.552334915161132756e-01
7.891111295700072858e-01
7.839513826370239080e-01
7.468696346282959198e-01
7.229983085632324391e-01
7.299956624031066488e-01
6.887074983596801481e-01
6.752142983436584256e-01
7.515439072608948168e-01
7.685994969367980767e-01
7.031800250053406032e-01
7.061982454299926548e-01
7.518856783866881832e-01
7.648063428878784098e-01
7.873169371604918920e-01
8.327161657333373990e-01
8.573255887985229418e-01
8.781254670143127106e-01
8.471728712081909585e-01
8.514887393951415806e-01
8.696151807785034160e-01
9.057222274780273308e-01
9.364214693069458084e-01
9.629406114578247244e-01
9.888371244430541607e-01
9.950412149429321840e-01
9.904928094863891808e-01
1.017457155990600493e+00
9.853639459609985218e-01
9.401754928588866855e-01
8.716353927612304764e-01
8.926201076507568333e-01
9.088495262145995790e-01
9.652670803070068084e-01
9.758569013595581598e-01
1.011580376434326078e+00
1.022611223411560077e+00
1.019406500244140590e+00
9.981340379714965794e-01
1.014953532791137647e+00
1.051222812271118245e+00
1.032187931823730365e+00
9.575589475631713920e-01
9.644004007339477269e-01
9.820941251754761181e-01
1.002099722480773947e+00
1.000705179786682164e+00
9.658019508361815886e-01
9.947775234222412388e-01
9.726404176712035721e-01
1.003958502578735423e+00
1.014712182998657175e+00
1.046308138084411699e+00
1.060457621192932187e+00
1.079499055099487403e+00
1.097719697570800790e+00
1.116723440361022890e+00
1.156358947753906241e+00
1.130295240783691479e+00
1.131673071861267088e+00
1.116585177803039564e+00
1.076344074821472097e+00
1.085642587661743264e+00
1.074461083602905376e+00
1.113760771179199249e+00
9.867525562286376672e-01
9.296596073150634743e-01
9.524681005477905194e-01
9.901338666915893150e-01
1.023766034126281754e+00
1.021623878669738694e+00
1.046977923965454194e+00
1.059243791770934973e+00
1.093280105590820339e+00
1.076315371704101631e+00
1.095668830299377339e+00
1.100514254379272527e+00
1.031845846176147496e+00
1.026096354866027793e+00
1.056110661315917909e+00
1.046340888404846181e+00
1.061877473449706955e+00
