2.491560292434692236e+00
2.078948364639282342e+00
2.026744417953491251e+00
1.985565434646606509e+00
1.861811952018737726e+00
1.777563621520996007e+00
1.628528477096557570e+00
1.533702529335021936e+00
1.412675753402709899e+00
1.365092835807800276e+00
1.341365541076660062e+00
1.236544058799743606e+00
1.211651243782043474e+00
1.177243070983886808e+00
1.088949664497375514e+00
1.045315505218505914e+00
1.012178729629516605e+00
9.675363546371460455e-01
9.001689062118530815e-01
8.815584374427795078e-01
8.489776194572449253e-01
8.374513300895690682e-01
7.825072601318359133e-01
7.530348338127136332e-01
7.477249144554137805e-01
7.234829495429992985e-01
7.177846504211425893e-01
7.260139194488525183e-01
7.662783897399901845e-01
7.244475602149963445e-01
7.467446548461914579e-01
7.719709972381592067e-01
7.990460881233215629e-01
8.230003595352173296e-01
8.469721250534057999e-01
8.822956138610840160e-01
8.696227600097655719e-01
8.677656185150146584e-01
8.996249395370483626e-01
9.401442701339721708e-01
9.690155799865722841e-01
9.767288660049437965e-01
1.013624135208129884e+00
1.024416201782226477e+00
1.072990468025207589e+00
1.083077041816711494e+00
1.112854615020751892e+00
1.125025474357604915e+00
1.143373512077331622e+00
1.122431785583495989e+00
1.100845737648010303e+00
1.139819673919677756e+00
1.182387616157531740e+00
9.257445989608764636e-01
9.214754758834838855e-01
8.873415013313293853e-01
9.231497316360474104e-01
9.594876470565796289e-01
1.004103372764587387e+00
1.044471814346313421e+00
1.056880272483825767e+00
1.088715785408020054e+00
1.109337941741943334e+00
1.134195288658142120e+00
1.142606799697875930e+00
1.160029685401916533e+00
1.180267896461486776e+00
1.192618531799316317e+00
1.201957719993591356e+00
1.220321636962890643e+00
1.228590144157409636e+00
1.241807115173339859e+00
1.242410310363769588e+00
1.258439388656616309e+00
1.270184052276611242e+00
1.280718474006652841e+00
1.285820591163635340e+00
1.291313171958923256e+00
1.322857707023620710e+00
1.206564726257324249e+00
1.058440801048278868e+00
9.769912597656249531e-01
9.556818344116211339e-01
9.295235397338866834e-01
9.396595151901244725e-01
9.712682643890381273e-01
1.006326350402832137e+00
1.018644337654113663e+00
1.049074775123596259e+00
1.072851682472228951e+00
1.105596911811828509e+00
1.127210166549682535e+00
1.138054608535766565e+00
1.152050933456420845e+00
1.165826662635803146e+00
1.176732110214233407e+00
1.191434954643249444e+00
1.207418416213989154e+00
1.215291666030883899e+00
