1.471000000000000085e-01
2.283000000000000029e-01
2.218999999999999861e-01
2.033000000000000085e-01
2.514000000000000123e-01
2.838999999999999857e-01
2.926000000000000267e-01
3.382000000000000006e-01
3.421000000000000152e-01
3.366999999999999993e-01
3.502000000000000113e-01
3.373999999999999777e-01
3.648000000000000131e-01
3.839000000000000190e-01
3.463999999999999857e-01
3.924000000000000266e-01
3.980000000000000204e-01
3.970000000000000195e-01
4.020000000000000240e-01
3.760999999999999899e-01
3.817999999999999727e-01
3.876999999999999891e-01
3.721999999999999753e-01
4.321999999999999731e-01
3.987999999999999878e-01
4.274999999999999911e-01
4.279999999999999916e-01
4.153999999999999915e-01
4.446999999999999842e-01
3.881000000000000005e-01
4.474000000000000199e-01
4.526000000000000023e-01
3.988999999999999768e-01
4.279000000000000026e-01
4.143000000000000016e-01
4.260999999999999788e-01
4.203000000000000069e-01
4.661000000000000143e-01
4.809999999999999831e-01
4.815999999999999726e-01
4.729999999999999760e-01
4.868999999999999995e-01
4.853000000000000091e-01
4.853999999999999981e-01
4.832000000000000184e-01
4.877000000000000224e-01
4.905999999999999805e-01
4.914000000000000035e-01
4.919000000000000039e-01
4.913000000000000145e-01
4.909999999999999920e-01
4.900999999999999801e-01
4.909999999999999920e-01
4.923000000000000154e-01
4.903000000000000136e-01
4.909000000000000030e-01
4.904000000000000026e-01
4.932000000000000273e-01
4.922000000000000264e-01
4.909999999999999920e-01
4.919999999999999929e-01
4.912000000000000255e-01
4.885999999999999788e-01
4.902000000000000246e-01
4.929000000000000048e-01
4.930999999999999828e-01
4.924999999999999933e-01
4.904000000000000026e-01
4.909000000000000030e-01
4.913000000000000145e-01
4.914999999999999925e-01
4.903000000000000136e-01
4.909000000000000030e-01
4.937000000000000277e-01
4.912000000000000255e-01
4.913000000000000145e-01
4.930999999999999828e-01
4.899000000000000021e-01
4.929999999999999938e-01
4.909000000000000030e-01
4.933000000000000163e-01
4.889000000000000012e-01
4.899999999999999911e-01
4.905999999999999805e-01
4.880999999999999783e-01
4.937000000000000277e-01
4.905999999999999805e-01
4.918000000000000149e-01
4.940999999999999837e-01
4.933000000000000163e-01
4.907000000000000250e-01
4.899000000000000021e-01
4.922000000000000264e-01
4.895999999999999797e-01
4.913000000000000145e-01
4.929000000000000048e-01
4.927000000000000268e-01
4.927000000000000268e-01
4.913000000000000145e-01
4.909999999999999920e-01
