2.471581386566162220e+00
2.234832436752319129e+00
2.003408517837524272e+00
1.871912591743469134e+00
1.796224087142944237e+00
1.749323047637939554e+00
1.626250959014892583e+00
1.566753682518005286e+00
1.447356673240661529e+00
1.372936388397216767e+00
1.337593328857421771e+00
1.340579148864746051e+00
1.182785763359069930e+00
1.132087721252441392e+00
1.098225098800659216e+00
1.066336154174804651e+00
1.003627054214477621e+00
9.011433725357055335e-01
8.552335453987121028e-01
7.891111570358276817e-01
7.839513614654540774e-01
7.468696576118468711e-01
7.229982597351074514e-01
7.299956848144530941e-01
6.887075575828551788e-01
6.752142629623413272e-01
7.515440333366394388e-01
7.685992998123168940e-01
7.031801248550415551e-01
7.061983231544494144e-01
7.518858266830443782e-01
7.648062395095824861e-01
7.873169622421264391e-01
8.327162693023681950e-01
8.573256517410278166e-01
8.781255470275879382e-01
8.471727798461914372e-01
8.514887826919556035e-01
8.696152748107910391e-01
9.057222549438476156e-01
9.364214864730835419e-01
9.629404830932617454e-01
9.888372823715210203e-01
9.950410503387451255e-01
9.904927946090698043e-01
1.017457081604003832e+00
9.853637556076050297e-01
9.401754741668700843e-01
8.716355751037597743e-01
8.926199420928955242e-01
9.088496191024780790e-01
9.652671255111694437e-01
9.758567960739136238e-01
1.011580332946777405e+00
1.022611234283447246e+00
1.019406480598449738e+00
9.981342250823974638e-01
1.014953487396240250e+00
1.051222748184204026e+00
1.032188051414489660e+00
9.575586746215820622e-01
9.644004949569702223e-01
9.820940307617187504e-01
1.002099904441833500e+00
1.000705393028259227e+00
9.658019756317138826e-01
9.947775392532348659e-01
9.726402067184448663e-01
1.003958098220825157e+00
1.014712162780761817e+00
1.046308163261413515e+00
1.060457594299316408e+00
1.079499070167541541e+00
1.097719827270507764e+00
1.116723412322998099e+00
1.156358726119995017e+00
1.130295099830627370e+00
1.131673194694519102e+00
1.116584956932067829e+00
1.076344343376159696e+00
1.085642369079589775e+00
1.074460781669616782e+00
1.113760917663574324e+00
9.867526350021362802e-01
9.296596948623657708e-01
9.524680126190185891e-01
9.901340225219726898e-01
1.023766245269775332e+00
1.021623943710327165e+00
1.046978073501587003e+00
1.059243996810913080e+00
1.093280167007446346e+00
1.076315282249450611e+00
1.095668727111816398e+00
1.100514364814758395e+00
1.031845961189270078e+00
1.026096412086486831e+00
1.056110698509216350e+00
1.046340921592712414e+00
1.061877471733093214e+00
