1.229999999999999982e-01
1.416999999999999926e-01
2.059999999999999887e-01
2.190000000000000002e-01
2.389999999999999902e-01
2.525000000000000022e-01
2.580999999999999961e-01
2.942000000000000171e-01
3.100999999999999868e-01
2.973999999999999977e-01
2.765000000000000235e-01
3.005999999999999783e-01
3.307999999999999829e-01
3.827999999999999736e-01
3.454999999999999738e-01
3.741999999999999771e-01
3.673000000000000154e-01
3.930000000000000160e-01
3.701999999999999735e-01
3.643000000000000127e-01
3.766999999999999793e-01
3.644000000000000017e-01
3.981999999999999984e-01
3.735999999999999877e-01
4.022999999999999909e-01
3.556000000000000272e-01
3.986000000000000099e-01
4.062999999999999945e-01
4.067999999999999949e-01
4.097999999999999976e-01
4.174999999999999822e-01
4.017999999999999905e-01
4.050000000000000266e-01
4.425999999999999934e-01
4.122999999999999998e-01
4.228000000000000091e-01
3.970000000000000195e-01
4.157000000000000139e-01
4.270999999999999797e-01
4.334999999999999964e-01
4.338000000000000189e-01
4.304999999999999938e-01
4.220999999999999752e-01
4.238999999999999990e-01
4.078999999999999848e-01
3.927999999999999825e-01
4.197000000000000175e-01
4.360999999999999877e-01
4.248999999999999999e-01
4.466999999999999860e-01
4.447999999999999732e-01
4.424000000000000155e-01
4.401999999999999802e-01
4.431999999999999829e-01
4.425000000000000044e-01
4.431999999999999829e-01
4.430000000000000049e-01
4.420000000000000040e-01
4.434000000000000163e-01
4.424000000000000155e-01
4.440000000000000058e-01
4.436999999999999833e-01
4.424000000000000155e-01
4.430000000000000049e-01
4.418000000000000260e-01
4.436999999999999833e-01
4.440999999999999948e-01
4.441999999999999837e-01
4.456999999999999851e-01
4.440999999999999948e-01
4.426999999999999824e-01
4.415999999999999925e-01
4.421999999999999820e-01
4.433000000000000274e-01
4.437999999999999723e-01
4.439000000000000168e-01
4.456999999999999851e-01
4.442999999999999727e-01
4.455000000000000071e-01
4.447999999999999732e-01
4.457999999999999741e-01
4.431999999999999829e-01
4.436999999999999833e-01
4.434000000000000163e-01
4.424000000000000155e-01
4.445000000000000062e-01
4.441999999999999837e-01
4.449000000000000177e-01
4.420999999999999930e-01
4.434000000000000163e-01
4.450999999999999956e-01
4.440999999999999948e-01
4.445000000000000062e-01
4.445999999999999952e-01
4.437999999999999723e-01
4.406999999999999806e-01
4.446999999999999842e-01
4.445000000000000062e-01
4.466999999999999860e-01
4.454000000000000181e-01
