1.158536177520752020e+01
3.092001086807250942e+00
2.701153110885619935e+00
2.395498861694335790e+00
2.421448480606079201e+00
2.273734502792358558e+00
2.267873003387451014e+00
2.172903715896606247e+00
2.383243972778320341e+00
2.379830084609985352e+00
2.525293819427490316e+00
2.289887819290161275e+00
2.286086858367919916e+00
2.251809512710571504e+00
2.099564875030517364e+00
2.130784155273437452e+00
2.291554660797119336e+00
2.051548346710204918e+00
1.996916238021850587e+00
2.478817285537719517e+00
2.291052678680419952e+00
2.189337033843994362e+00
2.450638636016845506e+00
2.345111536407470609e+00
2.658446176910400194e+00
2.397658153915405155e+00
2.824883027648925626e+00
2.708428801727294832e+00
2.346938500595092680e+00
2.539169210815429789e+00
3.567148840713501023e+00
3.370876713943481651e+00
2.896717193603515650e+00
3.990574290466308405e+00
3.609910345077514737e+00
3.536772434616088923e+00
4.003478822326660413e+00
3.215632559585571482e+00
3.547344241333007631e+00
4.002763639068603219e+00
4.036787011718749874e+00
3.603234765624999891e+00
3.517806090545654296e+00
4.040645166015624845e+00
3.939196531295776182e+00
3.786466781616210753e+00
4.007347123718261628e+00
3.801308120727539208e+00
4.116373433685303063e+00
4.016021580886841136e+00
3.861386962127685507e+00
3.885263467025756867e+00
3.838927992630004837e+00
3.843908853149414107e+00
3.842753828430175655e+00
3.909956482315063653e+00
3.830008206176757746e+00
3.857432742691039973e+00
3.856238265228271622e+00
3.836309853363037092e+00
3.854243349456786927e+00
3.841315885543823416e+00
3.815947171783447445e+00
3.808812355041503839e+00
3.842322621536254701e+00
3.825267179489135749e+00
3.824778957366943288e+00
3.819101566314697216e+00
3.858690783691406168e+00
3.830713940048217747e+00
3.852627536773681527e+00
3.826598005294799876e+00
3.788134868240356390e+00
3.808958644104003977e+00
3.823643886566161942e+00
3.837004077911376765e+00
3.807089202880859169e+00
3.840076874542236229e+00
3.808501103591918735e+00
3.821641306304931707e+00
3.842069528198241990e+00
3.813778405380249037e+00
3.816640327453613146e+00
3.817370755767822477e+00
3.835331420516967960e+00
3.822380884933471723e+00
3.760157503509521604e+00
3.820115652847289933e+00
3.815145373153686403e+00
3.792692804336547763e+00
3.844117306900024289e+00
3.823009072113037199e+00
3.826121173095703210e+00
3.861923181915283276e+00
3.832223212814330982e+00
3.791383739471435366e+00
3.811870791244506673e+00
3.782855961227416852e+00
3.858552529144287035e+00
3.813268624496459758e+00
