1.615153259765625080e+02
6.239326831817627372e+00
4.361328037261962720e+00
3.663513763427734382e+00
3.525005411529540833e+00
3.389980773925781232e+00
3.194148983764648619e+00
3.735949333572387676e+00
3.278356099700927562e+00
3.274211568069457901e+00
3.574648443984985491e+00
3.524626698684692361e+00
3.065827136993408253e+00
3.230665426635741966e+00
3.277112626647949334e+00
3.098464835739135559e+00
3.043986560058593582e+00
3.323960754776000837e+00
2.895621907043457011e+00
3.961798059463501165e+00
3.372961349868774494e+00
3.137736980819702204e+00
3.088068254852295080e+00
3.406399374771118094e+00
3.896141924285888791e+00
3.644419038391113475e+00
3.337145927429199244e+00
3.876821926879882696e+00
3.341140968704223724e+00
3.874905079269409303e+00
3.819421496963501195e+00
4.775510383605957365e+00
3.821448607254028129e+00
3.858790438842773618e+00
3.696784120559692521e+00
4.006502985382080162e+00
4.909459800720214595e+00
3.779829973220825146e+00
3.817079763793945091e+00
4.619269418334960520e+00
4.372391167449951155e+00
4.235401919555664030e+00
4.190615520477295242e+00
4.095008059692382574e+00
4.575847666168212591e+00
4.805564398193359565e+00
4.647671857452392530e+00
4.493402357482910503e+00
4.594838308715820219e+00
5.092550780487060891e+00
4.616746736907958670e+00
4.519448867797851932e+00
4.480195132446288753e+00
4.516496893310546490e+00
4.434580706787109250e+00
4.446922946929931619e+00
4.430078178405762124e+00
4.484486004638672085e+00
4.479903321838379249e+00
4.454814311218261658e+00
4.411277851104736136e+00
4.420985329437256084e+00
4.406212834930419930e+00
4.475835546875000404e+00
4.455851200103759346e+00
4.407431893157959024e+00
4.449341339111327898e+00
4.442726333618163714e+00
4.434226543426513345e+00
4.445725933837890942e+00
4.458829662322997933e+00
4.389208541107177730e+00
4.390718593597411790e+00
4.363887107086181771e+00
4.387507099151611634e+00
4.403541680145263371e+00
4.406920629119873034e+00
4.427537508392333621e+00
4.385578170013427979e+00
4.409662009429931473e+00
4.379084491729736683e+00
4.368644654846191244e+00
4.325848149871825754e+00
4.424408792114257416e+00
4.370696392822265963e+00
4.409730708312988412e+00
4.389125213623047195e+00
4.372228093719482622e+00
4.347814418792724567e+00
4.402876502227782929e+00
4.417708300018310830e+00
4.391165849304199398e+00
4.400482405090332172e+00
4.417991371154784908e+00
4.392036568450928158e+00
4.410114441680907937e+00
4.357983245849609055e+00
4.351375551605224601e+00
4.368166546630859237e+00
4.401536730957031018e+00
