9.940000000000000224e-02
1.398999999999999966e-01
1.469999999999999918e-01
1.756000000000000061e-01
1.738000000000000100e-01
2.149999999999999967e-01
2.273000000000000020e-01
1.802999999999999881e-01
2.180999999999999883e-01
2.570999999999999952e-01
2.240999999999999936e-01
2.520000000000000018e-01
2.691000000000000059e-01
2.684000000000000274e-01
2.566999999999999837e-01
3.146999999999999797e-01
2.849999999999999756e-01
3.034000000000000030e-01
3.246999999999999886e-01
2.985999999999999766e-01
2.962000000000000188e-01
3.236999999999999877e-01
3.472999999999999976e-01
3.388999999999999790e-01
3.029999999999999916e-01
3.433999999999999830e-01
3.410000000000000253e-01
3.071999999999999731e-01
3.564999999999999836e-01
3.390000000000000235e-01
3.538000000000000034e-01
3.195999999999999952e-01
3.506000000000000227e-01
3.628000000000000114e-01
3.836999999999999855e-01
3.618000000000000105e-01
3.502000000000000113e-01
3.880000000000000115e-01
3.713000000000000189e-01
3.615999999999999770e-01
3.719999999999999973e-01
3.665999999999999814e-01
3.786999999999999811e-01
3.865000000000000102e-01
3.594999999999999862e-01
3.590999999999999748e-01
3.766999999999999793e-01
3.578999999999999959e-01
3.682000000000000273e-01
3.438999999999999835e-01
3.648000000000000131e-01
3.719999999999999973e-01
3.744000000000000106e-01
3.733000000000000207e-01
3.771999999999999797e-01
3.758000000000000229e-01
3.773000000000000242e-01
3.748000000000000220e-01
3.755000000000000004e-01
3.760000000000000009e-01
3.799000000000000155e-01
3.778000000000000247e-01
3.805000000000000049e-01
3.741999999999999771e-01
3.775000000000000022e-01
3.788000000000000256e-01
3.799000000000000155e-01
3.789000000000000146e-01
3.804000000000000159e-01
3.801999999999999824e-01
3.785000000000000031e-01
3.821999999999999842e-01
3.815999999999999948e-01
3.820000000000000062e-01
3.805999999999999939e-01
3.799000000000000155e-01
3.790999999999999925e-01
3.785999999999999921e-01
3.806999999999999829e-01
3.796999999999999820e-01
3.800000000000000044e-01
3.820000000000000062e-01
3.822999999999999732e-01
3.785999999999999921e-01
3.820000000000000062e-01
3.810000000000000053e-01
3.801999999999999824e-01
3.810999999999999943e-01
3.827999999999999736e-01
3.812999999999999723e-01
3.795000000000000040e-01
3.804000000000000159e-01
3.800999999999999934e-01
3.804000000000000159e-01
3.803000000000000269e-01
3.794000000000000150e-01
3.811999999999999833e-01
3.826999999999999846e-01
3.821999999999999842e-01
3.798000000000000265e-01
