9.657750363769531532e+01
5.596188411712646804e+00
3.950045961761474711e+00
3.644337181854248264e+00
3.299609579467773557e+00
3.505817446899413881e+00
3.223481503677368298e+00
3.066303007125854574e+00
2.972610096740722518e+00
2.694528677368164260e+00
2.831700889205932548e+00
2.658477265930175637e+00
3.039042874908447267e+00
2.743123071670532376e+00
3.388955443191528527e+00
3.026244677734374999e+00
3.713508627319336064e+00
3.308520120239257789e+00
3.409795266342162900e+00
3.834875409698486504e+00
4.248972380828857531e+00
4.143334665679931916e+00
4.260723373413085824e+00
4.262773479461669623e+00
3.536264050292968530e+00
3.520534298706054610e+00
4.422447406768799105e+00
4.515819085693359547e+00
3.649977759552001988e+00
4.030599026489257497e+00
3.737259930419921883e+00
4.172519298553466705e+00
4.022632341766357200e+00
4.332804537963867553e+00
3.825372933959961141e+00
3.965665824127197148e+00
4.002945882415771095e+00
4.075864859771728632e+00
4.123436128997802541e+00
4.038684597778320118e+00
4.142539942169189082e+00
3.953731840515136930e+00
4.041034367370605729e+00
4.031506989288329734e+00
3.943895683288574094e+00
3.992482312011718548e+00
3.955205757904052710e+00
3.881490682220459121e+00
3.885081089782715047e+00
3.832080247497558378e+00
3.900040031433105625e+00
3.908441400146484224e+00
3.849846595001220617e+00
3.868411915588378935e+00
3.858524559020996225e+00
3.888436750030517697e+00
3.886349113464355298e+00
3.834326038360595490e+00
3.847460636138916090e+00
3.869538722229004080e+00
3.842398329162597825e+00
3.869606153106689650e+00
3.833653656768798879e+00
3.845291121673584112e+00
3.840818655395507708e+00
3.844477654266357458e+00
3.838269889068603558e+00
3.866969638824462763e+00
3.841659984588623011e+00
3.860358958435058607e+00
3.855028429412841628e+00
3.849167189788818444e+00
3.793303018188476372e+00
3.865386354827880844e+00
3.801168576812744337e+00
3.840664426422119249e+00
3.858835589599609595e+00
3.833098083496093711e+00
3.826983003234863290e+00
3.823673708343505950e+00
3.809883343505859443e+00
3.796656540679931524e+00
3.830395856475830030e+00
3.814614045715332136e+00
3.818379574584961134e+00
3.819679777526855613e+00
3.784182859039306734e+00
3.825949979400634859e+00
3.858099359130859440e+00
3.819273634338379075e+00
3.838809300994872942e+00
3.826507257843017484e+00
3.827713574218750026e+00
3.834611627197265449e+00
3.783852053070068333e+00
3.809828784179687400e+00
3.841601200866699095e+00
3.805501872253417961e+00
3.798228911590576296e+00
3.796995112609863110e+00
