2.471581362152099448e+00
2.234832497787475614e+00
2.003408523941040187e+00
1.871912478256225532e+00
1.796224047660827550e+00
1.749323047637939554e+00
1.626250967597961505e+00
1.566753614616394064e+00
1.447356645965576227e+00
1.372936330223083479e+00
1.337593291854858313e+00
1.340579130554199194e+00
1.182785677909851119e+00
1.132087757873535105e+00
1.098225108337402389e+00
1.066336222076416096e+00
1.003626975059509263e+00
9.011433845520019359e-01
8.552334744453430337e-01
7.891111474990845087e-01
7.839513689994811463e-01
7.468696586608887245e-01
7.229983150482177656e-01
7.299957261085510130e-01
6.887076159477233395e-01
6.752142491340636932e-01
7.515440008163452035e-01
7.685993917465210323e-01
7.031800296783446980e-01
7.061982725143433060e-01
7.518856078147888589e-01
7.648062836647033791e-01
7.873169882774353479e-01
8.327162227630615643e-01
8.573256881713867683e-01
8.781255181312560554e-01
8.471727972030639320e-01
8.514888460159302230e-01
8.696153661727905604e-01
9.057222707748413537e-01
9.364214607238769972e-01
9.629405765533447514e-01
9.888371879577636525e-01
9.950411447525024933e-01
9.904929450988769757e-01
1.017457167625427150e+00
9.853638690948486323e-01
9.401753952026367100e-01
8.716355688095093202e-01
8.926202068328857875e-01
9.088497228622436364e-01
9.652669948577881076e-01
9.758568784713744781e-01
1.011580234527587940e+00
1.022611192512512313e+00
1.019406538581848043e+00
9.981342184066772649e-01
1.014953486061096255e+00
1.051222873497009269e+00
1.032187775230407611e+00
9.575589382171630914e-01
9.644003705978393404e-01
9.820941452026367147e-01
1.002099755859374941e+00
1.000705378150939850e+00
9.658019145965576202e-01
9.947774936676024859e-01
9.726404428482056108e-01
1.003958253479003915e+00
1.014712120056152411e+00
1.046308141708373940e+00
1.060457608032226551e+00
1.079499159431457578e+00
1.097719837951660171e+00
1.116723451042175297e+00
1.156358964347839358e+00
1.130295097351074141e+00
1.131673203086853041e+00
1.116585164260864182e+00
1.076344192504882891e+00
1.085642268562316826e+00
1.074461018371581922e+00
1.113760946083068859e+00
9.867526178359985467e-01
9.296597145080566227e-01
9.524679748535156421e-01
9.901340002059936252e-01
1.023766183662414564e+00
1.021623856163024868e+00
1.046977945327758786e+00
1.059243799781799389e+00
1.093280391883850067e+00
1.076315365028381432e+00
1.095668795204162604e+00
1.100514321517944261e+00
1.031845886230468690e+00
1.026096472930908110e+00
1.056110670280456576e+00
1.046341009330749472e+00
1.061877450370788623e+00
