3.541580237426757805e+01
8.714630892944336793e+00
7.475710704040527510e+00
7.153972712707519221e+00
7.516160914611816679e+00
6.869777388000488649e+00
6.722443354797363213e+00
6.907602516174316420e+00
7.153800402832031224e+00
6.313209454345702909e+00
6.385530123901367539e+00
6.881121601867675963e+00
6.274459576416015594e+00
6.578890097045898777e+00
5.958900476074219021e+00
6.624211572265624959e+00
6.265326758575439747e+00
6.093915920257568786e+00
6.871519742584228929e+00
6.887790670013427707e+00
7.243302705383301010e+00
5.903575836181640391e+00
7.663764865112304925e+00
6.455630796051025300e+00
8.116995512390136724e+00
7.555076628112792569e+00
7.413039273071288626e+00
7.967021965026855668e+00
7.113478173065185928e+00
7.770930416870116986e+00
8.154165490722656173e+00
8.756390742492675017e+00
8.697522225952148744e+00
7.288276248168945592e+00
7.668405331420898641e+00
8.731534376525878827e+00
7.292271286010742593e+00
7.904038879394531314e+00
8.055413925170897826e+00
8.192922927856445270e+00
7.264158399963378976e+00
9.348365826416015878e+00
9.237688648986816631e+00
7.856847511291503494e+00
7.611003393554687690e+00
7.805488218688965141e+00
8.880244015502929855e+00
8.951254766845703870e+00
8.270882598876953651e+00
7.691176632690429393e+00
8.276462965393067250e+00
8.322001487731933267e+00
8.222692303466796915e+00
8.183008319091797489e+00
8.231813278198242045e+00
8.119522550964354934e+00
8.212709037780761889e+00
8.264781510925292451e+00
8.233790458679198565e+00
8.272663676452637560e+00
8.298699279785155980e+00
8.237292129516601946e+00
8.290235977172851989e+00
8.147654820251464258e+00
8.329826947021484074e+00
8.212030847167968162e+00
8.188339056396484850e+00
8.081650540161133378e+00
8.119242282104492503e+00
8.178755943298339659e+00
8.215385263061524057e+00
8.205469227600097781e+00
8.069591474914551199e+00
8.358741061401367745e+00
8.222368434143065841e+00
8.240933956909179514e+00
8.194697689819335551e+00
8.164029809570312324e+00
8.129308274841308801e+00
8.182359317016601352e+00
8.248390113830566861e+00
8.235673553466796193e+00
8.219326467895507804e+00
8.179782795715331289e+00
8.275356646728516452e+00
8.154029745483398983e+00
8.238420745849609261e+00
8.124452978515625645e+00
8.309224623107910546e+00
8.159258808898925963e+00
8.290932557678223347e+00
8.246039196777344316e+00
8.230109507751464548e+00
8.211798591613769460e+00
8.157879014587402722e+00
8.132208056640624960e+00
8.170663082885742057e+00
8.185314685058592943e+00
8.216734164428711296e+00
8.202615370178222065e+00
