9.969999999999999696e-02
1.630000000000000060e-01
2.156000000000000139e-01
2.419000000000000039e-01
2.351999999999999924e-01
2.290000000000000091e-01
2.389000000000000012e-01
2.760000000000000231e-01
2.733999999999999764e-01
2.832000000000000073e-01
2.848999999999999866e-01
2.977000000000000202e-01
2.492999999999999938e-01
3.076999999999999735e-01
3.059000000000000052e-01
3.289000000000000257e-01
3.286000000000000032e-01
3.185000000000000053e-01
3.064000000000000057e-01
3.360000000000000209e-01
3.312999999999999834e-01
3.245999999999999996e-01
3.351999999999999980e-01
3.143000000000000238e-01
3.114999999999999991e-01
3.225000000000000089e-01
3.074999999999999956e-01
3.239000000000000212e-01
3.529999999999999805e-01
3.270000000000000129e-01
3.260000000000000120e-01
3.568000000000000060e-01
3.270000000000000129e-01
3.536000000000000254e-01
3.290000000000000147e-01
3.731999999999999762e-01
3.634000000000000008e-01
3.618000000000000105e-01
3.683000000000000163e-01
3.669999999999999929e-01
3.672000000000000264e-01
3.766999999999999793e-01
3.808000000000000274e-01
3.709999999999999964e-01
3.751999999999999780e-01
3.629999999999999893e-01
3.895000000000000129e-01
3.655999999999999805e-01
3.739999999999999991e-01
3.629000000000000004e-01
3.791999999999999815e-01
3.775000000000000022e-01
3.780999999999999917e-01
3.804000000000000159e-01
3.821999999999999842e-01
3.791999999999999815e-01
3.821999999999999842e-01
3.820000000000000062e-01
3.829000000000000181e-01
3.835999999999999965e-01
3.821999999999999842e-01
3.822999999999999732e-01
3.831999999999999851e-01
3.845000000000000084e-01
3.817999999999999727e-01
3.819000000000000172e-01
3.830000000000000071e-01
3.842999999999999750e-01
3.822999999999999732e-01
3.829000000000000181e-01
3.842999999999999750e-01
3.834000000000000186e-01
3.839000000000000190e-01
3.836999999999999855e-01
3.860000000000000098e-01
3.856999999999999873e-01
3.854000000000000203e-01
3.850999999999999979e-01
3.859000000000000208e-01
3.854000000000000203e-01
3.851999999999999869e-01
3.835999999999999965e-01
3.846999999999999864e-01
3.859000000000000208e-01
3.849000000000000199e-01
3.851999999999999869e-01
3.851999999999999869e-01
3.849000000000000199e-01
3.850999999999999979e-01
3.840999999999999970e-01
3.850000000000000089e-01
3.845999999999999974e-01
3.835999999999999965e-01
3.842999999999999750e-01
3.862999999999999767e-01
3.840000000000000080e-01
3.845000000000000084e-01
3.839000000000000190e-01
3.865999999999999992e-01
3.841999999999999860e-01
