9.990000000000000269e-02
1.100000000000000006e-01
8.830000000000000349e-02
1.378999999999999948e-01
1.948999999999999899e-01
1.782999999999999863e-01
2.059999999999999887e-01
2.255999999999999950e-01
2.273999999999999910e-01
2.290999999999999981e-01
2.467999999999999916e-01
2.943999999999999950e-01
2.877000000000000113e-01
2.642999999999999794e-01
3.052000000000000268e-01
3.032000000000000250e-01
3.035999999999999810e-01
2.828999999999999848e-01
2.837000000000000077e-01
3.104999999999999982e-01
2.635000000000000120e-01
3.183000000000000274e-01
3.216999999999999860e-01
3.143000000000000238e-01
2.780000000000000249e-01
2.883000000000000007e-01
3.387999999999999901e-01
3.076999999999999735e-01
3.074000000000000066e-01
2.836000000000000187e-01
2.973999999999999977e-01
3.141999999999999793e-01
2.985999999999999766e-01
3.713000000000000189e-01
3.214000000000000190e-01
3.030999999999999805e-01
3.301999999999999935e-01
3.472999999999999976e-01
3.291999999999999926e-01
3.358999999999999764e-01
3.449999999999999734e-01
3.331000000000000072e-01
3.392999999999999905e-01
3.271999999999999909e-01
3.452999999999999958e-01
3.350000000000000200e-01
3.477999999999999980e-01
3.361999999999999988e-01
3.474999999999999756e-01
3.166999999999999815e-01
3.360000000000000209e-01
3.385000000000000231e-01
3.342999999999999861e-01
3.391000000000000125e-01
3.385000000000000231e-01
3.407000000000000028e-01
3.392000000000000015e-01
3.363999999999999768e-01
3.355000000000000204e-01
3.422999999999999932e-01
3.406000000000000139e-01
3.416000000000000147e-01
3.406000000000000139e-01
3.378999999999999782e-01
3.352999999999999869e-01
3.387999999999999901e-01
3.407000000000000028e-01
3.395000000000000240e-01
3.367999999999999883e-01
3.395000000000000240e-01
3.401000000000000134e-01
3.367999999999999883e-01
3.387999999999999901e-01
3.423999999999999821e-01
3.367999999999999883e-01
3.417999999999999927e-01
3.398999999999999799e-01
3.397000000000000020e-01
3.408999999999999808e-01
3.382000000000000006e-01
3.426000000000000156e-01
3.427999999999999936e-01
3.418999999999999817e-01
3.376000000000000112e-01
3.392000000000000015e-01
3.457000000000000073e-01
3.417999999999999927e-01
3.402000000000000024e-01
3.422999999999999932e-01
3.363999999999999768e-01
3.402000000000000024e-01
3.418999999999999817e-01
3.412999999999999923e-01
3.392999999999999905e-01
3.407000000000000028e-01
3.425000000000000266e-01
3.382000000000000006e-01
3.380000000000000226e-01
3.382999999999999896e-01
3.418999999999999817e-01
