2.491560342025756825e+00
2.078948364639282342e+00
2.026744387817382975e+00
1.985565410232543959e+00
1.861811933708190869e+00
1.777563676452636798e+00
1.628528510856628309e+00
1.533702465057372955e+00
1.412675726509094343e+00
1.365092829322814838e+00
1.341365553283691447e+00
1.236544052696228135e+00
1.211651228332519592e+00
1.177243079948425253e+00
1.088949719429016083e+00
1.045315459442138772e+00
1.012178720474243176e+00
9.675363639831543461e-01
9.001690162658690930e-01
8.815584600448608255e-01
8.489775691986084505e-01
8.374513787269591836e-01
7.825072360992431086e-01
7.530347833633422860e-01
7.477249734878540499e-01
7.234830207824707315e-01
7.177847128868103388e-01
7.260138693809509158e-01
7.662784184455871950e-01
7.244475131988525884e-01
7.467446826934814874e-01
7.719709993362426914e-01
7.990461254119872736e-01
8.230004297256470203e-01
8.469722743034362455e-01
8.822957201004028027e-01
8.696225645065307486e-01
8.677656858444213750e-01
8.996250616073608875e-01
9.401442308425903560e-01
9.690156164169311248e-01
9.767288995742797741e-01
1.013624351882934649e+00
1.024416292190551747e+00
1.072990404701232858e+00
1.083077003860473564e+00
1.112854636764526450e+00
1.125025556373596247e+00
1.143373294258117623e+00
1.122431576728820879e+00
1.100845719718933191e+00
1.139819707489013734e+00
1.182387650108337462e+00
9.257444623947143070e-01
9.214757308959961035e-01
8.873414219856262664e-01
9.231497900009155710e-01
9.594874559402465364e-01
1.004103515434265237e+00
1.044471633338928118e+00
1.056880223083496162e+00
1.088715925598144452e+00
1.109337755393981828e+00
1.134195330047607531e+00
1.142606939315795822e+00
1.160029757499694725e+00
1.180267787933349632e+00
1.192618533134460534e+00
1.201957498168945371e+00
1.220321728897094671e+00
1.228590018844604392e+00
1.241807340049743580e+00
1.242410187530517574e+00
1.258439225769042880e+00
1.270184054374694727e+00
1.280718588066101171e+00
1.285820481491088962e+00
1.291313286781311076e+00
1.322857686233520402e+00
1.206564960289001398e+00
1.058440818405151473e+00
9.769911342620849481e-01
9.556819829940795819e-01
9.295234748840331962e-01
9.396596694946288686e-01
9.712683427810668846e-01
1.006326226425170889e+00
1.018644276428222639e+00
1.049074727249145411e+00
1.072851748085021928e+00
1.105596884346008224e+00
1.127210029602050856e+00
1.138054541969299338e+00
1.152050913810729993e+00
1.165826665496826120e+00
1.176732077217102157e+00
1.191435044670104970e+00
1.207418595886230461e+00
1.215291644477844324e+00
