1.018000000000000016e-01
1.612000000000000099e-01
1.627000000000000113e-01
1.698999999999999955e-01
1.819999999999999951e-01
1.743999999999999995e-01
1.685999999999999999e-01
1.895999999999999908e-01
2.126000000000000112e-01
2.122999999999999887e-01
2.265000000000000069e-01
2.371000000000000052e-01
2.492999999999999938e-01
2.713999999999999746e-01
2.597999999999999754e-01
2.800000000000000266e-01
2.470999999999999863e-01
2.907000000000000139e-01
2.626999999999999891e-01
2.813999999999999835e-01
2.871000000000000218e-01
2.632999999999999785e-01
3.170999999999999930e-01
2.918000000000000038e-01
3.064999999999999947e-01
2.827000000000000068e-01
2.849999999999999756e-01
2.918000000000000038e-01
2.882000000000000117e-01
3.049999999999999933e-01
2.937000000000000166e-01
3.361999999999999988e-01
2.911000000000000254e-01
3.256999999999999895e-01
3.275000000000000133e-01
3.244000000000000217e-01
3.304000000000000270e-01
3.225999999999999979e-01
3.336000000000000076e-01
3.126999999999999780e-01
3.013000000000000123e-01
3.361999999999999988e-01
3.289000000000000257e-01
3.316000000000000059e-01
3.129000000000000115e-01
3.185999999999999943e-01
3.047000000000000264e-01
3.222999999999999754e-01
3.183000000000000274e-01
3.282999999999999807e-01
3.266999999999999904e-01
3.242999999999999772e-01
3.256000000000000005e-01
3.264000000000000234e-01
3.267999999999999794e-01
3.301999999999999935e-01
3.296999999999999931e-01
3.276999999999999913e-01
3.297999999999999821e-01
3.276000000000000023e-01
3.311999999999999944e-01
3.291999999999999926e-01
3.282999999999999807e-01
3.284000000000000252e-01
3.290000000000000147e-01
3.285000000000000142e-01
3.292999999999999816e-01
3.304000000000000270e-01
3.269000000000000239e-01
3.286000000000000032e-01
3.299000000000000266e-01
3.301999999999999935e-01
3.290000000000000147e-01
3.275000000000000133e-01
3.274000000000000243e-01
3.306999999999999940e-01
3.270000000000000129e-01
3.296999999999999931e-01
3.280000000000000138e-01
3.262999999999999790e-01
3.271000000000000019e-01
3.286999999999999922e-01
3.281999999999999917e-01
3.281999999999999917e-01
3.271999999999999909e-01
3.291000000000000036e-01
3.310000000000000164e-01
3.294000000000000261e-01
3.289000000000000257e-01
3.281000000000000028e-01
3.267999999999999794e-01
3.281000000000000028e-01
3.291000000000000036e-01
3.296999999999999931e-01
3.296000000000000041e-01
3.286000000000000032e-01
3.284000000000000252e-01
3.275000000000000133e-01
3.291999999999999926e-01
3.280000000000000138e-01
