9.472941552734374326e+00
3.390830009078979579e+00
2.773840579605102441e+00
2.760678834152221484e+00
2.456167150878906469e+00
2.066750750350952348e+00
2.062560413742065446e+00
2.067715079879760776e+00
1.967397522735595761e+00
1.951980821990966897e+00
2.101015244293213069e+00
1.863305456161499007e+00
2.048341238784789908e+00
1.971674283599853528e+00
2.294316875076293893e+00
2.256637665939331239e+00
2.389336734771728477e+00
2.560353978729247970e+00
2.477479272460937576e+00
2.612189900207519511e+00
2.519899233245849413e+00
3.085771760559082200e+00
3.192335551071166844e+00
2.858371845245361254e+00
2.977303555297851734e+00
3.425134596633911066e+00
3.160597004699706947e+00
3.137265398788452231e+00
2.912735448837280305e+00
3.259839269256591621e+00
3.294883043289184688e+00
3.298855770492553852e+00
3.170145082855224672e+00
3.129879779815673668e+00
3.249571193313598449e+00
3.185104744338989047e+00
3.203662861633300718e+00
3.168638591003417826e+00
3.131742258453368954e+00
3.177510238265991216e+00
3.183072095108032240e+00
3.123530819320678553e+00
3.114625948715210146e+00
3.080430304336547742e+00
3.070369719696044886e+00
3.055515127182006907e+00
3.045128303909301781e+00
2.993717951202392591e+00
2.975396938323974450e+00
2.944147093582153207e+00
3.006630644226074178e+00
3.002665822601318535e+00
2.996907963562011723e+00
2.990017266464233270e+00
3.000973611450195477e+00
2.993753102874755712e+00
3.008684302139282174e+00
3.008480891418456871e+00
2.976903904724121031e+00
2.997192981719970728e+00
2.978200022888183529e+00
2.992241367340088054e+00
2.995609997177123951e+00
2.982935132598877104e+00
2.966535215377807511e+00
2.979628582763671929e+00
2.981773715972900529e+00
2.987433663177490040e+00
2.974579460525512697e+00
2.984327053833007781e+00
2.971783783721923644e+00
2.968569366073608329e+00
2.970700434494018438e+00
2.970239870071411215e+00
2.960079242706298963e+00
2.964955697631836085e+00
2.967282782745361391e+00
2.958048757171630960e+00
2.961100246810913106e+00
2.965165129852294967e+00
2.960920803833007930e+00
2.955645107269287308e+00
2.976206313323974673e+00
2.943523406600952352e+00
2.967306560134887583e+00
2.976778550338745166e+00
2.972835733032226369e+00
2.971692381286620943e+00
2.947954558181762774e+00
2.969501152038574343e+00
2.953334862899780422e+00
2.965701409149169798e+00
2.988222577667236202e+00
2.947423698043823315e+00
2.968223818588256790e+00
2.969141672134399279e+00
2.973478698348999139e+00
2.980938602066040222e+00
2.952629682922363497e+00
2.954460995864867989e+00
