1.102999999999999953e-01
2.028999999999999970e-01
2.162999999999999923e-01
2.572999999999999732e-01
2.501999999999999780e-01
2.775000000000000244e-01
3.034000000000000030e-01
3.356999999999999984e-01
3.366000000000000103e-01
2.676999999999999935e-01
3.613000000000000100e-01
3.788000000000000256e-01
3.891999999999999904e-01
4.002999999999999892e-01
2.992000000000000215e-01
4.046000000000000152e-01
3.996999999999999997e-01
3.860999999999999988e-01
3.689000000000000057e-01
4.057999999999999940e-01
4.053999999999999826e-01
4.012999999999999901e-01
4.250999999999999779e-01
3.971999999999999975e-01
3.966999999999999971e-01
4.414000000000000146e-01
3.880000000000000115e-01
3.981999999999999984e-01
4.184999999999999831e-01
3.768000000000000238e-01
3.775999999999999912e-01
4.244999999999999885e-01
4.076000000000000179e-01
4.232000000000000206e-01
4.274999999999999911e-01
4.235999999999999766e-01
4.258000000000000118e-01
4.260999999999999788e-01
4.293000000000000149e-01
4.069999999999999729e-01
4.339999999999999969e-01
4.072999999999999954e-01
4.225999999999999757e-01
4.330999999999999850e-01
4.162000000000000144e-01
4.298000000000000154e-01
4.349000000000000088e-01
4.334999999999999964e-01
4.333000000000000185e-01
4.381999999999999784e-01
4.390000000000000013e-01
4.374000000000000110e-01
4.380000000000000004e-01
4.369000000000000106e-01
4.343000000000000194e-01
4.351999999999999758e-01
4.373000000000000220e-01
4.365999999999999881e-01
4.360999999999999877e-01
4.373000000000000220e-01
4.354999999999999982e-01
4.379000000000000115e-01
4.371999999999999775e-01
4.395999999999999908e-01
4.360999999999999877e-01
4.368000000000000216e-01
4.361999999999999766e-01
4.373000000000000220e-01
4.400000000000000022e-01
4.354000000000000092e-01
4.354000000000000092e-01
4.371999999999999775e-01
4.369000000000000106e-01
4.373000000000000220e-01
4.349999999999999978e-01
4.384000000000000119e-01
4.380000000000000004e-01
4.375000000000000000e-01
4.369999999999999996e-01
4.383000000000000229e-01
4.375000000000000000e-01
4.374000000000000110e-01
4.361999999999999766e-01
4.353000000000000203e-01
4.383000000000000229e-01
4.368000000000000216e-01
4.366999999999999771e-01
4.374000000000000110e-01
4.364000000000000101e-01
4.363000000000000211e-01
4.369999999999999996e-01
4.369000000000000106e-01
4.375000000000000000e-01
4.365999999999999881e-01
4.366999999999999771e-01
4.384000000000000119e-01
4.375000000000000000e-01
4.364000000000000101e-01
4.351999999999999758e-01
4.349999999999999978e-01
