2.471581380081176782e+00
2.234832522201537941e+00
2.003408505630493330e+00
1.871912551879882702e+00
1.796224120903015198e+00
1.749323069572448652e+00
1.626250986289978107e+00
1.566753648376464803e+00
1.447356654930114672e+00
1.372936425018310480e+00
1.337593304443359443e+00
1.340579093933105481e+00
1.182785686874389564e+00
1.132087684631347679e+00
1.098225108528137151e+00
1.066336157417297370e+00
1.003627014541625950e+00
9.011433509826660693e-01
8.552334703445434450e-01
7.891111643791198782e-01
7.839513435363769656e-01
7.468696852684021392e-01
7.229983044624328503e-01
7.299957189559936888e-01
6.887076041221619205e-01
6.752142460823059578e-01
7.515440114021301188e-01
7.685994224548340359e-01
7.031801551818848139e-01
7.061982499122619883e-01
7.518856202125548949e-01
7.648062586784363237e-01
7.873169593811034650e-01
8.327162294387817632e-01
8.573256965637207072e-01
8.781254209518433163e-01
8.471726903915405282e-01
8.514888305664062296e-01
8.696151887893677213e-01
9.057222568511963390e-01
9.364214509963989519e-01
9.629405588150024009e-01
9.888373046874999739e-01
9.950410760879516703e-01
9.904929063796996669e-01
1.017456983375549351e+00
9.853637954711914615e-01
9.401754802703857772e-01
8.716355478286743619e-01
8.926200424194336014e-01
9.088496097564697784e-01
9.652670783996581960e-01
9.758569225311278794e-01
1.011580602073669510e+00
1.022611139678955006e+00
1.019406434822082597e+00
9.981341049194335513e-01
1.014953549385070763e+00
1.051222716331482010e+00
1.032187931823730365e+00
9.575590379714965517e-01
9.644004343032837046e-01
9.820940216064453221e-01
1.002099687576293974e+00
1.000705367660522427e+00
9.658020761489868322e-01
9.947775955200195419e-01
9.726403352737427177e-01
1.003958234024047824e+00
1.014712051582336461e+00
1.046308210754394619e+00
1.060457566642761140e+00
1.079499111938476474e+00
1.097719984626770007e+00
1.116723184394836421e+00
1.156358929634094146e+00
1.130294933891296427e+00
1.131673195266723608e+00
1.116585246658325259e+00
1.076344135665893598e+00
1.085642250061035208e+00
1.074461048889160164e+00
1.113760822677612339e+00
9.867523897171019964e-01
9.296596782684326543e-01
9.524680000305175698e-01
9.901339128494263120e-01
1.023765952873229912e+00
1.021623782539367697e+00
1.046977966880798361e+00
1.059243845558166530e+00
1.093280155563354450e+00
1.076315191268920834e+00
1.095668737220764077e+00
1.100514414978027267e+00
1.031845578193664625e+00
1.026096386718750031e+00
1.056110679626464766e+00
1.046340814781189010e+00
1.061877336311340292e+00
