1.233000000000000068e-01
1.902000000000000079e-01
2.101999999999999980e-01
2.200000000000000011e-01
2.260999999999999954e-01
2.426999999999999991e-01
2.444999999999999951e-01
2.893999999999999906e-01
2.555999999999999939e-01
2.826000000000000179e-01
2.629000000000000226e-01
2.625000000000000111e-01
2.817999999999999949e-01
3.161999999999999811e-01
2.544000000000000150e-01
3.099000000000000088e-01
3.178000000000000269e-01
3.128000000000000225e-01
3.255000000000000115e-01
3.062000000000000277e-01
3.316999999999999948e-01
3.341000000000000081e-01
3.509999999999999787e-01
3.726999999999999758e-01
3.165999999999999925e-01
3.578999999999999959e-01
3.200999999999999956e-01
3.452000000000000068e-01
3.861999999999999877e-01
3.391000000000000125e-01
3.442000000000000060e-01
3.251000000000000001e-01
3.462000000000000077e-01
3.519999999999999796e-01
3.592000000000000193e-01
3.570999999999999730e-01
3.553999999999999937e-01
3.451000000000000179e-01
3.831999999999999851e-01
3.461000000000000187e-01
3.668000000000000149e-01
3.622000000000000219e-01
3.726999999999999758e-01
3.690999999999999837e-01
3.731999999999999762e-01
3.567000000000000171e-01
3.729999999999999982e-01
3.748000000000000220e-01
3.839000000000000190e-01
3.743000000000000216e-01
3.771999999999999797e-01
3.760000000000000009e-01
3.748000000000000220e-01
3.766999999999999793e-01
3.799000000000000155e-01
3.750000000000000000e-01
3.764000000000000123e-01
3.761999999999999789e-01
3.736999999999999766e-01
3.739999999999999991e-01
3.774000000000000132e-01
3.760000000000000009e-01
3.748000000000000220e-01
3.769000000000000128e-01
3.783000000000000251e-01
3.756999999999999784e-01
3.788000000000000256e-01
3.755000000000000004e-01
3.798000000000000265e-01
3.819000000000000172e-01
3.795999999999999930e-01
3.824000000000000177e-01
3.799000000000000155e-01
3.825999999999999956e-01
3.790999999999999925e-01
3.774000000000000132e-01
3.794000000000000150e-01
3.784000000000000141e-01
3.781999999999999806e-01
3.775000000000000022e-01
3.805999999999999939e-01
3.795000000000000040e-01
3.806999999999999829e-01
3.773000000000000242e-01
3.783000000000000251e-01
3.821999999999999842e-01
3.810999999999999943e-01
3.778000000000000247e-01
3.795000000000000040e-01
3.785000000000000031e-01
3.765000000000000013e-01
3.821999999999999842e-01
3.805000000000000049e-01
3.810999999999999943e-01
3.784000000000000141e-01
3.801999999999999824e-01
3.785000000000000031e-01
3.779000000000000137e-01
3.763000000000000234e-01
3.785999999999999921e-01
