2.548578996276855335e+01
3.983883901596069421e+00
3.486569705200195379e+00
3.363029129409790041e+00
3.246900151062011908e+00
3.466052912521362384e+00
3.343870416259765666e+00
3.055031343460083093e+00
3.211746592712402482e+00
3.011151692962646287e+00
3.341325857543945510e+00
2.785049903106689317e+00
2.847078856277466041e+00
2.914925541305541934e+00
2.783453411865234539e+00
2.760520307922363248e+00
2.724329489135742133e+00
3.074385604095458913e+00
3.003067662811279348e+00
2.781944182968139501e+00
2.763543767166137588e+00
2.810848377609252768e+00
3.091487887954711855e+00
3.191015883255004848e+00
3.182913445663452023e+00
3.300144497680664202e+00
3.220080224990844897e+00
3.512973894119262752e+00
2.854028067779541100e+00
3.591942001342773416e+00
3.491356083679199251e+00
3.495592919540405408e+00
4.142473097991943298e+00
3.882006810760497917e+00
3.644927827072143689e+00
4.358862208557129136e+00
4.558983941650391003e+00
4.767153354644775298e+00
4.970690540313720263e+00
4.654707685089110925e+00
4.661748011016845439e+00
4.190359100341797038e+00
4.522375836944579675e+00
4.739799845886230045e+00
4.672575838470458542e+00
4.587758699798584416e+00
4.752309685516357796e+00
4.680121166229247898e+00
4.619045783996582166e+00
4.478336804199218868e+00
4.459316229248046604e+00
4.467705545806884615e+00
4.424053661346435184e+00
4.459993779754638510e+00
4.486103654479980385e+00
4.490727362060546568e+00
4.517017268371581906e+00
4.498223187255859123e+00
4.513558670806884443e+00
4.513692090606689078e+00
4.520375861358642666e+00
4.569846643066406422e+00
4.539146971130371355e+00
4.542827728271483956e+00
4.567230486297607861e+00
4.546599969482421955e+00
4.596645574188232608e+00
4.556296649169921942e+00
4.570650108337402706e+00
4.581700402832031394e+00
4.561150128936767523e+00
4.567750792694091899e+00
4.576533860015868704e+00
4.578714521789550851e+00
4.544170120239257926e+00
4.633190116119385138e+00
4.590364254760742391e+00
4.552744464111327716e+00
4.599311108398437931e+00
4.578637647247314035e+00
4.560957530975342067e+00
4.563978875732422225e+00
4.566805172729492490e+00
4.584192989349364922e+00
4.573104609680175514e+00
4.559981768798827773e+00
4.591572246551513636e+00
4.592695976257323842e+00
4.589477223968505548e+00
4.624861579895019226e+00
4.589820320892333605e+00
4.622575499725341430e+00
4.575488886260986376e+00
4.608141297149658477e+00
4.587784165954589710e+00
4.579519712829589473e+00
4.592791308593749733e+00
4.585224273681640206e+00
4.601331224822997612e+00
4.569391149139404362e+00
