2.428071330261230454e+00
1.673217154502868675e+00
1.593151632118225081e+00
1.590943136787414502e+00
1.529430822372436438e+00
1.550544470977783140e+00
1.448420858192443816e+00
1.582747487068176362e+00
1.635982626914977978e+00
1.589498905944824125e+00
1.782498233032226542e+00
1.588191515922546371e+00
1.550648303985595611e+00
1.637787965583801242e+00
1.723325473213195735e+00
1.696668869400024482e+00
1.685406408119201727e+00
1.624771586608886764e+00
1.665751688575744627e+00
1.670743273544311513e+00
1.699230675888061537e+00
1.722783462524414055e+00
1.715529746818542423e+00
1.789094205856323283e+00
1.702707126426696860e+00
1.659256472587585352e+00
1.779909030532836889e+00
1.820506369781494049e+00
1.701704060554504405e+00
1.702233689880371159e+00
1.747023232269287130e+00
1.747249775886535739e+00
1.684905869865417571e+00
1.753177746009826565e+00
1.900078060913085842e+00
1.753402647972106987e+00
1.866501082420349178e+00
1.815706314277648836e+00
1.801807816886901836e+00
1.824491307449340738e+00
1.774870719909668049e+00
1.745243564605712949e+00
1.871471767044067480e+00
1.794997898864746144e+00
1.831550871276855563e+00
1.886347451210022008e+00
1.901554542350769150e+00
1.879111447906494092e+00
1.869844333457946872e+00
1.884886857604980426e+00
1.836942101478576728e+00
1.865604213905334374e+00
1.883603732681274456e+00
1.859351609992980991e+00
1.832692594528198216e+00
1.950690548706054628e+00
1.718171446800232038e+00
1.926470922088623139e+00
1.934185177993774429e+00
1.819201059722900471e+00
2.062487826156616411e+00
1.891454923820495626e+00
1.918268897438049292e+00
1.943378178215026786e+00
1.984458511161804273e+00
1.970127906990051248e+00
1.930436312294006251e+00
1.855787084770202711e+00
2.037279760360717784e+00
1.817339698410034288e+00
1.772121740341186413e+00
1.882524181556701759e+00
1.904940615081787136e+00
1.939841255187988223e+00
1.890434592628478905e+00
1.937400008773803695e+00
2.005643452644348290e+00
2.069329081726074104e+00
2.030533487510681301e+00
2.069021310806274272e+00
2.000217952346801553e+00
2.023923486709594766e+00
2.073892200851440215e+00
2.055398197555541984e+00
2.101502049636840841e+00
2.067219571304321324e+00
2.137234072875976665e+00
2.157675187301635766e+00
2.083617665100097494e+00
2.127863529968261780e+00
2.341339066696166871e+00
1.999386110496520930e+00
2.080902927398681435e+00
2.180044367218017420e+00
2.202310461044311385e+00
2.158284041976928691e+00
2.101495925903320128e+00
2.048586695480346886e+00
2.230358775711059671e+00
2.034372829818725581e+00
