4.410000000000000031e-01
7.272999999999999465e-01
7.603999999999999648e-01
7.876999999999999558e-01
8.131000000000000449e-01
8.389999999999999680e-01
8.552999999999999492e-01
8.629000000000000004e-01
8.639000000000000012e-01
8.793999999999999595e-01
8.844999999999999529e-01
8.905999999999999472e-01
8.869000000000000217e-01
8.824999999999999512e-01
8.947000000000000508e-01
9.009000000000000341e-01
8.931000000000000050e-01
8.931999999999999940e-01
8.970000000000000195e-01
9.024999999999999689e-01
9.112000000000000099e-01
9.102000000000000091e-01
9.004999999999999671e-01
8.981000000000000094e-01
9.080000000000000293e-01
9.099000000000000421e-01
9.043999999999999817e-01
9.112999999999999989e-01
9.079000000000000403e-01
9.073999999999999844e-01
9.069000000000000394e-01
9.090000000000000302e-01
9.112999999999999989e-01
9.159000000000000474e-01
8.873999999999999666e-01
9.040000000000000258e-01
8.993999999999999773e-01
9.204999999999999849e-01
9.221000000000000307e-01
9.106999999999999540e-01
9.143000000000000016e-01
9.196999999999999620e-01
9.167999999999999483e-01
9.109000000000000430e-01
9.136999999999999567e-01
9.223999999999999977e-01
9.203000000000000069e-01
9.157999999999999474e-01
9.182000000000000162e-01
9.124999999999999778e-01
9.162000000000000144e-01
9.260000000000000453e-01
9.185999999999999721e-01
9.280000000000000471e-01
9.249000000000000554e-01
9.302000000000000268e-01
9.277999999999999581e-01
9.237999999999999545e-01
9.233999999999999986e-01
9.247999999999999554e-01
9.150000000000000355e-01
9.136999999999999567e-01
9.161000000000000254e-01
9.136999999999999567e-01
9.213000000000000078e-01
9.154999999999999805e-01
9.133999999999999897e-01
9.084999999999999742e-01
9.072999999999999954e-01
9.368999999999999551e-01
9.222000000000000197e-01
9.219000000000000528e-01
9.243999999999999995e-01
9.344000000000000083e-01
9.313000000000000167e-01
9.261000000000000343e-01
9.347999999999999643e-01
9.194999999999999840e-01
9.175999999999999712e-01
9.214999999999999858e-01
9.295999999999999819e-01
9.277999999999999581e-01
9.335999999999999854e-01
9.298999999999999488e-01
9.288999999999999480e-01
9.195999999999999730e-01
9.256999999999999673e-01
9.273000000000000131e-01
9.211000000000000298e-01
9.173000000000000043e-01
9.253000000000000114e-01
9.253000000000000114e-01
9.165999999999999703e-01
9.288999999999999480e-01
9.274999999999999911e-01
9.311000000000000387e-01
9.295999999999999819e-01
9.288999999999999480e-01
9.317999999999999616e-01
9.271000000000000352e-01
