1.725356142234802270e+00
2.844991381168365252e-01
1.755292769432067745e-01
1.329896025538444548e-01
1.074079827308654783e-01
9.119669511318206911e-02
7.822315379381179767e-02
6.932730396389960581e-02
6.258989563584327342e-02
5.676588616967201406e-02
5.248856605887412818e-02
4.856785273551941090e-02
4.489926271438598321e-02
4.288658715486526329e-02
4.057883905768394639e-02
3.959813510775565815e-02
3.697243111431598728e-02
3.595609911084175075e-02
3.466648614406585976e-02
3.241199145317077979e-02
3.153620533943176513e-02
3.094516552090645009e-02
2.897321696877479605e-02
2.874056349992751974e-02
2.752200803160667272e-02
2.647961561381816792e-02
2.716754456460476058e-02
2.522992155849933596e-02
2.593978315293788903e-02
2.558303298056125580e-02
2.400061013102531421e-02
2.342814535200596002e-02
2.432996538579464130e-02
2.350890720486640759e-02
2.273557329177856509e-02
2.244104976952076072e-02
2.267600552141666240e-02
2.346759492456913093e-02
2.153283832967281194e-02
2.086172145009040912e-02
2.040795535743236688e-02
2.162989318370819175e-02
2.113659519255161115e-02
2.075669949352741336e-02
2.073488281071186184e-02
1.989895340502262008e-02
1.955295766890048983e-02
2.001474481821060095e-02
1.940428823232650743e-02
1.960453400313854136e-02
1.923280396163463621e-02
2.000440841615199958e-02
1.954145338237285590e-02
1.925240555405616921e-02
2.009944949746132054e-02
1.907590953707695089e-02
1.900578297376632683e-02
1.889435345828533244e-02
1.827375765740871585e-02
1.839986915886402188e-02
1.809000664949417247e-02
1.935685588717460728e-02
1.907558568120002601e-02
1.939043957591056813e-02
1.861593501567840661e-02
1.788930805027484985e-02
1.913972994983196424e-02
2.007396094202995238e-02
1.865865522921085484e-02
1.787101388573646490e-02
1.843519659936428134e-02
1.842968564927578018e-02
1.857995581626891921e-02
1.832052714824676520e-02
1.691398067176342127e-02
1.738918946087360251e-02
1.780770944356918281e-02
1.820305007398128477e-02
1.760659700632095231e-02
1.765302337706088978e-02
1.679269533157348726e-02
1.706501536667346872e-02
1.701915696263313349e-02
1.689664460420608680e-02
1.726867053508758520e-02
1.741314290761947561e-02
1.725882951766252379e-02
1.677202484607696539e-02
1.663464100807905341e-02
1.648544009029865101e-02
1.747356914877891410e-02
1.791629028916359029e-02
1.793234478533268020e-02
1.739150339066982201e-02
1.682573437094688276e-02
1.813937108218669977e-02
1.604017201066017251e-02
1.597762237489223566e-02
1.610437273234129052e-02
1.805011275857687156e-02
