1.725356196784973095e+00
2.844991296768188405e-01
1.755292697191238316e-01
1.329895964503288175e-01
1.074079813838005049e-01
9.119669704437255442e-02
7.822314672470093155e-02
6.932730023860930735e-02
6.258989381790161510e-02
5.676588206291198480e-02
5.248856853842735065e-02
4.856784890890121498e-02
4.489926079511642742e-02
4.288658897280692855e-02
4.057883763313293451e-02
3.959813692569732341e-02
3.697243173122406051e-02
3.595609734952449899e-02
3.466648834347724889e-02
3.241198877096176240e-02
3.153620438575744506e-02
3.094516724944114741e-02
2.897321768701076675e-02
2.874056268632411981e-02
2.752200847566127831e-02
2.647961719036102252e-02
2.716754584908485579e-02
2.522992293834686386e-02
2.593978410065174087e-02
2.558303078711032796e-02
2.400060923695564175e-02
2.342814425230026198e-02
2.432996276021003740e-02
2.350890658497810370e-02
2.273557372093200704e-02
2.244105143845081390e-02
2.267600376009941063e-02
2.346759675145149160e-02
2.153283747136592804e-02
2.086172122359275863e-02
2.040795506536960749e-02
2.162989256381988440e-02
2.113659691512584718e-02
2.075669702291488630e-02
2.073488247096538437e-02
1.989895174503326578e-02
1.955295914411544697e-02
2.001474537849426416e-02
1.940428871512412876e-02
1.960453391671180753e-02
1.923280650973320169e-02
2.000441069900989535e-02
1.954145493209362081e-02
1.925240608155727451e-02
2.009945083558559512e-02
1.907590839564800300e-02
1.900578458309173588e-02
1.889435501992702340e-02
1.827375795245170589e-02
1.839986847341060563e-02
1.809000731706619097e-02
1.935685292184352937e-02
1.907559010088443613e-02
1.939044120311737146e-02
1.861593547165393825e-02
1.788930760622024427e-02
1.913972908258438146e-02
2.007396151721477576e-02
1.865865652859211021e-02
1.787101416289806413e-02
1.843519431650638557e-02
1.842968446016311768e-02
1.857995526492595834e-02
1.832052867710590519e-02
1.691397967338562069e-02
1.738919028341770132e-02
1.780770770609378661e-02
1.820304803550243378e-02
1.760659982562065226e-02
1.765302400887012318e-02
1.679269340038299502e-02
1.706501497030258122e-02
1.701915745735168434e-02
1.689664378762245275e-02
1.726867077648639587e-02
1.741314613819122323e-02
1.725883049517869944e-02
1.677202441096305868e-02
1.663464336097240578e-02
1.648543784916400856e-02
1.747356947064399729e-02
1.791628661155700644e-02
1.793234425485134079e-02
1.739150463342666736e-02
1.682573314309120105e-02
1.813937354981899272e-02
1.604017283618450196e-02
1.597762076556682662e-02
1.610437143594026579e-02
1.805010822564363446e-02
