1.716512354278564523e+00
1.680722641754150315e+00
1.255067781448364173e+00
1.191574245834350565e+00
1.196602433395385745e+00
1.118896100234985314e+00
1.056024832344055087e+00
1.103651089096069349e+00
1.117989987564086851e+00
1.156466824913024993e+00
1.172851202392578118e+00
1.110004488182067872e+00
1.189915412521362237e+00
1.101200886344909646e+00
1.167627157783508229e+00
1.101854233360290536e+00
1.116080796241760265e+00
1.153468873405456563e+00
1.223923735427856485e+00
1.236770054054260326e+00
1.193275634956359799e+00
1.284496871185302647e+00
1.160200569343566857e+00
1.133137840461730939e+00
1.220212028312683161e+00
1.190133355903625567e+00
1.202713202476501486e+00
1.260145605659484858e+00
1.270434889793395916e+00
1.121433561325073214e+00
1.129273213386535746e+00
1.297044178771972645e+00
1.135082625198364337e+00
1.141793080711364761e+00
1.197818944549560616e+00
1.128025846862793058e+00
1.258255910301208536e+00
1.243408730888366787e+00
1.120453924560546932e+00
1.200096838569641111e+00
1.232014028358459523e+00
1.275478101730346703e+00
1.267391574287414446e+00
1.315911098098754950e+00
1.190185733222961506e+00
1.231252046203613171e+00
1.117005179405212489e+00
1.277678397560119583e+00
1.222170872306823641e+00
1.271152413177490281e+00
1.267750463294982977e+00
1.269382922554016080e+00
1.363613241577148472e+00
1.421264058303832956e+00
1.285149464416504017e+00
1.200604445075988735e+00
1.203070687294006458e+00
1.305820117759704635e+00
1.230812648582458424e+00
1.370297317695617689e+00
1.352003031730651950e+00
1.183273671531677174e+00
1.220902353668212870e+00
1.152387570762634317e+00
1.194462905120849516e+00
1.316475415420532258e+00
1.139186586761474551e+00
1.466094388198852627e+00
1.345714051437377989e+00
1.313913895988464420e+00
1.295830427932739282e+00
1.373366661643981912e+00
1.364728019142150917e+00
1.391721666145324665e+00
1.334910744857788156e+00
1.359751941299438549e+00
1.375352906608581449e+00
1.367417006683349534e+00
1.303096098327636732e+00
1.408935873413085904e+00
1.338888599395751999e+00
1.378898117256164513e+00
1.355260310363769483e+00
1.365755711174011289e+00
1.392699074745178178e+00
1.397692100906372081e+00
1.397562888336181697e+00
1.370043225097656192e+00
1.400313891029357993e+00
1.391156406021118119e+00
1.333613648223876957e+00
1.308430269241332988e+00
1.318381798744201694e+00
1.325120320129394624e+00
1.440670803260803323e+00
1.465921006393432702e+00
1.302764528656005893e+00
1.645751890373229998e+00
1.638549912643432638e+00
1.530533650207519525e+00
