3.861999999999999877e-01
5.779999999999999583e-01
6.971000000000000529e-01
7.279999999999999805e-01
7.357000000000000206e-01
7.448000000000000176e-01
7.514999999999999458e-01
7.562999999999999723e-01
7.495000000000000551e-01
7.514999999999999458e-01
7.561999999999999833e-01
7.580000000000000071e-01
7.554999999999999494e-01
7.622999999999999776e-01
7.600999999999999979e-01
7.614999999999999547e-01
7.601999999999999869e-01
7.553999999999999604e-01
7.532999999999999696e-01
7.579000000000000181e-01
7.602999999999999758e-01
7.578000000000000291e-01
7.617000000000000437e-01
7.630000000000000115e-01
7.580000000000000071e-01
7.599000000000000199e-01
7.641000000000000014e-01
7.622999999999999776e-01
7.643999999999999684e-01
7.616000000000000547e-01
7.647000000000000464e-01
7.593999999999999639e-01
7.651000000000000023e-01
7.645999999999999464e-01
7.617000000000000437e-01
7.611999999999999877e-01
7.600000000000000089e-01
7.627000000000000446e-01
7.703999999999999737e-01
7.624999999999999556e-01
7.559000000000000163e-01
7.557000000000000384e-01
7.618000000000000327e-01
7.651999999999999913e-01
7.657000000000000473e-01
7.674999999999999600e-01
7.707000000000000517e-01
7.610999999999999988e-01
7.679000000000000270e-01
7.671000000000000041e-01
7.664999999999999591e-01
7.690000000000000169e-01
7.622999999999999776e-01
7.611999999999999877e-01
7.623999999999999666e-01
7.700000000000000178e-01
7.701000000000000068e-01
7.651000000000000023e-01
7.641000000000000014e-01
7.541999999999999815e-01
7.722999999999999865e-01
7.664999999999999591e-01
7.695999999999999508e-01
7.725999999999999535e-01
7.685999999999999499e-01
7.641999999999999904e-01
7.730000000000000204e-01
7.573999999999999622e-01
7.604999999999999538e-01
7.639000000000000234e-01
7.691999999999999948e-01
7.630000000000000115e-01
7.667000000000000481e-01
7.642999999999999794e-01
7.672999999999999821e-01
7.667000000000000481e-01
7.589000000000000190e-01
7.667000000000000481e-01
7.663999999999999702e-01
7.645999999999999464e-01
7.651000000000000023e-01
7.681999999999999940e-01
7.648000000000000353e-01
7.647000000000000464e-01
7.668000000000000371e-01
7.663999999999999702e-01
7.667000000000000481e-01
7.682999999999999829e-01
7.700000000000000178e-01
7.675999999999999490e-01
7.717000000000000526e-01
7.749000000000000332e-01
7.723999999999999755e-01
7.756999999999999451e-01
7.714999999999999636e-01
7.694999999999999618e-01
7.657000000000000473e-01
7.578000000000000291e-01
7.651000000000000023e-01
7.631999999999999895e-01
