1.725356111335754505e+00
2.844991289615630969e-01
1.755292708396911650e-01
1.329895981550216766e-01
1.074079817652702357e-01
9.119669969081878325e-02
7.822314786911011009e-02
6.932730243802071035e-02
6.258989675641059292e-02
5.676588683128357127e-02
5.248856729269027466e-02
4.856785176992416131e-02
4.489926663041114707e-02
4.288658992648124862e-02
4.057883735299110117e-02
3.959814056158066087e-02
3.697242929637432202e-02
3.595609777569770682e-02
3.466648834347724889e-02
3.241199315786361806e-02
3.153620564341545057e-02
3.094516620039939811e-02
2.897321955561637727e-02
2.874056246876716472e-02
2.752200999557971942e-02
2.647961546182632520e-02
2.716754289865493804e-02
2.522992283701896640e-02
2.593978419005870881e-02
2.558303034901619061e-02
2.400060779154300841e-02
2.342814273238182088e-02
2.432996391654014545e-02
2.350890626311302051e-02
2.273556995689868937e-02
2.244105177819728791e-02
2.267600728571414828e-02
2.346759591996669739e-02
2.153283871710300404e-02
2.086172155439853723e-02
2.040795522630214562e-02
2.162989318668842240e-02
2.113659438788891010e-02
2.075669760704040509e-02
2.073488447368145027e-02
1.989895268380641874e-02
1.955295892953872600e-02
2.001474862694740259e-02
1.940428799390792741e-02
1.960453639030456524e-02
1.923280567526817336e-02
2.000440818071365368e-02
1.954145652651786969e-02
1.925240366458892682e-02
2.009944907128810923e-02
1.907591041028499496e-02
1.900578379929065628e-02
1.889435426294803697e-02
1.827375805377960336e-02
1.839986660778522576e-02
1.809000619351863737e-02
1.935685494542122020e-02
1.907558880150318076e-02
1.939044063687324695e-02
1.861593428850174051e-02
1.788930920958518855e-02
1.913972885608673097e-02
2.007396076321601996e-02
1.865865449309348986e-02
1.787101274430751702e-02
1.843519475460052640e-02
1.842968643903732454e-02
1.857995498180389435e-02
1.832052738070488046e-02
1.691397984623908834e-02
1.738918919563293627e-02
1.780770738124847277e-02
1.820305097401142200e-02
1.760659911036491221e-02
1.765302424728870320e-02
1.679269511699676629e-02
1.706501522064209075e-02
1.701915734410286082e-02
1.689664462208747761e-02
1.726867040693759806e-02
1.741314761340618036e-02
1.725882869809865910e-02
1.677202372848987655e-02
1.663464104980230326e-02
1.648543958961963540e-02
1.747356702089309863e-02
1.791628773212432940e-02
1.793234257996082284e-02
1.739150384962558776e-02
1.682573388218879668e-02
1.813937267959117930e-02
1.604017138481140040e-02
1.597762384116649739e-02
1.610437093377113313e-02
1.805010923892259520e-02
