3.365000000000000213e-01
6.647999999999999465e-01
6.811000000000000387e-01
7.262999999999999456e-01
7.417000000000000259e-01
7.392999999999999572e-01
7.637000000000000455e-01
7.639000000000000234e-01
7.687000000000000499e-01
7.711999999999999966e-01
7.641999999999999904e-01
7.724999999999999645e-01
7.806999999999999496e-01
7.780000000000000249e-01
7.761000000000000121e-01
7.845999999999999641e-01
7.853999999999999870e-01
7.739000000000000323e-01
7.784999999999999698e-01
7.805999999999999606e-01
8.053000000000000158e-01
7.885999999999999677e-01
7.792999999999999927e-01
7.975999999999999757e-01
7.889000000000000457e-01
7.957999999999999519e-01
7.794999999999999707e-01
7.881000000000000227e-01
7.923000000000000043e-01
7.987999999999999545e-01
7.880000000000000338e-01
8.014999999999999902e-01
7.984999999999999876e-01
7.875999999999999668e-01
8.017999999999999572e-01
7.976999999999999647e-01
7.763999999999999790e-01
7.932000000000000162e-01
7.740000000000000213e-01
7.889000000000000457e-01
7.887999999999999456e-01
7.947999999999999510e-01
8.060000000000000497e-01
7.889000000000000457e-01
8.025999999999999801e-01
7.986999999999999655e-01
8.032000000000000250e-01
7.876999999999999558e-01
7.899000000000000465e-01
7.842999999999999972e-01
7.890000000000000346e-01
7.753999999999999782e-01
7.987999999999999545e-01
7.913000000000000034e-01
7.983000000000000096e-01
7.927999999999999492e-01
7.929000000000000492e-01
8.040000000000000480e-01
8.116999999999999771e-01
8.017999999999999572e-01
8.409999999999999698e-01
7.984999999999999876e-01
8.193000000000000282e-01
7.943999999999999950e-01
8.074999999999999956e-01
8.044000000000000039e-01
7.972000000000000197e-01
7.971000000000000307e-01
7.933000000000000052e-01
7.907999999999999474e-01
8.339999999999999636e-01
8.294000000000000261e-01
8.132000000000000339e-01
8.162000000000000366e-01
8.058999999999999497e-01
8.161000000000000476e-01
8.095999999999999863e-01
8.106999999999999762e-01
8.179999999999999494e-01
8.151000000000000467e-01
8.115999999999999881e-01
8.244000000000000217e-01
8.193000000000000282e-01
8.203000000000000291e-01
8.084000000000000075e-01
8.076999999999999735e-01
8.175999999999999934e-01
7.886999999999999567e-01
8.006999999999999673e-01
7.989000000000000545e-01
8.055999999999999828e-01
8.044999999999999929e-01
8.158999999999999586e-01
8.090000000000000524e-01
8.093000000000000194e-01
8.053000000000000158e-01
7.901000000000000245e-01
7.963000000000000078e-01
8.002000000000000224e-01
7.973000000000000087e-01
