1.725356111335754505e+00
2.844991343498229908e-01
1.755292773962020825e-01
1.329895983338356125e-01
1.074079829096794142e-01
9.119669778347015698e-02
7.822314921617508354e-02
6.932730492949486234e-02
6.258989361524582018e-02
5.676588357686996461e-02
5.248856872916221605e-02
4.856784968376159917e-02
4.489926167130470214e-02
4.288658972382545370e-02
4.057883764505386404e-02
3.959813454747199840e-02
3.697243168652057654e-02
3.595609762966632539e-02
3.466648727655410878e-02
3.241199316978454759e-02
3.153620725870132785e-02
3.094516814649105052e-02
2.897322083413600771e-02
2.874056464433670174e-02
2.752200937867164618e-02
2.647961517572403056e-02
2.716754174232482999e-02
2.522992055416107063e-02
2.593978443741798423e-02
2.558303441107273243e-02
2.400060789287090240e-02
2.342814425826072675e-02
2.432996219396591289e-02
2.350890577733516854e-02
2.273557448983192300e-02
2.244104842841625203e-02
2.267600523829460188e-02
2.346759716868400403e-02
2.153283937573433060e-02
2.086172179579734789e-02
2.040795891284942487e-02
2.162989175617694923e-02
2.113659596443176122e-02
2.075669620931148637e-02
2.073488394916057562e-02
1.989895330667495674e-02
1.955295809805393178e-02
2.001474501192569699e-02
1.940428752303123561e-02
1.960453323423862540e-02
1.923280815482139583e-02
2.000441127717494938e-02
1.954145559370517801e-02
1.925240708589553984e-02
2.009945014119148346e-02
1.907591122090816424e-02
1.900578308701515035e-02
1.889435442388057856e-02
1.827376182377338579e-02
1.839986855983734293e-02
1.809000647962093200e-02
1.935685280561447175e-02
1.907558870613575153e-02
1.939043988883495245e-02
1.861593787670135641e-02
1.788931020498275848e-02
1.913972767591476387e-02
2.007395980656146925e-02
1.865865449011325922e-02
1.787101387977600014e-02
1.843519620299339384e-02
1.842968480288982233e-02
1.857995353043079279e-02
1.832052618861198384e-02
1.691397802829742308e-02
1.738918904960155484e-02
1.780770953297615075e-02
1.820304869115352622e-02
1.760659997463226434e-02
1.765302376747131252e-02
1.679269601702690004e-02
1.706501598358154195e-02
1.701915524601936222e-02
1.689664465785026617e-02
1.726866882443427870e-02
1.741314784288406498e-02
1.725882629156112735e-02
1.677202497720718319e-02
1.663463879078626653e-02
1.648543923199176711e-02
1.747356939017772823e-02
1.791628929376602036e-02
1.793234470486640766e-02
1.739150249063968826e-02
1.682573211789131079e-02
1.813937206864357082e-02
1.604017372131347555e-02
1.597762032151222103e-02
1.610436763763427662e-02
1.805011041909456229e-02
