4.495000000000000107e-01
7.153000000000000469e-01
7.500999999999999890e-01
7.641000000000000014e-01
7.702999999999999847e-01
8.020000000000000462e-01
8.106999999999999762e-01
8.174000000000000155e-01
8.238999999999999657e-01
8.343000000000000416e-01
8.362000000000000544e-01
8.447000000000000064e-01
8.397999999999999909e-01
8.404000000000000359e-01
8.391999999999999460e-01
8.439999999999999725e-01
8.535000000000000364e-01
8.457999999999999963e-01
8.468999999999999861e-01
8.467000000000000082e-01
8.404000000000000359e-01
8.528999999999999915e-01
8.488999999999999879e-01
8.454000000000000403e-01
8.527000000000000135e-01
8.479999999999999760e-01
8.410999999999999588e-01
8.519999999999999796e-01
8.577000000000000179e-01
8.451999999999999513e-01
8.360999999999999543e-01
8.444000000000000394e-01
8.420999999999999597e-01
8.397999999999999909e-01
8.570999999999999730e-01
8.485000000000000320e-01
8.480999999999999650e-01
8.496000000000000218e-01
8.454000000000000403e-01
8.464000000000000412e-01
8.498999999999999888e-01
8.516000000000000236e-01
8.363000000000000433e-01
8.421999999999999487e-01
8.460999999999999632e-01
8.508999999999999897e-01
8.508000000000000007e-01
8.526000000000000245e-01
8.537000000000000144e-01
8.494000000000000439e-01
8.594000000000000528e-01
8.538999999999999924e-01
8.525000000000000355e-01
8.547000000000000153e-01
8.517000000000000126e-01
8.456000000000000183e-01
8.557000000000000162e-01
8.519999999999999796e-01
8.531999999999999584e-01
8.580999999999999739e-01
8.529999999999999805e-01
8.509999999999999787e-01
8.491999999999999549e-01
8.496000000000000218e-01
8.536000000000000254e-01
8.524000000000000465e-01
8.453000000000000513e-01
8.520999999999999686e-01
8.460999999999999632e-01
8.370999999999999552e-01
8.497000000000000108e-01
8.486000000000000210e-01
8.459999999999999742e-01
8.398999999999999799e-01
8.512999999999999456e-01
8.575000000000000400e-01
8.541999999999999593e-01
8.433000000000000496e-01
8.572999999999999510e-01
8.518999999999999906e-01
8.506000000000000227e-01
8.484000000000000430e-01
8.353000000000000425e-01
8.547000000000000153e-01
8.552999999999999492e-01
8.470999999999999641e-01
8.518000000000000016e-01
8.588999999999999968e-01
8.537000000000000144e-01
8.559999999999999831e-01
8.576000000000000290e-01
8.592999999999999527e-01
8.574000000000000510e-01
8.552999999999999492e-01
8.567000000000000171e-01
8.598000000000000087e-01
8.463000000000000522e-01
8.568999999999999950e-01
8.605000000000000426e-01
8.622999999999999554e-01
