3.836999999999999855e-01
5.427999999999999492e-01
6.415999999999999481e-01
6.814000000000000057e-01
7.390999999999999792e-01
7.593999999999999639e-01
7.905999999999999694e-01
8.040000000000000480e-01
8.111000000000000432e-01
8.177999999999999714e-01
8.216999999999999860e-01
8.238999999999999657e-01
8.249999999999999556e-01
8.393000000000000460e-01
8.406000000000000139e-01
8.260999999999999455e-01
8.315000000000000169e-01
8.380999999999999561e-01
8.378999999999999782e-01
8.273000000000000353e-01
8.486000000000000210e-01
8.244000000000000217e-01
8.421999999999999487e-01
8.435000000000000275e-01
8.391999999999999460e-01
8.397999999999999909e-01
8.419999999999999707e-01
8.418999999999999817e-01
8.335000000000000187e-01
8.320999999999999508e-01
8.346999999999999975e-01
8.379999999999999671e-01
8.469999999999999751e-01
8.377999999999999892e-01
8.372000000000000552e-01
8.454000000000000403e-01
8.275000000000000133e-01
8.480999999999999650e-01
8.448999999999999844e-01
8.425000000000000266e-01
8.454000000000000403e-01
8.500999999999999668e-01
8.289999999999999591e-01
8.279999999999999583e-01
8.334000000000000297e-01
8.372000000000000552e-01
8.509999999999999787e-01
8.424000000000000377e-01
8.359999999999999654e-01
8.358999999999999764e-01
8.407999999999999918e-01
8.375000000000000222e-01
8.434000000000000385e-01
8.488999999999999879e-01
8.354000000000000314e-01
8.328999999999999737e-01
8.239999999999999547e-01
8.305000000000000160e-01
8.497000000000000108e-01
8.416000000000000147e-01
8.343000000000000416e-01
8.456000000000000183e-01
8.369999999999999662e-01
8.211000000000000520e-01
8.542999999999999483e-01
8.401999999999999469e-01
8.562999999999999501e-01
8.545000000000000373e-01
8.515000000000000346e-01
8.447999999999999954e-01
8.437999999999999945e-01
8.498999999999999888e-01
8.522999999999999465e-01
8.618000000000000105e-01
8.473000000000000531e-01
8.487999999999999989e-01
8.481999999999999540e-01
8.440999999999999615e-01
8.507000000000000117e-01
8.471999999999999531e-01
8.461999999999999522e-01
8.532999999999999474e-01
8.501999999999999558e-01
8.528999999999999915e-01
8.657000000000000250e-01
8.600999999999999757e-01
8.604000000000000536e-01
8.577000000000000179e-01
8.562999999999999501e-01
8.551999999999999602e-01
8.574000000000000510e-01
8.430999999999999606e-01
8.431999999999999496e-01
8.463000000000000522e-01
8.403000000000000469e-01
8.439999999999999725e-01
8.410999999999999588e-01
8.508000000000000007e-01
8.548999999999999932e-01
8.549999999999999822e-01
