1.783607633781433055e+00
1.639405753898620643e+00
1.332313109016418418e+00
1.213977003860473580e+00
1.024319386482238858e+00
9.519621270179748906e-01
8.813744991302490117e-01
8.315755728721618834e-01
8.244483783721924253e-01
8.263888162612914590e-01
8.287019120216370105e-01
8.322037657737731964e-01
8.177594950675964869e-01
8.008590041160583706e-01
8.178203719139098826e-01
8.847596635818480992e-01
8.430927857398986536e-01
8.395974738121032566e-01
8.370345109939575368e-01
8.988383294105529719e-01
8.210354488372803017e-01
9.411169980049133299e-01
8.867585551261901733e-01
8.834353086471558036e-01
9.288616505622864228e-01
8.890809000015258423e-01
8.833917313575744279e-01
9.133367496490478743e-01
9.183103690147399467e-01
9.388953227043151939e-01
9.137716975212096804e-01
9.563478621482849329e-01
9.077848687171935493e-01
9.834532485961914317e-01
9.734902992248535281e-01
9.544577773094177209e-01
1.024937505340576260e+00
8.883138263702392567e-01
8.937751102447509810e-01
9.066695289611816921e-01
8.996956051826476841e-01
9.218970723152161151e-01
1.037393591308593654e+00
1.010709071159362704e+00
9.935591562271117727e-01
1.001114166164398300e+00
9.517086356163024785e-01
9.914742448806762587e-01
1.034993126487731896e+00
1.005315126514434887e+00
9.523035872459411078e-01
9.842350882530211953e-01
9.707587083816527906e-01
9.444057718276978042e-01
1.031003003406524732e+00
1.033260075283050528e+00
1.092269707870483497e+00
1.066035606384277301e+00
9.313503306388855041e-01
9.948548872947693411e-01
1.026897426128387414e+00
9.908799550056457406e-01
1.011468767070770269e+00
1.092936582756042441e+00
9.741711897850036106e-01
9.956852794647216287e-01
8.912115471839904268e-01
8.985135984420776767e-01
9.858618696212768651e-01
9.715619510650634894e-01
9.919365074157714401e-01
9.623394718170166229e-01
1.007077710151672356e+00
9.350133552551269656e-01
1.010704227638244523e+00
1.012310174083709713e+00
1.004226891613006600e+00
1.028430006980896039e+00
9.601526235580444268e-01
9.773621865272521525e-01
9.958812172889709435e-01
9.455064640045166557e-01
9.597901787757873171e-01
9.585460532188415650e-01
9.453276781082153857e-01
9.484134829521179144e-01
9.703333675384521184e-01
9.883856036186218219e-01
9.915229753494262388e-01
9.946287796020507610e-01
9.909158740043639835e-01
1.070232569122314459e+00
1.090004768180847128e+00
1.079501565170288169e+00
1.114717638206481842e+00
1.108946295166015616e+00
1.142514521980285691e+00
1.049525764274597206e+00
1.076203995895385734e+00
1.082476999092102155e+00
