1.725356099128723120e+00
2.844991365909576575e-01
1.755292743444442638e-01
1.329895981550216766e-01
1.074079842567443877e-01
9.119669511318206911e-02
7.822315282821655502e-02
6.932730102539062800e-02
6.258989648818970297e-02
5.676588320732117027e-02
5.248856586813926972e-02
4.856785176992416131e-02
4.489926109910011287e-02
4.288658972382545370e-02
4.057883839607238918e-02
3.959813645482063160e-02
3.697243083417415394e-02
3.595609897673129884e-02
3.466648625135421852e-02
3.241199283301830075e-02
3.153620247840881186e-02
3.094516400694847028e-02
2.897321869134902861e-02
2.874056208133697610e-02
2.752200904190540282e-02
2.647961355447769199e-02
2.716754227578640005e-02
2.522992012798786279e-02
2.593978255689144072e-02
2.558303177356719901e-02
2.400060645639896448e-02
2.342814445495605344e-02
2.432996199727058273e-02
2.350890615880489240e-02
2.273557191193103719e-02
2.244105192124843523e-02
2.267600481510162469e-02
2.346759679317474492e-02
2.153283746540546328e-02
2.086172185242176139e-02
2.040795908868312664e-02
2.162989304065704443e-02
2.113659696578979591e-02
2.075670003592967883e-02
2.073488388955593148e-02
1.989895350933074819e-02
1.955295841097831611e-02
2.001474582552909692e-02
1.940428969264030440e-02
1.960453543365001799e-02
1.923280684649944158e-02
2.000441090166568681e-02
1.954145544767379658e-02
1.925240699946880255e-02
2.009944973587989708e-02
1.907591029107570668e-02
1.900578420162200854e-02
1.889435397088527757e-02
1.827375703155994374e-02
1.839986798763275019e-02
1.809000458121299768e-02
1.935685487687587719e-02
1.907558599412441380e-02
1.939043958187103289e-02
1.861593651473522279e-02
1.788931020498275848e-02
1.913972851634025696e-02
2.007396362721920041e-02
1.865865541994571677e-02
1.787101426124572748e-02
1.843519516885280471e-02
1.842968310713767946e-02
1.857995675802230975e-02
1.832052856385707820e-02
1.691397873759269838e-02
1.738919030129909560e-02
1.780770812034606840e-02
1.820305070877075229e-02
1.760659925639629364e-02
1.765301976501941830e-02
1.679269515275955138e-02
1.706501451730728022e-02
1.701915846467018031e-02
1.689664424359798439e-02
1.726867125332355590e-02
1.741314415931701637e-02
1.725882655531168000e-02
1.677202542126178877e-02
1.663463942408561699e-02
1.648543833196163336e-02
1.747357114851474935e-02
1.791629000008106154e-02
1.793234427571296571e-02
1.739150458574294927e-02
1.682573090791702336e-02
1.813937374055385465e-02
1.604017418324947195e-02
1.597762049138546150e-02
1.610437151789665192e-02
1.805011073797941137e-02
