3.799000000000000155e-01
6.974000000000000199e-01
7.967999999999999527e-01
8.465000000000000302e-01
8.569999999999999840e-01
8.655000000000000471e-01
8.721999999999999753e-01
8.760999999999999899e-01
8.921000000000000041e-01
8.952999999999999847e-01
8.935999999999999499e-01
9.081000000000000183e-01
9.073999999999999844e-01
9.058000000000000496e-01
9.118000000000000549e-01
9.071000000000000174e-01
9.239000000000000545e-01
9.224999999999999867e-01
9.015999999999999570e-01
9.262000000000000233e-01
9.275999999999999801e-01
9.325999999999999845e-01
9.276999999999999691e-01
9.253000000000000114e-01
9.244999999999999885e-01
9.183000000000000052e-01
9.283000000000000140e-01
9.223000000000000087e-01
9.212000000000000188e-01
9.163000000000000034e-01
9.261000000000000343e-01
9.219000000000000528e-01
9.268999999999999462e-01
9.216999999999999638e-01
9.273000000000000131e-01
9.191000000000000281e-01
9.199000000000000510e-01
9.193000000000000060e-01
9.358999999999999542e-01
9.307999999999999607e-01
9.195999999999999730e-01
9.233000000000000096e-01
9.143999999999999906e-01
9.274999999999999911e-01
9.326999999999999735e-01
9.335999999999999854e-01
9.285999999999999810e-01
9.256999999999999673e-01
9.358999999999999542e-01
9.253000000000000114e-01
9.173999999999999932e-01
9.281000000000000361e-01
9.193999999999999950e-01
9.266999999999999682e-01
9.285999999999999810e-01
9.292000000000000259e-01
9.290000000000000480e-01
9.225999999999999757e-01
9.273000000000000131e-01
9.281000000000000361e-01
9.212000000000000188e-01
9.275999999999999801e-01
9.296999999999999709e-01
9.019000000000000350e-01
9.221000000000000307e-01
9.370000000000000551e-01
9.203999999999999959e-01
9.213000000000000078e-01
9.249000000000000554e-01
9.096999999999999531e-01
9.219000000000000528e-01
9.294999999999999929e-01
9.322000000000000286e-01
9.353000000000000203e-01
9.394000000000000128e-01
9.321000000000000396e-01
9.323000000000000176e-01
9.347999999999999643e-01
9.294000000000000039e-01
9.371000000000000441e-01
9.333000000000000185e-01
9.362000000000000322e-01
9.351000000000000423e-01
9.327999999999999625e-01
9.505000000000000115e-01
9.288999999999999480e-01
9.341000000000000414e-01
9.315999999999999837e-01
9.202000000000000179e-01
9.234999999999999876e-01
9.398999999999999577e-01
9.366999999999999771e-01
9.368999999999999551e-01
9.350000000000000533e-01
9.364999999999999991e-01
9.342000000000000304e-01
9.278999999999999471e-01
9.303000000000000158e-01
9.394000000000000128e-01
9.391000000000000458e-01
