1.725356175994873009e+00
2.844991381168365252e-01
1.755292743444442638e-01
1.329895897626876822e-01
1.074079831123352091e-01
9.119669262170791713e-02
7.822314977645873635e-02
6.932730100154876896e-02
6.258989866375923306e-02
5.676588320732117027e-02
5.248856863975524811e-02
4.856785168051719337e-02
4.489926176071167008e-02
4.288658687472343689e-02
4.057883877754211305e-02
3.959813663363456748e-02
3.697243231534957930e-02
3.595609767436980936e-02
3.466648710370064113e-02
3.241199134588241410e-02
3.153620314002036906e-02
3.094516538083553342e-02
2.897321963906288045e-02
2.874056235551834121e-02
2.752200656831264511e-02
2.647961527705192455e-02
2.716754384636878988e-02
2.522992247343063335e-02
2.593978276550769693e-02
2.558303306996822374e-02
2.400060860514640834e-02
2.342814725935458975e-02
2.432996300458908218e-02
2.350890567898750172e-02
2.273557453751564109e-02
2.244104990661144328e-02
2.267600600123405308e-02
2.346759553849697005e-02
2.153284042477607643e-02
2.086172270476818053e-02
2.040795659720897812e-02
2.162989208698272783e-02
2.113659524321555988e-02
2.075669501721858975e-02
2.073488355278968812e-02
1.989895369410514883e-02
1.955295971632003624e-02
2.001474581956863563e-02
1.940428721606731258e-02
1.960453262031078281e-02
1.923280428051948529e-02
2.000440964996814605e-02
1.954145140051841839e-02
1.925240598022937705e-02
2.009944927096367004e-02
1.907590782344341374e-02
1.900578477978706257e-02
1.889435417056083838e-02
1.827375741600990172e-02
1.839986993074417196e-02
1.809000378847122267e-02
1.935685473680496052e-02
1.907558710873126853e-02
1.939043850302696326e-02
1.861593881249427873e-02
1.788930758237838869e-02
1.913972941339016007e-02
2.007396228909492583e-02
1.865865537226200216e-02
1.787101504802703772e-02
1.843519498407840754e-02
1.842968625426292389e-02
1.857995530366897755e-02
1.832052746415138364e-02
1.691398197114467664e-02
1.738919359445571799e-02
1.780770854949951035e-02
1.820305109322071027e-02
1.760659718513488819e-02
1.765302213430404790e-02
1.679269291162490893e-02
1.706501389145851158e-02
1.701915727853775193e-02
1.689664344489574463e-02
1.726867305934429164e-02
1.741314474940299992e-02
1.725882593840360676e-02
1.677202224731445465e-02
1.663464078903198126e-02
1.648543860614299847e-02
1.747357028722763134e-02
1.791628783047199275e-02
1.793234292864799573e-02
1.739150523841381107e-02
1.682573193907737838e-02
1.813937231898307689e-02
1.604017279446124863e-02
1.597762180864811116e-02
1.610436988025903612e-02
1.805011010318994386e-02
