1.620370449256896883e+00
1.606426521301269617e+00
1.545897251701354946e+00
1.517530812644958482e+00
1.557131264877319232e+00
1.575604494476318340e+00
1.542219334220886306e+00
1.611770956993103132e+00
1.636755989837646474e+00
1.566510237503051739e+00
1.604432041358947680e+00
1.621703907203674300e+00
1.636628855705261287e+00
1.718882308197021480e+00
1.729309530830383190e+00
1.708008822250366210e+00
1.712374339294433501e+00
1.792651432418823187e+00
1.656255104255676347e+00
1.773233066749572817e+00
1.731129370689391989e+00
1.767302095794677674e+00
1.866286057281494104e+00
1.795880018234252917e+00
1.815600448799133293e+00
1.817168403625488260e+00
1.833740902900695691e+00
1.852952803039550789e+00
1.779049255561828691e+00
1.890910292625427314e+00
1.862633740997314380e+00
1.770274048042297377e+00
1.726941812896728434e+00
1.770049170494079505e+00
1.919676489067077663e+00
1.893183265304565488e+00
2.007419699096679722e+00
1.852550876045226946e+00
1.912596450233459366e+00
1.928974991607665945e+00
1.904218056297302342e+00
1.882970731544494569e+00
1.919876926612853918e+00
1.867837660026550273e+00
2.064544438171386886e+00
2.061860535812377826e+00
2.112258287048339955e+00
1.927578200149536070e+00
1.943218759536743168e+00
1.980499156951904371e+00
2.098738811492919965e+00
1.937796299552917434e+00
1.956525259971618746e+00
2.034013219642639037e+00
2.313242525100708047e+00
2.142326544952392720e+00
2.124300241088867391e+00
2.175195832443237443e+00
2.099879531860351367e+00
2.073223794174194445e+00
2.109442144393920859e+00
2.109339140319824057e+00
2.200713906478881654e+00
2.118004734039306669e+00
2.112581344604492095e+00
2.073280670166015582e+00
2.138060750579834135e+00
2.130907471847534040e+00
2.176566754913330293e+00
2.124933851242065241e+00
2.102887152481079269e+00
2.199812343597411957e+00
2.166182192611694202e+00
2.144341096878051633e+00
2.274860892868042050e+00
2.199632952499389837e+00
2.184444901275634621e+00
2.148410158538818227e+00
2.092810191726684366e+00
2.167889900207519371e+00
2.110013305282592899e+00
2.260258172607422011e+00
2.027646132278442259e+00
2.068366383361816219e+00
2.146107490158080999e+00
2.194021006393432671e+00
2.174564754486083995e+00
2.207776066970825291e+00
2.169609309387206864e+00
2.143828965377807538e+00
2.127467611694335847e+00
2.174863499069213724e+00
2.219280241012573374e+00
2.232141256713866984e+00
2.243205060577392551e+00
2.261497066116333166e+00
2.243948811340331861e+00
2.279831302261352555e+00
2.265766387557983208e+00
2.263696035766601611e+00
