1.725356135749816833e+00
2.844991381168365252e-01
1.755292834997177198e-01
1.329895912885665776e-01
1.074079886555671659e-01
9.119669892787933552e-02
7.822314461469649649e-02
6.932730414271354169e-02
6.258989790081978533e-02
5.676588377952575953e-02
5.248856729269027466e-02
4.856785234212875058e-02
4.489926300644874607e-02
4.288659049868583789e-02
4.057884012460708650e-02
3.959814028143882753e-02
3.697242829799651798e-02
3.595609667599201226e-02
3.466648738384246753e-02
3.241199173331260619e-02
3.153620372414588785e-02
3.094516623914241732e-02
2.897321945428848328e-02
2.874056158065796049e-02
2.752200829088687767e-02
2.647961504161357865e-02
2.716754345893859779e-02
2.522992127239704133e-02
2.593978390395641417e-02
2.558303579390049098e-02
2.400060775279998920e-02
2.342814639806747520e-02
2.432996433377265788e-02
2.350890578031539918e-02
2.273557181954383860e-02
2.244104866683483204e-02
2.267600400149822129e-02
2.346759572923183546e-02
2.153283680081367543e-02
2.086172131896019133e-02
2.040795697569847134e-02
2.162989371418952769e-02
2.113659434020519201e-02
2.075669925808906399e-02
2.073488449156284455e-02
1.989895454645156797e-02
1.955295746624469838e-02
2.001474725306033944e-02
1.940429021716117905e-02
1.960453324019909016e-02
1.923280538618564461e-02
2.000440797805786222e-02
1.954145294129848442e-02
1.925240536034107316e-02
2.009945207536220635e-02
1.907590808272361868e-02
1.900578439533710459e-02
1.889435336291789974e-02
1.827375735342502694e-02
1.839986731112003282e-02
1.809000547230243602e-02
1.935685338377952577e-02
1.907558569610118965e-02
1.939044107198715367e-02
1.861593783199787244e-02
1.788930898904800282e-02
1.913972970247268535e-02
2.007396126687526622e-02
1.865865745842456777e-02
1.787101121246814639e-02
1.843519466817378910e-02
1.842968657910823774e-02
1.857995247244834808e-02
1.832052902281284396e-02
1.691398141086101689e-02
1.738919022083282306e-02
1.780770780444145343e-02
1.820305060148239007e-02
1.760659838318824610e-02
1.765302546322345886e-02
1.679269236922264000e-02
1.706501468420028658e-02
1.701915681958198617e-02
1.689664460718631744e-02
1.726866892278194551e-02
1.741314558684825889e-02
1.725882852673530504e-02
1.677202372252941179e-02
1.663463849872350714e-02
1.648543957769870588e-02
1.747356943786144284e-02
1.791628986299037898e-02
1.793234601318836191e-02
1.739150387048721269e-02
1.682573381662368778e-02
1.813937411308288658e-02
1.604017349183559440e-02
1.597762146294116892e-02
1.610437006801366741e-02
1.805011202543974069e-02
