2.037446969604492342e+00
2.140556814575195421e+00
2.264437201309204006e+00
2.138099163055419805e+00
2.147954769515991291e+00
1.970390608596801707e+00
1.945041211891174404e+00
1.939970822906494030e+00
1.893715591812133781e+00
1.948051328468322740e+00
1.950778807640075607e+00
1.896503381156921408e+00
1.979794388008117689e+00
1.918632144165039133e+00
1.923261413955688504e+00
1.934342518043518089e+00
1.890029458999633816e+00
1.722679625320434615e+00
1.806771102142334051e+00
1.865799363136291467e+00
1.961145434188842795e+00
1.718010033416748072e+00
1.777207577705383290e+00
1.774514933013916052e+00
1.721859065818786672e+00
1.830578720092773448e+00
1.874356639099121091e+00
1.934291520690917920e+00
1.887683316421508772e+00
1.722627549171447781e+00
1.788359414863586405e+00
1.886580140876769951e+00
1.795554336547851459e+00
1.823921730232238803e+00
1.778969503784179729e+00
1.782677671813964748e+00
1.772330528068542410e+00
1.866960329437255872e+00
1.869584610176086459e+00
1.920931871032714788e+00
1.984167202949523867e+00
2.018141663551330733e+00
1.986669959449768097e+00
1.968393543624877839e+00
2.035797443008422913e+00
2.042486191940307449e+00
1.940377351951599216e+00
2.047719641113281419e+00
2.021076257705688661e+00
1.981529428482055710e+00
1.999718554878234800e+00
1.941894200897216871e+00
2.103068125152587786e+00
2.078522481536865030e+00
2.263740072250365998e+00
2.400302156829833944e+00
2.143840321350097611e+00
2.124162516784668053e+00
1.935628145790100119e+00
2.024525450515747060e+00
2.085664871215820337e+00
2.045191032791137786e+00
2.255353263473510950e+00
1.956304527854919373e+00
2.167782342529296802e+00
2.102612768554687595e+00
2.207224990081787297e+00
2.105588397216796803e+00
2.047627621459961134e+00
2.150508426284789998e+00
2.254029446792602531e+00
2.121600882720947379e+00
2.161816363906860161e+00
2.190867140579223715e+00
2.078668610000610428e+00
2.126360586166381683e+00
2.137285857772827313e+00
2.023136930465698313e+00
2.103763529968261548e+00
2.167631049728393489e+00
2.203006645965576382e+00
2.135676337814330861e+00
2.197410901260376193e+00
2.109723044013977145e+00
2.092888210678100602e+00
2.113249059677123842e+00
1.944200643157959041e+00
2.026735725975036484e+00
2.037550366401672530e+00
1.979968058204650827e+00
1.906076980590820202e+00
1.907804866218566930e+00
2.060252076339721850e+00
2.126276924514770350e+00
2.055369225120544652e+00
2.036277219581604125e+00
2.033088755226135191e+00
2.016779903984069922e+00
2.059600990676879739e+00
1.973724464797973699e+00
