1.725356123542785669e+00
2.844991235733032031e-01
1.755292796373367215e-01
1.329895903468132079e-01
1.074079905629158060e-01
9.119669854640960471e-02
7.822314786911011009e-02
6.932730252742767829e-02
6.258989493846893459e-02
5.676588235497474766e-02
5.248857082724571466e-02
4.856785435080528124e-02
4.489926176071167008e-02
4.288658869266510215e-02
4.057883973121643312e-02
3.959813892245292455e-02
3.697242982387542731e-02
3.595609758496284142e-02
3.466648672819137855e-02
3.241199292838573692e-02
3.153620543479919436e-02
3.094516523480415199e-02
2.897321946024894804e-02
2.874056513309478783e-02
2.752200747132301298e-02
2.647961532771587329e-02
2.716754337549209461e-02
2.522992281019687671e-02
2.593978382050991099e-02
2.558303339481353758e-02
2.400060727000236441e-02
2.342814563810825465e-02
2.432996343970298889e-02
2.350890606641769381e-02
2.273557315766811318e-02
2.244104929864406545e-02
2.267600409388542335e-02
2.346759865283966004e-02
2.153283800184726746e-02
2.086172002851963136e-02
2.040795735418796455e-02
2.162989276051521456e-02
2.113659648597240523e-02
2.075669592320919174e-02
2.073488545119762591e-02
1.989895334839821006e-02
1.955295890271663631e-02
2.001474605500698153e-02
1.940428742170333815e-02
1.960453315079212222e-02
1.923280580937862527e-02
2.000441192090511230e-02
1.954145224690437277e-02
1.925240601003170085e-02
2.009945110976696023e-02
1.907590737640857750e-02
1.900578673183917974e-02
1.889435515105724467e-02
1.827375756800174791e-02
1.839986982047557909e-02
1.809000698626041584e-02
1.935685209631919992e-02
1.907558558881282743e-02
1.939043892025947569e-02
1.861593857705592936e-02
1.788930881917476581e-02
1.913972851336002284e-02
2.007395988404750767e-02
1.865865646004676720e-02
1.787101457715034591e-02
1.843519512116909009e-02
1.842968770861625610e-02
1.857995582520961808e-02
1.832052722573280362e-02
1.691398057937621921e-02
1.738919058144092547e-02
1.780770646035671062e-02
1.820305293798446522e-02
1.760659855604171722e-02
1.765302358865738011e-02
1.679269360303878647e-02
1.706501711010932967e-02
1.701915717422962035e-02
1.689664475321769888e-02
1.726867159008979927e-02
1.741314553618431016e-02
1.725882451981305965e-02
1.677202383279800466e-02
1.663463875949382914e-02
1.648543988466262891e-02
1.747356899976730202e-02
1.791629230976104700e-02
1.793234309852123273e-02
1.739150151610374326e-02
1.682573218941688445e-02
1.813937474191188934e-02
1.604017385244369334e-02
1.597762144505977464e-02
1.610437119454145513e-02
1.805011167377233369e-02
