4.248000000000000109e-01
6.359000000000000208e-01
7.244000000000000439e-01
7.443999999999999506e-01
7.661000000000000032e-01
7.543999999999999595e-01
7.671999999999999931e-01
7.703999999999999737e-01
7.664999999999999591e-01
7.680000000000000160e-01
7.721000000000000085e-01
7.679000000000000270e-01
7.752000000000000002e-01
7.673999999999999710e-01
7.763999999999999790e-01
7.785999999999999588e-01
7.750000000000000222e-01
7.788000000000000478e-01
7.740000000000000213e-01
7.793999999999999817e-01
7.811000000000000165e-01
7.848000000000000531e-01
7.786999999999999478e-01
7.755999999999999561e-01
7.799000000000000377e-01
7.815999999999999615e-01
7.812000000000000055e-01
7.814999999999999725e-01
7.776999999999999469e-01
7.813999999999999835e-01
7.836999999999999522e-01
7.822999999999999954e-01
7.842999999999999972e-01
7.852999999999999980e-01
7.970000000000000417e-01
7.872000000000000108e-01
7.883000000000000007e-01
7.923999999999999932e-01
7.830000000000000293e-01
7.849000000000000421e-01
7.823999999999999844e-01
7.849000000000000421e-01
7.782000000000000028e-01
7.848000000000000531e-01
7.760000000000000231e-01
7.835999999999999632e-01
7.795999999999999597e-01
7.812000000000000055e-01
7.835999999999999632e-01
7.885999999999999677e-01
7.943000000000000060e-01
7.911000000000000254e-01
7.871000000000000218e-01
7.845999999999999641e-01
7.822999999999999954e-01
7.802000000000000046e-01
7.871000000000000218e-01
7.871000000000000218e-01
7.935999999999999721e-01
7.937999999999999501e-01
7.872999999999999998e-01
7.863999999999999879e-01
7.671999999999999931e-01
7.792999999999999927e-01
7.792999999999999927e-01
7.819000000000000394e-01
7.892000000000000126e-01
7.862999999999999989e-01
7.559000000000000163e-01
7.860000000000000320e-01
8.038999999999999480e-01
8.014000000000000012e-01
7.786999999999999478e-01
8.014999999999999902e-01
7.946999999999999620e-01
7.930000000000000382e-01
7.970000000000000417e-01
7.972000000000000197e-01
7.840000000000000302e-01
7.901000000000000245e-01
7.903000000000000025e-01
7.785999999999999588e-01
7.862999999999999989e-01
7.893999999999999906e-01
7.903000000000000025e-01
7.868000000000000549e-01
7.929000000000000492e-01
7.913999999999999924e-01
7.843999999999999861e-01
7.906999999999999584e-01
7.923999999999999932e-01
7.883999999999999897e-01
7.913000000000000034e-01
7.886999999999999567e-01
7.937999999999999501e-01
7.927999999999999492e-01
7.941000000000000281e-01
7.923999999999999932e-01
7.893999999999999906e-01
7.886999999999999567e-01
