1.672785109519958402e+00
1.399019662284850973e+00
1.246410237693786671e+00
1.189625182151794469e+00
1.140214654159545926e+00
1.176086756515502874e+00
1.161054666137695257e+00
1.133951200294494699e+00
1.124813540840148951e+00
1.174657028198242248e+00
1.153099898147583069e+00
1.133934726905822643e+00
1.090252766418457142e+00
1.208231855392456033e+00
1.080891228103637802e+00
1.113196640396118209e+00
1.133521051788330070e+00
1.117517338943481375e+00
1.127276089859008845e+00
1.020209687042236357e+00
1.091592050933837932e+00
1.066854896926879848e+00
1.093282497406005804e+00
1.216383439445495540e+00
1.106147646141052210e+00
1.151230832481384248e+00
1.074413754272460997e+00
1.108870265960693269e+00
1.172857090568542482e+00
1.115311136627197275e+00
1.075493434906005907e+00
1.193128573036193796e+00
1.143027171134948672e+00
1.101161357116699158e+00
1.056959326553344791e+00
1.163349161720275804e+00
1.102174284934997583e+00
1.043760598564148045e+00
1.188428624916076703e+00
1.159314027976989792e+00
1.261666563415527298e+00
1.206683372116088782e+00
1.180732443809509258e+00
1.178744558525085528e+00
1.240523969841003327e+00
1.256352599525451641e+00
1.197282122802734383e+00
1.180041222953796431e+00
1.162943252563476637e+00
1.137579696083068859e+00
1.056338883972167908e+00
1.110540494918823340e+00
1.170031119918823137e+00
1.181309963226318427e+00
1.188644272804260327e+00
1.317975960350036724e+00
1.150811783409118716e+00
1.198568186950683678e+00
1.154304449653625442e+00
1.105591824150085500e+00
1.126391683387756304e+00
1.317118373489379879e+00
1.362025675773620659e+00
1.201485927581787072e+00
1.361136153793334858e+00
1.372974446678161708e+00
1.198589187812805212e+00
1.277193123817443876e+00
1.398399580383300700e+00
1.296602126502990782e+00
1.081336528205871561e+00
1.079794509696960558e+00
1.345115462875366319e+00
1.064888417243957441e+00
1.198711939620971778e+00
1.191058466339111277e+00
1.153210902786254932e+00
1.189814352416992183e+00
1.232835064125060942e+00
1.209550815010070890e+00
1.233863531303405869e+00
1.322689852905273522e+00
1.273962226295471289e+00
1.308464700698852567e+00
1.300575845718383805e+00
1.235763817024230882e+00
1.306964954566955495e+00
1.285846239852905359e+00
1.318535714340209886e+00
1.358377758598327656e+00
1.361511885643005293e+00
1.291964322662353615e+00
1.342222507858276348e+00
1.385308686828613300e+00
1.310928909301757761e+00
1.345269971656799290e+00
1.372022520446777305e+00
1.337097565078735339e+00
1.392098424530029188e+00
1.345807524108886710e+00
