3.134000000000000119e-01
4.460000000000000075e-01
4.835999999999999743e-01
5.339000000000000412e-01
5.507999999999999563e-01
5.617999999999999661e-01
5.731000000000000538e-01
5.933000000000000496e-01
6.016000000000000236e-01
6.505999999999999561e-01
6.612999999999999989e-01
6.750000000000000444e-01
6.701000000000000290e-01
7.025000000000000133e-01
7.364000000000000545e-01
7.285000000000000364e-01
6.948999999999999622e-01
7.413999999999999480e-01
7.386000000000000343e-01
7.439999999999999947e-01
7.491999999999999771e-01
7.635999999999999455e-01
7.533999999999999586e-01
7.711999999999999966e-01
7.546000000000000485e-01
7.670000000000000151e-01
7.551999999999999824e-01
7.691999999999999948e-01
7.546000000000000485e-01
7.623999999999999666e-01
7.723999999999999755e-01
7.821000000000000174e-01
7.660000000000000142e-01
7.691000000000000059e-01
7.398000000000000131e-01
7.668000000000000371e-01
7.616000000000000547e-01
7.567000000000000393e-01
7.809000000000000385e-01
7.877999999999999448e-01
7.728000000000000425e-01
7.750000000000000222e-01
7.933000000000000052e-01
7.885999999999999677e-01
7.855999999999999650e-01
7.685999999999999499e-01
7.784999999999999698e-01
7.614999999999999547e-01
7.801000000000000156e-01
7.711000000000000076e-01
7.848000000000000531e-01
7.769000000000000350e-01
8.024999999999999911e-01
7.795999999999999597e-01
7.843999999999999861e-01
7.848000000000000531e-01
7.870000000000000329e-01
7.822000000000000064e-01
7.863999999999999879e-01
7.593999999999999639e-01
7.848000000000000531e-01
7.883999999999999897e-01
7.893999999999999906e-01
7.754999999999999671e-01
7.693999999999999728e-01
7.712999999999999856e-01
8.219999999999999529e-01
8.125999999999999890e-01
8.132000000000000339e-01
7.860000000000000320e-01
8.074999999999999956e-01
8.125999999999999890e-01
7.771000000000000130e-01
7.919000000000000483e-01
7.407000000000000250e-01
7.552999999999999714e-01
7.385000000000000453e-01
7.883000000000000007e-01
7.691999999999999948e-01
7.754999999999999671e-01
7.589000000000000190e-01
7.745999999999999552e-01
7.880000000000000338e-01
7.972000000000000197e-01
7.741000000000000103e-01
7.685999999999999499e-01
7.701000000000000068e-01
7.762999999999999901e-01
7.984999999999999876e-01
8.017999999999999572e-01
8.055999999999999828e-01
7.906999999999999584e-01
7.967999999999999527e-01
7.842999999999999972e-01
7.883999999999999897e-01
8.308999999999999719e-01
8.205999999999999961e-01
7.889000000000000457e-01
7.963999999999999968e-01
8.051000000000000378e-01
