1.597999999999999976e-01
9.513000000000000345e-01
9.727999999999999980e-01
9.779999999999999805e-01
9.781999999999999584e-01
9.818000000000000060e-01
9.819999999999999840e-01
9.826000000000000290e-01
9.848999999999999977e-01
9.822999999999999510e-01
9.804000000000000492e-01
9.827000000000000179e-01
9.846000000000000307e-01
9.831999999999999629e-01
9.861999999999999655e-01
9.842999999999999527e-01
9.817000000000000171e-01
9.836000000000000298e-01
9.836000000000000298e-01
9.844000000000000528e-01
9.841999999999999638e-01
9.855000000000000426e-01
9.848999999999999977e-01
9.811999999999999611e-01
9.840999999999999748e-01
9.846000000000000307e-01
9.786000000000000254e-01
9.804000000000000492e-01
9.816000000000000281e-01
9.842999999999999527e-01
9.810999999999999721e-01
9.838000000000000078e-01
9.828000000000000069e-01
9.838000000000000078e-01
9.822999999999999510e-01
9.814000000000000501e-01
9.802999999999999492e-01
9.806000000000000272e-01
9.758999999999999897e-01
9.837000000000000188e-01
9.855000000000000426e-01
9.854000000000000536e-01
9.856000000000000316e-01
9.862999999999999545e-01
9.868999999999999995e-01
9.859999999999999876e-01
9.856000000000000316e-01
9.871999999999999664e-01
9.875000000000000444e-01
9.868000000000000105e-01
9.841999999999999638e-01
9.851999999999999647e-01
9.875000000000000444e-01
9.868000000000000105e-01
9.851999999999999647e-01
9.828000000000000069e-01
9.849999999999999867e-01
9.829999999999999849e-01
9.848999999999999977e-01
9.842999999999999527e-01
9.859999999999999876e-01
9.870999999999999774e-01
9.876000000000000334e-01
9.864000000000000545e-01
9.868000000000000105e-01
9.839999999999999858e-01
9.831999999999999629e-01
9.831999999999999629e-01
9.847000000000000197e-01
9.850999999999999757e-01
9.824000000000000510e-01
9.837000000000000188e-01
9.852999999999999536e-01
9.867000000000000215e-01
9.869999999999999885e-01
9.864000000000000545e-01
9.869999999999999885e-01
9.877000000000000224e-01
9.876000000000000334e-01
9.860999999999999766e-01
9.866000000000000325e-01
9.862999999999999545e-01
9.869999999999999885e-01
9.874000000000000554e-01
9.878000000000000114e-01
9.845000000000000417e-01
9.874000000000000554e-01
9.844000000000000528e-01
9.857000000000000206e-01
9.871999999999999664e-01
9.877000000000000224e-01
9.877000000000000224e-01
9.885000000000000453e-01
9.875000000000000444e-01
9.862999999999999545e-01
9.872999999999999554e-01
9.879000000000000004e-01
9.883999999999999453e-01
9.882999999999999563e-01
9.885000000000000453e-01
