2.295590990829467604e+00
3.081079992294311620e-01
6.977205708026885944e-02
4.704304716587066892e-02
3.888553900122642543e-02
3.206104283332824462e-02
3.026783457994461010e-02
2.592677461504936179e-02
2.511039320230484123e-02
2.297793229520320862e-02
2.171417432427406174e-02
2.211098678112029953e-02
2.179759023487568004e-02
2.122085673809051554e-02
2.004709132611751446e-02
2.006673007309436874e-02
2.126530028879642514e-02
1.856947192847728870e-02
1.950237915515899700e-02
2.159355767965316641e-02
2.008460824787616783e-02
1.983830855190753945e-02
1.966308590173721296e-02
2.068740279674529878e-02
2.055527782440185608e-02
2.096661163270473541e-02
2.005368994176387823e-02
2.096063371896743702e-02
2.151399133205413733e-02
1.905617694258689848e-02
2.012255922555923615e-02
2.079943276047706638e-02
2.057703823447227381e-02
2.124444121420383455e-02
2.055846125781535944e-02
2.062259572744369607e-02
2.017766197919845447e-02
2.239655162394046939e-02
1.964023110568523245e-02
2.362750830650329689e-02
2.136367236375808637e-02
1.977848970293998726e-02
2.105332365036010830e-02
2.257298848032951444e-02
2.105756102204322730e-02
2.237033896446228090e-02
2.064622628688812106e-02
1.956627743840217565e-02
2.045553040206432235e-02
2.310015122592449024e-02
2.186981611251831090e-02
2.231115641593933024e-02
2.249049641191959437e-02
2.124512004554271818e-02
2.135190683901309894e-02
2.285110529363155313e-02
2.266840113401413087e-02
2.382710610926151371e-02
2.357670494318008306e-02
2.221231940090656262e-02
2.288581856489181610e-02
2.263988154530525293e-02
2.050278063416480917e-02
2.226887150108814231e-02
2.186041091382503673e-02
2.158171868920326364e-02
2.313748782873153650e-02
2.273350169062614279e-02
2.404402269124984726e-02
2.095712472796440115e-02
2.736600360870361168e-02
2.181576862335204980e-02
1.935991241931915227e-02
1.981525772809982280e-02
2.117668528556823637e-02
2.230423076748848030e-02
2.275544135719537869e-02
2.410697565227747086e-02
2.310470449924469094e-02
2.270735588371753863e-02
2.247359533607959717e-02
2.255616441071033387e-02
2.394193209409713891e-02
2.338989503085613098e-02
2.199315059334039715e-02
2.515364758372306761e-02
2.260670522153377521e-02
2.399249733686447186e-02
2.274747468233108416e-02
2.283290411829948588e-02
2.409956496357917866e-02
2.339817999601364121e-02
2.391989645957946775e-02
2.407994183897971957e-02
2.534840328991413289e-02
2.362405906617641438e-02
2.342389721274375919e-02
2.379863175451755672e-02
2.401099940687417833e-02
2.341953238844871402e-02
