2.295591015243530375e+00
3.081080007553100852e-01
6.977205746173859024e-02
4.704304763674736073e-02
3.888553929328918135e-02
3.206104502677917245e-02
3.026783286333084230e-02
2.592677704691886964e-02
2.511039406359195578e-02
2.297793424129486103e-02
2.171417415738105886e-02
2.211098506152629761e-02
2.179758822321891873e-02
2.122085627615451914e-02
2.004709126055240556e-02
2.006673184931278067e-02
2.126530064940452408e-02
1.856947041749954300e-02
1.950237938463687815e-02
2.159355656504631168e-02
2.008460824191570307e-02
1.983830991387367307e-02
1.966308479309081952e-02
2.068740524649620091e-02
2.055527994036674549e-02
2.096660999953746732e-02
2.005369147360324886e-02
2.096063546836376273e-02
2.151399266719818126e-02
1.905617809891700654e-02
2.012255887389182915e-02
2.079943118095398114e-02
2.057704035043716323e-02
2.124444181025028286e-02
2.055846139788627611e-02
2.062259521484375094e-02
2.017766109704971153e-02
2.239655412733554743e-02
1.964023140072822596e-02
2.362750952243804908e-02
2.136367264688015036e-02
1.977849051952362130e-02
2.105332474708557222e-02
2.257298891246318703e-02
2.105755928456783457e-02
2.237034125626087208e-02
2.064622553586959938e-02
1.956627780199050870e-02
2.045553013384342200e-02
2.310014799237251198e-02
2.186981472373008759e-02
2.231115487813949486e-02
2.249049611985683497e-02
2.124511695206165313e-02
2.135190600454807408e-02
2.285110619664192100e-02
2.266840006411075664e-02
2.382710922360420369e-02
2.357670496106147734e-02
2.221231916248798260e-02
2.288581988364457934e-02
2.263988127112388782e-02
2.050278210639953566e-02
2.226887237131595573e-02
2.186041192114353271e-02
2.158171859383583094e-02
2.313748657107353099e-02
2.273350011706352231e-02
2.404402342438697812e-02
2.095712470412254211e-02
2.736600598692894015e-02
2.181576765775680715e-02
1.935991450548172135e-02
1.981525648385286387e-02
2.117668662667274507e-02
2.230422886908054250e-02
2.275543962866067790e-02
2.410697700828313972e-02
2.310470577776432138e-02
2.270735844373703016e-02
2.247359268367290358e-02
2.255616320669651120e-02
2.394193171262741157e-02
2.338989183008670716e-02
2.199315049946308151e-02
2.515364871025085533e-02
2.260670576393604414e-02
2.399249852299690372e-02
2.274747487902641432e-02
2.283290264606475939e-02
2.409956301450729213e-02
2.339817784428596670e-02
2.391989755630493167e-02
2.407994217276573229e-02
2.534840349853038910e-02
2.362406244874000472e-02
2.342389699220657345e-02
2.379863556325435489e-02
2.401099914982915071e-02
2.341953164935111839e-02
