2.295590990829467604e+00
3.081079900741577338e-01
6.977206242084503518e-02
4.704304792881011665e-02
3.888553727865218940e-02
3.206104454398155112e-02
3.026783400177955607e-02
2.592677433192729780e-02
2.511039224863052463e-02
2.297793301045894521e-02
2.171417393684387312e-02
2.211098601222038357e-02
2.179758755266666265e-02
2.122085705101489986e-02
2.004709185659885387e-02
2.006673003733158017e-02
2.126529787182808093e-02
1.856947160363197485e-02
1.950237994790077201e-02
2.159355733394622764e-02
2.008460822403430879e-02
1.983830853402614516e-02
1.966308484673499890e-02
2.068740308284759688e-02
2.055527859032154139e-02
2.096661074757575835e-02
2.005369098484516277e-02
2.096063325703144062e-02
2.151399044394492963e-02
1.905617588162422313e-02
2.012255968451499843e-02
2.079943327903747627e-02
2.057703961730003236e-02
2.124444046318530940e-02
2.055846116244793020e-02
2.062259574532508688e-02
2.017766197919845447e-02
2.239655444324016587e-02
1.964023066759109509e-02
2.362751158475875912e-02
2.136367239952087493e-02
1.977849078774452166e-02
2.105332218408584657e-02
2.257298942506313216e-02
2.105756199955940294e-02
2.237033957540988938e-02
2.064622647166252170e-02
1.956627787947654712e-02
2.045553106367587956e-02
2.310014787018298960e-02
2.186981516480445906e-02
2.231115841865539615e-02
2.249049564301967494e-02
2.124511885941028633e-02
2.135190704762935515e-02
2.285110583603382206e-02
2.266840046048164414e-02
2.382710781395435198e-02
2.357670533061027515e-02
2.221231904625892498e-02
2.288581883460283350e-02
2.263988207578658887e-02
2.050278323888778814e-02
2.226887117922305911e-02
2.186041052341461052e-02
2.158171817660331851e-02
2.313748733699321630e-02
2.273349999785423403e-02
2.404402418732643279e-02
2.095712237954139648e-02
2.736600843667983882e-02
2.181576719284057664e-02
1.935991140604019153e-02
1.981525706648826560e-02
2.117668558657169464e-02
2.230423029959201914e-02
2.275544009357690842e-02
2.410697713047265864e-02
2.310470686852932054e-02
2.270735850632190841e-02
2.247359420061111404e-02
2.255616513490676933e-02
2.394193482995033220e-02
2.338989569842815294e-02
2.199315113723277967e-02
2.515364726185798788e-02
2.260670534968376236e-02
2.399249581098556600e-02
2.274747822880745021e-02
2.283290497660636978e-02
2.409956412911415033e-02
2.339818073511123683e-02
2.391989561319351337e-02
2.407994011640548701e-02
2.534840367138385675e-02
2.362406025826931100e-02
2.342389560937881490e-02
2.379863528907298978e-02
2.401099885180592655e-02
2.341953240633010830e-02
