1.135000000000000037e-01
9.657999999999999918e-01
9.774000000000000465e-01
9.788000000000000034e-01
9.786000000000000254e-01
9.827000000000000179e-01
9.798000000000000043e-01
9.777000000000000135e-01
9.759999999999999787e-01
9.804000000000000492e-01
9.819999999999999840e-01
9.835000000000000409e-01
9.791999999999999593e-01
9.837000000000000188e-01
9.839999999999999858e-01
9.836000000000000298e-01
9.869999999999999885e-01
9.828999999999999959e-01
9.849999999999999867e-01
9.866000000000000325e-01
9.832999999999999519e-01
9.871999999999999664e-01
9.824000000000000510e-01
9.825000000000000400e-01
9.830999999999999739e-01
9.828000000000000069e-01
9.822999999999999510e-01
9.844000000000000528e-01
9.828999999999999959e-01
9.790999999999999703e-01
9.838000000000000078e-01
9.849999999999999867e-01
9.842999999999999527e-01
9.864000000000000545e-01
9.874000000000000554e-01
9.861999999999999655e-01
9.867000000000000215e-01
9.849999999999999867e-01
9.868000000000000105e-01
9.878000000000000114e-01
9.874000000000000554e-01
9.864000000000000545e-01
9.858000000000000096e-01
9.867000000000000215e-01
9.871999999999999664e-01
9.872999999999999554e-01
9.876000000000000334e-01
9.861999999999999655e-01
9.868999999999999995e-01
9.869999999999999885e-01
9.881999999999999673e-01
9.883999999999999453e-01
9.858999999999999986e-01
9.795000000000000373e-01
9.826000000000000290e-01
9.821999999999999620e-01
9.794000000000000483e-01
9.787000000000000144e-01
9.761999999999999567e-01
9.804000000000000492e-01
9.834000000000000519e-01
9.830999999999999739e-01
9.858000000000000096e-01
9.859999999999999876e-01
9.858999999999999986e-01
9.837000000000000188e-01
9.850999999999999757e-01
9.857000000000000206e-01
9.861999999999999655e-01
9.866000000000000325e-01
9.866000000000000325e-01
9.861999999999999655e-01
9.862999999999999545e-01
9.859999999999999876e-01
9.755000000000000338e-01
9.790999999999999703e-01
9.838999999999999968e-01
9.842999999999999527e-01
9.857000000000000206e-01
9.834000000000000519e-01
9.858999999999999986e-01
9.862999999999999545e-01
9.861999999999999655e-01
9.861999999999999655e-01
9.861999999999999655e-01
9.872999999999999554e-01
9.869999999999999885e-01
9.864000000000000545e-01
9.876000000000000334e-01
9.875000000000000444e-01
9.876000000000000334e-01
9.874000000000000554e-01
9.887000000000000233e-01
9.876000000000000334e-01
9.886000000000000343e-01
9.893999999999999462e-01
9.881999999999999673e-01
9.865000000000000435e-01
9.874000000000000554e-01
9.870999999999999774e-01
