2.295590990829467604e+00
3.081080083847045903e-01
6.977205631732941171e-02
4.704304801821708459e-02
3.888553900122642543e-02
3.206104388236999392e-02
3.026783400774002084e-02
2.592677541673183567e-02
2.511039325296878649e-02
2.297793343663215651e-02
2.171417202651500580e-02
2.211098673343658491e-02
2.179758771955966901e-02
2.122085745334625212e-02
2.004709065854549249e-02
2.006673168838024254e-02
2.126529942750930713e-02
1.856947321891784519e-02
1.950237841606140138e-02
2.159355768561363118e-02
2.008460872769355851e-02
1.983830976784229164e-02
1.966308577954769057e-02
2.068740338683128233e-02
2.055527729988098143e-02
2.096661377549171451e-02
2.005369087755680055e-02
2.096063407659530531e-02
2.151399077177047758e-02
1.905617691278457815e-02
2.012255960106849526e-02
2.079943482279777642e-02
2.057703816294670016e-02
2.124444128274917756e-02
2.055846010148525138e-02
2.062259916067123514e-02
2.017766200900077828e-02
2.239655354917049340e-02
1.964023047089576840e-02
2.362750797867774893e-02
2.136367320418357946e-02
1.977848880290985004e-02
2.105332529544830245e-02
2.257298855483531874e-02
2.105756078362465075e-02
2.237034108638763508e-02
2.064622615575790326e-02
1.956627836227416845e-02
2.045553010404109820e-02
2.310014937818050465e-02
2.186981308460235474e-02
2.231115720868110525e-02
2.249049739539623130e-02
2.124511992335319580e-02
2.135190558731555818e-02
2.285110561847686697e-02
2.266839842796325791e-02
2.382710592150688242e-02
2.357670618295669429e-02
2.221231941878795690e-02
2.288582137525081717e-02
2.263988155722618245e-02
2.050277916491031679e-02
2.226887282431125673e-02
2.186041076779365530e-02
2.158171893358230495e-02
2.313748776018619696e-02
2.273350025117397422e-02
2.404402440786361853e-02
2.095712344050407530e-02
2.736600708961486883e-02
2.181576768159866273e-02
1.935991415381431435e-02
1.981525946110487130e-02
2.117668250203132499e-02
2.230422940850257732e-02
2.275543921738863024e-02
2.410697320699691643e-02
2.310470463633537350e-02
2.270735688209533573e-02
2.247359482645988615e-02
2.255616453588009038e-02
2.394193208813667414e-02
2.338989627063274221e-02
2.199314868003129919e-02
2.515364748835563491e-02
2.260670530200004427e-02
2.399249650835990830e-02
2.274747435450553967e-02
2.283290158510208057e-02
2.409956468343734878e-02
2.339817925691604558e-02
2.391989680528640652e-02
2.407994168400764620e-02
2.534840655624866559e-02
2.362405894994735675e-02
2.342389475107193100e-02
2.379863239824771964e-02
2.401100179702043633e-02
2.341953150033950978e-02
