2.292922362518310386e+00
2.896332409381866535e-01
9.395256971120834188e-02
8.207662886381149325e-02
8.987924304008483578e-02
9.094824209213256405e-02
6.664824385643004778e-02
9.745724400281906286e-02
6.188896721005440055e-02
6.815084960460662811e-02
5.063329030275345172e-02
5.141411320865154483e-02
5.611727705597877730e-02
5.302045578360557732e-02
4.808152506947517557e-02
5.008489204347133655e-02
5.066568365097046112e-02
5.790107811093330586e-02
4.930795120596885572e-02
5.091982187628746326e-02
5.237887772917747264e-02
5.286449086666106939e-02
4.756836144924164039e-02
5.259946187734603623e-02
6.628495823144912868e-02
6.375977483987808891e-02
5.445573448240757092e-02
5.146332116723060374e-02
7.879228426218032322e-02
9.616757137179374193e-02
6.988930004239082838e-02
6.893084512948989551e-02
6.522210411131382224e-02
5.163488292694091986e-02
6.872302185297012034e-02
7.461867717504501452e-02
6.228757528960705142e-02
6.119078364670276632e-02
4.954968390464782602e-02
5.444956676959991637e-02
5.488157191574573324e-02
6.991049370765685389e-02
5.701720758676528944e-02
5.126816625595093102e-02
5.119081619083881707e-02
4.892699808478355450e-02
4.939910825192928012e-02
4.940581421256065586e-02
4.858353692293167214e-02
4.701327469646930657e-02
4.813288092613220159e-02
5.174606508910656322e-02
5.595917299985885690e-02
5.581194173991679830e-02
5.174951542019844142e-02
5.478940533399581647e-02
5.506893258690834236e-02
5.259547889232635276e-02
5.333678304255008717e-02
5.664013882875442579e-02
6.472161492109299030e-02
6.632536598443984632e-02
5.499180257916450737e-02
5.929383947253227122e-02
5.217052323222160642e-02
5.635981268584728393e-02
5.677768557667732530e-02
8.589327235221862200e-02
7.114599164724350056e-02
9.537889589071274488e-02
9.319512556195258535e-02
7.596773452758788514e-02
6.660882975459098132e-02
5.542164521813392614e-02
5.420321650803089364e-02
5.471819477081298760e-02
5.454125989377498623e-02
5.467515513598918825e-02
5.380897176861763193e-02
5.012204764187336292e-02
4.690978491008281764e-02
5.721896646618843119e-02
4.876609742939472247e-02
5.054304682910442520e-02
4.865254929661750466e-02
5.902320714592933920e-02
5.183086243867874449e-02
5.519768317043781403e-02
5.230048030018806526e-02
6.228717257678508673e-02
5.579665760993957752e-02
5.102904683053493401e-02
4.965333331227302777e-02
5.441555601954459892e-02
5.214226289689540689e-02
5.097789845764637284e-02
5.203000284433365041e-02
5.003263134658336719e-02
5.732701184153556756e-02
5.349361988902091858e-02
