2.295590990829467604e+00
3.081080083847045903e-01
6.977205725908279532e-02
4.704304811954498206e-02
3.888553909659385466e-02
3.206104474067687782e-02
3.026783314943313694e-02
2.592677603662013955e-02
2.511039306223392456e-02
2.297793329656123984e-02
2.171417313218116860e-02
2.211098840832710286e-02
2.179758929610252360e-02
2.122085760831832896e-02
2.004709112048149236e-02
2.006673055589199006e-02
2.126529978811740954e-02
1.856947258710861179e-02
1.950237785577774163e-02
2.159355716109275652e-02
2.008460893630981473e-02
1.983830956518650018e-02
1.966308558881282864e-02
2.068740213811397569e-02
2.055527899563312430e-02
2.096661251187324423e-02
2.005369299352168996e-02
2.096063345074653667e-02
2.151399269104004031e-02
1.905617735385894615e-02
2.012256022691726737e-02
2.079943295717239307e-02
2.057703877091407799e-02
2.124444074928760404e-02
2.055846096873283416e-02
2.062259917259216466e-02
2.017766197919845447e-02
2.239655318558216035e-02
1.964022844731807757e-02
2.362751033902168313e-02
2.136367409825324845e-02
1.977848947644233676e-02
2.105332595705985965e-02
2.257298572361469274e-02
2.105756099224090697e-02
2.237034029662609072e-02
2.064622699022293159e-02
1.956627939343452346e-02
2.045552995502948612e-02
2.310014900863170684e-02
2.186981465220451393e-02
2.231115508079528978e-02
2.249049747884273448e-02
2.124511941075325067e-02
2.135190573036670550e-02
2.285110432207584225e-02
2.266839857101440522e-02
2.382710816860198963e-02
2.357670848369598435e-02
2.221231923997402102e-02
2.288582014888524904e-02
2.263988316655159150e-02
2.050277949869632604e-02
2.226887058615684492e-02
2.186041004657745396e-02
2.158171716332435777e-02
2.313748844861984386e-02
2.273350212574005297e-02
2.404402306079864507e-02
2.095712335109710736e-02
2.736600636243820273e-02
2.181576994657516422e-02
1.935991407632827593e-02
1.981525790691375868e-02
2.117668418586254181e-02
2.230422953367233382e-02
2.275543809086084251e-02
2.410697209089994464e-02
2.310470660328865083e-02
2.270735716819763036e-02
2.247359387278556955e-02
2.255616366863250760e-02
2.394193456172943185e-02
2.338989602774381796e-02
2.199315255284309267e-02
2.515364989042282243e-02
2.260670758038759234e-02
2.399249590039253394e-02
2.274747223854065026e-02
2.283290393948555000e-02
2.409956287145614481e-02
2.339817900061607475e-02
2.391989806890487680e-02
2.407994168400764620e-02
2.534840425550937554e-02
2.362406184375286100e-02
2.342389529347419647e-02
2.379863452315330447e-02
2.401099782064557153e-02
2.341953042745590144e-02
