2.274946078491210777e+00
2.492644320964813309e-01
9.205275013446807819e-02
9.056633560657501025e-02
6.518460413217544436e-02
6.568944257497787154e-02
5.640339432954788457e-02
4.652116169333458257e-02
4.421326121687889354e-02
4.125880128145217873e-02
4.392417613267898813e-02
4.729446346759796221e-02
4.353271670937538390e-02
4.630407775640487528e-02
5.130605007708072957e-02
4.029078736007213335e-02
4.874503279924392862e-02
4.176052425503731097e-02
3.567391371726989779e-02
3.661538365483284208e-02
3.498314215242862707e-02
3.155951241254806305e-02
4.805362945795059459e-02
3.757029248774051977e-02
4.220173200964928012e-02
4.310840657949447513e-02
3.937888418436050197e-02
5.067273798584938371e-02
3.997697197198867708e-02
5.121898046135902466e-02
3.900492261648177972e-02
4.474212732017040367e-02
4.893107705116271633e-02
7.820088702440261552e-02
6.310723504424095576e-02
4.880619521737098593e-02
4.840062853097915757e-02
3.955585818290710542e-02
5.506903006434440279e-02
4.308619469404220692e-02
4.047407460212707614e-02
4.679716746807098537e-02
3.594614737033843821e-02
3.527681392431258889e-02
3.564486614465713771e-02
3.555140004158020145e-02
3.351075073480606209e-02
3.363055365085601545e-02
3.716956197619437907e-02
3.583531441688537350e-02
3.600917644500732651e-02
3.756424387693405031e-02
3.945314576029777809e-02
3.806267565488815480e-02
3.929659911990165955e-02
4.809682701826095697e-02
6.509270147085190195e-02
4.440284500718116867e-02
6.219272198677062991e-02
5.621492506265639982e-02
8.127226408720016060e-02
6.998810611963271477e-02
5.793247977495193796e-02
6.013969272971153579e-02
4.637514764070510553e-02
4.561132857203483576e-02
4.849098750352859311e-02
5.375345779657363793e-02
5.127269737720489828e-02
4.998020489811897532e-02
4.762426519989967216e-02
5.819585028886795075e-02
4.648576681613922346e-02
4.462700302600860341e-02
5.396080998182296862e-02
4.054287438988685849e-02
4.181950823068619066e-02
3.936712256669998300e-02
3.934605535268783510e-02
3.804559521079063644e-02
4.291685281395912072e-02
4.867922045588493618e-02
4.101215936541557222e-02
3.819003233313560813e-02
4.030051625967025902e-02
3.792694479227066290e-02
3.668912817835807971e-02
3.912426037788391264e-02
3.883900121450423876e-02
3.791856607198715312e-02
3.957879124283790462e-02
3.876727294325828244e-02
4.075899426341057091e-02
4.987030454277992242e-02
4.957889772057533229e-02
5.597684893012046942e-02
5.734486230015754804e-02
4.645947234630584677e-02
5.365721024870872408e-02
6.344327502846718037e-02
