2.295591015243530375e+00
3.081080091953277700e-01
6.977205708026885944e-02
4.704304831027984746e-02
3.888553909063339337e-02
3.206104369163512852e-02
3.026783314943313694e-02
2.592677552103996377e-02
2.511039444506168311e-02
2.297793363034725256e-02
2.171417357921600483e-02
2.211098540723323985e-02
2.179758939146995630e-02
2.122085706591606002e-02
2.004709083735942837e-02
2.006673104465007615e-02
2.126529802083968954e-02
1.856947385668754683e-02
1.950237787067890180e-02
2.159355830550193853e-02
2.008460710346698930e-02
1.983830845952034086e-02
1.966308499276638033e-02
2.068740140199661418e-02
2.055527836382389090e-02
2.096661148667335398e-02
2.005369133055210154e-02
2.096063367426395305e-02
2.151399314403533783e-02
1.905617644190788287e-02
2.012255860567092880e-02
2.079943289756774893e-02
2.057703819870948872e-02
2.124444172382354903e-02
2.055846252143382971e-02
2.062259715795516923e-02
2.017766138911247092e-02
2.239655563533306248e-02
1.964022870063781775e-02
2.362751145958900609e-02
2.136367281377315672e-02
1.977848866581916748e-02
2.105332440733909474e-02
2.257298854291438922e-02
2.105756086707115046e-02
2.237033819258213083e-02
2.064622653126716584e-02
1.956627904176711993e-02
2.045552905201911825e-02
2.310014844536781298e-02
2.186981394290924210e-02
2.231115721464157001e-02
2.249049626588821293e-02
2.124512044191360569e-02
2.135190594494342647e-02
2.285110503435134818e-02
2.266840005815029188e-02
2.382710973620414882e-02
2.357670696377754324e-02
2.221232039630412908e-02
2.288582163453102211e-02
2.263988058567047157e-02
2.050278056859970027e-02
2.226887175440788250e-02
2.186041024923324541e-02
2.158171858191490142e-02
2.313748693764209816e-02
2.273350061178207315e-02
2.404402281045913553e-02
2.095712295770645051e-02
2.736600669622421197e-02
2.181576693058013758e-02
1.935991467833518900e-02
1.981525686383247414e-02
2.117668307423591773e-02
2.230423182249069089e-02
2.275544066578149768e-02
2.410697490870952753e-02
2.310470414459705329e-02
2.270735839903354619e-02
2.247359524965286334e-02
2.255616386830806841e-02
2.394193437695503121e-02
2.338989658802747770e-02
2.199314965605735778e-02
2.515364854931831373e-02
2.260670641213655477e-02
2.399249805808067321e-02
2.274747607111930747e-02
2.283290299773216292e-02
2.409956251978874128e-02
2.339817855358123852e-02
2.391989880800247242e-02
2.407994238734245326e-02
2.534840500801801774e-02
2.362406090497970457e-02
2.342389456629753036e-02
2.379863230884075170e-02
2.401100227907300086e-02
2.341953243017196734e-02
