2.288913822555541877e+00
2.756943855762481466e-01
1.137264679789543181e-01
9.039729104042053265e-02
7.341200287342071473e-02
6.798286206722259362e-02
6.311626047492027713e-02
7.031287457942962671e-02
5.758148600459098848e-02
5.081981883049010995e-02
5.391662416458129631e-02
5.214978525042533730e-02
4.779016692042351022e-02
5.589960099458694126e-02
5.957983635067939931e-02
5.926622277498245356e-02
4.996846990585326886e-02
5.165746083855628917e-02
6.095185893177985925e-02
5.587545641660690565e-02
5.732711993455887056e-02
4.542677745819091728e-02
5.182283542156219253e-02
5.363966725468635732e-02
4.603974330425262412e-02
5.264951341152190878e-02
5.559493932127952676e-02
4.331244395971298178e-02
4.013558592796325625e-02
4.861418421864509287e-02
5.018754708170890949e-02
6.094609241485595547e-02
5.910803000926971584e-02
6.600462384223937384e-02
6.113510257601737635e-02
7.201631335020065861e-02
6.589309990406036488e-02
4.961073508858680758e-02
7.271438004970549873e-02
5.655311899185180846e-02
5.625656599402427405e-02
4.437549611926078913e-02
4.832460474967956859e-02
4.729738895893097206e-02
4.826771590709686560e-02
4.753226670026779177e-02
4.619919927716255315e-02
5.171938350200652734e-02
4.818377928137779209e-02
5.585276553630828811e-02
5.979513414502143909e-02
6.228290156722068871e-02
5.362042744755744772e-02
5.030943853259086523e-02
5.213995653986931017e-02
5.384686794281005884e-02
5.527660050392151081e-02
5.234060066938400063e-02
5.704656454920768727e-02
5.387281358838081485e-02
6.266738032102585343e-02
5.405388183593749785e-02
5.609677913784980735e-02
5.225639911890030131e-02
4.784437116384505917e-02
4.718553556799888471e-02
5.007599170804023780e-02
4.666758351922035281e-02
4.750807017087936568e-02
4.818154939413070437e-02
4.788312963843345538e-02
5.159631554484367388e-02
4.860457978248595989e-02
4.641882623434066824e-02
5.248516921997070650e-02
5.127274621129036120e-02
4.902980585098266897e-02
5.177877712249755876e-02
4.842017903923988287e-02
4.806379483938217484e-02
4.769986176490783464e-02
4.777315485477447166e-02
4.807165353298187283e-02
4.716072760224342131e-02
4.610428407788276506e-02
4.576719622015953254e-02
4.554508931636810226e-02
5.519167061448097128e-02
5.056569510102271875e-02
5.486767417788505213e-02
8.417189670801163148e-02
9.001314928531646553e-02
7.166917827725410861e-02
5.706647479534149303e-02
6.418899681568145110e-02
6.844003481864929794e-02
5.564318773746490532e-02
5.881510853767395186e-02
5.181436223983764550e-02
6.113864288330077973e-02
