1.135000000000000037e-01
9.627000000000000002e-01
9.724000000000000421e-01
9.757000000000000117e-01
9.815000000000000391e-01
9.798000000000000043e-01
9.828000000000000069e-01
9.789999999999999813e-01
9.824000000000000510e-01
9.847000000000000197e-01
9.830999999999999739e-01
9.837000000000000188e-01
9.849999999999999867e-01
9.814000000000000501e-01
9.811999999999999611e-01
9.809999999999999831e-01
9.840999999999999748e-01
9.845000000000000417e-01
9.815000000000000391e-01
9.828999999999999959e-01
9.825000000000000400e-01
9.868999999999999995e-01
9.846000000000000307e-01
9.834000000000000519e-01
9.852999999999999536e-01
9.845000000000000417e-01
9.828999999999999959e-01
9.858999999999999986e-01
9.868000000000000105e-01
9.859999999999999876e-01
9.851999999999999647e-01
9.815000000000000391e-01
9.816000000000000281e-01
9.808999999999999941e-01
9.808000000000000052e-01
9.791999999999999593e-01
9.806000000000000272e-01
9.852999999999999536e-01
9.815000000000000391e-01
9.840999999999999748e-01
9.834000000000000519e-01
9.878000000000000114e-01
9.861999999999999655e-01
9.862999999999999545e-01
9.866000000000000325e-01
9.867000000000000215e-01
9.868000000000000105e-01
9.855000000000000426e-01
9.868999999999999995e-01
9.848999999999999977e-01
9.847000000000000197e-01
9.830999999999999739e-01
9.846000000000000307e-01
9.858000000000000096e-01
9.860999999999999766e-01
9.855000000000000426e-01
9.856000000000000316e-01
9.868000000000000105e-01
9.850999999999999757e-01
9.854000000000000536e-01
9.832999999999999519e-01
9.848999999999999977e-01
9.847000000000000197e-01
9.850999999999999757e-01
9.865000000000000435e-01
9.866000000000000325e-01
9.859999999999999876e-01
9.870999999999999774e-01
9.869999999999999885e-01
9.858999999999999986e-01
9.872999999999999554e-01
9.858999999999999986e-01
9.874000000000000554e-01
9.879999999999999893e-01
9.857000000000000206e-01
9.869999999999999885e-01
9.867000000000000215e-01
9.871999999999999664e-01
9.880999999999999783e-01
9.886000000000000343e-01
9.882999999999999563e-01
9.880999999999999783e-01
9.882999999999999563e-01
9.890999999999999792e-01
9.892999999999999572e-01
9.896000000000000352e-01
9.897000000000000242e-01
9.868000000000000105e-01
9.866000000000000325e-01
9.857000000000000206e-01
9.762999999999999456e-01
9.747999999999999998e-01
9.800999999999999712e-01
9.840999999999999748e-01
9.838000000000000078e-01
9.818000000000000060e-01
9.848999999999999977e-01
9.840999999999999748e-01
9.870999999999999774e-01
9.847000000000000197e-01
