1.135000000000000037e-01
9.627000000000000002e-01
9.868000000000000105e-01
9.897000000000000242e-01
9.910999999999999810e-01
9.925000000000000488e-01
9.919000000000000039e-01
9.919999999999999929e-01
9.921999999999999709e-01
9.930999999999999828e-01
9.936000000000000387e-01
9.930999999999999828e-01
9.935000000000000497e-01
9.937000000000000277e-01
9.937000000000000277e-01
9.945000000000000506e-01
9.939000000000000057e-01
9.947000000000000286e-01
9.946000000000000396e-01
9.935000000000000497e-01
9.938000000000000167e-01
9.942999999999999616e-01
9.938000000000000167e-01
9.933999999999999497e-01
9.935000000000000497e-01
9.938000000000000167e-01
9.942999999999999616e-01
9.941999999999999726e-01
9.942999999999999616e-01
9.946000000000000396e-01
9.943999999999999506e-01
9.940999999999999837e-01
9.947000000000000286e-01
9.932999999999999607e-01
9.943999999999999506e-01
9.951999999999999735e-01
9.941999999999999726e-01
9.939000000000000057e-01
9.949999999999999956e-01
9.938000000000000167e-01
9.939999999999999947e-01
9.945000000000000506e-01
9.942999999999999616e-01
9.943999999999999506e-01
9.943999999999999506e-01
9.937000000000000277e-01
9.948000000000000176e-01
9.943999999999999506e-01
9.947000000000000286e-01
9.940999999999999837e-01
9.939999999999999947e-01
9.939999999999999947e-01
9.939000000000000057e-01
9.943999999999999506e-01
9.948000000000000176e-01
9.946000000000000396e-01
9.940999999999999837e-01
9.937000000000000277e-01
9.941999999999999726e-01
9.942999999999999616e-01
9.939999999999999947e-01
9.939000000000000057e-01
9.945000000000000506e-01
9.941999999999999726e-01
9.945000000000000506e-01
9.943999999999999506e-01
9.945000000000000506e-01
9.942999999999999616e-01
9.938000000000000167e-01
9.947000000000000286e-01
9.930999999999999828e-01
9.947000000000000286e-01
9.946000000000000396e-01
9.948000000000000176e-01
9.938000000000000167e-01
9.938000000000000167e-01
9.938000000000000167e-01
9.939000000000000057e-01
9.946000000000000396e-01
9.945000000000000506e-01
9.945000000000000506e-01
9.937000000000000277e-01
9.939000000000000057e-01
9.935000000000000497e-01
9.941999999999999726e-01
9.938000000000000167e-01
9.942999999999999616e-01
9.938000000000000167e-01
9.940999999999999837e-01
9.943999999999999506e-01
9.945000000000000506e-01
9.949999999999999956e-01
9.947000000000000286e-01
9.946000000000000396e-01
9.945000000000000506e-01
9.943999999999999506e-01
9.945000000000000506e-01
9.939999999999999947e-01
9.938000000000000167e-01
9.947000000000000286e-01
