1.010000000000000064e-01
9.500999999999999446e-01
9.749999999999999778e-01
9.802999999999999492e-01
9.788000000000000034e-01
9.789999999999999813e-01
9.798000000000000043e-01
9.808000000000000052e-01
9.832999999999999519e-01
9.819999999999999840e-01
9.862999999999999545e-01
9.846000000000000307e-01
9.826000000000000290e-01
9.870999999999999774e-01
9.834000000000000519e-01
9.798000000000000043e-01
9.867000000000000215e-01
9.817000000000000171e-01
9.836000000000000298e-01
9.848999999999999977e-01
9.859999999999999876e-01
9.868999999999999995e-01
9.860999999999999766e-01
9.837000000000000188e-01
9.837000000000000188e-01
9.858999999999999986e-01
9.840999999999999748e-01
9.836000000000000298e-01
9.819999999999999840e-01
9.822999999999999510e-01
9.806000000000000272e-01
9.835000000000000409e-01
9.855000000000000426e-01
9.870999999999999774e-01
9.862999999999999545e-01
9.855000000000000426e-01
9.874000000000000554e-01
9.887000000000000233e-01
9.875000000000000444e-01
9.872999999999999554e-01
9.874000000000000554e-01
9.879999999999999893e-01
9.846000000000000307e-01
9.878000000000000114e-01
9.880999999999999783e-01
9.808999999999999941e-01
9.751999999999999558e-01
9.801999999999999602e-01
9.759999999999999787e-01
9.828999999999999959e-01
9.834000000000000519e-01
9.857000000000000206e-01
9.867000000000000215e-01
9.869999999999999885e-01
9.868000000000000105e-01
9.888000000000000123e-01
9.886000000000000343e-01
9.889000000000000012e-01
9.887000000000000233e-01
9.883999999999999453e-01
9.889999999999999902e-01
9.887000000000000233e-01
9.888000000000000123e-01
9.885000000000000453e-01
9.883999999999999453e-01
9.882999999999999563e-01
9.881999999999999673e-01
9.875000000000000444e-01
9.874000000000000554e-01
9.889000000000000012e-01
9.887000000000000233e-01
9.888000000000000123e-01
9.848999999999999977e-01
9.856000000000000316e-01
9.864000000000000545e-01
9.828999999999999959e-01
9.838000000000000078e-01
9.832999999999999519e-01
9.840999999999999748e-01
9.824000000000000510e-01
9.831999999999999629e-01
9.828000000000000069e-01
9.848000000000000087e-01
9.859999999999999876e-01
9.841999999999999638e-01
9.858999999999999986e-01
9.858000000000000096e-01
9.865000000000000435e-01
9.869999999999999885e-01
9.858000000000000096e-01
9.862999999999999545e-01
9.858999999999999986e-01
9.879999999999999893e-01
9.855000000000000426e-01
9.879000000000000004e-01
9.850999999999999757e-01
9.826000000000000290e-01
9.867000000000000215e-01
9.822999999999999510e-01
9.845000000000000417e-01
