2.295591039657592702e+00
3.081080313682555971e-01
6.977205898761749958e-02
4.704304926395416059e-02
3.888553918004036131e-02
3.206104263663291792e-02
3.026783467531204280e-02
2.592677527964115311e-02
2.511039301156997583e-02
2.297793248593807056e-02
2.171417181491851894e-02
2.211098749041557482e-02
2.179758884310722261e-02
2.122085686922073333e-02
2.004709168970584751e-02
2.006673068106174310e-02
2.126529832482337845e-02
1.856947347521781949e-02
1.950238077938556622e-02
2.159355558156967128e-02
2.008460935354232715e-02
1.983830912411212871e-02
1.966308483779430349e-02
2.068740283548831799e-02
2.055527805685997134e-02
2.096661148965358809e-02
2.005369210541248226e-02
2.096063560247421118e-02
2.151399165987968529e-02
1.905617648959159749e-02
2.012255944013595713e-02
2.079943230152130063e-02
2.057703894972801040e-02
2.124444023072719415e-02
2.055846135020256149e-02
2.062259800434112708e-02
2.017766215801239035e-02
2.239655453860759857e-02
1.964022975265979770e-02
2.362751058936118920e-02
2.136367312073707628e-02
1.977848992943763776e-02
2.105332480072975160e-02
2.257298839688301126e-02
2.105756124556064715e-02
2.237034014165401388e-02
2.064622628092765977e-02
1.956627872586250150e-02
2.045552896559238443e-02
2.310014850199222647e-02
2.186981432437896597e-02
2.231115853786468442e-02
2.249049879312515349e-02
2.124511753916740256e-02
2.135190679728984908e-02
2.285110432803630701e-02
2.266840206980705319e-02
2.382710796892642882e-02
2.357670598030090284e-02
2.221231920123100181e-02
2.288582271635532239e-02
2.263988203406333902e-02
2.050278243422508362e-02
2.226887081563472606e-02
2.186041043400764605e-02
2.158171722888946667e-02
2.313748832046985671e-02
2.273349902331828903e-02
2.404402294158935680e-02
2.095712575316429141e-02
2.736600470542907559e-02
2.181576807498931958e-02
1.935991351604461619e-02
1.981525667309760874e-02
2.117668499946594174e-02
2.230423007905483340e-02
2.275543907731771356e-02
2.410697552263736665e-02
2.310470412373542837e-02
2.270735602676868595e-02
2.247359473109245345e-02
2.255616451799869610e-02
2.394193185567855889e-02
2.338989391475915919e-02
2.199315061122179144e-02
2.515364694893360009e-02
2.260670490413904318e-02
2.399249420166015695e-02
2.274747378826141517e-02
2.283290464282035706e-02
2.409956452250480718e-02
2.339817790985107560e-02
2.391989831924438634e-02
2.407994111180305347e-02
2.534840446412563175e-02
2.362406033873558006e-02
2.342389862537384154e-02
2.379863439500331732e-02
2.401100038960576194e-02
2.341953462362289518e-02
