2.290892220687866132e+00
2.455106760978698621e-01
9.506729917526245133e-02
9.502075449228286619e-02
7.556144117116928016e-02
7.528613424301147661e-02
5.381767194867134035e-02
5.477827708721160621e-02
5.455558574199676630e-02
5.164991603493690464e-02
6.318756703138352082e-02
5.071179060339927464e-02
4.942908427119255266e-02
4.242946765124797764e-02
5.284759661555290394e-02
4.623156979680061174e-02
4.303805713951587564e-02
5.052244241833686589e-02
4.915557629466056622e-02
5.628384633660316744e-02
4.943840190172195392e-02
5.530334620475769319e-02
5.143296287059784255e-02
7.395691141486167297e-02
5.977327210903167487e-02
5.098199560642242140e-02
4.635874772071838651e-02
5.838797498941421249e-02
5.066027730107307281e-02
7.938400322198867209e-02
5.270513670444488402e-02
4.437495664358138969e-02
4.369248082041740644e-02
4.808903426527977309e-02
4.329136416316032437e-02
4.449752173423766888e-02
4.205057358145714019e-02
4.691401661634445053e-02
6.071139670610428002e-02
5.683667248487472845e-02
5.232278962731361227e-02
5.005362324118613898e-02
5.667698577642441005e-02
7.817774076461792010e-02
6.174931093454361086e-02
5.768971547484397916e-02
5.381570193767547944e-02
7.247756049633026498e-02
6.265346432924270847e-02
5.975741115808486797e-02
5.064007573127746881e-02
4.367765147686004934e-02
4.150969035625457632e-02
3.872680948376655552e-02
5.137078121900558181e-02
4.534475728869438033e-02
4.014280691146850794e-02
4.641304341554641777e-02
5.243652781248092642e-02
4.784999091029167040e-02
6.220968385338783435e-02
4.873679389357566533e-02
5.441925666928291300e-02
5.470909685492515717e-02
5.326443964838981776e-02
5.848023726940154710e-02
6.136925373077392609e-02
5.854865090847015396e-02
6.283304036855696939e-02
6.256892343759536124e-02
5.573104450106620977e-02
4.979660321474075474e-02
4.936087691187858451e-02
5.508597692251205463e-02
5.273427996635437348e-02
5.805540305972099052e-02
5.543827580809593258e-02
5.587289438247680651e-02
5.812333064675331146e-02
5.281555699110031254e-02
4.878797134160995502e-02
4.878379834890365918e-02
5.122114478945732213e-02
4.694133729338646061e-02
4.434662906527519349e-02
4.375321132540702790e-02
5.897840176224708464e-02
5.566456615924834928e-02
5.704554464817047227e-02
8.220374620556832046e-02
6.341477954387664262e-02
5.366924068331718756e-02
5.942753593921661082e-02
5.231549670696258869e-02
5.934741932153701771e-02
5.418553540110587763e-02
4.906747286319732698e-02
5.879199459552764823e-02
5.977190175652503934e-02
5.845002941489219755e-02
