2.274338485336303783e+00
3.191426733970642027e-01
1.001949241161346482e-01
8.323599963188171857e-02
8.944606145620345727e-02
5.863159872293472602e-02
6.174281188249588354e-02
5.710940226316452151e-02
6.190567177534103682e-02
4.500653043985367030e-02
5.659538422226905591e-02
5.653588242530822872e-02
4.815111874938011322e-02
5.991931143999099790e-02
5.570626358389854649e-02
6.484344582557678704e-02
5.397104428410529758e-02
4.890974481105804517e-02
4.984817690253257744e-02
5.975915622115135495e-02
6.552794464826583454e-02
4.906628405451774616e-02
5.405146051645278588e-02
5.076900141239166359e-02
6.247597616910934709e-02
5.950595697760582142e-02
4.683577065467834505e-02
6.109000127315521167e-02
5.524779476523399013e-02
7.252847223281860822e-02
6.111030594110489211e-02
6.098910199999809517e-02
5.756127494573592962e-02
6.195505964756011646e-02
5.752767291069030980e-02
5.577798820734024277e-02
6.759130573868751823e-02
5.241529332995414903e-02
4.399533933401107710e-02
5.234040191173553597e-02
4.719848710894584964e-02
4.725247080326080290e-02
4.601150029897689564e-02
4.278240993022918576e-02
4.228129838705062954e-02
4.717700451016425961e-02
4.515575567483901681e-02
4.383295356035232793e-02
4.631711522340774267e-02
5.514467597007751548e-02
5.433237465620040924e-02
5.294931710958480919e-02
4.607288695275783830e-02
4.975494346916675692e-02
5.004337302446365543e-02
4.763912473320960905e-02
4.431654042601585602e-02
4.136957460045814772e-02
4.217862101793289076e-02
4.964690408110618292e-02
4.920670851469039625e-02
4.779813956618308990e-02
4.669070181846618484e-02
4.587590757608413922e-02
4.477813684940338407e-02
5.120854687690734597e-02
6.654809351563453768e-02
5.867113313078880371e-02
5.712895881533622960e-02
5.060413036346435300e-02
4.900335499048232707e-02
5.389243071675300922e-02
5.217120499014854529e-02
4.890206692814826755e-02
6.573635301589965396e-02
5.554151764512062217e-02
7.045092645883560545e-02
5.657378433346748475e-02
5.943267458081245153e-02
7.114108842611312211e-02
1.003601437091827392e-01
7.695339039564132178e-02
6.525317479372023943e-02
7.511644095182418157e-02
4.741179304718971116e-02
5.346276974678039473e-02
4.522845247387886208e-02
4.528691368103027193e-02
5.009730774164199846e-02
5.715189403295516807e-02
4.807291378974914292e-02
4.870831578969955777e-02
4.797392190098762749e-02
4.520058763027191145e-02
4.560286189913749511e-02
4.679956199526786459e-02
4.728389636278152591e-02
5.124580937623977872e-02
5.261345166563987513e-02
4.904297661781310824e-02
