2.291729634857177622e+00
3.081516209602355727e-01
9.612313919067383416e-02
8.500863109827042075e-02
7.423986772298812875e-02
6.473735974431038542e-02
6.925799036026000777e-02
5.169525370597839037e-02
5.372713387608528401e-02
7.214451060295104523e-02
5.517722803950309701e-02
5.859329843521118159e-02
5.557310129404068044e-02
5.364734789133071557e-02
5.811469019055366669e-02
4.829621064066887126e-02
4.591461575031280384e-02
4.966829487681388711e-02
3.866739265024662225e-02
4.148755471110343596e-02
4.414832640290260179e-02
4.819980653524398584e-02
6.367360177040100322e-02
5.618053368330001851e-02
5.515993571877479684e-02
5.013344091176986927e-02
5.224120804667473084e-02
4.517514644861221618e-02
4.461818787157535715e-02
4.960116581320762885e-02
6.407584720849990312e-02
6.913214155435562502e-02
5.915986608862876944e-02
5.496337363123893899e-02
5.808109346628188840e-02
6.191453090906143264e-02
4.654614708423614189e-02
5.119464258551597452e-02
7.056884692907333667e-02
6.773458392024039876e-02
4.659097106456756843e-02
5.094221057295799521e-02
4.640690439343452683e-02
5.588713092505932095e-02
6.030209991931915342e-02
4.773073152303695943e-02
6.651123347282410225e-02
5.255862030386924955e-02
6.283750271797179654e-02
5.239250196814537047e-02
5.479796525239944566e-02
5.252648174166679729e-02
6.090687804222107149e-02
6.033700680732727306e-02
4.967179312407970365e-02
4.262960378527641536e-02
4.560856144726276734e-02
4.731831825971603150e-02
4.354861734509467980e-02
4.579799188375473229e-02
4.397857148051261683e-02
4.168788762986660318e-02
4.297686138749122475e-02
4.210034580230712781e-02
4.127088162302970653e-02
4.131029193699359975e-02
4.075652623176574674e-02
4.081889660358428706e-02
4.324590239524841312e-02
4.259391662478446972e-02
4.562695461511612205e-02
4.595529685020446897e-02
4.490988571643829419e-02
4.553526417016982852e-02
4.784107712507247590e-02
4.736998345851898412e-02
4.691364092826843385e-02
4.714333394765853752e-02
4.846519769430160385e-02
9.739339911937713867e-02
6.284552183151245752e-02
5.600025559663772412e-02
5.517137362957000996e-02
6.541486419141293029e-02
5.390349530875682832e-02
4.905660485029220835e-02
6.876522151231766189e-02
6.097530796527862729e-02
5.190557546615600509e-02
5.391292547583580175e-02
5.689971482157707428e-02
5.557824111580848825e-02
4.906684886217117098e-02
4.236766266226768551e-02
4.751107762753963709e-02
4.910413482785224576e-02
5.009273013472557295e-02
4.992919878661632865e-02
4.400237557590008092e-02
5.062099640369415593e-02
