2.283840672683715933e+00
2.795210399627685582e-01
1.205081955432891899e-01
9.575317764282226252e-02
7.082786587476730400e-02
6.104162623286247397e-02
7.145988811254501416e-02
5.574906783103943109e-02
5.416395164132118550e-02
4.584181310534476972e-02
5.611008816957473860e-02
5.032283451557159615e-02
5.509645544886589141e-02
5.466470872163772809e-02
4.503858418464660313e-02
4.407782676219940132e-02
4.749643774032592802e-02
5.419637129306793116e-02
6.319372751712798442e-02
6.057874910235405003e-02
5.667129721641540191e-02
4.906112195253372471e-02
4.669240217208862204e-02
4.879692960977554533e-02
5.203501984477042902e-02
5.299503906369209399e-02
5.161033329963683747e-02
5.754744616150855863e-02
4.391318063139915129e-02
4.954307511448860502e-02
4.857621492147445874e-02
5.336502779722213791e-02
5.480776430368423241e-02
4.802765193581581132e-02
5.821270800828933639e-02
4.879373689293861616e-02
7.171042988300323218e-02
4.823247633576393384e-02
4.216441395282745364e-02
5.101963992118835334e-02
7.202309739589690674e-02
6.170706412196159257e-02
5.400440791249275230e-02
5.513282278776168721e-02
5.486614091992378373e-02
7.542818007469177799e-02
7.185637313723564068e-02
6.575706015229225432e-02
5.927657496333122583e-02
6.239707790613174127e-02
5.533095756769180334e-02
5.510654153823852514e-02
5.167840470075607540e-02
4.820994310379028008e-02
4.701934873461723063e-02
5.147643557190895169e-02
5.573899857997894475e-02
4.870890138149261417e-02
5.107959488034248541e-02
4.855755922198295299e-02
5.004182730913162014e-02
4.960901712179183881e-02
4.665041946172714116e-02
4.439527467489242513e-02
4.212928683161735327e-02
4.822979804873466642e-02
5.039119520187378132e-02
5.710787389874458220e-02
5.402603017687797327e-02
6.051538378000259621e-02
6.133268468379974442e-02
6.332155094146728336e-02
6.165293040275574010e-02
5.794767256975173753e-02
6.818741399049758900e-02
5.762818120718002368e-02
6.984927337169646866e-02
6.431496899127960021e-02
7.202696393728255653e-02
6.491294178962707384e-02
5.501309303641319093e-02
6.684048017859459123e-02
5.826636971235275159e-02
5.723317055702209499e-02
5.733715272545814728e-02
5.079372214078903269e-02
5.854906400442123210e-02
5.604068529605865656e-02
5.417977054715156227e-02
4.977090410590171571e-02
4.931156964302062934e-02
4.723766384124755691e-02
4.646132180094719039e-02
4.991069957017898323e-02
4.923759527802467478e-02
4.874247306585311607e-02
4.831374607086181411e-02
4.858573783040046751e-02
4.813546429276466254e-02
4.908501812219619870e-02
