1.135000000000000037e-01
9.623000000000000442e-01
9.744000000000000439e-01
9.752999999999999448e-01
9.807000000000000162e-01
9.827000000000000179e-01
9.788999999999999924e-01
9.827000000000000179e-01
9.832999999999999519e-01
9.866000000000000325e-01
9.846000000000000307e-01
9.851999999999999647e-01
9.840999999999999748e-01
9.834000000000000519e-01
9.862999999999999545e-01
9.865000000000000435e-01
9.856000000000000316e-01
9.837000000000000188e-01
9.822999999999999510e-01
9.815000000000000391e-01
9.845000000000000417e-01
9.856000000000000316e-01
9.856000000000000316e-01
9.831999999999999629e-01
9.850999999999999757e-01
9.846000000000000307e-01
9.848999999999999977e-01
9.826000000000000290e-01
9.866000000000000325e-01
9.861999999999999655e-01
9.869999999999999885e-01
9.852999999999999536e-01
9.848000000000000087e-01
9.876000000000000334e-01
9.837000000000000188e-01
9.858000000000000096e-01
9.807000000000000162e-01
9.866000000000000325e-01
9.888000000000000123e-01
9.865000000000000435e-01
9.797000000000000153e-01
9.835000000000000409e-01
9.851999999999999647e-01
9.849999999999999867e-01
9.848000000000000087e-01
9.795000000000000373e-01
9.805000000000000382e-01
9.818999999999999950e-01
9.837000000000000188e-01
9.835000000000000409e-01
9.851999999999999647e-01
9.839999999999999858e-01
9.858999999999999986e-01
9.874000000000000554e-01
9.866000000000000325e-01
9.877000000000000224e-01
9.857000000000000206e-01
9.871999999999999664e-01
9.862999999999999545e-01
9.869999999999999885e-01
9.867000000000000215e-01
9.875000000000000444e-01
9.882999999999999563e-01
9.883999999999999453e-01
9.891999999999999682e-01
9.866000000000000325e-01
9.870999999999999774e-01
9.856000000000000316e-01
9.854000000000000536e-01
9.858000000000000096e-01
9.839999999999999858e-01
9.838999999999999968e-01
9.834000000000000519e-01
9.845000000000000417e-01
9.829999999999999849e-01
9.838999999999999968e-01
9.824000000000000510e-01
9.838999999999999968e-01
9.809999999999999831e-01
9.831999999999999629e-01
9.858000000000000096e-01
9.837000000000000188e-01
9.848999999999999977e-01
9.858999999999999986e-01
9.848000000000000087e-01
9.879000000000000004e-01
9.858999999999999986e-01
9.862999999999999545e-01
9.865000000000000435e-01
9.875000000000000444e-01
9.879000000000000004e-01
9.885000000000000453e-01
9.889000000000000012e-01
9.875000000000000444e-01
9.874000000000000554e-01
9.878000000000000114e-01
9.878000000000000114e-01
9.886000000000000343e-01
9.882999999999999563e-01
9.879999999999999893e-01
