1.135000000000000037e-01
9.658999999999999808e-01
9.696000000000000174e-01
9.799999999999999822e-01
9.778000000000000025e-01
9.822999999999999510e-01
9.811999999999999611e-01
9.822999999999999510e-01
9.817000000000000171e-01
9.839999999999999858e-01
9.820999999999999730e-01
9.826000000000000290e-01
9.830999999999999739e-01
9.842999999999999527e-01
9.847000000000000197e-01
9.859999999999999876e-01
9.851999999999999647e-01
9.846000000000000307e-01
9.846000000000000307e-01
9.849999999999999867e-01
9.848999999999999977e-01
9.786000000000000254e-01
9.798000000000000043e-01
9.846000000000000307e-01
9.848999999999999977e-01
9.829999999999999849e-01
9.789999999999999813e-01
9.842999999999999527e-01
9.838000000000000078e-01
9.839999999999999858e-01
9.842999999999999527e-01
9.858000000000000096e-01
9.838999999999999968e-01
9.846000000000000307e-01
9.860999999999999766e-01
9.849999999999999867e-01
9.866000000000000325e-01
9.869999999999999885e-01
9.868000000000000105e-01
9.868999999999999995e-01
9.854000000000000536e-01
9.858000000000000096e-01
9.788999999999999924e-01
9.797000000000000153e-01
9.778999999999999915e-01
9.807000000000000162e-01
9.854000000000000536e-01
9.841999999999999638e-01
9.852999999999999536e-01
9.850999999999999757e-01
9.865000000000000435e-01
9.838999999999999968e-01
9.857000000000000206e-01
9.869999999999999885e-01
9.857000000000000206e-01
9.858999999999999986e-01
9.877000000000000224e-01
9.865000000000000435e-01
9.862999999999999545e-01
9.870999999999999774e-01
9.844000000000000528e-01
9.851999999999999647e-01
9.866000000000000325e-01
9.822999999999999510e-01
9.852999999999999536e-01
9.860999999999999766e-01
9.860999999999999766e-01
9.856000000000000316e-01
9.868999999999999995e-01
9.871999999999999664e-01
9.838999999999999968e-01
9.849999999999999867e-01
9.845000000000000417e-01
9.868000000000000105e-01
9.847000000000000197e-01
9.799999999999999822e-01
9.808000000000000052e-01
9.835000000000000409e-01
9.821999999999999620e-01
9.858000000000000096e-01
9.838000000000000078e-01
9.831999999999999629e-01
9.845000000000000417e-01
9.856000000000000316e-01
9.857000000000000206e-01
9.862999999999999545e-01
9.862999999999999545e-01
9.859999999999999876e-01
9.869999999999999885e-01
9.850999999999999757e-01
9.868000000000000105e-01
9.838999999999999968e-01
9.861999999999999655e-01
9.864000000000000545e-01
9.868999999999999995e-01
9.862999999999999545e-01
9.861999999999999655e-01
9.842999999999999527e-01
9.841999999999999638e-01
9.828999999999999959e-01
