2.295111562728881616e+00
3.127175856113433849e-01
7.007423098087310620e-02
4.689342942833900352e-02
3.879099869132041772e-02
3.241304682493209577e-02
3.086639655232429474e-02
2.594179523587226976e-02
2.476887236535549319e-02
2.367766501009464092e-02
2.194471147656440815e-02
2.186611320376396009e-02
2.101856347918510531e-02
2.095475419163703862e-02
2.005454670488834509e-02
1.909241656959057010e-02
2.116778839528560621e-02
1.900248092710971753e-02
1.979999998211860734e-02
2.049141302704811027e-02
2.050407677888870309e-02
1.988699738979339549e-02
1.967335119247436495e-02
1.948653678596019845e-02
2.015118372440338063e-02
2.077632090747356247e-02
1.999145333468914029e-02
2.106004336476325831e-02
2.176847612559795406e-02
1.990187987089157146e-02
1.879487422406673353e-02
2.098293620944022969e-02
2.105646219849586359e-02
1.998472166955471072e-02
1.997896285951137468e-02
1.995818846821784814e-02
2.061518564522266464e-02
2.025803920626640178e-02
2.008303703069687016e-02
2.340459943711757640e-02
2.037190999686717963e-02
2.113467610180377876e-02
2.062497791051864579e-02
2.188931054770946669e-02
2.128634281754493776e-02
2.155055705606937280e-02
2.047352163493633415e-02
2.035227653980255236e-02
2.161823435127735102e-02
2.116429507732391427e-02
2.184938357472419879e-02
1.958146539926529026e-02
2.212942054271697934e-02
2.034270441234111923e-02
2.093000947982072771e-02
2.083823335468769009e-02
2.046844054758548831e-02
2.229284441769123146e-02
2.168692359924316235e-02
2.176813992261886557e-02
2.419910749197006286e-02
2.073939468264579880e-02
2.128025203645229207e-02
2.165783497989177617e-02
2.170260650217533185e-02
2.261544841527938707e-02
2.078392521589994546e-02
2.153629049062728840e-02
2.161211263835430274e-02
2.107804130613803728e-02
2.199172463119029863e-02
2.124242674708366405e-02
2.066422508433461355e-02
2.083138872608542372e-02
2.193539424985647274e-02
2.204603270888328553e-02
2.091504956334829315e-02
2.107463624775409577e-02
2.052385360598564176e-02
2.055220320522785360e-02
2.171220718994736759e-02
2.169430502355098808e-02
2.220549008250236392e-02
2.345373835414648125e-02
2.290494102537632068e-02
2.338944279178976904e-02
2.176585466563701540e-02
2.400286341160535672e-02
2.204000163748860361e-02
2.089891066849231677e-02
2.150733735635876678e-02
2.246908480599522570e-02
2.266317228451371346e-02
2.084413731247186652e-02
2.256813342571258388e-02
2.147919347621500552e-02
2.182305007204413463e-02
2.338228511810302654e-02
2.182436017692089211e-02
2.204540512785315570e-02
