2.297049292755127148e+00
2.425082793712615981e-01
1.081814038276672357e-01
9.644095478057861104e-02
7.235475624799728167e-02
6.146359319686889311e-02
5.883115653395652733e-02
5.144076871871948453e-02
4.599446880817413541e-02
4.943264283537864706e-02
5.924866249561309972e-02
5.837002298831939912e-02
4.796311630606651250e-02
4.736991577148437493e-02
4.817220909893512454e-02
5.553819949626922353e-02
5.009135975241661015e-02
4.366615753173828246e-02
3.630677160620689181e-02
5.138855129480361661e-02
4.078834711313247818e-02
4.608175437450409001e-02
4.389254592061042626e-02
5.461641601324081219e-02
7.152592831850052013e-02
4.887064961791038470e-02
4.771305158138275382e-02
5.122796104550361718e-02
5.278167654871940284e-02
5.811584013700485385e-02
5.819084789752960313e-02
5.660993103384971692e-02
4.946969728469848698e-02
5.374794685244560499e-02
4.603073427677154689e-02
5.122273640036582865e-02
4.483900756239891233e-02
3.916275233030318964e-02
4.337113635540008200e-02
6.032753037810325430e-02
4.497422829270363021e-02
5.074224899411201167e-02
4.811454323530196808e-02
7.455919398069381365e-02
5.678677416443824594e-02
8.386471544504166264e-02
6.350767454504967213e-02
5.122760595083236668e-02
4.433760075569152803e-02
4.459201597571373077e-02
4.367949071526527199e-02
7.675039283037185522e-02
5.695402302742004486e-02
4.461963693499565453e-02
6.215576763153075890e-02
7.872312977313995763e-02
6.111335629224777521e-02
5.243380981683731096e-02
5.028879861235618920e-02
5.670643814206123567e-02
5.535053428411483567e-02
5.925149801373481850e-02
5.486756067276001014e-02
5.077040246725082057e-02
5.485763921737670662e-02
5.300694369673728673e-02
4.832199766635894567e-02
4.564770218133926138e-02
4.595859234333038446e-02
4.631108657121658229e-02
4.509320415258407516e-02
4.415907292366028081e-02
4.945536648035049609e-02
4.663167759180068817e-02
4.634127256870269884e-02
4.900461473464965551e-02
5.392282836437225363e-02
5.567817283272743362e-02
6.457676776647568173e-02
5.540348371267318772e-02
5.203511776328086785e-02
5.148453576564789025e-02
5.055697937011718879e-02
5.330965308547019887e-02
5.496169173121452645e-02
7.004574017524718699e-02
6.553071386814117438e-02
6.707239227294921335e-02
4.869577071070670810e-02
5.024912513494491501e-02
5.811062937974929843e-02
5.298846856355667045e-02
5.149777091145515268e-02
7.189089679718017878e-02
7.358736691474913882e-02
4.747567300796508988e-02
4.291313197612762337e-02
4.544467546939849611e-02
4.263523579239845290e-02
4.413344458341598303e-02
