2.295111562728881616e+00
3.127175664901733487e-01
7.007422927618026098e-02
4.689343001246452231e-02
3.879099602103233679e-02
3.241304415464401484e-02
3.086639598011970548e-02
2.594179533123969900e-02
2.476887232065200922e-02
2.367766338586807170e-02
2.194471285939216670e-02
2.186611337065696645e-02
2.101856261193752254e-02
2.095475394725799731e-02
2.005454774498939552e-02
1.909241550266742651e-02
2.116778816878795572e-02
1.900248309373855568e-02
1.980000039339065501e-02
2.049141499400138761e-02
2.050407767295837555e-02
1.988699568510055374e-02
1.967335286438465225e-02
1.948653593063354519e-02
2.015118304491043261e-02
2.077632144987583140e-02
1.999145466089248535e-02
2.106004443764686665e-02
2.176847962141037138e-02
1.990188099741935571e-02
1.879487414658069511e-02
2.098293780386447857e-02
2.105646076798439043e-02
1.998472212255001171e-02
1.997896228730678542e-02
1.995818734765052865e-02
2.061518698930740398e-02
2.025803751349449303e-02
2.008303490877151598e-02
2.340459745526313889e-02
2.037191237807273875e-02
2.113467536866664789e-02
2.062498058676719495e-02
2.188930879533291032e-02
2.128634509146213466e-02
2.155055827200412846e-02
2.047352162897586939e-02
2.035227673947810970e-02
2.161823433935642150e-02
2.116429266929626546e-02
2.184938575625419710e-02
1.958146694004535629e-02
2.212942069172859141e-02
2.034270497560500962e-02
2.093000948280096182e-02
2.083823474347591340e-02
2.046844110190868329e-02
2.229284393489360666e-02
2.168692482113838277e-02
2.176814038753509609e-02
2.419910946786403561e-02
2.073939578235149336e-02
2.128025439679622627e-02
2.165783449709415484e-02
2.170260762870311610e-02
2.261544914245605317e-02
2.078392808586359067e-02
2.153629088401794525e-02
2.161211335361003932e-02
2.107804236114025134e-02
2.199172713756561426e-02
2.124242663979530182e-02
2.066422567740082775e-02
2.083138905987143644e-02
2.193539217561483318e-02
2.204603157639503652e-02
2.091504983603954468e-02
2.107463670670986153e-02
2.052385498583316967e-02
2.055220142900943819e-02
2.171220691576600248e-02
2.169430556595325355e-02
2.220548634231090529e-02
2.345373885482549686e-02
2.290493863224983204e-02
2.338944431766867491e-02
2.176585522741079221e-02
2.400286298766732274e-02
2.204000056460499873e-02
2.089891088604927186e-02
2.150733912363648331e-02
2.246908776238560820e-02
2.266316844597458802e-02
2.084413521289825433e-02
2.256813229285180647e-02
2.147919280268251879e-02
2.182304927334189487e-02
2.338228567987680334e-02
2.182436076104641090e-02
2.204540653526783009e-02
