2.280515483474731653e+00
2.598070118665695150e-01
1.230128057837486244e-01
1.136486004114150988e-01
7.052201998829842056e-02
6.724963600039482459e-02
6.863932009935379275e-02
5.276511914134025816e-02
4.578393201231956144e-02
5.293267822861671273e-02
5.041275346279144171e-02
5.360698212385177353e-02
5.036650061011314211e-02
4.448195208907127635e-02
4.612484133839607481e-02
3.974399242401122773e-02
4.086848971247673129e-02
3.972859186530112996e-02
4.978200001716613643e-02
5.972983282208442490e-02
6.074209839105606384e-02
5.132256256937980932e-02
5.311649391651153407e-02
4.717716338634490858e-02
4.592845558524132066e-02
4.818630501031875846e-02
5.017236558198928664e-02
4.815608096718788228e-02
5.178549697995185608e-02
5.010121623873710350e-02
5.320282000899315134e-02
4.689300712943077210e-02
5.097882184386253596e-02
5.014165537357330449e-02
6.440233465433120585e-02
6.413001075983047750e-02
5.146021687984466547e-02
6.144857359528541757e-02
6.808295588493347428e-02
4.890910988450050678e-02
3.855730320215225437e-02
6.174328067302704143e-02
4.954405283927917208e-02
3.471607855558395128e-02
3.919095918834209630e-02
3.573761246800422758e-02
3.450627739131450350e-02
3.388991388976574093e-02
3.298686664104461680e-02
3.402261239886283928e-02
3.415041534900665338e-02
3.499385060369968742e-02
3.449576895534992027e-02
3.928898550868034634e-02
3.781686122715473275e-02
3.723031266927719074e-02
3.533686558306217002e-02
3.507954887449741405e-02
4.113586091995239530e-02
4.004340171515941710e-02
3.730836786031722918e-02
4.359846370220184231e-02
3.923308825492859142e-02
3.830303390622138981e-02
4.209583018422127093e-02
4.098326944410801004e-02
4.747807388305663734e-02
3.820543076992034826e-02
3.924239141941070902e-02
4.244224846959113867e-02
4.446359072327613765e-02
6.519767304062842883e-02
7.053719099164008910e-02
5.357799757719040185e-02
5.107898136973380854e-02
5.342250336408615324e-02
5.761612834930419924e-02
5.213229669332504479e-02
4.557316071689129083e-02
5.865261814594268514e-02
5.669752128720283169e-02
5.435995601415634371e-02
5.052554197311401318e-02
5.297214264869690159e-02
4.294907879829406444e-02
4.655685842633247584e-02
5.200109412670135545e-02
5.063881928920745817e-02
6.197484449148178004e-02
4.999937732815742247e-02
4.689233808517456054e-02
6.619184839725494873e-02
5.737130608558654865e-02
6.047241126298904396e-02
5.094321228861808937e-02
5.091412443518638503e-02
5.149101699590682979e-02
4.426932855844497444e-02
4.760238475799560831e-02
4.999601762294769020e-02
