1.135000000000000037e-01
9.515000000000000124e-01
9.778000000000000025e-01
9.693000000000000504e-01
9.808000000000000052e-01
9.818000000000000060e-01
9.800999999999999712e-01
9.839999999999999858e-01
9.860999999999999766e-01
9.848000000000000087e-01
9.852999999999999536e-01
9.830999999999999739e-01
9.846000000000000307e-01
9.851999999999999647e-01
9.859999999999999876e-01
9.886000000000000343e-01
9.872999999999999554e-01
9.887000000000000233e-01
9.848999999999999977e-01
9.824000000000000510e-01
9.819999999999999840e-01
9.838999999999999968e-01
9.830999999999999739e-01
9.841999999999999638e-01
9.850999999999999757e-01
9.852999999999999536e-01
9.845000000000000417e-01
9.852999999999999536e-01
9.839999999999999858e-01
9.867000000000000215e-01
9.849999999999999867e-01
9.854000000000000536e-01
9.847000000000000197e-01
9.841999999999999638e-01
9.808999999999999941e-01
9.815000000000000391e-01
9.842999999999999527e-01
9.824000000000000510e-01
9.799999999999999822e-01
9.842999999999999527e-01
9.868999999999999995e-01
9.817000000000000171e-01
9.861999999999999655e-01
9.891999999999999682e-01
9.879999999999999893e-01
9.893999999999999462e-01
9.895000000000000462e-01
9.895000000000000462e-01
9.896000000000000352e-01
9.899999999999999911e-01
9.890999999999999792e-01
9.895000000000000462e-01
9.896000000000000352e-01
9.879999999999999893e-01
9.891999999999999682e-01
9.889000000000000012e-01
9.899000000000000021e-01
9.899999999999999911e-01
9.882999999999999563e-01
9.876000000000000334e-01
9.879999999999999893e-01
9.877000000000000224e-01
9.879999999999999893e-01
9.890999999999999792e-01
9.879999999999999893e-01
9.878000000000000114e-01
9.866000000000000325e-01
9.890999999999999792e-01
9.893999999999999462e-01
9.872999999999999554e-01
9.879999999999999893e-01
9.838000000000000078e-01
9.821999999999999620e-01
9.844000000000000528e-01
9.838999999999999968e-01
9.844000000000000528e-01
9.835000000000000409e-01
9.841999999999999638e-01
9.862999999999999545e-01
9.834000000000000519e-01
9.850999999999999757e-01
9.862999999999999545e-01
9.854000000000000536e-01
9.839999999999999858e-01
9.874000000000000554e-01
9.868999999999999995e-01
9.859999999999999876e-01
9.849999999999999867e-01
9.845000000000000417e-01
9.862999999999999545e-01
9.869999999999999885e-01
9.840999999999999748e-01
9.858999999999999986e-01
9.841999999999999638e-01
9.865000000000000435e-01
9.861999999999999655e-01
9.870999999999999774e-01
9.886000000000000343e-01
9.878000000000000114e-01
9.874000000000000554e-01
