1.135000000000000037e-01
9.628999999999999782e-01
9.756000000000000227e-01
9.721999999999999531e-01
9.757000000000000117e-01
9.815000000000000391e-01
9.819999999999999840e-01
9.836000000000000298e-01
9.825000000000000400e-01
9.808000000000000052e-01
9.831999999999999629e-01
9.858000000000000096e-01
9.859999999999999876e-01
9.810999999999999721e-01
9.817000000000000171e-01
9.800999999999999712e-01
9.815000000000000391e-01
9.798000000000000043e-01
9.817000000000000171e-01
9.798000000000000043e-01
9.801999999999999602e-01
9.827000000000000179e-01
9.819999999999999840e-01
9.824000000000000510e-01
9.801999999999999602e-01
9.828999999999999959e-01
9.841999999999999638e-01
9.858999999999999986e-01
9.846000000000000307e-01
9.852999999999999536e-01
9.855000000000000426e-01
9.868999999999999995e-01
9.860999999999999766e-01
9.861999999999999655e-01
9.878000000000000114e-01
9.886000000000000343e-01
9.885000000000000453e-01
9.869999999999999885e-01
9.885000000000000453e-01
9.886000000000000343e-01
9.885000000000000453e-01
9.880999999999999783e-01
9.881999999999999673e-01
9.887000000000000233e-01
9.881999999999999673e-01
9.880999999999999783e-01
9.885000000000000453e-01
9.889000000000000012e-01
9.893999999999999462e-01
9.856000000000000316e-01
9.847000000000000197e-01
9.840999999999999748e-01
9.838999999999999968e-01
9.786000000000000254e-01
9.818000000000000060e-01
9.838999999999999968e-01
9.851999999999999647e-01
9.765000000000000346e-01
9.768999999999999906e-01
9.778000000000000025e-01
9.789999999999999813e-01
9.836000000000000298e-01
9.846000000000000307e-01
9.811999999999999611e-01
9.834000000000000519e-01
9.838000000000000078e-01
9.835000000000000409e-01
9.852999999999999536e-01
9.849999999999999867e-01
9.848999999999999977e-01
9.857000000000000206e-01
9.858999999999999986e-01
9.849999999999999867e-01
9.837000000000000188e-01
9.852999999999999536e-01
9.855000000000000426e-01
9.859999999999999876e-01
9.858999999999999986e-01
9.870999999999999774e-01
9.859999999999999876e-01
9.859999999999999876e-01
9.835000000000000409e-01
9.847000000000000197e-01
9.856000000000000316e-01
9.847000000000000197e-01
9.827000000000000179e-01
9.817000000000000171e-01
9.814000000000000501e-01
9.838999999999999968e-01
9.827000000000000179e-01
9.838000000000000078e-01
9.849999999999999867e-01
9.841999999999999638e-01
9.840999999999999748e-01
9.868999999999999995e-01
9.865000000000000435e-01
9.858000000000000096e-01
9.862999999999999545e-01
9.855000000000000426e-01
9.870999999999999774e-01
