2.288910363388061420e+00
2.898998968124389397e-01
9.525508356094360141e-02
7.840098620653151995e-02
6.676452323198318883e-02
5.727134111523628224e-02
6.181490828990936215e-02
7.515666705369949963e-02
5.576528885960579246e-02
5.548896091580390877e-02
5.108074957132339305e-02
5.822003110051154895e-02
5.153728259801864525e-02
4.806870959997176784e-02
5.342248743176460091e-02
4.668247601389884788e-02
5.499191983342170686e-02
5.509440769553184541e-02
5.121801574826240211e-02
5.019829043149948156e-02
5.303274151682853960e-02
6.076678459644317687e-02
5.680453106164932292e-02
5.442281625270843637e-02
4.632904559969901886e-02
4.452287111282348525e-02
4.547598557472228714e-02
4.064735998511314480e-02
4.670605180263519285e-02
4.311895988583564626e-02
4.530150150656700458e-02
5.295658131241798294e-02
5.293511638045311080e-02
5.716907221078872808e-02
7.460045135021209362e-02
5.192213177680968933e-02
5.441691150069236788e-02
6.398396160602569382e-02
5.438932887911796660e-02
5.924797925949096961e-02
5.707847482562065228e-02
4.977283889055252042e-02
5.137840309143066470e-02
4.779568863511085564e-02
4.789930832386016940e-02
4.888100641965865967e-02
4.571271530985832054e-02
5.443506746292114257e-02
4.867839767932891776e-02
5.079905790686607692e-02
6.133066360950469725e-02
5.918731292486190815e-02
6.058224688768387017e-02
6.303710850477219074e-02
5.815304821729660317e-02
5.705130742788314807e-02
7.704841283559799026e-02
6.115486401319503856e-02
6.585727218389511584e-02
5.833570070266723417e-02
5.039846840500831343e-02
4.344709212183952424e-02
4.163150437474250759e-02
4.802406927347183108e-02
4.386312851309775995e-02
4.225277037024498250e-02
4.286052738428115794e-02
4.472416460514068437e-02
4.185667471885681085e-02
4.225972230434417443e-02
4.201911142468452154e-02
4.806913312077522316e-02
4.636176158189773272e-02
5.540988732576370562e-02
5.044430940151214265e-02
5.077543480992317143e-02
4.717572914958000074e-02
4.853520457148551709e-02
4.737113165855407620e-02
5.204436294436454863e-02
4.516417457461357338e-02
5.578517754673957552e-02
4.786231662631034584e-02
4.770635374784469585e-02
4.886407740712166159e-02
4.484045817852020527e-02
4.407676956057548362e-02
4.256916494965553438e-02
5.055571712255477884e-02
5.516537169814109826e-02
4.939054656624793788e-02
5.317027014493942022e-02
4.905436136722565038e-02
6.046139441728591579e-02
5.410484994053840757e-02
5.871597253084182705e-02
5.658147347569465746e-02
7.876484198570250783e-02
6.913846387267112703e-02
5.981884846091270469e-02
