1.135000000000000037e-01
9.502000000000000446e-01
9.749999999999999778e-01
9.798999999999999932e-01
9.814000000000000501e-01
9.825000000000000400e-01
9.828000000000000069e-01
9.764000000000000457e-01
9.824000000000000510e-01
9.835000000000000409e-01
9.839999999999999858e-01
9.824000000000000510e-01
9.839999999999999858e-01
9.844000000000000528e-01
9.838999999999999968e-01
9.855000000000000426e-01
9.827000000000000179e-01
9.834000000000000519e-01
9.844000000000000528e-01
9.850999999999999757e-01
9.837000000000000188e-01
9.830999999999999739e-01
9.831999999999999629e-01
9.827000000000000179e-01
9.848999999999999977e-01
9.859999999999999876e-01
9.860999999999999766e-01
9.872999999999999554e-01
9.859999999999999876e-01
9.867000000000000215e-01
9.868999999999999995e-01
9.862999999999999545e-01
9.831999999999999629e-01
9.828999999999999959e-01
9.766000000000000236e-01
9.852999999999999536e-01
9.849999999999999867e-01
9.814000000000000501e-01
9.844000000000000528e-01
9.831999999999999629e-01
9.827000000000000179e-01
9.858999999999999986e-01
9.864000000000000545e-01
9.870999999999999774e-01
9.875000000000000444e-01
9.864000000000000545e-01
9.866000000000000325e-01
9.850999999999999757e-01
9.855000000000000426e-01
9.850999999999999757e-01
9.841999999999999638e-01
9.854000000000000536e-01
9.828999999999999959e-01
9.828000000000000069e-01
9.821999999999999620e-01
9.834000000000000519e-01
9.788999999999999924e-01
9.848000000000000087e-01
9.831999999999999629e-01
9.836000000000000298e-01
9.859999999999999876e-01
9.878000000000000114e-01
9.881999999999999673e-01
9.870999999999999774e-01
9.880999999999999783e-01
9.883999999999999453e-01
9.879999999999999893e-01
9.872999999999999554e-01
9.886000000000000343e-01
9.879999999999999893e-01
9.889000000000000012e-01
9.868000000000000105e-01
9.880999999999999783e-01
9.854000000000000536e-01
9.866000000000000325e-01
9.864000000000000545e-01
9.876000000000000334e-01
9.872999999999999554e-01
9.876000000000000334e-01
9.857000000000000206e-01
9.880999999999999783e-01
9.852999999999999536e-01
9.880999999999999783e-01
9.879000000000000004e-01
9.886000000000000343e-01
9.885000000000000453e-01
9.889999999999999902e-01
9.895000000000000462e-01
9.875000000000000444e-01
9.869999999999999885e-01
9.880999999999999783e-01
9.868999999999999995e-01
9.874000000000000554e-01
9.828999999999999959e-01
9.865000000000000435e-01
9.847000000000000197e-01
9.855000000000000426e-01
9.809999999999999831e-01
9.831999999999999629e-01
9.846000000000000307e-01
