1.135000000000000037e-01
9.572000000000000508e-01
9.758000000000000007e-01
9.766000000000000236e-01
9.776000000000000245e-01
9.834000000000000519e-01
9.842999999999999527e-01
9.812999999999999501e-01
9.839999999999999858e-01
9.852999999999999536e-01
9.810999999999999721e-01
9.826000000000000290e-01
9.859999999999999876e-01
9.850999999999999757e-01
9.852999999999999536e-01
9.856000000000000316e-01
9.868000000000000105e-01
9.868999999999999995e-01
9.835000000000000409e-01
9.826000000000000290e-01
9.855000000000000426e-01
9.860999999999999766e-01
9.840999999999999748e-01
9.845000000000000417e-01
9.872999999999999554e-01
9.847000000000000197e-01
9.879000000000000004e-01
9.876000000000000334e-01
9.875000000000000444e-01
9.890999999999999792e-01
9.868000000000000105e-01
9.888000000000000123e-01
9.877000000000000224e-01
9.870999999999999774e-01
9.852999999999999536e-01
9.864000000000000545e-01
9.829999999999999849e-01
9.844000000000000528e-01
9.854000000000000536e-01
9.848000000000000087e-01
9.857000000000000206e-01
9.850999999999999757e-01
9.867000000000000215e-01
9.837000000000000188e-01
9.815000000000000391e-01
9.818999999999999950e-01
9.854000000000000536e-01
9.868999999999999995e-01
9.856000000000000316e-01
9.871999999999999664e-01
9.878000000000000114e-01
9.886000000000000343e-01
9.891999999999999682e-01
9.887000000000000233e-01
9.889999999999999902e-01
9.885000000000000453e-01
9.896000000000000352e-01
9.891999999999999682e-01
9.886000000000000343e-01
9.896000000000000352e-01
9.879999999999999893e-01
9.879999999999999893e-01
9.882999999999999563e-01
9.879000000000000004e-01
9.879999999999999893e-01
9.870999999999999774e-01
9.875000000000000444e-01
9.851999999999999647e-01
9.889000000000000012e-01
9.889999999999999902e-01
9.893999999999999462e-01
9.889999999999999902e-01
9.887000000000000233e-01
9.893999999999999462e-01
9.882999999999999563e-01
9.889000000000000012e-01
9.899999999999999911e-01
9.868000000000000105e-01
9.887000000000000233e-01
9.818000000000000060e-01
9.708999999999999853e-01
9.818000000000000060e-01
9.828999999999999959e-01
9.850999999999999757e-01
9.840999999999999748e-01
9.875000000000000444e-01
9.844000000000000528e-01
9.869999999999999885e-01
9.876000000000000334e-01
9.888000000000000123e-01
9.888000000000000123e-01
9.872999999999999554e-01
9.882999999999999563e-01
9.891999999999999682e-01
9.883999999999999453e-01
9.883999999999999453e-01
9.876000000000000334e-01
9.883999999999999453e-01
9.857000000000000206e-01
9.869999999999999885e-01
