2.293015055084228315e+00
2.715211966991424308e-01
9.433355392217636359e-02
8.360718072056770589e-02
7.914249565601348679e-02
8.595457953214645508e-02
7.159249815344810586e-02
6.093808385729789640e-02
5.553000258803367922e-02
6.341317235231400118e-02
5.527384654879569786e-02
5.037696712017059042e-02
5.787693393230438493e-02
5.370763375759124436e-02
6.355648543238640036e-02
6.098047813773155301e-02
6.213733683824539111e-02
5.617178926467895211e-02
6.521980580091477075e-02
6.418069808483123362e-02
5.549682758450508180e-02
5.869935526847839397e-02
5.211868809461593643e-02
5.714698876142501605e-02
5.923980765342712340e-02
5.357376623749732919e-02
4.875210480690002346e-02
4.832082757949829332e-02
4.953707090020179754e-02
4.909118884503841512e-02
5.377797037363052368e-02
6.176063174605369438e-02
8.668544416427612087e-02
6.951071265935897248e-02
8.727907218933105005e-02
6.570602122545242396e-02
5.254347503185272106e-02
5.602930687665939186e-02
5.477777740359306147e-02
7.082309405207634634e-02
6.499438126683235173e-02
6.115066159963607889e-02
6.213103346824645767e-02
5.512144545316696037e-02
5.105867920815944372e-02
5.085457797050475792e-02
5.135758551061153643e-02
5.136433920860290769e-02
5.780541793406009793e-02
5.661365559697151273e-02
7.052492911219597482e-02
5.567428959608077682e-02
6.080850124359130776e-02
6.721875494122504791e-02
6.254255146384239683e-02
6.698374022245406900e-02
6.498897680044174452e-02
6.060537403821945196e-02
5.253068255186080920e-02
5.841889134049415427e-02
5.641410411596298191e-02
6.567961050868034723e-02
7.113933905363083177e-02
9.363472906351089087e-02
6.921060653924941686e-02
7.830845637321472152e-02
7.269084974527359466e-02
5.795062326788902318e-02
6.798841977119446378e-02
6.113666722178458940e-02
6.024105380177497554e-02
5.434711146950721439e-02
6.446659910678863292e-02
5.938501198887825155e-02
5.902266511917114017e-02
5.542203249037265522e-02
5.539774748682975425e-02
5.761546621322631567e-02
6.514299975037574075e-02
6.757764460444450061e-02
5.880082916617393463e-02
5.287661476731300020e-02
5.475109163522720590e-02
6.973291032314300752e-02
6.065560151934623612e-02
6.122406002879142439e-02
6.243357437252998465e-02
6.645429735183715214e-02
6.547801555395126039e-02
6.126601216793060162e-02
5.973108881711959584e-02
5.891700715422630574e-02
5.440393450260162106e-02
5.513671892285346848e-02
5.092168812751769746e-02
5.051121423840522484e-02
4.970785929560661565e-02
5.254778636097907907e-02
5.547054230570792888e-02
5.703928402066230779e-02
