2.295111562728881616e+00
3.127175810337066708e-01
7.007422775030136552e-02
4.689343038201332359e-02
3.879099591970443933e-02
3.241304691433906371e-02
3.086639598011970548e-02
2.594179633557796433e-02
2.476887198388576586e-02
2.367766629755497024e-02
2.194471224248409347e-02
2.186611401438712937e-02
2.101856337785720785e-02
2.095475567877292528e-02
2.005454690754413655e-02
1.909241650104522708e-02
2.116778852045535925e-02
1.900248146653175235e-02
1.980000187456607691e-02
2.049141260683536372e-02
2.050407755374908381e-02
1.988699901103973405e-02
1.967335191071033565e-02
1.948653746843338058e-02
2.015118262767791671e-02
2.077631976306438394e-02
1.999145469069480915e-02
2.106004261374473663e-02
2.176847764551639516e-02
1.990188210010528438e-02
1.879487397372722746e-02
2.098293811380863225e-02
2.105646271109580872e-02
1.998472231328487364e-02
1.997896293103694834e-02
1.995818819999694779e-02
2.061518808007240314e-02
2.025804160833358930e-02
2.008303687572479332e-02
2.340459966063499278e-02
2.037190966308117038e-02
2.113467470407486004e-02
2.062498090565204750e-02
2.188930898010730750e-02
2.128634389340877675e-02
2.155055797994136907e-02
2.047352403700351819e-02
2.035227625370025772e-02
2.161823428869247277e-02
2.116429410874843750e-02
2.184938511252403417e-02
1.958146530985832232e-02
2.212941927313804777e-02
2.034270384311676061e-02
2.093000937551259960e-02
2.083823484480381086e-02
2.046843718290328878e-02
2.229284383654594331e-02
2.168692482709884753e-02
2.176814045310020498e-02
2.419910613596439400e-02
2.073939302861690578e-02
2.128025146722793692e-02
2.165783603787422087e-02
2.170260657072067140e-02
2.261544895172119124e-02
2.078392540365457675e-02
2.153629041910171474e-02
2.161211096644401544e-02
2.107804144918918460e-02
2.199172538518905790e-02
2.124242707490920853e-02
2.066422749236226236e-02
2.083138634189963395e-02
2.193539428114891013e-02
2.204603124260902380e-02
2.091504712551832054e-02
2.107463737428188350e-02
2.052385335266590158e-02
2.055220219194888939e-02
2.171220540776848743e-02
2.169430332481861110e-02
2.220549072772264390e-02
2.345373737812042267e-02
2.290494355261325776e-02
2.338944514021277371e-02
2.176585530936717833e-02
2.400286279767751760e-02
2.204000166133046265e-02
2.089891185462474862e-02
2.150733957961201495e-02
2.246908533647656511e-02
2.266317149475216911e-02
2.084413629621267167e-02
2.256813491582870465e-02
2.147919356562197346e-02
2.182304821237921605e-02
2.338228355795144917e-02
2.182436009347438893e-02
2.204540617093444024e-02
