2.284986893081665027e+00
3.598780876636505366e-01
1.349889634490013257e-01
7.546037622094153852e-02
7.225988527536392203e-02
6.497763811349868690e-02
5.883813321590423279e-02
5.236651408672332586e-02
5.186485489606857541e-02
5.676258759498595957e-02
5.845680263042449948e-02
4.781358125805854759e-02
5.142549611330032161e-02
5.679519917368888726e-02
6.813022197484970566e-02
5.047569113969802707e-02
6.240541479587555229e-02
5.278759397864341701e-02
5.029507448077202153e-02
4.792863401770591780e-02
6.527810413837432935e-02
4.908990839719772070e-02
7.075443817377090328e-02
4.398912565708160138e-02
4.870504475235939296e-02
4.641620424985885840e-02
4.531646705865859798e-02
5.940375338196754451e-02
5.004038285017013699e-02
4.545262066721916100e-02
5.665920549035072251e-02
5.777303540110587804e-02
5.113398263454436987e-02
4.944632087945938226e-02
5.531916963458061165e-02
5.453716138005256647e-02
4.871493091583251750e-02
4.566772592067718656e-02
4.494094515442847992e-02
6.095753952264786057e-02
5.313203473687171802e-02
6.151614606976509025e-02
5.846082687377929937e-02
6.975871126651764231e-02
6.134973635673522663e-02
6.677540090084076174e-02
6.242881879806518736e-02
6.873910379409789440e-02
7.479933764934540430e-02
5.967785015106201463e-02
5.533371263742446755e-02
5.892801681756973387e-02
5.953014571070670835e-02
5.858774831295013308e-02
5.210479681491851645e-02
5.797474425435066026e-02
7.417070602774619714e-02
7.074893456697463334e-02
6.109824072122573696e-02
5.107445305585861517e-02
6.615283788442612167e-02
7.363208922147751467e-02
4.887623374462127940e-02
5.459382216334342924e-02
5.303015047311782776e-02
4.673534804582595709e-02
5.040212522149085939e-02
4.644787012338637971e-02
5.072399512529373461e-02
5.509609788656234797e-02
5.193034495115279869e-02
5.384242212772369363e-02
5.150015580654144359e-02
5.094729156494140487e-02
4.995734433531761470e-02
5.608131557703018022e-02
5.434285955429077331e-02
5.293481231927871927e-02
5.144313180446624667e-02
5.486276803612709363e-02
5.467422825098038064e-02
5.317667500972747541e-02
5.290707126259804050e-02
5.045437902212143028e-02
5.062035022974014503e-02
4.879577744007110307e-02
4.909839478731155282e-02
4.971261157393455643e-02
4.868073866367340213e-02
5.096084197759628148e-02
5.007055753469467213e-02
4.873619480133056792e-02
5.053240178823471124e-02
5.385199598073959343e-02
5.033986728787422094e-02
4.914305911660194620e-02
4.979658269882202004e-02
4.917309177517890928e-02
4.918702198863029312e-02
5.616324114799499390e-02
