2.295111562728881616e+00
3.127175734043121103e-01
7.007422983646392767e-02
4.689342904686927965e-02
3.879099686741829117e-02
3.241304338574409194e-02
3.086639560461044290e-02
2.594179537296295232e-02
2.476887078583240448e-02
2.367766601145267560e-02
2.194471246302127920e-02
2.186611288785934512e-02
2.101856230497360298e-02
2.095475637912750169e-02
2.005454693436622624e-02
1.909241712391376508e-02
2.116778865754604180e-02
1.900248013138771189e-02
1.980000201761722423e-02
2.049141456186771501e-02
2.050407744050026029e-02
1.988699759244918694e-02
1.967335139811039052e-02
1.948653591275215091e-02
2.015118269324302561e-02
2.077632135152816806e-02
1.999145539402961622e-02
2.106004263758659220e-02
2.176847723424434750e-02
1.990188187360763389e-02
1.879487396180629794e-02
2.098294173181056849e-02
2.105646363794803563e-02
1.998472215533256616e-02
1.997896169722080187e-02
1.995818786025047378e-02
2.061518719792366020e-02
2.025803899765014557e-02
2.008303704261779621e-02
2.340459837317466693e-02
2.037191154062747978e-02
2.113467626869678512e-02
2.062497957944869897e-02
2.188930921852588751e-02
2.128634297847747936e-02
2.155055872499942946e-02
2.047352149784564812e-02
2.035227805674075935e-02
2.161823448538780293e-02
2.116429525017738192e-02
2.184938517808914307e-02
1.958146570026874506e-02
2.212942062914371663e-02
2.034270330667495644e-02
2.093000912815332418e-02
2.083823487460613119e-02
2.046843945086002439e-02
2.229284231066703745e-02
2.168692578077316413e-02
2.176814018189907052e-02
2.419910816848278023e-02
2.073939355611801108e-02
2.128025266826152895e-02
2.165783234238624622e-02
2.170260525047779110e-02
2.261544864773750232e-02
2.078392443805933062e-02
2.153629047870635888e-02
2.161211062073707667e-02
2.107804098427295755e-02
2.199172672331333248e-02
2.124242547154426425e-02
2.066422649100422768e-02
2.083138691410422322e-02
2.193539378494024222e-02
2.204603079557418757e-02
2.091505042463541117e-02
2.107463825047016168e-02
2.052385415136814134e-02
2.055220291018486009e-02
2.171220658197998976e-02
2.169430548250675037e-02
2.220549068003892929e-02
2.345373958200216297e-02
2.290494261085987068e-02
2.338944298252463444e-02
2.176585645675659098e-02
2.400286356061696880e-02
2.204000203162431726e-02
2.089890988245606332e-02
2.150733832791447767e-02
2.246908676698803828e-02
2.266317077651619841e-02
2.084413495063781874e-02
2.256813314557075401e-02
2.147919422723353067e-02
2.182304892763495610e-02
2.338228577822446669e-02
2.182436020076274769e-02
2.204540559947490777e-02
