2.295111562728881616e+00
3.127175848960876414e-01
7.007422813177108245e-02
4.689342646598815972e-02
3.879099572896957393e-02
3.241304596662521187e-02
3.086639656424522427e-02
2.594179557263851313e-02
2.476887245476245766e-02
2.367766535282134904e-02
2.194471169114112913e-02
2.186611201167106694e-02
2.101856172978877960e-02
2.095475594103336434e-02
2.005454587936401217e-02
1.909241605997085561e-02
2.116778890788555134e-02
1.900248111784458294e-02
1.980000228285789393e-02
2.049141575992107292e-02
2.050407857894897407e-02
1.988699929714202869e-02
1.967335118353366955e-02
1.948653445839881870e-02
2.015118145346641437e-02
2.077632099688053041e-02
1.999145522117614857e-02
2.106004369258880626e-02
2.176847789585590470e-02
1.990188204646110501e-02
1.879487255215644970e-02
2.098294045031070740e-02
2.105646131038665936e-02
1.998471967875957434e-02
1.997896328866481663e-02
1.995818673968315082e-02
2.061518727838992926e-02
2.025804061889648414e-02
2.008303734660148512e-02
2.340459825098514454e-02
2.037191168069839645e-02
2.113467694520950249e-02
2.062497831583023217e-02
2.188930577039718481e-02
2.128634376525878960e-02
2.155055670440196927e-02
2.047352474629879002e-02
2.035227503180503730e-02
2.161823668479919552e-02
2.116429345011711094e-02
2.184938564300537012e-02
1.958146633505821257e-02
2.212941966652870115e-02
2.034270375669002678e-02
2.093000995963811839e-02
2.083823763430118700e-02
2.046843864023685511e-02
2.229284405112266429e-02
2.168692491650581200e-02
2.176814289987087300e-02
2.419910744279623119e-02
2.073939367532729935e-02
2.128025169074535330e-02
2.165783621072769199e-02
2.170260497033596123e-02
2.261544766426086539e-02
2.078392709940671962e-02
2.153629151582717866e-02
2.161211135685443818e-02
2.107804181277751765e-02
2.199172508418559963e-02
2.124242584109306206e-02
2.066422557234763938e-02
2.083138657733797985e-02
2.193539219945669222e-02
2.204603001773357274e-02
2.091504747122526278e-02
2.107463868558406839e-02
2.052385359108448160e-02
2.055220198631286729e-02
2.171220614090561829e-02
2.169430328160524418e-02
2.220548979640006929e-02
2.345373972505331028e-02
2.290494287461042333e-02
2.338944622501730811e-02
2.176585452854633285e-02
2.400286311358213256e-02
2.204000166729092741e-02
2.089891107380390314e-02
2.150733865275979151e-02
2.246908719018101547e-02
2.266316873803734741e-02
2.084413496106863120e-02
2.256813330054283084e-02
2.147919508554041457e-02
2.182304944619536252e-02
2.338228526413440797e-02
2.182436067163944296e-02
2.204540531411766993e-02
