2.295033029556274418e+00
2.697761234760284177e-01
1.178770202040672344e-01
7.534973492622375202e-02
7.898179579973220454e-02
6.001282144784927247e-02
5.454686765074730215e-02
6.394414048194885236e-02
6.290933327078819526e-02
5.457107710838317999e-02
5.357545398473739784e-02
5.730005838871002344e-02
4.926823168396949476e-02
4.680773333311080697e-02
4.325669605135917806e-02
3.996155985593796006e-02
4.730670101642608927e-02
4.669129226207733435e-02
4.246101945340633593e-02
4.261302115917205841e-02
4.000413874983787393e-02
4.350776655077934207e-02
4.877837300896644551e-02
4.714910673499107113e-02
4.865872192978858840e-02
4.578998921215534507e-02
6.338283923864364289e-02
6.768779169321059719e-02
6.053811192512512096e-02
8.301971318721770854e-02
5.163188818097114857e-02
4.186850513219833592e-02
4.936183290481567509e-02
4.680074175000190767e-02
4.499198489189147609e-02
4.236103349030018173e-02
5.313877406716346896e-02
4.912679464221000880e-02
4.473293042182922147e-02
4.234432730078697277e-02
4.196087381839751912e-02
4.656981658339500590e-02
4.349281915426254225e-02
4.413736405968666371e-02
4.511886990070342746e-02
4.158353466987609742e-02
4.225932707190513393e-02
4.194148633480072191e-02
3.995340707004070568e-02
3.921399520635605179e-02
3.906821424961089834e-02
4.082605903744697395e-02
3.848396639823913751e-02
4.400144466757774375e-02
4.501936374306678840e-02
5.166613804399967230e-02
6.842601563334464732e-02
5.590917215347290109e-02
9.480891773700714231e-02
6.924235060811043119e-02
5.371833754777908393e-02
4.613385006785392789e-02
5.689434397816658245e-02
5.043290627598762815e-02
4.897771233320236117e-02
4.079820737838744937e-02
5.004417989850044185e-02
5.746906172633171189e-02
4.670764375329017337e-02
4.534257902503013860e-02
4.025518642663955537e-02
4.954424872398376783e-02
4.717769136428832943e-02
5.150945196747779703e-02
5.474043266773223615e-02
6.202417372465133388e-02
5.889232144355773663e-02
6.349534270763397548e-02
4.889990359544754001e-02
5.499174170494079694e-02
5.407698802351951911e-02
4.604883686304092616e-02
5.096725112795829488e-02
4.248131691813469141e-02
4.220531277060508846e-02
6.224729442000389440e-02
4.452479850053787241e-02
5.094494974613189564e-02
5.087632216215133563e-02
5.510962739288807061e-02
4.926429192423820158e-02
4.718044671416282698e-02
4.728273138403892711e-02
4.364198486208915873e-02
4.049721934795379868e-02
5.339232594370842133e-02
4.747913801670074208e-02
4.354268742203712406e-02
4.781456103026866800e-02
4.900238531231880523e-02
