1.010000000000000064e-01
9.608999999999999764e-01
9.736000000000000210e-01
9.816000000000000281e-01
9.780999999999999694e-01
9.837000000000000188e-01
9.828999999999999959e-01
9.810999999999999721e-01
9.817000000000000171e-01
9.838000000000000078e-01
9.834000000000000519e-01
9.818000000000000060e-01
9.839999999999999858e-01
9.848000000000000087e-01
9.866000000000000325e-01
9.868999999999999995e-01
9.859999999999999876e-01
9.858999999999999986e-01
9.870999999999999774e-01
9.875000000000000444e-01
9.874000000000000554e-01
9.868000000000000105e-01
9.842999999999999527e-01
9.845000000000000417e-01
9.857000000000000206e-01
9.858000000000000096e-01
9.818999999999999950e-01
9.799999999999999822e-01
9.828000000000000069e-01
9.750999999999999668e-01
9.841999999999999638e-01
9.865000000000000435e-01
9.857000000000000206e-01
9.854000000000000536e-01
9.870999999999999774e-01
9.865000000000000435e-01
9.845000000000000417e-01
9.862999999999999545e-01
9.878000000000000114e-01
9.880999999999999783e-01
9.876000000000000334e-01
9.872999999999999554e-01
9.877000000000000224e-01
9.872999999999999554e-01
9.877000000000000224e-01
9.886000000000000343e-01
9.887000000000000233e-01
9.881999999999999673e-01
9.891999999999999682e-01
9.892999999999999572e-01
9.900999999999999801e-01
9.882999999999999563e-01
9.885000000000000453e-01
9.870999999999999774e-01
9.870999999999999774e-01
9.846000000000000307e-01
9.794000000000000483e-01
9.838999999999999968e-01
9.759999999999999787e-01
9.810999999999999721e-01
9.837000000000000188e-01
9.856000000000000316e-01
9.849999999999999867e-01
9.846000000000000307e-01
9.852999999999999536e-01
9.870999999999999774e-01
9.859999999999999876e-01
9.850999999999999757e-01
9.866000000000000325e-01
9.876000000000000334e-01
9.888000000000000123e-01
9.860999999999999766e-01
9.859999999999999876e-01
9.854000000000000536e-01
9.850999999999999757e-01
9.819999999999999840e-01
9.830999999999999739e-01
9.817000000000000171e-01
9.858000000000000096e-01
9.858999999999999986e-01
9.858000000000000096e-01
9.869999999999999885e-01
9.869999999999999885e-01
9.890999999999999792e-01
9.889999999999999902e-01
9.857000000000000206e-01
9.878000000000000114e-01
9.869999999999999885e-01
9.858000000000000096e-01
9.861999999999999655e-01
9.875000000000000444e-01
9.878000000000000114e-01
9.868000000000000105e-01
9.877000000000000224e-01
9.889999999999999902e-01
9.871999999999999664e-01
9.872999999999999554e-01
9.890999999999999792e-01
9.872999999999999554e-01
9.876000000000000334e-01
