2.295111562728881616e+00
3.127175741195678538e-01
7.007422734498977568e-02
4.689342886805534377e-02
3.879099754691123919e-02
3.241304481625557204e-02
3.086639540791511621e-02
2.594179638028144830e-02
2.476887160539626917e-02
2.367766501605510568e-02
2.194471133351326084e-02
2.186611294746398926e-02
2.101856268644333031e-02
2.095475457310676595e-02
2.005454820990562603e-02
1.909241671264171741e-02
2.116778822541236921e-02
1.900248101055622071e-02
1.980000145733356448e-02
2.049141310155391804e-02
2.050407814979553212e-02
1.988699679374694718e-02
1.967335133850574638e-02
1.948653529286384703e-02
2.015118320286274009e-02
2.077632093727588627e-02
1.999145477712154298e-02
2.106004213690757659e-02
2.176847731769085068e-02
1.990188311934470988e-02
1.879487532973289632e-02
2.098293833136558387e-02
2.105646136403083873e-02
1.998472191095352138e-02
1.997896125316619975e-02
1.995818710327148388e-02
2.061518515944480920e-02
2.025804140567779438e-02
2.008303621411323611e-02
2.340459690690040520e-02
2.037191213965415873e-02
2.113467561006545856e-02
2.062497876286506493e-02
2.188930669426918108e-02
2.128634255826473282e-02
2.155055780112743319e-02
2.047352055609226104e-02
2.035227798521518569e-02
2.161823482811451105e-02
2.116429498195648157e-02
2.184938412308692901e-02
1.958146351575851610e-02
2.212942130565643400e-02
2.034270455241203243e-02
2.093001006692648061e-02
2.083823411762714475e-02
2.046843768656253851e-02
2.229284425973892050e-02
2.168692300915718227e-02
2.176814079284667899e-02
2.419911041259765680e-02
2.073939168155193233e-02
2.128025164902210345e-02
2.165783529877662525e-02
2.170260596573352768e-02
2.261544973850250148e-02
2.078392677754163642e-02
2.153629125207662601e-02
2.161211158633232279e-02
2.107804335057735304e-02
2.199172661006450549e-02
2.124242587983608127e-02
2.066422630846500436e-02
2.083138749822974201e-02
2.193539217114448547e-02
2.204603310823440715e-02
2.091505050212144959e-02
2.107463888227939508e-02
2.052385354340076351e-02
2.055220150053501185e-02
2.171220585480332366e-02
2.169430398643016830e-02
2.220548819601535911e-02
2.345373842418193785e-02
2.290494122505188149e-02
2.338944384083151834e-02
2.176585425734519838e-02
2.400286307781934747e-02
2.204000213220715446e-02
2.089891074299812454e-02
2.150733670070767434e-02
2.246908456161618092e-02
2.266317103877663747e-02
2.084413493871688922e-02
2.256813453435897732e-02
2.147919446267187657e-02
2.182304890379309706e-02
2.338228418380022128e-02
2.182436023652553625e-02
2.204540481269359753e-02
