2.272282945632934759e+00
2.991945075035095103e-01
9.246827340126037575e-02
8.030903328657150453e-02
7.288702234625815679e-02
6.164392993450164976e-02
6.238632547855377242e-02
6.909730032086372487e-02
6.914602552056312024e-02
5.632246309518813832e-02
6.953586159348487672e-02
5.358203344345092989e-02
4.559529862999916333e-02
5.993807134628295619e-02
5.479962898492812817e-02
5.585145494937896610e-02
5.467985071539879088e-02
4.994838989973068161e-02
5.156311793327331833e-02
4.864786278605461034e-02
5.000229566693305955e-02
4.608930189013481227e-02
4.544906285405159174e-02
4.716694101095199321e-02
4.662043543159961889e-02
4.772552121281623677e-02
4.291677718460559787e-02
4.244463934302330349e-02
4.425102179050445506e-02
4.440259147882461704e-02
4.169375774860382272e-02
5.155107122957706262e-02
4.930720439553260698e-02
5.403197739720344561e-02
5.940147414803505221e-02
5.674185715317726225e-02
6.935749139785767070e-02
5.733381912112236328e-02
5.126443772912025326e-02
4.934547863602638251e-02
5.414363107085228000e-02
5.144819055199623126e-02
6.158605535626411609e-02
5.107303950190544145e-02
4.253465238213539196e-02
4.758047228455543343e-02
4.932704585790634311e-02
4.069446793794632283e-02
4.487093442678451866e-02
4.200762075781822036e-02
4.386500585675239677e-02
4.119625048041343496e-02
4.601177660226821869e-02
4.989302530288696608e-02
4.343505763113498369e-02
4.301972077488899066e-02
4.142100630402564820e-02
4.179727114439010793e-02
4.433614080548286401e-02
4.483213881254196481e-02
4.619991871714591858e-02
4.372901837825775295e-02
4.138738709092140006e-02
4.163403903245926213e-02
4.046944727897643784e-02
4.096970030069350954e-02
4.253863595724105551e-02
5.162174305319786050e-02
4.809331943392753522e-02
5.079504999518394404e-02
7.191330548524856037e-02
7.713897042274475702e-02
6.403155317902564647e-02
7.165016655921936650e-02
6.406563861370086210e-02
4.904808636903763147e-02
5.825293579697608803e-02
6.003258955478667919e-02
5.640680837631225492e-02
5.029034676551819016e-02
5.070347944498062448e-02
5.285602619051932988e-02
5.376385524272919020e-02
4.877545465826987892e-02
5.197671536803245840e-02
5.783989480733871258e-02
5.433341204524039930e-02
5.418023218512535433e-02
6.659039074182510065e-02
6.403727822303771633e-02
5.900810818374156719e-02
6.070599282383918466e-02
5.053341030478477464e-02
4.927380053997040127e-02
5.280359666943550134e-02
5.387909988164901742e-02
5.628919860720634633e-02
6.103051674365997381e-02
7.010918591022491375e-02
5.004708914160728439e-02
