1.844157066154479940e+00
2.910910452842712659e-01
1.728304424762725777e-01
1.295951204657554701e-01
9.919410346746444784e-02
8.531185904741286907e-02
7.222286707162857422e-02
6.451780234575271722e-02
5.848679301142692410e-02
5.403015167713165479e-02
4.822279999852180365e-02
4.436185265183448939e-02
4.142216909527778740e-02
4.024235998988151541e-02
3.938292108178138851e-02
3.722436105012894014e-02
3.549071117639541334e-02
3.596937278509140107e-02
3.291950795650482042e-02
3.162155302762985343e-02
3.030257648527622319e-02
2.965984448790550190e-02
2.981543132960796233e-02
2.790477804243564688e-02
2.750604740977287410e-02
2.884465749263763479e-02
2.716627409756183775e-02
2.444325357675552340e-02
2.504820984601974568e-02
2.343152829110622254e-02
2.531215454041957705e-02
2.481088739633560344e-02
2.511832258999347617e-02
2.435904522836208203e-02
2.473441159129142683e-02
2.296193860173225548e-02
2.278502070009708405e-02
2.131410968899727018e-02
2.185163190960883947e-02
2.094075029194355023e-02
2.276505683362483809e-02
2.211922882199287427e-02
2.139704758524894543e-02
2.106522157192230321e-02
2.111266084313392563e-02
2.047192222177982371e-02
2.017457396388053908e-02
1.926454835832119156e-02
1.970827887654304569e-02
1.977523976564407246e-02
1.901145333051681638e-02
1.899912270009517651e-02
2.066701456606388071e-02
2.021538127958774633e-02
1.839119112789630930e-02
1.907727567553520187e-02
1.911880541145801610e-02
1.998895718157291460e-02
1.782179474830627303e-02
1.893054020106792537e-02
1.886327339410781914e-02
1.843421948254108517e-02
1.997943224608898088e-02
1.942114039361476918e-02
1.848019438683986757e-02
1.791479780077934181e-02
1.848553844392299486e-02
1.837954926788806786e-02
1.788211679756641220e-02
1.853361187875270794e-02
1.829453583061695088e-02
1.777639919221401382e-02
1.868677988052368233e-02
1.825156146585941302e-02
1.799413092136382952e-02
1.825522376000881034e-02
1.883664371073245913e-02
1.843958854973316158e-02
1.836619285941124002e-02
1.717717911005020234e-02
1.841340695023536631e-02
1.869093488156795338e-02
1.817521716654300554e-02
1.739822106063365972e-02
1.853913613855838818e-02
1.766235852241516274e-02
1.902181077599525427e-02
1.719177228510379921e-02
1.715485007762908992e-02
1.750262123346328635e-02
1.824537030160426967e-02
1.767130600512027694e-02
1.726816763281822237e-02
1.789909627437591411e-02
1.763165567815303675e-02
1.662664258480071877e-02
1.917818658947944774e-02
1.678464253544807369e-02
1.642422050833702157e-02
1.743751637637615259e-02
