1.783201206970214781e+00
2.009355362129211287e+00
1.907857906341552834e+00
1.884803590393066441e+00
1.930482784461975188e+00
1.767720434951782327e+00
1.912275228309631370e+00
1.774193420028686630e+00
1.911588610076904393e+00
1.843128223991393977e+00
1.878155044174194321e+00
1.929186436843872032e+00
1.883617235183715710e+00
1.968014843368530276e+00
1.854834815788269031e+00
2.026577151489257655e+00
1.942645865631103419e+00
1.871552633476257332e+00
2.048233362388610868e+00
1.947798728370666588e+00
1.933501150321960349e+00
1.904074155426025428e+00
2.009212320137023777e+00
2.055253335189819452e+00
1.771677465057373002e+00
1.972328614044189354e+00
1.991874810028076093e+00
1.983870166206359809e+00
2.147304251480102621e+00
1.998735835647583059e+00
2.122929989242553717e+00
2.135382464981079309e+00
2.160169760131835925e+00
2.092905850982666127e+00
1.957478779792785728e+00
2.130342818069458133e+00
2.091608207321166812e+00
2.083153998565673959e+00
2.059524750900268764e+00
2.359574272537231288e+00
2.057237364196777385e+00
2.268068071365356264e+00
2.264638125610351604e+00
2.248541228103637657e+00
2.270487945175170719e+00
2.171088154220580879e+00
2.155561807632446314e+00
2.235954778289794831e+00
2.164107905960082956e+00
2.239044866561889613e+00
2.206214718246459761e+00
2.193198663711547702e+00
2.267526443481445497e+00
2.279139237976074206e+00
2.288744544601440278e+00
2.070418111801147543e+00
2.184615572738647593e+00
2.357226676177978320e+00
2.397110142135620237e+00
2.362715263366699237e+00
2.182706306838989363e+00
2.210064375686645377e+00
2.221787683105468592e+00
2.147210919189453282e+00
2.219472244262695515e+00
2.294298449707031118e+00
2.352841612625121925e+00
2.332090550613403312e+00
2.318383479309082063e+00
2.259208393859863495e+00
2.294363022613525427e+00
2.191505184936523243e+00
2.130513409805297798e+00
2.153785503768920861e+00
2.262633722305297912e+00
2.265142073822021374e+00
2.294433675765991332e+00
2.347670370864868072e+00
2.285794052886962913e+00
2.294454694366454994e+00
2.353800310897827153e+00
2.282918138885498216e+00
2.288092619705200281e+00
2.361952281951904098e+00
2.391590049362182668e+00
2.438076802825927647e+00
2.429571014404297014e+00
2.435153252410888758e+00
2.470661759185790896e+00
2.462276509857177942e+00
2.450626219177245879e+00
2.460379816436767619e+00
2.484808740234374813e+00
2.475567869949340860e+00
2.526834404754638719e+00
2.546503947067260576e+00
2.528044694137573156e+00
2.520347803115844609e+00
2.519019964599609196e+00
2.519269752883911195e+00
