1.822745670127868589e+00
6.599357654571532672e-01
3.966545421123504611e-01
2.804258192539215155e-01
2.996672328948974395e-01
1.947282303571701012e-01
2.061297092199325665e-01
1.707904573440551799e-01
1.599106676101684499e-01
1.368094855308532587e-01
1.831279073476791419e-01
1.335247841596603480e-01
1.495918031930923431e-01
1.396323402523994561e-01
1.306503580689430122e-01
1.377201255202293306e-01
1.448164084911346405e-01
1.468388025999069202e-01
1.223470370411872815e-01
1.368386637449264531e-01
1.495595483660698000e-01
1.498121947765350404e-01
1.599501363277435195e-01
1.380261794090270888e-01
1.420003001093864403e-01
1.407875413537025555e-01
1.387691542625427155e-01
1.446214795708656298e-01
1.436005531549453818e-01
1.353299925565719652e-01
1.309421553254127568e-01
1.306594778060913009e-01
2.134942732572555624e-01
1.442270166516304020e-01
1.654680423736572259e-01
1.448500814914703283e-01
1.295783268570900038e-01
1.505996834039688148e-01
1.444335551142692520e-01
1.415424473643303038e-01
1.456307458043098468e-01
1.399463970780372712e-01
1.468849089860916057e-01
1.596026634216308471e-01
1.542567330360412603e-01
1.470858523726463196e-01
1.414444184660911541e-01
1.540392030596733075e-01
1.483833280801773180e-01
1.450220044255256524e-01
1.618383398771285897e-01
1.423984986782073914e-01
1.398555134177207893e-01
1.529045801997184761e-01
1.513897779822349632e-01
1.394202989220619249e-01
1.338430216431617803e-01
1.608597764253616447e-01
2.004711366653442461e-01
1.508477333068847792e-01
1.618208413481712349e-01
1.280504685878753601e-01
1.591531214475631617e-01
1.250050047278404297e-01
1.469736465692520200e-01
1.424973924517631552e-01
2.342170349597930967e-01
1.563274542927741984e-01
1.415098872661590679e-01
2.028267990827560541e-01
1.424239722013473375e-01
1.525221829891204861e-01
1.359672789216041511e-01
1.477620592474937489e-01
1.593800203561782924e-01
1.397238193869590750e-01
1.490497786045074380e-01
1.894238493680953928e-01
1.304835844278335599e-01
1.638699277400970378e-01
1.374640235543251043e-01
1.413180281162262075e-01
1.098438406944274859e-01
1.755667761445045549e-01
1.373235305309295773e-01
1.302836554408073333e-01
1.331104253172874508e-01
1.409831919193267891e-01
1.533429109334945584e-01
1.374430243968963739e-01
1.345177153706550721e-01
1.351836197376251325e-01
1.341207813739776489e-01
1.533735515117645165e-01
1.428338228464126614e-01
1.308494594514370002e-01
1.496126485824584851e-01
1.454814783573150638e-01
1.395882022738456629e-01
1.870386030435562119e-01
