3.482000000000000095e-01
7.881000000000000227e-01
8.632999999999999563e-01
9.091000000000000192e-01
8.975999999999999535e-01
9.377999999999999670e-01
9.293000000000000149e-01
9.421000000000000485e-01
9.473000000000000309e-01
9.544000000000000261e-01
9.375999999999999890e-01
9.566000000000000059e-01
9.508999999999999675e-01
9.556999999999999940e-01
9.598999999999999755e-01
9.566999999999999948e-01
9.548999999999999710e-01
9.548999999999999710e-01
9.622000000000000552e-01
9.576999999999999957e-01
9.543000000000000371e-01
9.542000000000000481e-01
9.529999999999999583e-01
9.590999999999999526e-01
9.584000000000000297e-01
9.583000000000000407e-01
9.606999999999999984e-01
9.595000000000000195e-01
9.582000000000000517e-01
9.612000000000000544e-01
9.629999999999999671e-01
9.620999999999999552e-01
9.456999999999999851e-01
9.570999999999999508e-01
9.519999999999999574e-01
9.615000000000000213e-01
9.634000000000000341e-01
9.557999999999999829e-01
9.600999999999999535e-01
9.610999999999999543e-01
9.608999999999999764e-01
9.622000000000000552e-01
9.597999999999999865e-01
9.585000000000000187e-01
9.600999999999999535e-01
9.619999999999999662e-01
9.637999999999999901e-01
9.608999999999999764e-01
9.616000000000000103e-01
9.619999999999999662e-01
9.596000000000000085e-01
9.625000000000000222e-01
9.647999999999999909e-01
9.633000000000000451e-01
9.620999999999999552e-01
9.637999999999999901e-01
9.658999999999999808e-01
9.606999999999999984e-01
9.512000000000000455e-01
9.613000000000000433e-01
9.614000000000000323e-01
9.684000000000000385e-01
9.613000000000000433e-01
9.688999999999999835e-01
9.637000000000000011e-01
9.640999999999999570e-01
9.455999999999999961e-01
9.616000000000000103e-01
9.617999999999999883e-01
9.475999999999999979e-01
9.634000000000000341e-01
9.607999999999999874e-01
9.637999999999999901e-01
9.628999999999999782e-01
9.609999999999999654e-01
9.658999999999999808e-01
9.606000000000000094e-01
9.537999999999999812e-01
9.677000000000000046e-01
9.602000000000000535e-01
9.664000000000000368e-01
9.643000000000000460e-01
9.703000000000000513e-01
9.563000000000000389e-01
9.637999999999999901e-01
9.669999999999999707e-01
9.657000000000000028e-01
9.663000000000000478e-01
9.640999999999999570e-01
9.660999999999999588e-01
9.671999999999999487e-01
9.665000000000000258e-01
9.678999999999999826e-01
9.641999999999999460e-01
9.654000000000000359e-01
9.691999999999999504e-01
9.651999999999999469e-01
9.653000000000000469e-01
9.664000000000000368e-01
9.557999999999999829e-01
