3.824000000000000177e-01
5.611000000000000432e-01
5.984000000000000430e-01
6.203999999999999515e-01
6.260999999999999899e-01
6.532999999999999918e-01
6.411000000000000032e-01
6.551000000000000156e-01
6.519000000000000350e-01
6.474999999999999645e-01
6.433999999999999719e-01
6.625999999999999668e-01
6.637999999999999456e-01
6.616999999999999549e-01
6.599000000000000421e-01
6.626999999999999558e-01
6.652000000000000135e-01
6.736999999999999655e-01
6.650000000000000355e-01
6.749000000000000554e-01
6.673000000000000043e-01
6.786999999999999700e-01
6.743999999999999995e-01
6.586999999999999522e-01
6.724999999999999867e-01
6.727999999999999536e-01
6.684999999999999831e-01
6.770000000000000462e-01
6.757999999999999563e-01
6.724999999999999867e-01
6.782000000000000250e-01
6.788999999999999480e-01
6.783000000000000140e-01
6.710000000000000409e-01
6.803000000000000158e-01
6.713999999999999968e-01
6.750000000000000444e-01
6.724999999999999867e-01
6.766999999999999682e-01
6.743999999999999995e-01
6.761000000000000343e-01
6.775999999999999801e-01
6.784000000000000030e-01
6.767999999999999572e-01
6.767999999999999572e-01
6.795999999999999819e-01
6.800000000000000488e-01
6.768999999999999462e-01
6.788999999999999480e-01
6.805999999999999828e-01
6.782000000000000250e-01
6.682000000000000162e-01
6.885999999999999899e-01
6.821000000000000396e-01
6.784999999999999920e-01
6.794000000000000039e-01
6.793000000000000149e-01
6.765999999999999792e-01
6.788999999999999480e-01
6.794999999999999929e-01
6.815999999999999837e-01
6.804000000000000048e-01
6.815999999999999837e-01
6.823000000000000176e-01
6.752000000000000224e-01
6.774999999999999911e-01
6.845999999999999863e-01
6.674999999999999822e-01
6.764000000000000012e-01
6.832000000000000295e-01
6.813000000000000167e-01
6.737999999999999545e-01
6.743999999999999995e-01
6.624999999999999778e-01
6.758999999999999453e-01
6.777999999999999581e-01
6.785999999999999810e-01
6.753000000000000114e-01
6.768999999999999462e-01
6.742000000000000215e-01
6.814999999999999947e-01
6.785999999999999810e-01
6.838999999999999524e-01
6.885000000000000009e-01
6.810000000000000497e-01
6.891000000000000458e-01
6.873000000000000220e-01
6.906999999999999806e-01
6.956999999999999851e-01
6.925000000000000044e-01
6.962000000000000410e-01
6.979999999999999538e-01
6.886999999999999789e-01
6.958999999999999631e-01
6.952000000000000401e-01
6.933000000000000274e-01
6.944000000000000172e-01
6.947999999999999732e-01
6.956999999999999851e-01
6.955000000000000071e-01
