1.844157114982605039e+00
2.910910559654235619e-01
1.728304458856582682e-01
1.295951265692710797e-01
9.919410308599471704e-02
8.531186438798904481e-02
7.222287261486053100e-02
6.451779930591583501e-02
5.848678994774818285e-02
5.403015302419662130e-02
4.822279655337333854e-02
4.436185503005981440e-02
4.142216900587081946e-02
4.024236353635787800e-02
3.938292166590690729e-02
3.722436057925224140e-02
3.549070830941200572e-02
3.596937480568886125e-02
3.291950535774230968e-02
3.162155138850212405e-02
3.030257400572300072e-02
2.965984610319137571e-02
2.981542849540710569e-02
2.790477750301361207e-02
2.750604831278324197e-02
2.884465819895267596e-02
2.716626770198345142e-02
2.444325094223022410e-02
2.504820894002914369e-02
2.343152953684329853e-02
2.531215372383594647e-02
2.481089031696319738e-02
2.511832107305526571e-02
2.435904499590397024e-02
2.473441394269466562e-02
2.296194227039814045e-02
2.278502164483070525e-02
2.131410784125328112e-02
2.185163158178329498e-02
2.094074966311454747e-02
2.276505942046642278e-02
2.211922633051872228e-02
2.139704682528972488e-02
2.106522181630134452e-02
2.111266127526760170e-02
2.047192165553569920e-02
2.017457687258720350e-02
1.926454992592334728e-02
1.970827782452106575e-02
1.977524261772632685e-02
1.901145175695419243e-02
1.899912261962890744e-02
2.066701274216175069e-02
2.021537814140319730e-02
1.839119060039520401e-02
1.907727691531181310e-02
1.911880542039871150e-02
1.998895644247531897e-02
1.782179734408855312e-02
1.893054504990577744e-02
1.886327246427536158e-02
1.843422107696533058e-02
1.997943337857723337e-02
1.942114149630069786e-02
1.848019609153270584e-02
1.791479633450508008e-02
1.848553753197193159e-02
1.837955231964588307e-02
1.788211665451526489e-02
1.853361034989357142e-02
1.829453699588775781e-02
1.777639884054660682e-02
1.868678058981895415e-02
1.825156229436397659e-02
1.799413040876388439e-02
1.825522989630699172e-02
1.883664561510086169e-02
1.843958722949028128e-02
1.836619343161582929e-02
1.717717970311641654e-02
1.841340770721435621e-02
1.869093720316886836e-02
1.817521470487117735e-02
1.739821934998035322e-02
1.853913724422454751e-02
1.766236138045787843e-02
1.902181092798709700e-02
1.719177147746086057e-02
1.715484887063503314e-02
1.750261912941932646e-02
1.824537051916122476e-02
1.767130911052227152e-02
1.726816528439521770e-02
1.789909640848636602e-02
1.763165508806705320e-02
1.662664595246314894e-02
1.917818832993507458e-02
1.678464304804801882e-02
1.642422037124633902e-02
1.743751899302005762e-02
