1.873339023017883243e+00
1.742330941581726078e+00
1.788246337699890054e+00
1.780193935966491781e+00
1.756367758941650425e+00
1.847544005203247020e+00
1.877960864639282246e+00
1.900991857147216857e+00
1.817946267509460423e+00
1.834695496177673357e+00
1.960313140106201280e+00
1.894298429107666104e+00
1.942064717483520608e+00
1.962639812469482381e+00
1.972541967391967743e+00
1.962414532089233443e+00
1.886812180328369060e+00
1.972746905899047887e+00
1.910501879501342870e+00
2.046926168060302587e+00
2.029829520416259747e+00
1.965725017547607312e+00
2.125932377243041849e+00
1.888757113075256289e+00
2.007897605133056818e+00
2.172507788467407330e+00
2.039006916809082082e+00
2.019530072784423869e+00
2.035018502426147347e+00
1.984578475952148535e+00
1.969036378860473668e+00
1.990930644989013620e+00
2.141870973968505787e+00
1.982798782730102571e+00
2.192433015441894728e+00
2.093243193054199036e+00
2.150627000808715827e+00
2.089178266906738468e+00
2.147426183319091741e+00
2.089872937011718612e+00
2.093659777450561421e+00
2.136896892166137540e+00
2.121506692886352408e+00
2.152822060012817396e+00
2.202523729705810673e+00
2.289560174179077201e+00
2.143641439437866225e+00
2.122135462951660223e+00
2.165284654235839934e+00
2.198416669464111184e+00
2.136342618942260962e+00
1.868069856643676863e+00
2.546868632125854681e+00
2.052816878890991070e+00
2.136023868560791072e+00
2.241216196060180632e+00
2.223692949676513653e+00
2.158844037246704151e+00
2.273185647201537929e+00
2.287203040695190648e+00
2.353333724594116383e+00
2.313830325698852608e+00
2.360439713287353580e+00
2.424088795471191382e+00
2.110959689331054712e+00
2.046066786956787009e+00
2.312807187271118003e+00
2.252496220016479533e+00
2.183937211990356619e+00
2.089520312881469888e+00
2.300702204513549898e+00
2.357705751800537097e+00
2.232779234313964967e+00
2.194246155166625911e+00
2.125462710571289104e+00
2.126027278518676678e+00
2.057674893569946484e+00
2.150031857299804727e+00
2.421022957611083992e+00
2.338287478637695482e+00
1.841096950912475494e+00
2.371227692413329979e+00
2.218449947738647676e+00
2.219490129089355612e+00
1.998546895217895525e+00
2.156315577697753838e+00
2.234793170928955242e+00
2.177514373779296797e+00
2.177274740600585901e+00
2.143764030075073102e+00
2.140056740570068339e+00
2.095225052642822217e+00
1.951878428268432719e+00
2.200428032684325963e+00
2.143356069946289022e+00
2.145865360641479480e+00
2.168322047424316334e+00
2.221814722442626788e+00
2.389728023147582814e+00
2.256666900634765494e+00
