1.844157112121582065e+00
2.910910605430602760e-01
1.728304416656494258e-01
1.295951324939727811e-01
9.919410725831985520e-02
8.531186075210571429e-02
7.222286630868911261e-02
6.451780045032501354e-02
5.848679110407829090e-02
5.403015472888946652e-02
4.822279693484306240e-02
4.436185360550880252e-02
4.142217007279395957e-02
4.024236324429512207e-02
3.938292511105537241e-02
3.722436105012894014e-02
3.549071241021155981e-02
3.596937327980995192e-02
3.291950469017029118e-02
3.162155283689498803e-02
3.030257486999034938e-02
2.965984514951705911e-02
2.981543061137199510e-02
2.790477660596370549e-02
2.750604826211929324e-02
2.884465729594230810e-02
2.716626875102520072e-02
2.444325162172317559e-02
2.504821185469627287e-02
2.343152852654457191e-02
2.531215328872203976e-02
2.481089088916778665e-02
2.511832087934017313e-02
2.435904438495635829e-02
2.473441474437713603e-02
2.296193931400775795e-02
2.278502093553542995e-02
2.131410768926143492e-02
2.185163052678108092e-02
2.094074980020523002e-02
2.276505923271179149e-02
2.211922623515128958e-02
2.139704672992229564e-02
2.106522167623043132e-02
2.111266141533851490e-02
2.047192446887493092e-02
2.017457587718963705e-02
1.926455016434192730e-02
1.970827721655368792e-02
1.977524387240409826e-02
1.901145032346248515e-02
1.899912372231483612e-02
2.066701096892356940e-02
2.021538227200508214e-02
1.839119188189506510e-02
1.907727628946304446e-02
1.911880646646022669e-02
1.998895714581012603e-02
1.782179593145847424e-02
1.893054347038268873e-02
1.886327092349529208e-02
1.843422078490257118e-02
1.997943877279758501e-02
1.942113960683345894e-02
1.848019608557224108e-02
1.791479464173316785e-02
1.848553867042064536e-02
1.837955255210399486e-02
1.788211823403835360e-02
1.853360944688320008e-02
1.829453875124454482e-02
1.777639886736869651e-02
1.868677856326103268e-02
1.825156227350234819e-02
1.799413104057312127e-02
1.825522618889808754e-02
1.883664391040801994e-02
1.843959113657474627e-02
1.836619235873222442e-02
1.717717933356761872e-02
1.841340884566306998e-02
1.869093323945998988e-02
1.817521429955959444e-02
1.739822050929069538e-02
1.853913491964340188e-02
1.766236220002174312e-02
1.902181262969970810e-02
1.719177217483520634e-02
1.715484953522682099e-02
1.750262062549591199e-02
1.824536838829517518e-02
1.767130553424358513e-02
1.726816772520542095e-02
1.789909772872924631e-02
1.763165218532085354e-02
1.662664407193660890e-02
1.917819087207317183e-02
1.678464386463165287e-02
1.642422205805778648e-02
1.743751762211322859e-02
