3.569999999999999840e-01
7.634999999999999565e-01
8.193000000000000282e-01
8.474000000000000421e-01
8.629999999999999893e-01
8.677000000000000268e-01
8.647000000000000242e-01
8.730999999999999872e-01
8.735000000000000542e-01
8.859000000000000208e-01
8.870999999999999996e-01
8.983999999999999764e-01
9.061000000000000165e-01
9.139000000000000457e-01
9.045999999999999597e-01
9.055999999999999606e-01
9.254000000000000004e-01
9.247999999999999554e-01
9.202000000000000179e-01
9.112999999999999989e-01
9.207999999999999519e-01
9.278999999999999471e-01
9.212000000000000188e-01
9.242000000000000215e-01
9.346999999999999753e-01
9.393000000000000238e-01
9.194999999999999840e-01
9.310000000000000497e-01
9.316999999999999726e-01
9.219000000000000528e-01
9.190000000000000391e-01
9.250000000000000444e-01
9.232000000000000206e-01
9.316999999999999726e-01
9.244999999999999885e-01
9.325999999999999845e-01
9.182000000000000162e-01
9.308999999999999497e-01
9.125999999999999668e-01
9.272000000000000242e-01
9.314000000000000057e-01
9.274000000000000021e-01
9.308999999999999497e-01
9.295999999999999819e-01
9.252000000000000224e-01
9.157999999999999474e-01
9.201000000000000290e-01
9.275999999999999801e-01
9.306999999999999718e-01
9.333000000000000185e-01
9.211000000000000298e-01
9.258999999999999453e-01
9.392000000000000348e-01
9.231000000000000316e-01
9.288999999999999480e-01
9.372000000000000330e-01
9.215999999999999748e-01
9.314999999999999947e-01
9.434000000000000163e-01
9.372000000000000330e-01
9.322000000000000286e-01
9.354000000000000092e-01
9.404000000000000137e-01
9.439999999999999503e-01
9.381000000000000449e-01
9.382000000000000339e-01
9.197999999999999510e-01
9.374000000000000110e-01
9.449999999999999512e-01
9.465999999999999970e-01
9.368999999999999551e-01
9.354000000000000092e-01
9.474000000000000199e-01
9.425000000000000044e-01
9.441000000000000503e-01
9.376999999999999780e-01
9.304000000000000048e-01
9.261000000000000343e-01
9.392000000000000348e-01
9.419999999999999485e-01
9.280000000000000471e-01
9.401000000000000467e-01
9.320000000000000506e-01
9.232000000000000206e-01
9.401000000000000467e-01
9.386999999999999789e-01
9.346999999999999753e-01
9.406999999999999806e-01
9.452000000000000401e-01
9.333000000000000185e-01
9.402000000000000357e-01
9.344000000000000083e-01
9.343000000000000194e-01
9.398999999999999577e-01
9.445000000000000062e-01
9.398999999999999577e-01
9.468999999999999639e-01
9.436999999999999833e-01
9.157999999999999474e-01
9.249000000000000554e-01
