1.850174600219726573e+00
7.706094803810119576e-01
6.262776048660277928e-01
5.418972982406615735e-01
5.039089536190033414e-01
4.767569766521453922e-01
4.425066595077514764e-01
4.215549814224243130e-01
4.018696168899535959e-01
3.407162451744079612e-01
3.482605768203735352e-01
3.083623892307281733e-01
2.857159862041473430e-01
2.679146121263504265e-01
2.900211470842361527e-01
3.023136620998382318e-01
2.309920148849487209e-01
2.344091796159744334e-01
2.560088284015655247e-01
2.943712630033493149e-01
2.486092724800109954e-01
2.404283345222473223e-01
2.584168124675750855e-01
2.549908370018005299e-01
2.259367615938186746e-01
2.042940979003906310e-01
2.652157892227172686e-01
2.314620229244232219e-01
2.292356350660324227e-01
2.700744999408721814e-01
2.812770906925201597e-01
2.538740068197250510e-01
2.698479731798171799e-01
2.464128804445266663e-01
2.730049351692199755e-01
2.400744644880294931e-01
2.774294734716415411e-01
2.423518978595733675e-01
3.086824185609817750e-01
2.652632197380065948e-01
2.493601579427719150e-01
2.711948816537856910e-01
2.467597085952758784e-01
2.441626740455627442e-01
2.746510588645935114e-01
3.112437902450561622e-01
2.854186886548996105e-01
2.421427347660064788e-01
2.446272634029388326e-01
2.457879481554031409e-01
2.971910065650940069e-01
2.875458371639251776e-01
2.295363411426544209e-01
2.937860594034195083e-01
2.701307764291763225e-01
2.310670856475830204e-01
3.031784458875655952e-01
2.646540408849716308e-01
2.122916960239410455e-01
2.376947549819946326e-01
2.498083066463470392e-01
2.492283023595809888e-01
2.314082810163498038e-01
2.180655148506164542e-01
2.433517744064331023e-01
2.421663102865219130e-01
3.363180096626281479e-01
2.551607146501541079e-01
2.189953603267669746e-01
2.011847918748855546e-01
2.521269896984100201e-01
2.542485012054443438e-01
2.098518114328384310e-01
2.283628564834594699e-01
2.237015430688858164e-01
2.476949496507644677e-01
2.945921970367431642e-01
3.052731975317001245e-01
2.424880481243133490e-01
2.232455415010452249e-01
3.018152623176574845e-01
2.400174117088317849e-01
2.773575494766235550e-01
3.215421842336654845e-01
2.278586669206619231e-01
2.441031879425048789e-01
2.721596698760986310e-01
2.476421486377716197e-01
2.226891840696334779e-01
2.763240869283676293e-01
2.507025848865508943e-01
2.629125859737396209e-01
2.464736370563506973e-01
2.367480866909027204e-01
2.151819172382354872e-01
2.368927724599838303e-01
2.049904252171516339e-01
2.127873271942138655e-01
3.293127811908722058e-01
2.873486208677291653e-01
