1.625746878623962388e+00
1.778931967163085881e+00
1.589888512992858827e+00
1.541430868721008318e+00
1.518624221038818334e+00
1.482889760589599648e+00
1.442692679405212397e+00
1.492735241127014056e+00
1.523856312751769915e+00
1.481739232444763132e+00
1.422797953033447360e+00
1.487355431365966707e+00
1.579349600982665969e+00
1.546205760955810637e+00
1.554438269805908268e+00
1.647590134620666502e+00
1.645676199531555195e+00
1.701036057662963952e+00
1.684666270828247159e+00
1.624102001190185440e+00
1.679499378967285184e+00
1.570635142326354927e+00
1.642563282585143947e+00
1.693635135078430221e+00
1.674151595878601073e+00
1.796946066856384361e+00
1.721928869056701616e+00
1.691136665916442849e+00
1.727500614929199152e+00
1.648620445251464783e+00
1.629081007003784221e+00
1.812349917030334545e+00
1.809633902549743656e+00
1.779650771713256807e+00
1.872401381301879830e+00
1.913509189796447796e+00
1.956428464889526264e+00
1.837566946983337335e+00
1.844882410240173298e+00
1.905638744163513199e+00
1.902842311668395903e+00
1.876260424232482960e+00
1.612393638229370207e+00
1.838369621086120675e+00
1.924275448989868131e+00
1.766015767669677716e+00
1.878653820991516010e+00
1.976523778152465827e+00
1.865966881942749067e+00
1.864500915336608777e+00
1.810655689239502042e+00
1.676447334861755456e+00
1.867868580627441322e+00
1.780615234184265150e+00
1.825551430511474615e+00
1.962016922950744702e+00
1.906904099845886158e+00
1.859587854003906360e+00
1.892651136016845648e+00
1.864407271194457927e+00
2.077521651649475221e+00
1.942442836189270050e+00
1.947605395317077548e+00
2.094751553726196480e+00
1.968218623733520412e+00
1.894363656425475995e+00
2.009847508811950512e+00
1.873977187347412032e+00
1.978034139060974139e+00
2.022170272445678929e+00
1.978816318702697696e+00
1.963398098182678186e+00
1.874206604194641024e+00
2.199642653656005642e+00
2.081463479995727450e+00
1.941815612792968659e+00
2.085344496917724388e+00
2.041226478385925081e+00
2.057534621429443433e+00
2.123211733627319298e+00
2.154658062362670989e+00
2.015263643264770366e+00
2.025193595886230380e+00
2.087162504577636746e+00
2.146265112304687417e+00
2.116221652221679683e+00
2.330080854415893743e+00
2.211532134628296120e+00
2.171767701721191379e+00
2.215200790405273512e+00
2.195539776611328264e+00
2.294855670166015660e+00
2.333221220779418736e+00
2.121119827651977374e+00
1.977841675758361895e+00
2.233064692306518495e+00
2.253562575149536062e+00
2.129585496330261396e+00
1.983137496566772517e+00
2.147240427017211850e+00
