5.056000000000000494e-01
8.103000000000000203e-01
8.541999999999999593e-01
8.646000000000000352e-01
8.790999999999999925e-01
8.812999999999999723e-01
8.922999999999999821e-01
9.062999999999999945e-01
9.212000000000000188e-01
9.166999999999999593e-01
9.195999999999999730e-01
9.246999999999999664e-01
9.375000000000000000e-01
9.174999999999999822e-01
9.432000000000000384e-01
9.360000000000000542e-01
9.346999999999999753e-01
9.426999999999999824e-01
9.506000000000000005e-01
9.425000000000000044e-01
9.403000000000000247e-01
9.500999999999999446e-01
9.484000000000000208e-01
9.492000000000000437e-01
9.536000000000000032e-01
9.525000000000000133e-01
9.566000000000000059e-01
9.396999999999999797e-01
9.431000000000000494e-01
9.434000000000000163e-01
9.510999999999999455e-01
9.509999999999999565e-01
9.458999999999999631e-01
9.499999999999999556e-01
9.429999999999999494e-01
9.432000000000000384e-01
9.494000000000000217e-01
9.519999999999999574e-01
9.465000000000000080e-01
9.459999999999999520e-01
9.412000000000000366e-01
9.456999999999999851e-01
9.447999999999999732e-01
9.494000000000000217e-01
9.418999999999999595e-01
9.393000000000000238e-01
9.426999999999999824e-01
9.536000000000000032e-01
9.524000000000000243e-01
9.530999999999999472e-01
9.556999999999999940e-01
9.538999999999999702e-01
9.577999999999999847e-01
9.513000000000000345e-01
9.509999999999999565e-01
9.559999999999999609e-01
9.509999999999999565e-01
9.573000000000000398e-01
9.556999999999999940e-01
9.355999999999999872e-01
9.506000000000000005e-01
9.548999999999999710e-01
9.533000000000000362e-01
9.230000000000000426e-01
9.506999999999999895e-01
9.436999999999999833e-01
9.573000000000000398e-01
9.563000000000000389e-01
9.504000000000000226e-01
9.603000000000000425e-01
9.624000000000000332e-01
9.598999999999999755e-01
9.593000000000000416e-01
9.495000000000000107e-01
9.485000000000000098e-01
9.606999999999999984e-01
9.526000000000000023e-01
9.595000000000000195e-01
9.502000000000000446e-01
9.526000000000000023e-01
9.529999999999999583e-01
9.534000000000000252e-01
9.574000000000000288e-01
9.524000000000000243e-01
9.484000000000000208e-01
9.579999999999999627e-01
9.418999999999999595e-01
9.396999999999999797e-01
9.554000000000000270e-01
9.498999999999999666e-01
9.461000000000000520e-01
9.554000000000000270e-01
9.462000000000000410e-01
9.454000000000000181e-01
9.398999999999999577e-01
9.472000000000000419e-01
9.523000000000000353e-01
9.562000000000000499e-01
9.619999999999999662e-01
9.524000000000000243e-01
