2.221531917953491142e+00
2.219746512603759658e+00
2.189270510482788090e+00
2.158105381774902298e+00
2.040815973663330229e+00
1.926503151702880778e+00
1.951765211296081493e+00
1.777620688629150347e+00
1.676864806365966798e+00
1.578848134994506935e+00
1.691935732460021935e+00
1.837067747306823762e+00
1.699589555358886672e+00
1.670109048652648864e+00
1.747074366950988722e+00
1.672284716033935581e+00
1.722693674087524496e+00
1.729590042686462326e+00
1.792780967521667490e+00
1.701902505302429258e+00
1.875850393295288132e+00
1.708827783012390134e+00
1.773598465728759788e+00
1.828297505950927659e+00
1.855310486602783193e+00
1.658770801734924305e+00
1.732512547302246020e+00
1.868181261825561545e+00
1.809547938728332417e+00
1.760986414146423318e+00
1.878407412147522049e+00
1.847880322837829548e+00
1.765639159393310509e+00
1.805840231513976990e+00
1.921731596183776869e+00
2.114662984466552764e+00
1.895599038505554113e+00
1.733303541755676358e+00
1.767239005661010776e+00
1.956628543853759838e+00
2.003098850822448540e+00
1.909272891235351599e+00
1.937629487800598183e+00
1.931858859443664533e+00
2.380845063781738435e+00
2.154384772872924625e+00
2.027061185455322434e+00
1.975832506561279400e+00
2.164315482330322116e+00
1.882050755691528243e+00
1.795177320861816472e+00
1.782081982803344733e+00
1.955368210601806656e+00
2.015838109970092606e+00
2.055156697845458957e+00
2.054984744262695173e+00
2.029720345306396556e+00
1.996879478073120051e+00
2.091270319366455244e+00
2.150254027938842682e+00
2.051978556442260793e+00
1.921702206611633379e+00
1.985258845520019522e+00
2.091080567932128709e+00
2.126659226608276221e+00
2.174849420166015790e+00
2.143823513412475457e+00
2.020844260025024486e+00
2.069590952682494933e+00
2.058398514938354573e+00
2.021716751289367675e+00
2.028984876823425321e+00
1.972312768745422273e+00
2.115381845092773272e+00
2.148847761917114241e+00
2.081949758911132875e+00
2.068215576934814504e+00
2.130117070388794165e+00
2.059826350784301763e+00
2.246818992614746158e+00
2.294967057418823231e+00
2.222052262496948316e+00
2.043178751754760825e+00
2.376380754470825085e+00
2.161432192993164136e+00
2.226744520187378118e+00
2.138612067413330209e+00
2.288097452545165833e+00
2.505614877319335854e+00
2.190633125305175621e+00
2.138474722671508843e+00
2.046602699279785220e+00
1.954333936691284190e+00
2.120827792358398245e+00
2.012185752105712933e+00
2.008422665023803511e+00
2.041313035202026338e+00
2.157029644393920975e+00
2.236975677490234293e+00
2.200619854736328040e+00
