1.844157099914550679e+00
2.910910498619079800e-01
1.728304393768310410e-01
1.295951250433921842e-01
9.919410328865051196e-02
8.531185884475707415e-02
7.222286765575408607e-02
6.451780427694320252e-02
5.848678842186928045e-02
5.403014976978302158e-02
4.822279568910598641e-02
4.436185237169265605e-02
4.142217015027999799e-02
4.024236009120941288e-02
3.938292184472084317e-02
3.722436162829399070e-02
3.549071024060249102e-02
3.596937346458434909e-02
3.291950372457504159e-02
3.162155112028122023e-02
3.030257385969161929e-02
2.965984639525413510e-02
2.981543080806732179e-02
2.790477478206157547e-02
2.750604950189590447e-02
2.884465624094009403e-02
2.716627309322357242e-02
2.444325094521045821e-02
2.504821237325668276e-02
2.343152905106544656e-02
2.531215405166149096e-02
2.481088817715644892e-02
2.511831878423690864e-02
2.435904695689678282e-02
2.473441108167171582e-02
2.296194050908088521e-02
2.278501992523670333e-02
2.131411146819591623e-02
2.185163019299507167e-02
2.094075009822845418e-02
2.276505771279335039e-02
2.211922748684883033e-02
2.139704667925834691e-02
2.106522278189659064e-02
2.111265936493873438e-02
2.047192160785198112e-02
2.017457539141178161e-02
1.926455084383487532e-02
1.970827854275703298e-02
1.977524144351482452e-02
1.901145104467868649e-02
1.899912210106849755e-02
2.066701199114322554e-02
2.021538280844688285e-02
1.839119155704975125e-02
1.907727499902248450e-02
1.911880498826503891e-02
1.998895572125911763e-02
1.782179547548293913e-02
1.893054350912570793e-02
1.886327324211597295e-02
1.843422117829322804e-02
1.997943271696567616e-02
1.942113881409168394e-02
1.848019739985466009e-02
1.791479801237583214e-02
1.848553658127784563e-02
1.837955119609832599e-02
1.788211623132228770e-02
1.853361235260963386e-02
1.829453699886798845e-02
1.777639800310134785e-02
1.868677870333194588e-02
1.825156295597553380e-02
1.799413059055805092e-02
1.825522379577159890e-02
1.883664276003837665e-02
1.843958815634250473e-02
1.836619701683521108e-02
1.717717755436897267e-02
1.841340913474559873e-02
1.869093298316001905e-02
1.817521705329418202e-02
1.739821809232235117e-02
1.853913607597350993e-02
1.766236075162887567e-02
1.902181008756160738e-02
1.719177042245864998e-02
1.715484833717346308e-02
1.750262220799922788e-02
1.824536737501621098e-02
1.767130695283412878e-02
1.726816489398479496e-02
1.789909564554691482e-02
1.763165553510188943e-02
1.662664233148097859e-02
1.917818878293037557e-02
1.678464278578758323e-02
1.642422177493572250e-02
1.743751944303512449e-02
