2.666999999999999926e-01
8.048999999999999488e-01
8.366999999999999993e-01
8.552999999999999492e-01
8.638000000000000123e-01
8.669000000000000039e-01
8.726000000000000423e-01
8.726000000000000423e-01
8.726000000000000423e-01
8.852999999999999758e-01
8.882999999999999785e-01
9.000000000000000222e-01
8.948000000000000398e-01
9.114999999999999769e-01
9.221000000000000307e-01
9.203999999999999959e-01
9.194999999999999840e-01
9.093999999999999861e-01
9.129000000000000448e-01
9.185999999999999721e-01
9.133999999999999897e-01
9.144999999999999796e-01
9.196999999999999620e-01
9.294999999999999929e-01
9.346999999999999753e-01
9.320000000000000506e-01
9.313000000000000167e-01
9.163000000000000034e-01
9.336999999999999744e-01
9.276999999999999691e-01
9.247999999999999554e-01
9.322000000000000286e-01
9.252000000000000224e-01
9.254999999999999893e-01
9.226999999999999647e-01
9.285999999999999810e-01
9.182000000000000162e-01
9.195999999999999730e-01
9.171000000000000263e-01
9.219000000000000528e-01
9.191000000000000281e-01
9.209000000000000519e-01
9.190000000000000391e-01
9.219000000000000528e-01
9.232000000000000206e-01
9.223000000000000087e-01
9.169000000000000483e-01
9.203000000000000069e-01
9.312000000000000277e-01
9.307999999999999607e-01
9.304000000000000048e-01
9.265999999999999792e-01
9.215999999999999748e-01
9.315999999999999837e-01
9.302000000000000268e-01
9.297999999999999599e-01
9.306999999999999718e-01
9.270000000000000462e-01
9.118000000000000549e-01
9.272000000000000242e-01
9.265999999999999792e-01
9.240000000000000435e-01
9.190000000000000391e-01
9.141000000000000236e-01
9.183999999999999941e-01
9.210000000000000409e-01
9.257999999999999563e-01
9.297999999999999599e-01
9.303000000000000158e-01
9.267999999999999572e-01
9.385000000000000009e-01
9.385000000000000009e-01
9.348999999999999533e-01
9.277999999999999581e-01
9.236999999999999655e-01
9.169000000000000483e-01
9.234999999999999876e-01
9.166999999999999593e-01
8.814999999999999503e-01
8.800999999999999934e-01
9.244999999999999885e-01
9.283000000000000140e-01
9.304000000000000048e-01
9.182000000000000162e-01
9.324999999999999956e-01
9.321000000000000396e-01
9.344999999999999973e-01
9.278999999999999471e-01
9.255999999999999783e-01
9.274999999999999911e-01
9.209000000000000519e-01
9.421000000000000485e-01
9.377999999999999670e-01
9.361000000000000432e-01
9.364000000000000101e-01
9.217999999999999527e-01
9.213000000000000078e-01
9.179000000000000492e-01
9.257999999999999563e-01
9.237999999999999545e-01
