2.076588817214966021e+00
8.266452941894530948e-01
6.886851362228393336e-01
6.381403925895691165e-01
5.458381278991699670e-01
5.217416613578796936e-01
4.241883425235748462e-01
4.176677053451537946e-01
4.332312922954559276e-01
3.657961941719055088e-01
3.580527560710907164e-01
3.313958904266357530e-01
3.361439219951629642e-01
2.930884337902068815e-01
2.534095317363739275e-01
2.900006146430968990e-01
2.947736100196838294e-01
3.181284095764160269e-01
3.102155676841735765e-01
2.928772843837738060e-01
3.233713896274566513e-01
3.140979313373565840e-01
2.947899082183838004e-01
2.516598958969116229e-01
2.400747693538665684e-01
2.635931081295013190e-01
2.388982775688171523e-01
3.193233228683471925e-01
2.403210529804229723e-01
2.856122278690338412e-01
2.798542753219604440e-01
2.563090247154236057e-01
2.744477732896805078e-01
2.816935114860534828e-01
2.953023965358734237e-01
2.756206184864044006e-01
3.151324577808380378e-01
3.308579994678497171e-01
3.341606070041656662e-01
3.078378044128418090e-01
3.570946293830871698e-01
3.176491214752197312e-01
3.339032869815826143e-01
3.280894005775451538e-01
3.437112156391143869e-01
3.115442894458770873e-01
3.682408173561096398e-01
3.725163114070892401e-01
2.631294905662536765e-01
2.776158243179321361e-01
2.786621878623962156e-01
3.189688411235809262e-01
3.640455524444580204e-01
2.926087595939635966e-01
2.833174996852874661e-01
2.764109315872192441e-01
2.676363343238830628e-01
2.977406725406646637e-01
3.945559382438659779e-01
3.140604743957519651e-01
3.211782429218292267e-01
3.481632135868072409e-01
3.886912349224090346e-01
3.914642723560333160e-01
3.799558053493499732e-01
3.568053860664367472e-01
3.646408714294433473e-01
3.375684257030486801e-01
3.187699917316436649e-01
3.426132038116455059e-01
2.803619034290313894e-01
2.648560451984405262e-01
3.126335148334503100e-01
3.238949552059173786e-01
3.831440680503845342e-01
4.325372130393981829e-01
3.823077979087829426e-01
4.178962686538696403e-01
6.384052807807922836e-01
4.937029502391815372e-01
3.128417926788329972e-01
2.874919880390167104e-01
2.854585579872131462e-01
3.499410624027252115e-01
2.987287994384765777e-01
2.790724488735198960e-01
2.681095044374465775e-01
3.247486534118652068e-01
3.069083801984787141e-01
2.914206404924392646e-01
4.113599362850189345e-01
2.220851979732513526e-01
2.495248753786087070e-01
2.626881230592727490e-01
2.746891842603683687e-01
3.478716578006744164e-01
3.706676946640014569e-01
3.592826340675354113e-01
3.150647490978241150e-01
3.499222843647002978e-01
