1.844157139396667588e+00
2.910910513877868477e-01
1.728304458856582682e-01
1.295951212286949039e-01
9.919410977363586623e-02
8.531185790300369054e-02
7.222286325693130782e-02
6.451780263781548008e-02
5.848679196834564303e-02
5.403015426993369730e-02
4.822279893159866354e-02
4.436185417771339179e-02
4.142216843366623019e-02
4.024236543178558168e-02
3.938292090296745263e-02
3.722436124086379861e-02
3.549070963859558142e-02
3.596937164664268383e-02
3.291950401663780446e-02
3.162155138850212405e-02
3.030257353484630545e-02
2.965984649062156780e-02
2.981543237864971163e-02
2.790477584302425429e-02
2.750604930520057778e-02
2.884465810358524326e-02
2.716627438962459715e-02
2.444325400590896535e-02
2.504821122288703947e-02
2.343153019547462509e-02
2.531215386390685967e-02
2.481088836193084610e-02
2.511831893026828660e-02
2.435904504656791550e-02
2.473441317379474619e-02
2.296194189190864723e-02
2.278501854240894478e-02
2.131410859227180626e-02
2.185163092017173778e-02
2.094075175523757784e-02
2.276505860686302285e-02
2.211922642886638563e-02
2.139704730510711556e-02
2.106522173285484481e-02
2.111266108453273629e-02
2.047192245125770485e-02
2.017457510828971762e-02
1.926454961299896296e-02
1.970827810466289562e-02
1.977524224519729493e-02
1.901145104467868649e-02
1.899912337660789388e-02
2.066701595187187337e-02
2.021538124084472712e-02
1.839119131863117124e-02
1.907727457284927319e-02
1.911880484521389159e-02
1.998895444571971783e-02
1.782179360687732861e-02
1.893054004311561442e-02
1.886327252089977161e-02
1.843421940803527739e-02
1.997943283915519855e-02
1.942114180326461742e-02
1.848019628226757125e-02
1.791479622423648721e-02
1.848553573191166061e-02
1.837955143451690601e-02
1.788211789131164547e-02
1.853361378312111049e-02
1.829453444182872757e-02
1.777639890909194983e-02
1.868678014874458268e-02
1.825156386196613231e-02
1.799413085579872063e-02
1.825522582530975449e-02
1.883664294779300794e-02
1.843958718478679731e-02
1.836619517207145613e-02
1.717717970609665065e-02
1.841340885460376886e-02
1.869093253016471806e-02
1.817521704733371726e-02
1.739822066426277222e-02
1.853913648128509631e-02
1.766236213147640358e-02
1.902181304395198988e-02
1.719177147150039581e-02
1.715484559535980155e-02
1.750261908471584249e-02
1.824536869227886063e-02
1.767130835056305097e-02
1.726816638112068161e-02
1.789909600019454899e-02
1.763165569305420038e-02
1.662664298117160627e-02
1.917819031178951208e-02
1.678464109301567100e-02
1.642422036230564014e-02
1.743751718103885712e-02
