2.503000000000000225e-01
9.278999999999999471e-01
9.543000000000000371e-01
9.663000000000000478e-01
9.743000000000000549e-01
9.774000000000000465e-01
9.811999999999999611e-01
9.832999999999999519e-01
9.851999999999999647e-01
9.857000000000000206e-01
9.877000000000000224e-01
9.883999999999999453e-01
9.893999999999999462e-01
9.890999999999999792e-01
9.887000000000000233e-01
9.897000000000000242e-01
9.901999999999999691e-01
9.893999999999999462e-01
9.906000000000000361e-01
9.912999999999999590e-01
9.916000000000000369e-01
9.917000000000000259e-01
9.912999999999999590e-01
9.917000000000000259e-01
9.918000000000000149e-01
9.918000000000000149e-01
9.918000000000000149e-01
9.929000000000000048e-01
9.926000000000000378e-01
9.931999999999999718e-01
9.928000000000000158e-01
9.926000000000000378e-01
9.920999999999999819e-01
9.926000000000000378e-01
9.926000000000000378e-01
9.927000000000000268e-01
9.927000000000000268e-01
9.935000000000000497e-01
9.929999999999999938e-01
9.936000000000000387e-01
9.927000000000000268e-01
9.929000000000000048e-01
9.933999999999999497e-01
9.935000000000000497e-01
9.937000000000000277e-01
9.930999999999999828e-01
9.936000000000000387e-01
9.937000000000000277e-01
9.933999999999999497e-01
9.933999999999999497e-01
9.941999999999999726e-01
9.939000000000000057e-01
9.933999999999999497e-01
9.936000000000000387e-01
9.946000000000000396e-01
9.946000000000000396e-01
9.940999999999999837e-01
9.940999999999999837e-01
9.940999999999999837e-01
9.942999999999999616e-01
9.942999999999999616e-01
9.943999999999999506e-01
9.941999999999999726e-01
9.939000000000000057e-01
9.943999999999999506e-01
9.940999999999999837e-01
9.939999999999999947e-01
9.950999999999999845e-01
9.947000000000000286e-01
9.941999999999999726e-01
9.945000000000000506e-01
9.949999999999999956e-01
9.941999999999999726e-01
9.942999999999999616e-01
9.940999999999999837e-01
9.946000000000000396e-01
9.942999999999999616e-01
9.949999999999999956e-01
9.946000000000000396e-01
9.950999999999999845e-01
9.947000000000000286e-01
9.946000000000000396e-01
9.949000000000000066e-01
9.950999999999999845e-01
9.946000000000000396e-01
9.951999999999999735e-01
9.940999999999999837e-01
9.948000000000000176e-01
9.950999999999999845e-01
9.950999999999999845e-01
9.949999999999999956e-01
9.947000000000000286e-01
9.952999999999999625e-01
9.950999999999999845e-01
9.949000000000000066e-01
9.952999999999999625e-01
9.949000000000000066e-01
9.949000000000000066e-01
9.953999999999999515e-01
9.950999999999999845e-01
