1.844157090568542490e+00
2.910910529136657710e-01
1.728304462432861399e-01
1.295951216340064938e-01
9.919410804510116197e-02
8.531186001300811172e-02
7.222286725044251010e-02
6.451780051589012244e-02
5.848679022789001619e-02
5.403015265464782696e-02
4.822279694676399192e-02
4.436185570359230113e-02
4.142216737866401960e-02
4.024236477017402447e-02
3.938292090296745263e-02
3.722436267733574000e-02
3.549071164727211208e-02
3.596937374472618243e-02
3.291950308084488214e-02
3.162155493497848663e-02
3.030257553756237135e-02
2.965984563231468044e-02
2.981543295681476566e-02
2.790477502346038960e-02
2.750604801476001782e-02
2.884465671181678931e-02
2.716627132594585589e-02
2.444325309991836684e-02
2.504820993542671362e-02
2.343152782022953073e-02
2.531215538084507014e-02
2.481088736057281488e-02
2.511831964552402666e-02
2.435904699265956791e-02
2.473441389203071689e-02
2.296193874180316868e-02
2.278502146303653872e-02
2.131410687565803500e-02
2.185163191556930423e-02
2.094074869751930135e-02
2.276505970656871741e-02
2.211922724246978902e-02
2.139704892635345412e-02
2.106522234380245329e-02
2.111266131997108567e-02
2.047192016243934778e-02
2.017457549571990971e-02
1.926454907357692814e-02
1.970827802419662308e-02
1.977524559497833082e-02
1.901145333349704702e-02
1.899912278056144557e-02
2.066701270937919624e-02
2.021537883579730896e-02
1.839119275212287852e-02
1.907727536857128231e-02
1.911880684494972338e-02
1.998895742297172526e-02
1.782179558277130135e-02
1.893054218888282764e-02
1.886327321529388326e-02
1.843422122597694265e-02
1.997943345606327178e-02
1.942114106416702179e-02
1.848019731044769215e-02
1.791479689180850918e-02
1.848553906381130221e-02
1.837954976558685283e-02
1.788211591839790338e-02
1.853361017704010030e-02
1.829453431069850977e-02
1.777639773190021685e-02
1.868677997589111156e-02
1.825156212449073959e-02
1.799412871003151088e-02
1.825522784888744185e-02
1.883664323389530257e-02
1.843958764672279371e-02
1.836619446873664907e-02
1.717718030810356025e-02
1.841341059505939570e-02
1.869093505144119385e-02
1.817521590292453873e-02
1.739821858406066790e-02
1.853913726806640655e-02
1.766235849857330370e-02
1.902181230187416014e-02
1.719177237153053303e-02
1.715484713912010170e-02
1.750262032747268784e-02
1.824536932706832815e-02
1.767130858898162751e-02
1.726816538274288104e-02
1.789909598231315471e-02
1.763165604770183456e-02
1.662664447128772705e-02
1.917818742394447259e-02
1.678464219272136557e-02
1.642422059476375540e-02
1.743751793205738226e-02
