1.693087442016601551e+00
1.705461606216430726e+00
1.553686961555480917e+00
1.147890450096130444e+00
1.087247664260864166e+00
8.223371603965758947e-01
7.762204535484313883e-01
6.222130904197692436e-01
5.785360174655914678e-01
5.104722352027892818e-01
5.663759405136108427e-01
4.949631462574005103e-01
5.196780485153198459e-01
5.418520659923553584e-01
4.025232326030731000e-01
5.124667997360229377e-01
4.230333367824554713e-01
4.378957494735717937e-01
4.719298119544982906e-01
4.342238966464996297e-01
3.736015486001968422e-01
4.074610974311828615e-01
4.331998122215270919e-01
3.842727373123168699e-01
3.512823842763900806e-01
4.136291965007781735e-01
5.425729251384735496e-01
3.421436343669891356e-01
4.792895546913146787e-01
4.448080163955688282e-01
4.159630175352096448e-01
4.864542019844055321e-01
3.848152786731720010e-01
3.544877872467041002e-01
4.761826452732086379e-01
4.767078104019165097e-01
5.655888052463531324e-01
5.311632390022278383e-01
5.346035287857056062e-01
4.688262308597564432e-01
4.812522697925567527e-01
3.078075185298919658e-01
4.949933888912200763e-01
3.643010763168335053e-01
4.094510936498642062e-01
3.828089741468429508e-01
3.405783798694610454e-01
3.835826969623565841e-01
4.263841278076171970e-01
4.402450830936431858e-01
3.524850051641464366e-01
4.520862188816070493e-01
4.190485497951507710e-01
3.738728693246841650e-01
4.113974061012268257e-01
5.800705255985260100e-01
5.319656077861786292e-01
4.981548832416534678e-01
4.306374267101287789e-01
3.784110184669494670e-01
6.697646547794342542e-01
4.718306258678436338e-01
4.699442026615142654e-01
3.804912432670593536e-01
6.445023168087005150e-01
5.310544465065002440e-01
5.742920572757721498e-01
5.405347622871399249e-01
4.230660852909088332e-01
3.681581831932068116e-01
3.761435390233993648e-01
3.918049474000930843e-01
3.883385930061340474e-01
3.522922604560851934e-01
3.820547000646591362e-01
4.764387689590454111e-01
4.394098607540130597e-01
4.523048547744750736e-01
4.375090076446533360e-01
4.859041663646698206e-01
4.519595575332641668e-01
4.276007146835327233e-01
4.087782100439071864e-01
4.505899892330169632e-01
4.723592723369598456e-01
3.366147641420364489e-01
4.437262475967407305e-01
5.021385679244995126e-01
4.544167609691620036e-01
4.148233673334121852e-01
6.278025297641753877e-01
5.136141725063323449e-01
5.283580209732056110e-01
5.942218715190887846e-01
4.790392996311187979e-01
5.173292941570282188e-01
5.217649282932281807e-01
3.139387897491455193e-01
3.789631486892700019e-01
4.417475468158721941e-01
