4.279999999999999916e-01
5.620000000000000551e-01
5.767999999999999794e-01
6.137000000000000233e-01
6.229000000000000092e-01
7.237000000000000099e-01
7.417000000000000259e-01
8.146999999999999797e-01
8.254000000000000226e-01
8.497999999999999998e-01
8.352000000000000535e-01
8.614000000000000545e-01
8.536000000000000254e-01
8.477000000000000091e-01
8.877000000000000446e-01
8.592999999999999527e-01
8.843999999999999639e-01
8.807000000000000384e-01
8.700999999999999845e-01
8.850000000000000089e-01
8.998000000000000442e-01
8.920000000000000151e-01
8.878000000000000336e-01
9.011000000000000121e-01
9.105999999999999650e-01
8.913999999999999702e-01
8.689000000000000057e-01
9.076999999999999513e-01
8.784999999999999476e-01
8.857000000000000428e-01
8.921999999999999931e-01
8.823999999999999622e-01
9.015999999999999570e-01
9.094999999999999751e-01
8.809000000000000163e-01
8.844999999999999529e-01
8.727000000000000313e-01
8.690999999999999837e-01
8.688000000000000167e-01
8.752999999999999670e-01
8.810000000000000053e-01
9.152000000000000135e-01
8.780999999999999917e-01
9.032999999999999918e-01
8.924999999999999600e-01
9.001000000000000112e-01
9.103999999999999870e-01
9.061000000000000165e-01
8.962999999999999856e-01
8.942999999999999838e-01
9.098000000000000531e-01
8.891999999999999904e-01
8.970000000000000195e-01
9.095999999999999641e-01
9.048000000000000487e-01
8.748000000000000220e-01
8.832999999999999741e-01
8.779000000000000137e-01
8.958000000000000407e-01
9.061000000000000165e-01
8.471999999999999531e-01
8.891000000000000014e-01
8.880000000000000115e-01
9.032999999999999918e-01
8.499999999999999778e-01
8.759000000000000119e-01
8.639000000000000012e-01
8.784999999999999476e-01
9.020000000000000240e-01
9.156999999999999584e-01
9.133999999999999897e-01
9.092999999999999972e-01
9.102000000000000091e-01
9.212000000000000188e-01
9.176999999999999602e-01
8.938000000000000389e-01
9.006999999999999451e-01
8.975999999999999535e-01
9.022999999999999909e-01
8.948000000000000398e-01
8.997000000000000552e-01
9.095999999999999641e-01
9.102000000000000091e-01
9.012999999999999901e-01
8.952999999999999847e-01
9.256999999999999673e-01
8.949000000000000288e-01
8.980000000000000204e-01
8.949000000000000288e-01
8.953999999999999737e-01
8.579999999999999849e-01
8.870999999999999996e-01
8.733999999999999542e-01
8.656000000000000361e-01
8.891000000000000014e-01
8.847000000000000419e-01
8.774999999999999467e-01
9.243999999999999995e-01
9.094999999999999751e-01
8.984999999999999654e-01
