2.555000000000000049e-01
6.350000000000000089e-01
6.723999999999999977e-01
6.973000000000000309e-01
7.296000000000000263e-01
7.291999999999999593e-01
7.487000000000000322e-01
7.458000000000000185e-01
7.392999999999999572e-01
7.548000000000000265e-01
7.532999999999999696e-01
7.608000000000000318e-01
7.584999999999999520e-01
7.574999999999999512e-01
7.619000000000000217e-01
7.678000000000000380e-01
7.596000000000000529e-01
7.423999999999999488e-01
7.627000000000000446e-01
7.637000000000000455e-01
7.611999999999999877e-01
7.620999999999999996e-01
7.564999999999999503e-01
7.641999999999999904e-01
7.678000000000000380e-01
7.660000000000000142e-01
7.627000000000000446e-01
7.638000000000000345e-01
7.631999999999999895e-01
7.600999999999999979e-01
7.649000000000000243e-01
7.606000000000000538e-01
7.664999999999999591e-01
7.609000000000000208e-01
7.601999999999999869e-01
7.590999999999999970e-01
7.655999999999999472e-01
7.589000000000000190e-01
7.624999999999999556e-01
7.642999999999999794e-01
7.649000000000000243e-01
7.658000000000000362e-01
7.610999999999999988e-01
7.578000000000000291e-01
7.510000000000000009e-01
7.514999999999999458e-01
7.601999999999999869e-01
7.567000000000000393e-01
7.701000000000000068e-01
7.701000000000000068e-01
7.667000000000000481e-01
7.539000000000000146e-01
7.674999999999999600e-01
7.728000000000000425e-01
7.768000000000000460e-01
7.722999999999999865e-01
7.703999999999999737e-01
7.631999999999999895e-01
7.637000000000000455e-01
7.610999999999999988e-01
7.640000000000000124e-01
7.639000000000000234e-01
7.731000000000000094e-01
7.619000000000000217e-01
7.711000000000000076e-01
7.681000000000000050e-01
7.629000000000000226e-01
7.675999999999999490e-01
7.631000000000000005e-01
7.651000000000000023e-01
7.631999999999999895e-01
7.674999999999999600e-01
7.665999999999999481e-01
7.682999999999999829e-01
7.667000000000000481e-01
7.702999999999999847e-01
7.678000000000000380e-01
7.687000000000000499e-01
7.649000000000000243e-01
7.734999999999999654e-01
7.729000000000000314e-01
7.675999999999999490e-01
7.547000000000000375e-01
7.713999999999999746e-01
7.622999999999999776e-01
7.701000000000000068e-01
7.711999999999999966e-01
7.632999999999999785e-01
7.721000000000000085e-01
7.732999999999999874e-01
7.719000000000000306e-01
7.705999999999999517e-01
7.710000000000000187e-01
7.712999999999999856e-01
7.707000000000000517e-01
7.688000000000000389e-01
7.712999999999999856e-01
7.729000000000000314e-01
7.731999999999999984e-01
7.699000000000000288e-01
