1.844157053947448777e+00
2.910910652160644263e-01
1.728304455280303964e-01
1.295951235175132887e-01
9.919410252571106423e-02
8.531186304092407136e-02
7.222287068367004570e-02
6.451780120134353869e-02
5.848679301142692410e-02
5.403015446066856270e-02
4.822279445528983993e-02
4.436185580492019859e-02
4.142216728925705166e-02
4.024236381649971134e-02
3.938291908502578736e-02
3.722436086535453603e-02
3.549070907831192168e-02
3.596937337517738115e-02
3.291950670480728314e-02
3.162155130505561740e-02
3.030257305800914888e-02
2.965984888076782233e-02
2.981543175578117363e-02
2.790477549433708140e-02
2.750604883432388251e-02
2.884465591013431543e-02
2.716627123653888795e-02
2.444325124323368237e-02
2.504821131825447217e-02
2.343152861297130574e-02
2.531215519905090361e-02
2.481088686287402992e-02
2.511831973493099113e-02
2.435904534459113965e-02
2.473441603481769599e-02
2.296193615496158746e-02
2.278502002358436668e-02
2.131410606801509983e-02
2.185163234174251554e-02
2.094074895381927565e-02
2.276505989730358281e-02
2.211922886073589348e-02
2.139704686999320885e-02
2.106522158384323273e-02
2.111266107559204089e-02
2.047192046344280258e-02
2.017457792162895280e-02
1.926454921364784134e-02
1.970828107595443829e-02
1.977524627149105166e-02
1.901145043075084737e-02
1.899912343025207673e-02
2.066701413691043876e-02
2.021538246273994407e-02
1.839118935763835866e-02
1.907727546393871154e-02
1.911880527734756419e-02
1.998895640969276452e-02
1.782179591357707996e-02
1.893054358661174635e-02
1.886327099502086574e-02
1.843422235250473037e-02
1.997943144738674112e-02
1.942113985717296501e-02
1.848019780814647711e-02
1.791479688286781377e-02
1.848553766310214938e-02
1.837955184876918779e-02
1.788211795985698849e-02
1.853361190259456698e-02
1.829453708827495639e-02
1.777639800310134785e-02
1.868677937984466672e-02
1.825156119763851267e-02
1.799413014650344880e-02
1.825522758364677561e-02
1.883664247095584790e-02
1.843958695232868206e-02
1.836619265675544857e-02
1.717717956900596463e-02
1.841340690851211645e-02
1.869093317389488099e-02
1.817521644830703831e-02
1.739822040200233316e-02
1.853913651704788140e-02
1.766236135959625350e-02
1.902181246280670174e-02
1.719177363514900331e-02
1.715484967529773766e-02
1.750261847376823401e-02
1.824536741971969495e-02
1.767130863666534560e-02
1.726816721260547582e-02
1.789909646511077951e-02
1.763165561854839261e-02
1.662664816975593582e-02
1.917818889319896844e-02
1.678464257419109290e-02
1.642422094345092828e-02
1.743751866817474377e-02
