2.315946574020385729e+00
9.487344584465027264e-01
8.029703544616699773e-01
4.294222950458526644e-01
2.574873085021972541e-01
2.142401989459991329e-01
1.744455518007278494e-01
1.270819884061813454e-01
1.184284380078315796e-01
1.061034803509712243e-01
9.874274542331695770e-02
8.690612204074860125e-02
1.060176035761833252e-01
9.890960494279861515e-02
1.034935701131820679e-01
9.836020473241806339e-02
1.145283234477043194e-01
1.051196294069290105e-01
1.206611471652984657e-01
1.152131006121635409e-01
1.322094767570495544e-01
1.415276986241340573e-01
1.321828457117080746e-01
1.622196906566619745e-01
1.266011440753936901e-01
1.216575182914733932e-01
1.161753748416900628e-01
1.145942750215530465e-01
1.112488375782966638e-01
9.964391220808029026e-02
1.070108031392097425e-01
1.127751226544380231e-01
1.042900701522827128e-01
9.271521278619766770e-02
9.765379469394683265e-02
1.040210404396057081e-01
9.742523804903030493e-02
1.361292012333869816e-01
1.013327440738678031e-01
1.797035781621932893e-01
1.208035642385482805e-01
1.103935755729675283e-01
1.417636327505111815e-01
1.726418028593063314e-01
1.591353249788284296e-01
1.072449680089950508e-01
1.396562958717346148e-01
1.145548359155654922e-01
1.249963246941566408e-01
1.149969818472862254e-01
1.328184749603271431e-01
1.236865631580352787e-01
1.091015691876411481e-01
1.031877771854400605e-01
9.986670866012573033e-02
1.221829709887504584e-01
1.117805518150329636e-01
1.406879285573959248e-01
1.033327561736106931e-01
1.287009863376617491e-01
1.192088728189468344e-01
1.544988912820816074e-01
1.411734533786773715e-01
1.597309613466262879e-01
1.332842264533042886e-01
1.469153223514556850e-01
1.341436082005500741e-01
1.138909570932388343e-01
1.029318571209907468e-01
1.246273688316345274e-01
1.175585223197937040e-01
1.091574272751808100e-01
1.085095658898353604e-01
1.076303955554962222e-01
9.566731845140456769e-02
9.816293742656707899e-02
1.071315343141555770e-01
1.099840767621994009e-01
1.046141364097595283e-01
1.039057296037673994e-01
1.031635263919830348e-01
1.044307536125183150e-01
1.011513638734817533e-01
1.021380049109458926e-01
1.013221588611602775e-01
1.015865569114685063e-01
1.036515814065933211e-01
1.057984483122825642e-01
9.875507868528365929e-02
1.245588655352592444e-01
2.038424817562103364e-01
1.261833737611770534e-01
1.748040004253387514e-01
1.271140612363815259e-01
1.270644341945648126e-01
1.242156609296798664e-01
1.151913092732429478e-01
9.487125818729399973e-02
1.082681128025054923e-01
1.665437678337097216e-01
