1.135000000000000037e-01
6.431000000000000050e-01
7.330999999999999739e-01
8.529999999999999805e-01
9.233000000000000096e-01
9.415999999999999925e-01
9.475999999999999979e-01
9.631999999999999451e-01
9.641999999999999460e-01
9.683000000000000496e-01
9.693000000000000504e-01
9.728999999999999870e-01
9.665000000000000258e-01
9.697000000000000064e-01
9.695000000000000284e-01
9.706000000000000183e-01
9.666000000000000147e-01
9.677000000000000046e-01
9.629999999999999671e-01
9.667999999999999927e-01
9.604000000000000314e-01
9.596000000000000085e-01
9.612000000000000544e-01
9.546000000000000041e-01
9.624000000000000332e-01
9.653000000000000469e-01
9.673000000000000487e-01
9.681999999999999496e-01
9.684000000000000385e-01
9.718999999999999861e-01
9.687999999999999945e-01
9.684000000000000385e-01
9.706000000000000183e-01
9.728999999999999870e-01
9.726000000000000201e-01
9.718999999999999861e-01
9.731999999999999540e-01
9.641999999999999460e-01
9.723000000000000531e-01
9.520999999999999464e-01
9.667999999999999927e-01
9.674000000000000377e-01
9.603000000000000425e-01
9.522000000000000464e-01
9.583000000000000407e-01
9.717000000000000082e-01
9.616000000000000103e-01
9.668999999999999817e-01
9.658999999999999808e-01
9.695000000000000284e-01
9.650999999999999579e-01
9.697999999999999954e-01
9.715000000000000302e-01
9.703000000000000513e-01
9.737999999999999989e-01
9.684000000000000385e-01
9.691999999999999504e-01
9.631999999999999451e-01
9.717000000000000082e-01
9.664000000000000368e-01
9.699999999999999734e-01
9.616999999999999993e-01
9.627000000000000002e-01
9.586999999999999966e-01
9.654000000000000359e-01
9.609999999999999654e-01
9.641999999999999460e-01
9.698999999999999844e-01
9.726000000000000201e-01
9.657999999999999918e-01
9.673000000000000487e-01
9.715000000000000302e-01
9.711999999999999522e-01
9.720999999999999641e-01
9.744000000000000439e-01
9.745000000000000329e-01
9.714000000000000412e-01
9.710999999999999632e-01
9.728999999999999870e-01
9.734000000000000430e-01
9.737000000000000099e-01
9.736000000000000210e-01
9.738999999999999879e-01
9.736000000000000210e-01
9.739999999999999769e-01
9.745000000000000329e-01
9.743000000000000549e-01
9.733000000000000540e-01
9.748999999999999888e-01
9.706000000000000183e-01
9.514000000000000234e-01
9.646000000000000130e-01
9.542000000000000481e-01
9.664000000000000368e-01
9.686000000000000165e-01
9.667999999999999927e-01
9.703000000000000513e-01
9.759999999999999787e-01
9.730999999999999650e-01
9.563000000000000389e-01
