2.294834712600708038e+00
8.911907214164733748e-01
4.792126291275024541e-01
3.831312247753143052e-01
3.501289284229278653e-01
2.942580586433410916e-01
2.773380930900573582e-01
2.169707152366638081e-01
1.364531611204147232e-01
1.911572041988372772e-01
1.305319213509559539e-01
9.770764364004135005e-02
1.905712086677551209e-01
1.485410611748695375e-01
1.120518555521965026e-01
1.282616269946098286e-01
8.275319977998733811e-02
1.065852503299713067e-01
8.893893758058547816e-02
9.361131943464279237e-02
1.295129197120666598e-01
1.188575464844703611e-01
1.201685111522674543e-01
1.299526135921478254e-01
1.032476508378982610e-01
9.793302183151245122e-02
1.815335177183151349e-01
1.056988497018814116e-01
1.444347466230392341e-01
1.178706870317459132e-01
1.639173821926117047e-01
1.003952061533927853e-01
1.358710599422454923e-01
1.369934524536132736e-01
1.122155879020690916e-01
1.171410394430160568e-01
1.251929615736007695e-01
1.483272756576538010e-01
9.655750920772553092e-02
1.060112107992172287e-01
1.036493221759796080e-01
1.148449710249900835e-01
8.103743817806244309e-02
1.387932159900665263e-01
1.239991027593612682e-01
1.001482884645462090e-01
9.938560118675232591e-02
1.668152246713638376e-01
1.540006434202194352e-01
1.153347522020339994e-01
1.300892355203628614e-01
1.189101910591125466e-01
1.194997271060943556e-01
1.162175672054290704e-01
1.394809783935546943e-01
1.319536339759826704e-01
1.576139102220535382e-01
1.322050368547439680e-01
1.362321570873260557e-01
1.253083109617233182e-01
1.279852385044097929e-01
1.612331770181655854e-01
1.434681128740310785e-01
1.190773601770400980e-01
1.211204286098480215e-01
1.103795690894126824e-01
1.160483799815177908e-01
1.247309976816177307e-01
1.423170883178710988e-01
1.232444049596786440e-01
1.383487260580062994e-01
1.296746106266975507e-01
1.293024961590766853e-01
1.190109792947769141e-01
1.026745625495910641e-01
9.709513361454009950e-02
1.279867674350738393e-01
1.052660689711570757e-01
1.489970371961593654e-01
1.612408491373062136e-01
1.440849197864532416e-01
1.747070547103881932e-01
1.512085684299468991e-01
1.543642935514450143e-01
1.410100491762161234e-01
1.588380686044693069e-01
1.467487071275710986e-01
1.093787881135940554e-01
1.168191115140914949e-01
1.120316373825073208e-01
1.105355184078216507e-01
1.086992529392242363e-01
1.254457787513733047e-01
1.262900182962417572e-01
1.203024741172790540e-01
1.185685280084610022e-01
1.124169898033142156e-01
1.183068734169006320e-01
1.225988161563873330e-01
1.308949810028076088e-01
