1.135000000000000037e-01
7.738000000000000433e-01
8.527000000000000135e-01
8.574000000000000510e-01
8.709999999999999964e-01
8.737000000000000322e-01
8.686000000000000387e-01
8.901999999999999913e-01
9.157999999999999474e-01
9.042000000000000037e-01
9.125999999999999668e-01
9.170000000000000373e-01
9.072999999999999954e-01
9.452000000000000401e-01
9.302000000000000268e-01
9.376999999999999780e-01
9.438999999999999613e-01
9.332000000000000295e-01
9.445000000000000062e-01
9.525000000000000133e-01
9.504000000000000226e-01
9.604000000000000314e-01
9.338999999999999524e-01
9.462000000000000410e-01
9.497999999999999776e-01
9.522000000000000464e-01
9.568999999999999728e-01
9.529999999999999583e-01
9.416999999999999815e-01
9.203999999999999959e-01
9.477999999999999758e-01
9.475000000000000089e-01
9.449999999999999512e-01
9.574000000000000288e-01
9.566000000000000059e-01
9.588999999999999746e-01
9.525000000000000133e-01
9.476999999999999869e-01
9.560999999999999499e-01
9.498999999999999666e-01
9.468999999999999639e-01
9.441000000000000503e-01
9.321000000000000396e-01
9.550999999999999490e-01
9.489999999999999547e-01
9.576000000000000068e-01
9.524000000000000243e-01
9.666000000000000147e-01
9.347999999999999643e-01
9.605000000000000204e-01
9.494000000000000217e-01
9.378999999999999559e-01
9.542000000000000481e-01
9.523000000000000353e-01
9.484000000000000208e-01
9.576000000000000068e-01
9.556000000000000050e-01
9.576000000000000068e-01
9.559999999999999609e-01
9.546999999999999931e-01
9.436999999999999833e-01
9.580999999999999517e-01
9.560999999999999499e-01
9.495999999999999996e-01
9.492000000000000437e-01
9.555000000000000160e-01
9.588999999999999746e-01
9.604000000000000314e-01
9.583000000000000407e-01
9.609999999999999654e-01
9.627000000000000002e-01
9.568999999999999728e-01
9.575000000000000178e-01
9.614000000000000323e-01
9.626000000000000112e-01
9.600999999999999535e-01
9.473000000000000309e-01
9.550999999999999490e-01
9.389999999999999458e-01
9.331000000000000405e-01
9.648999999999999799e-01
9.549999999999999600e-01
9.517999999999999794e-01
9.599999999999999645e-01
9.546999999999999931e-01
9.485000000000000098e-01
9.533000000000000362e-01
9.548999999999999710e-01
9.432000000000000384e-01
9.574000000000000288e-01
9.525000000000000133e-01
8.834999999999999520e-01
9.425999999999999934e-01
9.596999999999999975e-01
9.375000000000000000e-01
9.518999999999999684e-01
9.540999999999999481e-01
9.633000000000000451e-01
9.664000000000000368e-01
9.637000000000000011e-01
