2.308001095199585073e+00
7.988722841262817509e-01
5.347483086585999024e-01
4.760514801502228055e-01
3.746131556034087984e-01
3.508207117080688331e-01
3.953270958900451659e-01
3.096579386711120763e-01
2.926443342447280771e-01
2.885067104339599786e-01
2.793913099288940494e-01
2.851032018661499023e-01
2.982863449573516790e-01
1.999169422149658093e-01
2.505160496473312626e-01
2.134764337778091436e-01
1.995502015113830574e-01
2.321768617868423534e-01
1.933368479967117193e-01
1.737366499662399422e-01
1.676993265032768188e-01
1.429349947571754431e-01
2.340493600368499794e-01
1.861201760530471760e-01
1.818438843488693335e-01
1.849847408890724076e-01
1.608729075312614332e-01
1.813471987128257856e-01
2.255257980585098354e-01
3.075708956718444798e-01
2.002108064651489383e-01
2.043303266763687176e-01
2.071013849258422912e-01
1.688606100797653276e-01
1.705937826037406957e-01
1.634168543338775648e-01
1.734056852459907594e-01
2.097017271995544330e-01
1.722392524361610333e-01
1.930474825501442004e-01
1.881012211799621692e-01
2.042832646846771127e-01
2.637103517770767458e-01
1.706965474724769505e-01
1.980327257871627722e-01
1.625716841936111490e-01
1.815672269225120650e-01
1.274750182211399074e-01
2.468990117788314731e-01
1.546177013516426002e-01
2.003351732730865586e-01
2.269698441743850659e-01
1.825497063875198278e-01
1.907570223927497755e-01
2.149543087244033812e-01
1.734471034049987759e-01
1.888974039077758738e-01
1.696747987866401575e-01
1.833563863754272549e-01
1.889519841909408637e-01
2.343480098962783809e-01
1.685619095921516430e-01
2.003915914058685410e-01
2.155206468343734694e-01
2.234844059228897062e-01
1.878758058309555057e-01
1.792472127676009996e-01
1.705437711238861065e-01
1.809518050193786587e-01
1.726415916681289797e-01
1.692207581758499169e-01
1.952349951267242367e-01
1.926826496124267596e-01
1.813503925800323546e-01
1.720385297298431260e-01
1.805871419191360516e-01
2.511333600044250436e-01
1.750657613992691042e-01
2.534013844251632452e-01
2.610578510999679303e-01
1.408888003349304252e-01
1.974178689241409268e-01
1.950494534254074153e-01
1.632766279697418221e-01
2.075969584941864121e-01
2.173964698314666821e-01
2.052512149572372491e-01
2.022780328631401114e-01
2.460700495004654043e-01
1.635847697257995503e-01
1.970606604814529317e-01
7.932405109405518129e-01
2.325556049823760962e-01
1.573608126044273303e-01
2.773147036314010383e-01
1.986891918897628895e-01
1.774248908758163379e-01
1.412105086922645636e-01
1.326997169256210196e-01
1.436654492616653567e-01
