2.283307139968872246e+00
7.180669806480407535e-01
5.428286612510681008e-01
4.457973224639892318e-01
4.002225392341614008e-01
3.637412967205047587e-01
3.913291178226471212e-01
3.479863837242126445e-01
3.018679979324340734e-01
2.173024734735488905e-01
1.409168072462081978e-01
1.705400353670120106e-01
1.481241295337676900e-01
1.335032984137534962e-01
1.180591129422187829e-01
1.387986145734786958e-01
1.491948571443557636e-01
1.279589978933334260e-01
1.233931142210960424e-01
1.499787060976028319e-01
1.600146765470504828e-01
1.445958971142768945e-01
1.641522449016571128e-01
1.743356404781341573e-01
1.931768511295318680e-01
1.528215209841728150e-01
1.616550193309783945e-01
1.848826520919799876e-01
1.541826308250427158e-01
1.452546467185020507e-01
1.610327974796295081e-01
1.536345913171768274e-01
1.411665765762329106e-01
1.365088957190513652e-01
1.317976303815841799e-01
1.473883451342582751e-01
1.503156425595283396e-01
1.313680549621581983e-01
1.656520732402801399e-01
1.923897906780242806e-01
1.687534883975982669e-01
1.393658917427063049e-01
1.422928258657455425e-01
1.368319671034813056e-01
1.537542832612991406e-01
1.449826139092445509e-01
1.278756235837936461e-01
1.613036613106727524e-01
1.825256490707397594e-01
1.190145157396793330e-01
1.755744944572448785e-01
1.837635441541671799e-01
1.421695168852806224e-01
1.206108318090438891e-01
1.213804422974586461e-01
1.228767434835433964e-01
1.333673239946365219e-01
1.284379606962204046e-01
1.533222668647766240e-01
1.457842451810836826e-01
1.696824487686157124e-01
1.443747233390808016e-01
1.269862737298011746e-01
1.200075402379035955e-01
1.523114706993103085e-01
1.561019969224929915e-01
1.405349250197410471e-01
1.081304353237152044e-01
1.188715909957885758e-01
1.476032711744308390e-01
1.571761807441711400e-01
1.479061734795570349e-01
2.260772067070007385e-01
2.231129760026931697e-01
2.551605469942093141e-01
1.857751333236694335e-01
1.461043120026588316e-01
1.499646310806274363e-01
1.163028295755386410e-01
1.318006276369094731e-01
1.257585462570190438e-01
1.337707663536071845e-01
1.302743472099304189e-01
2.108833760261535628e-01
1.341618233680725025e-01
1.466827706336975012e-01
1.528478585243225052e-01
1.686011014938354480e-01
1.399867529392242460e-01
1.348531804800033596e-01
1.564227367401123114e-01
1.356078222870826799e-01
1.310256462097167951e-01
1.275668141126632682e-01
1.352497962951660082e-01
1.372243076324462796e-01
1.431445032238960191e-01
1.325122000217437701e-01
1.484047026157379046e-01
1.798216334104537906e-01
