2.300461399459838852e+00
5.499568754196166864e-01
1.568318562507629299e-01
9.787484384775162194e-02
7.060703152418136563e-02
5.428433122634887531e-02
4.631233348846435643e-02
3.942916648983955247e-02
3.507128862142562531e-02
3.132900862693786814e-02
2.787932603359222564e-02
2.705896832346916039e-02
2.674827244579791943e-02
2.433775653839111500e-02
2.491038915216922667e-02
2.256774692535400487e-02
2.096079210638999990e-02
2.066492204070091362e-02
1.973878291845321611e-02
1.909910232722759199e-02
1.922942149043083138e-02
1.974539881050586809e-02
1.876906346678733697e-02
1.982685482800006921e-02
1.887579915821552268e-02
1.660976915061473935e-02
1.734754957258701283e-02
1.717832266986370204e-02
1.688281998932361638e-02
1.516042677611112617e-02
1.656883261501788940e-02
1.602674113214016052e-02
1.564562012553214962e-02
1.739296352565288667e-02
1.742784078419208627e-02
1.603201192319393328e-02
1.884700492024421817e-02
1.662921370267867946e-02
1.650675753355026337e-02
1.711737568974494930e-02
1.701820052266121014e-02
1.586313721984624822e-02
1.589509028941392746e-02
1.778231582641601541e-02
1.741291164159774682e-02
1.544290048480033949e-02
1.632002463936805745e-02
1.540821627676487032e-02
1.558696236014366077e-02
1.635762913525104501e-02
1.732129837274551387e-02
1.663915218412876165e-02
1.798678033649921473e-02
1.628213029801845596e-02
1.564136610627174517e-02
1.692321276962756998e-02
1.690916858613491017e-02
1.809353578984737240e-02
1.663373832404613575e-02
1.588550710380077363e-02
1.599374088943004632e-02
1.656216623187065085e-02
1.593496729731559702e-02
1.638906943202018615e-02
1.447293899953365319e-02
1.745633906722068862e-02
1.618887625038623740e-02
1.592937476933002638e-02
1.602993186116218396e-02
1.476243763864040423e-02
1.704973754882812415e-02
1.567225313484668647e-02
1.566022522151470225e-02
1.612565838992595715e-02
1.472642621695995253e-02
1.617215118408203006e-02
1.566250393241644043e-02
1.573190547823906035e-02
1.656676953136920760e-02
1.691176339983940097e-02
1.787621250748634358e-02
1.562188036441802992e-02
1.589757445156574078e-02
1.582871892750263229e-02
1.568013786077499319e-02
1.735211187005043093e-02
1.625855546593666170e-02
1.604602195322513483e-02
1.784969831407070065e-02
1.655390235781669522e-02
1.794649387300014526e-02
1.642785319983959200e-02
1.659582944512367347e-02
1.768228637576103185e-02
1.738682239949703237e-02
1.637589673995971593e-02
1.684167668223381098e-02
1.692318901121616509e-02
1.676819629371166173e-02
1.668457522988319244e-02
