1.135000000000000037e-01
7.843999999999999861e-01
8.669999999999999929e-01
8.812999999999999723e-01
8.891000000000000014e-01
9.004999999999999671e-01
8.985999999999999543e-01
9.432000000000000384e-01
9.374000000000000110e-01
9.446999999999999842e-01
9.576000000000000068e-01
9.618999999999999773e-01
9.677999999999999936e-01
9.530999999999999472e-01
9.573000000000000398e-01
9.594000000000000306e-01
9.596000000000000085e-01
9.658999999999999808e-01
9.600999999999999535e-01
9.685000000000000275e-01
9.707000000000000073e-01
9.650999999999999579e-01
9.686000000000000165e-01
9.696000000000000174e-01
9.678999999999999826e-01
9.698999999999999844e-01
9.680999999999999606e-01
9.684000000000000385e-01
9.651999999999999469e-01
9.705000000000000293e-01
9.705000000000000293e-01
9.691999999999999504e-01
9.636000000000000121e-01
9.596000000000000085e-01
9.481000000000000538e-01
9.612000000000000544e-01
9.648999999999999799e-01
9.637999999999999901e-01
9.582000000000000517e-01
9.538999999999999702e-01
9.613000000000000433e-01
9.658999999999999808e-01
9.635000000000000231e-01
9.677999999999999936e-01
9.618999999999999773e-01
9.713000000000000522e-01
9.703000000000000513e-01
9.635000000000000231e-01
9.616999999999999993e-01
9.566999999999999948e-01
9.515000000000000124e-01
9.596999999999999975e-01
9.666000000000000147e-01
9.678999999999999826e-01
9.697999999999999954e-01
9.726000000000000201e-01
9.705000000000000293e-01
9.710999999999999632e-01
9.700999999999999623e-01
9.713000000000000522e-01
9.726000000000000201e-01
9.706000000000000183e-01
9.696000000000000174e-01
9.693000000000000504e-01
9.641999999999999460e-01
9.710999999999999632e-01
9.690999999999999615e-01
9.716000000000000192e-01
9.736000000000000210e-01
9.709999999999999742e-01
9.667999999999999927e-01
9.600999999999999535e-01
9.564000000000000279e-01
9.638999999999999790e-01
9.731999999999999540e-01
9.664000000000000368e-01
9.638999999999999790e-01
9.462000000000000410e-01
9.395000000000000018e-01
9.658999999999999808e-01
9.660999999999999588e-01
9.506999999999999895e-01
9.584000000000000297e-01
9.584000000000000297e-01
9.577999999999999847e-01
9.627999999999999892e-01
9.627000000000000002e-01
9.657000000000000028e-01
9.616000000000000103e-01
9.680999999999999606e-01
9.687999999999999945e-01
9.690999999999999615e-01
9.667000000000000037e-01
9.596000000000000085e-01
9.622000000000000552e-01
9.599999999999999645e-01
9.676000000000000156e-01
9.690999999999999615e-01
9.673000000000000487e-01
9.623000000000000442e-01
