2.292167667770385719e+00
1.038257521438598729e+00
9.273552224159240520e-01
7.612945518493652308e-01
6.216329344749450536e-01
5.176976194381713858e-01
4.377554990291595560e-01
3.717122488021850635e-01
3.683443096160888830e-01
3.337069163799286087e-01
3.346268300056457479e-01
2.691043523788452241e-01
3.620350796699524087e-01
2.459423130512237432e-01
1.864278014898300140e-01
1.724534930229187080e-01
1.689584093093872141e-01
1.575973024368286235e-01
1.797051907300949158e-01
1.550097240686416633e-01
1.257624885797500591e-01
1.707584790945053110e-01
1.443305034637451245e-01
1.435990042686462465e-01
1.451480066537857161e-01
1.389130001306533857e-01
1.556460125923156690e-01
1.522523101806640689e-01
1.211829577922821088e-01
1.265950803279876635e-01
1.283380097508430573e-01
1.504869228601455611e-01
1.389288295745849666e-01
1.573813513755798477e-01
2.169349100589752222e-01
3.833515108585357489e-01
2.716575099468231391e-01
1.610738058805465667e-01
2.043237146615982103e-01
1.911953102111816349e-01
2.280837502956390428e-01
1.434987497329711925e-01
1.547086187362670950e-01
1.506069167375564677e-01
1.716464573621749867e-01
1.748273469686508208e-01
1.834467535018921014e-01
1.934880856990814080e-01
2.019044580698013402e-01
1.652744666814804086e-01
1.592883981943130356e-01
1.763621459722518880e-01
1.505101413965225232e-01
1.491423173904418975e-01
1.583010914802551183e-01
1.825787630796432415e-01
1.756530225753784313e-01
2.062323754072189208e-01
1.556499894380569404e-01
1.572470156669616703e-01
1.422946987628936899e-01
1.535425127983093274e-01
1.360479688405990539e-01
1.646801113128662231e-01
1.419597540855407625e-01
1.604670565128326343e-01
1.451287405729293767e-01
1.581848278045654421e-01
2.288485622882842907e-01
1.952826777458190888e-01
2.191029642105102593e-01
1.612420941352844250e-01
2.011607461452484258e-01
1.481830929994583101e-01
1.334950230598449805e-01
1.709772386789321919e-01
1.598446542263030901e-01
1.591284992933273412e-01
1.725166971445083741e-01
1.506852397203445326e-01
1.808640363454818711e-01
1.508800720453262467e-01
1.188968215942382833e-01
1.242103058576583818e-01
1.287268904209137033e-01
1.269115900754928528e-01
1.614972144842147794e-01
1.632939186096191431e-01
1.409581811428070042e-01
1.728776843547820963e-01
1.570090394735336181e-01
1.370351399660110492e-01
1.452659897089004504e-01
1.369458189487457178e-01
1.394442046403884805e-01
1.457660660743713421e-01
1.407336475133895981e-01
1.401055404424667306e-01
1.432615523815155001e-01
1.526004064559936535e-01
