2.300461423873901179e+00
5.499568861961364741e-01
1.568318608283996718e-01
9.787484883069992592e-02
7.060703363418578682e-02
5.428433084487915145e-02
4.631233682036400151e-02
3.942916552424430982e-02
3.507129129171371318e-02
3.132900385856628167e-02
2.787932564616203354e-02
2.705896789133548780e-02
2.674826813042163742e-02
2.433775965869426627e-02
2.491038829386234277e-02
2.256774711608886680e-02
2.096079291999339983e-02
2.066492079198360352e-02
1.973878421187400672e-02
1.909910080134868612e-02
1.922941906452178829e-02
1.974539783596992656e-02
1.876906528472900224e-02
1.982685358822345797e-02
1.887579918503761237e-02
1.660977008044719691e-02
1.734755072295665612e-02
1.717832118272781539e-02
1.688281759321689710e-02
1.516042765676975206e-02
1.656883335113525438e-02
1.602673822641372675e-02
1.564561752378940476e-02
1.739296741187572326e-02
1.742783929705619961e-02
1.603201211690902586e-02
1.884700574278831350e-02
1.662921309173107098e-02
1.650675664544105567e-02
1.711737530529499132e-02
1.701820285320282053e-02
1.586313865482807256e-02
1.589508843272924299e-02
1.778231530785560552e-02
1.741291124224662867e-02
1.544289752840995872e-02
1.632002629339695046e-02
1.540821781158447333e-02
1.558696299791336067e-02
1.635762856304645574e-02
1.732129976451396783e-02
1.663915358781814513e-02
1.798677889108657793e-02
1.628213035762310010e-02
1.564136501550674602e-02
1.692321112155914173e-02
1.690916805565357076e-02
1.809353033304214597e-02
1.663373976051807368e-02
1.588550911247730082e-02
1.599373998641967845e-02
1.656216556727886299e-02
1.593497000336646999e-02
1.638906949758529505e-02
1.447293876111507491e-02
1.745634068250656243e-02
1.618887600600719609e-02
1.592937598228454446e-02
1.602992787361144991e-02
1.476243258118629421e-02
1.704973501563072230e-02
1.567225258648395625e-02
1.566022486090659985e-02
1.612565540969371908e-02
1.472643151283264083e-02
1.617215178906917725e-02
1.566250507682561896e-02
1.573190596699714644e-02
1.656677128970622873e-02
1.691176465451717237e-02
1.787621105313301137e-02
1.562188154458999702e-02
1.589757722616195676e-02
1.582871594429016010e-02
1.568013600111007808e-02
1.735211072564124893e-02
1.625855847299098947e-02
1.604602462947368746e-02
1.784969807565212410e-02
1.655390113294124763e-02
1.794649418890476369e-02
1.642785469591617753e-02
1.659582883715629564e-02
1.768228579163551306e-02
1.738682194352150073e-02
1.637589690685272228e-02
1.684167228341102579e-02
1.692319473922252598e-02
1.676819234788417753e-02
1.668457144796848396e-02
