1.028000000000000025e-01
6.631000000000000227e-01
6.892000000000000348e-01
8.093000000000000194e-01
8.440999999999999615e-01
8.535000000000000364e-01
8.578999999999999959e-01
8.715000000000000524e-01
8.725000000000000533e-01
8.779000000000000137e-01
8.915999999999999481e-01
9.216999999999999638e-01
8.891999999999999904e-01
9.310000000000000497e-01
9.452000000000000401e-01
9.495000000000000107e-01
9.523000000000000353e-01
9.532000000000000473e-01
9.466999999999999860e-01
9.542000000000000481e-01
9.649999999999999689e-01
9.492000000000000437e-01
9.602000000000000535e-01
9.589999999999999636e-01
9.588999999999999746e-01
9.589999999999999636e-01
9.553000000000000380e-01
9.575000000000000178e-01
9.650999999999999579e-01
9.654000000000000359e-01
9.654000000000000359e-01
9.585000000000000187e-01
9.613000000000000433e-01
9.562000000000000499e-01
9.402000000000000357e-01
9.029000000000000359e-01
9.234999999999999876e-01
9.535000000000000142e-01
9.452000000000000401e-01
9.475000000000000089e-01
9.358999999999999542e-01
9.579999999999999627e-01
9.568999999999999728e-01
9.555000000000000160e-01
9.524000000000000243e-01
9.514000000000000234e-01
9.502000000000000446e-01
9.472000000000000419e-01
9.457999999999999741e-01
9.562000000000000499e-01
9.564000000000000279e-01
9.539999999999999591e-01
9.568999999999999728e-01
9.572000000000000508e-01
9.556000000000000050e-01
9.496999999999999886e-01
9.509999999999999565e-01
9.471000000000000529e-01
9.586999999999999966e-01
9.583000000000000407e-01
9.609999999999999654e-01
9.603000000000000425e-01
9.634000000000000341e-01
9.562000000000000499e-01
9.615000000000000213e-01
9.585000000000000187e-01
9.615000000000000213e-01
9.596999999999999975e-01
9.426999999999999824e-01
9.442000000000000393e-01
9.382000000000000339e-01
9.540999999999999481e-01
9.473000000000000309e-01
9.608999999999999764e-01
9.620999999999999552e-01
9.527999999999999803e-01
9.565000000000000169e-01
9.530999999999999472e-01
9.528999999999999693e-01
9.590999999999999526e-01
9.544000000000000261e-01
9.596000000000000085e-01
9.690999999999999615e-01
9.677000000000000046e-01
9.661999999999999478e-01
9.669999999999999707e-01
9.596999999999999975e-01
9.582000000000000517e-01
9.641999999999999460e-01
9.578999999999999737e-01
9.622000000000000552e-01
9.656000000000000139e-01
9.626000000000000112e-01
9.661999999999999478e-01
9.656000000000000139e-01
9.641999999999999460e-01
9.647999999999999909e-01
9.660999999999999588e-01
9.658999999999999808e-01
9.633000000000000451e-01
