1.135000000000000037e-01
4.580000000000000182e-01
6.726999999999999647e-01
7.234000000000000430e-01
7.744999999999999662e-01
7.635999999999999455e-01
7.947999999999999510e-01
8.128999999999999559e-01
8.106999999999999762e-01
8.458999999999999853e-01
8.174000000000000155e-01
8.242000000000000437e-01
8.440999999999999615e-01
8.338999999999999746e-01
8.418999999999999817e-01
8.532999999999999474e-01
8.552999999999999492e-01
8.700999999999999845e-01
8.544000000000000483e-01
8.577000000000000179e-01
8.484000000000000430e-01
8.718000000000000194e-01
8.547000000000000153e-01
8.762999999999999678e-01
8.588999999999999968e-01
8.808000000000000274e-01
8.789000000000000146e-01
8.798000000000000265e-01
8.760000000000000009e-01
8.656000000000000361e-01
8.787000000000000366e-01
8.456000000000000183e-01
8.753999999999999559e-01
8.624000000000000554e-01
8.467999999999999972e-01
8.752999999999999670e-01
8.655000000000000471e-01
8.838000000000000300e-01
8.691999999999999726e-01
8.909000000000000252e-01
8.477000000000000091e-01
8.550999999999999712e-01
8.549999999999999822e-01
8.528000000000000025e-01
8.316000000000000059e-01
8.530999999999999694e-01
8.716000000000000414e-01
8.666000000000000369e-01
8.810999999999999943e-01
8.903999999999999693e-01
8.864999999999999547e-01
8.731999999999999762e-01
8.810000000000000053e-01
8.790000000000000036e-01
8.764999999999999458e-01
8.915999999999999481e-01
8.898000000000000353e-01
8.914999999999999591e-01
8.870999999999999996e-01
8.768000000000000238e-01
8.819000000000000172e-01
8.830000000000000071e-01
8.840000000000000080e-01
8.833999999999999631e-01
8.873999999999999666e-01
8.659000000000000030e-01
8.769000000000000128e-01
8.741999999999999771e-01
8.586000000000000298e-01
8.678000000000000158e-01
8.661999999999999700e-01
8.501999999999999558e-01
8.598000000000000087e-01
8.837000000000000410e-01
8.653999999999999471e-01
8.797000000000000375e-01
8.786000000000000476e-01
8.822999999999999732e-01
8.784999999999999476e-01
8.830999999999999961e-01
8.854999999999999538e-01
8.897000000000000464e-01
8.847000000000000419e-01
8.641999999999999682e-01
8.827000000000000401e-01
8.861999999999999877e-01
8.866000000000000547e-01
8.913999999999999702e-01
8.917000000000000481e-01
8.923999999999999710e-01
8.903999999999999693e-01
8.931999999999999940e-01
8.929000000000000270e-01
8.929000000000000270e-01
8.918000000000000371e-01
8.889000000000000234e-01
8.901999999999999913e-01
8.884999999999999565e-01
8.848000000000000309e-01
8.875999999999999446e-01
