1.135000000000000037e-01
7.841000000000000192e-01
8.488999999999999879e-01
8.749000000000000110e-01
8.772999999999999687e-01
8.729999999999999982e-01
8.752999999999999670e-01
8.718000000000000194e-01
8.688000000000000167e-01
8.778000000000000247e-01
8.813999999999999613e-01
8.797000000000000375e-01
8.745000000000000551e-01
8.780999999999999917e-01
8.772999999999999687e-01
8.794999999999999485e-01
8.739999999999999991e-01
8.830000000000000071e-01
8.832999999999999741e-01
8.799000000000000155e-01
8.812999999999999723e-01
8.820000000000000062e-01
8.813999999999999613e-01
8.812999999999999723e-01
8.584000000000000519e-01
8.690999999999999837e-01
8.764999999999999458e-01
8.655000000000000471e-01
8.758000000000000229e-01
8.800999999999999934e-01
8.811999999999999833e-01
8.811999999999999833e-01
8.800999999999999934e-01
8.762999999999999678e-01
8.689000000000000057e-01
8.817000000000000393e-01
8.761999999999999789e-01
8.828000000000000291e-01
8.840999999999999970e-01
8.802999999999999714e-01
8.834999999999999520e-01
8.844999999999999529e-01
8.831999999999999851e-01
8.822999999999999732e-01
8.834999999999999520e-01
8.838000000000000300e-01
8.821999999999999842e-01
8.820999999999999952e-01
8.810999999999999943e-01
8.821999999999999842e-01
8.838000000000000300e-01
8.863999999999999657e-01
8.810000000000000053e-01
8.772999999999999687e-01
8.810000000000000053e-01
8.710999999999999854e-01
8.728000000000000203e-01
8.385000000000000231e-01
8.735000000000000542e-01
8.784999999999999476e-01
8.796000000000000485e-01
8.842999999999999750e-01
8.854999999999999538e-01
8.850000000000000089e-01
8.830000000000000071e-01
8.801999999999999824e-01
8.862999999999999767e-01
8.836000000000000520e-01
8.840999999999999970e-01
8.832999999999999741e-01
8.840000000000000080e-01
8.827000000000000401e-01
8.829000000000000181e-01
8.841999999999999860e-01
8.851999999999999869e-01
8.840000000000000080e-01
8.833999999999999631e-01
8.838000000000000300e-01
8.846000000000000529e-01
8.857000000000000428e-01
8.851999999999999869e-01
8.847000000000000419e-01
8.869000000000000217e-01
8.866000000000000547e-01
8.860000000000000098e-01
8.861999999999999877e-01
8.854999999999999538e-01
8.849000000000000199e-01
8.853999999999999648e-01
8.856000000000000538e-01
8.860999999999999988e-01
8.843999999999999639e-01
8.807000000000000384e-01
8.804999999999999494e-01
8.827000000000000401e-01
8.846000000000000529e-01
8.688000000000000167e-01
8.796000000000000485e-01
8.589999999999999858e-01
8.729999999999999982e-01
