2.316322386169433756e+00
8.106279357910156635e-01
6.715287467956543299e-01
4.120520881652832146e-01
3.462068360328674488e-01
3.087949409961700531e-01
2.502080977678298734e-01
3.270995731830597109e-01
1.750084592580795351e-01
1.673996035099029611e-01
2.231844927072524909e-01
1.682277252912521281e-01
1.793568423151969959e-01
1.617084997415542680e-01
1.865100850582122882e-01
1.210390902519226097e-01
1.551018302440643204e-01
1.060613089263439113e-01
1.752312440037727403e-01
1.274628432989120541e-01
1.205810536742210337e-01
1.138888541698455797e-01
1.120060129046440145e-01
1.279515825986862199e-01
1.184301262557506534e-01
1.231864524483680667e-01
1.041165590167045657e-01
1.116435438394546564e-01
1.253091687917709252e-01
1.351880011081695587e-01
1.719835989475250182e-01
1.963795963287353619e-01
1.713859502315521199e-01
1.377992448687553328e-01
1.362506505966186443e-01
1.440304023861884997e-01
1.229152531147003208e-01
1.311898841738700916e-01
1.548714165568351731e-01
1.244567741334438316e-01
1.359113334655761840e-01
1.411341005802154436e-01
1.514023720741271839e-01
1.410201954960823012e-01
1.250305199861526384e-01
1.255364382624626074e-01
1.206100626945495607e-01
1.301632209300994936e-01
1.283666098594665461e-01
1.411477647900581389e-01
1.293910585761070264e-01
1.249062511622905797e-01
1.361170304536819531e-01
1.160927765846252457e-01
1.172079097688198124e-01
1.335588633179664586e-01
1.285165534496307271e-01
1.295699533402919768e-01
1.240283697843551636e-01
1.214586275279521954e-01
1.202441007554531094e-01
1.266792695403099189e-01
1.022301665484905281e-01
1.669227294445037868e-01
1.469554436087608384e-01
1.547618555307388177e-01
1.769359168052673237e-01
1.633621320962905799e-01
1.953471434116363648e-01
1.588052629947662442e-01
2.261223775625228749e-01
1.535711038231849790e-01
1.573933258414268455e-01
1.241626203179359428e-01
2.224477193593978885e-01
1.320397089242935085e-01
1.232985635519027734e-01
1.157810587167739935e-01
1.137931431531906123e-01
1.434083730101585463e-01
1.480535365819931060e-01
1.510399563550949009e-01
1.360382045507431137e-01
1.340436678886413602e-01
1.280124675273895396e-01
1.250764784812927188e-01
1.512382084131240756e-01
1.593901951670646799e-01
1.558209448754787341e-01
1.537716616272926384e-01
1.893286413908004673e-01
1.737550276756286705e-01
1.488024652123451363e-01
1.351815671324729795e-01
1.470256688714027538e-01
1.561506692409515284e-01
1.423566838741302520e-01
1.380267386674881025e-01
1.374013384461403031e-01
1.491064010500907921e-01
