1.135000000000000037e-01
9.716000000000000192e-01
9.866000000000000325e-01
9.889000000000000012e-01
9.912999999999999590e-01
9.920999999999999819e-01
9.930999999999999828e-01
9.922999999999999599e-01
9.933999999999999497e-01
9.939000000000000057e-01
9.945000000000000506e-01
9.941999999999999726e-01
9.941999999999999726e-01
9.945000000000000506e-01
9.937000000000000277e-01
9.949999999999999956e-01
9.950999999999999845e-01
9.942999999999999616e-01
9.956000000000000405e-01
9.950999999999999845e-01
9.949000000000000066e-01
9.947000000000000286e-01
9.948000000000000176e-01
9.946000000000000396e-01
9.948000000000000176e-01
9.949000000000000066e-01
9.953999999999999515e-01
9.951999999999999735e-01
9.957000000000000295e-01
9.957000000000000295e-01
9.957000000000000295e-01
9.953999999999999515e-01
9.956000000000000405e-01
9.952999999999999625e-01
9.948000000000000176e-01
9.951999999999999735e-01
9.945000000000000506e-01
9.959999999999999964e-01
9.957000000000000295e-01
9.958000000000000185e-01
9.953999999999999515e-01
9.950999999999999845e-01
9.957000000000000295e-01
9.943999999999999506e-01
9.950999999999999845e-01
9.959000000000000075e-01
9.950999999999999845e-01
9.952999999999999625e-01
9.953999999999999515e-01
9.956000000000000405e-01
9.953999999999999515e-01
9.951999999999999735e-01
9.947000000000000286e-01
9.948000000000000176e-01
9.959000000000000075e-01
9.959000000000000075e-01
9.951999999999999735e-01
9.950999999999999845e-01
9.948000000000000176e-01
9.959000000000000075e-01
9.959999999999999964e-01
9.952999999999999625e-01
9.955000000000000515e-01
9.952999999999999625e-01
9.959000000000000075e-01
9.949000000000000066e-01
9.952999999999999625e-01
9.959000000000000075e-01
9.955000000000000515e-01
9.958000000000000185e-01
9.958000000000000185e-01
9.953999999999999515e-01
9.949999999999999956e-01
9.955000000000000515e-01
9.958000000000000185e-01
9.953999999999999515e-01
9.955000000000000515e-01
9.956000000000000405e-01
9.955000000000000515e-01
9.952999999999999625e-01
9.951999999999999735e-01
9.958000000000000185e-01
9.957000000000000295e-01
9.959000000000000075e-01
9.952999999999999625e-01
9.952999999999999625e-01
9.956000000000000405e-01
9.959000000000000075e-01
9.955000000000000515e-01
9.952999999999999625e-01
9.958000000000000185e-01
9.953999999999999515e-01
9.957000000000000295e-01
9.956000000000000405e-01
9.955000000000000515e-01
9.956000000000000405e-01
9.956000000000000405e-01
9.956000000000000405e-01
9.957000000000000295e-01
9.955000000000000515e-01
