1.028000000000000025e-01
8.852999999999999758e-01
9.599999999999999645e-01
9.737000000000000099e-01
9.678999999999999826e-01
9.720999999999999641e-01
9.795000000000000373e-01
9.764000000000000457e-01
9.715000000000000302e-01
9.745000000000000329e-01
9.797000000000000153e-01
9.801999999999999602e-01
9.758000000000000007e-01
9.622000000000000552e-01
9.769999999999999796e-01
9.760999999999999677e-01
9.804000000000000492e-01
9.767000000000000126e-01
9.776000000000000245e-01
9.795000000000000373e-01
9.816000000000000281e-01
9.775000000000000355e-01
9.768999999999999906e-01
9.633000000000000451e-01
9.596000000000000085e-01
9.741999999999999549e-01
9.768999999999999906e-01
9.746000000000000218e-01
9.756000000000000227e-01
9.840999999999999748e-01
9.814000000000000501e-01
9.798000000000000043e-01
9.798999999999999932e-01
9.792999999999999483e-01
9.798000000000000043e-01
9.818000000000000060e-01
9.826000000000000290e-01
9.802999999999999492e-01
9.824000000000000510e-01
9.826000000000000290e-01
9.826000000000000290e-01
9.838999999999999968e-01
9.829999999999999849e-01
9.821999999999999620e-01
9.821999999999999620e-01
9.826000000000000290e-01
9.816000000000000281e-01
9.824000000000000510e-01
9.824000000000000510e-01
9.807000000000000162e-01
9.758000000000000007e-01
9.804000000000000492e-01
9.825000000000000400e-01
9.795000000000000373e-01
9.814000000000000501e-01
9.808000000000000052e-01
9.805000000000000382e-01
9.811999999999999611e-01
9.819999999999999840e-01
9.816000000000000281e-01
9.804000000000000492e-01
9.821999999999999620e-01
9.701999999999999513e-01
9.709999999999999742e-01
9.765000000000000346e-01
9.435000000000000053e-01
9.667000000000000037e-01
9.725000000000000311e-01
9.829999999999999849e-01
9.774000000000000465e-01
9.781999999999999584e-01
9.775000000000000355e-01
9.814000000000000501e-01
9.799999999999999822e-01
9.822999999999999510e-01
9.808000000000000052e-01
9.802999999999999492e-01
9.831999999999999629e-01
9.808999999999999941e-01
9.824000000000000510e-01
9.805000000000000382e-01
9.794000000000000483e-01
9.730999999999999650e-01
9.784000000000000474e-01
9.798000000000000043e-01
9.808000000000000052e-01
9.755000000000000338e-01
9.835000000000000409e-01
9.834000000000000519e-01
9.838000000000000078e-01
9.840999999999999748e-01
9.836000000000000298e-01
9.831999999999999629e-01
9.831999999999999629e-01
9.832999999999999519e-01
9.839999999999999858e-01
9.832999999999999519e-01
9.834000000000000519e-01
9.837000000000000188e-01
9.820999999999999730e-01
