2.298424174499511530e+00
5.619198211669922394e-01
2.074345041751861629e-01
1.178675822138786355e-01
1.163966338872909484e-01
1.017790837168693480e-01
7.628383375406265487e-02
8.216681322455406111e-02
9.888114179372788082e-02
8.620106577873229425e-02
7.258410885334014295e-02
6.682994313240050999e-02
8.357168194055557275e-02
1.244889699935913113e-01
7.681983275413513390e-02
7.996053720116615138e-02
6.872186084985733301e-02
7.917000703811645501e-02
7.700256679058074816e-02
7.109813452363014652e-02
6.262986624240875211e-02
7.870543701648712032e-02
7.859153011441230574e-02
1.270051722288131624e-01
1.445723895549774207e-01
9.112589939832686781e-02
7.424407371878624651e-02
8.583448671102524019e-02
8.962733008861541173e-02
5.907618830204010296e-02
6.584929983019828514e-02
7.197605637907981968e-02
6.972076226472855021e-02
7.233231390714645048e-02
7.222374232411384043e-02
6.359065095782280574e-02
6.384636481404304398e-02
7.696988441348075194e-02
6.937651638984680680e-02
6.711143997907638437e-02
6.484782266616821722e-02
6.073136878013610934e-02
6.229942252635956024e-02
6.375050697922707288e-02
6.614507081508635977e-02
6.195245754718780445e-02
6.916438018679618716e-02
6.722725445628166541e-02
6.607326519489288563e-02
7.045487703084946096e-02
9.128871896266936570e-02
7.834178400039672197e-02
6.911845239996909640e-02
7.957454428672790236e-02
7.619458113908768315e-02
7.474910507202148224e-02
8.017305392026900790e-02
7.629440330862999331e-02
7.321229187250137549e-02
7.474676388502120294e-02
7.603396588563919589e-02
7.440578752756119019e-02
1.206826137542724581e-01
1.072138587236404483e-01
8.860812141895293981e-02
2.230480939865112366e-01
1.262885852575302004e-01
1.004377485036850037e-01
6.257809955477713904e-02
8.289358812570571389e-02
8.756462021470069745e-02
8.614031597375869376e-02
6.913841691017151569e-02
7.865226212739943878e-02
6.405652918815613051e-02
8.012591864466667158e-02
7.499732446670531738e-02
7.087698054313659735e-02
8.460474466085433909e-02
7.153093688488006141e-02
7.878062092661856919e-02
7.419289772510528902e-02
1.057601491212844802e-01
8.427710338830947390e-02
7.768630805015563912e-02
8.083486580848693592e-02
9.985215772390365618e-02
6.454532803893089921e-02
6.727781570553779955e-02
6.613650352358818596e-02
6.549984347820282660e-02
6.440181807279586612e-02
6.642348709106445093e-02
6.814489167332649089e-02
6.965828416347503993e-02
6.734692487120629012e-02
6.819645559191703232e-02
6.925198383927345935e-02
6.895917615294457070e-02
7.498577350974082456e-02
