9.819999999999999563e-02
4.751000000000000223e-01
5.611000000000000432e-01
6.240999999999999881e-01
6.552000000000000046e-01
6.733999999999999986e-01
6.703999999999999959e-01
7.054000000000000270e-01
7.244000000000000439e-01
7.458000000000000185e-01
7.456000000000000405e-01
7.493999999999999551e-01
7.581999999999999851e-01
7.765999999999999570e-01
7.512999999999999678e-01
7.723999999999999755e-01
7.719000000000000306e-01
7.468000000000000194e-01
7.744999999999999662e-01
7.528000000000000247e-01
7.851000000000000201e-01
7.781000000000000139e-01
7.914999999999999813e-01
8.054000000000000048e-01
8.087999999999999634e-01
7.872000000000000108e-01
8.040000000000000480e-01
8.030000000000000471e-01
7.949000000000000510e-01
7.935999999999999721e-01
8.107999999999999652e-01
7.960000000000000409e-01
8.151000000000000467e-01
8.051000000000000378e-01
8.053000000000000158e-01
7.997999999999999554e-01
7.917999999999999483e-01
7.933000000000000052e-01
7.935999999999999721e-01
8.063000000000000167e-01
8.065999999999999837e-01
7.955999999999999739e-01
8.112000000000000322e-01
7.712999999999999856e-01
8.045999999999999819e-01
7.887999999999999456e-01
8.038999999999999480e-01
7.912000000000000144e-01
7.876999999999999558e-01
7.860000000000000320e-01
7.897999999999999465e-01
7.946999999999999620e-01
8.031000000000000361e-01
8.015999999999999792e-01
7.929000000000000492e-01
8.024999999999999911e-01
7.960000000000000409e-01
7.897999999999999465e-01
7.722999999999999865e-01
8.085999999999999854e-01
7.956999999999999629e-01
7.942000000000000171e-01
7.794999999999999707e-01
8.067999999999999616e-01
8.096999999999999753e-01
8.044000000000000039e-01
8.044999999999999929e-01
8.074000000000000066e-01
7.897999999999999465e-01
7.786999999999999478e-01
7.886999999999999567e-01
7.979000000000000536e-01
7.886999999999999567e-01
8.036999999999999700e-01
8.006999999999999673e-01
8.035999999999999810e-01
8.038999999999999480e-01
8.024000000000000021e-01
8.063000000000000167e-01
8.067999999999999616e-01
8.095999999999999863e-01
8.087999999999999634e-01
8.094000000000000083e-01
8.117999999999999661e-01
8.061000000000000387e-01
8.064999999999999947e-01
8.086999999999999744e-01
8.113000000000000211e-01
8.125000000000000000e-01
8.105999999999999872e-01
8.077999999999999625e-01
8.105999999999999872e-01
8.082000000000000295e-01
8.093000000000000194e-01
8.120000000000000551e-01
8.010000000000000453e-01
8.115999999999999881e-01
8.004000000000000004e-01
8.074999999999999956e-01
7.911000000000000254e-01
