1.135000000000000037e-01
6.320999999999999952e-01
6.824999999999999956e-01
6.942000000000000393e-01
7.006999999999999895e-01
7.249999999999999778e-01
7.296000000000000263e-01
7.425000000000000488e-01
7.776999999999999469e-01
7.591999999999999860e-01
7.783999999999999808e-01
7.762000000000000011e-01
7.870000000000000329e-01
7.854999999999999760e-01
8.014000000000000012e-01
8.022000000000000242e-01
8.086999999999999744e-01
8.189999999999999503e-01
8.145999999999999908e-01
8.248999999999999666e-01
8.055999999999999828e-01
8.034000000000000030e-01
8.082000000000000295e-01
8.234000000000000208e-01
8.116999999999999771e-01
8.161000000000000476e-01
7.762999999999999901e-01
8.036999999999999700e-01
8.244000000000000217e-01
8.480999999999999650e-01
8.484000000000000430e-01
8.348999999999999755e-01
8.407999999999999918e-01
8.486000000000000210e-01
8.310999999999999499e-01
8.323000000000000398e-01
8.562999999999999501e-01
8.290999999999999481e-01
8.377999999999999892e-01
8.211000000000000520e-01
8.582999999999999519e-01
8.498999999999999888e-01
8.484000000000000430e-01
8.530999999999999694e-01
8.643999999999999462e-01
8.697000000000000286e-01
8.689000000000000057e-01
8.678000000000000158e-01
8.797000000000000375e-01
8.530999999999999694e-01
8.658000000000000140e-01
8.753999999999999559e-01
8.663999999999999480e-01
8.699000000000000066e-01
8.317999999999999838e-01
8.629000000000000004e-01
8.122000000000000330e-01
8.179999999999999494e-01
8.776000000000000467e-01
8.539999999999999813e-01
8.521999999999999575e-01
8.401999999999999469e-01
8.633999999999999453e-01
8.614000000000000545e-01
8.708000000000000185e-01
8.624000000000000554e-01
8.739999999999999991e-01
8.782999999999999696e-01
8.658000000000000140e-01
8.649000000000000021e-01
8.458999999999999853e-01
8.636000000000000343e-01
8.388999999999999790e-01
8.287999999999999812e-01
8.516000000000000236e-01
8.380999999999999561e-01
8.586000000000000298e-01
8.631999999999999673e-01
8.657000000000000250e-01
8.577000000000000179e-01
8.595000000000000417e-01
8.632999999999999563e-01
8.691999999999999726e-01
8.746000000000000441e-01
8.760000000000000009e-01
8.776000000000000467e-01
8.662999999999999590e-01
8.673999999999999488e-01
8.691999999999999726e-01
8.691999999999999726e-01
8.655000000000000471e-01
8.675000000000000488e-01
8.700999999999999845e-01
8.715000000000000524e-01
8.770999999999999908e-01
8.746000000000000441e-01
8.758000000000000229e-01
8.729999999999999982e-01
8.680999999999999828e-01
8.475000000000000311e-01
