2.335852061843872285e+00
1.214785519409179670e+00
1.193066710662841867e+00
1.221881222343444762e+00
1.122433676910400413e+00
9.358513061523437981e-01
9.657993980407715284e-01
1.021616682910919227e+00
8.310267994880676801e-01
8.626640576362609725e-01
8.099394358634949276e-01
8.236758121490478368e-01
6.957413563728332973e-01
7.759690856933594283e-01
6.882733656883239792e-01
6.689430293083190593e-01
6.949480913162231488e-01
6.982621601104735953e-01
6.649946850776672358e-01
6.604869766235351713e-01
7.657336138725280295e-01
6.774362143516540202e-01
7.481966115951538265e-01
6.792642498016356889e-01
6.950415305137633837e-01
7.364839169502258587e-01
9.051616693496704613e-01
7.598510871887207418e-01
6.542604567527771087e-01
5.649429470062256042e-01
5.557167191505432147e-01
6.212602069854736841e-01
5.626472207069397324e-01
5.576717377662658848e-01
6.550229191780090332e-01
6.559561116218567411e-01
5.719413006782532172e-01
7.276729010581970414e-01
6.395467561721801530e-01
7.678076068878173510e-01
5.553163047790526941e-01
6.433294670104980906e-01
6.283645071983336994e-01
6.068321725845337022e-01
5.383060839653015517e-01
5.155317633628845320e-01
5.590535859107971239e-01
5.379804154396057303e-01
4.680088600158691658e-01
6.601431803703308177e-01
5.760072774887085023e-01
5.007156698226928881e-01
5.865861419677734778e-01
5.235907678604125870e-01
7.621472587585449432e-01
5.412692644119262431e-01
7.956437359809875876e-01
7.513577075004577166e-01
4.180611308097839096e-01
5.568209996223449920e-01
5.494023887634277292e-01
6.025180191040039324e-01
5.390304931640624853e-01
5.512323109626769968e-01
4.921381976127624513e-01
5.593794811248778975e-01
5.276017167091369142e-01
5.044992136955260831e-01
5.924346307754516650e-01
5.484651219367980834e-01
6.444780024528503626e-01
5.506936096191406005e-01
8.311382982254028606e-01
7.277946363449097067e-01
5.926585744857788551e-01
6.947964553833008150e-01
5.973756346702575604e-01
5.670510395050049057e-01
5.511922802925109943e-01
5.855381889343261870e-01
5.905663523674010706e-01
5.745045144081115662e-01
5.499340292930603447e-01
5.209522393226623249e-01
5.136641563415527134e-01
5.272073451042175174e-01
5.845872249603271120e-01
5.828275602340697858e-01
5.587610489845276085e-01
5.564017612457274886e-01
5.893483692169189103e-01
5.732902384757995184e-01
5.784515784263610794e-01
5.706672773361206596e-01
5.388035363197326566e-01
5.411858323097229473e-01
5.394501302719115765e-01
5.533441017150878549e-01
5.723726512908935415e-01
7.517584760665894095e-01
