2.300461380767822472e+00
5.499568632125854117e-01
1.568318524360656774e-01
9.787484748363495246e-02
7.060703477859496535e-02
5.428433140516281119e-02
4.631233548521995758e-02
3.942916801571846180e-02
3.507128920555114410e-02
3.132900699973106134e-02
2.787932573556900148e-02
2.705896555185317853e-02
2.674827018976211682e-02
2.433775764405727432e-02
2.491039049625396601e-02
2.256774811744689802e-02
2.096079064309596882e-02
2.066492207944393283e-02
1.973878445923328562e-02
1.909910007417202002e-02
1.922942030429839952e-02
1.974539797306060912e-02
1.876906471848487773e-02
1.982685284614562823e-02
1.887579795718193065e-02
1.660977053642272855e-02
1.734754943549633027e-02
1.717832337915897387e-02
1.688281976282596589e-02
1.516042564213275837e-02
1.656883344352245296e-02
1.602673892974853381e-02
1.564561955034732971e-02
1.739296278655529104e-02
1.742784174382686763e-02
1.603201238512992968e-02
1.884700568020343872e-02
1.662921434640884238e-02
1.650675766468048117e-02
1.711737247109413121e-02
1.701820240020751954e-02
1.586313694417476605e-02
1.589508975148200970e-02
1.778231323957443072e-02
1.741291260123252818e-02
1.544289840310811984e-02
1.632002723067998984e-02
1.540821503698825909e-02
1.558696392476558758e-02
1.635762788653373837e-02
1.732130008041858626e-02
1.663915406167507105e-02
1.798678030967712504e-02
1.628213092088699396e-02
1.564136639833450457e-02
1.692321228682994866e-02
1.690917059779167148e-02
1.809353113770485050e-02
1.663373718559741851e-02
1.588550911843776559e-02
1.599374198913574088e-02
1.656216802299022642e-02
1.593497171103954238e-02
1.638907013833522733e-02
1.447293992340564772e-02
1.745633936822414342e-02
1.618887499868869664e-02
1.592937443852424778e-02
1.602992970347404469e-02
1.476243308186530982e-02
1.704973620176315416e-02
1.567225351631641381e-02
1.566022499203682111e-02
1.612565576136112261e-02
1.472642954885959587e-02
1.617214719355106189e-02
1.566250095218419888e-02
1.573190748989582166e-02
1.656676909327507025e-02
1.691176654994487605e-02
1.787621003091335176e-02
1.562188411355018569e-02
1.589757781624794031e-02
1.582871590256691025e-02
1.568013777732849001e-02
1.735211519300937713e-02
1.625855508148670026e-02
1.604602451622486048e-02
1.784969845116138321e-02
1.655389867126941597e-02
1.794649382531643064e-02
1.642785808145999851e-02
1.659583048522472390e-02
1.768228846192360093e-02
1.738682081103324825e-02
1.637589731514453931e-02
1.684167615771293633e-02
1.692319097220897767e-02
1.676819265186786645e-02
1.668457580208778518e-02
