1.135000000000000037e-01
8.127999999999999670e-01
8.709999999999999964e-01
8.830000000000000071e-01
8.771999999999999797e-01
8.806000000000000494e-01
8.851999999999999869e-01
8.838000000000000300e-01
8.877000000000000446e-01
8.870000000000000107e-01
8.875999999999999446e-01
8.988000000000000433e-01
8.979000000000000314e-01
8.903999999999999693e-01
9.019000000000000350e-01
8.978000000000000425e-01
8.980000000000000204e-01
9.123999999999999888e-01
8.992999999999999883e-01
8.826000000000000512e-01
9.207999999999999519e-01
9.491000000000000547e-01
9.324000000000000066e-01
9.419999999999999485e-01
9.518999999999999684e-01
9.493000000000000327e-01
9.398999999999999577e-01
9.439999999999999503e-01
9.517999999999999794e-01
9.395999999999999908e-01
9.499999999999999556e-01
9.587999999999999856e-01
9.569999999999999618e-01
9.687999999999999945e-01
9.475999999999999979e-01
9.616999999999999993e-01
9.587999999999999856e-01
9.633000000000000451e-01
9.505000000000000115e-01
9.515000000000000124e-01
9.312000000000000277e-01
9.336999999999999744e-01
9.366999999999999771e-01
9.513000000000000345e-01
9.550999999999999490e-01
9.429999999999999494e-01
9.562000000000000499e-01
9.483000000000000318e-01
9.703000000000000513e-01
9.650999999999999579e-01
9.603000000000000425e-01
9.593000000000000416e-01
9.532000000000000473e-01
9.597999999999999865e-01
9.566000000000000059e-01
9.627999999999999892e-01
9.594000000000000306e-01
9.606000000000000094e-01
9.637999999999999901e-01
9.625000000000000222e-01
9.597999999999999865e-01
9.603000000000000425e-01
9.616000000000000103e-01
9.626000000000000112e-01
9.669999999999999707e-01
9.688999999999999835e-01
9.664000000000000368e-01
9.665000000000000258e-01
9.663000000000000478e-01
9.657999999999999918e-01
9.321000000000000396e-01
9.527999999999999803e-01
9.590999999999999526e-01
9.617999999999999883e-01
9.607999999999999874e-01
9.524000000000000243e-01
9.306999999999999718e-01
9.433000000000000274e-01
9.666000000000000147e-01
9.618999999999999773e-01
9.370000000000000551e-01
9.426999999999999824e-01
9.462000000000000410e-01
9.475000000000000089e-01
9.550999999999999490e-01
9.429999999999999494e-01
9.304999999999999938e-01
9.376999999999999780e-01
9.582000000000000517e-01
9.422000000000000375e-01
9.627000000000000002e-01
9.522000000000000464e-01
9.558999999999999719e-01
9.629999999999999671e-01
9.574000000000000288e-01
9.577999999999999847e-01
9.586000000000000076e-01
9.614000000000000323e-01
9.548999999999999710e-01
9.573000000000000398e-01
