1.135000000000000037e-01
7.201999999999999513e-01
8.166999999999999815e-01
8.713999999999999524e-01
8.662999999999999590e-01
9.187999999999999501e-01
9.427999999999999714e-01
9.451000000000000512e-01
9.595000000000000195e-01
9.659999999999999698e-01
9.704000000000000403e-01
9.690999999999999615e-01
9.724000000000000421e-01
9.596999999999999975e-01
9.600999999999999535e-01
9.518999999999999684e-01
9.577999999999999847e-01
9.594000000000000306e-01
9.455000000000000071e-01
9.595000000000000195e-01
9.602000000000000535e-01
9.628999999999999782e-01
9.737000000000000099e-01
9.761999999999999567e-01
9.751999999999999558e-01
9.731999999999999540e-01
9.728999999999999870e-01
9.697000000000000064e-01
9.677999999999999936e-01
9.720999999999999641e-01
9.761999999999999567e-01
9.697000000000000064e-01
9.729999999999999760e-01
9.656000000000000139e-01
9.717999999999999972e-01
9.596000000000000085e-01
9.628999999999999782e-01
9.595000000000000195e-01
9.667000000000000037e-01
9.623000000000000442e-01
9.696000000000000174e-01
9.465000000000000080e-01
9.523000000000000353e-01
9.588999999999999746e-01
9.705000000000000293e-01
9.476999999999999869e-01
9.689999999999999725e-01
9.626000000000000112e-01
9.647000000000000020e-01
9.595000000000000195e-01
9.737999999999999989e-01
9.699999999999999734e-01
9.737000000000000099e-01
9.569999999999999618e-01
9.646000000000000130e-01
9.656000000000000139e-01
9.675000000000000266e-01
9.675000000000000266e-01
9.659999999999999698e-01
9.633000000000000451e-01
9.644000000000000350e-01
9.612000000000000544e-01
9.707999999999999963e-01
9.707999999999999963e-01
9.735000000000000320e-01
9.723000000000000531e-01
9.735000000000000320e-01
9.739999999999999769e-01
9.747999999999999998e-01
9.749999999999999778e-01
9.754000000000000448e-01
9.756000000000000227e-01
9.756000000000000227e-01
9.731999999999999540e-01
9.750999999999999668e-01
9.738999999999999879e-01
9.744000000000000439e-01
9.750999999999999668e-01
9.757000000000000117e-01
9.728999999999999870e-01
9.772999999999999465e-01
9.770999999999999686e-01
9.745000000000000329e-01
9.748999999999999888e-01
9.739999999999999769e-01
9.745000000000000329e-01
9.758999999999999897e-01
9.759999999999999787e-01
9.762999999999999456e-01
9.758000000000000007e-01
9.731999999999999540e-01
9.606999999999999984e-01
9.517999999999999794e-01
9.607999999999999874e-01
9.691999999999999504e-01
9.718999999999999861e-01
9.677000000000000046e-01
9.746000000000000218e-01
9.740999999999999659e-01
9.777000000000000135e-01
