2.297230312728881785e+00
9.892447587966919365e-01
7.078635449409484970e-01
7.412711596488952281e-01
5.128470374584197522e-01
4.979650582313537854e-01
5.086140803337096949e-01
4.578382407665252951e-01
4.846056035995483513e-01
4.386178498268127335e-01
4.411645293712616045e-01
4.320022065639496089e-01
4.373062129497528039e-01
5.006126582145691284e-01
4.266319752693176204e-01
4.439646596908569109e-01
4.570747280120849854e-01
4.502413522720337125e-01
4.402619746208191187e-01
4.132182914733886769e-01
4.560543038845062402e-01
4.531622457027435491e-01
4.444577882766723720e-01
4.156518604278564566e-01
4.020930786609649421e-01
3.776717413425445535e-01
3.964765034675598043e-01
3.616530449390411572e-01
3.630055913448334004e-01
3.555965119838714328e-01
3.457546479225158675e-01
3.997738199234008860e-01
3.206935659885406520e-01
3.368270910739898927e-01
3.161902757167815992e-01
2.908593865871429429e-01
2.871733229160308709e-01
2.785857878208160554e-01
3.988449549674987771e-01
3.456120219230651713e-01
4.429770623207092139e-01
3.543205581665039294e-01
3.354301249027252241e-01
3.162318806171417473e-01
3.226874115467071591e-01
3.498894676685333494e-01
3.020632941246032543e-01
3.496503971099853558e-01
2.754312649726867734e-01
2.817838721752166653e-01
3.161727455615997440e-01
2.660838183403015367e-01
2.642291131496429246e-01
2.835362770080566142e-01
2.693526460170745929e-01
2.728852335929870532e-01
2.739917884826660321e-01
2.901068510055542227e-01
2.839459312438964989e-01
2.762678213119506565e-01
2.715492377281188974e-01
2.781786811828613204e-01
2.697132496833801185e-01
2.568181423187255730e-01
2.396103757858276395e-01
2.254167128324508773e-01
2.289436871767044079e-01
2.904076119899750008e-01
2.654955039978027509e-01
2.512666572570800838e-01
2.470567799568176293e-01
2.474086571216583263e-01
2.498655088901519661e-01
2.464282938003539980e-01
2.532298634052276842e-01
2.488459308624267619e-01
2.963124168872833253e-01
2.747127845764160137e-01
3.097695274353027273e-01
2.433835484027862539e-01
2.396782555103302015e-01
2.810203095436096254e-01
3.768259517669677594e-01
4.921170564651489165e-01
3.147656609058380184e-01
3.663294854640960496e-01
3.449807398319244545e-01
3.590878995895385728e-01
3.170828623771667631e-01
3.260285869598388842e-01
3.167662626266479764e-01
3.104914974212646395e-01
2.648688360691070498e-01
2.852784858226776188e-01
2.984821062564849692e-01
2.914062550544738728e-01
2.577792500972747591e-01
2.513370478153229004e-01
2.954972876548767058e-01
3.380920444488525467e-01
