1.135000000000000037e-01
6.823000000000000176e-01
7.735999999999999543e-01
7.963999999999999968e-01
8.726000000000000423e-01
8.677000000000000268e-01
8.622999999999999554e-01
8.750999999999999890e-01
8.722999999999999643e-01
8.754999999999999449e-01
8.767000000000000348e-01
8.766000000000000458e-01
8.790000000000000036e-01
8.741999999999999771e-01
8.810999999999999943e-01
8.680999999999999828e-01
8.781999999999999806e-01
8.797000000000000375e-01
8.818000000000000282e-01
8.846000000000000529e-01
8.774999999999999467e-01
8.728000000000000203e-01
8.759000000000000119e-01
8.751999999999999780e-01
8.806000000000000494e-01
8.852999999999999758e-01
8.878000000000000336e-01
8.937000000000000499e-01
8.953999999999999737e-01
8.982999999999999874e-01
9.035999999999999588e-01
8.933999999999999719e-01
9.105999999999999650e-01
9.065999999999999615e-01
9.183000000000000052e-01
9.240000000000000435e-01
9.244999999999999885e-01
9.276999999999999691e-01
8.960000000000000187e-01
9.056999999999999496e-01
8.870000000000000107e-01
9.058000000000000496e-01
9.083999999999999853e-01
9.155999999999999694e-01
9.150000000000000355e-01
9.089000000000000412e-01
9.205999999999999739e-01
9.133999999999999897e-01
9.264000000000000012e-01
9.263000000000000123e-01
9.175999999999999712e-01
9.288999999999999480e-01
9.315999999999999837e-01
9.268999999999999462e-01
9.314000000000000057e-01
9.304000000000000048e-01
9.314999999999999947e-01
9.294000000000000039e-01
9.307999999999999607e-01
9.312000000000000277e-01
9.333000000000000185e-01
9.338999999999999524e-01
9.347999999999999643e-01
9.366999999999999771e-01
9.391000000000000458e-01
9.434000000000000163e-01
9.424000000000000155e-01
9.316999999999999726e-01
9.344999999999999973e-01
9.365999999999999881e-01
9.381000000000000449e-01
9.375999999999999890e-01
9.385999999999999899e-01
9.388999999999999568e-01
9.385000000000000009e-01
9.394000000000000128e-01
9.257999999999999563e-01
9.304999999999999938e-01
9.230000000000000426e-01
9.423000000000000265e-01
9.363000000000000211e-01
9.341000000000000414e-01
9.151000000000000245e-01
8.877000000000000446e-01
9.242000000000000215e-01
9.132000000000000117e-01
9.101000000000000201e-01
9.163000000000000034e-01
9.201000000000000290e-01
9.207999999999999519e-01
9.255999999999999783e-01
9.291000000000000369e-01
9.379999999999999449e-01
9.338999999999999524e-01
9.334999999999999964e-01
9.324000000000000066e-01
9.401000000000000467e-01
9.401000000000000467e-01
9.311000000000000387e-01
9.196999999999999620e-01
