3.237037605667114182e+00
2.290502685165405339e+00
1.760351074409484795e+00
2.008214559936523536e+00
1.778080219650268523e+00
1.658223019409179599e+00
1.703304204368591313e+00
1.773879064369201730e+00
1.631419861412048311e+00
1.694654107093811035e+00
1.687348190498352052e+00
1.646472866249084399e+00
2.125965911483764792e+00
1.946735982513427832e+00
2.112784746932983460e+00
2.357349868011474392e+00
2.438635287094116144e+00
2.792841954040527153e+00
2.392705026626587017e+00
2.500667008209228381e+00
2.658336223983764679e+00
2.631173788452148443e+00
2.587829513549804616e+00
2.986306758117675653e+00
2.835190756225586028e+00
2.693962470245361285e+00
2.740492234420776274e+00
2.643086983108520638e+00
2.729363321304321133e+00
2.703835625839233536e+00
2.774440869522094566e+00
2.682112537384033324e+00
2.752068233108520445e+00
2.671487356567382676e+00
2.605780749511718675e+00
2.607065867233276268e+00
2.559086648941040210e+00
2.565874021148681461e+00
2.560058004760742190e+00
2.468867034912109570e+00
2.498412657165527406e+00
2.459203158187866389e+00
2.421356161499023329e+00
2.408791749954223516e+00
2.390088285446167138e+00
2.371565672302246242e+00
2.366846625900268730e+00
2.336912021636962766e+00
2.342051102828979658e+00
2.392713430023193144e+00
2.372227515792846742e+00
2.364067543029785057e+00
2.363336633682250998e+00
2.355587565231323399e+00
2.350296404266357442e+00
2.348936737442016476e+00
2.332089210510253974e+00
2.348016523361206254e+00
2.336514046478271656e+00
2.331608906936645464e+00
2.337699664306640557e+00
2.334193700408935701e+00
2.331692070007324258e+00
2.347103479766845524e+00
2.336102616500854712e+00
2.331702880859375160e+00
2.344993555450439526e+00
2.326185913085937695e+00
2.337837570190429481e+00
2.332757299423217745e+00
2.327018725585937364e+00
2.324672107315063574e+00
2.315223493576049840e+00
2.319890551376342813e+00
2.313631031799316506e+00
2.321082617568969830e+00
2.320202234649658024e+00
2.320282653808593665e+00
2.321671738433837895e+00
2.326827568054199435e+00
2.320407031631469774e+00
2.314614473342895717e+00
2.319517226028442458e+00
2.320100412368774290e+00
2.320722837066650612e+00
2.326652603530883656e+00
2.318221962356567190e+00
2.314172468566894736e+00
2.318146444702148479e+00
2.314035099792480565e+00
2.310410658264160144e+00
2.313331997680664109e+00
2.317110423660278418e+00
2.312071361160278116e+00
2.318010286712646639e+00
2.321426901626586936e+00
2.323701303100585758e+00
2.314409957885742219e+00
2.311917293548583885e+00
2.317009378051757995e+00
