1.011999999999999983e-01
2.263000000000000012e-01
2.288000000000000034e-01
3.012000000000000233e-01
3.700999999999999845e-01
3.629000000000000004e-01
4.074999999999999734e-01
3.532000000000000139e-01
4.288000000000000145e-01
4.252000000000000224e-01
4.418000000000000260e-01
3.936999999999999944e-01
4.381999999999999784e-01
4.717000000000000082e-01
4.452999999999999736e-01
4.253000000000000114e-01
4.164999999999999813e-01
4.366999999999999771e-01
4.677000000000000046e-01
4.791000000000000258e-01
4.546999999999999931e-01
4.529000000000000248e-01
4.753000000000000003e-01
4.853000000000000091e-01
4.598999999999999755e-01
4.869999999999999885e-01
4.837000000000000188e-01
4.948000000000000176e-01
4.797000000000000153e-01
5.202999999999999847e-01
5.188000000000000389e-01
5.169000000000000261e-01
5.171000000000000041e-01
5.262999999999999901e-01
5.247000000000000552e-01
5.251000000000000112e-01
5.316999999999999504e-01
5.283999999999999808e-01
5.333999999999999853e-01
5.332000000000000073e-01
5.331000000000000183e-01
5.268000000000000460e-01
5.173999999999999710e-01
5.157000000000000473e-01
4.996999999999999775e-01
5.190000000000000169e-01
5.252000000000000002e-01
5.250000000000000222e-01
5.218000000000000416e-01
5.266999999999999460e-01
5.270000000000000240e-01
5.285999999999999588e-01
5.292999999999999927e-01
5.292999999999999927e-01
5.318000000000000504e-01
5.301000000000000156e-01
5.299000000000000377e-01
5.322000000000000064e-01
5.304999999999999716e-01
5.310000000000000275e-01
5.302999999999999936e-01
5.316999999999999504e-01
5.315999999999999615e-01
5.291000000000000147e-01
5.318000000000000504e-01
5.322999999999999954e-01
5.332999999999999963e-01
5.328000000000000513e-01
5.331000000000000183e-01
5.323999999999999844e-01
5.334999999999999742e-01
5.344999999999999751e-01
5.324999999999999734e-01
5.325999999999999623e-01
5.325999999999999623e-01
5.324999999999999734e-01
5.322000000000000064e-01
5.344999999999999751e-01
5.340000000000000302e-01
5.361000000000000210e-01
5.334999999999999742e-01
5.324999999999999734e-01
5.334999999999999742e-01
5.336999999999999522e-01
5.344999999999999751e-01
5.350000000000000311e-01
5.360000000000000320e-01
5.342000000000000082e-01
5.306999999999999496e-01
5.331000000000000183e-01
5.350000000000000311e-01
5.331000000000000183e-01
5.334999999999999742e-01
5.352999999999999980e-01
5.350000000000000311e-01
5.323999999999999844e-01
5.341000000000000192e-01
5.332000000000000073e-01
5.341000000000000192e-01
5.323999999999999844e-01
