3.790795666122436458e+00
2.555884313964843724e+00
2.036941969680786002e+00
1.949845392227172791e+00
1.909158049964904791e+00
1.747767774963378873e+00
1.821443805694580087e+00
1.822720832252502365e+00
1.745412942504882770e+00
1.760570199584960971e+00
1.686737171554565373e+00
1.650643813323974696e+00
1.667173492050170847e+00
1.675144024085998495e+00
1.771247895622253488e+00
1.712670723152160734e+00
1.844681956481933671e+00
2.041799475479125991e+00
2.086043954467773354e+00
2.133528815841674753e+00
2.582888290405273235e+00
2.352259509658813474e+00
2.616014832305908033e+00
2.601682408905029220e+00
2.555756852722168126e+00
2.992154740524291867e+00
2.891212264633178819e+00
2.821038054275512685e+00
2.836660701370239401e+00
3.145527364730834829e+00
3.167227143478393625e+00
2.949593294906616148e+00
3.148494155883788892e+00
2.750685610198974729e+00
2.901520429992675787e+00
3.148190682983398325e+00
3.188955161666870097e+00
3.131911933135986370e+00
2.988638305664062411e+00
3.110571402740478497e+00
2.954929848098754697e+00
3.186420778274535959e+00
3.030501551818847616e+00
3.253828232192993219e+00
3.063249159240722719e+00
3.414360924530029262e+00
3.042637344360351381e+00
3.088967482376098417e+00
3.109247836685180566e+00
3.265928602600097541e+00
3.069012063980102401e+00
3.019796672058105536e+00
3.007297962188720586e+00
3.007235266113281291e+00
3.004515136337280179e+00
2.984080623626709006e+00
2.980024330520629761e+00
2.978637033081054764e+00
2.971981479644775437e+00
2.958723470687866008e+00
2.963081789016723810e+00
2.976284448623657042e+00
2.965451324081421092e+00
2.957679854965209909e+00
2.962442981719970891e+00
2.943637405776977634e+00
2.963504999923705974e+00
2.993346803665160927e+00
2.966804112625121892e+00
2.965101205062866008e+00
2.950896141815185558e+00
2.967237406921386711e+00
2.953825807952880744e+00
2.962861070251464835e+00
2.960682919692993131e+00
2.965347723007202063e+00
2.953582862854003732e+00
2.960226448440551827e+00
2.964200152969360236e+00
2.960056526947021371e+00
2.950210993576049656e+00
2.957363536834716644e+00
2.941999526977538970e+00
2.958357658386230327e+00
2.949358724594116410e+00
2.946300168228149552e+00
2.959168728637695533e+00
2.943287543869018474e+00
2.958136459350586112e+00
2.957710470581054629e+00
2.956613360214233488e+00
2.952760483551025494e+00
2.954590448379516676e+00
2.952762480163574121e+00
2.941722641372680691e+00
2.951323251342773624e+00
2.960911300659179624e+00
2.954333818054199146e+00
2.938900578689575216e+00
2.949806322860717867e+00
