9.339999999999999691e-02
1.832000000000000017e-01
2.427999999999999881e-01
2.677999999999999825e-01
3.012000000000000233e-01
3.478999999999999870e-01
3.381000000000000116e-01
3.285000000000000142e-01
3.832999999999999741e-01
3.640999999999999792e-01
3.965000000000000191e-01
4.078999999999999848e-01
4.102000000000000091e-01
4.210999999999999743e-01
4.112000000000000099e-01
4.159999999999999809e-01
4.077000000000000068e-01
3.867999999999999772e-01
3.884000000000000230e-01
4.107999999999999985e-01
3.546000000000000263e-01
4.042999999999999927e-01
3.815999999999999948e-01
3.870000000000000107e-01
4.257000000000000228e-01
4.107000000000000095e-01
4.133000000000000007e-01
4.500000000000000111e-01
4.157000000000000139e-01
4.230999999999999761e-01
4.176000000000000267e-01
4.320999999999999841e-01
4.168000000000000038e-01
4.386999999999999789e-01
4.460000000000000075e-01
4.388000000000000234e-01
4.341999999999999749e-01
4.425000000000000044e-01
4.525000000000000133e-01
4.292000000000000259e-01
4.516000000000000014e-01
4.329000000000000070e-01
4.416999999999999815e-01
4.239999999999999880e-01
4.479000000000000203e-01
4.285999999999999810e-01
4.494000000000000217e-01
4.526999999999999913e-01
4.433000000000000274e-01
4.346999999999999753e-01
4.525000000000000133e-01
4.554000000000000270e-01
4.580000000000000182e-01
4.596999999999999975e-01
4.592999999999999861e-01
4.577999999999999847e-01
4.601999999999999980e-01
4.596000000000000085e-01
4.603999999999999759e-01
4.621000000000000107e-01
4.613999999999999768e-01
4.602999999999999869e-01
4.596000000000000085e-01
4.606999999999999984e-01
4.591999999999999971e-01
4.621000000000000107e-01
4.606000000000000094e-01
4.587999999999999856e-01
4.592999999999999861e-01
4.592999999999999861e-01
4.612999999999999878e-01
4.622999999999999887e-01
4.615000000000000213e-01
4.596999999999999975e-01
4.612999999999999878e-01
4.627000000000000002e-01
4.633999999999999786e-01
4.631000000000000116e-01
4.603999999999999759e-01
4.623999999999999777e-01
4.625000000000000222e-01
4.643999999999999795e-01
4.643999999999999795e-01
4.617999999999999883e-01
4.627000000000000002e-01
4.620000000000000218e-01
4.627999999999999892e-01
4.630000000000000226e-01
4.633999999999999786e-01
4.626000000000000112e-01
4.615000000000000213e-01
4.620000000000000218e-01
4.628999999999999782e-01
4.606999999999999984e-01
4.618999999999999773e-01
4.632000000000000006e-01
4.607999999999999874e-01
4.625000000000000222e-01
4.640000000000000235e-01
4.626000000000000112e-01
