1.238261486663818367e+01
1.901887200164794844e+00
2.073357198333740214e+00
1.709457763290405330e+00
1.779572113990783633e+00
1.763088202857971298e+00
1.754089956092834468e+00
1.576270359802246057e+00
1.705746570968627918e+00
1.585391585922241164e+00
1.682695485687255799e+00
1.526734964370727532e+00
1.763901696777343764e+00
1.684474395179748507e+00
1.650179479980468766e+00
1.877008102035522485e+00
2.241226311492920065e+00
1.937818970489501913e+00
2.744147500228881764e+00
3.089104997253417917e+00
2.907585014343261776e+00
2.734458785247802837e+00
2.413820993804931536e+00
2.837014198303222656e+00
2.880258507537841961e+00
2.949077059555053726e+00
3.403627137756347842e+00
2.770969084167480556e+00
3.019193898773193219e+00
2.839144828414916777e+00
3.080459365844726349e+00
3.079906847000121850e+00
3.000679865264892499e+00
2.970519459152221486e+00
2.969680875778198281e+00
3.049889376449585132e+00
3.135352624893188445e+00
2.754218568420410129e+00
2.810705333328247235e+00
2.734817135238647445e+00
2.751310447692870920e+00
2.724077879714965622e+00
2.672723488616943310e+00
2.661288304519653369e+00
2.629070562362671115e+00
2.622017864990234592e+00
2.596536212539672928e+00
2.590080813598632847e+00
2.571336079788208107e+00
2.559744897079467840e+00
2.570482482910156463e+00
2.580041249465942599e+00
2.570789067077636769e+00
2.568682398605346862e+00
2.571808658599853636e+00
2.572771744537353467e+00
2.562666201400756627e+00
2.551225180053711128e+00
2.560062108993530483e+00
2.557337648773193362e+00
2.550525754165649417e+00
2.546683423995971474e+00
2.553514458084106487e+00
2.552176185989379675e+00
2.558004936981201016e+00
2.545255081176757805e+00
2.530523791503906050e+00
2.543973340606689337e+00
2.538412521362304552e+00
2.555321126174926682e+00
2.533310943222045974e+00
2.525660938262939581e+00
2.526658686828613387e+00
2.514466703033447104e+00
2.524120841598510800e+00
2.524580981063842877e+00
2.530793292617798063e+00
2.533134230804443554e+00
2.516417055511474654e+00
2.525305787277221548e+00
2.526695438385009762e+00
2.527750914764404389e+00
2.518556775665283354e+00
2.519874293136596499e+00
2.518520569992065639e+00
2.529581315612793091e+00
2.527589086914062477e+00
2.521547063064575322e+00
2.534407468032836785e+00
2.529895740127563464e+00
2.524519203948974777e+00
2.527272500228881835e+00
2.515097921752929899e+00
2.525798711013794051e+00
2.518149412155151534e+00
2.523276391220092840e+00
2.519079388046264523e+00
2.527285319519042783e+00
2.515424721145629761e+00
2.524461474227905455e+00
