1.428999999999999992e-01
2.987000000000000210e-01
2.499000000000000110e-01
3.639000000000000012e-01
3.361999999999999988e-01
3.464999999999999747e-01
3.553000000000000047e-01
4.136000000000000232e-01
3.839000000000000190e-01
4.376999999999999780e-01
4.017999999999999905e-01
4.521999999999999909e-01
4.198000000000000065e-01
4.339000000000000079e-01
4.616999999999999993e-01
4.561999999999999944e-01
4.294000000000000039e-01
4.718999999999999861e-01
3.957999999999999852e-01
4.129999999999999782e-01
4.045000000000000262e-01
4.304999999999999938e-01
4.732000000000000095e-01
4.571999999999999953e-01
4.737000000000000099e-01
4.777000000000000135e-01
4.868000000000000105e-01
4.747999999999999998e-01
4.980999999999999872e-01
4.904000000000000026e-01
4.737000000000000099e-01
4.923000000000000154e-01
4.761000000000000232e-01
5.002999999999999670e-01
4.903000000000000136e-01
4.797000000000000153e-01
5.003999999999999559e-01
5.020000000000000018e-01
5.042999999999999705e-01
5.083999999999999631e-01
5.112999999999999767e-01
5.140000000000000124e-01
5.180000000000000160e-01
5.195999999999999508e-01
5.190000000000000169e-01
5.217000000000000526e-01
5.189000000000000279e-01
5.197000000000000508e-01
5.211000000000000076e-01
5.201000000000000068e-01
5.201999999999999957e-01
5.229000000000000314e-01
5.225999999999999535e-01
5.223999999999999755e-01
5.221999999999999975e-01
5.235999999999999543e-01
5.212999999999999856e-01
5.221999999999999975e-01
5.221999999999999975e-01
5.220000000000000195e-01
5.231999999999999984e-01
5.222999999999999865e-01
5.219000000000000306e-01
5.220000000000000195e-01
5.221999999999999975e-01
5.233999999999999764e-01
5.212999999999999856e-01
5.243999999999999773e-01
5.238000000000000433e-01
5.247000000000000552e-01
5.229000000000000314e-01
5.231000000000000094e-01
5.223999999999999755e-01
5.215999999999999526e-01
5.237000000000000544e-01
5.228000000000000425e-01
5.230000000000000204e-01
5.237000000000000544e-01
5.221999999999999975e-01
5.224999999999999645e-01
5.229000000000000314e-01
5.211000000000000076e-01
5.212999999999999856e-01
5.211999999999999966e-01
5.215999999999999526e-01
5.238000000000000433e-01
5.233999999999999764e-01
5.242999999999999883e-01
5.228000000000000425e-01
5.221999999999999975e-01
5.240000000000000213e-01
5.231000000000000094e-01
5.230000000000000204e-01
5.221000000000000085e-01
5.229000000000000314e-01
5.233999999999999764e-01
5.238000000000000433e-01
5.221999999999999975e-01
5.231999999999999984e-01
5.248000000000000442e-01
