2.533507139587402257e+00
1.859518079566955473e+00
1.831160288238525391e+00
1.625924228858947718e+00
1.541202079582214335e+00
1.444072700309753321e+00
1.340717314147949146e+00
1.308850423431396459e+00
1.213684653663635205e+00
1.135012589263916016e+00
1.050777621459960898e+00
9.988777288436889723e-01
9.280014324188232688e-01
8.761875420570373052e-01
8.261568628311156681e-01
8.324938385963439602e-01
8.101190250396728132e-01
8.255129758834839349e-01
8.477313137054443004e-01
9.222379642486572271e-01
9.440072835922240779e-01
9.631010894775390296e-01
1.020475610542297407e+00
1.008999127769470316e+00
9.605839752197266046e-01
1.062604018783569249e+00
1.131968184661865218e+00
1.211237435722350986e+00
1.238041992759704613e+00
1.209518008995056126e+00
1.087639195251464796e+00
1.212738151741027837e+00
1.212872176742553654e+00
1.256006445884704670e+00
1.281948615264892677e+00
1.293263157272338759e+00
1.307794166755676279e+00
1.325628128051757892e+00
1.338178855323791439e+00
1.350252281570434532e+00
1.367682027053833016e+00
1.379955015754699810e+00
1.389637295150756735e+00
1.396924942970275918e+00
1.408967535781860292e+00
1.424974730491638253e+00
1.425126617050170852e+00
1.431581600952148481e+00
1.307079355812072796e+00
1.200521355056762607e+00
1.132092285156250044e+00
1.170101593399047957e+00
1.053989084243774466e+00
9.924460895538329552e-01
1.010166485595703101e+00
1.139276524353027398e+00
1.205971721649169881e+00
1.251355125808715885e+00
1.282960096168518138e+00
1.255246715164184623e+00
1.157619080543518031e+00
1.198593749809265141e+00
1.233926699447631892e+00
1.265000637054443322e+00
1.285399076080322223e+00
1.302014790344238282e+00
1.317846712112426655e+00
1.328510664367675842e+00
1.338505401611328027e+00
1.351574384880065871e+00
1.367253524780273510e+00
1.294759317207336391e+00
1.226011827087402306e+00
1.222318020248413184e+00
1.214822623825073222e+00
1.231424280357360734e+00
1.158994635581970245e+00
1.182920705413818441e+00
1.145316334152221671e+00
1.190746983337402254e+00
1.274344784545898390e+00
1.274947976303100639e+00
1.173754808044433551e+00
1.147322208786010656e+00
1.097365962600707956e+00
1.158036925888061619e+00
1.195102543640136794e+00
1.217981067848205479e+00
1.166964016151428307e+00
1.190676591491699243e+00
1.199077662277221679e+00
1.209275043296814012e+00
1.250617356300353977e+00
1.229496373176574675e+00
1.229033046150207475e+00
1.174248892784118592e+00
1.102742664337158285e+00
1.200872598075866771e+00
1.170907241439819391e+00
1.152852534294128484e+00
