8.983542762756346889e+00
2.273768115997314432e+00
2.010036317443847587e+00
1.789259156608581591e+00
1.722178229904174795e+00
1.817866466903686584e+00
1.688070247459411588e+00
1.762242705154418942e+00
1.543468013381958048e+00
1.546253749847412040e+00
1.642953775024414087e+00
1.911665280151367163e+00
1.656985668373107901e+00
1.787008207893371559e+00
1.793453710937499945e+00
2.067104389953613452e+00
2.331152517700195492e+00
2.291416785812377732e+00
2.377256386184692261e+00
2.506803707504272616e+00
2.930409808731079035e+00
2.503401503753662105e+00
2.797772633361816474e+00
2.623556108856201163e+00
3.023389427947998254e+00
2.753073927688598488e+00
2.893796462631225808e+00
2.786040261840820431e+00
2.896873733520507699e+00
2.914007413864135643e+00
2.832066835784912140e+00
2.808535110473632912e+00
2.821417379760742250e+00
2.772746236419677768e+00
2.778152159881591921e+00
2.709757372665405395e+00
2.682975970840454139e+00
2.654512419891357222e+00
2.650479784011841033e+00
2.647105914306640440e+00
2.616661031341552590e+00
2.600922349929809752e+00
2.580502873992919888e+00
2.555021068191528411e+00
2.519835115814208937e+00
2.510360943222045726e+00
2.499721187591552596e+00
2.475058180618286308e+00
2.457104732513427869e+00
2.440493500900268398e+00
2.454533781814575377e+00
2.461070870590210014e+00
2.450783283233642695e+00
2.453501660537719786e+00
2.457233306503296077e+00
2.454451923751831188e+00
2.448162456512451346e+00
2.443857735061645720e+00
2.448418754577636580e+00
2.445976066207885768e+00
2.447577759170532108e+00
2.442654981994628827e+00
2.446306510925293054e+00
2.439765976333618358e+00
2.436869602203369123e+00
2.433942471313476741e+00
2.432854820251464822e+00
2.436361211013793771e+00
2.436640866088866986e+00
2.420693590164184616e+00
2.432944262313842643e+00
2.425588958740234169e+00
2.424510149383544810e+00
2.420920185852050821e+00
2.420829134750366318e+00
2.417525157546997150e+00
2.427626450729370333e+00
2.431001054000854644e+00
2.419799335479736246e+00
2.428465135192871216e+00
2.426858731460571406e+00
2.430614939117431650e+00
2.417739690399169916e+00
2.423236843490600645e+00
2.421660770416259822e+00
2.417929332733154357e+00
2.415395457458496153e+00
2.415089037704467589e+00
2.415240970230102757e+00
2.419400611495971631e+00
2.414006502914428864e+00
2.419502651977539109e+00
2.428141350936889431e+00
2.419411386108398343e+00
2.421686000823974450e+00
2.410412448501586979e+00
2.424207583618164019e+00
2.423302189254760819e+00
2.424381096267700375e+00
2.417146952819824168e+00
