1.580000000000000016e-01
2.482000000000000040e-01
3.166999999999999815e-01
2.994999999999999885e-01
3.604999999999999871e-01
3.658000000000000140e-01
3.920000000000000151e-01
3.553000000000000047e-01
4.087000000000000077e-01
3.968999999999999750e-01
4.436999999999999833e-01
4.506000000000000005e-01
4.303000000000000158e-01
4.440999999999999948e-01
4.465999999999999970e-01
4.321999999999999731e-01
4.254000000000000004e-01
4.083999999999999853e-01
4.272000000000000242e-01
4.146000000000000241e-01
4.552999999999999825e-01
4.502999999999999781e-01
4.601999999999999980e-01
4.732999999999999985e-01
4.887000000000000233e-01
4.870999999999999774e-01
4.852000000000000202e-01
5.041999999999999815e-01
4.894000000000000017e-01
4.895999999999999797e-01
4.830999999999999739e-01
4.950999999999999845e-01
4.925999999999999823e-01
5.142999999999999794e-01
5.170000000000000151e-01
5.200000000000000178e-01
5.090999999999999970e-01
5.080000000000000071e-01
5.131999999999999895e-01
5.153999999999999693e-01
5.143999999999999684e-01
5.148000000000000353e-01
5.151999999999999913e-01
5.161000000000000032e-01
5.165999999999999481e-01
5.169000000000000261e-01
5.147000000000000464e-01
5.141999999999999904e-01
5.160000000000000142e-01
5.169000000000000261e-01
5.177000000000000490e-01
5.165999999999999481e-01
5.184999999999999609e-01
5.154999999999999583e-01
5.181999999999999940e-01
5.160000000000000142e-01
5.177000000000000490e-01
5.173999999999999710e-01
5.179000000000000270e-01
5.192999999999999838e-01
5.201999999999999957e-01
5.175999999999999490e-01
5.174999999999999600e-01
5.178000000000000380e-01
5.181000000000000050e-01
5.171999999999999931e-01
5.174999999999999600e-01
5.181999999999999940e-01
5.183999999999999719e-01
5.179000000000000270e-01
5.175999999999999490e-01
5.170000000000000151e-01
5.185999999999999499e-01
5.179000000000000270e-01
5.182999999999999829e-01
5.174999999999999600e-01
5.182999999999999829e-01
5.189000000000000279e-01
5.178000000000000380e-01
5.192999999999999838e-01
5.183999999999999719e-01
5.165999999999999481e-01
5.173999999999999710e-01
5.184999999999999609e-01
5.171999999999999931e-01
5.178000000000000380e-01
5.162999999999999812e-01
5.167000000000000481e-01
5.169000000000000261e-01
5.184999999999999609e-01
5.167000000000000481e-01
5.184999999999999609e-01
5.168000000000000371e-01
5.179000000000000270e-01
5.190000000000000169e-01
5.167000000000000481e-01
5.177000000000000490e-01
5.178000000000000380e-01
5.178000000000000380e-01
5.168000000000000371e-01
