2.860584566497802683e+00
2.005164103698730660e+00
2.082327167129516710e+00
1.824459739685058590e+00
1.849549006652831951e+00
1.694334025382995712e+00
1.618616184425353932e+00
1.616828912925720285e+00
1.684160992813110269e+00
1.640001998710632236e+00
1.695304277229308987e+00
1.574244997024536241e+00
1.712593165016174312e+00
1.649774418830871614e+00
2.005887606048584182e+00
1.928664671707153389e+00
2.018314408874511745e+00
2.468489547729492362e+00
2.745517690277099465e+00
2.480380927658081269e+00
2.613271168899536256e+00
2.980029353713989249e+00
2.792288650512695369e+00
2.553862092971801889e+00
2.680766425704955935e+00
2.700929524612426746e+00
2.593106102371215638e+00
3.081482922363281141e+00
2.580968272399902563e+00
2.642295546340942547e+00
2.728748335647583012e+00
2.612183416366577138e+00
2.573481245422363450e+00
2.551714295959472523e+00
2.549504152679443525e+00
2.530321356201171934e+00
2.516582815933227746e+00
2.506988436126709185e+00
2.520080909729003782e+00
2.466576595306396502e+00
2.541853554916381874e+00
2.497665932464599781e+00
2.458310037612915000e+00
2.437617702484130788e+00
2.424671513748168916e+00
2.397032561111450022e+00
2.386888442611694305e+00
2.369313045501709070e+00
2.357069178771972862e+00
2.330885174179077257e+00
2.351429017639160346e+00
2.349728064727783394e+00
2.342488657379150574e+00
2.351419385910034077e+00
2.332008579254150504e+00
2.337409849166870224e+00
2.340362764739990276e+00
2.338810356521606515e+00
2.342723121261596653e+00
2.332750373077392414e+00
2.325895858001708838e+00
2.336796872711181638e+00
2.334000728607177777e+00
2.323054568481445425e+00
2.325099388122558786e+00
2.338489657211303641e+00
2.320179212188720808e+00
2.321110377502441313e+00
2.316779146957397284e+00
2.317776552200317308e+00
2.311257516479492402e+00
2.321801932144165193e+00
2.316795294189453180e+00
2.309381185531616421e+00
2.317791320037841718e+00
2.311042146682739329e+00
2.305934073257446482e+00
2.312229651260376162e+00
2.314378735733032322e+00
2.304671071624755818e+00
2.305563383102417152e+00
2.307599912261963038e+00
2.308415152359008626e+00
2.312876028060913303e+00
2.316580820846557476e+00
2.309185747909546116e+00
2.314075695800781318e+00
2.308692633438110153e+00
2.308415275192260641e+00
2.299505656814575083e+00
2.308182085800170924e+00
2.305175814819335756e+00
2.302014854812622247e+00
2.305162377548217734e+00
2.310874911499023465e+00
2.299822089385986423e+00
2.313251374435424612e+00
2.304595449829101472e+00
2.306016075515747055e+00
2.302269610977172754e+00
