2.533507040405273525e+00
1.859518082809448192e+00
1.831160236167907795e+00
1.625924219894409273e+00
1.541202042961120622e+00
1.444072697448730569e+00
1.340717326354980532e+00
1.308850411224365295e+00
1.213684571456909111e+00
1.135012635231018141e+00
1.050777640151977499e+00
9.988777135848998512e-01
9.280014081954955918e-01
8.761875636100768805e-01
8.261569008827209792e-01
8.324938540458679537e-01
8.101190277099609149e-01
8.255129695892333697e-01
8.477313135147094281e-01
9.222379735946655277e-01
9.440072006225586065e-01
9.631010990142822026e-01
1.020475632286071743e+00
1.008999180221557657e+00
9.605839202880859240e-01
1.062603957748412986e+00
1.131968221092224169e+00
1.211237560462951723e+00
1.238042016792297417e+00
1.209517984199523832e+00
1.087639180946350148e+00
1.212737992286682109e+00
1.212872100830078015e+00
1.256006464385986288e+00
1.281948619461059646e+00
1.293263237571716351e+00
1.307794139480590756e+00
1.325627990531921485e+00
1.338179023361206088e+00
1.350252401161193827e+00
1.367682161712646449e+00
1.379955146789550779e+00
1.389637103843688992e+00
1.396924978065490652e+00
1.408967666435241739e+00
1.424974714660644626e+00
1.425126677322387625e+00
1.431581687545776305e+00
1.307079351806640588e+00
1.200521376991271927e+00
1.132092361640930189e+00
1.170101676750183062e+00
1.053989153861999428e+00
9.924460714340209710e-01
1.010166517639160100e+00
1.139276438903808586e+00
1.205971618843078685e+00
1.251355270576476997e+00
1.282960022544860745e+00
1.255246708297729441e+00
1.157619091987609927e+00
1.198593707084655735e+00
1.233926749229431241e+00
1.265000772094726500e+00
1.285399078559875452e+00
1.302014844131469617e+00
1.317846723556518551e+00
1.328510578918457030e+00
1.338505251502990712e+00
1.351574347877502413e+00
1.367253697204589891e+00
1.294759156036376924e+00
1.226011759948730573e+00
1.222318091773986870e+00
1.214822679328918520e+00
1.231424016571044833e+00
1.158994496154785114e+00
1.182920705795288185e+00
1.145316227531433029e+00
1.190746941757202082e+00
1.274344636726379321e+00
1.274948019981384295e+00
1.173754774856567318e+00
1.147322333335876410e+00
1.097366023063659712e+00
1.158036809921264565e+00
1.195102528572082434e+00
1.217981076431274401e+00
1.166964053153991765e+00
1.190676435852050741e+00
1.199077506256103431e+00
1.209274977302551290e+00
1.250617288398742755e+00
1.229496490669250486e+00
1.229033090782165605e+00
1.174248923492431596e+00
1.102742759132385286e+00
1.200872685241699322e+00
1.170907246398925849e+00
1.152852616500854577e+00
