1.391999999999999904e-01
2.470999999999999863e-01
2.671000000000000041e-01
3.156999999999999806e-01
3.512000000000000122e-01
3.891000000000000014e-01
4.148000000000000020e-01
3.830999999999999961e-01
3.340000000000000191e-01
3.840000000000000080e-01
4.329999999999999960e-01
3.872999999999999776e-01
4.192000000000000171e-01
4.230999999999999761e-01
4.620000000000000218e-01
4.243999999999999995e-01
4.406999999999999806e-01
4.409000000000000141e-01
4.510000000000000120e-01
4.466999999999999860e-01
4.699999999999999734e-01
4.466999999999999860e-01
4.616000000000000103e-01
4.769999999999999796e-01
4.642999999999999905e-01
4.927000000000000268e-01
4.773999999999999910e-01
4.900999999999999801e-01
4.956999999999999740e-01
4.868999999999999995e-01
5.053999999999999604e-01
5.031999999999999806e-01
5.032999999999999696e-01
5.120999999999999996e-01
5.094999999999999529e-01
5.141000000000000014e-01
5.190000000000000169e-01
5.208000000000000407e-01
5.188000000000000389e-01
5.213999999999999746e-01
5.213999999999999746e-01
5.215999999999999526e-01
5.241999999999999993e-01
5.261000000000000121e-01
5.242999999999999883e-01
5.224999999999999645e-01
5.237000000000000544e-01
5.241999999999999993e-01
5.245999999999999552e-01
5.250000000000000222e-01
5.256999999999999451e-01
5.258000000000000451e-01
5.253999999999999782e-01
5.266999999999999460e-01
5.252999999999999892e-01
5.269000000000000350e-01
5.262999999999999901e-01
5.284999999999999698e-01
5.279000000000000359e-01
5.262999999999999901e-01
5.247000000000000552e-01
5.270000000000000240e-01
5.268000000000000460e-01
5.274999999999999689e-01
5.259000000000000341e-01
5.285999999999999588e-01
5.270000000000000240e-01
5.264999999999999680e-01
5.272000000000000020e-01
5.262999999999999901e-01
5.263999999999999790e-01
5.272999999999999909e-01
5.275999999999999579e-01
5.270000000000000240e-01
5.272000000000000020e-01
5.262000000000000011e-01
5.272000000000000020e-01
5.275999999999999579e-01
5.259000000000000341e-01
5.270000000000000240e-01
5.269000000000000350e-01
5.272000000000000020e-01
5.255999999999999561e-01
5.281000000000000139e-01
5.268000000000000460e-01
5.263999999999999790e-01
5.273999999999999799e-01
5.276999999999999469e-01
5.275999999999999579e-01
5.270000000000000240e-01
5.259000000000000341e-01
5.270000000000000240e-01
5.263999999999999790e-01
5.262999999999999901e-01
5.280000000000000249e-01
5.272000000000000020e-01
5.276999999999999469e-01
5.276999999999999469e-01
5.280000000000000249e-01
5.269000000000000350e-01
