2.533507096481323106e+00
1.859518113327026434e+00
1.831160260581970123e+00
1.625924253654480012e+00
1.541202046203613341e+00
1.444072700309753321e+00
1.340717314147949146e+00
1.308850402259826629e+00
1.213684601593017609e+00
1.135012641334533612e+00
1.050777664566040048e+00
9.988777349472045541e-01
9.280013988494872912e-01
8.761875329017638769e-01
8.261568294525146738e-01
8.324938190460204890e-01
8.101189788818359272e-01
8.255129234313964837e-01
8.477312795639038168e-01
9.222379646301269718e-01
9.440071859359741024e-01
9.631010828018188308e-01
1.020475558471679589e+00
1.008999139785766497e+00
9.605839197158813070e-01
1.062603916931152304e+00
1.131968230247497598e+00
1.211237560272216740e+00
1.238041962242126370e+00
1.209517991447448759e+00
1.087639153861999608e+00
1.212738023185729874e+00
1.212872167968749970e+00
1.256006552696228074e+00
1.281948600387573300e+00
1.293263178253173828e+00
1.307794029235839872e+00
1.325628232192993083e+00
1.338179014015197676e+00
1.350252514266967685e+00
1.367682037734985423e+00
1.379955049514770549e+00
1.389637120056152364e+00
1.396924897003173793e+00
1.408967493057250886e+00
1.424974773979186926e+00
1.425126654052734310e+00
1.431581566810607997e+00
1.307079321670532313e+00
1.200521330261230535e+00
1.132092243385314889e+00
1.170101688575744703e+00
1.053989093780517639e+00
9.924460893630981939e-01
1.010166639137268119e+00
1.139276515007018986e+00
1.205971748733520421e+00
1.251355221366882375e+00
1.282959897994995213e+00
1.255246614265441929e+00
1.157619069862365624e+00
1.198593710327148454e+00
1.233926762580871639e+00
1.265000746917724683e+00
1.285399059867858851e+00
1.302014790344238282e+00
1.317846690559387302e+00
1.328510517501831023e+00
1.338505191993713428e+00
1.351574404907226468e+00
1.367253734207153348e+00
1.294759232521057069e+00
1.226011815261840887e+00
1.222318084907531688e+00
1.214822532653808684e+00
1.231424065399169931e+00
1.158994495391845625e+00
1.182920803642272922e+00
1.145316242599487389e+00
1.190747003364563072e+00
1.274344658851623624e+00
1.274947973442077664e+00
1.173754936218261768e+00
1.147322279167175330e+00
1.097365962028503450e+00
1.158036935043335047e+00
1.195102546882629291e+00
1.217981144714355368e+00
1.166964043807983353e+00
1.190676512145996124e+00
1.199077626228332472e+00
1.209275024414062427e+00
1.250617317199707035e+00
1.229496250724792406e+00
1.229033094406127846e+00
1.174248884582519636e+00
1.102742646598815934e+00
1.200872644042968673e+00
1.170907322692871011e+00
1.152852578163146902e+00
