1.370000000000000107e-01
2.469000000000000083e-01
2.938000000000000056e-01
3.452999999999999958e-01
3.627000000000000224e-01
3.663000000000000145e-01
3.724000000000000088e-01
3.921999999999999931e-01
4.235999999999999766e-01
4.467999999999999750e-01
4.411999999999999811e-01
4.098999999999999866e-01
4.345999999999999863e-01
4.298000000000000154e-01
4.168000000000000038e-01
4.314999999999999947e-01
4.102000000000000091e-01
4.388000000000000234e-01
4.043999999999999817e-01
4.636000000000000121e-01
4.758000000000000007e-01
4.389000000000000123e-01
4.318000000000000171e-01
4.697000000000000064e-01
4.662999999999999923e-01
4.838999999999999968e-01
4.832000000000000184e-01
4.650000000000000244e-01
4.998000000000000220e-01
4.976999999999999758e-01
4.646000000000000130e-01
4.807000000000000162e-01
4.937000000000000277e-01
4.944000000000000061e-01
4.971999999999999753e-01
5.098000000000000309e-01
5.102999999999999758e-01
5.147000000000000464e-01
5.145999999999999464e-01
5.150000000000000133e-01
5.148000000000000353e-01
5.148000000000000353e-01
5.144999999999999574e-01
5.163999999999999702e-01
5.155999999999999472e-01
5.138000000000000345e-01
5.150000000000000133e-01
5.137000000000000455e-01
5.131999999999999895e-01
5.134999999999999565e-01
5.123999999999999666e-01
5.129000000000000226e-01
5.125999999999999446e-01
5.131999999999999895e-01
5.147000000000000464e-01
5.139000000000000234e-01
5.131000000000000005e-01
5.131000000000000005e-01
5.134999999999999565e-01
5.121999999999999886e-01
5.130000000000000115e-01
5.131000000000000005e-01
5.139000000000000234e-01
5.125999999999999446e-01
5.122999999999999776e-01
5.128000000000000336e-01
5.131000000000000005e-01
5.158000000000000362e-01
5.127000000000000446e-01
5.150000000000000133e-01
5.137000000000000455e-01
5.138000000000000345e-01
5.129000000000000226e-01
5.139000000000000234e-01
5.152999999999999803e-01
5.125999999999999446e-01
5.140000000000000124e-01
5.139000000000000234e-01
5.128000000000000336e-01
5.133999999999999675e-01
5.131999999999999895e-01
5.131000000000000005e-01
5.143999999999999684e-01
5.144999999999999574e-01
5.132999999999999785e-01
5.132999999999999785e-01
5.144999999999999574e-01
5.138000000000000345e-01
5.147000000000000464e-01
5.135999999999999455e-01
5.150000000000000133e-01
5.139000000000000234e-01
5.135999999999999455e-01
5.145999999999999464e-01
5.134999999999999565e-01
5.129000000000000226e-01
5.133999999999999675e-01
5.141999999999999904e-01
5.141000000000000014e-01
5.141000000000000014e-01
