2.533507011032104295e+00
1.859518094635009833e+00
1.831160269546508790e+00
1.625924259757995705e+00
1.541202012443542380e+00
1.444072743034362727e+00
1.340717332458496003e+00
1.308850423431396459e+00
1.213684595489501916e+00
1.135012635231018141e+00
1.050777606391906760e+00
9.988777261734008706e-01
9.280014080047607195e-01
8.761875206947327133e-01
8.261568260192870827e-01
8.324938247680664372e-01
8.101189540863037442e-01
8.255129446029663143e-01
8.477313230514526010e-01
9.222379878997802871e-01
9.440071704864502200e-01
9.631010620117187448e-01
1.020475632476806727e+00
1.008999127578735333e+00
9.605839513778686722e-01
1.062603924369811992e+00
1.131968230247497598e+00
1.211237432670593250e+00
1.238041903686523337e+00
1.209517957687378020e+00
1.087639163017273036e+00
1.212738117980957098e+00
1.212872103500366228e+00
1.256006506729125949e+00
1.281948681068420415e+00
1.293263152313232522e+00
1.307794093513488853e+00
1.325628032875060924e+00
1.338178937530517532e+00
1.350252357673644932e+00
1.367682128334045455e+00
1.379955076789855850e+00
1.389637140846252450e+00
1.396924934959411724e+00
1.408967609024047940e+00
1.424974783706665082e+00
1.425126590347290056e+00
1.431581630325317489e+00
1.307079236221313501e+00
1.200521312332153423e+00
1.132092377281189055e+00
1.170101551818847563e+00
1.053989096641540613e+00
9.924461042404174593e-01
1.010166560363769506e+00
1.139276465606689381e+00
1.205971670150756792e+00
1.251355138778686538e+00
1.282959949684143064e+00
1.255246604919433517e+00
1.157619122886657692e+00
1.198593810462951659e+00
1.233926715850830025e+00
1.265000719261169415e+00
1.285399112319946191e+00
1.302014662551879809e+00
1.317846843528747591e+00
1.328510667228698816e+00
1.338505329895019580e+00
1.351574430084228506e+00
1.367253733444213859e+00
1.294759252548217665e+00
1.226011756706237854e+00
1.222318102836608800e+00
1.214822636413574131e+00
1.231424111938476562e+00
1.158994498443603582e+00
1.182920737648010201e+00
1.145316245841979885e+00
1.190746990585327181e+00
1.274344604110717816e+00
1.274947989463806053e+00
1.173754824066162161e+00
1.147322291183471732e+00
1.097366057395934957e+00
1.158036968994140548e+00
1.195102477264404328e+00
1.217981024742126550e+00
1.166963992691040009e+00
1.190676533508300716e+00
1.199077533531188955e+00
1.209274914932251033e+00
1.250617325401306212e+00
1.229496398353576714e+00
1.229033050918579173e+00
1.174248932838440007e+00
1.102742605972290013e+00
1.200872680664062608e+00
1.170907219123840326e+00
1.152852567672729478e+00
