1.077000000000000041e-01
1.960000000000000075e-01
2.726000000000000090e-01
3.200000000000000067e-01
3.663000000000000145e-01
3.574999999999999845e-01
3.277999999999999803e-01
4.016000000000000125e-01
3.970000000000000195e-01
3.652000000000000246e-01
4.218999999999999972e-01
4.288000000000000145e-01
4.445000000000000062e-01
4.420999999999999930e-01
4.608999999999999764e-01
4.472999999999999754e-01
4.546000000000000041e-01
4.541999999999999926e-01
4.268000000000000127e-01
4.587999999999999856e-01
4.411999999999999811e-01
4.580000000000000182e-01
4.706000000000000183e-01
4.430000000000000049e-01
4.641000000000000125e-01
4.225999999999999757e-01
4.711000000000000187e-01
4.732000000000000095e-01
4.510000000000000120e-01
4.560000000000000164e-01
4.763000000000000012e-01
5.202999999999999847e-01
4.818000000000000060e-01
4.685000000000000275e-01
4.966999999999999749e-01
5.141999999999999904e-01
5.012999999999999678e-01
5.133999999999999675e-01
5.174999999999999600e-01
4.989000000000000101e-01
5.185999999999999499e-01
5.253999999999999782e-01
5.250000000000000222e-01
5.270000000000000240e-01
5.268000000000000460e-01
5.262999999999999901e-01
5.268000000000000460e-01
5.262999999999999901e-01
5.282000000000000028e-01
5.269000000000000350e-01
5.273999999999999799e-01
5.272999999999999909e-01
5.275999999999999579e-01
5.273999999999999799e-01
5.262999999999999901e-01
5.256999999999999451e-01
5.264999999999999680e-01
5.269000000000000350e-01
5.282999999999999918e-01
5.268000000000000460e-01
5.272000000000000020e-01
5.263999999999999790e-01
5.270000000000000240e-01
5.279000000000000359e-01
5.269000000000000350e-01
5.269000000000000350e-01
5.272999999999999909e-01
5.264999999999999680e-01
5.274999999999999689e-01
5.273999999999999799e-01
5.274999999999999689e-01
5.276999999999999469e-01
5.280000000000000249e-01
5.283999999999999808e-01
5.278000000000000469e-01
5.270000000000000240e-01
5.270000000000000240e-01
5.251000000000000112e-01
5.271000000000000130e-01
5.282999999999999918e-01
5.271000000000000130e-01
5.259000000000000341e-01
5.268000000000000460e-01
5.280000000000000249e-01
5.276999999999999469e-01
5.274999999999999689e-01
5.252999999999999892e-01
5.279000000000000359e-01
5.260000000000000231e-01
5.272000000000000020e-01
5.263999999999999790e-01
5.284999999999999698e-01
5.283999999999999808e-01
5.274999999999999689e-01
5.272000000000000020e-01
5.273999999999999799e-01
5.288000000000000478e-01
5.272999999999999909e-01
5.276999999999999469e-01
5.274999999999999689e-01
