2.533507016754150243e+00
1.859518061256408616e+00
1.831160245132446240e+00
1.625924238204956129e+00
1.541202073860168387e+00
1.444072706413269014e+00
1.340717308044433675e+00
1.308850414085388270e+00
1.213684561729431177e+00
1.135012598609924206e+00
1.050777664566040048e+00
9.988777196884155440e-01
9.280014202117919941e-01
8.761875064849853345e-01
8.261568992614746199e-01
8.324938554763794407e-01
8.101189910888672019e-01
8.255130212783813315e-01
8.477312925338744698e-01
9.222380161285400613e-01
9.440072435379028848e-01
9.631011104583739879e-01
1.020475620079040580e+00
1.008999161911010800e+00
9.605839534759521570e-01
1.062603969192504882e+00
1.131968269538879301e+00
1.211237493705749513e+00
1.238041919898986709e+00
1.209518003082275417e+00
1.087639129829406803e+00
1.212738060188293554e+00
1.212872220230102549e+00
1.256006541633605922e+00
1.281948579978942959e+00
1.293263210296630827e+00
1.307794053268432677e+00
1.325628052711486760e+00
1.338178983116149912e+00
1.350252489852905358e+00
1.367682137680053645e+00
1.379955080032348569e+00
1.389637223815918032e+00
1.396924825477600107e+00
1.408967686271667574e+00
1.424974767112731966e+00
1.425126556396484334e+00
1.431581690597534262e+00
1.307079300880432227e+00
1.200521383857727109e+00
1.132092260360717750e+00
1.170101652336120512e+00
1.053989135932922316e+00
9.924461257934570346e-01
1.010166593742370500e+00
1.139276416778564505e+00
1.205971687507629397e+00
1.251355175399780251e+00
1.282959952545166038e+00
1.255246610260009721e+00
1.157619082641601516e+00
1.198593815994262624e+00
1.233926675987243593e+00
1.265000762748718310e+00
1.285399201011657722e+00
1.302014856719970748e+00
1.317846669006347726e+00
1.328510578918457030e+00
1.338505273437500032e+00
1.351574588775634744e+00
1.367253626823425217e+00
1.294759186172485421e+00
1.226011724090576127e+00
1.222317987251281712e+00
1.214822749710082972e+00
1.231423998451232960e+00
1.158994523239135654e+00
1.182920809173583887e+00
1.145316248893737843e+00
1.190746981430053753e+00
1.274344619941711443e+00
1.274948083686828548e+00
1.173754833602905334e+00
1.147322349166870037e+00
1.097365975379943848e+00
1.158036855888366690e+00
1.195102494812011695e+00
1.217981191062927238e+00
1.166963993263244737e+00
1.190676518440246578e+00
1.199077540588378898e+00
1.209274971961975087e+00
1.250617353820800748e+00
1.229496410369873116e+00
1.229032944679260275e+00
1.174248917961120631e+00
1.102742698097229024e+00
1.200872606658935471e+00
1.170907209205627408e+00
1.152852674484252882e+00
