2.533506980133056530e+00
1.859518061637878361e+00
1.831160221099853436e+00
1.625924210548400861e+00
1.541202058029174760e+00
1.444072697067260824e+00
1.340717268562316988e+00
1.308850405120849603e+00
1.213684589385986223e+00
1.135012604713439899e+00
1.050777627754211352e+00
9.988777383804321452e-01
9.280014112472534382e-01
8.761875404357910568e-01
8.261568703651428480e-01
8.324938520431518496e-01
8.101189725875854730e-01
8.255129598617553244e-01
8.477312154769897079e-01
9.222379821777343389e-01
9.440072097778320348e-01
9.631011568069457462e-01
1.020475646972656358e+00
1.008999149131774908e+00
9.605839994430541706e-01
1.062604024505615197e+00
1.131968211746215758e+00
1.211237492752075262e+00
1.238041937446594298e+00
1.209517946815490630e+00
1.087639058685302640e+00
1.212738038253784234e+00
1.212872213935852095e+00
1.256006466865539517e+00
1.281948588752746643e+00
1.293263198852539153e+00
1.307794126892089848e+00
1.325628130149841377e+00
1.338179120635986319e+00
1.350252353096008218e+00
1.367682081604003841e+00
1.379955085754394517e+00
1.389637128639221286e+00
1.396924789619445884e+00
1.408967481231689467e+00
1.424974710083007912e+00
1.425126733016967684e+00
1.431581690597534262e+00
1.307079305839538463e+00
1.200521332740783764e+00
1.132092381477356025e+00
1.170101584434509290e+00
1.053989099502563587e+00
9.924460954666137757e-01
1.010166538619995169e+00
1.139276490211486914e+00
1.205971673202514749e+00
1.251355166053772061e+00
1.282960084724426242e+00
1.255246724510192813e+00
1.157619038963317859e+00
1.198593785476684603e+00
1.233926749992370508e+00
1.265000761985778821e+00
1.285399189567565825e+00
1.302014778137207118e+00
1.317846699142456002e+00
1.328510520362853997e+00
1.338505273818969776e+00
1.351574328422546323e+00
1.367253503227233935e+00
1.294759186553955166e+00
1.226011796188354541e+00
1.222318032836914092e+00
1.214822572326660133e+00
1.231424025917053244e+00
1.158994592285156333e+00
1.182920782279968330e+00
1.145316260147094756e+00
1.190746938323974602e+00
1.274344589233398439e+00
1.274948036956787156e+00
1.173754701614379892e+00
1.147322324371337965e+00
1.097366155433654678e+00
1.158036775588989320e+00
1.195102524566650448e+00
1.217981080436706609e+00
1.166964054489135760e+00
1.190676402282714763e+00
1.199077723503112702e+00
1.209275005531311065e+00
1.250617290306091256e+00
1.229496362113952745e+00
1.229033142662048439e+00
1.174248965454101512e+00
1.102742676162719704e+00
1.200872629356384280e+00
1.170907228469848738e+00
1.152852553367614830e+00
