4.881386435546875191e+01
2.159927147674560732e+00
1.976412687301635662e+00
2.071224328231811462e+00
1.750560118293762235e+00
1.752157238197326716e+00
1.798384309387206947e+00
1.702472389221191484e+00
1.687287571144103993e+00
1.660695402717590419e+00
1.789428782463073686e+00
1.656647708702087440e+00
1.875871874809265094e+00
1.666048549461364825e+00
1.738262826347350964e+00
1.633307474517822211e+00
1.762256538391113292e+00
1.948988349151611343e+00
1.786480649185180569e+00
2.043975017929076987e+00
2.025250424575805841e+00
2.172109567260742224e+00
2.638450647735595567e+00
2.465087494277954150e+00
3.092029994201660248e+00
2.408031788635253800e+00
2.667491352081298839e+00
2.719743207550048947e+00
2.680440678024292200e+00
2.990077289581298814e+00
2.715970571899414043e+00
2.746150039291381795e+00
2.997262746429443236e+00
2.665407915496825986e+00
2.743969576263427523e+00
2.672005082321167180e+00
2.665505392837524301e+00
2.620682723617553833e+00
2.615566012573242283e+00
2.598423136520385590e+00
2.571748687362670704e+00
2.633442027282714815e+00
2.568175687026977627e+00
2.565130426025390431e+00
2.520985718536377096e+00
2.523192379760742288e+00
2.526217645645141729e+00
2.506960542678832837e+00
2.491421657180786120e+00
2.476707260131835842e+00
2.489093041610717982e+00
2.483122152328491428e+00
2.482517465972900350e+00
2.474866342163085875e+00
2.482801157379150414e+00
2.473979971313476689e+00
2.470324036026001036e+00
2.483383915328979619e+00
2.471307617568969661e+00
2.480836847305297965e+00
2.465771397399902476e+00
2.461806672668457097e+00
2.469613584899902126e+00
2.466790524291992082e+00
2.461595609283447228e+00
2.465335085296630702e+00
2.461845595550537169e+00
2.462048466110229317e+00
2.462277761840820478e+00
2.460181073760986159e+00
2.462968333816528244e+00
2.462789694213867175e+00
2.457734543609618960e+00
2.457597064971923650e+00
2.449783494567871145e+00
2.448705125808715799e+00
2.456237744140624901e+00
2.456505494308471871e+00
2.455850304031371945e+00
2.457208410644531327e+00
2.461403537750244119e+00
2.456285644149780456e+00
2.452803380203246952e+00
2.459985345458984174e+00
2.457535866165160954e+00
2.456631535720825266e+00
2.450489845657348731e+00
2.463181877899169869e+00
2.465620095825195257e+00
2.446540634155273342e+00
2.452740540313720796e+00
2.462999511337280456e+00
2.458014368820190310e+00
2.456450391387939636e+00
2.447557325744628809e+00
2.458170296859741200e+00
2.453844917678833060e+00
2.452465514373779243e+00
2.458157095336913844e+00
2.460075355911254924e+00
