1.264601650543212941e+01
2.072455575180053522e+00
1.994287121963500997e+00
1.780488658142089786e+00
1.837198622322082420e+00
1.770003566932678130e+00
1.656715150451660179e+00
1.692911982345581157e+00
1.674454248046874927e+00
1.579384251403808559e+00
1.693727492713928307e+00
1.536962998199462804e+00
1.541716265106201078e+00
1.654856251716613880e+00
1.902531318473815958e+00
1.748246459960937527e+00
1.759405996704101582e+00
1.927535738754272421e+00
1.844885547447204566e+00
2.218332632446288866e+00
2.397582227706909208e+00
2.438176625823974764e+00
2.453784513854980531e+00
2.507589694213867126e+00
2.422639958572387897e+00
2.644783405685424693e+00
2.671432652664184726e+00
3.001792025375366268e+00
2.721121646118163984e+00
3.104133346557617301e+00
3.197810908126831109e+00
3.064826565551757920e+00
3.217391354370117362e+00
3.152511251831054739e+00
3.096358327484130868e+00
3.231563231277466031e+00
2.878283393096924048e+00
2.901815948486328178e+00
2.998627736663818322e+00
2.978390325546264705e+00
2.876695547866821467e+00
2.866445376968383751e+00
2.845975121688842702e+00
2.830111749649047770e+00
2.757786016464233381e+00
2.736138763809204288e+00
2.719818230438232565e+00
2.722041205215453896e+00
2.699213048171996920e+00
2.673912837982177937e+00
2.691430665588379068e+00
2.691291508483886652e+00
2.692840053176879689e+00
2.673096742248535218e+00
2.679579177856445504e+00
2.669739871597290204e+00
2.675121496963500878e+00
2.682440273284912191e+00
2.681305922698974609e+00
2.678218920516967749e+00
2.662294027328491186e+00
2.670156583786010618e+00
2.658655137252807776e+00
2.681768941116332794e+00
2.663558266830444499e+00
2.662114409255981418e+00
2.664734500503540104e+00
2.662843304443359482e+00
2.665558414459228587e+00
2.663484204483032247e+00
2.643433797073364122e+00
2.644831872940063278e+00
2.647968231964111130e+00
2.632072956085205195e+00
2.642751104354858604e+00
2.641084901809692465e+00
2.636476224136352631e+00
2.648005830764770696e+00
2.644947594833373827e+00
2.646068968582153236e+00
2.647044477462768608e+00
2.650961286926269533e+00
2.638470687484741006e+00
2.647715603256225680e+00
2.654108313369750949e+00
2.655597774124145438e+00
2.646931564712524221e+00
2.649804678344726661e+00
2.649981279754638486e+00
2.634250106048583895e+00
2.644093669509887778e+00
2.651064356613159312e+00
2.656774512481689499e+00
2.636510769271850574e+00
2.638436574935913104e+00
2.636036970138549762e+00
2.652392489624023408e+00
2.638274924468994254e+00
2.641598769760131749e+00
2.652049069213867405e+00
