2.447672173156738396e+01
5.375404263305664010e+00
4.019260693740844381e+00
3.908621106338500795e+00
3.564069806289672737e+00
3.450162148666382045e+00
3.211077749633789225e+00
3.280782615661621104e+00
3.214798782348633033e+00
3.025051450347900239e+00
3.167498716735839714e+00
3.112747240066528143e+00
2.806981278228759979e+00
3.157408179092407341e+00
3.185541334533691593e+00
3.072886925506591815e+00
2.816695130157470750e+00
2.874469876480102659e+00
3.043758499145508001e+00
2.955322555541992191e+00
2.794407220840454009e+00
3.182972697067260714e+00
3.295090621948242315e+00
3.099628489303588808e+00
3.278322340011596836e+00
3.258688792800903400e+00
3.222917855453491409e+00
3.315047647094726546e+00
3.299268673324585066e+00
3.309106103897094808e+00
3.901311184310912950e+00
4.318578961181640530e+00
3.682736086273193266e+00
3.892173768997192251e+00
4.667175812530517831e+00
4.272159683227538807e+00
4.813595722198486193e+00
4.892907408905029065e+00
4.815225264739989797e+00
4.368864941406250146e+00
4.946396539306640250e+00
4.801517228698730655e+00
4.608419268035889083e+00
5.278404639434814527e+00
5.417982012176513429e+00
4.805177629089355307e+00
5.449038935089111746e+00
4.793673381042480308e+00
5.170839643859863166e+00
5.340944889831543030e+00
4.861354774475097784e+00
4.930134867858886771e+00
4.946476100921630703e+00
4.943011602783203173e+00
5.026825475311278879e+00
4.976474166870117344e+00
4.974159647369384984e+00
5.029413842773437615e+00
5.050430471801758081e+00
5.102657588195801175e+00
5.138540864562988197e+00
5.112800740051269166e+00
5.140606654357910088e+00
5.093497452545165949e+00
5.076598131561278926e+00
5.137482812500000051e+00
5.125199835968017759e+00
5.056805303955077768e+00
5.097581817626952727e+00
5.190044017028808909e+00
5.175821319580077962e+00
5.142558090972900509e+00
5.255916735076904267e+00
5.186363439941406028e+00
5.197654904937744291e+00
5.201382814025879320e+00
5.182684593963623243e+00
5.222272862243652725e+00
5.165039894104004325e+00
5.146002556610107526e+00
5.144846054840088279e+00
5.260077662658691366e+00
5.278085640716552618e+00
5.214656109619141056e+00
5.168842948150635053e+00
5.173260295867920355e+00
5.207625200653076547e+00
5.279325067901611490e+00
5.117385213470458716e+00
5.207645222473144209e+00
5.184598128509521509e+00
5.280035987091064698e+00
5.234604115295410587e+00
5.238510095977782832e+00
5.254163780975341425e+00
5.139596992492675653e+00
5.248812200164794994e+00
5.202016681671142173e+00
5.146626057434081858e+00
5.213516679382323993e+00
