2.662443835067748843e+00
2.470842841720580996e+00
2.171039497375488292e+00
2.032437489700317457e+00
1.918816736793518052e+00
1.801461446952819845e+00
1.732400487327575789e+00
1.682979756164550755e+00
1.623325283432006882e+00
1.603661538887023896e+00
1.512091018486023009e+00
1.450677748107910059e+00
1.386769995117187459e+00
1.343909179496765027e+00
1.303002902221679582e+00
1.254311801528930737e+00
1.222479673767089769e+00
1.142026341629028385e+00
1.090330344390869177e+00
1.047545451545715434e+00
1.003607117843627883e+00
9.800787490844726779e-01
9.196594392776489268e-01
9.350483580589294963e-01
8.510153867721557130e-01
8.320111209869385238e-01
8.105125901222228757e-01
8.486288231849670183e-01
7.847782726287841903e-01
7.887599852561950620e-01
7.990580669403075653e-01
7.729001209259033223e-01
7.657823886871337749e-01
7.890688480377197056e-01
8.074975601196289210e-01
8.297971952438354393e-01
8.115494747161865474e-01
8.251782423973083036e-01
8.469434238433838358e-01
8.687425546646118102e-01
9.117728347778319975e-01
9.247563045501708823e-01
9.574235000610351598e-01
9.616137062072753761e-01
9.743414669036865039e-01
9.660409891128539650e-01
9.845793420791626449e-01
9.755474687576294324e-01
9.682656953811645817e-01
9.860309394836426211e-01
9.835562175750732772e-01
1.009903547859191786e+00
1.018751510429382279e+00
1.026320757102966219e+00
1.055202913856506441e+00
1.061127451324462845e+00
1.085441043853759835e+00
1.100080317115783801e+00
1.107082844161987323e+00
1.128318317031860252e+00
1.145024723052978421e+00
1.156763515472412074e+00
1.166942392730712985e+00
1.166077685928344820e+00
1.153791258049011281e+00
1.169702999496460061e+00
1.173254273986816365e+00
1.187669395828247154e+00
1.197445840072631773e+00
1.211873118782043512e+00
1.071037698554992756e+00
1.076335426521301208e+00
8.409539975166321346e-01
8.698960915565491225e-01
9.150641168594360053e-01
9.387110749244690355e-01
9.492893920898437532e-01
1.001101905822753935e+00
1.022080268096923872e+00
1.037929278564453162e+00
1.056615097236633272e+00
1.079681730651855576e+00
1.118594134140014740e+00
1.104244253730773950e+00
1.126349712944030745e+00
1.159040141105651900e+00
1.146283407020568745e+00
1.143629149627685582e+00
1.155908020591735808e+00
1.174590250015258741e+00
1.181854689407348724e+00
1.191682850265503024e+00
1.204426399040222195e+00
1.218012288284301858e+00
1.222241168785095145e+00
1.231615637016296283e+00
1.233621794700622498e+00
1.295319926452636716e+00
1.177244119453430216e+00
1.052124177551269524e+00
