9.410000000000000309e-02
1.459999999999999909e-01
1.474000000000000032e-01
1.448000000000000120e-01
1.968999999999999917e-01
1.680999999999999994e-01
1.917000000000000093e-01
1.497999999999999887e-01
1.673999999999999932e-01
2.169000000000000095e-01
1.857000000000000040e-01
1.738000000000000100e-01
2.117999999999999883e-01
1.816000000000000114e-01
2.205000000000000016e-01
2.403000000000000136e-01
2.253999999999999893e-01
2.228999999999999870e-01
2.290999999999999981e-01
2.543000000000000260e-01
2.427999999999999881e-01
2.567999999999999727e-01
2.548000000000000265e-01
2.756000000000000116e-01
2.837999999999999967e-01
2.721000000000000085e-01
2.338999999999999968e-01
2.852999999999999980e-01
2.741999999999999993e-01
2.720000000000000195e-01
2.651999999999999913e-01
2.753999999999999782e-01
2.857999999999999985e-01
2.409999999999999920e-01
2.934999999999999831e-01
2.561999999999999833e-01
2.743999999999999773e-01
2.645000000000000129e-01
2.630000000000000115e-01
2.852000000000000091e-01
2.999999999999999889e-01
2.582999999999999741e-01
2.644000000000000239e-01
2.536999999999999811e-01
3.022000000000000242e-01
2.872000000000000108e-01
2.824999999999999734e-01
2.753999999999999782e-01
2.645000000000000129e-01
2.782999999999999918e-01
2.973000000000000087e-01
3.042000000000000259e-01
3.069999999999999951e-01
3.044000000000000039e-01
3.030999999999999805e-01
3.039999999999999925e-01
3.052000000000000268e-01
3.052000000000000268e-01
3.074000000000000066e-01
3.048000000000000154e-01
3.052000000000000268e-01
3.065999999999999837e-01
3.037000000000000255e-01
3.027000000000000246e-01
3.049000000000000044e-01
3.066999999999999726e-01
3.042000000000000259e-01
3.045999999999999819e-01
3.069999999999999951e-01
3.066999999999999726e-01
3.058000000000000163e-01
3.060999999999999832e-01
3.049000000000000044e-01
3.013000000000000123e-01
3.029000000000000026e-01
3.038000000000000145e-01
3.049000000000000044e-01
3.038000000000000145e-01
3.040999999999999814e-01
3.048000000000000154e-01
3.044000000000000039e-01
3.038000000000000145e-01
3.039999999999999925e-01
3.045999999999999819e-01
3.059000000000000052e-01
3.043000000000000149e-01
3.033000000000000140e-01
3.057000000000000273e-01
3.050999999999999823e-01
3.034000000000000030e-01
3.030999999999999805e-01
3.045999999999999819e-01
3.049999999999999933e-01
3.073000000000000176e-01
3.048000000000000154e-01
3.044999999999999929e-01
3.062000000000000277e-01
3.063000000000000167e-01
3.079000000000000070e-01
3.034000000000000030e-01
