2.662443847274780229e+00
2.470842749786376746e+00
2.171039570617675718e+00
2.032437428665160972e+00
1.918816743278503489e+00
1.801461459159851008e+00
1.732400521469116272e+00
1.682979832649230900e+00
1.623325280189514164e+00
1.603661556816101008e+00
1.512090881729125869e+00
1.450677776145935072e+00
1.386770015525817801e+00
1.343909155082702700e+00
1.303002942085266014e+00
1.254311731147766062e+00
1.222479664802551325e+00
1.142026267623901470e+00
1.090330289459228608e+00
1.047545353507995713e+00
1.003607022666931137e+00
9.800789697647094290e-01
9.196595006942749340e-01
9.350483704566955323e-01
8.510153902053833042e-01
8.320109928131103061e-01
8.105125614166259762e-01
8.486287994384765776e-01
7.847782402992248274e-01
7.887599762916565060e-01
7.990579033851623603e-01
7.729000847816467346e-01
7.657826302528381035e-01
7.890688356399535586e-01
8.074973479270934895e-01
8.297971164703369373e-01
8.115494679450988569e-01
8.251783375740051607e-01
8.469434480667114018e-01
8.687426161766051980e-01
9.117727268218993597e-01
9.247563804626465211e-01
9.574237739562988514e-01
9.616137916564941879e-01
9.743414211273193626e-01
9.660409614562988079e-01
9.845793842315674338e-01
9.755475923538208249e-01
9.682660184860228947e-01
9.860309614181518301e-01
9.835564311981200847e-01
1.009903544235229544e+00
1.018751302719116181e+00
1.026320783805847237e+00
1.055203017425537126e+00
1.061127524948120016e+00
1.085441006278991649e+00
1.100080176544189436e+00
1.107082999038696336e+00
1.128318160820007243e+00
1.145024667358398363e+00
1.156763454246521050e+00
1.166942474174499589e+00
1.166077335357666112e+00
1.153791309165954626e+00
1.169702984619140684e+00
1.173254299163818404e+00
1.187669328498840438e+00
1.197445746231079022e+00
1.211873049545288072e+00
1.071037582588195702e+00
1.076335148620605420e+00
8.409539272308349522e-01
8.698960699081420556e-01
9.150643016815185327e-01
9.387111180305480751e-01
9.492894315719604403e-01
1.001101721572875913e+00
1.022080293083190927e+00
1.037929278373718178e+00
1.056615293121337951e+00
1.079681592369079679e+00
1.118594474792480531e+00
1.104244199562072648e+00
1.126349831199646045e+00
1.159040266227722160e+00
1.146283293914794887e+00
1.143629137802123941e+00
1.155907979393005380e+00
1.174590571784973170e+00
1.181854914855956951e+00
1.191682567214965793e+00
1.204426392173767013e+00
1.218012082481384262e+00
1.222240881347656183e+00
1.231615368270873923e+00
1.233622070312500041e+00
1.295319972801208586e+00
1.177244613456726041e+00
1.052123952293396059e+00
