1.000000000000000056e-01
1.000000000000000056e-01
1.000000000000000056e-01
1.000000000000000056e-01
1.000999999999999945e-01
1.000000000000000056e-01
1.140000000000000041e-01
1.000000000000000056e-01
1.501000000000000112e-01
1.350000000000000089e-01
1.696999999999999897e-01
1.555999999999999883e-01
1.368000000000000049e-01
1.489000000000000046e-01
1.718999999999999972e-01
1.227000000000000035e-01
1.084999999999999992e-01
1.656999999999999862e-01
1.635999999999999954e-01
1.718999999999999972e-01
1.706999999999999906e-01
1.446999999999999953e-01
1.456999999999999962e-01
1.617999999999999994e-01
1.215999999999999998e-01
1.771000000000000074e-01
1.270999999999999908e-01
1.980999999999999983e-01
1.759000000000000008e-01
1.426000000000000045e-01
1.872999999999999943e-01
1.960000000000000075e-01
1.955999999999999961e-01
2.093000000000000138e-01
2.126000000000000112e-01
2.064000000000000001e-01
1.554000000000000103e-01
1.860999999999999877e-01
1.522000000000000020e-01
2.398000000000000131e-01
1.854000000000000092e-01
1.933999999999999886e-01
1.895000000000000018e-01
1.819999999999999951e-01
1.902999999999999969e-01
2.210999999999999910e-01
2.137000000000000011e-01
2.001000000000000001e-01
2.409000000000000030e-01
1.635999999999999954e-01
2.596999999999999864e-01
2.497999999999999943e-01
2.636999999999999900e-01
2.602999999999999758e-01
2.660000000000000142e-01
2.585999999999999965e-01
2.587999999999999745e-01
2.620999999999999996e-01
2.519000000000000128e-01
2.600999999999999979e-01
2.596999999999999864e-01
2.556999999999999829e-01
2.587999999999999745e-01
2.707999999999999852e-01
2.515000000000000013e-01
2.543000000000000260e-01
2.636000000000000010e-01
2.747999999999999887e-01
2.579000000000000181e-01
2.741000000000000103e-01
2.646000000000000019e-01
2.595999999999999974e-01
2.664000000000000257e-01
2.655000000000000138e-01
2.640000000000000124e-01
2.669000000000000261e-01
2.665000000000000147e-01
2.661000000000000032e-01
2.701000000000000068e-01
2.636000000000000010e-01
2.642999999999999794e-01
2.677999999999999825e-01
2.686999999999999944e-01
2.656000000000000028e-01
2.685000000000000164e-01
2.716999999999999971e-01
2.637999999999999790e-01
2.665000000000000147e-01
2.660000000000000142e-01
2.679000000000000270e-01
2.675000000000000155e-01
2.639000000000000234e-01
2.594000000000000195e-01
2.710000000000000187e-01
2.659000000000000252e-01
2.644000000000000239e-01
2.644000000000000239e-01
2.669000000000000261e-01
2.730000000000000204e-01
2.688999999999999724e-01
