4.438717802124023137e+01
7.116791732025146366e+00
6.437491412353515408e+00
6.010044773101806292e+00
6.086905526733398020e+00
5.966005321502685810e+00
5.662303986358642405e+00
6.462887982940674014e+00
5.879218865966796770e+00
5.585349473571777246e+00
5.755543035125732843e+00
5.408277610778808864e+00
5.089740387725830040e+00
5.542301072692871422e+00
5.270284595489502344e+00
5.362288840484619179e+00
5.641628138732910358e+00
5.454943634033202926e+00
5.125781606292724391e+00
4.903824166107177973e+00
4.948557358551025409e+00
5.119281948089599688e+00
5.094511949920653926e+00
4.853176428985595869e+00
4.882579893493652179e+00
4.527241487884521298e+00
4.918438361358642652e+00
5.090545482635498331e+00
4.636066211700439865e+00
4.543359265136718506e+00
4.255437014007568131e+00
4.523159827423095969e+00
4.092600541687011706e+00
4.207927216339111709e+00
4.265680620574951121e+00
4.613259674835204827e+00
4.570130199432372642e+00
4.505873155212402281e+00
4.798610931396484425e+00
4.017236930847167820e+00
4.513634503173828527e+00
4.488161050415039099e+00
4.272745000457764064e+00
4.439563380432129058e+00
4.558569414520263763e+00
4.369462157440185734e+00
4.593629640960693372e+00
4.340626270294189126e+00
4.319121766662597395e+00
5.345256826019286756e+00
3.940539964294433428e+00
4.111036663055419815e+00
4.055940872192382862e+00
4.308354168701171716e+00
4.390970304107666422e+00
4.511508895111083994e+00
4.593383786773681976e+00
4.698688996887207203e+00
4.894882826995849534e+00
4.864441365051269450e+00
5.104121371459960699e+00
5.290726651763915989e+00
5.176883501434326185e+00
5.142306982421875006e+00
5.672480262756347535e+00
5.663890818786621040e+00
5.603404071044922219e+00
5.665405170440673821e+00
6.140607463073730621e+00
6.079972371673584064e+00
6.384029142761230347e+00
6.547921221160888372e+00
6.548198106384277573e+00
6.818872045898437761e+00
6.781737227630615372e+00
6.860755693054199078e+00
6.986630970764160509e+00
6.957912056732177497e+00
6.907315942382812324e+00
7.004428477478027659e+00
6.942607246398925902e+00
6.911918056488037365e+00
6.914736801147460810e+00
6.966621053314209000e+00
6.916897045135497635e+00
6.869855999755859699e+00
7.024385016632080259e+00
7.007701343536377081e+00
6.998417108154296962e+00
7.022255261230468726e+00
7.023645346832275038e+00
7.154557067108154200e+00
7.220174768066406124e+00
7.003018210601807070e+00
7.088284678649902304e+00
7.129568345642089966e+00
7.142155365753174223e+00
7.090623731994629253e+00
6.977787208557129084e+00
7.060252716064453260e+00
