2.662443822860717901e+00
2.470842823028564617e+00
2.171039490890502854e+00
2.032437496566772417e+00
1.918816730308532614e+00
1.801461526298522964e+00
1.732400490951538030e+00
1.682979875755310051e+00
1.623325298500061020e+00
1.603661437606811457e+00
1.512090878105163627e+00
1.450677650451660083e+00
1.386770028114318931e+00
1.343909262466430610e+00
1.303002862358093372e+00
1.254311835289001476e+00
1.222479603004455573e+00
1.142026276588439915e+00
1.090330429840087989e+00
1.047545280265808065e+00
1.003607135963439978e+00
9.800788717269897088e-01
9.196594551086425540e-01
9.350484377861022489e-01
8.510152309417724492e-01
8.320110754013061438e-01
8.105125059127807896e-01
8.486286926269531738e-01
7.847781941413879414e-01
7.887600448608398374e-01
7.990579495429992463e-01
7.729002000808715689e-01
7.657824335098266655e-01
7.890687591552734137e-01
8.074974163055419485e-01
8.297971744537353533e-01
8.115495582580566358e-01
8.251782240867614471e-01
8.469433375358581539e-01
8.687426361083984139e-01
9.117727958679199274e-01
9.247563571929932058e-01
9.574238206863403544e-01
9.616137845993042443e-01
9.743414701461792227e-01
9.660407335281372410e-01
9.845792802810668931e-01
9.755474632263183565e-01
9.682657407760619783e-01
9.860308628082274929e-01
9.835561477661133312e-01
1.009903235244751007e+00
1.018751568412780806e+00
1.026320768737792877e+00
1.055202937507629501e+00
1.061127598953247153e+00
1.085441052055358790e+00
1.100080222702026322e+00
1.107083022689819396e+00
1.128318418884277419e+00
1.145024738693237287e+00
1.156763633728027374e+00
1.166942478370666558e+00
1.166077534675598049e+00
1.153791244506835900e+00
1.169702915191650483e+00
1.173254355430602969e+00
1.187669425582885685e+00
1.197445995712280276e+00
1.211873039436340393e+00
1.071037657546997091e+00
1.076335329437255961e+00
8.409543481826782241e-01
8.698959928512572937e-01
9.150640449523925746e-01
9.387113090515136760e-01
9.492895257949829357e-01
1.001101771163940501e+00
1.022080281066894525e+00
1.037929382896423336e+00
1.056615051269531147e+00
1.079681499862670924e+00
1.118594417572021493e+00
1.104244323348998913e+00
1.126349699783325109e+00
1.159040043067932180e+00
1.146283307838440013e+00
1.143629164123535213e+00
1.155908041381835893e+00
1.174590411758422936e+00
1.181854893493652359e+00
1.191682652282714860e+00
1.204426407623291118e+00
1.218012343406677189e+00
1.222241036987304685e+00
1.231615680313110417e+00
1.233622122764587381e+00
1.295320055389404201e+00
1.177244601058959894e+00
1.052124182128906238e+00
