2.546046896972656270e+01
4.244137474060059034e+00
3.340416523361206202e+00
3.586124254608154427e+00
2.982633920669555572e+00
2.696980037689209020e+00
2.844554210281371898e+00
2.711105342864990053e+00
2.711684030151367164e+00
2.805841231155395299e+00
2.741247912216186577e+00
2.673451669311523560e+00
2.818006661605835017e+00
2.490010232543945268e+00
2.911129312515258860e+00
2.670091174316406413e+00
2.645721359252929616e+00
2.333286001205444382e+00
2.766729684448242299e+00
2.806245425415038852e+00
2.684025259780883577e+00
3.461026004028320280e+00
3.254773632431030350e+00
2.601013059616088974e+00
3.208175384140014685e+00
3.254465062332153380e+00
3.174329714202881014e+00
3.078840319442749163e+00
3.795704055023193302e+00
3.209035913085937608e+00
2.994646590805053687e+00
3.584139806365966852e+00
3.250897546005249161e+00
3.935301514434814241e+00
4.136796155548095655e+00
3.305645719528198079e+00
3.961136956024169820e+00
3.934730136108398391e+00
3.895508468627929766e+00
4.177956997680664308e+00
4.466963959503173598e+00
4.730880396270752186e+00
4.286285171508788849e+00
4.424968881988525560e+00
4.078206237792969091e+00
4.877776057434082269e+00
4.207277392578125053e+00
4.502092465209960537e+00
4.311410601806640486e+00
4.643026567840576213e+00
4.352758435058594166e+00
4.310521031951904725e+00
4.285194467163085719e+00
4.324802459716797109e+00
4.277509156799315981e+00
4.320894300842285318e+00
4.280007434844971037e+00
4.306711836242675950e+00
4.292160014343261665e+00
4.263779180908203514e+00
4.322226433563232106e+00
4.306481074523925479e+00
4.324597052764892702e+00
4.333751802062987935e+00
4.271240310668945384e+00
4.306832858276367304e+00
4.263808219909668296e+00
4.269714230346679962e+00
4.268341149902343368e+00
4.306385238647460589e+00
4.288797772216796922e+00
4.258154731750487976e+00
4.290903714752197118e+00
4.262571532440185607e+00
4.295448791503906349e+00
4.287376141357421844e+00
4.270273554229736312e+00
4.281987842559814794e+00
4.338286560058593366e+00
4.278584540557861082e+00
4.289022240447997625e+00
4.278738177490234662e+00
4.308902687072754034e+00
4.318517802429199470e+00
4.272638646697997977e+00
4.337018236541748450e+00
4.296802399444580089e+00
4.279582393646240490e+00
4.266235272216796659e+00
4.275887893676757479e+00
4.271275561523437680e+00
4.249968121337890814e+00
4.248040808105468358e+00
4.292023896026611496e+00
4.315975958251953237e+00
4.277139028167724177e+00
4.236643228912353898e+00
4.298132735443115138e+00
4.296510279083252115e+00
4.302122465515136440e+00
