1.188000000000000028e-01
1.862999999999999934e-01
1.940000000000000058e-01
2.109000000000000041e-01
2.197000000000000064e-01
2.484000000000000097e-01
2.695000000000000173e-01
2.645000000000000129e-01
2.626999999999999891e-01
2.659000000000000252e-01
2.429999999999999938e-01
2.805000000000000271e-01
2.461000000000000132e-01
2.725000000000000200e-01
3.113000000000000211e-01
3.104999999999999982e-01
2.993999999999999995e-01
2.995999999999999774e-01
2.967000000000000193e-01
2.757999999999999896e-01
3.180000000000000049e-01
2.765000000000000235e-01
2.928999999999999937e-01
2.933000000000000052e-01
3.163000000000000256e-01
3.242999999999999772e-01
3.091999999999999749e-01
3.163000000000000256e-01
3.351999999999999980e-01
3.200000000000000067e-01
3.418999999999999817e-01
3.281000000000000028e-01
3.462000000000000077e-01
3.392999999999999905e-01
3.260000000000000120e-01
3.296000000000000041e-01
3.276999999999999913e-01
3.412999999999999923e-01
3.330000000000000182e-01
3.382999999999999896e-01
3.477000000000000091e-01
3.433999999999999830e-01
3.411000000000000143e-01
3.487000000000000099e-01
3.452000000000000068e-01
3.487000000000000099e-01
3.519999999999999796e-01
3.496000000000000218e-01
3.488999999999999879e-01
3.503999999999999893e-01
3.513999999999999901e-01
3.497000000000000108e-01
3.491000000000000214e-01
3.481000000000000205e-01
3.503999999999999893e-01
3.503999999999999893e-01
3.492000000000000104e-01
3.503999999999999893e-01
3.503000000000000003e-01
3.486000000000000210e-01
3.488999999999999879e-01
3.497999999999999998e-01
3.493999999999999884e-01
3.496000000000000218e-01
3.508000000000000007e-01
3.514999999999999791e-01
3.521000000000000241e-01
3.512000000000000122e-01
3.501000000000000223e-01
3.492999999999999994e-01
3.518999999999999906e-01
3.517000000000000126e-01
3.482999999999999985e-01
3.522000000000000131e-01
3.509999999999999787e-01
3.512000000000000122e-01
3.508999999999999897e-01
3.497000000000000108e-01
3.502000000000000113e-01
3.504999999999999782e-01
3.513000000000000012e-01
3.523000000000000020e-01
3.523000000000000020e-01
3.518000000000000016e-01
3.506000000000000227e-01
3.497999999999999998e-01
3.514999999999999791e-01
3.516000000000000236e-01
3.513999999999999901e-01
3.494999999999999774e-01
3.512000000000000122e-01
3.513999999999999901e-01
3.497999999999999998e-01
3.516000000000000236e-01
3.501000000000000223e-01
3.506000000000000227e-01
3.518000000000000016e-01
3.526000000000000245e-01
3.513999999999999901e-01
3.497000000000000108e-01
