2.662443858718872125e+00
2.470842914962768422e+00
2.171039448547363193e+00
2.032437484359741031e+00
1.918816633033752383e+00
1.801461517333984297e+00
1.732400502777099671e+00
1.682979796028137187e+00
1.623325276947021445e+00
1.603661489677429275e+00
1.512090954589843772e+00
1.450677714729309065e+00
1.386770031738281173e+00
1.343909210014343270e+00
1.303002856254577679e+00
1.254311672973632774e+00
1.222479704284668012e+00
1.142026249694824136e+00
1.090330345153808667e+00
1.047545304679870615e+00
1.003607086753845135e+00
9.800788927078246671e-01
9.196595308303833205e-01
9.350484313011169224e-01
8.510153623580932747e-01
8.320111854553222663e-01
8.105125368118286655e-01
8.486286682128906245e-01
7.847781686782836497e-01
7.887600053787231502e-01
7.990580427169799993e-01
7.729001848220825588e-01
7.657824367523193843e-01
7.890686749458313276e-01
8.074973816871643395e-01
8.297972267150879322e-01
8.115495603561401206e-01
8.251784097671508444e-01
8.469432893753051639e-01
8.687427341461181340e-01
9.117728866577148317e-01
9.247563051223754993e-01
9.574236909866332690e-01
9.616136621475219748e-01
9.743412551879883088e-01
9.660407098770141809e-01
9.845793470382689927e-01
9.755474096298217823e-01
9.682659278869628627e-01
9.860306800842285613e-01
9.835562845230102491e-01
1.009903310585021918e+00
1.018751330375671449e+00
1.026320640945434626e+00
1.055202973937988231e+00
1.061127433204650972e+00
1.085441168212890606e+00
1.100080307769775390e+00
1.107083023071289141e+00
1.128318330001831127e+00
1.145024677467346264e+00
1.156763421440124562e+00
1.166942420959472759e+00
1.166077341270446821e+00
1.153791085624694901e+00
1.169702936744689836e+00
1.173254274749755854e+00
1.187669505310058549e+00
1.197445584297180066e+00
1.211873147010803287e+00
1.071037800788879446e+00
1.076335313606262112e+00
8.409541803359985579e-01
8.698959080696105906e-01
9.150639280319213809e-01
9.387113189697265936e-01
9.492895171165466328e-01
1.001101762962341324e+00
1.022080331611633364e+00
1.037929298400878997e+00
1.056615445327758751e+00
1.079681708526611272e+00
1.118594462203979401e+00
1.104244249916076726e+00
1.126349821662902873e+00
1.159040170478820908e+00
1.146283371162414522e+00
1.143629207611083887e+00
1.155908076477050850e+00
1.174590401268005291e+00
1.181854769134521588e+00
1.191682591247558598e+00
1.204426457214355484e+00
1.218012193298339874e+00
1.222240897369384793e+00
1.231615598869323813e+00
1.233622039794921799e+00
1.295320125389099131e+00
1.177244431304931727e+00
1.052123984718322802e+00
