1.413000000000000089e-01
1.666999999999999871e-01
1.947000000000000119e-01
2.227999999999999980e-01
2.467999999999999916e-01
2.250999999999999945e-01
2.454000000000000070e-01
3.084000000000000075e-01
3.391000000000000125e-01
2.927000000000000157e-01
3.423999999999999821e-01
3.220000000000000084e-01
3.376000000000000112e-01
3.567000000000000171e-01
3.320000000000000173e-01
3.487999999999999989e-01
3.703000000000000180e-01
3.245999999999999996e-01
3.719999999999999973e-01
3.583999999999999964e-01
3.331000000000000072e-01
3.708000000000000185e-01
3.699999999999999956e-01
3.330000000000000182e-01
3.775000000000000022e-01
3.598999999999999977e-01
3.423999999999999821e-01
3.726999999999999758e-01
3.985000000000000209e-01
3.881999999999999895e-01
3.780999999999999917e-01
3.812999999999999723e-01
3.839000000000000190e-01
3.995000000000000218e-01
4.148999999999999910e-01
3.719999999999999973e-01
3.749000000000000110e-01
3.909000000000000252e-01
3.668000000000000149e-01
3.925000000000000155e-01
3.831999999999999851e-01
3.946000000000000063e-01
3.996000000000000107e-01
3.936999999999999944e-01
3.983999999999999764e-01
3.930000000000000160e-01
4.047000000000000042e-01
4.001000000000000112e-01
4.002000000000000002e-01
4.028999999999999804e-01
4.017999999999999905e-01
4.001000000000000112e-01
4.037000000000000033e-01
4.013999999999999790e-01
4.017000000000000015e-01
3.997999999999999887e-01
4.047999999999999932e-01
4.018999999999999795e-01
4.023999999999999799e-01
4.023999999999999799e-01
4.032000000000000028e-01
4.051000000000000156e-01
4.048999999999999821e-01
4.055000000000000271e-01
4.016000000000000125e-01
4.007999999999999896e-01
4.032000000000000028e-01
4.022000000000000020e-01
4.027000000000000024e-01
4.017999999999999905e-01
4.041000000000000147e-01
4.030000000000000249e-01
4.031000000000000139e-01
4.006000000000000116e-01
4.021000000000000130e-01
4.032999999999999918e-01
3.998999999999999777e-01
4.041000000000000147e-01
4.012000000000000011e-01
4.032000000000000028e-01
4.012000000000000011e-01
4.042000000000000037e-01
4.037999999999999923e-01
4.018999999999999795e-01
4.022999999999999909e-01
4.037999999999999923e-01
4.027000000000000024e-01
4.037999999999999923e-01
4.025000000000000244e-01
4.035000000000000253e-01
4.027000000000000024e-01
4.027000000000000024e-01
4.045000000000000262e-01
4.031000000000000139e-01
4.035000000000000253e-01
4.064999999999999725e-01
4.022999999999999909e-01
4.035000000000000253e-01
4.047000000000000042e-01
4.031000000000000139e-01
