1.173000000000000015e-01
1.215999999999999998e-01
1.960000000000000075e-01
2.530000000000000027e-01
2.735000000000000209e-01
3.331000000000000072e-01
3.740999999999999881e-01
3.814000000000000168e-01
4.046000000000000152e-01
4.174999999999999822e-01
4.359000000000000097e-01
4.586999999999999966e-01
5.041999999999999815e-01
5.453000000000000069e-01
5.517999999999999572e-01
5.699999999999999512e-01
5.756000000000000005e-01
6.065000000000000391e-01
6.377000000000000446e-01
6.407000000000000473e-01
6.627999999999999448e-01
6.716999999999999638e-01
6.892000000000000348e-01
6.788999999999999480e-01
7.129999999999999671e-01
7.197000000000000064e-01
7.241999999999999549e-01
6.941000000000000503e-01
7.262999999999999456e-01
7.196000000000000174e-01
7.227000000000000091e-01
7.342999999999999527e-01
7.319999999999999840e-01
7.342999999999999527e-01
7.357000000000000206e-01
7.278999999999999915e-01
7.395000000000000462e-01
7.385000000000000453e-01
7.465000000000000524e-01
7.422999999999999599e-01
7.420999999999999819e-01
7.428000000000000158e-01
7.372999999999999554e-01
7.381999999999999673e-01
7.445000000000000506e-01
7.473999999999999533e-01
7.502999999999999670e-01
7.379000000000000004e-01
7.358000000000000096e-01
7.409999999999999920e-01
7.389000000000000012e-01
7.429000000000000048e-01
7.480999999999999872e-01
7.480999999999999872e-01
7.490999999999999881e-01
7.523999999999999577e-01
7.520000000000000018e-01
7.516000000000000458e-01
7.520000000000000018e-01
7.538000000000000256e-01
7.527000000000000357e-01
7.539000000000000146e-01
7.537000000000000366e-01
7.478000000000000203e-01
7.473999999999999533e-01
7.524999999999999467e-01
7.549000000000000155e-01
7.547000000000000375e-01
7.550999999999999934e-01
7.513999999999999568e-01
7.469999999999999973e-01
7.139999999999999680e-01
7.360999999999999766e-01
7.418000000000000149e-01
7.492999999999999661e-01
7.443999999999999506e-01
7.492999999999999661e-01
7.501999999999999780e-01
7.530999999999999917e-01
7.530000000000000027e-01
7.543999999999999595e-01
7.531999999999999806e-01
7.550999999999999934e-01
7.567000000000000393e-01
7.540999999999999925e-01
7.516000000000000458e-01
7.514999999999999458e-01
7.516000000000000458e-01
7.536000000000000476e-01
7.540000000000000036e-01
7.558000000000000274e-01
7.539000000000000146e-01
7.542999999999999705e-01
7.554999999999999494e-01
7.564999999999999503e-01
7.568000000000000282e-01
7.563999999999999613e-01
7.452999999999999625e-01
7.389000000000000012e-01
7.417000000000000259e-01
