2.662443835067748843e+00
2.470842853927612381e+00
2.171039509582519678e+00
2.032437472152710090e+00
1.918816724586486888e+00
1.801461501884460414e+00
1.732400530433654717e+00
1.682979814720153788e+00
1.623325273704528726e+00
1.603661419677734346e+00
1.512090792655944815e+00
1.450677675247192377e+00
1.386770022010803238e+00
1.343909234428405819e+00
1.303002820396423234e+00
1.254311719322204643e+00
1.222479637145996056e+00
1.142026362419128471e+00
1.090330494499206493e+00
1.047545332336425883e+00
1.003607010459899973e+00
9.800789419174193995e-01
9.196594209671020703e-01
9.350484406471252230e-01
8.510153867721557130e-01
8.320111789703369398e-01
8.105125972747803109e-01
8.486286951065062922e-01
7.847781146049499501e-01
7.887600642204284362e-01
7.990579680442809751e-01
7.729001946449279847e-01
7.657823455810547353e-01
7.890688836097716763e-01
8.074974744796753479e-01
8.297971373558044039e-01
8.115496493339539041e-01
8.251783345222473143e-01
8.469432982444763391e-01
8.687425226211548113e-01
9.117728322982787681e-01
9.247561760902405226e-01
9.574236783981323606e-01
9.616137599945068226e-01
9.743413698196411454e-01
9.660409133911133095e-01
9.845794406890868711e-01
9.755474500656128312e-01
9.682658823013305938e-01
9.860308227539062997e-01
9.835561508178710666e-01
1.009903264236450271e+00
1.018751582336425709e+00
1.026320799827575625e+00
1.055202845191955507e+00
1.061127495765685991e+00
1.085440917396545357e+00
1.100080173110961956e+00
1.107082992744445882e+00
1.128318482208251927e+00
1.145024771499633776e+00
1.156763600158691396e+00
1.166942662811279341e+00
1.166077541732787992e+00
1.153791263961791991e+00
1.169702892875671418e+00
1.173254557609558102e+00
1.187669459152221663e+00
1.197445900154113785e+00
1.211873159790038956e+00
1.071037751197814858e+00
1.076335177803039445e+00
8.409543277740478828e-01
8.698961174011230479e-01
9.150642826080321868e-01
9.387111819267273116e-01
9.492894771575928203e-01
1.001101695251464863e+00
1.022080400466918837e+00
1.037929306221008208e+00
1.056614937782287544e+00
1.079681712913513225e+00
1.118594257545471260e+00
1.104244218444824233e+00
1.126349591445922949e+00
1.159040092468261784e+00
1.146283216857910237e+00
1.143629015731811416e+00
1.155907850456237895e+00
1.174590471649169965e+00
1.181855052757263103e+00
1.191682722854614296e+00
1.204426367568969702e+00
1.218012147521972732e+00
1.222241011047363379e+00
1.231615419387817489e+00
1.233621867370605418e+00
1.295320159530639614e+00
1.177244388198852576e+00
1.052124002838134675e+00
