1.502000000000000002e-01
1.766000000000000070e-01
1.923999999999999877e-01
1.829000000000000070e-01
2.054999999999999882e-01
1.786000000000000087e-01
2.056000000000000050e-01
1.985000000000000098e-01
2.228999999999999870e-01
2.516999999999999793e-01
2.492999999999999938e-01
2.185999999999999888e-01
2.550000000000000044e-01
2.210999999999999910e-01
2.541999999999999815e-01
2.539000000000000146e-01
2.857000000000000095e-01
2.472999999999999921e-01
2.705000000000000182e-01
2.889999999999999791e-01
2.669000000000000261e-01
3.190999999999999948e-01
3.020999999999999797e-01
2.980999999999999761e-01
3.271000000000000019e-01
3.361000000000000099e-01
3.174000000000000155e-01
2.945999999999999730e-01
3.582000000000000184e-01
3.246999999999999886e-01
3.236999999999999877e-01
3.395000000000000240e-01
3.524999999999999800e-01
3.502000000000000113e-01
3.604999999999999871e-01
3.427999999999999936e-01
3.123000000000000220e-01
3.539999999999999813e-01
2.816000000000000170e-01
3.194000000000000172e-01
3.351999999999999980e-01
3.794000000000000150e-01
3.638000000000000123e-01
3.654000000000000026e-01
3.355000000000000204e-01
3.538999999999999924e-01
3.599999999999999867e-01
3.462000000000000077e-01
3.562000000000000166e-01
3.734000000000000097e-01
3.719000000000000083e-01
3.785000000000000031e-01
3.822999999999999732e-01
3.830000000000000071e-01
3.776999999999999802e-01
3.819000000000000172e-01
3.844000000000000195e-01
3.825999999999999956e-01
3.824000000000000177e-01
3.820000000000000062e-01
3.825000000000000067e-01
3.791999999999999815e-01
3.788000000000000256e-01
3.832999999999999741e-01
3.830000000000000071e-01
3.766999999999999793e-01
3.800000000000000044e-01
3.847999999999999754e-01
3.783000000000000251e-01
3.815000000000000058e-01
3.836999999999999855e-01
3.765999999999999903e-01
3.842999999999999750e-01
3.829000000000000181e-01
3.804000000000000159e-01
3.799000000000000155e-01
3.790999999999999925e-01
3.790999999999999925e-01
3.815000000000000058e-01
3.780999999999999917e-01
3.808000000000000274e-01
3.795999999999999930e-01
3.778000000000000247e-01
3.788000000000000256e-01
3.790000000000000036e-01
3.819000000000000172e-01
3.817999999999999727e-01
3.796999999999999820e-01
3.806999999999999829e-01
3.814000000000000168e-01
3.778000000000000247e-01
3.789000000000000146e-01
3.785000000000000031e-01
3.776999999999999802e-01
3.808000000000000274e-01
3.796999999999999820e-01
3.791999999999999815e-01
3.760999999999999899e-01
3.779000000000000137e-01
3.793000000000000260e-01
