1.110619367919921814e+02
6.890447972106933605e+00
7.707318209838867062e+00
7.831817907714843763e+00
7.204026540374755427e+00
8.138544552612303917e+00
6.416326498413085666e+00
7.604820827484131129e+00
6.731411247253418217e+00
6.548632299041748261e+00
6.669711669158935763e+00
6.947196085357665751e+00
7.063456367492675803e+00
7.122530737304687776e+00
7.330240529632568780e+00
6.994648260498046888e+00
6.767844649505614818e+00
7.957263175964355284e+00
7.038949749755859742e+00
6.776133009338378699e+00
7.257859930419922279e+00
6.895881964874267744e+00
6.846406033325195040e+00
7.109864126586914246e+00
6.827784463500976564e+00
6.420048922729492347e+00
6.736425661468506298e+00
7.316260272979736357e+00
6.859044779968261452e+00
7.223009332275390548e+00
6.664122830200195580e+00
7.448551974487304328e+00
7.105126556396484716e+00
7.098558029174804496e+00
6.815589208221435769e+00
6.672997927093505588e+00
7.878030020141601142e+00
6.954847769165039217e+00
9.162078825378417335e+00
7.341060788726806230e+00
7.315756177520752246e+00
8.079138629150390827e+00
7.143522303009032903e+00
7.763994268798827925e+00
7.777433203124999750e+00
7.666835081481933933e+00
7.107574033355712473e+00
7.719698166656494109e+00
7.520282789611816732e+00
8.221546873474121497e+00
7.795149993896484553e+00
7.820450965881347472e+00
7.793301692199706920e+00
7.793184509277343963e+00
7.954850326538085881e+00
7.833898239135741903e+00
7.938741473388671643e+00
7.987562702941894521e+00
8.053885218811034363e+00
8.038542893981933446e+00
8.093575752258301392e+00
8.197403082275391384e+00
8.159726826477051276e+00
8.107331820678711054e+00
8.090310101318358704e+00
8.174912213134765793e+00
8.236720236206053869e+00
8.122614556884766301e+00
8.229028823852539531e+00
8.251331466674804105e+00
8.129024555969238008e+00
8.417003547668457486e+00
8.165473963928223000e+00
8.233225685119629489e+00
8.275556365966796335e+00
8.232805302429198946e+00
8.270477192687987866e+00
8.230587565612793810e+00
8.268420756530762361e+00
8.342231468200683508e+00
8.200580201721191287e+00
8.284722015380859617e+00
8.282729812622070753e+00
8.259424520874024012e+00
8.285823191833495471e+00
8.275980502319335130e+00
8.212591046142577511e+00
8.308155455017089963e+00
8.247861097717285261e+00
8.322539566040038750e+00
8.306222999572753452e+00
8.258710182189942017e+00
8.303272268676757051e+00
8.284735900878906989e+00
8.365357977294921810e+00
8.275979016113280906e+00
8.298675117492676279e+00
8.397862518310546420e+00
8.426180006408690915e+00
8.285796765136717923e+00
