2.662443871688842556e+00
2.470842823791504106e+00
2.171039509582519678e+00
2.032437532806396607e+00
1.918816779518127458e+00
1.801461468505859420e+00
1.732400545501709077e+00
1.682979869651794358e+00
1.623325295639038046e+00
1.603661499023437464e+00
1.512090896415710484e+00
1.450677757453918471e+00
1.386770000839233408e+00
1.343909194564819387e+00
1.303002880668640229e+00
1.254311856079101561e+00
1.222479570007324323e+00
1.142026301383972209e+00
1.090330335044860766e+00
1.047545258903503473e+00
1.003607123756408592e+00
9.800788896560669317e-01
9.196595678329467782e-01
9.350484684944152525e-01
8.510153261184691953e-01
8.320111659049987951e-01
8.105125337600708191e-01
8.486288391113281371e-01
7.847781469345093130e-01
7.887600597381592138e-01
7.990580833435058095e-01
7.729001319885253629e-01
7.657823297500609971e-01
7.890687909126281596e-01
8.074974390029907578e-01
8.297970654487609732e-01
8.115495476722717205e-01
8.251781009674071798e-01
8.469435292243957525e-01
8.687425551414489355e-01
9.117727764129638368e-01
9.247562649726868145e-01
9.574235797882080234e-01
9.616137487411499096e-01
9.743414003372192767e-01
9.660408267974853747e-01
9.845793708801269251e-01
9.755474449157715000e-01
9.682658111572265414e-01
9.860307865142822203e-01
9.835563425064086651e-01
1.009903564834594647e+00
1.018751605606079025e+00
1.026320820426940950e+00
1.055202850341796950e+00
1.061127456665039048e+00
1.085440929985046488e+00
1.100080140876769974e+00
1.107082984542846704e+00
1.128318245697021549e+00
1.145024827194213835e+00
1.156763581085205050e+00
1.166942339706420917e+00
1.166077382278442487e+00
1.153791286087036072e+00
1.169703066253662049e+00
1.173254532432556063e+00
1.187669411468505798e+00
1.197445790863037152e+00
1.211872949409484868e+00
1.071037611770629949e+00
1.076335185813903861e+00
8.409542448043823004e-01
8.698961382865906256e-01
9.150641006469726335e-01
9.387112396240234746e-01
9.492893952369689803e-01
1.001101806831359964e+00
1.022080309867858805e+00
1.037929208183288488e+00
1.056615280151367298e+00
1.079681596565246648e+00
1.118594332504272426e+00
1.104244117164611794e+00
1.126349870109558005e+00
1.159040204429626408e+00
1.146283257865905680e+00
1.143629091453552293e+00
1.155908056640625015e+00
1.174590259170532169e+00
1.181854904937744033e+00
1.191682589530944858e+00
1.204426337242126444e+00
1.218012181282043471e+00
1.222241063880920464e+00
1.231615614318847696e+00
1.233622240829467698e+00
1.295320027732849155e+00
1.177244289970397872e+00
1.052124005317687905e+00
