1.287999999999999978e-01
2.013999999999999957e-01
2.575000000000000067e-01
2.574000000000000177e-01
2.748999999999999777e-01
2.716000000000000081e-01
2.858999999999999875e-01
2.721999999999999975e-01
2.589000000000000190e-01
3.129000000000000115e-01
3.195999999999999952e-01
3.237999999999999767e-01
3.383999999999999786e-01
3.711999999999999744e-01
3.841999999999999860e-01
3.595999999999999752e-01
3.381000000000000116e-01
3.847999999999999754e-01
4.062000000000000055e-01
3.800000000000000044e-01
4.037999999999999923e-01
3.729999999999999982e-01
3.995000000000000218e-01
3.967999999999999861e-01
4.011000000000000121e-01
3.924000000000000266e-01
4.243999999999999995e-01
4.380000000000000004e-01
4.349000000000000088e-01
3.839000000000000190e-01
4.208000000000000074e-01
4.440000000000000058e-01
4.169999999999999818e-01
4.388000000000000234e-01
4.188000000000000056e-01
4.157000000000000139e-01
3.901999999999999913e-01
4.390000000000000013e-01
4.476999999999999869e-01
4.446999999999999842e-01
4.450999999999999956e-01
4.502999999999999781e-01
4.470999999999999974e-01
4.505000000000000115e-01
4.572999999999999843e-01
4.529000000000000248e-01
4.596000000000000085e-01
4.591999999999999971e-01
4.546999999999999931e-01
4.536999999999999922e-01
4.561000000000000054e-01
4.551000000000000045e-01
4.556999999999999940e-01
4.551000000000000045e-01
4.540000000000000147e-01
4.534000000000000252e-01
4.571999999999999953e-01
4.544000000000000261e-01
4.576000000000000068e-01
4.531999999999999917e-01
4.536000000000000032e-01
4.575000000000000178e-01
4.581000000000000072e-01
4.561000000000000054e-01
4.561000000000000054e-01
4.577999999999999847e-01
4.568999999999999728e-01
4.546000000000000041e-01
4.583999999999999742e-01
4.576000000000000068e-01
4.547999999999999821e-01
4.544000000000000261e-01
4.570000000000000173e-01
4.570000000000000173e-01
4.551000000000000045e-01
4.566000000000000059e-01
4.582999999999999852e-01
4.555000000000000160e-01
4.556000000000000050e-01
4.562999999999999834e-01
4.578999999999999737e-01
4.571000000000000063e-01
4.562999999999999834e-01
4.596000000000000085e-01
4.542999999999999816e-01
4.561999999999999944e-01
4.550000000000000155e-01
4.593999999999999750e-01
4.591000000000000081e-01
4.545000000000000151e-01
4.593999999999999750e-01
4.549000000000000266e-01
4.550000000000000155e-01
4.576000000000000068e-01
4.595000000000000195e-01
4.540000000000000147e-01
4.573999999999999733e-01
4.581000000000000072e-01
4.565000000000000169e-01
4.591000000000000081e-01
