2.662443816375732464e+00
2.470842871856689271e+00
2.171039503097534240e+00
2.032437483978271509e+00
1.918816712379455502e+00
1.801461532402038657e+00
1.732400499534606952e+00
1.682979762268066448e+00
1.623325365257263231e+00
1.603661495780944746e+00
1.512091009140014597e+00
1.450677687072753796e+00
1.386769994735717715e+00
1.343909179878234772e+00
1.303002857017517169e+00
1.254311834907531731e+00
1.222479585075378461e+00
1.142026283073425352e+00
1.090330543708801336e+00
1.047545237731933643e+00
1.003607059288024850e+00
9.800787399291992497e-01
9.196595069885253881e-01
9.350483981132506894e-01
8.510153120994567999e-01
8.320112175941467569e-01
8.105125699996947874e-01
8.486288324356079382e-01
7.847781727790832385e-01
7.887600511550902915e-01
7.990578296661376978e-01
7.729001232147216793e-01
7.657823557853699059e-01
7.890687888145446749e-01
8.074973635673522443e-01
8.297971162796020650e-01
8.115495711326599082e-01
8.251783679008484196e-01
8.469434850692748595e-01
8.687426027297973086e-01
9.117727127075195837e-01
9.247562618255614764e-01
9.574236547470093006e-01
9.616139102935791216e-01
9.743413537979126460e-01
9.660408784866333365e-01
9.845792505264282513e-01
9.755474790573119837e-01
9.682658790588378750e-01
9.860307991027832397e-01
9.835562517166137608e-01
1.009903328895568775e+00
1.018751559638977122e+00
1.026320928573608349e+00
1.055203124809265036e+00
1.061127513313293358e+00
1.085440974426269634e+00
1.100080146217346178e+00
1.107082676696777401e+00
1.128318164062499962e+00
1.145024870300292985e+00
1.156763443374633882e+00
1.166942563438415625e+00
1.166077588081359862e+00
1.153791320991516045e+00
1.169702852630615242e+00
1.173254503059387277e+00
1.187669528961181609e+00
1.197445709037780803e+00
1.211873014068603593e+00
1.071037648582458424e+00
1.076335335350036670e+00
8.409542203903198621e-01
8.698960010528564712e-01
9.150641347885132282e-01
9.387110167503357472e-01
9.492894323348999297e-01
1.001101652526855457e+00
1.022080422210693396e+00
1.037929427909850988e+00
1.056615122795105055e+00
1.079681482696533301e+00
1.118594267272949194e+00
1.104244234275817860e+00
1.126349803733825761e+00
1.159040125274658273e+00
1.146283327865600610e+00
1.143629228210449211e+00
1.155908070373535157e+00
1.174590351676940925e+00
1.181854853820800688e+00
1.191682717323303331e+00
1.204426683807372944e+00
1.218012090301513695e+00
1.222241076087951628e+00
1.231615842247009374e+00
1.233622185897827128e+00
1.295319801139831473e+00
1.177244846153259195e+00
1.052123815727233902e+00
