9.869999999999999607e-02
1.595999999999999919e-01
2.185999999999999888e-01
2.051999999999999935e-01
2.200999999999999901e-01
2.202999999999999958e-01
2.464999999999999969e-01
2.566999999999999837e-01
2.116999999999999993e-01
2.564000000000000168e-01
2.591999999999999860e-01
2.824999999999999734e-01
2.785000000000000253e-01
2.943999999999999950e-01
2.923000000000000043e-01
2.822999999999999954e-01
3.086999999999999744e-01
3.133000000000000229e-01
2.914999999999999813e-01
3.069999999999999951e-01
3.057000000000000273e-01
3.307999999999999829e-01
3.043000000000000149e-01
3.301999999999999935e-01
2.988000000000000100e-01
3.064000000000000057e-01
3.131999999999999784e-01
3.372999999999999887e-01
3.338999999999999746e-01
3.431000000000000161e-01
3.356000000000000094e-01
3.391000000000000125e-01
3.385000000000000231e-01
3.035999999999999810e-01
3.350000000000000200e-01
3.397999999999999909e-01
3.214000000000000190e-01
3.165000000000000036e-01
3.064999999999999947e-01
3.275000000000000133e-01
3.325000000000000178e-01
3.602000000000000202e-01
3.376000000000000112e-01
3.476000000000000201e-01
3.452999999999999958e-01
3.444999999999999729e-01
3.421000000000000152e-01
3.496000000000000218e-01
3.279000000000000248e-01
3.365000000000000213e-01
3.497000000000000108e-01
3.537000000000000144e-01
3.568000000000000060e-01
3.554999999999999827e-01
3.551000000000000267e-01
3.564999999999999836e-01
3.565999999999999726e-01
3.567000000000000171e-01
3.558999999999999941e-01
3.568999999999999950e-01
3.568000000000000060e-01
3.578000000000000069e-01
3.578000000000000069e-01
3.558000000000000052e-01
3.553000000000000047e-01
3.584999999999999853e-01
3.567000000000000171e-01
3.559999999999999831e-01
3.577000000000000179e-01
3.573000000000000065e-01
3.577000000000000179e-01
3.577000000000000179e-01
3.583999999999999964e-01
3.558000000000000052e-01
3.574999999999999845e-01
3.583999999999999964e-01
3.564999999999999836e-01
3.568000000000000060e-01
3.582000000000000184e-01
3.579999999999999849e-01
3.582000000000000184e-01
3.572000000000000175e-01
3.587000000000000188e-01
3.578999999999999959e-01
3.588000000000000078e-01
3.569999999999999840e-01
3.583999999999999964e-01
3.583999999999999964e-01
3.603000000000000091e-01
3.580999999999999739e-01
3.573999999999999955e-01
3.599999999999999867e-01
3.590999999999999748e-01
3.567000000000000171e-01
3.568999999999999950e-01
3.562000000000000166e-01
3.563000000000000056e-01
3.578000000000000069e-01
3.565999999999999726e-01
3.583999999999999964e-01
