1.135000000000000037e-01
9.705000000000000293e-01
9.776000000000000245e-01
9.782999999999999474e-01
9.796000000000000263e-01
9.857000000000000206e-01
9.836000000000000298e-01
9.840999999999999748e-01
9.819999999999999840e-01
9.814000000000000501e-01
9.776000000000000245e-01
9.829999999999999849e-01
9.824000000000000510e-01
9.829999999999999849e-01
9.798999999999999932e-01
9.829999999999999849e-01
9.786000000000000254e-01
9.789999999999999813e-01
9.846000000000000307e-01
9.827000000000000179e-01
9.850999999999999757e-01
9.855000000000000426e-01
9.859999999999999876e-01
9.860999999999999766e-01
9.810999999999999721e-01
9.647000000000000020e-01
9.807000000000000162e-01
9.852999999999999536e-01
9.852999999999999536e-01
9.851999999999999647e-01
9.851999999999999647e-01
9.864000000000000545e-01
9.872999999999999554e-01
9.856000000000000316e-01
9.860999999999999766e-01
9.869999999999999885e-01
9.856000000000000316e-01
9.856000000000000316e-01
9.861999999999999655e-01
9.844000000000000528e-01
9.864000000000000545e-01
9.844000000000000528e-01
9.856000000000000316e-01
9.852999999999999536e-01
9.831999999999999629e-01
9.844000000000000528e-01
9.838999999999999968e-01
9.834000000000000519e-01
9.849999999999999867e-01
9.825000000000000400e-01
9.830999999999999739e-01
9.821999999999999620e-01
9.838000000000000078e-01
9.835000000000000409e-01
9.855000000000000426e-01
9.849999999999999867e-01
9.849999999999999867e-01
9.857000000000000206e-01
9.871999999999999664e-01
9.876000000000000334e-01
9.879999999999999893e-01
9.869999999999999885e-01
9.874000000000000554e-01
9.876000000000000334e-01
9.878000000000000114e-01
9.864000000000000545e-01
9.868000000000000105e-01
9.875000000000000444e-01
9.878000000000000114e-01
9.879000000000000004e-01
9.862999999999999545e-01
9.874000000000000554e-01
9.862999999999999545e-01
9.872999999999999554e-01
9.887000000000000233e-01
9.882999999999999563e-01
9.883999999999999453e-01
9.886000000000000343e-01
9.885000000000000453e-01
9.881999999999999673e-01
9.859999999999999876e-01
9.830999999999999739e-01
9.834000000000000519e-01
9.838000000000000078e-01
9.825000000000000400e-01
9.694000000000000394e-01
9.782999999999999474e-01
9.856000000000000316e-01
9.846000000000000307e-01
9.846000000000000307e-01
9.867000000000000215e-01
9.860999999999999766e-01
9.858999999999999986e-01
9.847000000000000197e-01
9.847000000000000197e-01
9.862999999999999545e-01
9.841999999999999638e-01
9.851999999999999647e-01
9.848000000000000087e-01
9.860999999999999766e-01
