2.300930984115600708e+00
2.602656432628631666e-01
6.966572062969207668e-02
4.824693792462349251e-02
3.491776024103164511e-02
2.944371789395809277e-02
2.733590874373912835e-02
2.601503539085388284e-02
2.283128027617931446e-02
2.238130622208118342e-02
2.199740701317787206e-02
2.153848364055156728e-02
1.919068184792995305e-02
1.996925706267356840e-02
1.976941148042678925e-02
1.997077018022537162e-02
1.882295198142528575e-02
1.983723883032798702e-02
1.986258617788553074e-02
2.071142219305038487e-02
1.968207925260067118e-02
1.855363714545965256e-02
1.870761772841215281e-02
1.894078652858734169e-02
1.824952962994575573e-02
1.812228834927082088e-02
1.861316544860601441e-02
1.865862440168857689e-02
1.874020656943321123e-02
1.782637999355793021e-02
1.814574566334485953e-02
2.005106795728206492e-02
2.011883766651153399e-02
1.956459000110626067e-02
1.988874839544296433e-02
1.945999045968055743e-02
1.836704000830650246e-02
1.843185378611087930e-02
1.880605863034725059e-02
1.906366756409406601e-02
1.900807718485593781e-02
1.855534952878952135e-02
1.882202040255069597e-02
1.943278308510780483e-02
1.759000306427478677e-02
1.926921185255050725e-02
1.939376436471939094e-02
1.981866856515407394e-02
1.831128988862037663e-02
2.066317815333604951e-02
1.931102432608604313e-02
2.060267029404640182e-02
1.892236123234033660e-02
1.888364502191543573e-02
2.009765581786632574e-02
2.174227289557456935e-02
2.160664777755737231e-02
1.934204131811857394e-02
2.046877769082784682e-02
2.169562601447105540e-02
1.864513222873210793e-02
2.023959719538688529e-02
1.993876367211341871e-02
1.868695688098669094e-02
1.950239547193050385e-02
1.956419903486967052e-02
2.000714750289916966e-02
1.993428502976894376e-02
2.282207775115966883e-02
1.957014904916286324e-02
1.999633608460426454e-02
2.145525543689727824e-02
2.217822860777378044e-02
2.086987285614013560e-02
2.167156245708465670e-02
2.363369873166084462e-02
2.155641984492540422e-02
2.198752777129411862e-02
2.259571573138237019e-02
2.252680269032716898e-02
2.261952732205390823e-02
2.255114937275648143e-02
2.252370299994945618e-02
2.266105217784643300e-02
2.239022964686155151e-02
2.160578532516956377e-02
2.206193451583385312e-02
2.278151486963033573e-02
2.121383108794689179e-02
2.297290515750646453e-02
2.354698528349399508e-02
2.439042870104312852e-02
2.313842211067676513e-02
2.329679324030876214e-02
2.331152131557464452e-02
2.228400685191154335e-02
2.090122084319591400e-02
2.201046951711177826e-02
1.916584363281726919e-02
2.042033936083316806e-02
