2.298369948959350761e+00
2.795836755275726282e-01
1.010641085863113464e-01
8.302767187356949186e-02
7.438936931490898463e-02
6.684215476512908594e-02
7.301984640955924699e-02
6.831405534744262875e-02
5.669516212940216293e-02
4.605772200226783408e-02
4.666467806100845633e-02
4.904543712139129708e-02
4.780379454493522556e-02
4.601477960348129143e-02
5.242198399305343648e-02
5.371763556003570500e-02
7.054039072990417325e-02
6.092112607955932346e-02
5.667953469753265333e-02
5.154511198401451333e-02
5.241987832188606256e-02
6.160622546672821220e-02
4.508664888739585819e-02
4.511168889999389586e-02
4.473144413828850086e-02
4.563998552262783087e-02
4.129770486354827908e-02
3.840337167978286753e-02
3.962085741162300195e-02
3.631654751300811973e-02
3.877096763253212036e-02
3.614739861488342615e-02
5.740132078528404486e-02
4.406144223809242005e-02
4.116454063057899820e-02
5.112709383368491817e-02
6.452380548119544812e-02
8.056477940678596905e-02
6.198486319780349696e-02
5.592791531085967993e-02
5.309725062847137772e-02
5.845066829323768837e-02
4.934511935710907127e-02
4.154633415341377201e-02
5.421267865896225308e-02
6.270540313720703030e-02
5.008539997339248734e-02
4.690989372730255264e-02
4.191820769309997224e-02
4.120017228722572256e-02
4.027460777759551969e-02
4.530868661999702673e-02
4.275358986854553567e-02
4.460157710313796681e-02
4.338003018498420849e-02
4.396614800095557940e-02
4.415027321577072450e-02
4.740197781324386600e-02
6.397746641635894405e-02
4.544226555228233350e-02
6.270277336239814259e-02
6.392390217185020540e-02
5.786822866797447507e-02
5.075148852467536997e-02
5.743437887430190986e-02
4.743783738613128326e-02
4.650841072797775450e-02
4.761585211753845137e-02
5.353989530205726516e-02
4.475302984714508298e-02
4.046971618533134335e-02
4.256799564361572058e-02
4.580804727673530585e-02
5.648883637785911266e-02
9.641173726320266535e-02
5.482343391180038300e-02
5.446637997627258587e-02
5.256962930560112046e-02
6.793852482438086926e-02
6.126093587279319436e-02
5.406502977013587924e-02
5.265526140928268595e-02
4.965306403040885969e-02
5.403924123048782502e-02
6.838546083569527201e-02
5.679311145544051892e-02
5.710784204006195269e-02
6.608299116492270808e-02
6.443536046147346763e-02
5.676914190649986341e-02
5.910728806257247586e-02
5.483261851072311621e-02
5.327252267003059621e-02
6.077743996977805901e-02
5.282500582933426225e-02
5.243080158233642818e-02
5.190575300455093494e-02
5.448564815521240307e-02
5.170729418396950022e-02
5.146208195686340081e-02
