2.300930959701537937e+00
2.602656493663788040e-01
6.966571948528289815e-02
4.824693362712859784e-02
3.491775861382484525e-02
2.944371664822101678e-02
2.733590908646583648e-02
2.601503466665744738e-02
2.283127913475036658e-02
2.238130589127540482e-02
2.199740697443485285e-02
2.153848700374364974e-02
1.919068194925785051e-02
1.996925563812255999e-02
1.976941023468971326e-02
1.997076760530471645e-02
1.882295171022415128e-02
1.983723982572555694e-02
1.986258673518895984e-02
2.071142403483390917e-02
1.968207967579364837e-02
1.855363853424787587e-02
1.870761554092168974e-02
1.894078791886568205e-02
1.824953130483627367e-02
1.812229077517986398e-02
1.861316510140895858e-02
1.865862661898136030e-02
1.874020588397979845e-02
1.782637966573238225e-02
1.814574466198682831e-02
2.005106877088546832e-02
2.011883700788021090e-02
1.956458806395530714e-02
1.988875052928924456e-02
1.945999178588390249e-02
1.836704183220863248e-02
1.843185714483261059e-02
1.880605743825435744e-02
1.906366966515779526e-02
1.900807593762874476e-02
1.855534964501857897e-02
1.882202301323413970e-02
1.943278178274631535e-02
1.758999935686588259e-02
1.926920925974845780e-02
1.939376226365566169e-02
1.981867357790470172e-02
1.831129769980907596e-02
2.066317668557167073e-02
1.931102550625801023e-02
2.060267213881015677e-02
1.892236005067825244e-02
1.888364579081535169e-02
2.009765614569187023e-02
2.174227269589900854e-02
2.160664488226175448e-02
1.934204553961753684e-02
2.046877707540989064e-02
2.169562644362449735e-02
1.864512999057769613e-02
2.023959904313087435e-02
1.993875961899757229e-02
1.868696116656064915e-02
1.950239363461732725e-02
1.956419603079557340e-02
2.000714790225029127e-02
1.993427985012531309e-02
2.282208283245563615e-02
1.957014786005020074e-02
1.999634006619453383e-02
2.145525447726249688e-02
2.217822815179824880e-02
2.086987023949623057e-02
2.167156049311161001e-02
2.363369827270507886e-02
2.155641865134239055e-02
2.198752861768007300e-02
2.259570745229720970e-02
2.252680285871028892e-02
2.261952805221080845e-02
2.255114761590957737e-02
2.252370715737342724e-02
2.266104910820722698e-02
2.239022977501153866e-02
2.160578055381775012e-02
2.206193678826093643e-02
2.278151632547378500e-02
2.121383547633886452e-02
2.297290365397930065e-02
2.354698369801044508e-02
2.439042723178863614e-02
2.313842325508594366e-02
2.329679133594035959e-02
2.331152186691760886e-02
2.228400672674179031e-02
2.090122102200984988e-02
2.201047002971172339e-02
1.916583974063396437e-02
2.042034256905317369e-02
