2.300930984115600708e+00
2.602656471252441372e-01
6.966572195291519110e-02
4.824693563580512851e-02
3.491775755882263466e-02
2.944371749460697116e-02
2.733590665161609798e-02
2.601503759622574019e-02
2.283127965331077647e-02
2.238130689561367015e-02
2.199740745127200942e-02
2.153848522603511728e-02
1.919067693650722620e-02
1.996925424635410257e-02
1.976940946877002794e-02
1.997076876759529274e-02
1.882295275032520171e-02
1.983723819851875361e-02
1.986258680373430285e-02
2.071142400205135473e-02
1.968207887113094384e-02
1.855363796502351725e-02
1.870761588811874557e-02
1.894078561961650906e-02
1.824953035414218772e-02
1.812229058742523269e-02
1.861316288709640582e-02
1.865862527191639031e-02
1.874020631611347104e-02
1.782638115584850302e-02
1.814574617147445695e-02
2.005106814503669621e-02
2.011883637905120814e-02
1.956458891332149563e-02
1.988875153064727924e-02
1.945999102592468194e-02
1.836703925728798079e-02
1.843185651004314307e-02
1.880606110095977765e-02
1.906366892904043028e-02
1.900807871073484367e-02
1.855534919351339504e-02
1.882202035784721547e-02
1.943278432786464671e-02
1.758999942243099149e-02
1.926921271681785591e-02
1.939376166462898274e-02
1.981866848468780487e-02
1.831129273474216626e-02
2.066317955851555005e-02
1.931102506220340811e-02
2.060267313122749258e-02
1.892236204594373652e-02
1.888364768028259408e-02
2.009766071736812654e-02
2.174227398335933786e-02
2.160664675086736847e-02
1.934204508513212226e-02
2.046877491623163084e-02
2.169562495350837658e-02
1.864513089060783335e-02
2.023959887623786799e-02
1.993875641226768372e-02
1.868695672303438346e-02
1.950239240378141489e-02
1.956419955939054517e-02
2.000714869201183216e-02
1.993428469896316516e-02
2.282207728028297355e-02
1.957014838159084474e-02
1.999633924663066914e-02
2.145525534451007965e-02
2.217822733819484540e-02
2.086987062096595791e-02
2.167156216204166319e-02
2.363370150327682648e-02
2.155641972571611248e-02
2.198752893954515619e-02
2.259570986926555738e-02
2.252680254429578754e-02
2.261952537894248993e-02
2.255115242600441022e-02
2.252370749413967060e-02
2.266105057597160230e-02
2.239023043662309587e-02
2.160578583180904413e-02
2.206193392723798663e-02
2.278151702135801371e-02
2.121383839696645845e-02
2.297290501892566839e-02
2.354698509275913315e-02
2.439042655229568465e-02
2.313842261433601485e-02
2.329679196476936234e-02
2.331152338385581932e-02
2.228400985896587458e-02
2.090121727287769238e-02
2.201046854853630150e-02
1.916584090888500194e-02
2.042033521831035717e-02
