2.300930984115600708e+00
2.602656547546386978e-01
6.966571602821350351e-02
4.824694106578827218e-02
3.491775384545326572e-02
2.944371692240238189e-02
2.733591017425060152e-02
2.601503494977951136e-02
2.283127736151218529e-02
2.238130556046962621e-02
2.199740716814994890e-02
2.153848485797643653e-02
1.919067954123020170e-02
1.996925534307956648e-02
1.976941108703613240e-02
1.997077070772647692e-02
1.882294896245002847e-02
1.983723750710487260e-02
1.986258623450994423e-02
2.071142228543758346e-02
1.968207882344722576e-02
1.855363751053810267e-02
1.870761621147394235e-02
1.894078666120767654e-02
1.824953154921531845e-02
1.812229197025299124e-02
1.861316380202770321e-02
1.865862618386745359e-02
1.874020725488662747e-02
1.782637945860624309e-02
1.814574565887451182e-02
2.005106570720672707e-02
2.011883571147918617e-02
1.956458775401115346e-02
1.988874838650226545e-02
1.945999260544777065e-02
1.836704406738281364e-02
1.843185684680938644e-02
1.880606082081794778e-02
1.906366943567991412e-02
1.900807809382677044e-02
1.855535132884979233e-02
1.882202188372612134e-02
1.943278148770332184e-02
1.759000068008899700e-02
1.926921011805534517e-02
1.939376251101493712e-02
1.981866765916347542e-02
1.831129023730754951e-02
2.066317830234766159e-02
1.931102793216705332e-02
2.060267153382301306e-02
1.892235926985740696e-02
1.888364665806293446e-02
2.009765974283218501e-02
2.174227433204650728e-02
2.160664577037095871e-02
1.934204294979572150e-02
2.046877147555351342e-02
2.169562098979949810e-02
1.864513140618801260e-02
2.023959822356700966e-02
1.993876165002584494e-02
1.868695721179246955e-02
1.950239107906818342e-02
1.956419852674007309e-02
2.000714537203312007e-02
1.993428119122982178e-02
2.282207926213741453e-02
1.957014675438404142e-02
1.999633663296699476e-02
2.145525484085082993e-02
2.217822979688644294e-02
2.086986804604530274e-02
2.167155873477458888e-02
2.363369776308536438e-02
2.155641968101263198e-02
2.198752964884042801e-02
2.259571165442466820e-02
2.252679971754550925e-02
2.261952464580535907e-02
2.255115536898374615e-02
2.252370830178260924e-02
2.266105287969112300e-02
2.239023311287164850e-02
2.160578169822692865e-02
2.206193362772464889e-02
2.278151676654815647e-02
2.121383440345525617e-02
2.297290308326482844e-02
2.354698038101196364e-02
2.439042892158031425e-02
2.313842125535011188e-02
2.329679098725319017e-02
2.331152631342411213e-02
2.228400750756263579e-02
2.090121904611587367e-02
2.201046473085880445e-02
1.916583603620529083e-02
2.042033915221691184e-02
