1.135000000000000037e-01
9.526000000000000023e-01
9.746000000000000218e-01
9.780999999999999694e-01
9.780999999999999694e-01
9.782999999999999474e-01
9.812999999999999501e-01
9.827000000000000179e-01
9.806000000000000272e-01
9.854000000000000536e-01
9.851999999999999647e-01
9.855000000000000426e-01
9.850999999999999757e-01
9.829999999999999849e-01
9.811999999999999611e-01
9.831999999999999629e-01
9.862999999999999545e-01
9.809999999999999831e-01
9.832999999999999519e-01
9.856000000000000316e-01
9.845000000000000417e-01
9.845000000000000417e-01
9.868999999999999995e-01
9.835000000000000409e-01
9.769999999999999796e-01
9.821999999999999620e-01
9.849999999999999867e-01
9.856000000000000316e-01
9.868999999999999995e-01
9.835000000000000409e-01
9.880999999999999783e-01
9.885000000000000453e-01
9.855000000000000426e-01
9.861999999999999655e-01
9.892999999999999572e-01
9.865000000000000435e-01
9.888000000000000123e-01
9.899000000000000021e-01
9.865000000000000435e-01
9.868999999999999995e-01
9.877000000000000224e-01
9.868000000000000105e-01
9.850999999999999757e-01
9.865000000000000435e-01
9.868000000000000105e-01
9.824000000000000510e-01
9.835000000000000409e-01
9.851999999999999647e-01
9.851999999999999647e-01
9.861999999999999655e-01
9.842999999999999527e-01
9.845000000000000417e-01
9.842999999999999527e-01
9.855000000000000426e-01
9.864000000000000545e-01
9.848999999999999977e-01
9.818999999999999950e-01
9.774000000000000465e-01
9.822999999999999510e-01
9.808999999999999941e-01
9.860999999999999766e-01
9.859999999999999876e-01
9.868000000000000105e-01
9.855000000000000426e-01
9.871999999999999664e-01
9.862999999999999545e-01
9.866000000000000325e-01
9.882999999999999563e-01
9.883999999999999453e-01
9.885000000000000453e-01
9.889000000000000012e-01
9.885000000000000453e-01
9.879999999999999893e-01
9.882999999999999563e-01
9.886000000000000343e-01
9.879000000000000004e-01
9.880999999999999783e-01
9.887000000000000233e-01
9.889999999999999902e-01
9.866000000000000325e-01
9.892999999999999572e-01
9.875000000000000444e-01
9.881999999999999673e-01
9.880999999999999783e-01
9.875000000000000444e-01
9.879000000000000004e-01
9.878000000000000114e-01
9.883999999999999453e-01
9.883999999999999453e-01
9.886000000000000343e-01
9.887000000000000233e-01
9.885000000000000453e-01
9.889999999999999902e-01
9.888000000000000123e-01
9.885000000000000453e-01
9.877000000000000224e-01
9.889000000000000012e-01
9.885000000000000453e-01
9.882999999999999563e-01
9.889999999999999902e-01
