1.135000000000000037e-01
9.691999999999999504e-01
9.718999999999999861e-01
9.825000000000000400e-01
9.787000000000000144e-01
9.850999999999999757e-01
9.787000000000000144e-01
9.830999999999999739e-01
9.838000000000000078e-01
9.828999999999999959e-01
9.872999999999999554e-01
9.861999999999999655e-01
9.858999999999999986e-01
9.866000000000000325e-01
9.818000000000000060e-01
9.838000000000000078e-01
9.851999999999999647e-01
9.860999999999999766e-01
9.834000000000000519e-01
9.839999999999999858e-01
9.859999999999999876e-01
9.860999999999999766e-01
9.867000000000000215e-01
9.868000000000000105e-01
9.858999999999999986e-01
9.866000000000000325e-01
9.848999999999999977e-01
9.801999999999999602e-01
9.860999999999999766e-01
9.866000000000000325e-01
9.865000000000000435e-01
9.865000000000000435e-01
9.877000000000000224e-01
9.877000000000000224e-01
9.871999999999999664e-01
9.868999999999999995e-01
9.856000000000000316e-01
9.875000000000000444e-01
9.872999999999999554e-01
9.858000000000000096e-01
9.772999999999999465e-01
9.857000000000000206e-01
9.804000000000000492e-01
9.852999999999999536e-01
9.856000000000000316e-01
9.851999999999999647e-01
9.885000000000000453e-01
9.868000000000000105e-01
9.886000000000000343e-01
9.891999999999999682e-01
9.886000000000000343e-01
9.881999999999999673e-01
9.883999999999999453e-01
9.889999999999999902e-01
9.890999999999999792e-01
9.880999999999999783e-01
9.872999999999999554e-01
9.872999999999999554e-01
9.827000000000000179e-01
9.851999999999999647e-01
9.811999999999999611e-01
9.864000000000000545e-01
9.866000000000000325e-01
9.880999999999999783e-01
9.879000000000000004e-01
9.876000000000000334e-01
9.878000000000000114e-01
9.879000000000000004e-01
9.879000000000000004e-01
9.881999999999999673e-01
9.887000000000000233e-01
9.889999999999999902e-01
9.890999999999999792e-01
9.883999999999999453e-01
9.842999999999999527e-01
9.831999999999999629e-01
9.845000000000000417e-01
9.857000000000000206e-01
9.835000000000000409e-01
9.846000000000000307e-01
9.849999999999999867e-01
9.876000000000000334e-01
9.886000000000000343e-01
9.877000000000000224e-01
9.864000000000000545e-01
9.874000000000000554e-01
9.869999999999999885e-01
9.875000000000000444e-01
9.868000000000000105e-01
9.868999999999999995e-01
9.865000000000000435e-01
9.870999999999999774e-01
9.880999999999999783e-01
9.879000000000000004e-01
9.890999999999999792e-01
9.900999999999999801e-01
9.901999999999999691e-01
9.900999999999999801e-01
9.876000000000000334e-01
9.876000000000000334e-01
