2.297185074996948462e+00
2.587529255151748697e-01
1.200354624509811369e-01
7.409398496150970681e-02
7.592741055488586022e-02
5.392901110053062441e-02
6.836167463064193872e-02
5.990501338243484769e-02
5.158666962981223875e-02
5.320921053290367242e-02
4.411746660768985778e-02
4.701308879256248241e-02
4.590660828948021216e-02
4.637245069742202547e-02
5.762563555836677787e-02
5.089042657613754295e-02
4.610341824889183093e-02
4.324238115549087352e-02
5.365569148063659838e-02
5.174131081700324847e-02
4.529118638038635153e-02
4.519336512982845278e-02
4.269510583281516808e-02
4.171655390262603985e-02
4.590699627995491194e-02
4.407025930285454057e-02
5.031426186561584191e-02
6.496376743912696261e-02
4.379481566250324059e-02
4.335168781280517719e-02
4.432083647847175761e-02
4.146182656884193213e-02
3.745681290626525634e-02
4.053281207680702047e-02
4.020484533905983177e-02
4.122764251232147181e-02
4.857656613588333394e-02
4.160632110834121961e-02
4.141085721254348512e-02
4.657031790614128003e-02
8.535238081216811601e-02
5.067054075002670049e-02
6.287449564933776658e-02
4.416347519755363382e-02
4.702705619633197609e-02
4.588939857482909890e-02
3.911809878349304520e-02
4.170051239132881171e-02
3.908639193177223387e-02
3.740511133670806898e-02
3.916865773200988582e-02
4.239344384670257898e-02
4.149195866584777515e-02
4.045488427877426407e-02
4.060316083431243783e-02
4.258906618952751355e-02
4.310617886185646314e-02
4.460889990329742344e-02
5.884069284796714788e-02
5.220662540495395881e-02
6.512736378312110330e-02
4.719493018388748462e-02
4.801609180569648555e-02
4.255263574123382270e-02
3.998426651358604617e-02
4.089989514946937299e-02
4.111077945232391451e-02
3.993633415699004985e-02
3.958542320132255737e-02
3.905549350380897733e-02
3.927380523681640867e-02
3.854132066965103298e-02
3.892154528498649457e-02
4.130798467397690105e-02
5.636841318607330176e-02
6.231305873394012151e-02
5.234673001170158518e-02
4.977698996663093567e-02
5.727189380526542806e-02
5.014748721420764915e-02
5.625767350196838462e-02
4.547385181784630026e-02
4.133857495188712761e-02
4.381621545553207597e-02
5.372963530421256961e-02
4.321433001160621817e-02
4.327001994252204636e-02
4.318177095055580200e-02
4.709723337292671258e-02
4.663069123625755014e-02
4.889686306715011754e-02
4.681696101427078316e-02
4.608862819075584122e-02
4.279760096669196767e-02
4.145708975791931317e-02
4.057525082230568209e-02
4.059397574365138789e-02
3.980741751492023611e-02
4.596341218352317792e-02
4.438882019519806155e-02
