2.300930984115600708e+00
2.602656486511230605e-01
6.966571775674819389e-02
4.824693629741668571e-02
3.491775860786437702e-02
2.944371573925018415e-02
2.733590941131115032e-02
2.601503500640392139e-02
2.283127754926681657e-02
2.238130765259266006e-02
2.199740711748600017e-02
2.153848544955253713e-02
1.919067813754081822e-02
1.996925682723522250e-02
1.976940941810607921e-02
1.997077070474624627e-02
1.882294902801513736e-02
1.983723709881305558e-02
1.986258925944566628e-02
2.071142127215862272e-02
1.968207763135433261e-02
1.855363659858703593e-02
1.870761785805225355e-02
1.894078651815652922e-02
1.824953153729438893e-02
1.812228972315788403e-02
1.861316718608141060e-02
1.865862297713756501e-02
1.874020662009715996e-02
1.782637647688388796e-02
1.814574513584375423e-02
2.005106519162654782e-02
2.011883413493633158e-02
1.956458710730075989e-02
1.988875051438808439e-02
1.945999044775962791e-02
1.836703997552394801e-02
1.843185765445232507e-02
1.880605757832527064e-02
1.906366637051105581e-02
1.900808123648166717e-02
1.855535014122724688e-02
1.882202262282371349e-02
1.943278233110904557e-02
1.759000174701213712e-02
1.926920878291130124e-02
1.939376160800456925e-02
1.981867110431194401e-02
1.831129508316516746e-02
2.066317591369152065e-02
1.931102567315101659e-02
2.060267569124698758e-02
1.892235986739396886e-02
1.888364738821983468e-02
2.009765776395797815e-02
2.174226934015750790e-02
2.160664591193199244e-02
1.934204330891370685e-02
2.046877475529909271e-02
2.169562499821186055e-02
1.864513086974620842e-02
2.023959878981113417e-02
1.993876279443502347e-02
1.868695544153451890e-02
1.950239345282316072e-02
1.956420051902532653e-02
2.000714840292930688e-02
1.993428265750408004e-02
2.282207650244235872e-02
1.957014590501785292e-02
1.999634125530719633e-02
2.145525457859039434e-02
2.217822726964950586e-02
2.086986846327781517e-02
2.167155577540397574e-02
2.363369819521904044e-02
2.155641874819994031e-02
2.198753150403499543e-02
2.259571151733398564e-02
2.252679895907640575e-02
2.261952908635139411e-02
2.255115329176187594e-02
2.252370710670948198e-02
2.266105162501335160e-02
2.239023160487413344e-02
2.160578417479992047e-02
2.206193444430827946e-02
2.278151565790176303e-02
2.121383548527955992e-02
2.297290454208850835e-02
2.354698243439197480e-02
2.439042823314666736e-02
2.313842101693153533e-02
2.329679166376590754e-02
2.331152206361293902e-02
2.228400669991970062e-02
2.090121715068816999e-02
2.201047086715698237e-02
1.916583866178989473e-02
2.042033673226833351e-02
