2.293919401931762803e+00
2.998269291877746490e-01
1.081508110165596004e-01
7.770498057603836273e-02
7.859626709222793106e-02
6.436200264096260393e-02
6.021125710606575060e-02
5.645567842125892577e-02
5.749825546145439364e-02
6.122120338678360002e-02
5.627877003550529195e-02
5.651073717474937308e-02
6.220659860372543259e-02
7.527297450900077846e-02
6.327168759107590357e-02
6.222932519912719590e-02
4.720311561822890939e-02
5.668202375173568563e-02
5.357382069230079424e-02
5.412425072193145781e-02
4.523883489072322989e-02
4.417835390567779325e-02
4.660409415364265284e-02
5.262067375779151679e-02
5.384767568707465868e-02
4.692933605313301393e-02
5.229409891963004986e-02
4.423417662382125859e-02
4.556398445665836572e-02
4.064955666065216133e-02
3.965743747055530677e-02
4.254544901251793021e-02
4.745049941539764699e-02
6.558677486777306220e-02
6.547932917475700332e-02
5.137732409238815467e-02
5.289109070897102249e-02
5.068824037313461595e-02
5.943543261885642776e-02
5.103408947587013272e-02
5.610701406598091190e-02
4.703403022289276425e-02
4.474510648250579897e-02
4.368548228144645412e-02
4.390504738688468661e-02
4.399135059714317370e-02
4.669106491208076248e-02
4.383618197441101205e-02
4.367190129756927386e-02
4.133654526770114829e-02
4.552847448587417356e-02
4.731280856728553585e-02
5.254058644175529230e-02
5.496991067528724656e-02
6.278136911988257962e-02
6.786976923346518809e-02
6.950808539390564145e-02
7.902404277026653379e-02
5.978014859557152089e-02
6.801192816495894855e-02
6.066990898847580277e-02
5.026934601068496627e-02
6.944097395539283735e-02
7.096142609119415745e-02
5.254403451085090659e-02
5.197584939002990873e-02
4.673738771677016929e-02
4.970600806474685662e-02
5.860461183786392497e-02
4.466805379986762969e-02
4.617335462570190674e-02
4.561068130731582571e-02
4.551865044236182850e-02
4.711436918675899338e-02
5.013530202507972960e-02
4.831879633665085022e-02
4.578536330461502324e-02
4.750974472761154005e-02
4.305241799354553311e-02
4.188921980857849420e-02
4.320047061145305956e-02
4.539916147291660209e-02
4.671545661687850903e-02
4.755901950299740166e-02
4.936978026628494054e-02
6.944422239661217355e-02
1.035267451822757673e-01
5.470057818293571489e-02
7.262211030125617639e-02
5.909184753298759446e-02
5.165075233578681618e-02
6.055730414390563671e-02
5.739435271620750567e-02
6.722860848307610215e-02
5.818959927260875659e-02
5.665555130839347586e-02
4.590033353567123109e-02
4.579401936531066891e-02
5.172185797989368311e-02
4.516314363479614208e-02
