2.300930984115600708e+00
2.602656402111053202e-01
6.966571946144103911e-02
4.824693936109542697e-02
3.491775851249694779e-02
2.944371760189533338e-02
2.733590826094150703e-02
2.601503562033176398e-02
2.283128042817115719e-02
2.238130727708339748e-02
2.199740630388260024e-02
2.153848540186881905e-02
1.919068008363247063e-02
1.996925691962242108e-02
1.976941110789775732e-02
1.997077046632766625e-02
1.882295222878456117e-02
1.983724080324172911e-02
1.986258810162544117e-02
2.071142106652259715e-02
1.968207706212997399e-02
1.855363668054342205e-02
1.870761650055646763e-02
1.894078592061996386e-02
1.824953067600727091e-02
1.812229048013687047e-02
1.861316521018743439e-02
1.865862273275852370e-02
1.874020576179027606e-02
1.782637784779071699e-02
1.814574326723814024e-02
2.005106747448444360e-02
2.011883600354194557e-02
1.956458812952041604e-02
1.988874652385711622e-02
1.945999677479267123e-02
1.836704111397266526e-02
1.843185531795024992e-02
1.880606073737144460e-02
1.906366743892431298e-02
1.900807625800371090e-02
1.855535037964582343e-02
1.882202209830284231e-02
1.943278249800205193e-02
1.758999927341937941e-02
1.926920884251594537e-02
1.939376099109649601e-02
1.981866547763347711e-02
1.831129546165466415e-02
2.066317431032657637e-02
1.931102295815944822e-02
2.060267107784748142e-02
1.892235807031393199e-02
1.888364573419094167e-02
2.009765471220016642e-02
2.174227793216705271e-02
2.160664622187614611e-02
1.934203943610191337e-02
2.046877599507570394e-02
2.169562565684318711e-02
1.864513501226901931e-02
2.023959825932979475e-02
1.993876216262579007e-02
1.868695689886808523e-02
1.950239599347114439e-02
1.956419629603624311e-02
2.000714502930641195e-02
1.993428467810154023e-02
2.282207572162151324e-02
1.957014804780483203e-02
1.999633386135101290e-02
2.145525201857089934e-02
2.217822707891464393e-02
2.086986980438232386e-02
2.167156022489070966e-02
2.363369964063167725e-02
2.155642331689596250e-02
2.198752635717391921e-02
2.259571218490600414e-02
2.252679787427187136e-02
2.261952316761016782e-02
2.255115085989236809e-02
2.252370410561561551e-02
2.266105586141347814e-02
2.239023029655218266e-02
2.160578456819057386e-02
2.206193560659885575e-02
2.278151259273290472e-02
2.121383243799209589e-02
2.297290497273206736e-02
2.354698931574821311e-02
2.439042935967445508e-02
2.313842548131942595e-02
2.329679093956947208e-02
2.331152521669864822e-02
2.228400846421718651e-02
2.090122546851634969e-02
2.201046942770481032e-02
1.916583788692951054e-02
2.042033929079771146e-02
