2.300930984115600708e+00
2.602656402111053202e-01
6.966571605205536255e-02
4.824693861007690182e-02
3.491775784492492929e-02
2.944371621608734071e-02
2.733590964674949622e-02
2.601503567695617747e-02
2.283127985000610316e-02
2.238130656182766090e-02
2.199740787744522072e-02
2.153848536014556919e-02
1.919067978858947712e-02
1.996925458908081069e-02
1.976940776109695555e-02
1.997076770067214915e-02
1.882295239865779818e-02
1.983723796904086900e-02
1.986258606463670723e-02
2.071142136752605542e-02
1.968207705616950923e-02
1.855363820046186316e-02
1.870761589109897621e-02
1.894078762084245790e-02
1.824953411817550539e-02
1.812229100465774512e-02
1.861316807419061831e-02
1.865862422287464101e-02
1.874020490944385692e-02
1.782637959271669501e-02
1.814574434608220987e-02
2.005106843411922496e-02
2.011883586645126301e-02
1.956458654105663192e-02
1.988874831795692591e-02
1.945999560058116890e-02
1.836704113483429018e-02
1.843185961246490354e-02
1.880605820119380864e-02
1.906366781741380620e-02
1.900807572007179314e-02
1.855535107105970444e-02
1.882201978862285685e-02
1.943278107047080941e-02
1.758999637663364451e-02
1.926920995712280357e-02
1.939376235008239899e-02
1.981866880357265395e-02
1.831129515469074112e-02
2.066317517310380797e-02
1.931102402210235769e-02
2.060267220735549978e-02
1.892236044853925700e-02
1.888364753127098200e-02
2.009765525758266599e-02
2.174227276146411744e-02
2.160664515048265483e-02
1.934204160422086857e-02
2.046877492815256036e-02
2.169562664031982405e-02
1.864513217508792856e-02
2.023959827423095839e-02
1.993876017481088780e-02
1.868695744723081545e-02
1.950239284634589995e-02
1.956419682055711776e-02
2.000714854896068484e-02
1.993428238034248429e-02
2.282207571268081783e-02
1.957014887183904789e-02
1.999634154736995573e-02
2.145525678992271298e-02
2.217822478115558452e-02
2.086987143754959195e-02
2.167156409919262020e-02
2.363370027244091065e-02
2.155642723888158765e-02
2.198753389716148407e-02
2.259571375250816333e-02
2.252679867297411112e-02
2.261952714025974170e-02
2.255114866197109255e-02
2.252370414435863472e-02
2.266104997247457564e-02
2.239022959470748919e-02
2.160578526258468551e-02
2.206193313896655933e-02
2.278151715695857921e-02
2.121383555829525064e-02
2.297290495485067308e-02
2.354699110388755803e-02
2.439042841792106800e-02
2.313842485547065730e-02
2.329679273664951242e-02
2.331151956319808816e-02
2.228400789201259724e-02
2.090122190415859282e-02
2.201046744883060347e-02
1.916583402454852952e-02
2.042033987790346089e-02
