2.300930959701537937e+00
2.602656356334686061e-01
6.966571719646454108e-02
4.824693647623062159e-02
3.491775774955749312e-02
2.944371802210807645e-02
2.733590941727161508e-02
2.601503509581088933e-02
2.283127904236316799e-02
2.238130756914615688e-02
2.199740520119667156e-02
2.153848337978124527e-02
1.919067881405353559e-02
1.996925736069679255e-02
1.976940952241420732e-02
1.997077035307884274e-02
1.882295189499855192e-02
1.983723457753658326e-02
1.986258568167686631e-02
2.071142247021198410e-02
1.968207815289497314e-02
1.855363743752241196e-02
1.870761674940586011e-02
1.894078639298677272e-02
1.824953272342681732e-02
1.812228877842426283e-02
1.861316610425710685e-02
1.865862244963645972e-02
1.874020405709743431e-02
1.782638071626424861e-02
1.814574463218450451e-02
2.005106747150421295e-02
2.011883381307125185e-02
1.956458789408207014e-02
1.988874976634979336e-02
1.945999094247817876e-02
1.836704012751579421e-02
1.843185618519782923e-02
1.880605652332306005e-02
1.906366872638463883e-02
1.900807927548885459e-02
1.855535296052694336e-02
1.882202233076095410e-02
1.943277893066406095e-02
1.758999795615672976e-02
1.926920780539512559e-02
1.939376442730426919e-02
1.981866332590579913e-02
1.831129584610462213e-02
2.066317695528268814e-02
1.931102426946163311e-02
2.060267250835895458e-02
1.892236095666885443e-02
1.888364859819412211e-02
2.009765651822090216e-02
2.174226944148540536e-02
2.160664455145597587e-02
1.934204100370407256e-02
2.046877419799566361e-02
2.169562530815601423e-02
1.864513169825077199e-02
2.023960022926330621e-02
1.993875983059406262e-02
1.868695712238550161e-02
1.950239517390727970e-02
1.956419716626405653e-02
2.000714689791202594e-02
1.993428458273410753e-02
2.282207979857921523e-02
1.957014666497707348e-02
1.999633673429489222e-02
2.145525707602500762e-02
2.217822515368461644e-02
2.086987051069736504e-02
2.167155961692333183e-02
2.363369752466678783e-02
2.155641850680112964e-02
2.198753061890602184e-02
2.259571261107921544e-02
2.252679920494556412e-02
2.261952456831932065e-02
2.255114952474832415e-02
2.252370847463607689e-02
2.266104668229818389e-02
2.239022716283798134e-02
2.160578241348266523e-02
2.206192968785762945e-02
2.278151842504739719e-02
2.121383542567491579e-02
2.297290699183941048e-02
2.354698971509933472e-02
2.439042941927909922e-02
2.313842448890209361e-02
2.329679332673549597e-02
2.331152124106884022e-02
2.228400917947292309e-02
2.090122104883193957e-02
2.201046899259090361e-02
1.916583727598190207e-02
2.042034061402082587e-02
