2.294878943634033330e+00
2.547124214172363232e-01
9.943500006198882635e-02
7.166818119287490796e-02
6.587045667767524315e-02
6.466892311573028962e-02
6.688073992729187678e-02
5.818390973210334910e-02
4.984372316598892350e-02
6.369447926282882644e-02
7.988780100345611868e-02
4.663981980085372958e-02
5.288893700242042195e-02
6.565383269786834175e-02
4.482679101526737542e-02
4.288360996246337598e-02
4.307264506816863708e-02
4.461818864345550723e-02
4.479893967807292710e-02
4.108067955970764323e-02
5.623582358062267222e-02
5.417629773616790961e-02
7.048159834742545593e-02
5.151595823764801296e-02
4.899078600108623671e-02
5.234393808841705104e-02
4.997409956455230867e-02
6.500121750831604206e-02
8.646495676040649725e-02
7.476366639137267678e-02
4.792695621848106630e-02
5.249902989566326145e-02
5.263810574412346177e-02
4.780009765624999851e-02
4.665385154485702374e-02
4.902075669765472432e-02
4.481521671414375602e-02
5.232064251601695887e-02
4.971749924421310640e-02
4.413611743748187960e-02
5.038952986001968282e-02
5.176700326800346558e-02
4.573799174726009276e-02
4.595331757366657305e-02
4.347283210456371477e-02
5.266333218514919479e-02
4.487274545133113773e-02
4.442955252528190541e-02
5.561871327757835631e-02
6.095625113248825250e-02
4.890335065126419356e-02
5.464165126681327922e-02
5.691116105318069773e-02
4.929792626798153166e-02
4.558437454700470237e-02
5.374568366408347814e-02
4.712095484733581224e-02
4.187675040066242416e-02
4.533094734251499197e-02
4.675514930486678739e-02
4.593351715803146301e-02
4.427785800695419050e-02
4.449991949498653676e-02
4.400294501781463335e-02
4.426093667447567048e-02
6.895083079338074072e-02
5.460211151838302579e-02
6.731325102448464104e-02
7.962567065060138782e-02
8.150611216425895922e-02
6.256168548464774437e-02
6.293852204680443208e-02
4.581070468425750553e-02
4.955024742484092498e-02
5.051643318533897281e-02
4.994279264211654717e-02
4.688564637899398507e-02
4.936950294077396134e-02
5.045223075151443470e-02
5.662864271998405141e-02
5.545178729295730663e-02
4.969829476475715740e-02
4.600796796083450602e-02
4.996388118863105687e-02
5.465365633368492182e-02
4.900088387727737083e-02
5.084382173418998396e-02
4.765026355385780510e-02
5.745610416531563014e-02
5.436311621665954746e-02
5.287371172904968553e-02
5.070908368825912532e-02
4.646318399906158164e-02
4.557976675629615837e-02
4.571474001705646412e-02
4.650185356140136561e-02
4.996292769312858650e-02
4.848449408411979744e-02
5.054100528359413425e-02
4.535289556682110118e-02
