2.300930984115600708e+00
2.602656386852264525e-01
6.966571757793427189e-02
4.824693955183029237e-02
3.491775841712951856e-02
2.944371573328971939e-02
2.733590988814830688e-02
2.601503510177135409e-02
2.283127989768981778e-02
2.238130737543106083e-02
2.199740540981292777e-02
2.153848464190959849e-02
1.919067912399768927e-02
1.996925640106201119e-02
1.976940957307815605e-02
1.997076974809169903e-02
1.882295262515544867e-02
1.983723696172237302e-02
1.986258548200130550e-02
2.071142216920852583e-02
1.968207863271236382e-02
1.855363499969243934e-02
1.870761629492044553e-02
1.894078545123338564e-02
1.824953111112117762e-02
1.812229015529155662e-02
1.861316406726837291e-02
1.865862264633178641e-02
1.874020691215991935e-02
1.782637851089239125e-02
1.814574470072984752e-02
2.005106717944145356e-02
2.011883524358272501e-02
1.956458758413791646e-02
1.988874817192554448e-02
1.945999077558517587e-02
1.836704195737838899e-02
1.843185805678367734e-02
1.880606107413768796e-02
1.906366875618696263e-02
1.900807796418666970e-02
1.855534966588020390e-02
1.882202062308788171e-02
1.943278214931487904e-02
1.759000356197357173e-02
1.926921159625053295e-02
1.939376260340213917e-02
1.981866609752178099e-02
1.831129369735717827e-02
2.066317846775055089e-02
1.931102333664894144e-02
2.060266985297203035e-02
1.892235953360795961e-02
1.888364826440811287e-02
2.009765867888927554e-02
2.174227304160595078e-02
2.160664592832326966e-02
1.934204508811235290e-02
2.046877642124891178e-02
2.169562715888023394e-02
1.864513357281684727e-02
2.023960049748420656e-02
1.993876078724860987e-02
1.868696012049913396e-02
1.950239339619875070e-02
1.956419878751039509e-02
2.000714819729328131e-02
1.993428405225276812e-02
2.282207747697830372e-02
1.957014868408441660e-02
1.999633334279060301e-02
2.145525642037391517e-02
2.217822624444961560e-02
2.086986971199512528e-02
2.167155832648277186e-02
2.363369714915752526e-02
2.155641923099756163e-02
2.198752874433994309e-02
2.259570969939232038e-02
2.252679862827062715e-02
2.261952393054962249e-02
2.255114915370941275e-02
2.252370416522025964e-02
2.266105057001113754e-02
2.239023208916187183e-02
2.160578138828277497e-02
2.206192962825298184e-02
2.278151659965515011e-02
2.121383783072233048e-02
2.297290638536214971e-02
2.354698941707611057e-02
2.439042764902114857e-02
2.313842258453369105e-02
2.329679391384124887e-02
2.331151971817016499e-02
2.228400841951370254e-02
2.090121891796588999e-02
2.201046846210956420e-02
1.916584167182445661e-02
2.042033746987581208e-02
