2.300930984115600708e+00
2.602656332969665587e-01
6.966571948528289815e-02
4.824694048166275340e-02
3.491775938272476121e-02
2.944371612668037277e-02
2.733590893447399028e-02
2.601503429412841892e-02
2.283128046989441051e-02
2.238130708038807079e-02
2.199740587174892417e-02
2.153848369121551601e-02
1.919067870378494273e-02
1.996925720572471571e-02
1.976941229999065394e-02
1.997076727449893785e-02
1.882295360565185496e-02
1.983723928630351865e-02
1.986258489638566965e-02
2.071142440438270699e-02
1.968207729756831989e-02
1.855363747477531411e-02
1.870761740952730026e-02
1.894078693985938935e-02
1.824953054487705312e-02
1.812228896915912477e-02
1.861316571980714887e-02
1.865862360298633713e-02
1.874020585119724400e-02
1.782637774795293659e-02
1.814574589729309184e-02
2.005106875598430469e-02
2.011883549094200044e-02
1.956458960175514253e-02
1.988874784409999999e-02
1.945999036729335885e-02
1.836704005002975579e-02
1.843185645341873305e-02
1.880605820417404275e-02
1.906366776376962682e-02
1.900807572305202378e-02
1.855535289645195152e-02
1.882201871573924851e-02
1.943277826309204245e-02
1.758999878466129332e-02
1.926920988261699580e-02
1.939376290738582462e-02
1.981866644024848911e-02
1.831129258871078483e-02
2.066317613273858933e-02
1.931102235615253515e-02
2.060267521440982755e-02
1.892236053347587724e-02
1.888364757597446597e-02
2.009765532016754078e-02
2.174227226376533595e-02
2.160664445906877382e-02
1.934204742759466217e-02
2.046877648979425479e-02
2.169562495052814594e-02
1.864513419270515462e-02
2.023959937691688707e-02
1.993876203298568586e-02
1.868695995658636172e-02
1.950239304304123011e-02
1.956419592052698053e-02
2.000714662075042671e-02
1.993428713381290365e-02
2.282207288444042248e-02
1.957015267908573247e-02
1.999633496701717222e-02
2.145525596141815289e-02
2.217822408676147633e-02
2.086987363100051979e-02
2.167155951261520372e-02
2.363369978368282456e-02
2.155642301291227358e-02
2.198753025233745467e-02
2.259571132361888959e-02
2.252680103033781120e-02
2.261952809095382766e-02
2.255115002840757388e-02
2.252370922267437139e-02
2.266105372309684673e-02
2.239023151546716550e-02
2.160578333735466150e-02
2.206193509548902421e-02
2.278151493519544463e-02
2.121383977979421701e-02
2.297290827482938863e-02
2.354698604643344975e-02
2.439042880833149074e-02
2.313842012882232763e-02
2.329679039418697251e-02
2.331152211725711840e-02
2.228400802314281504e-02
2.090122029781341442e-02
2.201046978235244797e-02
1.916584207117557476e-02
2.042033684998750820e-02
