1.135000000000000037e-01
9.640999999999999570e-01
9.608999999999999764e-01
9.721999999999999531e-01
9.851999999999999647e-01
9.831999999999999629e-01
9.789999999999999813e-01
9.827000000000000179e-01
9.821999999999999620e-01
9.846000000000000307e-01
9.836000000000000298e-01
9.854000000000000536e-01
9.838000000000000078e-01
9.872999999999999554e-01
9.858000000000000096e-01
9.854000000000000536e-01
9.752999999999999448e-01
9.838000000000000078e-01
9.842999999999999527e-01
9.824000000000000510e-01
9.847000000000000197e-01
9.868000000000000105e-01
9.881999999999999673e-01
9.881999999999999673e-01
9.882999999999999563e-01
9.868000000000000105e-01
9.839999999999999858e-01
9.855000000000000426e-01
9.868000000000000105e-01
9.865000000000000435e-01
9.868999999999999995e-01
9.868000000000000105e-01
9.864000000000000545e-01
9.841999999999999638e-01
9.696000000000000174e-01
9.731999999999999540e-01
9.811999999999999611e-01
9.825000000000000400e-01
9.831999999999999629e-01
9.874000000000000554e-01
9.855000000000000426e-01
9.882999999999999563e-01
9.875000000000000444e-01
9.840999999999999748e-01
9.858999999999999986e-01
9.845000000000000417e-01
9.868000000000000105e-01
9.855000000000000426e-01
9.879999999999999893e-01
9.888000000000000123e-01
9.871999999999999664e-01
9.876000000000000334e-01
9.885000000000000453e-01
9.888000000000000123e-01
9.855000000000000426e-01
9.879999999999999893e-01
9.879000000000000004e-01
9.889999999999999902e-01
9.885000000000000453e-01
9.865000000000000435e-01
9.881999999999999673e-01
9.893999999999999462e-01
9.878000000000000114e-01
9.859999999999999876e-01
9.862999999999999545e-01
9.885000000000000453e-01
9.886000000000000343e-01
9.864000000000000545e-01
9.868999999999999995e-01
9.877000000000000224e-01
9.877000000000000224e-01
9.877000000000000224e-01
9.868999999999999995e-01
9.831999999999999629e-01
9.837000000000000188e-01
9.818000000000000060e-01
9.824000000000000510e-01
9.834000000000000519e-01
9.733000000000000540e-01
9.776000000000000245e-01
9.839999999999999858e-01
9.847000000000000197e-01
9.844000000000000528e-01
9.867000000000000215e-01
9.854000000000000536e-01
9.838999999999999968e-01
9.838999999999999968e-01
9.848999999999999977e-01
9.865000000000000435e-01
9.860999999999999766e-01
9.862999999999999545e-01
9.866000000000000325e-01
9.858999999999999986e-01
9.868999999999999995e-01
9.871999999999999664e-01
9.872999999999999554e-01
9.880999999999999783e-01
9.856000000000000316e-01
9.846000000000000307e-01
9.859999999999999876e-01
