2.294791966629028401e+00
2.662538140773773043e-01
1.445530825376510620e-01
9.652755075693129905e-02
6.091053841114044132e-02
5.955304919481277381e-02
7.196707354784011301e-02
6.020704009532928253e-02
5.662215737104416002e-02
5.085593039393424691e-02
5.349693747758865053e-02
4.621207587718963866e-02
5.438393815159797695e-02
4.458535722494125220e-02
4.913030179142952036e-02
4.999976368546486111e-02
8.421364088058472253e-02
5.598720291852950920e-02
5.142695243954658463e-02
6.214979778528213761e-02
5.465550948977470486e-02
4.397519474625587177e-02
4.218267120122909386e-02
4.188070703744888046e-02
4.310283060073852313e-02
4.826214853525161858e-02
5.394045161604880956e-02
5.204391173720359504e-02
4.684149897694587367e-02
5.028002707958221379e-02
4.606096542477607775e-02
4.362968430519104102e-02
4.582159708142280463e-02
5.018218411505222243e-02
1.070997429490089387e-01
8.999324657917022463e-02
5.951058185100555759e-02
5.802934286594391144e-02
5.847564179301261572e-02
4.421046518683433707e-02
5.240923986434936621e-02
4.322863313555717207e-02
4.248182374835014069e-02
5.446901186108589477e-02
4.962500925064086688e-02
5.192737462520599645e-02
4.781063705682754572e-02
5.295548243522644333e-02
4.502094307541847085e-02
4.274505466222763145e-02
4.566739575862884676e-02
4.492261658906936822e-02
4.222219924330711249e-02
4.129795615077018478e-02
5.278443584442138459e-02
4.717875695228576638e-02
4.390072349905967813e-02
4.305845832228660797e-02
4.263941934108734372e-02
4.876433938741683849e-02
4.595678055882453789e-02
4.250937632918357773e-02
4.279757230877876545e-02
4.970869359970092605e-02
5.068435319662094318e-02
4.408691986799240237e-02
4.190335279107093580e-02
5.574828777313232259e-02
4.667337796092033142e-02
4.455855739116668796e-02
4.546946580410003713e-02
4.578168957829475277e-02
5.150245521664619658e-02
7.140503280162811828e-02
5.995931637287139904e-02
6.819459531307220379e-02
6.936890580654143934e-02
6.938577145934105017e-02
9.937385793924331800e-02
8.476196304559707739e-02
6.328519488573074170e-02
5.687951214313507337e-02
5.871931382417679146e-02
5.195637878179550084e-02
5.097410284876823655e-02
5.951229228377342279e-02
5.895732228755951043e-02
5.491999579071998872e-02
5.000602147579193135e-02
5.248272066116332901e-02
4.757241578102111568e-02
4.946987104415893899e-02
5.224140602350235002e-02
5.183239979743957393e-02
4.861331251263618231e-02
4.954047512412071419e-02
4.855300038456916711e-02
5.413541210293770084e-02
6.117546842098236376e-02
5.813788456916808844e-02
