2.289010295104980663e+00
2.560268718242645347e-01
9.969765096902846735e-02
8.317094372510909495e-02
8.274517625570297630e-02
6.098431416749953982e-02
6.120515035986900249e-02
5.996333036422729634e-02
7.001589898467064366e-02
5.318240106105804471e-02
6.582483144998550750e-02
5.905003995299339115e-02
6.124135204553603912e-02
5.076712118387222139e-02
5.454914440512657198e-02
6.942859470844268965e-02
6.543970746994018373e-02
5.928053321242332530e-02
5.814436436891555482e-02
6.610337297916411836e-02
5.260401065945625315e-02
5.344140008091926436e-02
6.688816106319427079e-02
5.721572490334510958e-02
5.365870707631111014e-02
4.918843333125114126e-02
5.170495886206626784e-02
4.689419015049934442e-02
1.220152320146560693e-01
6.150537471771240494e-02
6.354660063982009444e-02
6.491084152460098455e-02
7.866060279607772765e-02
6.110971075296402211e-02
7.410452045202255145e-02
6.446293950080871082e-02
5.925936257839203164e-02
5.171595485806464859e-02
5.912701668739318850e-02
5.273098950982094135e-02
5.531880890130996820e-02
5.777504215240478191e-02
5.663431551456451357e-02
5.425277263522148424e-02
5.343136892914771702e-02
5.280957205891609330e-02
5.220927209854125950e-02
5.490356286764144778e-02
5.523716077208518788e-02
5.490832599401473946e-02
5.652757895588874509e-02
5.589619331955909820e-02
5.700202950239181832e-02
5.790650198459625086e-02
6.256776270866394596e-02
7.251213818192482619e-02
5.723865017890929913e-02
7.896401102542877082e-02
1.744740580320358336e-01
6.564641739130019915e-02
8.966619973182678172e-02
5.501476215720176727e-02
5.556751530170440934e-02
4.871978856325149404e-02
5.028923854827881124e-02
4.735610865950584669e-02
5.268834910988808018e-02
5.544071809649467331e-02
5.180470217466354166e-02
5.138345450162887240e-02
5.560682584047317578e-02
4.651249961853027443e-02
5.644817371964454961e-02
5.312658517360687588e-02
5.856197673082351451e-02
5.915291993618011779e-02
5.623193500041961945e-02
5.972123575806617679e-02
5.843010087013244397e-02
6.547352483272551871e-02
5.480808569192886087e-02
6.676963664293289469e-02
5.907720189690589957e-02
5.626497536301612590e-02
5.763459572196006492e-02
6.360124173760414723e-02
8.397530146837234311e-02
6.867677251100540170e-02
1.014415000915527276e-01
8.078248510360717949e-02
5.693446960449218691e-02
6.472029610872268024e-02
7.265482499599457133e-02
7.073480901718139091e-02
6.019140307903289577e-02
5.718236795663833583e-02
5.699612172842025842e-02
5.477467441558837857e-02
5.548400821685790796e-02
6.373135533332824343e-02
