1.135000000000000037e-01
9.752999999999999448e-01
9.880999999999999783e-01
9.898000000000000131e-01
9.919999999999999929e-01
9.926000000000000378e-01
9.926000000000000378e-01
9.933999999999999497e-01
9.940999999999999837e-01
9.937000000000000277e-01
9.929000000000000048e-01
9.932999999999999607e-01
9.951999999999999735e-01
9.939000000000000057e-01
9.941999999999999726e-01
9.949999999999999956e-01
9.939999999999999947e-01
9.943999999999999506e-01
9.938000000000000167e-01
9.939000000000000057e-01
9.941999999999999726e-01
9.952999999999999625e-01
9.943999999999999506e-01
9.948000000000000176e-01
9.949000000000000066e-01
9.947000000000000286e-01
9.948000000000000176e-01
9.948000000000000176e-01
9.949999999999999956e-01
9.942999999999999616e-01
9.949000000000000066e-01
9.949000000000000066e-01
9.946000000000000396e-01
9.940999999999999837e-01
9.946000000000000396e-01
9.949000000000000066e-01
9.948000000000000176e-01
9.946000000000000396e-01
9.949000000000000066e-01
9.946000000000000396e-01
9.947000000000000286e-01
9.947000000000000286e-01
9.948000000000000176e-01
9.947000000000000286e-01
9.945000000000000506e-01
9.948000000000000176e-01
9.955000000000000515e-01
9.948000000000000176e-01
9.950999999999999845e-01
9.946000000000000396e-01
9.939999999999999947e-01
9.945000000000000506e-01
9.945000000000000506e-01
9.946000000000000396e-01
9.939999999999999947e-01
9.943999999999999506e-01
9.941999999999999726e-01
9.942999999999999616e-01
9.949999999999999956e-01
9.941999999999999726e-01
9.950999999999999845e-01
9.947000000000000286e-01
9.950999999999999845e-01
9.949000000000000066e-01
9.947000000000000286e-01
9.947000000000000286e-01
9.943999999999999506e-01
9.948000000000000176e-01
9.949999999999999956e-01
9.946000000000000396e-01
9.941999999999999726e-01
9.942999999999999616e-01
9.950999999999999845e-01
9.945000000000000506e-01
9.938000000000000167e-01
9.940999999999999837e-01
9.948000000000000176e-01
9.951999999999999735e-01
9.942999999999999616e-01
9.939999999999999947e-01
9.949000000000000066e-01
9.949000000000000066e-01
9.947000000000000286e-01
9.943999999999999506e-01
9.946000000000000396e-01
9.939999999999999947e-01
9.942999999999999616e-01
9.946000000000000396e-01
9.951999999999999735e-01
9.948000000000000176e-01
9.951999999999999735e-01
9.950999999999999845e-01
9.952999999999999625e-01
9.948000000000000176e-01
9.951999999999999735e-01
9.951999999999999735e-01
9.949999999999999956e-01
9.945000000000000506e-01
9.945000000000000506e-01
9.950999999999999845e-01
