2.300760782623290979e+00
2.581466099262237357e-01
6.841977032423018912e-02
4.797152774333953568e-02
3.455445277094840867e-02
2.980824685692787246e-02
2.678071610629558646e-02
2.531270612776279419e-02
2.190351479351520386e-02
2.164075813293456912e-02
2.115285954773426028e-02
2.126411393284797710e-02
1.877866751253604721e-02
2.004071819186210510e-02
2.068501756787300208e-02
1.835844937860965642e-02
1.899711398184299530e-02
1.917902153134345977e-02
1.903207079768180765e-02
2.051172059774398690e-02
1.819928398132324154e-02
1.746855840086937103e-02
1.768691703379154240e-02
1.794832143783569450e-02
1.787498187124729118e-02
1.788301907479762989e-02
1.934416039884090388e-02
1.885870587229728640e-02
1.865356383919715769e-02
1.828403579890728117e-02
1.765869357585906838e-02
1.885503503382205889e-02
1.879580247402191234e-02
2.034577086269855409e-02
1.978745878636837055e-02
1.872841512560844551e-02
1.770835525691509191e-02
1.932050239145755716e-02
1.951391241848468919e-02
1.965508177578449353e-02
1.940117173194885400e-02
1.822973836362361960e-02
1.950566226840019096e-02
1.952473312616348142e-02
1.857157158255576951e-02
1.899117308259010151e-02
1.909880968034267587e-02
1.840724120736121974e-02
1.839679361879825725e-02
2.130797204673290368e-02
1.990169367790222202e-02
1.904083064794540384e-02
1.783479479551315292e-02
1.921916328668594326e-02
1.981861009299755103e-02
2.073558819890022192e-02
1.986551661491393894e-02
1.914128371477127194e-02
1.985437608659267397e-02
2.037995136082172351e-02
1.789553219676017631e-02
1.937119937539100514e-02
1.907527373433113085e-02
1.696949453651904957e-02
1.777008142173290214e-02
2.030913939774036531e-02
1.941475502550601973e-02
1.972150252461433301e-02
2.017682301998138458e-02
1.922920009493827784e-02
2.077803499698639006e-02
2.008648445308208394e-02
1.948323155939579027e-02
1.986927643418312170e-02
2.121035137772559961e-02
2.114526334702968718e-02
1.937086223959922845e-02
1.948919244110584176e-02
2.127513130605220709e-02
2.154309159815311417e-02
2.150231529176235140e-02
2.117288672626018581e-02
2.090829926729202357e-02
2.154702560007572265e-02
2.045027661919593745e-02
2.058777277469634945e-02
1.912921054661273837e-02
1.948773372769355833e-02
1.917328605353832080e-02
2.041049153506755906e-02
2.104427845776081149e-02
2.063123674988746534e-02
2.119356038272380768e-02
2.150103879570960941e-02
2.139206641912460433e-02
2.038870906531810648e-02
2.060463004410266821e-02
2.192968335747718864e-02
2.101584723293781209e-02
2.095761106312274760e-02
