1.135000000000000037e-01
9.600999999999999535e-01
9.789999999999999813e-01
9.782999999999999474e-01
9.805000000000000382e-01
9.800999999999999712e-01
9.818999999999999950e-01
9.799999999999999822e-01
9.828999999999999959e-01
9.814000000000000501e-01
9.830999999999999739e-01
9.836000000000000298e-01
9.834000000000000519e-01
9.806000000000000272e-01
9.828000000000000069e-01
9.837000000000000188e-01
9.829999999999999849e-01
9.824000000000000510e-01
9.848999999999999977e-01
9.864000000000000545e-01
9.859999999999999876e-01
9.855000000000000426e-01
9.876000000000000334e-01
9.859999999999999876e-01
9.867000000000000215e-01
9.865000000000000435e-01
9.880999999999999783e-01
9.874000000000000554e-01
9.877000000000000224e-01
9.877000000000000224e-01
9.878000000000000114e-01
9.881999999999999673e-01
9.880999999999999783e-01
9.885000000000000453e-01
9.883999999999999453e-01
9.888000000000000123e-01
9.889000000000000012e-01
9.889999999999999902e-01
9.888000000000000123e-01
9.890999999999999792e-01
9.879000000000000004e-01
9.878000000000000114e-01
9.867000000000000215e-01
9.766000000000000236e-01
9.635000000000000231e-01
9.799999999999999822e-01
9.804000000000000492e-01
9.769999999999999796e-01
9.834000000000000519e-01
9.840999999999999748e-01
9.839999999999999858e-01
9.860999999999999766e-01
9.847000000000000197e-01
9.848000000000000087e-01
9.855000000000000426e-01
9.855000000000000426e-01
9.854000000000000536e-01
9.861999999999999655e-01
9.832999999999999519e-01
9.835000000000000409e-01
9.849999999999999867e-01
9.850999999999999757e-01
9.866000000000000325e-01
9.860999999999999766e-01
9.869999999999999885e-01
9.862999999999999545e-01
9.862999999999999545e-01
9.866000000000000325e-01
9.874000000000000554e-01
9.879000000000000004e-01
9.869999999999999885e-01
9.872999999999999554e-01
9.868000000000000105e-01
9.858000000000000096e-01
9.868999999999999995e-01
9.871999999999999664e-01
9.879000000000000004e-01
9.877000000000000224e-01
9.876000000000000334e-01
9.877000000000000224e-01
9.879999999999999893e-01
9.877000000000000224e-01
9.871999999999999664e-01
9.858000000000000096e-01
9.858999999999999986e-01
9.866000000000000325e-01
9.861999999999999655e-01
9.870999999999999774e-01
9.868000000000000105e-01
9.876000000000000334e-01
9.860999999999999766e-01
9.878000000000000114e-01
9.869999999999999885e-01
9.872999999999999554e-01
9.877000000000000224e-01
9.856000000000000316e-01
9.867000000000000215e-01
9.808999999999999941e-01
9.787000000000000144e-01
9.788000000000000034e-01
