2.293926543807983442e+00
2.737166107177734231e-01
1.273898619532585208e-01
8.964983305931091551e-02
7.345149220824241654e-02
7.480602075457573608e-02
5.637611063122749400e-02
5.994548712372779753e-02
5.045948351025581619e-02
4.620333939194679052e-02
4.602672531604767164e-02
5.868511864542961393e-02
5.257281936407089129e-02
4.668035708665847772e-02
5.914200348854065092e-02
5.170057035684585273e-02
5.693293093442916564e-02
5.546626174449920815e-02
5.547944771051406543e-02
4.964166789054870466e-02
5.892529596090316513e-02
6.424783825874329224e-02
8.434129271507263825e-02
7.881704205274582542e-02
5.574568543434143403e-02
4.669688170552253881e-02
6.035185595750808957e-02
4.976908082365989749e-02
4.887127274274825905e-02
8.098850983381271351e-02
7.264929006099700437e-02
5.559770839810371235e-02
5.603693841099739031e-02
6.127701979279517874e-02
5.212239405512809898e-02
5.523855857849121337e-02
4.799557843208313024e-02
5.153068804740906089e-02
5.080325692296028262e-02
6.744531195163726289e-02
8.695998533964156840e-02
5.636585099101066448e-02
4.527201920449733935e-02
4.406454311013222047e-02
6.216274054646492297e-02
5.276573010087013543e-02
4.612436506152153143e-02
5.043590244054794308e-02
4.838169630169868174e-02
5.050259294807910720e-02
4.853826341331005101e-02
5.152849732637405228e-02
5.080130756497382855e-02
5.001723813116550760e-02
4.848312549591064780e-02
5.314245971441269173e-02
5.414639320969581726e-02
5.297298773527145399e-02
5.508783537745475661e-02
5.292392141819000223e-02
4.955192685127258329e-02
6.279627264738082970e-02
6.311631951928138584e-02
6.161305753588676437e-02
5.107988735735416452e-02
6.474765037894249231e-02
5.530282683968543861e-02
5.542519827485084538e-02
5.515358771085739076e-02
5.422269901037216067e-02
4.898728890419006693e-02
6.218624739646911453e-02
6.029834270477294617e-02
7.101402976512909138e-02
5.929425950646400462e-02
6.286586610674857467e-02
5.354071518778800998e-02
6.045168920755386588e-02
8.948762428760528853e-02
6.358241757750511536e-02
5.806024372577667236e-02
5.294097398519515690e-02
6.420380110740661617e-02
5.229908461570739742e-02
5.124778459072112935e-02
4.839862154722213844e-02
4.851755475401878237e-02
5.834068471193313427e-02
6.861931607723235904e-02
5.693500764966011318e-02
5.348664885759353560e-02
5.447792138457298317e-02
6.064678142070770162e-02
5.040513882637023824e-02
5.542186803221702679e-02
5.219306080341339082e-02
5.818241071701049649e-02
6.168901648521423614e-02
5.705933363437652728e-02
1.105325089097023011e-01
