1.135000000000000037e-01
9.502000000000000446e-01
9.757000000000000117e-01
9.799999999999999822e-01
9.778000000000000025e-01
9.824000000000000510e-01
9.805000000000000382e-01
9.847000000000000197e-01
9.828000000000000069e-01
9.852999999999999536e-01
9.848000000000000087e-01
9.821999999999999620e-01
9.852999999999999536e-01
9.852999999999999536e-01
9.883999999999999453e-01
9.789999999999999813e-01
9.841999999999999638e-01
9.834000000000000519e-01
9.856000000000000316e-01
9.839999999999999858e-01
9.837000000000000188e-01
9.841999999999999638e-01
9.816000000000000281e-01
9.841999999999999638e-01
9.859999999999999876e-01
9.878000000000000114e-01
9.877000000000000224e-01
9.868000000000000105e-01
9.882999999999999563e-01
9.867000000000000215e-01
9.878000000000000114e-01
9.875000000000000444e-01
9.812999999999999501e-01
9.855000000000000426e-01
9.825000000000000400e-01
9.771999999999999575e-01
9.839999999999999858e-01
9.860999999999999766e-01
9.855000000000000426e-01
9.876000000000000334e-01
9.859999999999999876e-01
9.877000000000000224e-01
9.858999999999999986e-01
9.840999999999999748e-01
9.859999999999999876e-01
9.845000000000000417e-01
9.860999999999999766e-01
9.855000000000000426e-01
9.882999999999999563e-01
9.879999999999999893e-01
9.878000000000000114e-01
9.881999999999999673e-01
9.886000000000000343e-01
9.883999999999999453e-01
9.867000000000000215e-01
9.875000000000000444e-01
9.864000000000000545e-01
9.883999999999999453e-01
9.885000000000000453e-01
9.877000000000000224e-01
9.877000000000000224e-01
9.883999999999999453e-01
9.872999999999999554e-01
9.887000000000000233e-01
9.883999999999999453e-01
9.877000000000000224e-01
9.868000000000000105e-01
9.879999999999999893e-01
9.881999999999999673e-01
9.872999999999999554e-01
9.838999999999999968e-01
9.772999999999999465e-01
9.808999999999999941e-01
9.868000000000000105e-01
9.879999999999999893e-01
9.867000000000000215e-01
9.868999999999999995e-01
9.869999999999999885e-01
9.858000000000000096e-01
9.849999999999999867e-01
9.854000000000000536e-01
9.868000000000000105e-01
9.864000000000000545e-01
9.814000000000000501e-01
9.812999999999999501e-01
9.808999999999999941e-01
9.827000000000000179e-01
9.845000000000000417e-01
9.869999999999999885e-01
9.854000000000000536e-01
9.858000000000000096e-01
9.869999999999999885e-01
9.882999999999999563e-01
9.879000000000000004e-01
9.882999999999999563e-01
9.889000000000000012e-01
9.893999999999999462e-01
9.890999999999999792e-01
9.886000000000000343e-01
9.885000000000000453e-01
