1.135000000000000037e-01
9.639999999999999680e-01
9.668999999999999817e-01
9.830999999999999739e-01
9.749999999999999778e-01
9.839999999999999858e-01
9.747999999999999998e-01
9.846000000000000307e-01
9.834000000000000519e-01
9.849999999999999867e-01
9.849999999999999867e-01
9.862999999999999545e-01
9.822999999999999510e-01
9.846000000000000307e-01
9.852999999999999536e-01
9.850999999999999757e-01
9.858000000000000096e-01
9.872999999999999554e-01
9.861999999999999655e-01
9.880999999999999783e-01
9.829999999999999849e-01
9.782999999999999474e-01
9.892999999999999572e-01
9.839999999999999858e-01
9.856000000000000316e-01
9.861999999999999655e-01
9.876000000000000334e-01
9.877000000000000224e-01
9.872999999999999554e-01
9.889000000000000012e-01
9.881999999999999673e-01
9.867000000000000215e-01
9.889000000000000012e-01
9.875000000000000444e-01
9.859999999999999876e-01
9.868000000000000105e-01
9.880999999999999783e-01
9.845000000000000417e-01
9.868000000000000105e-01
9.869999999999999885e-01
9.815000000000000391e-01
9.791999999999999593e-01
9.850999999999999757e-01
9.804000000000000492e-01
9.854000000000000536e-01
9.870999999999999774e-01
9.877000000000000224e-01
9.888000000000000123e-01
9.889000000000000012e-01
9.890999999999999792e-01
9.889000000000000012e-01
9.895000000000000462e-01
9.898000000000000131e-01
9.896000000000000352e-01
9.896000000000000352e-01
9.898000000000000131e-01
9.906000000000000361e-01
9.899999999999999911e-01
9.893999999999999462e-01
9.893999999999999462e-01
9.872999999999999554e-01
9.878000000000000114e-01
9.889000000000000012e-01
9.892999999999999572e-01
9.889999999999999902e-01
9.838999999999999968e-01
9.874000000000000554e-01
9.885000000000000453e-01
9.887000000000000233e-01
9.891999999999999682e-01
9.885000000000000453e-01
9.877000000000000224e-01
9.856000000000000316e-01
9.825000000000000400e-01
9.748999999999999888e-01
9.806000000000000272e-01
9.820999999999999730e-01
9.849999999999999867e-01
9.848999999999999977e-01
9.864000000000000545e-01
9.868999999999999995e-01
9.885000000000000453e-01
9.887000000000000233e-01
9.880999999999999783e-01
9.890999999999999792e-01
9.882999999999999563e-01
9.881999999999999673e-01
9.874000000000000554e-01
9.848000000000000087e-01
9.850999999999999757e-01
9.822999999999999510e-01
9.856000000000000316e-01
9.879000000000000004e-01
9.882999999999999563e-01
9.879999999999999893e-01
9.885000000000000453e-01
9.870999999999999774e-01
9.871999999999999664e-01
9.861999999999999655e-01
9.871999999999999664e-01
