1.135000000000000037e-01
9.557999999999999829e-01
9.740999999999999659e-01
9.784000000000000474e-01
9.758999999999999897e-01
9.815000000000000391e-01
9.816000000000000281e-01
9.828000000000000069e-01
9.778999999999999915e-01
9.805000000000000382e-01
9.829999999999999849e-01
9.844000000000000528e-01
9.848000000000000087e-01
9.858000000000000096e-01
9.820999999999999730e-01
9.796000000000000263e-01
9.818000000000000060e-01
9.846000000000000307e-01
9.849999999999999867e-01
9.828000000000000069e-01
9.866000000000000325e-01
9.832999999999999519e-01
9.826000000000000290e-01
9.784000000000000474e-01
9.849999999999999867e-01
9.859999999999999876e-01
9.871999999999999664e-01
9.874000000000000554e-01
9.872999999999999554e-01
9.869999999999999885e-01
9.878000000000000114e-01
9.868999999999999995e-01
9.870999999999999774e-01
9.872999999999999554e-01
9.880999999999999783e-01
9.882999999999999563e-01
9.879999999999999893e-01
9.874000000000000554e-01
9.869999999999999885e-01
9.859999999999999876e-01
9.820999999999999730e-01
9.825000000000000400e-01
9.804000000000000492e-01
9.828000000000000069e-01
9.830999999999999739e-01
9.849999999999999867e-01
9.840999999999999748e-01
9.855000000000000426e-01
9.871999999999999664e-01
9.844000000000000528e-01
9.854000000000000536e-01
9.842999999999999527e-01
9.840999999999999748e-01
9.790999999999999703e-01
9.837000000000000188e-01
9.782999999999999474e-01
9.831999999999999629e-01
9.867000000000000215e-01
9.848999999999999977e-01
9.864000000000000545e-01
9.885000000000000453e-01
9.867000000000000215e-01
9.862999999999999545e-01
9.881999999999999673e-01
9.889999999999999902e-01
9.889000000000000012e-01
9.867000000000000215e-01
9.882999999999999563e-01
9.881999999999999673e-01
9.886000000000000343e-01
9.877000000000000224e-01
9.882999999999999563e-01
9.887000000000000233e-01
9.869999999999999885e-01
9.859999999999999876e-01
9.858999999999999986e-01
9.879000000000000004e-01
9.865000000000000435e-01
9.747000000000000108e-01
9.849999999999999867e-01
9.848999999999999977e-01
9.846000000000000307e-01
9.827000000000000179e-01
9.845000000000000417e-01
9.800999999999999712e-01
9.814000000000000501e-01
9.808999999999999941e-01
9.845000000000000417e-01
9.848000000000000087e-01
9.876000000000000334e-01
9.871999999999999664e-01
9.872999999999999554e-01
9.861999999999999655e-01
9.849999999999999867e-01
9.858000000000000096e-01
9.854000000000000536e-01
9.865000000000000435e-01
9.838000000000000078e-01
9.864000000000000545e-01
9.879999999999999893e-01
