2.302027706527709938e+00
2.823583228588104066e-01
1.077326987981796214e-01
1.097414900422096218e-01
8.588497879505158084e-02
8.612255694866180478e-02
7.512526577115058446e-02
6.022133190631866195e-02
7.736949388384818660e-02
6.201985557675361582e-02
6.188337334394455186e-02
5.049149306416511607e-02
5.090920037031173434e-02
4.994321050643921178e-02
5.076207584738731682e-02
5.199931229948997341e-02
6.648706078529358077e-02
5.231686564087868058e-02
6.790178576707839309e-02
5.029175584912300156e-02
5.008129029870033583e-02
5.225922637581825042e-02
4.912972418665886160e-02
5.809135132431984122e-02
5.471529715061188015e-02
5.856880903244018888e-02
5.136020311117172471e-02
4.866891928911209336e-02
5.138394438624382249e-02
5.737670171260833563e-02
5.175418897867202495e-02
5.506509503722190751e-02
6.079674201607704331e-02
6.329676728248595508e-02
9.711509635448456468e-02
7.093151637315750491e-02
8.484106097221374987e-02
6.006865125298500169e-02
6.631534968018532039e-02
5.112092741727829182e-02
4.515641003251075897e-02
4.817471957802772764e-02
4.748643989562988110e-02
5.989778258204460359e-02
5.587976254224777395e-02
5.066129138469695897e-02
4.893950483500957710e-02
5.181835495829582167e-02
7.438615025281905546e-02
6.328746579885483059e-02
5.761527232527732800e-02
5.904501734375953992e-02
8.267032265663147583e-02
5.410347875952720847e-02
7.169814242124557258e-02
5.535825070738792375e-02
5.843561627864837793e-02
5.428435373902321115e-02
5.168265470862388328e-02
5.041132552027702274e-02
5.025267976522445473e-02
4.988332645297050699e-02
5.286971560120582586e-02
5.186921402215957655e-02
6.979240692853927452e-02
6.713446611166000444e-02
8.908840469717979604e-02
7.873698296546935427e-02
7.044930731058120232e-02
7.212493155002594469e-02
5.773072628974914439e-02
5.254240267276764215e-02
6.559752426147461013e-02
5.368952259421348738e-02
5.644122844338417266e-02
5.922754178643226813e-02
6.072488773465156697e-02
6.696662928462028541e-02
6.555791404843330783e-02
1.434336684226989733e-01
8.090966954231262886e-02
8.774070460200310284e-02
6.425563848018646385e-02
5.165083466768264492e-02
4.786855803728103792e-02
6.279355298876762581e-02
7.739858762025833561e-02
4.699462820887565645e-02
6.158254678845405394e-02
5.929674203395843279e-02
4.950129998326301822e-02
5.169137064218520816e-02
5.077389570474624692e-02
5.372312287688255084e-02
5.305502166152000626e-02
4.961657055616378736e-02
5.408017778396606579e-02
5.877730293273925738e-02
6.148213409185409456e-02
5.319283577799797241e-02
