1.135000000000000037e-01
9.524000000000000243e-01
9.725000000000000311e-01
9.696000000000000174e-01
9.738999999999999879e-01
9.737999999999999989e-01
9.787000000000000144e-01
9.812999999999999501e-01
9.755000000000000338e-01
9.802999999999999492e-01
9.788000000000000034e-01
9.840999999999999748e-01
9.855000000000000426e-01
9.842999999999999527e-01
9.855000000000000426e-01
9.842999999999999527e-01
9.801999999999999602e-01
9.844000000000000528e-01
9.788999999999999924e-01
9.851999999999999647e-01
9.855000000000000426e-01
9.840999999999999748e-01
9.855000000000000426e-01
9.830999999999999739e-01
9.832999999999999519e-01
9.819999999999999840e-01
9.834000000000000519e-01
9.848999999999999977e-01
9.850999999999999757e-01
9.846000000000000307e-01
9.850999999999999757e-01
9.836000000000000298e-01
9.816000000000000281e-01
9.808999999999999941e-01
9.703000000000000513e-01
9.798000000000000043e-01
9.747000000000000108e-01
9.838000000000000078e-01
9.808999999999999941e-01
9.847000000000000197e-01
9.870999999999999774e-01
9.868999999999999995e-01
9.861999999999999655e-01
9.826000000000000290e-01
9.848000000000000087e-01
9.862999999999999545e-01
9.864000000000000545e-01
9.857000000000000206e-01
9.794000000000000483e-01
9.822999999999999510e-01
9.858000000000000096e-01
9.848999999999999977e-01
9.781999999999999584e-01
9.852999999999999536e-01
9.798999999999999932e-01
9.850999999999999757e-01
9.836000000000000298e-01
9.855000000000000426e-01
9.860999999999999766e-01
9.864000000000000545e-01
9.864000000000000545e-01
9.864000000000000545e-01
9.858000000000000096e-01
9.865000000000000435e-01
9.820999999999999730e-01
9.822999999999999510e-01
9.775000000000000355e-01
9.780999999999999694e-01
9.812999999999999501e-01
9.809999999999999831e-01
9.845000000000000417e-01
9.861999999999999655e-01
9.818000000000000060e-01
9.856000000000000316e-01
9.852999999999999536e-01
9.851999999999999647e-01
9.846000000000000307e-01
9.841999999999999638e-01
9.840999999999999748e-01
9.653000000000000469e-01
9.801999999999999602e-01
9.743000000000000549e-01
9.818999999999999950e-01
9.857000000000000206e-01
9.869999999999999885e-01
9.839999999999999858e-01
9.807000000000000162e-01
9.871999999999999664e-01
9.844000000000000528e-01
9.850999999999999757e-01
9.868999999999999995e-01
9.865000000000000435e-01
9.867000000000000215e-01
9.857000000000000206e-01
9.861999999999999655e-01
9.875000000000000444e-01
9.852999999999999536e-01
9.857000000000000206e-01
9.840999999999999748e-01
9.852999999999999536e-01
