2.289697574996948148e+00
2.107885670423507718e-01
9.880073298215866218e-02
7.283309670090674925e-02
6.524039505720138910e-02
6.986023347377777470e-02
5.834524942636489658e-02
6.548478438854217487e-02
5.941530644893646546e-02
5.546636071801185758e-02
5.112034031748771690e-02
5.741193499565124675e-02
6.434870756268501468e-02
5.394978771209716500e-02
5.226958229541778245e-02
7.738255828619003407e-02
7.803869749307631998e-02
8.720133726596832058e-02
6.538058701753615698e-02
5.488959404826164457e-02
4.857478079199790966e-02
6.879004923105240532e-02
5.233760727643966409e-02
5.447375998497009514e-02
5.158148499727249064e-02
5.967728604078292864e-02
5.755996255874634010e-02
5.117162278890610011e-02
6.037013570070266788e-02
4.876154223680496252e-02
5.463869328498840300e-02
4.650893557071685697e-02
4.547230368852615140e-02
5.187459777593612931e-02
4.589900291562080265e-02
5.172132790088653648e-02
5.499669587612152077e-02
5.246295679807663065e-02
5.393447224497795178e-02
5.213947241902351648e-02
4.607907705307006524e-02
5.681026047468185763e-02
5.552115098237991181e-02
5.433627129793167088e-02
5.567023991346359280e-02
4.742184132337570052e-02
5.116413697600364491e-02
4.642128273248672526e-02
6.130147683620452981e-02
5.092952426075935540e-02
5.360023381710052326e-02
5.619966926574707089e-02
5.504610185623168978e-02
5.004055958986282360e-02
6.535850030183791570e-02
5.634840061664581068e-02
4.728224192261695769e-02
5.048600698113441670e-02
5.284137027859688029e-02
4.918019543290138434e-02
4.666348566412925614e-02
4.594683326482772862e-02
4.728675325512886329e-02
5.718526071310043452e-02
6.792082059383391934e-02
6.778713680505753236e-02
5.231287101507187121e-02
4.886903371810913388e-02
5.183166763782501296e-02
5.430005771517753405e-02
5.107796437144279666e-02
6.701637867689132222e-02
7.597156037092209213e-02
6.180092883110046426e-02
5.469423713684082311e-02
6.196778327226638849e-02
7.463818994760512693e-02
6.624819033145903924e-02
5.686439111232757804e-02
6.375473773479461981e-02
6.643733919858932357e-02
6.405024230480194092e-02
6.238684437870979649e-02
5.295287365913391164e-02
6.160044750571250921e-02
5.395680741667747277e-02
5.483624576926231231e-02
6.359373329877852921e-02
5.921382387876510806e-02
5.636019756793975849e-02
5.659188664555549891e-02
5.921916531920433380e-02
6.207498872280120539e-02
5.499839484095573466e-02
5.872656163573265059e-02
5.291108899116515885e-02
6.270652185082435659e-02
6.546003825664520326e-02
6.045538445115089532e-02
6.655749356746673562e-02
