2.294174995422363139e+00
2.509868581295013334e-01
9.877431008815765190e-02
7.039199094176291915e-02
6.916176561117172439e-02
7.878586685657501532e-02
5.730983813405036986e-02
5.649191189706325583e-02
5.388745656609535140e-02
6.637664344906807345e-02
4.961293536424636608e-02
4.740012123584746995e-02
4.718912600576877919e-02
4.763854385018348458e-02
4.225443703532218848e-02
5.122539449930191280e-02
4.816170533895492573e-02
4.539502439498901282e-02
5.417693091630935986e-02
4.138069967627525103e-02
5.453854048848152253e-02
4.890677111744880928e-02
5.005452666282653867e-02
4.766632343530655125e-02
4.895771682262420321e-02
4.501954847276210675e-02
4.805008478760719459e-02
5.622238663434982187e-02
5.713036570549011317e-02
5.062661787271499625e-02
4.728043804168700903e-02
4.914752936363220304e-02
5.229275265336036371e-02
4.425616631209850632e-02
3.883665632307529286e-02
4.232065093070268291e-02
3.732954697608947825e-02
4.537993651032447978e-02
5.317645941376686336e-02
5.193079929351806373e-02
5.997351782321930225e-02
5.514524117708206191e-02
5.709558093547820873e-02
4.856283226609230119e-02
5.300113039016723926e-02
6.799529984593391529e-02
5.042781132757663543e-02
5.267725934982300101e-02
5.194013544321059855e-02
6.805105109214783232e-02
5.218216739296913098e-02
5.452464052736759326e-02
6.648112670779228461e-02
5.238188019394874467e-02
5.376721476316451837e-02
4.845352039933204652e-02
4.893503114581108232e-02
5.034177403450012384e-02
4.824486630856991004e-02
4.864121984243392760e-02
4.664496707916259560e-02
5.525211099088191830e-02
6.359383931159973136e-02
4.956678158044815208e-02
4.384478376507758984e-02
4.788852324783802322e-02
4.493356173336505999e-02
4.632175420522689768e-02
5.406454184949398278e-02
5.771740038394927719e-02
6.148083829283714635e-02
6.229958704113960216e-02
5.217827080488204872e-02
5.530364181399345658e-02
5.120383966565131978e-02
4.780378984808921622e-02
4.914668869972228793e-02
5.302375779747962870e-02
5.359119564294814730e-02
5.484970445930957561e-02
5.062065353989601141e-02
5.542330399751663195e-02
5.938893301784992085e-02
6.095133925676345793e-02
5.718605457544326948e-02
5.743691644668579011e-02
5.552504580616950819e-02
5.389141016602515960e-02
5.154404695034026790e-02
5.563385644555091797e-02
9.167351993322372938e-02
6.009632102251052932e-02
5.196732679605484129e-02
4.566260728538036606e-02
5.476776620745658908e-02
5.519634098410606399e-02
5.766892124414443876e-02
5.329172245860099716e-02
5.022730566263199081e-02
4.851965232789516580e-02
