1.135000000000000037e-01
9.592000000000000526e-01
9.704000000000000403e-01
9.829999999999999849e-01
9.832999999999999519e-01
9.834000000000000519e-01
9.846000000000000307e-01
9.821999999999999620e-01
9.816000000000000281e-01
9.864000000000000545e-01
9.842999999999999527e-01
9.842999999999999527e-01
9.881999999999999673e-01
9.811999999999999611e-01
9.808000000000000052e-01
9.850999999999999757e-01
9.861999999999999655e-01
9.868999999999999995e-01
9.862999999999999545e-01
9.878000000000000114e-01
9.846000000000000307e-01
9.854000000000000536e-01
9.830999999999999739e-01
9.846000000000000307e-01
9.685000000000000275e-01
9.840999999999999748e-01
9.794000000000000483e-01
9.837000000000000188e-01
9.831999999999999629e-01
9.860999999999999766e-01
9.804000000000000492e-01
9.779999999999999805e-01
9.839999999999999858e-01
9.837000000000000188e-01
9.846000000000000307e-01
9.851999999999999647e-01
9.818000000000000060e-01
9.877000000000000224e-01
9.869999999999999885e-01
9.872999999999999554e-01
9.867000000000000215e-01
9.875000000000000444e-01
9.869999999999999885e-01
9.857000000000000206e-01
9.874000000000000554e-01
9.881999999999999673e-01
9.886000000000000343e-01
9.882999999999999563e-01
9.881999999999999673e-01
9.886000000000000343e-01
9.888000000000000123e-01
9.888000000000000123e-01
9.887000000000000233e-01
9.889000000000000012e-01
9.876000000000000334e-01
9.882999999999999563e-01
9.883999999999999453e-01
9.885000000000000453e-01
9.895000000000000462e-01
9.889999999999999902e-01
9.895000000000000462e-01
9.896000000000000352e-01
9.895000000000000462e-01
9.882999999999999563e-01
9.864000000000000545e-01
9.828999999999999959e-01
9.786000000000000254e-01
9.761999999999999567e-01
9.769999999999999796e-01
9.777000000000000135e-01
9.827000000000000179e-01
9.848000000000000087e-01
9.867000000000000215e-01
9.848000000000000087e-01
9.866000000000000325e-01
9.877000000000000224e-01
9.875000000000000444e-01
9.879000000000000004e-01
9.881999999999999673e-01
9.879000000000000004e-01
9.881999999999999673e-01
9.871999999999999664e-01
9.856000000000000316e-01
9.880999999999999783e-01
9.867000000000000215e-01
9.879999999999999893e-01
9.880999999999999783e-01
9.880999999999999783e-01
9.879999999999999893e-01
9.875000000000000444e-01
9.854000000000000536e-01
9.838999999999999968e-01
9.858000000000000096e-01
9.872999999999999554e-01
9.858000000000000096e-01
9.848000000000000087e-01
9.866000000000000325e-01
9.878000000000000114e-01
9.828999999999999959e-01
9.885000000000000453e-01
