2.315671039581298718e+00
2.477435515165329061e-01
1.184406643867492726e-01
7.218939427137374687e-02
6.615952858924865898e-02
6.116163316369056802e-02
5.955007390975951970e-02
5.879212121367454608e-02
6.074731404781341659e-02
4.793696620464325125e-02
5.253964666128158739e-02
5.463931147456169146e-02
4.253221899867058037e-02
6.321551674604415638e-02
6.112179327607154822e-02
4.752359137237072151e-02
4.653054437637329371e-02
4.361246714591979906e-02
4.797422492206096512e-02
4.229623577296733744e-02
5.293344191312789743e-02
5.025289937555790093e-02
6.148336143493652456e-02
5.271089947819709853e-02
1.150097255706787058e-01
5.836955494880675943e-02
6.897189159989357277e-02
5.840793108940124656e-02
6.224306991100311132e-02
5.009590238332748552e-02
7.719029626250266396e-02
7.392058538198470474e-02
5.325953377485275614e-02
5.156461265683174450e-02
4.804815513491630247e-02
4.667596402168273928e-02
6.363426169455051185e-02
4.166096665263176180e-02
4.540848324298858707e-02
4.757321677803993260e-02
4.514636054635048218e-02
4.505669648051261605e-02
4.732184915542602538e-02
4.996096385121345795e-02
4.677328478097915465e-02
4.457691369652748425e-02
4.273059091567993351e-02
4.296605503559112332e-02
4.417470049858093079e-02
4.319992851614951751e-02
4.268846348524093365e-02
4.204149392843246208e-02
4.191456068754196435e-02
4.197132644057274126e-02
4.265404975414276156e-02
4.289254009723663524e-02
4.356665114164352121e-02
4.316917074918746877e-02
4.143924627304076957e-02
4.144247112274170031e-02
4.114527431726455742e-02
4.100228963494300521e-02
4.191494278907775817e-02
4.244624105691909705e-02
5.175475134849548409e-02
7.173646603822708689e-02
7.471070662140846808e-02
8.513352696299553157e-02
8.136615821123123482e-02
8.305519797801971804e-02
6.339107090830803370e-02
5.903466461300849871e-02
4.768812332749367000e-02
5.433148424625396794e-02
4.869365429878234897e-02
4.448641817569732454e-02
4.860966315269470150e-02
4.525377426147460941e-02
4.572516728639602901e-02
4.581760478019714089e-02
4.641363874077796686e-02
4.842666802406311172e-02
5.453894448280334484e-02
4.432242866754532162e-02
5.024987016320228705e-02
4.626729567050933550e-02
4.797251827716827316e-02
4.870648398399352735e-02
4.940406302213668638e-02
5.221125620007514845e-02
5.934737310409545635e-02
6.754090214967727046e-02
5.723275137543678420e-02
5.229969637393951098e-02
5.854315637350082646e-02
6.122756010293960854e-02
5.815205528140068164e-02
5.488380447626113601e-02
7.627816121578216702e-02
5.268253571987151912e-02
