2.300760763931274600e+00
2.581466099262237357e-01
6.841977396011351964e-02
4.797152506113052522e-02
3.455445067882537830e-02
2.980824594795703983e-02
2.678071543872356450e-02
2.531270717382430938e-02
2.190351606905460366e-02
2.164075770676136129e-02
2.115285767018795088e-02
2.126411350071430104e-02
1.877866636812686868e-02
2.004071939289569712e-02
2.068501636087894530e-02
1.835845027565955953e-02
1.899711498320102651e-02
1.917902218103408746e-02
1.903207040876150197e-02
2.051171894669532800e-02
1.819928429126739522e-02
1.746855745017528508e-02
1.768691481947898964e-02
1.794832136034965608e-02
1.787498227953910820e-02
1.788301998674869664e-02
1.934416240751743454e-02
1.885870675444602934e-02
1.865356078147888119e-02
1.828403455615043582e-02
1.765869173407554754e-02
1.885503475666046314e-02
1.879580326080322258e-02
2.034577113389968855e-02
1.978745739459991312e-02
1.872841513752937156e-02
1.770835549831390257e-02
1.932050021886825425e-02
1.951390996873378705e-02
1.965508296787738668e-02
1.940117313265800336e-02
1.822973705530166535e-02
1.950566143989563087e-02
1.952473148703575204e-02
1.857157134115695885e-02
1.899117399752139890e-02
1.909881100952625158e-02
1.840724029839038711e-02
1.839679163992405039e-02
2.130797290503978758e-02
1.990169618725776829e-02
1.904083268046379007e-02
1.783479577600955920e-02
1.921916437447071177e-02
1.981861190497875153e-02
2.073558869361877277e-02
1.986551515460014197e-02
1.914128390252590323e-02
1.985437642931938210e-02
2.037995048761367944e-02
1.789552884101867566e-02
1.937120099663734371e-02
1.907527285218238791e-02
1.696949689388275312e-02
1.777008146792650317e-02
2.030913823544979249e-02
1.941475397646427042e-02
1.972150236070156076e-02
2.017682604491710663e-02
1.922920033335685785e-02
2.077803531587123914e-02
2.008648431599140138e-02
1.948322966694831723e-02
1.986927707493305051e-02
2.121035154759884009e-02
2.114526449739933048e-02
1.937086440920829725e-02
1.948919183909892869e-02
2.127513235211372228e-02
2.154309135973453415e-02
2.150231538712978410e-02
2.117288579940795890e-02
2.090829889476299164e-02
2.154702772796154159e-02
2.045027769505977644e-02
2.058777627348899741e-02
1.912920987606048576e-02
1.948773325085639829e-02
1.917328768968582300e-02
2.041049173772335051e-02
2.104427703022956897e-02
2.063123882710933554e-02
2.119356161952018827e-02
2.150104029178619494e-02
2.139206620454788335e-02
2.038870743811130662e-02
2.060463278293609563e-02
2.192968224287033044e-02
2.101584799885749741e-02
2.095761235058307692e-02
