2.291337801742553637e+00
2.767705476284026966e-01
1.109856027483940161e-01
7.813200207948685361e-02
6.552675892114639966e-02
6.277988619804382442e-02
6.798694325685501749e-02
6.248571527600288444e-02
6.715133658051490595e-02
4.992031377553939747e-02
5.527330011725425929e-02
4.679647830128669944e-02
5.304613378047943334e-02
4.832830401062965242e-02
5.347637300491332735e-02
4.703711087703704719e-02
4.902081444859504589e-02
5.353628128767013578e-02
4.649428476095199270e-02
4.613722252845764427e-02
5.619022407531738122e-02
6.387534904479980069e-02
5.692742936611175364e-02
7.131444668769836015e-02
6.919497349262238028e-02
8.161654025316238126e-02
5.697123687267303255e-02
4.277077134251594526e-02
5.173761954307556227e-02
4.521184794306755406e-02
4.411824883222580096e-02
4.461914810538292198e-02
6.381796079874038630e-02
4.625766656994819565e-02
5.689464443325996379e-02
4.711107005476951326e-02
6.233757929801941183e-02
8.181698085069656623e-02
5.585620239973067974e-02
4.450142994523048623e-02
4.888976609110832344e-02
4.759907624721527314e-02
4.355555203557014143e-02
4.653892382383346266e-02
4.925789856910705450e-02
4.743925322294235275e-02
4.374680089354514995e-02
4.197881187200546566e-02
4.341159471273422360e-02
4.196462537646293567e-02
4.271995298862456963e-02
4.173529897928238142e-02
4.202280330061912428e-02
4.193261663913726983e-02
4.247887610793113500e-02
4.183765136599540413e-02
4.140713247060776037e-02
4.089274112582206439e-02
4.089651479125022693e-02
4.104554591178893874e-02
4.287270140051841621e-02
4.162577188611030904e-02
5.622749419212341032e-02
8.989468904733657895e-02
8.393038558959961537e-02
7.744950398206711106e-02
7.033705068826674733e-02
6.022883636951446851e-02
5.032427257299423168e-02
6.513658380508423329e-02
5.685453944802284360e-02
4.943968300223350321e-02
4.761422235965728778e-02
4.535879848003387255e-02
4.923600950241088792e-02
5.288302543759346164e-02
4.840410091280937521e-02
4.621910281181335761e-02
4.547832852602005232e-02
4.353472688198089385e-02
4.808625314831733999e-02
4.456057786941527987e-02
4.379808442592620504e-02
4.825352365374565439e-02
5.081320714950561535e-02
5.208609608411789160e-02
5.753532205224037160e-02
6.081747075915336365e-02
5.499457339644431980e-02
5.236543970108032547e-02
5.030416374802589713e-02
7.415177228450775537e-02
5.424706120491027544e-02
5.806987638473510432e-02
5.874620063900947570e-02
4.983297479152679760e-02
6.057805072069168129e-02
5.611473037600517300e-02
5.202546758651733355e-02
5.407858533263206618e-02
