3.248514849853515329e+01
3.851364125061035093e+00
3.285957082748413249e+00
3.288914554977417026e+00
3.249733938598633021e+00
3.463244023895263535e+00
2.888231570434570461e+00
3.224542763137817403e+00
3.072577094650268403e+00
3.167003910827636659e+00
3.306030982208251867e+00
2.791190235137939624e+00
2.935215895843505951e+00
2.933048704910278470e+00
3.469492207336425604e+00
3.198663734054565388e+00
4.063495885467529156e+00
3.188897301864623834e+00
2.767283620834350533e+00
3.645871658325195330e+00
3.456573828506469770e+00
3.491260461044311647e+00
3.883758924865722495e+00
4.756814852905273838e+00
4.453070267486571865e+00
4.356870969390868709e+00
4.697981684875488284e+00
4.547676551818847557e+00
4.141157304382324433e+00
4.785776410675048886e+00
3.983352728271484455e+00
4.283653639221191689e+00
4.499321275329589476e+00
4.295449343872070003e+00
4.383725833129882510e+00
4.387946990966796967e+00
4.436619775390624909e+00
4.105437888336181729e+00
4.310018129730224246e+00
4.257584239959716577e+00
4.401990822601318243e+00
4.336364364624023082e+00
4.865004133605957293e+00
4.295781966400146423e+00
4.818170040130615561e+00
3.962951182556152308e+00
4.705624669647217040e+00
4.303059560394286720e+00
4.763515987396240270e+00
4.897897283172607530e+00
4.674956826019287526e+00
4.510451705932617017e+00
4.557972979736327979e+00
4.576993255615234624e+00
4.535783195495605824e+00
4.560247444915771275e+00
4.561088045501708876e+00
4.536890523529052643e+00
4.548129119110107865e+00
4.497869786071777121e+00
4.480609008789062209e+00
4.521651168823241917e+00
4.491802658843994323e+00
4.533200706481933295e+00
4.524457831573486466e+00
4.483135509490966619e+00
4.485426215362548596e+00
4.535018544006347518e+00
4.526691678619385151e+00
4.485027127838134398e+00
4.481207514190673535e+00
4.442082996368408310e+00
4.483695819091797041e+00
4.505633246612548604e+00
4.415616748809814140e+00
4.460308085632323838e+00
4.454178731536865499e+00
4.477008477783202878e+00
4.444739649200439402e+00
4.444294182586669528e+00
4.524904678344726427e+00
4.454751288604736459e+00
4.424511828613280962e+00
4.488000476074218703e+00
4.440879749298095369e+00
4.460658148956298419e+00
4.442150991058349874e+00
4.364066976928710595e+00
4.361229512023926169e+00
4.427106638336181454e+00
4.475986356353759632e+00
4.490177097320557031e+00
4.498885404968262058e+00
4.457059941101074507e+00
4.447039173889160146e+00
4.400899070739746399e+00
4.483676399993896666e+00
4.459583242797851454e+00
4.434694347381591406e+00
4.486084002685546857e+00
