2.614920779037475551e+00
2.074320841217041078e+00
1.903254155349731525e+00
1.781617277717590264e+00
1.707511777877807724e+00
1.625326131820678643e+00
1.519355690383911162e+00
1.417662413406372002e+00
1.379656462097168079e+00
1.272681716156005782e+00
1.222942815589904697e+00
1.153155601882934533e+00
1.081296620750427318e+00
9.880515884399414528e-01
9.809180068969726163e-01
9.438372989654540968e-01
9.204852577209472475e-01
8.796523489952087216e-01
8.000802311897278196e-01
7.903509681701660350e-01
7.477982170104980897e-01
7.128495260238647546e-01
6.888566606521606683e-01
6.973346635818481465e-01
6.483378820419311017e-01
6.350727045059204601e-01
6.433141179084778116e-01
6.343937681198119627e-01
6.438160530090332179e-01
6.642130541801453125e-01
6.862372469902038308e-01
6.791345851898192842e-01
7.102549200057983736e-01
7.331913694381714253e-01
7.744088123321533068e-01
7.695707914352416523e-01
7.754947744369506957e-01
7.539275779724120552e-01
8.067294431686401479e-01
8.106602333068847477e-01
8.354108432769775661e-01
8.500226367950439732e-01
8.767888116836547452e-01
9.031770324707031339e-01
9.334045480728149213e-01
9.456268993377685561e-01
9.584011039733886239e-01
9.684911376953124762e-01
9.787546581268310453e-01
9.808648326873778966e-01
9.999774148941039664e-01
1.013570392417907806e+00
1.037693145179748644e+00
1.035234498023986927e+00
9.942219581604003764e-01
9.827981729507446751e-01
8.494065889358520804e-01
7.800118902206421012e-01
7.490856383323669654e-01
7.685137702941894355e-01
8.131787876129150661e-01
8.117263032913207832e-01
8.562180896759032933e-01
8.743134645462036225e-01
8.909671220779419309e-01
9.150853130340576014e-01
9.319278648376464469e-01
9.190609119415282802e-01
9.397109970092772935e-01
9.494603851318359489e-01
9.693923469543457294e-01
9.847493869781493991e-01
1.001551214790344257e+00
9.584634574890136260e-01
9.145816635131835959e-01
9.285993694305419988e-01
9.281514923095702807e-01
9.502613183975219258e-01
9.199635238647461133e-01
9.268209581375121964e-01
9.516903787612914778e-01
9.562284677505493713e-01
9.741258010864257688e-01
9.977849578857421742e-01
1.010235457038879403e+00
1.026341871643066339e+00
1.038950020980834887e+00
1.047393004798889082e+00
1.058183101081848099e+00
1.063975128555297855e+00
1.069252772140502961e+00
1.078319795417785665e+00
1.083305941390991123e+00
1.090711758995056124e+00
1.096541228294372505e+00
1.099869715881347743e+00
1.108625577735900869e+00
1.117857407188415531e+00
1.123337296676635733e+00
1.132143976974487209e+00
