1.403999999999999970e-01
2.054999999999999882e-01
2.301999999999999880e-01
2.218999999999999861e-01
2.826000000000000179e-01
2.286999999999999866e-01
3.019000000000000017e-01
2.917000000000000148e-01
2.509000000000000119e-01
2.805000000000000271e-01
2.822999999999999954e-01
3.150000000000000022e-01
2.756000000000000116e-01
3.088000000000000189e-01
2.902000000000000135e-01
3.250000000000000111e-01
3.173000000000000265e-01
3.518999999999999906e-01
3.194000000000000172e-01
3.543999999999999928e-01
3.259000000000000230e-01
3.699000000000000066e-01
3.375000000000000222e-01
3.612000000000000210e-01
3.593999999999999972e-01
3.478999999999999870e-01
3.605999999999999761e-01
3.623999999999999999e-01
3.625999999999999779e-01
3.645999999999999797e-01
3.633000000000000118e-01
3.670999999999999819e-01
3.623999999999999999e-01
3.613000000000000100e-01
3.689999999999999947e-01
3.701999999999999735e-01
3.659000000000000030e-01
3.706999999999999740e-01
3.678000000000000158e-01
3.639999999999999902e-01
3.689000000000000057e-01
3.644000000000000017e-01
3.623000000000000109e-01
3.659000000000000030e-01
3.629000000000000004e-01
3.649999999999999911e-01
3.649999999999999911e-01
3.664999999999999925e-01
3.678000000000000158e-01
3.683000000000000163e-01
3.678000000000000158e-01
3.685999999999999832e-01
3.691999999999999726e-01
3.638000000000000123e-01
3.654000000000000026e-01
3.677000000000000268e-01
3.674999999999999933e-01
3.659999999999999920e-01
3.675999999999999823e-01
3.654000000000000026e-01
3.664000000000000035e-01
3.679000000000000048e-01
3.682000000000000273e-01
3.657000000000000250e-01
3.628000000000000114e-01
3.659999999999999920e-01
3.643000000000000127e-01
3.637000000000000233e-01
3.674000000000000044e-01
3.637000000000000233e-01
3.648000000000000131e-01
3.659999999999999920e-01
3.677000000000000268e-01
3.667000000000000259e-01
3.659000000000000030e-01
3.674000000000000044e-01
3.680999999999999828e-01
3.659999999999999920e-01
3.669999999999999929e-01
3.655999999999999805e-01
3.669000000000000039e-01
3.634999999999999898e-01
3.648000000000000131e-01
3.667000000000000259e-01
3.680999999999999828e-01
3.647000000000000242e-01
3.650999999999999801e-01
3.667000000000000259e-01
3.660999999999999810e-01
3.687000000000000277e-01
3.628000000000000114e-01
3.659999999999999920e-01
3.639999999999999902e-01
3.696999999999999731e-01
3.644999999999999907e-01
3.638000000000000123e-01
3.644999999999999907e-01
3.664999999999999925e-01
3.657000000000000250e-01
3.645999999999999797e-01
