1.552813963928222663e+01
3.540695061874389538e+00
3.498387423324584855e+00
3.638017332077026378e+00
3.434245181274413916e+00
3.506154463958740308e+00
3.401007428359985152e+00
3.677231017684936543e+00
4.394880939483642557e+00
3.430776145553589007e+00
4.104754331970214665e+00
5.134532286071777030e+00
5.347612563323974832e+00
4.950893658447265366e+00
5.274513481903076340e+00
6.058377011871337814e+00
6.143756816864013537e+00
5.364893824768066644e+00
5.093557201385498168e+00
5.270095821380615497e+00
6.594749629211425379e+00
5.448668874359130498e+00
6.424052942657470844e+00
5.645994454956055009e+00
5.722712925720214727e+00
5.710431671142577770e+00
5.918085996246337466e+00
5.789618793487548487e+00
6.093318399810790709e+00
5.905426377868652210e+00
6.193327456665039144e+00
5.780033499908447503e+00
5.731146270751953153e+00
5.989782916259765777e+00
5.712152500152587464e+00
5.654402078247070307e+00
5.556988201904296432e+00
5.457414247131347373e+00
5.539823699188232808e+00
5.548582755279540812e+00
5.426570968627929759e+00
5.474508717346191489e+00
5.514095442199707264e+00
5.363239305114746003e+00
5.413742791748046734e+00
5.308365074157714858e+00
5.364542416381835821e+00
5.245356965637206770e+00
5.195813641357421631e+00
5.100661698913573794e+00
5.145625818634033344e+00
5.141438607788085591e+00
5.132165518188476661e+00
5.275074546813964815e+00
5.219676241302490638e+00
5.195778762054443334e+00
5.144121610260009803e+00
5.190627657318115595e+00
5.175789657592773096e+00
5.190884146881103334e+00
5.151378827667236315e+00
5.111613630676269615e+00
5.097425762939453264e+00
5.165593828582763614e+00
5.207119007110595277e+00
5.137640058898925943e+00
5.171508155822754027e+00
5.197864314270019825e+00
5.130141239166260192e+00
5.150863250732421683e+00
5.161423074340820705e+00
5.190496539306640678e+00
5.070738547515869499e+00
5.124533666229248219e+00
5.097282035827636726e+00
5.084804822540283098e+00
5.128365434265136358e+00
5.110197314453125195e+00
5.092366342163085591e+00
5.116437543487548645e+00
5.109071981811523777e+00
5.182505709075927669e+00
5.140028205108643000e+00
5.119753022766113659e+00
5.046083351898193570e+00
5.153576508331298989e+00
5.176690296936035551e+00
5.093311909484863342e+00
5.112281374359130659e+00
5.100009426879882568e+00
5.161519153594970710e+00
5.114793762207031413e+00
5.183450953674316075e+00
5.066076334381103941e+00
5.152873553466797318e+00
5.160150929260254316e+00
5.146684259796142413e+00
5.091506039428710828e+00
5.099358230590820718e+00
5.130358446502685688e+00
