1.454999999999999905e-01
1.963999999999999913e-01
2.169999999999999984e-01
2.737999999999999878e-01
2.832999999999999963e-01
2.624000000000000221e-01
3.022000000000000242e-01
3.194000000000000172e-01
3.683000000000000163e-01
3.467999999999999972e-01
3.896999999999999909e-01
3.143000000000000238e-01
3.965000000000000191e-01
3.350000000000000200e-01
3.741999999999999771e-01
3.724999999999999978e-01
3.980000000000000204e-01
3.991000000000000103e-01
3.896000000000000019e-01
3.568000000000000060e-01
3.946999999999999953e-01
4.057999999999999940e-01
3.841999999999999860e-01
4.203000000000000069e-01
3.910000000000000142e-01
4.279000000000000026e-01
4.229999999999999871e-01
4.368000000000000216e-01
4.259999999999999898e-01
4.339999999999999969e-01
4.393000000000000238e-01
4.299000000000000044e-01
4.389000000000000123e-01
4.394000000000000128e-01
4.339999999999999969e-01
4.339999999999999969e-01
4.348000000000000198e-01
4.350999999999999868e-01
4.344999999999999973e-01
4.329999999999999960e-01
4.368000000000000216e-01
4.326999999999999735e-01
4.319000000000000061e-01
4.343000000000000194e-01
4.303000000000000158e-01
4.330999999999999850e-01
4.318000000000000171e-01
4.350999999999999868e-01
4.324999999999999956e-01
4.329999999999999960e-01
4.294999999999999929e-01
4.316999999999999726e-01
4.304999999999999938e-01
4.294999999999999929e-01
4.313000000000000167e-01
4.312000000000000277e-01
4.331999999999999740e-01
4.339000000000000079e-01
4.334999999999999964e-01
4.338000000000000189e-01
4.354999999999999982e-01
4.315999999999999837e-01
4.353000000000000203e-01
4.319999999999999951e-01
4.340999999999999859e-01
4.309000000000000052e-01
4.316999999999999726e-01
4.339000000000000079e-01
4.335999999999999854e-01
4.355999999999999872e-01
4.369000000000000106e-01
4.325999999999999845e-01
4.321999999999999731e-01
4.314999999999999947e-01
4.294000000000000039e-01
4.316999999999999726e-01
4.354000000000000092e-01
4.346999999999999753e-01
4.358000000000000207e-01
4.305999999999999828e-01
4.353000000000000203e-01
4.361999999999999766e-01
4.331999999999999740e-01
4.289000000000000035e-01
4.335999999999999854e-01
4.340999999999999859e-01
4.353000000000000203e-01
4.334999999999999964e-01
4.345999999999999863e-01
4.312000000000000277e-01
4.345999999999999863e-01
4.349999999999999978e-01
4.345999999999999863e-01
4.341999999999999749e-01
4.343000000000000194e-01
4.319000000000000061e-01
4.314000000000000057e-01
4.328000000000000180e-01
4.336999999999999744e-01
4.316999999999999726e-01
