1.411999999999999922e-01
2.624000000000000221e-01
3.080999999999999850e-01
3.069999999999999951e-01
3.276000000000000023e-01
2.817000000000000060e-01
3.047000000000000264e-01
3.357999999999999874e-01
3.138000000000000234e-01
3.377000000000000002e-01
3.215999999999999970e-01
3.382999999999999896e-01
3.770000000000000018e-01
3.160000000000000031e-01
3.710999999999999854e-01
3.859000000000000208e-01
4.111000000000000210e-01
3.594999999999999862e-01
3.758000000000000229e-01
3.805000000000000049e-01
3.620999999999999774e-01
3.852999999999999758e-01
3.975000000000000200e-01
3.696999999999999731e-01
3.956999999999999962e-01
3.804000000000000159e-01
3.880000000000000115e-01
3.653000000000000136e-01
3.983999999999999764e-01
4.020000000000000240e-01
3.936999999999999944e-01
4.082000000000000073e-01
4.057000000000000051e-01
4.045000000000000262e-01
4.018999999999999795e-01
4.062000000000000055e-01
4.057999999999999940e-01
4.084999999999999742e-01
4.101000000000000201e-01
4.097000000000000086e-01
4.096000000000000196e-01
4.113999999999999879e-01
4.116000000000000214e-01
4.108999999999999875e-01
4.106000000000000205e-01
4.106000000000000205e-01
4.109999999999999765e-01
4.132000000000000117e-01
4.112000000000000099e-01
4.109999999999999765e-01
4.146000000000000241e-01
4.131000000000000227e-01
4.142000000000000126e-01
4.143000000000000016e-01
4.119999999999999774e-01
4.152000000000000135e-01
4.143999999999999906e-01
4.132000000000000117e-01
4.143999999999999906e-01
4.139999999999999791e-01
4.137000000000000122e-01
4.134999999999999787e-01
4.163000000000000034e-01
4.158000000000000029e-01
4.129999999999999782e-01
4.144999999999999796e-01
4.164999999999999813e-01
4.148999999999999910e-01
4.151000000000000245e-01
4.153000000000000025e-01
4.143000000000000016e-01
4.173999999999999932e-01
4.156000000000000250e-01
4.163000000000000034e-01
4.132000000000000117e-01
4.152000000000000135e-01
4.153999999999999915e-01
4.164999999999999813e-01
4.167000000000000148e-01
4.158000000000000029e-01
4.159999999999999809e-01
4.178000000000000047e-01
4.129999999999999782e-01
4.142000000000000126e-01
4.139999999999999791e-01
4.172000000000000153e-01
4.159999999999999809e-01
4.164999999999999813e-01
4.149999999999999800e-01
4.137000000000000122e-01
4.143999999999999906e-01
4.173000000000000043e-01
4.129999999999999782e-01
4.153000000000000025e-01
4.143999999999999906e-01
4.143999999999999906e-01
4.158999999999999919e-01
4.124999999999999778e-01
4.169999999999999818e-01
4.144999999999999796e-01
