2.614920761108398217e+00
2.074320841217041078e+00
1.903254185485839800e+00
1.781617286682128931e+00
1.707511805534362770e+00
1.625326135444641107e+00
1.519355690002441417e+00
1.417662413024902257e+00
1.379656438064575275e+00
1.272681734085083116e+00
1.222942877006530704e+00
1.153155669403076233e+00
1.081296525955200094e+00
9.880515758514404334e-01
9.809180797576904087e-01
9.438374158859252905e-01
9.204853329658507777e-01
8.796523960113525886e-01
8.000803071022033475e-01
7.903510377883911087e-01
7.477982194900513191e-01
7.128494904518127839e-01
6.888566655158996355e-01
6.973345913887023517e-01
6.483379280090332264e-01
6.350725407600402717e-01
6.433141504287719359e-01
6.343937724113464238e-01
6.438159995079040243e-01
6.642130464553832603e-01
6.862373019218445114e-01
6.791346931457519220e-01
7.102549325942992819e-01
7.331912755012511829e-01
7.744087595939636026e-01
7.695707123756408974e-01
7.754946554183960172e-01
7.539274987220764279e-01
8.067292654037475641e-01
8.106602994918823413e-01
8.354109949111938604e-01
8.500226507186889879e-01
8.767887619018555068e-01
9.031771883010863977e-01
9.334046068191528267e-01
9.456267147064209011e-01
9.584010200500487908e-01
9.684910821914672896e-01
9.787546323776245005e-01
9.808648078918457136e-01
9.999775625228881637e-01
1.013570423889160077e+00
1.037693207359313918e+00
1.035234212875366211e+00
9.942218048095703420e-01
9.827984304428100115e-01
8.494067233085632607e-01
7.800118417739868582e-01
7.490854149818420016e-01
7.685138624191284462e-01
8.131787777900695291e-01
8.117262496948242090e-01
8.562183273315430165e-01
8.743135795593262038e-01
8.909669233322143889e-01
9.150855184555053423e-01
9.319279121398925669e-01
9.190608898162841989e-01
9.397112445831299343e-01
9.494604148864745907e-01
9.693924726486206067e-01
9.847493301391601062e-01
1.001551626205444245e+00
9.584637149810790735e-01
9.145815599441527999e-01
9.285992568969726468e-01
9.281513687133788881e-01
9.502611982345581243e-01
9.199634660720825696e-01
9.268209753036499299e-01
9.516906171798705794e-01
9.562285100936889215e-01
9.741257078170776351e-01
9.977849555969238171e-01
1.010235329246520930e+00
1.026341669845580951e+00
1.038950254821777275e+00
1.047393071937561038e+00
1.058183251380920398e+00
1.063975228118896554e+00
1.069253055381774953e+00
1.078319830131530654e+00
1.083306182289123454e+00
1.090711740112304762e+00
1.096540765380859428e+00
1.099869795036315878e+00
1.108625816345214954e+00
1.117857406044006296e+00
1.123337289237976044e+00
1.132144141006469651e+00
