5.929535244140625139e+01
4.212650308990478543e+00
3.779292328643798715e+00
3.573758420181274431e+00
3.445290784454345889e+00
3.458098146057128730e+00
3.793559811019897587e+00
3.478006503677367967e+00
3.262892139053344742e+00
3.467484638214111126e+00
3.292271520614623803e+00
3.916517355728149408e+00
4.069124636459350519e+00
3.837441992950439307e+00
4.077034487915039307e+00
5.244510706329346128e+00
5.738702467346191050e+00
5.381546086120605032e+00
4.596279028320312321e+00
4.696136557769775344e+00
4.287163378143310943e+00
4.665868169403076138e+00
4.671538971710204713e+00
6.217785748291015935e+00
4.631914140319824291e+00
4.723625070953368699e+00
4.753368904113769666e+00
4.874093377685547068e+00
4.665970657348633033e+00
5.093909864807129040e+00
4.652775702667236501e+00
4.481355394744872989e+00
4.725547866058349200e+00
4.500886883544922057e+00
4.483426631164550535e+00
4.552592001342773642e+00
4.875704888916015278e+00
4.302910031890869291e+00
4.403221140289306668e+00
4.468744908905029511e+00
4.190358178710937409e+00
4.463399662780761723e+00
4.259244136047363405e+00
4.230217796325683288e+00
4.180276125335693038e+00
3.954533591079711918e+00
4.089075463104247632e+00
4.020928179168700822e+00
3.993653472900390522e+00
3.951359903717040822e+00
3.944669809722900489e+00
3.933828176498412876e+00
3.956138597106933386e+00
3.925531529617309445e+00
3.930830589294433519e+00
3.944393989562988256e+00
3.969367591094970837e+00
3.912900709533691401e+00
3.936200951385497859e+00
3.927195386505126784e+00
3.934913338470459099e+00
3.869561241912841787e+00
3.883190927124023251e+00
3.938922220611572378e+00
3.923740110015869309e+00
3.939893808746337989e+00
3.905354088973998827e+00
3.885561717605590992e+00
3.922189794921874917e+00
3.902786915588378758e+00
3.900444276046752812e+00
3.848692160797118955e+00
3.849299636459350804e+00
3.855564833831786942e+00
3.872046042251586773e+00
3.833976906967162979e+00
3.875084079742431520e+00
3.861994078445434742e+00
3.884345175170898390e+00
3.894635691833495894e+00
3.868658961105346794e+00
3.798981750106811717e+00
3.861411060714721621e+00
3.876545936965942296e+00
3.866148667907714831e+00
3.808432192230224445e+00
3.855786085891723669e+00
3.837843701934814611e+00
3.900575721359253123e+00
3.902793918228149472e+00
3.810317360305786050e+00
3.880969577407836990e+00
3.828922462081909117e+00
3.884036647033691558e+00
3.908678086853027533e+00
3.868998035430908367e+00
3.852239686965942322e+00
3.851831747436523568e+00
3.845497158813476535e+00
3.870426523971557398e+00
