2.614920761108398217e+00
2.074320877838134791e+00
1.903254130554199230e+00
1.781617292785644624e+00
1.707511762428283619e+00
1.625326159477233912e+00
1.519355641937255808e+00
1.417662391853332426e+00
1.379656441307067771e+00
1.272681725502014194e+00
1.222942837142944272e+00
1.153155647850036658e+00
1.081296577644348167e+00
9.880515514373778840e-01
9.809180679321288787e-01
9.438373634338378393e-01
9.204853238105773494e-01
8.796524026870727875e-01
8.000802493095398038e-01
7.903509938240050881e-01
7.477982579231262639e-01
7.128494290351867768e-01
6.888565798759460623e-01
6.973345643043518116e-01
6.483379678726196582e-01
6.350726184844970312e-01
6.433140637397766204e-01
6.343937187194824689e-01
6.438160178184508808e-01
6.642130405426025508e-01
6.862372331619263077e-01
6.791345909118652324e-01
7.102550174713134767e-01
7.331912551879883333e-01
7.744085855484008629e-01
7.695707831382750941e-01
7.754947921752929352e-01
7.539275601387024350e-01
8.067293689727783601e-01
8.106602729797363072e-01
8.354109785079956163e-01
8.500226383209228409e-01
8.767888545989990234e-01
9.031770795822143816e-01
9.334047182083129446e-01
9.456270786285400076e-01
9.584007947921753257e-01
9.684908859252929769e-01
9.787544643402099620e-01
9.808647436141967324e-01
9.999774404525756388e-01
1.013570491981506283e+00
1.037693365287780667e+00
1.035234401512145963e+00
9.942217306137084432e-01
9.827983798980712837e-01
8.494066675186157100e-01
7.800117710113525504e-01
7.490854429244995227e-01
7.685139535903930952e-01
8.131788183212280696e-01
8.117261106491089340e-01
8.562183700561523114e-01
8.743136013031005405e-01
8.909671232223510540e-01
9.150855188369750870e-01
9.319278394699096468e-01
9.190608760833740565e-01
9.397111513137816896e-01
9.494604534149170272e-01
9.693925254821776916e-01
9.847495223999023217e-01
1.001551519393920842e+00
9.584635408401489531e-01
9.145816240310669087e-01
9.285993059158325069e-01
9.281513555526733628e-01
9.502611343383788878e-01
9.199637481689453278e-01
9.268208637237548286e-01
9.516902175903320105e-01
9.562285558700561738e-01
9.741257951736450593e-01
9.977847799301147180e-01
1.010235224914550756e+00
1.026341722488403274e+00
1.038950161170959507e+00
1.047393167114257784e+00
1.058183216476440425e+00
1.063975314140319872e+00
1.069252979850769059e+00
1.078319910240173263e+00
1.083305975914001573e+00
1.090711916923522873e+00
1.096540973663330032e+00
1.099869701766967856e+00
1.108625661087036196e+00
1.117857557868957574e+00
1.123337089920043885e+00
1.132144018745422365e+00
