7.170708007812500284e+00
3.957076877212524213e+00
3.628789245223999149e+00
3.440532482910156453e+00
3.147785558319091681e+00
3.076410992813110479e+00
2.887112734985351370e+00
2.762020535659789999e+00
3.051421693801879886e+00
2.589110170745849704e+00
2.689804061508178634e+00
2.490008177947998114e+00
2.221007556533813432e+00
2.603164091873169106e+00
2.413863299560546682e+00
2.960899254226684540e+00
2.869843278121948060e+00
2.722568959426880042e+00
3.514051620864868219e+00
2.867246590805053508e+00
2.693521778106689357e+00
3.117287302780151315e+00
3.018221835327148383e+00
2.802478606796264593e+00
3.120426611709594678e+00
2.813726177215576385e+00
3.013425841903686564e+00
2.999117468261718766e+00
2.990053925323486350e+00
2.805334994888305733e+00
2.972166342544555473e+00
3.252447003936767445e+00
3.051124957656860204e+00
3.123753422164917026e+00
3.030103591537475438e+00
2.979496379089355607e+00
3.062488304138183626e+00
2.985866892623901148e+00
2.965573859024047909e+00
3.116343086624145720e+00
2.892122787475586154e+00
2.901182978057861295e+00
2.923155339431762645e+00
2.841531098175048786e+00
2.805345899963378908e+00
2.877082696533203254e+00
2.856149019241332798e+00
2.840999177932739261e+00
2.786432951354980592e+00
2.768841936874389731e+00
2.780345890426635602e+00
2.762795905685424991e+00
2.774608969879150511e+00
2.803325870513916129e+00
2.773211927795410148e+00
2.789259230804443490e+00
2.770265622711181486e+00
2.808281597137451069e+00
2.767744412231445406e+00
2.783641365814208957e+00
2.770994838333129984e+00
2.773300845336914122e+00
2.761160191345215065e+00
2.775318714141845611e+00
2.753024850082397279e+00
2.764687458038330270e+00
2.758551830291747997e+00
2.828486951446533393e+00
2.760322158813476534e+00
2.772154497146606555e+00
2.772169984054565273e+00
2.742108895111083910e+00
2.776267301177978375e+00
2.783801800918578984e+00
2.770452805709838984e+00
2.758863000488281259e+00
2.750946559143066406e+00
2.773258987426757916e+00
2.766089321899414255e+00
2.787923092651367174e+00
2.752876759338378942e+00
2.752831214904785107e+00
2.721730652999877709e+00
2.714042501831054555e+00
2.770764468002319347e+00
2.772458576583862300e+00
2.775400264358520719e+00
2.757860055541992317e+00
2.737983055496215901e+00
2.753963328170776492e+00
2.767915500640869109e+00
2.730224707031250198e+00
2.751461980819702280e+00
2.770022264099121223e+00
2.764543311691284089e+00
2.821079052352905236e+00
2.771802851486206087e+00
2.739858528900146695e+00
2.729012749481201094e+00
2.753147707366943475e+00
