1.517000000000000015e-01
2.462000000000000022e-01
2.788999999999999813e-01
2.888000000000000012e-01
3.040999999999999814e-01
3.507000000000000117e-01
3.766999999999999793e-01
3.896999999999999909e-01
3.993999999999999773e-01
4.062000000000000055e-01
3.271000000000000019e-01
3.672000000000000264e-01
3.963999999999999746e-01
4.270999999999999797e-01
4.215999999999999748e-01
4.136000000000000232e-01
3.958999999999999742e-01
4.094999999999999751e-01
4.066000000000000170e-01
4.235999999999999766e-01
4.425999999999999934e-01
4.526000000000000023e-01
4.445000000000000062e-01
4.339000000000000079e-01
4.516999999999999904e-01
4.410999999999999921e-01
4.430999999999999939e-01
4.207000000000000184e-01
4.445000000000000062e-01
4.411999999999999811e-01
4.556999999999999940e-01
4.532999999999999807e-01
4.481999999999999873e-01
4.570000000000000173e-01
4.570000000000000173e-01
4.566999999999999948e-01
4.547999999999999821e-01
4.549000000000000266e-01
4.605000000000000204e-01
4.575000000000000178e-01
4.577999999999999847e-01
4.575000000000000178e-01
4.605000000000000204e-01
4.578999999999999737e-01
4.601999999999999980e-01
4.596000000000000085e-01
4.585000000000000187e-01
4.289000000000000035e-01
4.482999999999999763e-01
4.541000000000000036e-01
4.566000000000000059e-01
4.573999999999999733e-01
4.535000000000000142e-01
4.561999999999999944e-01
4.544000000000000261e-01
4.568999999999999728e-01
4.576000000000000068e-01
4.563999999999999724e-01
4.556000000000000050e-01
4.557999999999999829e-01
4.547999999999999821e-01
4.576000000000000068e-01
4.587999999999999856e-01
4.561999999999999944e-01
4.566000000000000059e-01
4.576999999999999957e-01
4.565000000000000169e-01
4.563999999999999724e-01
4.571999999999999953e-01
4.568999999999999728e-01
4.551000000000000045e-01
4.576999999999999957e-01
4.588999999999999746e-01
4.561000000000000054e-01
4.577999999999999847e-01
4.556000000000000050e-01
4.563999999999999724e-01
4.546999999999999931e-01
4.563999999999999724e-01
4.571999999999999953e-01
4.563999999999999724e-01
4.576999999999999957e-01
4.572999999999999843e-01
4.563999999999999724e-01
4.576000000000000068e-01
4.571000000000000063e-01
4.572999999999999843e-01
4.575000000000000178e-01
4.563999999999999724e-01
4.556000000000000050e-01
4.585000000000000187e-01
4.560000000000000164e-01
4.591000000000000081e-01
4.582999999999999852e-01
4.585000000000000187e-01
4.571999999999999953e-01
4.591000000000000081e-01
4.578999999999999737e-01
4.570000000000000173e-01
4.570000000000000173e-01
