1.492123619995117245e+01
2.394105192184448061e+00
2.121622988891601391e+00
2.088541563796997291e+00
2.023437847137451229e+00
1.804445308494567968e+00
1.896225464630126867e+00
1.807328683090209998e+00
1.878627676773071187e+00
1.790372015571594311e+00
2.897910299301147408e+00
2.337790753555297751e+00
2.243236982727050854e+00
2.353383024978637827e+00
2.561165000152588078e+00
2.977347916793823046e+00
2.721956623840331879e+00
3.165624270248413197e+00
3.001581916427612295e+00
3.405957739639282167e+00
3.151101107406616197e+00
2.918721177291870195e+00
3.275533351898193501e+00
3.134620222091674790e+00
3.137414998245239062e+00
3.473784729385375858e+00
3.282654806137085046e+00
3.666334216690063652e+00
3.251504629135131719e+00
3.343162896728515410e+00
3.043213234710693271e+00
3.109316266250610195e+00
3.147964243316650368e+00
3.032108078384399441e+00
2.995726430511474803e+00
3.007011548614502150e+00
2.995296129989624134e+00
2.990382315063476515e+00
2.911944651412963658e+00
2.967382868576049937e+00
2.894119577026367018e+00
2.903604603195190315e+00
2.871029705047607461e+00
2.851132513427734327e+00
2.848032837295532360e+00
2.821229376983642734e+00
2.806977553176879692e+00
2.894485604858398453e+00
2.837193226242065602e+00
2.888813158416748017e+00
2.778609170532226447e+00
2.774538615036010736e+00
2.805545897293090896e+00
2.783874909591674829e+00
2.781861369705200371e+00
2.771488542556762802e+00
2.748604168701171968e+00
2.758075340270996101e+00
2.797745908355712796e+00
2.782791128540039072e+00
2.786580401992797995e+00
2.766708416748046684e+00
2.753864302062988489e+00
2.781075658798217720e+00
2.785954609680175942e+00
2.785175257873535148e+00
2.804030236434936540e+00
2.797922610092163254e+00
2.768230563354492357e+00
2.770713464736938469e+00
2.786450952148437299e+00
2.753090687942504999e+00
2.772010371398925699e+00
2.771000656127929673e+00
2.771055400466918783e+00
2.791404403686523317e+00
2.766792404174804876e+00
2.796861932373047033e+00
2.789481250762939624e+00
2.768920150375366429e+00
2.750360399246215781e+00
2.758746091842651182e+00
2.786501129531860244e+00
2.783861112594604670e+00
2.736552799224853505e+00
2.766415212631225806e+00
2.766284412384033331e+00
2.777698119735717786e+00
2.784299946594238406e+00
2.784769178390503086e+00
2.738374826049804867e+00
2.782800832366943311e+00
2.743307417678833016e+00
2.724965674972534391e+00
2.733885523986816501e+00
2.768496664810180530e+00
2.744105011749267575e+00
2.762423984146118006e+00
2.763428785705566604e+00
2.764396442413330046e+00
