2.614920748901367276e+00
2.074320865631103405e+00
1.903254151725769061e+00
1.781617323684692389e+00
1.707511756324768148e+00
1.625326137924194336e+00
1.519355742073059012e+00
1.417662364578247125e+00
1.379656453132629412e+00
1.272681762123107907e+00
1.222942864799499540e+00
1.153155601882934533e+00
1.081296620750427318e+00
9.880516036987304629e-01
9.809179946899414526e-01
9.438374153137206735e-01
9.204852868080138917e-01
8.796524391174316282e-01
8.000803166389465204e-01
7.903509798049926927e-01
7.477981598854065437e-01
7.128495419502258734e-01
6.888565998077392782e-01
6.973346316337585282e-01
6.483379631996154524e-01
6.350725647926330764e-01
6.433140910148620328e-01
6.343935894966125089e-01
6.438159828186035272e-01
6.642130719184875520e-01
6.862374977111815877e-01
6.791345094680786287e-01
7.102548174858093200e-01
7.331912810325622587e-01
7.744086302757263729e-01
7.695708503723144300e-01
7.754947454452514322e-01
7.539275692939758633e-01
8.067292495727539370e-01
8.106601772308349441e-01
8.354110000610351916e-01
8.500227643966674629e-01
8.767889682769774984e-01
9.031770648956298775e-01
9.334045822143555160e-01
9.456268156051635954e-01
9.584008661270141394e-01
9.684911117553710591e-01
9.787545337677001633e-01
9.808649000167846133e-01
9.999773925781250128e-01
1.013570483016967838e+00
1.037693224525451763e+00
1.035234376335144146e+00
9.942218732833861816e-01
9.827984815597534674e-01
8.494067895889282349e-01
7.800119058609008560e-01
7.490854064941405710e-01
7.685139097213745663e-01
8.131787135124206589e-01
8.117261230468749700e-01
8.562182415008544600e-01
8.743135477066039662e-01
8.909671184539794675e-01
9.150854454040527886e-01
9.319279012680053986e-01
9.190610731124877475e-01
9.397111507415771836e-01
9.494604019165039377e-01
9.693927015304565353e-01
9.847493484497070737e-01
1.001551333045959558e+00
9.584635068893432308e-01
9.145817520141601431e-01
9.285993576049804688e-01
9.281514719009399395e-01
9.502613151550293180e-01
9.199634523391723162e-01
9.268209760665893082e-01
9.516904178619385313e-01
9.562287696838378537e-01
9.741256706237793050e-01
9.977850542068481543e-01
1.010235277557373079e+00
1.026341703414916928e+00
1.038950356101989714e+00
1.047392993545532169e+00
1.058183347892761139e+00
1.063975291442871063e+00
1.069252830314636249e+00
1.078319672775268634e+00
1.083306139183044525e+00
1.090711803245544509e+00
1.096541020393371646e+00
1.099869676780700578e+00
1.108625661277770957e+00
1.117857518005371142e+00
1.123337108230590742e+00
1.132144191551208490e+00
