1.762023097229003810e+01
3.371963693237304494e+00
2.774583870315551870e+00
2.500011608123779094e+00
2.372224348068237454e+00
2.431258660888671930e+00
2.300631837844848704e+00
2.426169772720336848e+00
2.350556805801391480e+00
2.397144234466552781e+00
2.290135263061523485e+00
2.838059042739867976e+00
2.613386510086059378e+00
2.484104175186157448e+00
3.048364931869506744e+00
3.287838522338867087e+00
3.107016287231445517e+00
3.129515616226196340e+00
2.985482028961181644e+00
3.063213639068603555e+00
3.182623893356323119e+00
3.226053872680664014e+00
3.525587566375732340e+00
3.384116005706787167e+00
3.190056801986694168e+00
3.340158193969726685e+00
3.437011296081542877e+00
3.330710737991333215e+00
3.347571942901611308e+00
3.217265173339843631e+00
3.338256659317016428e+00
3.275516526794433503e+00
3.283240008544921817e+00
3.232909830474853585e+00
3.298623949813842771e+00
3.260945557022094654e+00
3.206117209625244158e+00
3.220156009674072450e+00
3.163091663742065407e+00
3.151898472213745084e+00
3.142289342498779448e+00
3.119793999481200952e+00
3.113831105804443222e+00
3.059858577346801667e+00
3.068277369308471503e+00
3.055602625656127724e+00
3.038085784912109233e+00
3.018005592346191257e+00
2.991840785980224737e+00
2.986330684661865131e+00
2.990245495986938451e+00
3.004047631835937704e+00
3.008219237136840807e+00
3.011474477767944524e+00
2.996403973007202293e+00
2.997429271697998221e+00
3.007170203018188381e+00
2.990330942916870072e+00
2.976992786788940304e+00
2.990811034393310752e+00
2.998120467376709009e+00
2.973760948944091709e+00
2.997437568283081166e+00
2.983577913665771408e+00
2.990725047683715943e+00
2.973129985427856337e+00
2.981533946990966744e+00
2.967754858016967923e+00
2.979890239715575984e+00
2.964963927459716597e+00
2.968635009384155143e+00
2.971433169555663945e+00
2.938487404632568190e+00
2.971906248092651470e+00
2.947436970520019628e+00
2.972611338806152137e+00
2.955486215209961021e+00
2.965868127822875788e+00
2.951707061386108499e+00
2.971800215530395306e+00
2.975942184448242323e+00
2.974614596557617396e+00
2.972876834869384588e+00
2.986712264251708771e+00
2.985276438522338704e+00
2.974950769424438590e+00
2.979481776809692395e+00
2.978496731567382927e+00
2.972444904708862357e+00
2.962276929855346630e+00
2.974391238021850459e+00
2.955883543014526271e+00
2.971412076187133877e+00
2.972264035034179575e+00
2.974336839294433599e+00
2.970235220336914228e+00
2.989016624450683501e+00
2.972030298614501742e+00
2.971238988113403146e+00
2.999001503372192179e+00
