1.774000000000000021e-01
2.295999999999999985e-01
2.853999999999999870e-01
3.074000000000000066e-01
3.178000000000000269e-01
3.173000000000000265e-01
3.506000000000000227e-01
3.580999999999999739e-01
3.423999999999999821e-01
3.764000000000000123e-01
3.689000000000000057e-01
3.543000000000000038e-01
3.562000000000000166e-01
3.998999999999999777e-01
3.881000000000000005e-01
3.743000000000000216e-01
4.045000000000000262e-01
3.830000000000000071e-01
4.172000000000000153e-01
4.157000000000000139e-01
4.244999999999999885e-01
4.161000000000000254e-01
4.111000000000000210e-01
4.188999999999999946e-01
4.309000000000000052e-01
4.359999999999999987e-01
4.341999999999999749e-01
4.350999999999999868e-01
4.343000000000000194e-01
4.356999999999999762e-01
4.364000000000000101e-01
4.386999999999999789e-01
4.403000000000000247e-01
4.383000000000000229e-01
4.437999999999999723e-01
4.415000000000000036e-01
4.425999999999999934e-01
4.419000000000000150e-01
4.436999999999999833e-01
4.451999999999999846e-01
4.455000000000000071e-01
4.454000000000000181e-01
4.444000000000000172e-01
4.464000000000000190e-01
4.454000000000000181e-01
4.456999999999999851e-01
4.450000000000000067e-01
4.455999999999999961e-01
4.451999999999999846e-01
4.460000000000000075e-01
4.460000000000000075e-01
4.452999999999999736e-01
4.440999999999999948e-01
4.435000000000000053e-01
4.444000000000000172e-01
4.440000000000000058e-01
4.435999999999999943e-01
4.449000000000000177e-01
4.447999999999999732e-01
4.441999999999999837e-01
4.425000000000000044e-01
4.447999999999999732e-01
4.431999999999999829e-01
4.455000000000000071e-01
4.436999999999999833e-01
4.455000000000000071e-01
4.454000000000000181e-01
4.450999999999999956e-01
4.449000000000000177e-01
4.445999999999999952e-01
4.459000000000000186e-01
4.452999999999999736e-01
4.456999999999999851e-01
4.446999999999999842e-01
4.460999999999999965e-01
4.435000000000000053e-01
4.454000000000000181e-01
4.435999999999999943e-01
4.466999999999999860e-01
4.450999999999999956e-01
4.433000000000000274e-01
4.444000000000000172e-01
4.439000000000000168e-01
4.436999999999999833e-01
4.441999999999999837e-01
4.444000000000000172e-01
4.440000000000000058e-01
4.446999999999999842e-01
4.445999999999999952e-01
4.460000000000000075e-01
4.450999999999999956e-01
4.440000000000000058e-01
4.434000000000000163e-01
4.455999999999999961e-01
4.455999999999999961e-01
4.451999999999999846e-01
4.436999999999999833e-01
4.445999999999999952e-01
4.449000000000000177e-01
4.421999999999999820e-01
