1.567000000000000060e-01
2.156000000000000139e-01
2.939999999999999836e-01
3.250000000000000111e-01
3.558000000000000052e-01
4.092999999999999972e-01
4.403000000000000247e-01
4.887000000000000233e-01
5.087000000000000410e-01
5.501000000000000334e-01
5.708999999999999631e-01
6.008000000000000007e-01
6.227000000000000313e-01
6.572999999999999954e-01
6.622000000000000108e-01
6.687999999999999501e-01
6.834000000000000075e-01
7.093000000000000416e-01
7.328000000000000069e-01
7.324000000000000510e-01
7.449000000000000066e-01
7.579000000000000181e-01
7.654999999999999583e-01
7.647000000000000464e-01
7.769000000000000350e-01
7.841000000000000192e-01
7.852000000000000091e-01
7.870000000000000329e-01
7.883999999999999897e-01
7.806999999999999496e-01
7.854999999999999760e-01
7.902000000000000135e-01
7.949000000000000510e-01
7.947999999999999510e-01
7.892000000000000126e-01
7.825999999999999623e-01
7.922000000000000153e-01
7.932000000000000162e-01
7.937999999999999501e-01
7.979000000000000536e-01
7.970000000000000417e-01
7.987999999999999545e-01
8.016999999999999682e-01
8.010000000000000453e-01
8.011000000000000343e-01
8.022000000000000242e-01
8.035999999999999810e-01
8.032000000000000250e-01
8.033000000000000140e-01
8.001000000000000334e-01
8.034000000000000030e-01
8.034000000000000030e-01
8.020000000000000462e-01
7.991000000000000325e-01
7.911000000000000254e-01
7.832000000000000073e-01
7.823999999999999844e-01
7.885999999999999677e-01
7.931000000000000272e-01
7.919000000000000483e-01
7.896999999999999575e-01
7.973999999999999977e-01
8.006999999999999673e-01
7.996999999999999664e-01
8.037999999999999590e-01
8.054999999999999938e-01
8.040000000000000480e-01
8.000000000000000444e-01
8.018999999999999462e-01
8.020000000000000462e-01
8.034999999999999920e-01
8.045999999999999819e-01
8.026999999999999691e-01
8.037999999999999590e-01
7.957999999999999519e-01
8.025999999999999801e-01
8.005999999999999783e-01
7.961000000000000298e-01
7.931000000000000272e-01
7.964999999999999858e-01
7.979000000000000536e-01
7.980000000000000426e-01
7.990000000000000435e-01
8.017999999999999572e-01
8.015999999999999792e-01
8.024000000000000021e-01
8.024000000000000021e-01
8.008999999999999453e-01
8.012000000000000233e-01
8.024000000000000021e-01
8.037999999999999590e-01
8.032000000000000250e-01
8.043000000000000149e-01
8.038999999999999480e-01
8.046999999999999709e-01
8.034000000000000030e-01
8.034999999999999920e-01
8.036999999999999700e-01
8.035999999999999810e-01
8.036999999999999700e-01
