2.614920743179321327e+00
2.074320829010009692e+00
1.903254167175292944e+00
1.781617304992675788e+00
1.707511801910400306e+00
1.625326144027710029e+00
1.519355665969848612e+00
1.417662428855896106e+00
1.379656465721130321e+00
1.272681737709045358e+00
1.222942855834960874e+00
1.153155610847473200e+00
1.081296599197387742e+00
9.880516006469726165e-01
9.809179580688476285e-01
9.438374307632446669e-01
9.204853692054748571e-01
8.796524077415466270e-01
8.000802765846252163e-01
7.903509688377380327e-01
7.477982697486877939e-01
7.128495297431945987e-01
6.888566764831542955e-01
6.973346560478210776e-01
6.483379371643066547e-01
6.350725893974303871e-01
6.433141077041626410e-01
6.343937372207641978e-01
6.438160011291503837e-01
6.642130767822265192e-01
6.862374225616455492e-01
6.791345823287964212e-01
7.102549537658691126e-01
7.331913886070251518e-01
7.744087570190429926e-01
7.695707824707030964e-01
7.754946704864501550e-01
7.539274570465087644e-01
8.067293441772460660e-01
8.106602346420288541e-01
8.354110233306885069e-01
8.500227163314819645e-01
8.767889383316039842e-01
9.031771305084228540e-01
9.334043544769287104e-01
9.456270038604736028e-01
9.584008691787719858e-01
9.684909811019897230e-01
9.787544422149657697e-01
9.808648178100586312e-01
9.999774829864501724e-01
1.013570391845703078e+00
1.037692971992492774e+00
1.035234336853027237e+00
9.942217868804931191e-01
9.827983366012573718e-01
8.494067294120788425e-01
7.800118026733398047e-01
7.490855622291564542e-01
7.685138185501099173e-01
8.131787530899048377e-01
8.117262914657592532e-01
8.562184324264526802e-01
8.743134181976318642e-01
8.909670177459716456e-01
9.150853240966796420e-01
9.319277864456176896e-01
9.190609367370605742e-01
9.397110481262207493e-01
9.494604084014892642e-01
9.693926303863525940e-01
9.847492416381835589e-01
1.001551250839233465e+00
9.584634994506835426e-01
9.145817123413085836e-01
9.285993423461914587e-01
9.281514318466186353e-01
9.502612655639648409e-01
9.199635553359984952e-01
9.268208654403686797e-01
9.516904487609862962e-01
9.562282730102539263e-01
9.741255014419555325e-01
9.977847490310668421e-01
1.010235240173339877e+00
1.026341792106628459e+00
1.038950248527526821e+00
1.047392971038818343e+00
1.058183270454406744e+00
1.063975398063659705e+00
1.069252888679504299e+00
1.078319887351989692e+00
1.083306105041503820e+00
1.090711683654785213e+00
1.096541076469421450e+00
1.099869754409789957e+00
1.108625673484802343e+00
1.117857333946228104e+00
1.123337228775024510e+00
1.132144226837158207e+00
