1.061958114624023430e+01
2.488081930160522592e+00
2.131290740966796715e+00
2.023036920166015662e+00
2.140165796279907440e+00
1.932480607795715288e+00
1.984954705047607515e+00
2.210347940063476457e+00
2.005723888015746859e+00
1.863012621307372996e+00
2.197465758895873922e+00
2.221841467666625825e+00
2.547088154983520703e+00
2.379659008407592591e+00
2.713645294952392373e+00
2.927266780090331810e+00
2.994856863021850391e+00
2.942309804153442343e+00
3.365384205245971483e+00
3.089373526382446222e+00
3.790719884490966862e+00
3.231532447052002155e+00
3.179380015563964879e+00
3.345207411193847680e+00
3.186856895828247271e+00
3.094989648818969652e+00
3.136805951690673666e+00
3.207493539047240994e+00
3.175910828781127737e+00
3.118068465042114212e+00
3.583756419372558621e+00
3.123860775756835739e+00
3.283217038726806702e+00
3.270607544326782357e+00
3.247073686981201135e+00
3.207891909790038909e+00
3.101652956008911222e+00
3.119775810623168777e+00
3.065299040603637781e+00
3.124662689971923868e+00
3.130058033752441293e+00
3.084851160049438601e+00
3.003793148422241099e+00
3.035192693710327294e+00
3.003973666381835717e+00
2.940563877868652476e+00
2.917645484161377034e+00
2.937497087860107214e+00
2.917987619781494235e+00
2.907488217163086031e+00
2.950319026184081928e+00
2.922054872131347736e+00
2.933063351440429845e+00
2.895271239471435720e+00
2.939928362655639837e+00
2.887772132873535291e+00
2.955482987213134738e+00
2.853279381179809615e+00
2.928683572387695389e+00
2.912213027954101641e+00
2.875644987487793180e+00
2.890749613189697254e+00
2.918615817642212118e+00
2.956527266311645530e+00
2.923708813095092562e+00
2.921676012802123967e+00
2.911704259109497261e+00
2.882347353744506790e+00
2.874448229217529516e+00
2.879412571334838855e+00
2.886603890991211063e+00
2.900132681655883893e+00
2.877397783660888830e+00
2.885956665039062674e+00
2.868071887969970923e+00
2.887105618667602513e+00
2.894766546249389449e+00
2.905080115509033334e+00
2.904351339721679803e+00
2.905268943405151294e+00
2.908378712844848835e+00
2.874593254852294777e+00
2.916498208999633857e+00
2.908876876449585147e+00
2.891659849929809400e+00
2.859202923965454168e+00
2.890235194015502884e+00
2.920778610992431634e+00
2.907324464797973462e+00
2.924729258728027137e+00
2.910363079833984568e+00
2.888391040039062663e+00
2.907568864440917888e+00
2.897056657028198146e+00
2.888857823944091852e+00
2.891128340148925613e+00
2.896480893707275239e+00
2.917086747741699071e+00
2.918357395172119340e+00
2.874058240890502880e+00
