1.021999999999999992e-01
1.948000000000000009e-01
2.416000000000000092e-01
2.590999999999999970e-01
2.939999999999999836e-01
3.261999999999999900e-01
3.180000000000000049e-01
3.089000000000000079e-01
3.194000000000000172e-01
3.180999999999999939e-01
2.940999999999999726e-01
3.588999999999999968e-01
3.578999999999999959e-01
3.397000000000000020e-01
3.361999999999999988e-01
3.519999999999999796e-01
3.675999999999999823e-01
3.766999999999999793e-01
3.825000000000000067e-01
3.488999999999999879e-01
3.382000000000000006e-01
3.796999999999999820e-01
3.820999999999999952e-01
3.573999999999999955e-01
3.860999999999999988e-01
4.112000000000000099e-01
4.190999999999999726e-01
4.198000000000000065e-01
4.134999999999999787e-01
4.243999999999999995e-01
4.188999999999999946e-01
4.264999999999999902e-01
4.252000000000000224e-01
4.179999999999999827e-01
4.199999999999999845e-01
4.239999999999999880e-01
4.222000000000000197e-01
4.239999999999999880e-01
4.238000000000000100e-01
4.217000000000000193e-01
4.242000000000000215e-01
4.179999999999999827e-01
4.242000000000000215e-01
4.164999999999999813e-01
4.207000000000000184e-01
4.089999999999999747e-01
4.200999999999999734e-01
4.228999999999999981e-01
4.292000000000000259e-01
4.214999999999999858e-01
4.210999999999999743e-01
4.197000000000000175e-01
4.214999999999999858e-01
4.218999999999999972e-01
4.203000000000000069e-01
4.197000000000000175e-01
4.208999999999999964e-01
4.214999999999999858e-01
4.237000000000000210e-01
4.229999999999999871e-01
4.238000000000000100e-01
4.218000000000000083e-01
4.233000000000000096e-01
4.195999999999999730e-01
4.234999999999999876e-01
4.207000000000000184e-01
4.212000000000000188e-01
4.203000000000000069e-01
4.200999999999999734e-01
4.209999999999999853e-01
4.207000000000000184e-01
4.220999999999999752e-01
4.183000000000000052e-01
4.223999999999999977e-01
4.222000000000000197e-01
4.203999999999999959e-01
4.198999999999999955e-01
4.219999999999999862e-01
4.213000000000000078e-01
4.218000000000000083e-01
4.189999999999999836e-01
4.227000000000000202e-01
4.212000000000000188e-01
4.213000000000000078e-01
4.208999999999999964e-01
4.203000000000000069e-01
4.213999999999999968e-01
4.218999999999999972e-01
4.243000000000000105e-01
4.240999999999999770e-01
4.198000000000000065e-01
4.213999999999999968e-01
4.217000000000000193e-01
4.213000000000000078e-01
4.193999999999999950e-01
4.234999999999999876e-01
4.235999999999999766e-01
4.252000000000000224e-01
4.209999999999999853e-01
4.234999999999999876e-01
