2.614920736694335890e+00
2.074320841217041078e+00
1.903254139518737897e+00
1.781617286682128931e+00
1.707511826705932600e+00
1.625326159477233912e+00
1.519355668830871586e+00
1.417662459373474126e+00
1.379656484031677177e+00
1.272681749153137254e+00
1.222942894935607816e+00
1.153155665779113770e+00
1.081296574783325193e+00
9.880515729904174593e-01
9.809180038452148809e-01
9.438373144149779792e-01
9.204853338241577587e-01
8.796524633407593052e-01
8.000802782058715756e-01
7.903509796142578203e-01
7.477981781959534002e-01
7.128495976448059324e-01
6.888566718101502007e-01
6.973346055984497305e-01
6.483378863334655628e-01
6.350726188659667759e-01
6.433141219139099087e-01
6.343936871528625954e-01
6.438159065246582546e-01
6.642130698204040673e-01
6.862372341156005584e-01
6.791345557212830064e-01
7.102549421310424549e-01
7.331914338111877871e-01
7.744087078094482601e-01
7.695707404136657992e-01
7.754945343017578541e-01
7.539274256706237631e-01
8.067292816162109359e-01
8.106601448059082005e-01
8.354109006881713650e-01
8.500227075576781699e-01
8.767888696670532722e-01
9.031772054672241312e-01
9.334046791076660021e-01
9.456268741607666284e-01
9.584008829116821282e-01
9.684911542892455927e-01
9.787546342849731129e-01
9.808648189544677543e-01
9.999774814605713047e-01
1.013570433425903250e+00
1.037693220329284571e+00
1.035234482192993077e+00
9.942218441009521568e-01
9.827983375549316225e-01
8.494067470550537013e-01
7.800120801925659597e-01
7.490854433059692674e-01
7.685139194488525005e-01
8.131786472320556847e-01
8.117264261245727974e-01
8.562183179855347159e-01
8.743136714935302312e-01
8.909669662475585561e-01
9.150854410171508357e-01
9.319277347564697278e-01
9.190608627319335477e-01
9.397111680984496784e-01
9.494603996276855806e-01
9.693924682617187649e-01
9.847493171691894531e-01
1.001551251983642477e+00
9.584634677886962884e-01
9.145815036773681239e-01
9.285993209838867557e-01
9.281514827728271078e-01
9.502612234115600520e-01
9.199635934829711870e-01
9.268209014892577757e-01
9.516903142929077353e-01
9.562284694671631113e-01
9.741255777359009160e-01
9.977851425170898292e-01
1.010235405731201075e+00
1.026341721343994040e+00
1.038950180435180615e+00
1.047393181037902909e+00
1.058183266448974535e+00
1.063975419616699281e+00
1.069252807807922423e+00
1.078319823074340711e+00
1.083305896568298232e+00
1.090711717605590714e+00
1.096540818786621019e+00
1.099869689941406214e+00
1.108625666809081922e+00
1.117857293891906689e+00
1.123337174415588446e+00
1.132143957519531341e+00
