2.462781208496093655e+01
5.072194841766357598e+00
4.259120748138427892e+00
4.323400968170165726e+00
4.082115942382812612e+00
4.112924194717407111e+00
4.118661426925659619e+00
4.164171165847778688e+00
4.184261597442627156e+00
5.726664982604980025e+00
5.606108193969726372e+00
5.360081238555908456e+00
6.051798214721679336e+00
5.368767138671874939e+00
5.452029398345946909e+00
5.130224153137207033e+00
5.516757790374755999e+00
5.768697620391845859e+00
6.512795529174804976e+00
5.793441316986084111e+00
6.083865798187256146e+00
6.149191351318359366e+00
6.121738445281982521e+00
5.932679895782470680e+00
5.959097095489502394e+00
5.559788443756103149e+00
5.664373823547363074e+00
5.421326483917236594e+00
5.562232124328613025e+00
5.187759384918212646e+00
5.226391654205322368e+00
5.115171063232422100e+00
5.095805488586425902e+00
5.021157421112060426e+00
4.923288035583496480e+00
4.891510713195800442e+00
4.841513419342041047e+00
4.781072283172607129e+00
4.669703304290771406e+00
4.573197563934326304e+00
4.554774362945556376e+00
4.482370284271239846e+00
4.502226477813720429e+00
4.386275024414062251e+00
4.312993458557128790e+00
4.217135391998290572e+00
4.247247906494140857e+00
4.234427081298828277e+00
4.112973062896728926e+00
4.102461309814453116e+00
4.192923986816405879e+00
4.112977606964111743e+00
4.174479755401611314e+00
4.128227487945556717e+00
4.131386614990234740e+00
4.110970252990722607e+00
4.068196965789795172e+00
4.079743142700195335e+00
4.052007447052002220e+00
4.087374271392822500e+00
4.089303907775878599e+00
4.062404737091064533e+00
4.088693742370605122e+00
4.115859201049804739e+00
4.029976807403564010e+00
4.076101310729980831e+00
4.087067835235595581e+00
4.073224266052245746e+00
4.031309377288818219e+00
4.094228689575195368e+00
4.062495214843750091e+00
4.053021538543701396e+00
4.006410580444335956e+00
4.132928135681152249e+00
4.061917044830321899e+00
4.047391164398193020e+00
3.966328052902221568e+00
4.066352074432373342e+00
3.998815530395507967e+00
4.058032033538818695e+00
4.055234489440917578e+00
4.002048854064941708e+00
4.064892363739013526e+00
4.006152817535400423e+00
4.028819621276855223e+00
4.007776049804687268e+00
4.016598209381103679e+00
4.037481801605224518e+00
4.058851245117187645e+00
4.083122505950927739e+00
4.084998489379882969e+00
4.030659322357177388e+00
4.013055932617187516e+00
4.067205158233642592e+00
4.087010053253173680e+00
4.110146097564697065e+00
4.038833515930175366e+00
4.050484284973144611e+00
4.068852203369140774e+00
4.049595062255859190e+00
