5.455151943359374656e+01
3.564484484100341799e+00
3.341292824172973575e+00
3.278425111007690518e+00
3.552231757736206141e+00
3.503238264465331930e+00
3.460372244262695407e+00
3.300916103363037202e+00
3.270388208007812381e+00
3.828672156906127721e+00
3.670548924636841015e+00
3.404457479858398639e+00
3.454380960083007768e+00
3.792154864501953160e+00
3.870916924285888516e+00
4.301530584716797279e+00
5.264147431945800371e+00
4.642314878082275165e+00
4.906999346923828220e+00
4.731007595825195367e+00
4.761980776214599587e+00
4.872348382568359781e+00
5.255952983093261643e+00
5.474249752807617497e+00
6.499799662780762155e+00
5.565320430755615000e+00
5.266326712799072496e+00
5.744829645538329643e+00
5.582511211395263295e+00
5.729357789611816187e+00
5.390859938812256225e+00
5.687250645446777497e+00
5.588782128143310324e+00
5.326615319824218986e+00
5.435385285949706713e+00
5.316226950073241753e+00
5.349934947204589619e+00
5.271457428741455509e+00
5.193743707275390697e+00
5.188128519439697328e+00
5.169030516052246504e+00
5.063015311431884768e+00
4.982741919708251643e+00
4.992693968200683230e+00
5.030707552337646327e+00
4.950094750976562707e+00
4.815769573974609585e+00
4.896344178009033321e+00
4.931600619506835592e+00
4.758042922210693249e+00
4.778691810607909929e+00
4.759858534240722250e+00
4.773994530487060572e+00
4.787877185058594165e+00
4.790165591430664449e+00
4.803933396911620690e+00
4.791494247436523857e+00
4.802393755340576220e+00
4.783041840362549202e+00
4.768050457000732045e+00
4.756416416168212535e+00
4.734669866180420073e+00
4.774062101745605524e+00
4.779122855377197610e+00
4.802447518920898162e+00
4.743402526092529214e+00
4.747183765411376655e+00
4.757611243438720550e+00
4.731273831939697416e+00
4.768714118957519510e+00
4.713964382171631051e+00
4.751105048370360961e+00
4.726397679138183427e+00
4.743701826477050965e+00
4.727498760223388885e+00
4.691482017517089709e+00
4.728054612731933837e+00
4.737795744323730851e+00
4.694576541900635114e+00
4.753527513885497768e+00
4.757292736816406631e+00
4.756425778198241971e+00
4.724223433685303064e+00
4.683913762664794866e+00
4.749666497802734533e+00
4.754489612579345881e+00
4.723998021697997984e+00
4.723167015838622973e+00
4.663031211853027713e+00
4.719535923767089969e+00
4.703348558044433858e+00
4.733569781494140649e+00
4.686995315551757635e+00
4.752230097961425592e+00
4.702210404968261592e+00
4.770256732940674205e+00
4.741335967254638462e+00
4.677247425079345433e+00
4.723651849365234412e+00
4.738154207611083635e+00
