5.340467579650878704e+00
2.385628121948242253e+00
2.140747210693359381e+00
2.035622382736205882e+00
1.914064348793029779e+00
1.814896466064453096e+00
1.761341935729980435e+00
1.658032683944702157e+00
1.638253803062438951e+00
1.551122836685180584e+00
1.471757886123657322e+00
1.427520800209045371e+00
1.378962042045593250e+00
1.314576458358764688e+00
1.252599848937988369e+00
1.194727116584777926e+00
1.200955297088623031e+00
1.209829237365722676e+00
1.062780289459228422e+00
1.009437916374206434e+00
9.886523767471313562e-01
9.322838672637939750e-01
9.375896194458007704e-01
9.163844750404357420e-01
8.265324806213378839e-01
8.111622375488281023e-01
7.743591108322143146e-01
7.798999092102051334e-01
8.297956398010254420e-01
7.826842554092406923e-01
7.281980736732482917e-01
7.414070239067077628e-01
7.504319144248962070e-01
8.230823114395141582e-01
7.708926963806151944e-01
8.201453675270080623e-01
7.842262533187865925e-01
7.778487334251403817e-01
7.910078308105469302e-01
7.955707770347595353e-01
8.836809383392334460e-01
8.521361267089844205e-01
8.530512502670287711e-01
8.773654853820800348e-01
8.922873468399047381e-01
9.343720367431640472e-01
9.079991685867309092e-01
9.866261140823364695e-01
9.364647081375122584e-01
9.203322599411011273e-01
9.434542037963866701e-01
9.268568809509277751e-01
9.633324146270751953e-01
9.465590461730957195e-01
8.998000278472900737e-01
9.097887018203735243e-01
9.443985267639160019e-01
9.196517810821532857e-01
9.763826360702514418e-01
9.549290462493896792e-01
9.859153713226318505e-01
9.534150068283081536e-01
1.008392518043518038e+00
1.006597737121581959e+00
9.848035436630249162e-01
1.012533623504638713e+00
9.955458686828613235e-01
9.854989034652710256e-01
1.013961590003967350e+00
9.719166624069214278e-01
9.940755716323852464e-01
1.023707860755920462e+00
1.040477161216735835e+00
1.026608522415161096e+00
1.038418000793457141e+00
1.056720213699340771e+00
1.095432247924804647e+00
1.078794011688232413e+00
1.102524372100829986e+00
1.100374502754211337e+00
1.142844876289367706e+00
1.047008465385437015e+00
9.538380813598632546e-01
8.642940855979919235e-01
8.750614192962646865e-01
8.528112224578857647e-01
8.987524156570434464e-01
9.309998014450072690e-01
9.447497100830077876e-01
9.774021356582641706e-01
9.944412685394287132e-01
1.009503376960754428e+00
1.027865303993225066e+00
1.049089506340026956e+00
1.057595581054687539e+00
1.066355578041076724e+00
1.076564418983459559e+00
1.080550676536560006e+00
1.090513670349121167e+00
1.099335921478271416e+00
