1.000000000000000056e-01
1.161999999999999977e-01
1.892999999999999960e-01
2.096000000000000085e-01
1.764999999999999902e-01
1.855999999999999872e-01
1.976999999999999869e-01
1.981999999999999873e-01
2.013999999999999957e-01
1.935000000000000053e-01
2.165999999999999870e-01
2.028999999999999970e-01
1.990000000000000102e-01
2.197000000000000064e-01
2.474000000000000088e-01
2.388000000000000123e-01
2.644000000000000239e-01
2.698999999999999733e-01
3.040999999999999814e-01
2.750000000000000222e-01
2.862999999999999989e-01
3.003000000000000114e-01
3.175999999999999934e-01
3.335000000000000187e-01
3.058000000000000163e-01
3.269000000000000239e-01
2.838999999999999857e-01
3.456000000000000183e-01
3.266999999999999904e-01
3.049000000000000044e-01
3.099999999999999978e-01
3.499999999999999778e-01
3.164000000000000146e-01
3.372999999999999887e-01
3.346999999999999975e-01
3.352999999999999869e-01
3.402999999999999914e-01
3.276000000000000023e-01
3.275000000000000133e-01
3.371999999999999997e-01
3.240000000000000102e-01
3.533000000000000029e-01
2.938000000000000056e-01
3.411000000000000143e-01
3.158000000000000251e-01
3.296999999999999931e-01
3.328999999999999737e-01
3.392000000000000015e-01
3.234000000000000208e-01
3.454999999999999738e-01
3.497999999999999998e-01
3.518999999999999906e-01
3.536000000000000254e-01
3.526000000000000245e-01
3.557000000000000162e-01
3.511000000000000232e-01
3.517000000000000126e-01
3.544999999999999818e-01
3.531000000000000250e-01
3.536000000000000254e-01
3.559999999999999831e-01
3.527000000000000135e-01
3.552000000000000157e-01
3.532000000000000139e-01
3.549999999999999822e-01
3.562000000000000166e-01
3.569999999999999840e-01
3.543000000000000038e-01
3.561000000000000276e-01
3.542000000000000148e-01
3.583999999999999964e-01
3.543000000000000038e-01
3.523000000000000020e-01
3.578999999999999959e-01
3.608999999999999986e-01
3.587000000000000188e-01
3.592000000000000193e-01
3.583000000000000074e-01
3.585999999999999743e-01
3.541000000000000258e-01
3.563999999999999946e-01
3.577000000000000179e-01
3.580999999999999739e-01
3.580999999999999739e-01
3.562000000000000166e-01
3.587000000000000188e-01
3.570999999999999730e-01
3.585999999999999743e-01
3.580999999999999739e-01
3.574999999999999845e-01
3.569999999999999840e-01
3.598999999999999977e-01
3.588999999999999968e-01
3.563000000000000056e-01
3.582000000000000184e-01
3.549999999999999822e-01
3.552000000000000157e-01
3.558999999999999941e-01
3.538999999999999924e-01
3.568000000000000060e-01
