5.340467237854004345e+00
2.385628085327148540e+00
2.140747204208373944e+00
2.035622406387329164e+00
1.914064324378967230e+00
1.814896438407898049e+00
1.761341873931884683e+00
1.658032549667358468e+00
1.638253668022155773e+00
1.551122757339477465e+00
1.471757941055297891e+00
1.427520888900756901e+00
1.378961977767944269e+00
1.314576348495483327e+00
1.252599748420715420e+00
1.194726976203918545e+00
1.200955272674560481e+00
1.209829282951355056e+00
1.062780335044860802e+00
1.009437794494628893e+00
9.886523738861083821e-01
9.322839509963989357e-01
9.375895414352416468e-01
9.163844294548034730e-01
8.265326148986816834e-01
8.111624741554259721e-01
7.743591463088989046e-01
7.799000416755675902e-01
8.297957608222961134e-01
7.826842586517334110e-01
7.281979235649108650e-01
7.414069779396057491e-01
7.504317144393920502e-01
8.230822988510131388e-01
7.708928010940552245e-01
8.201453675270080623e-01
7.842264746665954522e-01
7.778488874435425249e-01
7.910078802108764240e-01
7.955708559036255290e-01
8.836806356430053633e-01
8.521361679077148477e-01
8.530509750366210842e-01
8.773653795242309927e-01
8.922872928619385302e-01
9.343717891693115174e-01
9.079992353439331199e-01
9.866258878707885316e-01
9.364647197723389160e-01
9.203323833465576476e-01
9.434543661117553714e-01
9.268567285537719913e-01
9.633324851989746307e-01
9.465589157104492557e-01
8.998000940322875563e-01
9.097887380599976037e-01
9.443984462738037600e-01
9.196514539718627645e-01
9.763827611923218130e-01
9.549291051864624569e-01
9.859153877258300946e-01
9.534149681091308448e-01
1.008392622375488212e+00
1.006597712898254393e+00
9.848031948089599474e-01
1.012533620071411233e+00
9.955457387924194768e-01
9.854986988067626630e-01
1.013961731910705488e+00
9.719166532516479995e-01
9.940756629943847678e-01
1.023707800102233945e+00
1.040477058219909656e+00
1.026608552551269593e+00
1.038417718124389655e+00
1.056720352363586413e+00
1.095432061195373619e+00
1.078793992996215811e+00
1.102524208831787034e+00
1.100374370002746627e+00
1.142844747161865238e+00
1.047008780288696261e+00
9.538382658004760373e-01
8.642941643714904254e-01
8.750615110397338414e-01
8.528110692977904916e-01
8.987524469375610670e-01
9.309998783111572696e-01
9.447498796463013049e-01
9.774020750045776529e-01
9.944412422180175515e-01
1.009503455924987803e+00
1.027865386199951159e+00
1.049089777183532801e+00
1.057595636749267598e+00
1.066355754089355568e+00
1.076564545059204070e+00
1.080550746917724680e+00
1.090513710975646866e+00
1.099335942649841247e+00
