1.021495331878662149e+01
6.297406880950927821e+00
5.929050790405273830e+00
6.100495301818847693e+00
5.825380858612060564e+00
5.966642680358886786e+00
5.994142933654785566e+00
5.982533393859863047e+00
5.855626240539550942e+00
5.817250326538085936e+00
5.783394683837890682e+00
6.122518280029296989e+00
5.970081926727295318e+00
5.846941787719726946e+00
6.184345790863036818e+00
6.367760054016113003e+00
5.535603175354004257e+00
6.482616843414306551e+00
6.451219254302978712e+00
6.298313423919677412e+00
6.808427732086181905e+00
6.145924216461181366e+00
5.954574420166015791e+00
6.068270140075683550e+00
6.617260521697997611e+00
5.871936597442626748e+00
6.275208645629883009e+00
6.636597232055663653e+00
6.589768615722656264e+00
7.162359376525879284e+00
6.398277018737792865e+00
6.892359944915771308e+00
6.912270398712157871e+00
8.999028570556641071e+00
7.585140943145751713e+00
8.294004306030274165e+00
8.535876954650879256e+00
8.266284777832030528e+00
8.275760336303710218e+00
8.096744955444336256e+00
9.316937026977539560e+00
8.876872526550293685e+00
9.455448425292969361e+00
1.042891148071289109e+01
9.587368382263184330e+00
9.500506326293944426e+00
1.026236406555175762e+01
9.724303874206542631e+00
1.073973693389892503e+01
1.148807703094482413e+01
1.017666251983642667e+01
9.772797726440430210e+00
1.008205782318115240e+01
9.980922509765624895e+00
1.000751450195312486e+01
1.007739898223876907e+01
1.009105912475585853e+01
1.008837726287841718e+01
1.025594913482665937e+01
1.022810048828124962e+01
1.019166955108642547e+01
1.034983273468017551e+01
1.021470543365478534e+01
1.013070972137451164e+01
1.023863886260986256e+01
1.007280951690673909e+01
1.016318401336669908e+01
1.015981899719238335e+01
1.018293197021484353e+01
1.020391459350585883e+01
1.026482458038330137e+01
1.030188490142822211e+01
1.034637222900390618e+01
1.029644736785888703e+01
1.027537397308349654e+01
1.029125586090087907e+01
1.037076959838867118e+01
1.038604549865722682e+01
1.019243799591064459e+01
1.022774512634277322e+01
1.032374568634033274e+01
1.023812875213623030e+01
1.024728359680175771e+01
1.047598419342041076e+01
1.027005908355712904e+01
1.032639589843750016e+01
1.036485960540771423e+01
1.035468286743163979e+01
1.023958407135009807e+01
1.037320499114990291e+01
1.036229449615478515e+01
1.032099686126709059e+01
1.032882825317382824e+01
1.032369099426269443e+01
1.028119533386230522e+01
1.031464971771240258e+01
1.045702782897949135e+01
1.026680639190673894e+01
1.034533602294921906e+01
1.038910907440185483e+01
