9.959999999999999409e-02
1.103999999999999981e-01
1.587000000000000077e-01
1.685999999999999999e-01
1.766000000000000070e-01
1.723999999999999977e-01
1.829999999999999960e-01
2.006999999999999895e-01
1.875999999999999890e-01
2.053000000000000103e-01
1.763000000000000123e-01
2.197000000000000064e-01
2.290000000000000091e-01
2.528000000000000247e-01
2.667999999999999816e-01
2.409999999999999920e-01
2.499000000000000110e-01
2.642999999999999794e-01
3.069999999999999951e-01
2.767999999999999905e-01
3.078000000000000180e-01
3.187999999999999723e-01
2.968000000000000083e-01
3.410000000000000253e-01
2.866000000000000214e-01
3.538000000000000034e-01
3.311000000000000054e-01
2.903999999999999915e-01
2.998000000000000109e-01
3.206999999999999851e-01
3.088000000000000189e-01
3.486000000000000210e-01
3.482999999999999985e-01
3.089000000000000079e-01
3.443999999999999839e-01
3.458999999999999853e-01
3.648000000000000131e-01
3.469999999999999751e-01
3.437999999999999945e-01
3.356000000000000094e-01
3.649999999999999911e-01
3.678000000000000158e-01
3.528999999999999915e-01
3.200999999999999956e-01
3.306999999999999940e-01
3.325000000000000178e-01
3.316000000000000059e-01
2.778999999999999804e-01
3.482000000000000095e-01
3.251999999999999891e-01
3.444999999999999729e-01
3.484999999999999765e-01
3.494999999999999774e-01
3.457000000000000073e-01
3.442000000000000060e-01
3.463999999999999857e-01
3.492000000000000104e-01
3.471000000000000196e-01
3.503000000000000003e-01
3.487999999999999989e-01
3.472999999999999976e-01
3.466000000000000192e-01
3.497000000000000108e-01
3.447999999999999954e-01
3.463999999999999857e-01
3.513000000000000012e-01
3.516000000000000236e-01
3.473999999999999866e-01
3.474999999999999756e-01
3.499999999999999778e-01
3.451000000000000179e-01
3.486000000000000210e-01
3.497999999999999998e-01
3.503999999999999893e-01
3.521000000000000241e-01
3.498999999999999888e-01
3.482000000000000095e-01
3.488999999999999879e-01
3.487000000000000099e-01
3.506000000000000227e-01
3.462999999999999967e-01
3.499999999999999778e-01
3.492000000000000104e-01
3.503999999999999893e-01
3.492999999999999994e-01
3.496000000000000218e-01
3.504999999999999782e-01
3.462000000000000077e-01
3.457999999999999963e-01
3.481000000000000205e-01
3.479999999999999760e-01
3.488999999999999879e-01
3.514999999999999791e-01
3.496000000000000218e-01
3.472999999999999976e-01
3.478999999999999870e-01
3.482999999999999985e-01
3.489999999999999769e-01
3.457999999999999963e-01
3.492999999999999994e-01
