7.082534234619140534e+01
5.350800016784668323e+00
4.659616949462890290e+00
4.485672859191894624e+00
4.971288724517822111e+00
4.977325412750244205e+00
4.664061580657959283e+00
5.022766595458984185e+00
5.253051679992675638e+00
4.717725451660156111e+00
4.769315946960449359e+00
4.989161476135254070e+00
5.237778961944580480e+00
5.002649513244628920e+00
4.739024115753173838e+00
5.593669100952148199e+00
5.158375516510009362e+00
5.384201981353760047e+00
5.640502726745605599e+00
5.619925487518310447e+00
5.413568193054199007e+00
6.281339273834228187e+00
5.682126400756835949e+00
6.650768695068359548e+00
6.560455591583251866e+00
6.171951178741455379e+00
8.043743922424315684e+00
7.201620613861083875e+00
7.021528778839111418e+00
7.347980004119873065e+00
7.076791624450683216e+00
7.871048700714111668e+00
7.067201477813720878e+00
7.610636737060547219e+00
7.729431848144531436e+00
8.376716026306151974e+00
7.053420393371582442e+00
8.558319377136230699e+00
7.993262669372558804e+00
8.013700246429444007e+00
7.222011737060546999e+00
8.578868727111816028e+00
8.614817663574218187e+00
7.729720586395263382e+00
8.014466015625000495e+00
8.174448437500000608e+00
8.369466719055175474e+00
8.354331462097167815e+00
9.074477673339844230e+00
8.021992681884766441e+00
7.754177291107177794e+00
7.759243950653075927e+00
7.759263985443115352e+00
7.739701720428466380e+00
7.847921356201172038e+00
7.815614764404297254e+00
7.769724537658690977e+00
7.739281743621826415e+00
7.758508055877685550e+00
7.814009104919433568e+00
7.765385600280761302e+00
7.784664253234863551e+00
7.796797557067870699e+00
7.865405417633057006e+00
7.882757353210449125e+00
7.820960005950928107e+00
7.799463593292236041e+00
7.817897653961181526e+00
7.854838031005859200e+00
7.790168894195556248e+00
7.798797967529297104e+00
7.787465888214111231e+00
7.742370650482177652e+00
7.769484965515136565e+00
7.771422293090820332e+00
7.870197682189941091e+00
7.839884568786620989e+00
7.771772148132324531e+00
7.826425368499755564e+00
7.793313259887695743e+00
7.840820609283447595e+00
7.798738106536864834e+00
7.784173467254638545e+00
7.742114213562011571e+00
7.794420843505859509e+00
7.813270330810547115e+00
7.734683103942870730e+00
7.786850115966796437e+00
7.751669305419921940e+00
7.798568045043944963e+00
7.788640678405761797e+00
7.791065643310546740e+00
7.831778861236572631e+00
7.768397584533691003e+00
7.803472705841064894e+00
7.771774483489990004e+00
7.764986943054199564e+00
7.787142285156249955e+00
7.862387846374511824e+00
7.849830906677246034e+00
