5.340467384338379198e+00
2.385628085327148540e+00
2.140747253799438532e+00
2.035622358322143555e+00
1.914064275550842353e+00
1.814896401786804114e+00
1.761341971969604403e+00
1.658032638740539522e+00
1.638253729057312036e+00
1.551122797584533641e+00
1.471757910537719649e+00
1.427520711517334062e+00
1.378961984252929707e+00
1.314576424217224204e+00
1.252599757766723609e+00
1.194727156829833881e+00
1.200955110740661524e+00
1.209829316711425795e+00
1.062780270767211821e+00
1.009437809944152775e+00
9.886522972106933649e-01
9.322839412689208904e-01
9.375898191452026742e-01
9.163844513893127930e-01
8.265325074195861710e-01
8.111625644683837510e-01
7.743592475891113436e-01
7.798998922348022722e-01
8.297955195426940378e-01
7.826840904235840002e-01
7.281979991912841399e-01
7.414070687294006534e-01
7.504316733360290037e-01
8.230823022842407299e-01
7.708930048942566060e-01
8.201454109191894659e-01
7.842266532897949061e-01
7.778487814903258801e-01
7.910078663825989009e-01
7.955706669807434128e-01
8.836809791564941285e-01
8.521361650466918736e-01
8.530511495590209492e-01
8.773652200698852655e-01
8.922871232986450130e-01
9.343718444824218317e-01
9.079993240356445394e-01
9.866262414932250868e-01
9.364646677017212095e-01
9.203324008941650147e-01
9.434544361114501898e-01
9.268564332962035968e-01
9.633326560974121433e-01
9.465590957641601966e-01
8.998000522613525121e-01
9.097889598846435888e-01
9.443986602783203121e-01
9.196517362594603950e-01
9.763826553344726600e-01
9.549291751861572752e-01
9.859154253005981694e-01
9.534149728775024313e-01
1.008392551231384271e+00
1.006597847366333065e+00
9.848034400939941202e-01
1.012533651733398488e+00
9.955459726333618642e-01
9.854990034103393581e-01
1.013961914443969770e+00
9.719167882919311774e-01
9.940754531860351850e-01
1.023707936286926357e+00
1.040477211761474674e+00
1.026608493041992087e+00
1.038417728996276823e+00
1.056720525550842282e+00
1.095432254791259830e+00
1.078794031143188503e+00
1.102524138832092326e+00
1.100374370193481388e+00
1.142844497299194240e+00
1.047008525085449282e+00
9.538383701324463226e-01
8.642940581321716387e-01
8.750615849494933762e-01
8.528109575271606291e-01
8.987526237487792891e-01
9.309997531890868983e-01
9.447498065948486401e-01
9.774019662857055257e-01
9.944414045333862529e-01
1.009503509330749615e+00
1.027865312767028749e+00
1.049089636993408181e+00
1.057595598220825162e+00
1.066355596923828086e+00
1.076564406585693412e+00
1.080550783157348649e+00
1.090513747978210546e+00
1.099335874938964785e+00
