1.029000000000000054e-01
1.940999999999999948e-01
2.121000000000000107e-01
2.474999999999999978e-01
2.553000000000000269e-01
2.696000000000000063e-01
2.883000000000000007e-01
2.878999999999999893e-01
2.787999999999999923e-01
2.857000000000000095e-01
2.876000000000000223e-01
3.185999999999999943e-01
3.174000000000000155e-01
3.323999999999999733e-01
3.376000000000000112e-01
3.322999999999999843e-01
3.302999999999999825e-01
3.385000000000000231e-01
3.347999999999999865e-01
3.539999999999999813e-01
3.603000000000000091e-01
3.582000000000000184e-01
3.588000000000000078e-01
3.544999999999999818e-01
3.558000000000000052e-01
3.684000000000000052e-01
3.567000000000000171e-01
3.398999999999999799e-01
3.761999999999999789e-01
3.534999999999999809e-01
3.452000000000000068e-01
3.603000000000000091e-01
3.793000000000000260e-01
3.559999999999999831e-01
3.709000000000000075e-01
3.538999999999999924e-01
3.708000000000000185e-01
3.526000000000000245e-01
3.709999999999999964e-01
3.573999999999999955e-01
3.850000000000000089e-01
3.648000000000000131e-01
3.594999999999999862e-01
3.600999999999999757e-01
3.721999999999999753e-01
3.619999999999999885e-01
3.567000000000000171e-01
3.699000000000000066e-01
3.401000000000000134e-01
3.612000000000000210e-01
3.738000000000000211e-01
3.743000000000000216e-01
3.753000000000000225e-01
3.764000000000000123e-01
3.770000000000000018e-01
3.764000000000000123e-01
3.785999999999999921e-01
3.775999999999999912e-01
3.784000000000000141e-01
3.784000000000000141e-01
3.795999999999999930e-01
3.788000000000000256e-01
3.786999999999999811e-01
3.770999999999999908e-01
3.771999999999999797e-01
3.780999999999999917e-01
3.799000000000000155e-01
3.798000000000000265e-01
3.783000000000000251e-01
3.800000000000000044e-01
3.785000000000000031e-01
3.790000000000000036e-01
3.799000000000000155e-01
3.785999999999999921e-01
3.800000000000000044e-01
3.794000000000000150e-01
3.785000000000000031e-01
3.803000000000000269e-01
3.796999999999999820e-01
3.789000000000000146e-01
3.780000000000000027e-01
3.791999999999999815e-01
3.795999999999999930e-01
3.805000000000000049e-01
3.791999999999999815e-01
3.798000000000000265e-01
3.790999999999999925e-01
3.803000000000000269e-01
3.798000000000000265e-01
3.795000000000000040e-01
3.794000000000000150e-01
3.784000000000000141e-01
3.784000000000000141e-01
3.799000000000000155e-01
3.785999999999999921e-01
3.799000000000000155e-01
3.800000000000000044e-01
3.793000000000000260e-01
3.795999999999999930e-01
3.785999999999999921e-01
