1.096000000000000030e-01
1.290000000000000036e-01
1.648999999999999910e-01
1.746000000000000052e-01
1.971999999999999864e-01
1.958000000000000018e-01
2.152000000000000024e-01
2.096999999999999975e-01
2.069000000000000006e-01
2.106999999999999984e-01
2.775000000000000244e-01
2.233999999999999875e-01
2.781000000000000139e-01
2.876000000000000223e-01
2.927000000000000157e-01
2.944999999999999840e-01
2.923000000000000043e-01
3.085999999999999854e-01
3.059000000000000052e-01
3.158000000000000251e-01
3.546000000000000263e-01
3.108000000000000207e-01
3.241999999999999882e-01
3.514999999999999791e-01
3.202999999999999736e-01
3.466000000000000192e-01
3.311000000000000054e-01
3.299000000000000266e-01
3.725999999999999868e-01
3.190999999999999948e-01
3.600999999999999757e-01
3.568999999999999950e-01
3.786999999999999811e-01
3.629000000000000004e-01
3.688000000000000167e-01
3.654999999999999916e-01
3.729000000000000092e-01
3.790000000000000036e-01
3.629999999999999893e-01
3.420000000000000262e-01
3.618999999999999995e-01
3.941000000000000059e-01
3.943999999999999728e-01
3.615999999999999770e-01
3.900000000000000133e-01
3.639999999999999902e-01
3.826999999999999846e-01
3.850999999999999979e-01
3.915000000000000147e-01
3.884000000000000230e-01
3.871999999999999886e-01
3.862999999999999767e-01
3.835000000000000075e-01
3.861999999999999877e-01
3.850000000000000089e-01
3.852999999999999758e-01
3.899000000000000243e-01
3.844000000000000195e-01
3.877999999999999781e-01
3.876999999999999891e-01
3.897999999999999798e-01
3.850999999999999979e-01
3.869000000000000217e-01
3.899000000000000243e-01
3.832999999999999741e-01
3.867999999999999772e-01
3.850999999999999979e-01
3.870000000000000107e-01
3.834000000000000186e-01
3.865999999999999992e-01
3.901999999999999913e-01
3.875000000000000111e-01
3.897999999999999798e-01
3.859000000000000208e-01
3.890000000000000124e-01
3.900000000000000133e-01
3.855999999999999983e-01
3.877999999999999781e-01
3.850000000000000089e-01
3.860999999999999988e-01
3.872999999999999776e-01
3.885000000000000120e-01
3.850999999999999979e-01
3.880000000000000115e-01
3.891999999999999904e-01
3.867999999999999772e-01
3.861999999999999877e-01
3.852999999999999758e-01
3.875000000000000111e-01
3.906999999999999917e-01
3.881999999999999895e-01
3.865000000000000102e-01
3.876999999999999891e-01
3.871999999999999886e-01
3.870000000000000107e-01
3.885000000000000120e-01
3.919000000000000261e-01
3.879000000000000226e-01
3.870000000000000107e-01
3.869000000000000217e-01
