9.929999999999999938e-02
1.728000000000000091e-01
1.620999999999999941e-01
1.517000000000000015e-01
1.968000000000000027e-01
2.431000000000000105e-01
2.482000000000000040e-01
2.746999999999999997e-01
2.511999999999999789e-01
2.823999999999999844e-01
2.827999999999999958e-01
3.022000000000000242e-01
2.878000000000000003e-01
3.105999999999999872e-01
3.201999999999999846e-01
3.019999999999999907e-01
2.959999999999999853e-01
2.923999999999999932e-01
2.833999999999999853e-01
3.269000000000000239e-01
3.271000000000000019e-01
3.236999999999999877e-01
3.265000000000000124e-01
3.207999999999999741e-01
3.159000000000000141e-01
3.266999999999999904e-01
3.160000000000000031e-01
3.063000000000000167e-01
3.023000000000000131e-01
3.327999999999999847e-01
3.069999999999999951e-01
3.281999999999999917e-01
3.421000000000000152e-01
3.387000000000000011e-01
3.336999999999999966e-01
3.004999999999999893e-01
3.348999999999999755e-01
3.436000000000000165e-01
3.356999999999999984e-01
3.316999999999999948e-01
3.422999999999999932e-01
3.290000000000000147e-01
3.538000000000000034e-01
3.522000000000000131e-01
3.457999999999999963e-01
3.461000000000000187e-01
3.512000000000000122e-01
3.516000000000000236e-01
3.552000000000000157e-01
3.523000000000000020e-01
3.585999999999999743e-01
3.594999999999999862e-01
3.594999999999999862e-01
3.622000000000000219e-01
3.613000000000000100e-01
3.583000000000000074e-01
3.603999999999999981e-01
3.589999999999999858e-01
3.608999999999999986e-01
3.605999999999999761e-01
3.589999999999999858e-01
3.607000000000000206e-01
3.582000000000000184e-01
3.600999999999999757e-01
3.619999999999999885e-01
3.594999999999999862e-01
3.589999999999999858e-01
3.608000000000000096e-01
3.617000000000000215e-01
3.617000000000000215e-01
3.608999999999999986e-01
3.605999999999999761e-01
3.609999999999999876e-01
3.642000000000000237e-01
3.608000000000000096e-01
3.603000000000000091e-01
3.603000000000000091e-01
3.623000000000000109e-01
3.634000000000000008e-01
3.609999999999999876e-01
3.610999999999999766e-01
3.638000000000000123e-01
3.613000000000000100e-01
3.623000000000000109e-01
3.583000000000000074e-01
3.607000000000000206e-01
3.607000000000000206e-01
3.618000000000000105e-01
3.608999999999999986e-01
3.610999999999999766e-01
3.618000000000000105e-01
3.613999999999999990e-01
3.624999999999999889e-01
3.588999999999999968e-01
3.599999999999999867e-01
3.627000000000000224e-01
3.608000000000000096e-01
3.612000000000000210e-01
3.612000000000000210e-01
3.625999999999999779e-01
