5.340467714691162548e+00
2.385628073120117154e+00
2.140747204208373944e+00
2.035622425079345543e+00
1.914064256858825752e+00
1.814896422958373945e+00
1.761342005729675364e+00
1.658032610702514731e+00
1.638253704261779742e+00
1.551122928237915088e+00
1.471757827568054289e+00
1.427520858001708914e+00
1.378961977767944269e+00
1.314576400184631400e+00
1.252599824905395565e+00
1.194727116584777926e+00
1.200955297470092775e+00
1.209829335021972652e+00
1.062780252456664964e+00
1.009437806320190534e+00
9.886525081634521817e-01
9.322839281082153651e-01
9.375896165847777963e-01
9.163844752311706143e-01
8.265325628280639769e-01
8.111623978614806996e-01
7.743592249870300259e-01
7.799000556945800966e-01
8.297956051826477220e-01
7.826841656684875304e-01
7.281979451179504403e-01
7.414069619178772497e-01
7.504319169044494364e-01
8.230820439338684125e-01
7.708928292274475069e-01
8.201453244209289117e-01
7.842264669418335110e-01
7.778489293098449497e-01
7.910079680442809735e-01
7.955707330703735147e-01
8.836810298919677287e-01
8.521360898971557241e-01
8.530511756896972386e-01
8.773652252197265966e-01
8.922874540328979975e-01
9.343720409393310167e-01
9.079991556167602562e-01
9.866261728286742638e-01
9.364648075103759739e-01
9.203323379516601399e-01
9.434544548034667910e-01
9.268563926696777866e-01
9.633324272155762147e-01
9.465589025497436193e-01
8.998002231597900247e-01
9.097888082504272944e-01
9.443986337661742780e-01
9.196516410827636490e-01
9.763826307296752383e-01
9.549291143417358851e-01
9.859151628494262631e-01
9.534148765563964512e-01
1.008392489814758264e+00
1.006597697639465272e+00
9.848032623291015364e-01
1.012533730506896879e+00
9.955462203979492664e-01
9.854986801147460618e-01
1.013961764907836960e+00
9.719166500091552807e-01
9.940759538650513205e-01
1.023707783699035589e+00
1.040477205848693742e+00
1.026608532524108996e+00
1.038417983055114791e+00
1.056720209312439041e+00
1.095432261848449773e+00
1.078793908691406234e+00
1.102524414443969647e+00
1.100374232482910219e+00
1.142844885444641134e+00
1.047008410263061462e+00
9.538383863449096944e-01
8.642942725181579355e-01
8.750616143226623844e-01
8.528110530853271198e-01
8.987525606155395419e-01
9.309997879028319989e-01
9.447499938964843968e-01
9.774021507263183084e-01
9.944411861419677479e-01
1.009503428649902279e+00
1.027865187072753983e+00
1.049089711570739825e+00
1.057595748710632222e+00
1.066355788993835541e+00
1.076564530372619677e+00
1.080550769615173268e+00
1.090513825035095197e+00
1.099335711479187072e+00
