1.320000000000000062e-01
1.801999999999999991e-01
1.875999999999999890e-01
2.452000000000000013e-01
2.301999999999999880e-01
2.346000000000000030e-01
2.620000000000000107e-01
2.363999999999999990e-01
2.368999999999999995e-01
2.587999999999999745e-01
2.743999999999999773e-01
2.464000000000000079e-01
3.044999999999999929e-01
2.655000000000000138e-01
3.004000000000000004e-01
3.212999999999999745e-01
2.826000000000000179e-01
3.276000000000000023e-01
3.220999999999999974e-01
3.442000000000000060e-01
3.598000000000000087e-01
3.155999999999999917e-01
2.989999999999999880e-01
3.104999999999999982e-01
2.800000000000000266e-01
3.242999999999999772e-01
3.598999999999999977e-01
3.040999999999999814e-01
3.350000000000000200e-01
3.716999999999999749e-01
2.948000000000000065e-01
3.557000000000000162e-01
3.670999999999999819e-01
3.690999999999999837e-01
3.201999999999999846e-01
3.565999999999999726e-01
3.091999999999999749e-01
3.645999999999999797e-01
3.684000000000000052e-01
3.059999999999999942e-01
3.075999999999999845e-01
3.405000000000000249e-01
3.438999999999999835e-01
3.688000000000000167e-01
3.427000000000000046e-01
3.428999999999999826e-01
3.627000000000000224e-01
3.633000000000000118e-01
3.493999999999999884e-01
3.775999999999999912e-01
3.729000000000000092e-01
3.713000000000000189e-01
3.706999999999999740e-01
3.688000000000000167e-01
3.709999999999999964e-01
3.706999999999999740e-01
3.694000000000000061e-01
3.700999999999999845e-01
3.725999999999999868e-01
3.708000000000000185e-01
3.733000000000000207e-01
3.714999999999999969e-01
3.713000000000000189e-01
3.729999999999999982e-01
3.710999999999999854e-01
3.699000000000000066e-01
3.699999999999999956e-01
3.682000000000000273e-01
3.738000000000000211e-01
3.733000000000000207e-01
3.710999999999999854e-01
3.679999999999999938e-01
3.700999999999999845e-01
3.714999999999999969e-01
3.694999999999999951e-01
3.693000000000000171e-01
3.725999999999999868e-01
3.699000000000000066e-01
3.682000000000000273e-01
3.749000000000000110e-01
3.741999999999999771e-01
3.713000000000000189e-01
3.710999999999999854e-01
3.723000000000000198e-01
3.719999999999999973e-01
3.729999999999999982e-01
3.719000000000000083e-01
3.734000000000000097e-01
3.721999999999999753e-01
3.724999999999999978e-01
3.748000000000000220e-01
3.745999999999999885e-01
3.701999999999999735e-01
3.687000000000000277e-01
3.723000000000000198e-01
3.715999999999999859e-01
3.709999999999999964e-01
3.720999999999999863e-01
3.744000000000000106e-01
3.706999999999999740e-01
