5.340467665863037006e+00
2.385628073120117154e+00
2.140747283935546807e+00
2.035622358322143555e+00
1.914064293861389210e+00
1.814896405029296833e+00
1.761342048454284770e+00
1.658032531738281357e+00
1.638253695297241297e+00
1.551122925376892114e+00
1.471757873153686447e+00
1.427520800590515115e+00
1.378961834144592391e+00
1.314576317596435562e+00
1.252599837493896473e+00
1.194727059555053650e+00
1.200955195808410592e+00
1.209829310226440358e+00
1.062780316352844201e+00
1.009437754821777444e+00
9.886523801803588363e-01
9.322838132858276561e-01
9.375900730133056582e-01
9.163844964027404449e-01
8.265327564239501879e-01
8.111625779151916404e-01
7.743593531608581326e-01
7.799004054069519354e-01
8.297954776763916129e-01
7.826841428756713404e-01
7.281980377197265764e-01
7.414070158004760769e-01
7.504318526268005662e-01
8.230824314117431983e-01
7.708928158760071092e-01
8.201455965995788633e-01
7.842266685485840272e-01
7.778487499237060065e-01
7.910079739570617940e-01
7.955706793785095599e-01
8.836807212829589364e-01
8.521361970901488725e-01
8.530510837554932113e-01
8.773651338577270753e-01
8.922874530792236358e-01
9.343718872070312376e-01
9.079993160247802342e-01
9.866262437820434439e-01
9.364647691726684098e-01
9.203322433471680108e-01
9.434543994903564768e-01
9.268567127227783642e-01
9.633324359893798983e-01
9.465591098785400836e-01
8.997997644424438057e-01
9.097888866424560517e-01
9.443985111236572472e-01
9.196516527175903066e-01
9.763827154159545607e-01
9.549292352676391760e-01
9.859151700973510790e-01
9.534148492813110387e-01
1.008392286872863863e+00
1.006597808647155867e+00
9.848035364151001003e-01
1.012533427429199273e+00
9.955458141326903876e-01
9.854991104125976342e-01
1.013961827087402234e+00
9.719166820526122796e-01
9.940757947921753379e-01
1.023707869529724146e+00
1.040477085304260196e+00
1.026608721160888749e+00
1.038418166923522845e+00
1.056720449447631882e+00
1.095432379531860345e+00
1.078794116973877060e+00
1.102524549293518064e+00
1.100374682426452644e+00
1.142844961547851534e+00
1.047008263969421371e+00
9.538382112503052124e-01
8.642941004753112999e-01
8.750617134094238470e-01
8.528111606597900130e-01
8.987524623870849494e-01
9.309997375488281435e-01
9.447499176025390133e-01
9.774020654678344799e-01
9.944413311004638434e-01
1.009503639411926335e+00
1.027865261650085404e+00
1.049089523696899340e+00
1.057595519447326771e+00
1.066355532073974599e+00
1.076564675140380789e+00
1.080550927925109761e+00
1.090513925933837891e+00
1.099335949897766174e+00
