1.361999999999999877e-01
1.408999999999999975e-01
2.044999999999999873e-01
2.243999999999999884e-01
2.796000000000000152e-01
2.967000000000000193e-01
3.390000000000000235e-01
3.715999999999999859e-01
3.760999999999999899e-01
4.359999999999999987e-01
4.573999999999999733e-01
4.757000000000000117e-01
5.050999999999999934e-01
5.413999999999999924e-01
5.460000000000000409e-01
5.877000000000000002e-01
5.850999999999999535e-01
5.758999999999999675e-01
6.469000000000000306e-01
6.665999999999999703e-01
6.747999999999999554e-01
6.928999999999999604e-01
6.783000000000000140e-01
6.928999999999999604e-01
7.198999999999999844e-01
7.227999999999999980e-01
7.347000000000000197e-01
7.223000000000000531e-01
7.064000000000000279e-01
7.264000000000000457e-01
7.509000000000000119e-01
7.460999999999999854e-01
7.459999999999999964e-01
7.286000000000000254e-01
7.463999999999999524e-01
7.336000000000000298e-01
7.550999999999999934e-01
7.611999999999999877e-01
7.542999999999999705e-01
7.634999999999999565e-01
7.530999999999999917e-01
7.573999999999999622e-01
7.600999999999999979e-01
7.560000000000000053e-01
7.566000000000000503e-01
7.580999999999999961e-01
7.640000000000000124e-01
7.581999999999999851e-01
7.523999999999999577e-01
7.564999999999999503e-01
7.587000000000000410e-01
7.597000000000000419e-01
7.579000000000000181e-01
7.596000000000000529e-01
7.627000000000000446e-01
7.533999999999999586e-01
7.614999999999999547e-01
7.648000000000000353e-01
7.632999999999999785e-01
7.668000000000000371e-01
7.609000000000000208e-01
7.620000000000000107e-01
7.644999999999999574e-01
7.582999999999999741e-01
7.590000000000000080e-01
7.554999999999999494e-01
7.596000000000000529e-01
7.641999999999999904e-01
7.539000000000000146e-01
7.640000000000000124e-01
7.631000000000000005e-01
7.647000000000000464e-01
7.620000000000000107e-01
7.633999999999999675e-01
7.616000000000000547e-01
7.681999999999999940e-01
7.663999999999999702e-01
7.661000000000000032e-01
7.640000000000000124e-01
7.660000000000000142e-01
7.572999999999999732e-01
7.461999999999999744e-01
7.538000000000000256e-01
7.506000000000000449e-01
7.590999999999999970e-01
7.700000000000000178e-01
7.645999999999999464e-01
7.718000000000000416e-01
7.731999999999999984e-01
7.729000000000000314e-01
7.734999999999999654e-01
7.759000000000000341e-01
7.735999999999999543e-01
7.730000000000000204e-01
7.743999999999999773e-01
7.737000000000000544e-01
7.745999999999999552e-01
7.761000000000000121e-01
7.744999999999999662e-01
7.751000000000000112e-01
