5.340467750549316328e+00
2.385628097534179481e+00
2.140747235107421709e+00
2.035622431564330981e+00
1.914064318275451759e+00
1.814896453857421932e+00
1.761341962623596213e+00
1.658032656669616633e+00
1.638253759193420311e+00
1.551122784614562988e+00
1.471757883262634348e+00
1.427520839691162058e+00
1.378961975288391040e+00
1.314576519012451206e+00
1.252599718284606922e+00
1.194727189826965352e+00
1.200955459403991732e+00
1.209829160118103042e+00
1.062780228042602637e+00
1.009437895202636826e+00
9.886522268295288018e-01
9.322838495254516245e-01
9.375895614624023544e-01
9.163844917297363502e-01
8.265323546409606426e-01
8.111623240470886564e-01
7.743591524124145975e-01
7.799001075744629308e-01
8.297954247474670364e-01
7.826842909812927740e-01
7.281980338096618599e-01
7.414070973396301723e-01
7.504318973541259652e-01
8.230823170661926147e-01
7.708928786277771117e-01
8.201454044342041394e-01
7.842263188362121884e-01
7.778486764907837081e-01
7.910078663825989009e-01
7.955707765579224100e-01
8.836807798385619694e-01
8.521360651016235410e-01
8.530511079788207773e-01
8.773654264450073681e-01
8.922874038696289034e-01
9.343718582153320851e-01
9.079990629196167395e-01
9.866261289596557349e-01
9.364647987365722903e-01
9.203323106765747275e-01
9.434542373657226477e-01
9.268567680358886784e-01
9.633325134277344048e-01
9.465591199874877626e-01
8.998000185012817731e-01
9.097888040542602139e-01
9.443984771728515248e-01
9.196515708923339583e-01
9.763826374053955481e-01
9.549291017532348658e-01
9.859154909133911460e-01
9.534149051666259700e-01
1.008392584800720249e+00
1.006597628402710054e+00
9.848035537719727062e-01
1.012533502578735423e+00
9.955461179733275934e-01
9.854989791870116811e-01
1.013961477661132760e+00
9.719166557312011179e-01
9.940757343292235815e-01
1.023707579612731955e+00
1.040477310752868645e+00
1.026608493614196815e+00
1.038418083190917995e+00
1.056720222473144455e+00
1.095432257461547820e+00
1.078793983840942383e+00
1.102524424171447803e+00
1.100374363708496173e+00
1.142844863319397053e+00
1.047008476257324183e+00
9.538381599426269952e-01
8.642940856933594151e-01
8.750612669944762834e-01
8.528110462188720486e-01
8.987525482177733949e-01
9.309998851776123407e-01
9.447498657226562901e-01
9.774020940780639988e-01
9.944412530899048308e-01
1.009503486824035567e+00
1.027865312194824243e+00
1.049089675140380873e+00
1.057595533370971674e+00
1.066355571746826270e+00
1.076564339447021457e+00
1.080551009559631348e+00
1.090513783073425280e+00
1.099335860252380392e+00
