1.129000000000000004e-01
2.207999999999999963e-01
1.782999999999999863e-01
1.831000000000000127e-01
2.218999999999999861e-01
2.253999999999999893e-01
2.323999999999999955e-01
2.452000000000000013e-01
2.787999999999999923e-01
2.897000000000000131e-01
2.979999999999999871e-01
2.918999999999999928e-01
3.116999999999999771e-01
3.104000000000000092e-01
3.299000000000000266e-01
3.386000000000000121e-01
3.179000000000000159e-01
3.287999999999999812e-01
3.706999999999999740e-01
3.706999999999999740e-01
3.602000000000000202e-01
3.749000000000000110e-01
3.670999999999999819e-01
3.257999999999999785e-01
3.773000000000000242e-01
3.589999999999999858e-01
3.211999999999999855e-01
3.917999999999999816e-01
3.756999999999999784e-01
3.496000000000000218e-01
3.578999999999999959e-01
3.805000000000000049e-01
3.902999999999999803e-01
3.693000000000000171e-01
3.481000000000000205e-01
3.855000000000000093e-01
3.770999999999999908e-01
4.082999999999999963e-01
4.076000000000000179e-01
3.894000000000000239e-01
4.158999999999999919e-01
4.031000000000000139e-01
3.872999999999999776e-01
4.079999999999999738e-01
3.958999999999999742e-01
3.867999999999999772e-01
3.808000000000000274e-01
4.071000000000000174e-01
3.943999999999999728e-01
4.031000000000000139e-01
4.094999999999999751e-01
4.147000000000000131e-01
4.147000000000000131e-01
4.143999999999999906e-01
4.132000000000000117e-01
4.152000000000000135e-01
4.146000000000000241e-01
4.153000000000000025e-01
4.132000000000000117e-01
4.149999999999999800e-01
4.134999999999999787e-01
4.134999999999999787e-01
4.132000000000000117e-01
4.142000000000000126e-01
4.138999999999999901e-01
4.139999999999999791e-01
4.134999999999999787e-01
4.109999999999999765e-01
4.123999999999999888e-01
4.141000000000000236e-01
4.138000000000000012e-01
4.126000000000000223e-01
4.142000000000000126e-01
4.143999999999999906e-01
4.158999999999999919e-01
4.152000000000000135e-01
4.133000000000000007e-01
4.107000000000000095e-01
4.137000000000000122e-01
4.133999999999999897e-01
4.137000000000000122e-01
4.134999999999999787e-01
4.131000000000000227e-01
4.131000000000000227e-01
4.124999999999999778e-01
4.151000000000000245e-01
4.126000000000000223e-01
4.126000000000000223e-01
4.117999999999999994e-01
4.157000000000000139e-01
4.137000000000000122e-01
4.134999999999999787e-01
4.128000000000000003e-01
4.122999999999999998e-01
4.157000000000000139e-01
4.158000000000000029e-01
4.133999999999999897e-01
4.113999999999999879e-01
4.121000000000000218e-01
4.133000000000000007e-01
