5.340467726135253557e+00
2.385628121948242253e+00
2.140747247314453094e+00
2.035622364044189503e+00
1.914064349174499524e+00
1.814896481513976978e+00
1.761342033004760665e+00
1.658032696151733321e+00
1.638253665161132799e+00
1.551122803306579589e+00
1.471757897949218741e+00
1.427520785522460978e+00
1.378961999320983844e+00
1.314576418876648001e+00
1.252599794387817322e+00
1.194727122306823652e+00
1.200955309295654194e+00
1.209829191398620551e+00
1.062780145454406799e+00
1.009437816047668468e+00
9.886523124694823750e-01
9.322838407516479409e-01
9.375895437240600039e-01
9.163844536781311501e-01
8.265325021743774592e-01
8.111623032569885705e-01
7.743590768814087033e-01
7.799002418518066193e-01
8.297956642150878803e-01
7.826842403411865545e-01
7.281980283737182758e-01
7.414071105957030783e-01
7.504318842887878205e-01
8.230821866989135316e-01
7.708927728652954503e-01
8.201453830718994364e-01
7.842260861396789240e-01
7.778487255096435682e-01
7.910079773902892741e-01
7.955708160400390971e-01
8.836808231353759924e-01
8.521362138748168613e-01
8.530511203765869244e-01
8.773654127120971147e-01
8.922873342514038297e-01
9.343717350006103262e-01
9.079992315292358951e-01
9.866261320114135813e-01
9.364646804809569902e-01
9.203320972442626813e-01
9.434543666839599885e-01
9.268568288803100685e-01
9.633325403213500726e-01
9.465590549468994030e-01
8.997999729156493931e-01
9.097886575698852507e-01
9.443983491897582905e-01
9.196515867233275854e-01
9.763826700210571641e-01
9.549290578842163368e-01
9.859151512145996055e-01
9.534149690628052065e-01
1.008392646789550762e+00
1.006597885704040518e+00
9.848036922454833642e-01
1.012533518028259305e+00
9.955461071014404251e-01
9.854990827560424771e-01
1.013961756896972766e+00
9.719167354583739815e-01
9.940755561828613640e-01
1.023707798957824711e+00
1.040477329635620007e+00
1.026608529663086022e+00
1.038417797470092774e+00
1.056720231628417883e+00
1.095432079696655236e+00
1.078793950080871644e+00
1.102524370384216246e+00
1.100374500465393091e+00
1.142844826316833595e+00
1.047008499908447243e+00
9.538380081176758285e-01
8.642941125869750829e-01
8.750613765716552805e-01
8.528110584259033233e-01
8.987526029586792031e-01
9.309998119354248036e-01
9.447498069763183848e-01
9.774020980834960959e-01
9.944412704467773256e-01
1.009503471755981430e+00
1.027865328025817870e+00
1.049089596176147499e+00
1.057595722961425677e+00
1.066355663490295314e+00
1.076564314460754401e+00
1.080550760078430095e+00
1.090513610839843661e+00
1.099336061477661053e+00
