1.486999999999999988e-01
1.726000000000000034e-01
1.620000000000000051e-01
2.177999999999999936e-01
2.247000000000000108e-01
2.326000000000000012e-01
2.248999999999999888e-01
2.381999999999999951e-01
2.477999999999999925e-01
2.610999999999999988e-01
2.520999999999999908e-01
2.514000000000000123e-01
2.635000000000000120e-01
2.555999999999999939e-01
2.576999999999999846e-01
2.482000000000000040e-01
2.656000000000000028e-01
2.591999999999999860e-01
2.948999999999999955e-01
2.710000000000000187e-01
2.666999999999999926e-01
2.386999999999999955e-01
2.741000000000000103e-01
2.736999999999999988e-01
2.706999999999999962e-01
2.700000000000000178e-01
2.762000000000000011e-01
2.878000000000000003e-01
3.004000000000000004e-01
2.800000000000000266e-01
2.878999999999999893e-01
2.767000000000000015e-01
2.776000000000000134e-01
2.661000000000000032e-01
2.737999999999999878e-01
2.766000000000000125e-01
2.795000000000000262e-01
2.693999999999999728e-01
2.785000000000000253e-01
2.795000000000000262e-01
2.827000000000000068e-01
2.811000000000000165e-01
2.775000000000000244e-01
2.521999999999999797e-01
2.857999999999999985e-01
2.667999999999999816e-01
2.672999999999999821e-01
2.782000000000000028e-01
2.819999999999999729e-01
2.713999999999999746e-01
2.735000000000000209e-01
2.745000000000000218e-01
2.752000000000000002e-01
2.758999999999999786e-01
2.761000000000000121e-01
2.757999999999999896e-01
2.772000000000000020e-01
2.777999999999999914e-01
2.780000000000000249e-01
2.777000000000000024e-01
2.780000000000000249e-01
2.797000000000000042e-01
2.793999999999999817e-01
2.787000000000000033e-01
2.785000000000000253e-01
2.795000000000000262e-01
2.805000000000000271e-01
2.801000000000000156e-01
2.792000000000000037e-01
2.796000000000000152e-01
2.795000000000000262e-01
2.832000000000000073e-01
2.832000000000000073e-01
2.819999999999999729e-01
2.829999999999999738e-01
2.822999999999999954e-01
2.827999999999999958e-01
2.814999999999999725e-01
2.827999999999999958e-01
2.827000000000000068e-01
2.821000000000000174e-01
2.839999999999999747e-01
2.827999999999999958e-01
2.824999999999999734e-01
2.831000000000000183e-01
2.819999999999999729e-01
2.827999999999999958e-01
2.832999999999999963e-01
2.824999999999999734e-01
2.818999999999999839e-01
2.827000000000000068e-01
2.832999999999999963e-01
2.813999999999999835e-01
2.812999999999999945e-01
2.832000000000000073e-01
2.837999999999999967e-01
2.821000000000000174e-01
2.823999999999999844e-01
2.827999999999999958e-01
2.827000000000000068e-01
