1.944137185058593786e+02
4.734387813568115000e+00
3.935988812255859504e+00
4.002111884307860912e+00
3.698202048110962092e+00
3.687358959960937543e+00
3.707718248367309677e+00
3.526385448074340623e+00
3.309591302108764843e+00
3.320176705169677778e+00
3.168004380798339792e+00
3.232584342956542844e+00
3.146403624725341963e+00
3.290949423599243140e+00
2.783295182800292977e+00
3.064620466613769523e+00
2.971866657638549736e+00
3.339837954711914136e+00
3.006132778930663996e+00
2.979531068038940411e+00
2.970579999542236393e+00
2.838554570770263741e+00
3.038419953155517383e+00
3.118515685653686642e+00
2.997903451919555540e+00
2.775284903717040841e+00
2.959536144256591950e+00
2.771860981369018706e+00
2.917136217880249127e+00
3.491461160278320097e+00
3.372404107284546093e+00
3.064083272933959989e+00
3.949794839477538844e+00
2.881147133255004711e+00
3.541231594848632813e+00
3.740585338973998919e+00
3.164952323532104650e+00
4.007033799743652480e+00
3.559161957168579082e+00
3.869198376464843658e+00
4.106834580230712461e+00
4.484105881500243918e+00
4.188923485565185345e+00
4.363026047515869088e+00
3.922463854980468678e+00
3.581666488647460955e+00
4.334431198883057057e+00
4.236893008422851992e+00
4.970925434875487881e+00
4.347657774353026916e+00
4.384299705505370959e+00
4.443641029357910277e+00
4.414304566192626567e+00
4.410855963897705401e+00
4.407577962493896884e+00
4.414849073028564774e+00
4.394521717071532940e+00
4.446600128936767149e+00
4.423147308349609119e+00
4.420338986206054699e+00
4.472024108123779484e+00
4.467297647857665588e+00
4.458762668609619340e+00
4.433597694396972599e+00
4.470125473022460660e+00
4.423638411712646601e+00
4.429222586059569977e+00
4.470191796874999568e+00
4.355957405090332024e+00
4.455126769256591679e+00
4.472036922454834418e+00
4.482502297973632643e+00
4.400099240112304244e+00
4.423031216430664436e+00
4.465733035278319996e+00
4.502499649810791205e+00
4.462117066955566536e+00
4.501140239715575753e+00
4.463223747253417528e+00
4.479577699279785108e+00
4.466429085540771560e+00
4.435019668579101904e+00
4.435678927612304534e+00
4.508674328613281546e+00
4.507419329071044700e+00
4.461921499633788812e+00
4.492652874755859393e+00
4.453755194091796987e+00
4.478213726043700937e+00
4.473827488708495892e+00
4.491769470977783563e+00
4.439543080139159770e+00
4.444932136535644673e+00
4.471341819763183345e+00
4.508273632812500153e+00
4.492934542846679591e+00
4.477500282287597777e+00
4.454689009094238372e+00
4.457794100952148675e+00
4.461635223388672244e+00
