1.287999999999999978e-01
1.756999999999999951e-01
2.137999999999999901e-01
2.343999999999999972e-01
2.549000000000000155e-01
2.650000000000000133e-01
2.797999999999999932e-01
2.857000000000000095e-01
2.867000000000000104e-01
2.939999999999999836e-01
2.983000000000000096e-01
2.878999999999999893e-01
3.173000000000000265e-01
3.029000000000000026e-01
3.149000000000000132e-01
3.151999999999999802e-01
2.752999999999999892e-01
3.269000000000000239e-01
2.995999999999999774e-01
3.276000000000000023e-01
2.822999999999999954e-01
3.305000000000000160e-01
3.161999999999999811e-01
3.361999999999999988e-01
3.302999999999999825e-01
3.096999999999999753e-01
3.313999999999999724e-01
3.302999999999999825e-01
3.377999999999999892e-01
3.307999999999999829e-01
3.400000000000000244e-01
3.287999999999999812e-01
3.274000000000000243e-01
3.264000000000000234e-01
3.241999999999999882e-01
3.246999999999999886e-01
3.340000000000000191e-01
3.265000000000000124e-01
3.341000000000000081e-01
3.287999999999999812e-01
3.306000000000000050e-01
3.347999999999999865e-01
3.453999999999999848e-01
3.435000000000000275e-01
3.492999999999999994e-01
3.452999999999999958e-01
3.456000000000000183e-01
3.514999999999999791e-01
3.511000000000000232e-01
3.529999999999999805e-01
3.506000000000000227e-01
3.519999999999999796e-01
3.519999999999999796e-01
3.517000000000000126e-01
3.531000000000000250e-01
3.532000000000000139e-01
3.522000000000000131e-01
3.524999999999999800e-01
3.513999999999999901e-01
3.522000000000000131e-01
3.514999999999999791e-01
3.523000000000000020e-01
3.516000000000000236e-01
3.514999999999999791e-01
3.523999999999999910e-01
3.518999999999999906e-01
3.526000000000000245e-01
3.526000000000000245e-01
3.528999999999999915e-01
3.517000000000000126e-01
3.513999999999999901e-01
3.513000000000000012e-01
3.527000000000000135e-01
3.516000000000000236e-01
3.514999999999999791e-01
3.513000000000000012e-01
3.516000000000000236e-01
3.522000000000000131e-01
3.511000000000000232e-01
3.521000000000000241e-01
3.506000000000000227e-01
3.506000000000000227e-01
3.512000000000000122e-01
3.503000000000000003e-01
3.524999999999999800e-01
3.513000000000000012e-01
3.533000000000000029e-01
3.513000000000000012e-01
3.514999999999999791e-01
3.513999999999999901e-01
3.522000000000000131e-01
3.513000000000000012e-01
3.503999999999999893e-01
3.514999999999999791e-01
3.502000000000000113e-01
3.508999999999999897e-01
3.519999999999999796e-01
3.528999999999999915e-01
3.513000000000000012e-01
3.521000000000000241e-01
