3.517177907104492363e+01
5.552498574829101585e+00
6.742455788421630736e+00
5.118511602783202719e+00
4.740002155303955078e+00
4.223588254547118837e+00
4.139231420135497608e+00
4.007063710403442336e+00
4.231311183166504009e+00
3.900541469955444374e+00
3.634138265991210925e+00
3.970695581817627051e+00
3.840408985900878758e+00
3.807846131896972519e+00
3.843435927200317348e+00
3.736265008926391573e+00
4.276634510040283388e+00
4.093534513092040861e+00
3.829946382141113492e+00
3.701800296020507641e+00
4.523479458618163918e+00
4.091026430511474743e+00
4.038222629165649558e+00
4.080493798065185196e+00
4.527960516357421916e+00
4.358320256042480523e+00
4.578417368316650027e+00
3.989074591064452946e+00
5.462771548461914151e+00
5.068326858520507905e+00
4.749889642333984696e+00
5.354910706329345516e+00
5.316267345428467017e+00
6.043785760498046500e+00
5.297572225952148273e+00
5.983909101867675773e+00
5.194745303344726395e+00
4.824345807647705264e+00
5.165668489837646149e+00
5.164602745056152244e+00
5.529291697692871210e+00
5.512092656707763716e+00
5.703673663330078192e+00
5.515691156005859241e+00
5.336162471008300656e+00
5.513121746826171510e+00
5.328838894653320502e+00
5.238175508117675960e+00
5.179882109069824381e+00
5.236674610900879046e+00
5.270750614929199607e+00
5.250546039581299063e+00
5.217290850067138663e+00
5.266838796997070027e+00
5.243329874420165737e+00
5.206497161865234702e+00
5.222549620819092020e+00
5.208140907287597265e+00
5.211426165771483987e+00
5.194395468139648031e+00
5.223181305694580168e+00
5.219289238739013292e+00
5.231928050994873125e+00
5.246910053253174055e+00
5.225328696441650322e+00
5.225191048431396368e+00
5.197602296447754178e+00
5.195796533203124845e+00
5.205590849304199352e+00
5.241980847930908460e+00
5.226539905548095888e+00
5.201834664916992423e+00
5.195793171691894585e+00
5.185333289337158647e+00
5.207612761688232617e+00
5.203727593994140754e+00
5.212812245941162104e+00
5.165874736785888821e+00
5.215979434204101928e+00
5.164331620788574106e+00
5.222931433105468813e+00
5.183306184387206805e+00
5.178731597137451459e+00
5.191078198242187192e+00
5.177248097229004031e+00
5.181156803894042540e+00
5.178149768066406367e+00
5.200316207122802403e+00
5.191730495452881122e+00
5.209182056427001939e+00
5.183062440490722622e+00
5.194322142791747865e+00
5.202749370574951016e+00
5.189633863830566796e+00
5.218593755340576124e+00
5.194931953430176108e+00
5.209193715667725044e+00
5.157767382812499690e+00
5.186516972351074450e+00
5.162600503540039298e+00
