9.192321467285155734e+01
5.226152756500244578e+00
4.515543191528320399e+00
4.553002476501465168e+00
4.763639868927001864e+00
4.666455157470703163e+00
4.751645240020751615e+00
5.353909737396239876e+00
4.593258279418945378e+00
5.171472484588623075e+00
5.553829785156249699e+00
4.854293727874756215e+00
5.135673881530761875e+00
4.898969959259033224e+00
4.675855133819579734e+00
4.822164096069336381e+00
5.357933280181884861e+00
5.153457702636718984e+00
6.113986029052734139e+00
5.623234614562988121e+00
5.728031449890136351e+00
5.535866728973388717e+00
5.805710327911376645e+00
6.798371640014648776e+00
6.484607200622559020e+00
5.290946325683593798e+00
6.539442422485351791e+00
6.666151895141601891e+00
5.713834976959228484e+00
7.192783503723144456e+00
7.612970722198486584e+00
6.810916027832031538e+00
8.264255560302734338e+00
7.259260059356689609e+00
7.801270899200439146e+00
7.197131156921386719e+00
8.063725325012207179e+00
8.218047881317138703e+00
7.015612624359130578e+00
6.869137863922119003e+00
7.354619740295410324e+00
7.447042668914795271e+00
7.451483256530761601e+00
6.962721625518798696e+00
9.220142485046386227e+00
7.110500855255127206e+00
7.252294244384765776e+00
6.943086879730224759e+00
7.745024300384521609e+00
7.330891580963134757e+00
7.703289692687988577e+00
7.734292364501953010e+00
7.717026967620849831e+00
7.728022048187256132e+00
7.661928726959228442e+00
7.600327766418456754e+00
7.657038088989257751e+00
7.567654479217528873e+00
7.652513250732422279e+00
7.620271195983886692e+00
7.566698141479491824e+00
7.541116718292236065e+00
7.630634985351562705e+00
7.605628152465820691e+00
7.606929505157470572e+00
7.590888909912109739e+00
7.642138082885741923e+00
7.666409124755859672e+00
7.724626769256591530e+00
7.697504135131835845e+00
7.718890126800537210e+00
7.703512403106689277e+00
7.694167884063721097e+00
7.693918537139892599e+00
7.641779467010498372e+00
7.745873242950439774e+00
7.716040688323974273e+00
7.699990177154541371e+00
7.662373365783690993e+00
7.707400225830078000e+00
7.655912215423583689e+00
7.690479157257080089e+00
7.617298000335693153e+00
7.635868022155761992e+00
7.656731227111816196e+00
7.656946701812744394e+00
7.664815958404541441e+00
7.750892877960205318e+00
7.659918069458007572e+00
7.635663910675049237e+00
7.702691946411133195e+00
7.641614587402343339e+00
7.708708988189696854e+00
7.670998955535888619e+00
7.660192211151122699e+00
7.658622447967529112e+00
7.630302294921874839e+00
7.728703302001953546e+00
7.686570774078369084e+00
7.630415894317627234e+00
