6.048818190307617471e+01
4.843536302185058595e+00
4.203000059509276909e+00
3.710558044815063461e+00
3.690094014739990325e+00
3.633695767211913896e+00
3.834478793334961111e+00
4.009129334640502584e+00
3.629712673187255767e+00
3.819317557144164876e+00
3.502535507202148235e+00
3.348683417892456049e+00
3.402965264892578112e+00
3.918614860153198265e+00
3.689269369888305672e+00
3.399602579116821399e+00
3.821054310607910232e+00
3.670050650405883630e+00
3.885898194122314298e+00
3.923315031814575082e+00
3.622552908706665242e+00
3.902597217178344735e+00
4.454577613830566385e+00
4.121739281845092862e+00
4.605060687255859264e+00
4.099279516220092567e+00
4.135343943405151101e+00
4.871425354766845572e+00
5.133973378753662331e+00
4.954876043701172073e+00
4.934505400848388845e+00
6.316604339599609652e+00
5.412856095886230179e+00
5.566355872344971090e+00
5.489306857299804498e+00
6.076247180938720405e+00
5.975814324951171486e+00
6.327801914978027575e+00
6.047478094482421795e+00
5.905475580596923457e+00
5.332022377777099642e+00
6.667962231445312860e+00
6.314988042449951600e+00
6.008252059173583959e+00
7.308105679321289294e+00
5.558372771453857553e+00
6.274742432403564329e+00
6.534274658203124808e+00
6.424220685577392231e+00
6.392591864776611565e+00
6.346574810028076108e+00
6.314152618408202855e+00
6.307995257568359548e+00
6.399796993255614908e+00
6.389742855072021221e+00
6.328412186431885189e+00
6.318499634552002142e+00
6.317856851959228415e+00
6.342704122924804899e+00
6.350620467376709044e+00
6.363614665985107166e+00
6.330818656158447411e+00
6.400232115173340119e+00
6.321352886199950838e+00
6.344417635345458883e+00
6.348240282440185567e+00
6.319804910278320698e+00
6.350365910339355047e+00
6.315557196044921717e+00
6.318409091949463097e+00
6.355502777862549024e+00
6.311664991760253862e+00
6.298394329071045128e+00
6.307177593231201307e+00
6.375365743255615669e+00
6.329902169036865089e+00
6.320314006042480059e+00
6.355772251892090274e+00
6.350977040863036827e+00
6.315497195434570443e+00
6.373767770385741827e+00
6.230627212524414205e+00
6.289423269653320325e+00
6.305722071838379073e+00
6.333734349822997878e+00
6.354480406951903859e+00
6.324001139068603727e+00
6.319542276763916000e+00
6.311755174255370804e+00
6.349034761047363418e+00
6.333206346893310190e+00
6.304792660522460679e+00
6.290651019287109236e+00
6.286126660156249990e+00
6.369682443237304703e+00
6.304894690704345273e+00
6.367724183654785541e+00
6.244730814361572513e+00
6.314317829895019329e+00
6.268477381896972567e+00
