1.491000000000000103e-01
2.326999999999999902e-01
3.017000000000000237e-01
2.958999999999999964e-01
3.332999999999999852e-01
3.901000000000000023e-01
3.945000000000000173e-01
3.362999999999999878e-01
4.138000000000000012e-01
4.028999999999999804e-01
4.081000000000000183e-01
4.393000000000000238e-01
4.435000000000000053e-01
4.188999999999999946e-01
4.198999999999999955e-01
4.590000000000000191e-01
4.435999999999999943e-01
4.638999999999999790e-01
4.536000000000000032e-01
4.596999999999999975e-01
4.228999999999999981e-01
4.380000000000000004e-01
4.467999999999999750e-01
4.648999999999999799e-01
4.711000000000000187e-01
4.766000000000000236e-01
4.596999999999999975e-01
4.984999999999999987e-01
4.638999999999999790e-01
4.863999999999999990e-01
4.812000000000000166e-01
4.946999999999999731e-01
4.894999999999999907e-01
4.808999999999999941e-01
4.843000000000000083e-01
4.843000000000000083e-01
4.874999999999999889e-01
5.031999999999999806e-01
5.114999999999999547e-01
5.109000000000000208e-01
5.144999999999999574e-01
5.158000000000000362e-01
5.134999999999999565e-01
5.167000000000000481e-01
5.158000000000000362e-01
5.161000000000000032e-01
5.161999999999999922e-01
5.150000000000000133e-01
5.173999999999999710e-01
5.179000000000000270e-01
5.181000000000000050e-01
5.192999999999999838e-01
5.184999999999999609e-01
5.174999999999999600e-01
5.183999999999999719e-01
5.177000000000000490e-01
5.184999999999999609e-01
5.184999999999999609e-01
5.193999999999999728e-01
5.189000000000000279e-01
5.181999999999999940e-01
5.190000000000000169e-01
5.181999999999999940e-01
5.191000000000000059e-01
5.197000000000000508e-01
5.181000000000000050e-01
5.187000000000000499e-01
5.191999999999999948e-01
5.192999999999999838e-01
5.191000000000000059e-01
5.172999999999999821e-01
5.187000000000000499e-01
5.183999999999999719e-01
5.183999999999999719e-01
5.185999999999999499e-01
5.181000000000000050e-01
5.187000000000000499e-01
5.209000000000000297e-01
5.191000000000000059e-01
5.193999999999999728e-01
5.195999999999999508e-01
5.197000000000000508e-01
5.192999999999999838e-01
5.181000000000000050e-01
5.191999999999999948e-01
5.182999999999999829e-01
5.212999999999999856e-01
5.211999999999999966e-01
5.190000000000000169e-01
5.202999999999999847e-01
5.208000000000000407e-01
5.207000000000000517e-01
5.194999999999999618e-01
5.198000000000000398e-01
5.182999999999999829e-01
5.193999999999999728e-01
5.195999999999999508e-01
5.207000000000000517e-01
5.204999999999999627e-01
5.190000000000000169e-01
