1.000999999999999945e-01
2.154000000000000081e-01
2.626000000000000001e-01
2.869999999999999774e-01
2.959999999999999853e-01
3.836999999999999855e-01
3.392000000000000015e-01
3.743000000000000216e-01
4.073999999999999844e-01
4.193000000000000060e-01
4.420999999999999930e-01
4.218000000000000083e-01
4.304000000000000048e-01
4.214999999999999858e-01
4.475999999999999979e-01
4.413000000000000256e-01
3.704999999999999960e-01
4.546999999999999931e-01
4.680000000000000271e-01
3.995000000000000218e-01
4.418000000000000260e-01
4.587999999999999856e-01
4.228999999999999981e-01
4.484000000000000208e-01
4.522999999999999798e-01
4.346999999999999753e-01
4.336999999999999744e-01
4.793000000000000038e-01
4.707999999999999963e-01
4.694999999999999729e-01
4.763000000000000012e-01
4.875999999999999779e-01
4.776000000000000245e-01
4.685000000000000275e-01
4.782000000000000139e-01
4.815999999999999726e-01
4.642999999999999905e-01
4.925999999999999823e-01
4.954999999999999960e-01
5.007000000000000339e-01
5.003999999999999559e-01
5.022999999999999687e-01
4.937000000000000277e-01
5.027000000000000357e-01
5.082999999999999741e-01
5.090000000000000080e-01
5.081999999999999851e-01
5.086000000000000520e-01
5.096000000000000529e-01
5.088000000000000300e-01
5.089000000000000190e-01
5.067000000000000393e-01
5.080000000000000071e-01
5.099000000000000199e-01
5.100000000000000089e-01
5.080999999999999961e-01
5.108000000000000318e-01
5.100999999999999979e-01
5.080000000000000071e-01
5.073999999999999622e-01
5.104999999999999538e-01
5.101999999999999869e-01
5.101999999999999869e-01
5.104999999999999538e-01
5.100000000000000089e-01
5.097000000000000419e-01
5.099000000000000199e-01
5.100000000000000089e-01
5.103999999999999648e-01
5.104999999999999538e-01
5.093999999999999639e-01
5.090999999999999970e-01
5.087000000000000410e-01
5.100999999999999979e-01
5.084999999999999520e-01
5.102999999999999758e-01
5.110999999999999988e-01
5.114999999999999547e-01
5.103999999999999648e-01
5.099000000000000199e-01
5.090000000000000080e-01
5.110000000000000098e-01
5.111999999999999877e-01
5.110999999999999988e-01
5.086000000000000520e-01
5.101999999999999869e-01
5.108000000000000318e-01
5.114999999999999547e-01
5.086000000000000520e-01
5.094999999999999529e-01
5.113999999999999657e-01
5.087000000000000410e-01
5.090999999999999970e-01
5.086000000000000520e-01
5.099000000000000199e-01
5.104999999999999538e-01
5.094999999999999529e-01
5.112999999999999767e-01
5.101999999999999869e-01
5.110999999999999988e-01
