2.234192568664550649e+01
2.361175519943237155e+00
1.894325986099243186e+00
1.760164517974853515e+00
1.680509658622741709e+00
1.750382851600646994e+00
1.630113939094543385e+00
1.536431153488159174e+00
1.608467243766784627e+00
1.549347478866577088e+00
1.567799301338195894e+00
1.763365024185180596e+00
1.694078345298767108e+00
2.799233404159545913e+00
1.926468528366088950e+00
2.201991550064086756e+00
2.373763937759399312e+00
2.295459498214721616e+00
2.462855912017822391e+00
2.246546477890014604e+00
3.058055679321288967e+00
3.048714170837402371e+00
2.764268819046020287e+00
2.695296914672851596e+00
2.687017262268066364e+00
2.911416317749023541e+00
2.727428256225585823e+00
2.834216031646728418e+00
2.878205818176269748e+00
2.863591420364379747e+00
2.765752393341064597e+00
2.842179751205444305e+00
3.024404252624511624e+00
2.772036377334594626e+00
2.884137834167480374e+00
2.766573264312744307e+00
2.732969778060913235e+00
2.719024428939819327e+00
2.707515712738036928e+00
2.678802952957153316e+00
2.642187449264526311e+00
2.623054087066650553e+00
2.591134427642822313e+00
2.572546796035766636e+00
2.565399073028564292e+00
2.549561821365356362e+00
2.530381491470337085e+00
2.511612034988403241e+00
2.488077679824828969e+00
2.468950363159179595e+00
2.486192247009277434e+00
2.490915243530273493e+00
2.495118507766723503e+00
2.485914268112182413e+00
2.477959777832031030e+00
2.479807501602172781e+00
2.474525769042968726e+00
2.482179671478271565e+00
2.484996437454223717e+00
2.468672006607055547e+00
2.472831753921509002e+00
2.467385834121704313e+00
2.465636696243286075e+00
2.467560366058349608e+00
2.463379000473022273e+00
2.460372582626342730e+00
2.456908829879760781e+00
2.475205871963500837e+00
2.462050779724120897e+00
2.456187970733642700e+00
2.455163817977905172e+00
2.448666393661499185e+00
2.452087531661987452e+00
2.452380567932129107e+00
2.455504839706420750e+00
2.447135070037841587e+00
2.439844375610351612e+00
2.450319763183593569e+00
2.446324268722534168e+00
2.441799686813354686e+00
2.451795870971679836e+00
2.439855763244628939e+00
2.445724939727783376e+00
2.447579365158080833e+00
2.444313415527343825e+00
2.445479885864257685e+00
2.446489001083373971e+00
2.440892710113525599e+00
2.434276657104492259e+00
2.438600459289550937e+00
2.449650325775146520e+00
2.438945996475219591e+00
2.441761483001708921e+00
2.438080553817749241e+00
2.439199434280395540e+00
2.447860220336913972e+00
2.445088803482055706e+00
2.446541647338867254e+00
2.436246582794189486e+00
2.453574616241454898e+00
