4.076295597534179649e+01
2.230281857681274627e+00
2.100322359085082802e+00
1.698367943382263157e+00
1.712710291290283182e+00
1.594785240173339780e+00
1.823412499618530358e+00
1.725955329895019430e+00
1.662323326110839883e+00
1.575782266235351559e+00
1.555630625343322748e+00
1.576931389617920010e+00
1.554216474151611349e+00
1.693967905044555744e+00
1.822913262367248599e+00
2.060234039688110474e+00
2.368723790740966617e+00
2.205345707702636826e+00
2.169881001281738442e+00
2.451844781112670901e+00
2.879491944885253840e+00
2.304408743667602621e+00
2.560167316055297793e+00
2.847954174041748221e+00
2.980706538009643580e+00
3.587339965438842704e+00
3.210915788650512859e+00
3.089579151916503896e+00
3.002168830871581928e+00
2.900840651321411112e+00
2.873759495162963695e+00
3.036222835159301692e+00
2.896955895233154443e+00
3.095089116287231601e+00
3.011580215454101594e+00
2.951968031692504990e+00
3.001046692657470594e+00
2.914238415145874228e+00
2.851493582534790239e+00
2.828163552856445495e+00
2.810967529296874989e+00
2.768159967041015523e+00
2.739249832534790041e+00
2.729634096527099540e+00
2.696237569046020521e+00
2.689993780517577981e+00
2.651489081192016428e+00
2.649196474456787076e+00
2.630351384735107434e+00
2.606930776596069421e+00
2.612181059646606407e+00
2.621378788757324330e+00
2.618637842178344943e+00
2.616634123229980347e+00
2.613190372467041112e+00
2.595202225875854474e+00
2.607744908905029302e+00
2.605574202346801815e+00
2.595582180023193519e+00
2.597214707183837845e+00
2.603129876327514580e+00
2.605293327331542841e+00
2.605565055847168132e+00
2.601805819702148526e+00
2.591069104766845488e+00
2.589740368652343694e+00
2.589127688217163215e+00
2.578135651779174697e+00
2.578950608825683499e+00
2.593973778533935626e+00
2.586623077011108496e+00
2.580481180191040114e+00
2.578308064651489317e+00
2.572268574523925988e+00
2.572084719467162994e+00
2.595213967132568467e+00
2.581717421340942398e+00
2.575658617782592863e+00
2.568532423400879061e+00
2.573198952865600742e+00
2.566681935882568322e+00
2.582574819946289235e+00
2.572226413345336749e+00
2.579302096939086741e+00
2.568390805816650246e+00
2.561995081710815469e+00
2.573635592269897465e+00
2.568206959915161125e+00
2.570521614074706918e+00
2.558819093322753702e+00
2.570718264007568532e+00
2.562056174468994030e+00
2.571185082626342933e+00
2.570010808944702241e+00
2.565566871261596660e+00
2.562230857849121080e+00
2.571668881988525612e+00
2.573627112960815477e+00
2.561047354507446361e+00
2.562612329101562558e+00
