2.254608311843872226e+00
1.941319702720642137e+00
1.753247112655639706e+00
1.585155359840393130e+00
1.539718405151367264e+00
1.424158513641357482e+00
1.310863039779663008e+00
1.257012814521789590e+00
1.187622159957885781e+00
1.092729779434204129e+00
9.950378465652466309e-01
9.720961740493774261e-01
9.039892601966857955e-01
8.775175993919372974e-01
8.251494095802307527e-01
8.532372738838195358e-01
8.003978537559509610e-01
8.150929727554321325e-01
8.679803893089294009e-01
9.017687061309814789e-01
1.007490563774108949e+00
1.000339843940734941e+00
9.901361612319946603e-01
1.062116965675353963e+00
1.022312328147888083e+00
1.170792170715331926e+00
1.270800292587280333e+00
1.275911928558349562e+00
1.314602560615539595e+00
1.298635596656799285e+00
1.180984927177429089e+00
1.188442408752441448e+00
1.255960761070251452e+00
1.301346352577209542e+00
1.284351506614685112e+00
1.181459976959228442e+00
1.086097404479980488e+00
1.171962963294982840e+00
1.274834657287597706e+00
1.321407311248779193e+00
1.333431373214721605e+00
1.315292439270019598e+00
1.236910216331482015e+00
1.277959947967529208e+00
1.330357838058471742e+00
1.369569974517822253e+00
1.392900221443176267e+00
1.316260702896118184e+00
1.216871074676513675e+00
1.267655727577209568e+00
1.332720043373107899e+00
1.362598008728027388e+00
1.310295639991760241e+00
1.209719470977783207e+00
1.136600769996643168e+00
1.203531753349304179e+00
1.261631206321716325e+00
1.345904855537414457e+00
1.258869574356079157e+00
1.261419777679443355e+00
1.152095503616332950e+00
1.205303077316284277e+00
1.275463225173950166e+00
1.325154277610778752e+00
1.375458698654174805e+00
1.393072502899169951e+00
1.416080234527587800e+00
1.428245713233947667e+00
1.445802436065673824e+00
1.458666377067565856e+00
1.483574812507629348e+00
1.266354356002807657e+00
1.189766006469726634e+00
1.230364891815185491e+00
1.203649392700195220e+00
1.260948499679565460e+00
1.151741521072387586e+00
1.123170271301269452e+00
1.157205723381042439e+00
1.246836163330078184e+00
1.295866618347167876e+00
1.358044524574279821e+00
1.353304669761657753e+00
1.242164189910888616e+00
1.155229675865173444e+00
1.241847045516967674e+00
1.254654622077941983e+00
1.324406520271301346e+00
1.361935464859008738e+00
1.383575642013549878e+00
1.401119589042663538e+00
1.391756449699401932e+00
1.325657555961608836e+00
1.340140498352050846e+00
1.301391898918151879e+00
1.268170949363708555e+00
1.245575499534606889e+00
1.280618645286559998e+00
1.283074653816223210e+00
1.292910826301574723e+00
