5.380113028717040891e+00
2.033049554824829297e+00
1.963859638214111358e+00
1.926978607559204137e+00
1.674165534973144576e+00
1.746000889968872150e+00
1.780320309829712011e+00
1.709298357963562109e+00
1.590827508354186959e+00
1.530797535514831553e+00
1.641554820823669436e+00
1.704217090988159100e+00
1.838595629882812554e+00
1.812021166229248026e+00
2.005511461639404303e+00
1.961477938461303694e+00
2.269112995529174892e+00
2.540147550964355627e+00
2.675160434722900327e+00
2.970816839981079038e+00
2.642163805007934574e+00
2.683463286972045836e+00
2.917480298614501866e+00
3.104117356872558631e+00
3.117442993164062592e+00
2.830647912597656468e+00
3.130227522659301709e+00
3.224979714584350621e+00
2.935857039642333799e+00
2.999864497756957959e+00
2.807567429733276221e+00
2.900877675247192311e+00
2.873281649017334072e+00
2.706129198074340714e+00
2.622879188537597717e+00
2.655250234985351732e+00
2.616141735458374029e+00
2.605654684066772475e+00
2.599060901641845778e+00
2.603107337570190527e+00
2.571200619125366238e+00
2.566581941986084026e+00
2.560519324493408355e+00
2.546115439987182594e+00
2.508950149536132823e+00
2.507928399276733611e+00
2.495043753051757740e+00
2.510531091690063388e+00
2.558294371795654332e+00
2.543242131805420136e+00
2.491297583770752055e+00
2.498291716384887895e+00
2.471297277450561491e+00
2.464304426193237418e+00
2.478603183746337812e+00
2.460209762573242198e+00
2.464686581802367993e+00
2.466200750732421731e+00
2.468901372528076177e+00
2.460201499938964975e+00
2.456078714752197190e+00
2.459958639526367286e+00
2.463455287551879813e+00
2.454167428207397528e+00
2.450353387069702293e+00
2.455095565032959115e+00
2.462228210067749057e+00
2.456968555831909207e+00
2.459354509353637752e+00
2.442364542007446460e+00
2.450162640762329147e+00
2.444654949951171830e+00
2.442802114868164232e+00
2.439485660552978441e+00
2.437981723785400234e+00
2.435246590042114079e+00
2.443486783981323462e+00
2.450643367767333825e+00
2.446750686264038244e+00
2.448780492401123166e+00
2.449182323837280073e+00
2.445573074340820163e+00
2.438326451873779277e+00
2.441269917297363090e+00
2.439854935073852538e+00
2.446574029159545915e+00
2.438954447174072282e+00
2.438670405197143509e+00
2.437258044815063585e+00
2.443004276275634545e+00
2.437488461685180852e+00
2.442417673110961918e+00
2.439034127426147336e+00
2.442146347427368358e+00
2.439469189453125075e+00
2.433608861541748158e+00
2.448567151641845907e+00
2.441949455261230639e+00
2.438841300582885729e+00
2.436122578811645401e+00
