1.272999999999999965e-01
2.570000000000000062e-01
3.095999999999999863e-01
3.032000000000000250e-01
3.846999999999999864e-01
3.598000000000000087e-01
3.604999999999999871e-01
3.865000000000000102e-01
4.217000000000000193e-01
4.429000000000000159e-01
4.339000000000000079e-01
4.247000000000000219e-01
4.134999999999999787e-01
4.425000000000000044e-01
4.142000000000000126e-01
4.511999999999999900e-01
4.389000000000000123e-01
3.860999999999999988e-01
4.121000000000000218e-01
4.467999999999999750e-01
4.274999999999999911e-01
4.648999999999999799e-01
4.455999999999999961e-01
4.568999999999999728e-01
4.597999999999999865e-01
4.769999999999999796e-01
4.635000000000000231e-01
4.571000000000000063e-01
4.823999999999999955e-01
4.693999999999999839e-01
4.919000000000000039e-01
4.899999999999999911e-01
4.860999999999999766e-01
5.036000000000000476e-01
5.048000000000000265e-01
5.057000000000000384e-01
5.117000000000000437e-01
5.132999999999999785e-01
5.147000000000000464e-01
5.131000000000000005e-01
5.164999999999999591e-01
5.148000000000000353e-01
5.134999999999999565e-01
5.121999999999999886e-01
5.137000000000000455e-01
5.134999999999999565e-01
5.130000000000000115e-01
5.087000000000000410e-01
4.994999999999999996e-01
4.970999999999999863e-01
5.044999999999999485e-01
5.048000000000000265e-01
5.089000000000000190e-01
5.080999999999999961e-01
5.071999999999999842e-01
5.097000000000000419e-01
5.078000000000000291e-01
5.100000000000000089e-01
5.086000000000000520e-01
5.100999999999999979e-01
5.094999999999999529e-01
5.089000000000000190e-01
5.094999999999999529e-01
5.103999999999999648e-01
5.088000000000000300e-01
5.109000000000000208e-01
5.081999999999999851e-01
5.094999999999999529e-01
5.110999999999999988e-01
5.117000000000000437e-01
5.096000000000000529e-01
5.120000000000000107e-01
5.113999999999999657e-01
5.110999999999999988e-01
5.118000000000000327e-01
5.114999999999999547e-01
5.114999999999999547e-01
5.089000000000000190e-01
5.111999999999999877e-01
5.120999999999999996e-01
5.110999999999999988e-01
5.113999999999999657e-01
5.123999999999999666e-01
5.104999999999999538e-01
5.109000000000000208e-01
5.112999999999999767e-01
5.123999999999999666e-01
5.102999999999999758e-01
5.108000000000000318e-01
5.111999999999999877e-01
5.121999999999999886e-01
5.111999999999999877e-01
5.109000000000000208e-01
5.110999999999999988e-01
5.110999999999999988e-01
5.112999999999999767e-01
5.111999999999999877e-01
5.111999999999999877e-01
5.131000000000000005e-01
5.110000000000000098e-01
