2.254608263015747127e+00
1.941319731140136673e+00
1.753247100067138575e+00
1.585155359840393130e+00
1.539718384361267178e+00
1.424158526229858390e+00
1.310863051986694394e+00
1.257012912178039565e+00
1.187622181129455612e+00
1.092729794883728012e+00
9.950378557205200591e-01
9.720961832046508544e-01
9.039892603874206678e-01
8.775175778388977221e-01
8.251493959426879909e-01
8.532372281074523945e-01
8.003978675842284840e-01
8.150930370330810026e-01
8.679803431510925149e-01
9.017686330795288141e-01
1.007490585327148525e+00
1.000339742469787518e+00
9.901361122131348003e-01
1.062117017555236798e+00
1.022312331390380802e+00
1.170792230606079176e+00
1.270800230789184582e+00
1.275911891174316359e+00
1.314602565002441326e+00
1.298635696792602490e+00
1.180984957504272570e+00
1.188442357254028359e+00
1.255960758972167968e+00
1.301346280097961383e+00
1.284351387023925817e+00
1.181459945678710932e+00
1.086097389602661112e+00
1.171963022994995107e+00
1.274834622764587477e+00
1.321407314109802167e+00
1.333431265068054206e+00
1.315292316436767583e+00
1.236910083007812577e+00
1.277960002899170000e+00
1.330357765197753839e+00
1.369569903373718311e+00
1.392900391960144146e+00
1.316260677719116146e+00
1.216871057128906308e+00
1.267655842781066911e+00
1.332720110893249599e+00
1.362598127555847194e+00
1.310295489883422926e+00
1.209719544792175361e+00
1.136600843620300338e+00
1.203531734657287577e+00
1.261631142807006833e+00
1.345904733085632410e+00
1.258869543075561426e+00
1.261419732475280719e+00
1.152095555114746039e+00
1.205303015899658270e+00
1.275463129425048914e+00
1.325154306983947761e+00
1.375458662033081092e+00
1.393072580146789585e+00
1.416080406188964913e+00
1.428245776748657159e+00
1.445802424621581928e+00
1.458666331481933698e+00
1.483574772644042916e+00
1.266354340553283775e+00
1.189766071891784627e+00
1.230365017509460479e+00
1.203649362945556689e+00
1.260948487854003819e+00
1.151741411209106447e+00
1.123170237159728968e+00
1.157205685615539492e+00
1.246836003112792968e+00
1.295866584587097137e+00
1.358044449234008688e+00
1.353304687309265120e+00
1.242164110565185497e+00
1.155229669570922768e+00
1.241847156143188524e+00
1.254654615211486801e+00
1.324406510925292935e+00
1.361935488891601542e+00
1.383575653648376536e+00
1.401119489288330078e+00
1.391756445693969724e+00
1.325657527923584045e+00
1.340140550422668442e+00
1.301391847229003806e+00
1.268171016883850033e+00
1.245575579643249498e+00
1.280618614768981978e+00
1.283074678230285537e+00
1.292910747718811093e+00
