2.254608324050903168e+00
1.941319764137268145e+00
1.753247091102600130e+00
1.585155341529846273e+00
1.539718377876281741e+00
1.424158547782897966e+00
1.310863070297241251e+00
1.257012842178344636e+00
1.187622224235534762e+00
1.092729776191711411e+00
9.950378799438476252e-01
9.720961864471435732e-01
9.039892909049987990e-01
8.775175780296325945e-01
8.251493880271911774e-01
8.532372923851012647e-01
8.003978765487670399e-01
8.150929853439331518e-01
8.679803923606872473e-01
9.017686853408813930e-01
1.007490551757812547e+00
1.000339846611022931e+00
9.901360845565796431e-01
1.062116986846923794e+00
1.022312404060363722e+00
1.170792164421081472e+00
1.270800197410583587e+00
1.275911984634399365e+00
1.314602560615539595e+00
1.298635581207275402e+00
1.180984919929504384e+00
1.188442452430725105e+00
1.255960919761657690e+00
1.301346272850036678e+00
1.284351472473144629e+00
1.181459955406188866e+00
1.086097340583801252e+00
1.171963020706176861e+00
1.274834647560119549e+00
1.321407369422912703e+00
1.333431320762634265e+00
1.315292380332946820e+00
1.236910114288330087e+00
1.277959849548339744e+00
1.330357728195190381e+00
1.369569811439514062e+00
1.392900330924987884e+00
1.316260775375366121e+00
1.216871020507812595e+00
1.267655790710449315e+00
1.332720125961303737e+00
1.362598034858703677e+00
1.310295551681518456e+00
1.209719561386108477e+00
1.136600830841064447e+00
1.203531854248046873e+00
1.261630994796753003e+00
1.345904744911193829e+00
1.258869495010376038e+00
1.261419802093505904e+00
1.152095469284057705e+00
1.205303107833862297e+00
1.275463122940063476e+00
1.325154277610778752e+00
1.375458689308166393e+00
1.393072477722167912e+00
1.416080333709716754e+00
1.428245722579956078e+00
1.445802379035949770e+00
1.458666209411621173e+00
1.483574925994872951e+00
1.266354236793518107e+00
1.189766133308410634e+00
1.230364942932128836e+00
1.203649374389648363e+00
1.260948595237731951e+00
1.151741411209106447e+00
1.123170249748229876e+00
1.157205689239501956e+00
1.246836077880859373e+00
1.295866553306579627e+00
1.358044452095031662e+00
1.353304673767089739e+00
1.242164128112792865e+00
1.155229742813110416e+00
1.241847097206115746e+00
1.254654585838317793e+00
1.324406498718261771e+00
1.361935472679138170e+00
1.383575587844848576e+00
1.401119450187683135e+00
1.391756518936157150e+00
1.325657433891296311e+00
1.340140556526184135e+00
1.301391977882385254e+00
1.268170986366272013e+00
1.245575564193725615e+00
1.280618582153320251e+00
1.283074693298339897e+00
1.292910655403137099e+00
