2.030000000000000138e-01
2.235000000000000042e-01
3.111999999999999766e-01
2.738999999999999768e-01
3.225000000000000089e-01
3.291000000000000036e-01
3.565999999999999726e-01
4.262000000000000233e-01
4.103999999999999870e-01
3.986000000000000099e-01
3.971000000000000085e-01
4.136000000000000232e-01
4.280999999999999805e-01
4.057000000000000051e-01
4.521999999999999909e-01
4.349999999999999978e-01
4.475000000000000089e-01
4.233000000000000096e-01
4.549000000000000266e-01
4.002999999999999892e-01
4.631000000000000116e-01
4.385999999999999899e-01
4.521000000000000019e-01
4.349999999999999978e-01
4.263000000000000123e-01
4.532999999999999807e-01
4.914000000000000035e-01
4.726000000000000201e-01
5.008000000000000229e-01
4.925999999999999823e-01
5.169000000000000261e-01
5.155999999999999472e-01
5.213999999999999746e-01
5.231000000000000094e-01
5.232999999999999874e-01
5.274999999999999689e-01
5.258000000000000451e-01
5.250000000000000222e-01
5.272000000000000020e-01
5.282999999999999918e-01
5.263999999999999790e-01
5.291000000000000147e-01
5.298000000000000487e-01
5.299000000000000377e-01
5.275999999999999579e-01
5.272999999999999909e-01
5.283999999999999808e-01
5.282999999999999918e-01
5.286999999999999478e-01
5.298000000000000487e-01
5.292999999999999927e-01
5.305999999999999606e-01
5.289000000000000368e-01
5.321000000000000174e-01
5.296999999999999487e-01
5.295999999999999597e-01
5.302000000000000046e-01
5.293999999999999817e-01
5.322000000000000064e-01
5.312999999999999945e-01
5.303999999999999826e-01
5.319000000000000394e-01
5.320000000000000284e-01
5.308000000000000496e-01
5.299000000000000377e-01
5.304999999999999716e-01
5.315999999999999615e-01
5.315999999999999615e-01
5.282999999999999918e-01
5.306999999999999496e-01
5.310000000000000275e-01
5.312999999999999945e-01
5.295999999999999597e-01
5.290000000000000258e-01
5.280000000000000249e-01
5.314999999999999725e-01
5.300000000000000266e-01
5.303999999999999826e-01
5.292999999999999927e-01
5.294999999999999707e-01
5.292000000000000037e-01
5.309000000000000385e-01
5.294999999999999707e-01
5.289000000000000368e-01
5.306999999999999496e-01
5.304999999999999716e-01
5.309000000000000385e-01
5.292999999999999927e-01
5.305999999999999606e-01
5.296999999999999487e-01
5.308000000000000496e-01
5.292000000000000037e-01
5.299000000000000377e-01
5.292000000000000037e-01
5.286999999999999478e-01
5.299000000000000377e-01
5.295999999999999597e-01
5.282999999999999918e-01
5.280000000000000249e-01
5.311000000000000165e-01
