2.254608348464965939e+00
1.941319733619689902e+00
1.753247073173523018e+00
1.585155304527282816e+00
1.539718439292907748e+00
1.424158532333374083e+00
1.310863088607788107e+00
1.257012857246398996e+00
1.187622223854065018e+00
1.092729785537719822e+00
9.950378160476684997e-01
9.720961681365967166e-01
9.039892634391785142e-01
8.775175688743591662e-01
8.251494521141051752e-01
8.532373198509216605e-01
8.003978643417358763e-01
8.150930537223816108e-01
8.679804623603820657e-01
9.017688037872314544e-01
1.007490627479553202e+00
1.000339830970764066e+00
9.901362104415893928e-01
1.062117048645019546e+00
1.022312306976318252e+00
1.170792174148559628e+00
1.270800248718261694e+00
1.275911978912353417e+00
1.314602639961242714e+00
1.298635770416259660e+00
1.180984965515136764e+00
1.188442503166198705e+00
1.255960770416259864e+00
1.301346343994140620e+00
1.284351622581481944e+00
1.181459973335266200e+00
1.086097306823730513e+00
1.171963023948669358e+00
1.274834533309936457e+00
1.321407306289672956e+00
1.333431259727478002e+00
1.315292460060119684e+00
1.236910055732727054e+00
1.277959974861144987e+00
1.330357871437072736e+00
1.369569946479797462e+00
1.392900216102600064e+00
1.316260713195800847e+00
1.216870968437194778e+00
1.267655761337280307e+00
1.332720150756836031e+00
1.362598044967651356e+00
1.310295533370971599e+00
1.209719520378112811e+00
1.136600861167907706e+00
1.203531713676452730e+00
1.261630961799621531e+00
1.345904855918884202e+00
1.258869553184509327e+00
1.261419808578491120e+00
1.152095371246337985e+00
1.205303032112121642e+00
1.275463212013244529e+00
1.325154385566711390e+00
1.375458548545837489e+00
1.393072606277465875e+00
1.416080354499816840e+00
1.428245657539367608e+00
1.445802424621581928e+00
1.458666288375854547e+00
1.483574886894226008e+00
1.266354258346557682e+00
1.189766071510314882e+00
1.230364939880371100e+00
1.203649398994445896e+00
1.260948616027832037e+00
1.151741509246826167e+00
1.123170274162292426e+00
1.157205780601501477e+00
1.246836052322387589e+00
1.295866641616821191e+00
1.358044576644897417e+00
1.353304607963562001e+00
1.242164134216308558e+00
1.155229694175720301e+00
1.241847152137756316e+00
1.254654601669311420e+00
1.324406529998779281e+00
1.361935314750671422e+00
1.383575484085082907e+00
1.401119501495361241e+00
1.391756436347961534e+00
1.325657562446594273e+00
1.340140513038635239e+00
1.301392058372497607e+00
1.268171009635925328e+00
1.245575603675842302e+00
1.280618539810180589e+00
1.283074635505676353e+00
1.292910802650451663e+00
