1.405000000000000138e-01
2.174999999999999989e-01
2.862999999999999989e-01
3.346000000000000085e-01
3.612000000000000210e-01
3.430000000000000271e-01
4.005000000000000226e-01
3.982999999999999874e-01
3.719000000000000083e-01
3.743000000000000216e-01
3.971999999999999975e-01
4.158000000000000029e-01
4.379000000000000115e-01
4.239999999999999880e-01
4.210999999999999743e-01
3.990000000000000213e-01
4.257000000000000228e-01
4.183000000000000052e-01
4.501000000000000001e-01
4.333000000000000185e-01
4.661000000000000143e-01
4.783000000000000029e-01
4.485000000000000098e-01
4.801000000000000267e-01
4.691000000000000170e-01
4.808000000000000052e-01
4.914999999999999925e-01
4.964999999999999969e-01
4.504000000000000226e-01
4.882000000000000228e-01
5.094999999999999529e-01
5.000000000000000000e-01
5.199000000000000288e-01
5.179000000000000270e-01
5.229000000000000314e-01
5.255999999999999561e-01
5.273999999999999799e-01
5.270000000000000240e-01
5.309000000000000385e-01
5.321000000000000174e-01
5.314999999999999725e-01
5.335999999999999632e-01
5.322000000000000064e-01
5.326999999999999513e-01
5.315999999999999615e-01
5.318000000000000504e-01
5.303999999999999826e-01
5.303999999999999826e-01
5.305999999999999606e-01
5.304999999999999716e-01
5.326999999999999513e-01
5.324999999999999734e-01
5.322000000000000064e-01
5.329000000000000403e-01
5.326999999999999513e-01
5.338000000000000522e-01
5.322000000000000064e-01
5.331000000000000183e-01
5.342000000000000082e-01
5.321000000000000174e-01
5.324999999999999734e-01
5.331000000000000183e-01
5.339000000000000412e-01
5.333999999999999853e-01
5.332999999999999963e-01
5.329000000000000403e-01
5.326999999999999513e-01
5.320000000000000284e-01
5.335999999999999632e-01
5.328000000000000513e-01
5.340000000000000302e-01
5.340000000000000302e-01
5.332999999999999963e-01
5.332000000000000073e-01
5.323999999999999844e-01
5.331000000000000183e-01
5.334999999999999742e-01
5.328000000000000513e-01
5.322999999999999954e-01
5.323999999999999844e-01
5.322999999999999954e-01
5.323999999999999844e-01
5.336999999999999522e-01
5.333999999999999853e-01
5.338000000000000522e-01
5.338000000000000522e-01
5.332000000000000073e-01
5.329000000000000403e-01
5.333999999999999853e-01
5.352000000000000091e-01
5.342000000000000082e-01
5.326999999999999513e-01
5.332999999999999963e-01
5.328000000000000513e-01
5.322999999999999954e-01
5.325999999999999623e-01
5.330000000000000293e-01
5.336999999999999522e-01
5.343999999999999861e-01
5.332000000000000073e-01
