2.847511764907836973e+00
1.995486782073974563e+00
2.075663272476196308e+00
2.001419475555419769e+00
1.681521659851074268e+00
1.665064577293396075e+00
1.758117766189575271e+00
1.561760847091674842e+00
1.630552114105224604e+00
1.650355620765685982e+00
1.684174158859252923e+00
1.763425120925903311e+00
2.733558188629150454e+00
1.655287919616699188e+00
1.972400239562988267e+00
2.109961252975463886e+00
2.277154191207885869e+00
2.766363225555419803e+00
2.173610705566406232e+00
2.500782291030883897e+00
2.513832073974609393e+00
2.677709956359863419e+00
2.938180691909789921e+00
2.698566565704345610e+00
2.634092470169067557e+00
2.626745386505127122e+00
2.632851443481445397e+00
2.637628831481933389e+00
2.593162219238281274e+00
2.585172130203246876e+00
2.604253425216674689e+00
2.569712840652465857e+00
2.559343860244751134e+00
2.541190819168090975e+00
2.511942694473266791e+00
2.504541063308715731e+00
2.492321112060547073e+00
2.484460594177245962e+00
2.469641697311401263e+00
2.486400664138793903e+00
2.434706372833252086e+00
2.426115148162841795e+00
2.418975956344604494e+00
2.383264115524291960e+00
2.392481504058837860e+00
2.367965023422241355e+00
2.359665050888061444e+00
2.347924741363525580e+00
2.349142259216308481e+00
2.322626257324218901e+00
2.329174433898925756e+00
2.322865795135498068e+00
2.329225136184692513e+00
2.317890562438964963e+00
2.319499692535400559e+00
2.321137314605712820e+00
2.322115644073486251e+00
2.319197049331664928e+00
2.318033226776123001e+00
2.323368883895874148e+00
2.307724185943603512e+00
2.315988885879516790e+00
2.324025708389282130e+00
2.309393222045898586e+00
2.307246403121948397e+00
2.312033781433105339e+00
2.307129495239257810e+00
2.304734644699096613e+00
2.317279563522338659e+00
2.304327858734130707e+00
2.304076180267334184e+00
2.310268304061889655e+00
2.302248116302490377e+00
2.305717016601562364e+00
2.312543220138549849e+00
2.302745782852172685e+00
2.299159669876098544e+00
2.306325364303588810e+00
2.310472674942016802e+00
2.305694469070434405e+00
2.301117720031738312e+00
2.302388673400878716e+00
2.294485513687133604e+00
2.304114164733886749e+00
2.299674160766601361e+00
2.291478259658813688e+00
2.304633679962158066e+00
2.302034782791137602e+00
2.304975698089599678e+00
2.305593671417236479e+00
2.301714536285400570e+00
2.304309597778320118e+00
2.300239175033569339e+00
2.291920222854614053e+00
2.304647571182250942e+00
2.297861502456664873e+00
2.306282981872558757e+00
2.303420860671997250e+00
2.298424090576171697e+00
2.300951339721679645e+00
