2.606529724426269468e+01
2.313732459640502892e+00
1.958494993782043503e+00
1.887093401718139551e+00
1.819303410911560004e+00
1.786108126068115309e+00
1.729339827919006423e+00
1.772957981300353980e+00
1.675888002586364722e+00
1.730503582382202143e+00
1.576033052062988382e+00
1.606203015899658304e+00
1.577752294921874965e+00
1.636793341064453067e+00
1.525153154373168896e+00
1.534603941154480067e+00
1.589433376693725641e+00
1.620603884124755867e+00
1.803109622955322289e+00
1.771003247451782281e+00
1.925450237846374479e+00
1.913505085372924741e+00
2.238603141403198382e+00
2.211893025970459004e+00
2.303582973861694416e+00
2.436075236892700335e+00
2.293142407989501752e+00
2.548610907363891620e+00
2.598539252471923966e+00
2.691420775604247861e+00
2.661063769531249790e+00
2.523026652145385906e+00
2.892596592330932470e+00
2.780547933959960805e+00
2.589397027206421065e+00
2.534172244262695273e+00
2.570102761077881048e+00
2.509916644668579000e+00
2.558115750503540120e+00
2.543524890518188641e+00
2.472361105346679633e+00
2.500084805297851709e+00
2.447056535339355410e+00
2.446020406723022678e+00
2.378483834075927561e+00
2.423322800445556702e+00
2.494998911285400300e+00
2.447684598159789893e+00
2.483731006622314386e+00
2.432898131942748954e+00
2.415541255950927724e+00
2.400879653930664048e+00
2.398331845092773307e+00
2.418044592666626080e+00
2.398508028030395423e+00
2.399521646881103365e+00
2.393201427841186391e+00
2.391865943145751849e+00
2.399335454559325953e+00
2.388844287109375131e+00
2.377008178329467647e+00
2.395069549942016707e+00
2.391825416183471553e+00
2.406303560256958018e+00
2.392884191131591898e+00
2.383258408737182421e+00
2.396933196640014696e+00
2.402120041656494287e+00
2.388683348464965661e+00
2.390391684341430789e+00
2.391077013015747266e+00
2.383536348342895295e+00
2.381740175628662026e+00
2.373736350631713954e+00
2.384696860122680562e+00
2.387722686386108517e+00
2.381270668411255009e+00
2.380658079910278335e+00
2.376925831604003836e+00
2.391921687316894474e+00
2.379458852767944332e+00
2.382849849319458091e+00
2.372573461151123109e+00
2.366135397338867019e+00
2.390844758224487165e+00
2.373459577560424805e+00
2.372844728469848619e+00
2.374180619049072405e+00
2.374259778976440582e+00
2.392404580688476390e+00
2.380908749389648360e+00
2.378526556015014837e+00
2.378353310775756846e+00
2.382739187622070265e+00
2.381503592300414862e+00
2.369445561599731409e+00
2.377668499755859255e+00
2.375573539733886630e+00
2.374040105438232295e+00
2.381192794036865124e+00
