9.600000000000000200e-02
1.845999999999999863e-01
2.652999999999999803e-01
3.055999999999999828e-01
3.145000000000000018e-01
3.366000000000000103e-01
3.572000000000000175e-01
3.563999999999999946e-01
4.001000000000000112e-01
3.739999999999999991e-01
4.183000000000000052e-01
4.077000000000000068e-01
4.405999999999999917e-01
4.167000000000000148e-01
4.596000000000000085e-01
4.588999999999999746e-01
4.545000000000000151e-01
4.575000000000000178e-01
4.289000000000000035e-01
4.477999999999999758e-01
4.642999999999999905e-01
4.590000000000000191e-01
4.355999999999999872e-01
4.385000000000000009e-01
4.418000000000000260e-01
4.351999999999999758e-01
4.783999999999999919e-01
4.587999999999999856e-01
4.774999999999999800e-01
4.796000000000000263e-01
4.832000000000000184e-01
4.842000000000000193e-01
4.611000000000000099e-01
4.666000000000000147e-01
4.994000000000000106e-01
4.951999999999999735e-01
5.175999999999999490e-01
5.103999999999999648e-01
5.152999999999999803e-01
5.247000000000000552e-01
5.308000000000000496e-01
5.182999999999999829e-01
5.271000000000000130e-01
5.240000000000000213e-01
5.188000000000000389e-01
5.233999999999999764e-01
5.084999999999999520e-01
5.293999999999999817e-01
5.225999999999999535e-01
5.273999999999999799e-01
5.312000000000000055e-01
5.343999999999999861e-01
5.332000000000000073e-01
5.324999999999999734e-01
5.339000000000000412e-01
5.346999999999999531e-01
5.331000000000000183e-01
5.340000000000000302e-01
5.331000000000000183e-01
5.315999999999999615e-01
5.331000000000000183e-01
5.322999999999999954e-01
5.339000000000000412e-01
5.346999999999999531e-01
5.333999999999999853e-01
5.359000000000000430e-01
5.340000000000000302e-01
5.333999999999999853e-01
5.318000000000000504e-01
5.335999999999999632e-01
5.332000000000000073e-01
5.338000000000000522e-01
5.342000000000000082e-01
5.326999999999999513e-01
5.325999999999999623e-01
5.324999999999999734e-01
5.333999999999999853e-01
5.325999999999999623e-01
5.320000000000000284e-01
5.339000000000000412e-01
5.343999999999999861e-01
5.318000000000000504e-01
5.315999999999999615e-01
5.341000000000000192e-01
5.325999999999999623e-01
5.342000000000000082e-01
5.332999999999999963e-01
5.325999999999999623e-01
5.332999999999999963e-01
5.329000000000000403e-01
5.314999999999999725e-01
5.322000000000000064e-01
5.353999999999999870e-01
5.326999999999999513e-01
5.330000000000000293e-01
5.332000000000000073e-01
5.341000000000000192e-01
5.313999999999999835e-01
5.329000000000000403e-01
5.342999999999999972e-01
