2.254608311843872226e+00
1.941319761657714915e+00
1.753247091102600130e+00
1.585155332183837862e+00
1.539718362426757858e+00
1.424158507537841789e+00
1.310863051986694394e+00
1.257012863349914467e+00
1.187622153472900344e+00
1.092729831504821725e+00
9.950378587722777946e-01
9.720961620330810238e-01
9.039892449378966743e-01
8.775175902366638692e-01
8.251494083404541380e-01
8.532373383522033894e-01
8.003978584289550557e-01
8.150930311203002931e-01
8.679803657531738326e-01
9.017687520980834925e-01
1.007490662384033175e+00
1.000339821815490637e+00
9.901362340927124528e-01
1.062117020606994533e+00
1.022312325286865331e+00
1.170792220687866259e+00
1.270800184822082457e+00
1.275911962318420301e+00
1.314602575683593733e+00
1.298635742759704614e+00
1.180984939002990730e+00
1.188442491149902303e+00
1.255960807418823322e+00
1.301346281051635634e+00
1.284351508331298852e+00
1.181459912300109938e+00
1.086097322463989157e+00
1.171963027381897060e+00
1.274834659767150935e+00
1.321407294464111315e+00
1.333431366348266645e+00
1.315292361640930219e+00
1.236910294532775900e+00
1.277960091972351053e+00
1.330357838821411232e+00
1.369569931793212847e+00
1.392900192642211987e+00
1.316260702896118184e+00
1.216870961952209562e+00
1.267655804061889713e+00
1.332720194625854448e+00
1.362598028373718240e+00
1.310295563888549841e+00
1.209719562149047745e+00
1.136600785064697305e+00
1.203531744194030750e+00
1.261630982971191361e+00
1.345904791641235443e+00
1.258869602394103948e+00
1.261419835853576643e+00
1.152095509719848643e+00
1.205303120422363206e+00
1.275463107109069849e+00
1.325154255676269432e+00
1.375458678245544464e+00
1.393072553062439045e+00
1.416080265808105532e+00
1.428245782852172852e+00
1.445802493858337368e+00
1.458666298103332482e+00
1.483574922752380454e+00
1.266354318618774455e+00
1.189766058540344229e+00
1.230364850997924808e+00
1.203649337387084906e+00
1.260948601341247644e+00
1.151741566658019966e+00
1.123170335388183672e+00
1.157205693054199180e+00
1.246836086082458550e+00
1.295866633796691980e+00
1.358044528579711807e+00
1.353304517173766985e+00
1.242164178466796942e+00
1.155229678153991690e+00
1.241847104072570707e+00
1.254654692077636691e+00
1.324406531715393021e+00
1.361935381507873633e+00
1.383575569915771464e+00
1.401119653701782264e+00
1.391756592941284287e+00
1.325657486343383873e+00
1.340140523147582918e+00
1.301391944122314515e+00
1.268171156883239670e+00
1.245575536918640092e+00
1.280618566322326624e+00
1.283074629402160660e+00
1.292910575675964457e+00
