1.426205867767333935e+01
2.376406791687011744e+00
1.915186305618286067e+00
1.996213627624511711e+00
1.700361753845214929e+00
1.667244283485412648e+00
1.990674841308593734e+00
1.831740190696716342e+00
1.690644448471069428e+00
1.632966780090332026e+00
1.645475318336486747e+00
1.602386425209045395e+00
1.998564545440673745e+00
1.735187706565856969e+00
2.108647885894775253e+00
2.028090653991699188e+00
2.024224478912353575e+00
2.584967404937744018e+00
2.296032370376587028e+00
2.254119559478759971e+00
2.774852365493774453e+00
2.707136138534545822e+00
2.945665673446655308e+00
3.427904751205444356e+00
2.974026881408691203e+00
2.843446762084961055e+00
2.852413187408447293e+00
2.794735904312133812e+00
2.914750404357909996e+00
2.935734811401367050e+00
2.856116146850586013e+00
2.917543360519409212e+00
2.971253886795043986e+00
3.120246710968017645e+00
2.945163011169433798e+00
3.057400357818603531e+00
2.917410745239257697e+00
2.851638925933837942e+00
2.882707110214233204e+00
2.858106512832641499e+00
2.846735263061523469e+00
2.872614697647094761e+00
2.820505342483520472e+00
2.865476222610473744e+00
2.764351098632812587e+00
2.770525133132934581e+00
2.717391117858886762e+00
2.716495241928100768e+00
2.693932237243652494e+00
2.664819267272949155e+00
2.675295260238647277e+00
2.666440803527831971e+00
2.677689727020263533e+00
2.666108655166625763e+00
2.677540338516235519e+00
2.665403263854980498e+00
2.665688731384277421e+00
2.668947932052612160e+00
2.675799198532104572e+00
2.660701037597656082e+00
2.652947080230712906e+00
2.639649197387695434e+00
2.656202996444702258e+00
2.652871908569335968e+00
2.647103845977783365e+00
2.653498720550536927e+00
2.646182284164428911e+00
2.642319392013549706e+00
2.641863493347167857e+00
2.639667343902587948e+00
2.642756285095214874e+00
2.638868011093139732e+00
2.637437103271484506e+00
2.648192779541015618e+00
2.630691954040527136e+00
2.636456680297851740e+00
2.639535813140869269e+00
2.625905532836914080e+00
2.639102465057372893e+00
2.639479201507568540e+00
2.638864335632324032e+00
2.629832528686523396e+00
2.645548680496215610e+00
2.637219893264770576e+00
2.635543279647827308e+00
2.625283285522460819e+00
2.636349719619750953e+00
2.640136831665039097e+00
2.630510966110229276e+00
2.628226199340820468e+00
2.628961611938476661e+00
2.627634338760375776e+00
2.637300820541381707e+00
2.640352877807617293e+00
2.627897499847412277e+00
2.635909664535522445e+00
2.632048369979858471e+00
2.624789791107177805e+00
2.631136183929443373e+00
2.636911997604370228e+00
