2.254608336257934553e+00
1.941319740104675340e+00
1.753247066688537581e+00
1.585155319976806698e+00
1.539718375015258767e+00
1.424158538436889554e+00
1.310863049125671420e+00
1.257012817764282309e+00
1.187622217750549325e+00
1.092729782295227103e+00
9.950378622055053857e-01
9.720961618423461514e-01
9.039892418861389389e-01
8.775175507545470710e-01
8.251494173049926939e-01
8.532372765541076376e-01
8.003978736877441769e-01
8.150929910659789890e-01
8.679804444313049538e-01
9.017687461853027830e-01
1.007490612983703571e+00
1.000339827919006330e+00
9.901361648559570128e-01
1.062117023849487252e+00
1.022312281990051197e+00
1.170792352104186973e+00
1.270800259590148862e+00
1.275911951255798371e+00
1.314602625274658099e+00
1.298635719490051299e+00
1.180984923171997103e+00
1.188442390060424847e+00
1.255960777282714824e+00
1.301346296501159738e+00
1.284351460266113243e+00
1.181459839820861779e+00
1.086097297668457085e+00
1.171962919998168928e+00
1.274834561347961470e+00
1.321407337951660210e+00
1.333431224822998029e+00
1.315292353057861297e+00
1.236910043907165635e+00
1.277960014343261674e+00
1.330357792091369618e+00
1.369569971275329534e+00
1.392900214958190830e+00
1.316260692405700761e+00
1.216870898056030326e+00
1.267655778884887674e+00
1.332720029830932518e+00
1.362598036003112689e+00
1.310295495986938397e+00
1.209719599342346186e+00
1.136600934791564876e+00
1.203531623840331966e+00
1.261630958557128812e+00
1.345904843330383294e+00
1.258869657707214262e+00
1.261419840812683102e+00
1.152095475578308159e+00
1.205303038215637113e+00
1.275463302803039545e+00
1.325154282569885211e+00
1.375458697891235316e+00
1.393072546386718846e+00
1.416080137634277314e+00
1.428245699310302763e+00
1.445802317237854018e+00
1.458666198158264260e+00
1.483574890136718727e+00
1.266354291725158676e+00
1.189766016578674312e+00
1.230364900207519430e+00
1.203649410629272554e+00
1.260948536300659173e+00
1.151741514587402371e+00
1.123170240020751942e+00
1.157205761718749892e+00
1.246836044502258378e+00
1.295866703414916943e+00
1.358044485855102623e+00
1.353304637145996026e+00
1.242164116668701190e+00
1.155229611396789480e+00
1.241847180175781329e+00
1.254654585456848048e+00
1.324406413269042959e+00
1.361935391235351567e+00
1.383575563049316504e+00
1.401119550323486340e+00
1.391756444931030234e+00
1.325657467269897527e+00
1.340140559387207109e+00
1.301391963195800860e+00
1.268170979118347086e+00
1.245575558090209922e+00
1.280618676185607985e+00
1.283074645996093777e+00
1.292910714340209877e+00
