2.810474460983276579e+00
2.240101353836059683e+00
1.973606769561767615e+00
1.889722276878357032e+00
1.816081383132934546e+00
1.735368264198303256e+00
1.632136956596374588e+00
1.804634718704223539e+00
1.937873846817016688e+00
1.729435580635070746e+00
1.618459948348998978e+00
1.539468964195251477e+00
1.583075298881530868e+00
1.617358280944824145e+00
1.888637438201904217e+00
1.748870071792602454e+00
1.711492413902282683e+00
2.239233813858032107e+00
2.723003401565551762e+00
2.146986046600341869e+00
2.264078619766235256e+00
2.263918667602538903e+00
2.639712506866454866e+00
2.684105004119873072e+00
2.724812834930419925e+00
2.548283167648315306e+00
2.644560480880737252e+00
2.691573659896850490e+00
2.533632336044311373e+00
2.868862684249878114e+00
2.880807198715209960e+00
2.720263655090331856e+00
2.691076899719238469e+00
2.652946910095214772e+00
2.691337738418579040e+00
2.644127183914184442e+00
2.614607510375976496e+00
2.534379978561401181e+00
2.513151984786987203e+00
2.529715857315063321e+00
2.486889797973632632e+00
2.456806809234619138e+00
2.432220661544799878e+00
2.431405860900878846e+00
2.409470316696166847e+00
2.393176324462890747e+00
2.378555871582031411e+00
2.359911936569214053e+00
2.346183115768432526e+00
2.337568201065063356e+00
2.338343957901000802e+00
2.337972076034545932e+00
2.338033024978637631e+00
2.337059948730468850e+00
2.336015912246704129e+00
2.329414009094238125e+00
2.332587096023559514e+00
2.331617115783691574e+00
2.326206963348388612e+00
2.321052269744872998e+00
2.327272525405883918e+00
2.321835489654541007e+00
2.313172424316406239e+00
2.317599119186401158e+00
2.311368723297118954e+00
2.317804566192626758e+00
2.318450331878662229e+00
2.304227548980712914e+00
2.318263531494140661e+00
2.312128580093383956e+00
2.307503233718871893e+00
2.306132829666137862e+00
2.306851163482666056e+00
2.305877688217162991e+00
2.306788043212890660e+00
2.310142604827881030e+00
2.311918923950195381e+00
2.302519773483276300e+00
2.309551880645751787e+00
2.312004843139648269e+00
2.304017504882812428e+00
2.311821654510497925e+00
2.305341033172607634e+00
2.299226948165893347e+00
2.299578535842895288e+00
2.297686209106445165e+00
2.308073106002807684e+00
2.301454466629028417e+00
2.311129135131836154e+00
2.306269386291504020e+00
2.306691051483154453e+00
2.305030964660644610e+00
2.308816896057128698e+00
2.299726879501342580e+00
2.299873519134521427e+00
2.305210418701171715e+00
2.306423427200317455e+00
2.296931753921508612e+00
2.296495428085327362e+00
2.295963118362426947e+00
