1.794000000000000039e-01
2.089999999999999913e-01
2.882000000000000117e-01
2.892000000000000126e-01
3.426000000000000156e-01
3.549999999999999822e-01
3.911999999999999922e-01
3.323999999999999733e-01
3.249000000000000221e-01
3.649999999999999911e-01
4.129999999999999782e-01
4.472999999999999754e-01
4.395999999999999908e-01
4.353000000000000203e-01
3.780000000000000027e-01
4.310999999999999832e-01
4.441999999999999837e-01
4.007999999999999896e-01
3.988999999999999768e-01
4.279999999999999916e-01
4.608999999999999764e-01
4.691000000000000170e-01
4.283000000000000140e-01
4.550000000000000155e-01
4.660000000000000253e-01
4.744999999999999774e-01
4.954000000000000070e-01
4.904999999999999916e-01
5.023999999999999577e-01
4.709999999999999742e-01
5.073999999999999622e-01
4.974000000000000088e-01
5.122999999999999776e-01
5.178000000000000380e-01
5.071999999999999842e-01
5.213999999999999746e-01
5.210000000000000187e-01
5.288000000000000478e-01
5.314999999999999725e-01
5.293999999999999817e-01
5.338000000000000522e-01
5.348000000000000531e-01
5.368000000000000549e-01
5.381000000000000227e-01
5.375999999999999668e-01
5.393999999999999906e-01
5.382000000000000117e-01
5.389000000000000457e-01
5.384999999999999787e-01
5.384999999999999787e-01
5.385999999999999677e-01
5.397999999999999465e-01
5.401000000000000245e-01
5.375999999999999668e-01
5.404999999999999805e-01
5.389000000000000457e-01
5.383999999999999897e-01
5.389000000000000457e-01
5.391000000000000236e-01
5.390000000000000346e-01
5.389000000000000457e-01
5.402000000000000135e-01
5.381000000000000227e-01
5.391000000000000236e-01
5.387999999999999456e-01
5.391000000000000236e-01
5.399000000000000465e-01
5.394999999999999796e-01
5.389000000000000457e-01
5.377999999999999448e-01
5.390000000000000346e-01
5.396999999999999575e-01
5.383999999999999897e-01
5.389000000000000457e-01
5.394999999999999796e-01
5.383999999999999897e-01
5.384999999999999787e-01
5.389000000000000457e-01
5.384999999999999787e-01
5.400000000000000355e-01
5.377999999999999448e-01
5.381000000000000227e-01
5.389000000000000457e-01
5.395999999999999686e-01
5.387999999999999456e-01
5.384999999999999787e-01
5.402000000000000135e-01
5.397999999999999465e-01
5.379000000000000448e-01
5.395999999999999686e-01
5.383000000000000007e-01
5.401000000000000245e-01
5.379000000000000448e-01
5.361000000000000210e-01
5.393999999999999906e-01
5.386999999999999567e-01
5.384999999999999787e-01
5.391000000000000236e-01
5.401000000000000245e-01
5.387999999999999456e-01
