3.439156774291992491e+01
2.066230152130127173e+00
1.895794031906127941e+00
1.875880142021179253e+00
1.772061088562011610e+00
1.710272462844848684e+00
1.668733055496215867e+00
1.695454987716674911e+00
1.733192902374267597e+00
1.641686038970947337e+00
1.571191818237304583e+00
1.562469005966186542e+00
1.565556413459777918e+00
1.683067106246948219e+00
1.681061146926879912e+00
1.696276548194885159e+00
1.735316008567810098e+00
2.019785751724243017e+00
1.833151884651184060e+00
1.954710338592529295e+00
2.078668343353271553e+00
2.261505967330932787e+00
2.230706386184692303e+00
2.885142883682251025e+00
2.530073987579345651e+00
2.945316102600097796e+00
2.718930029678344518e+00
3.220882749176025239e+00
2.698502177810668812e+00
3.082079238891601403e+00
3.023110485076904386e+00
3.107766215896606621e+00
3.115910620117187335e+00
3.061058563613891614e+00
3.072579962539673026e+00
3.367506983184814562e+00
3.224609457397460854e+00
2.821817494201660281e+00
3.431401221847534266e+00
3.359474804687499816e+00
3.020440150070190288e+00
3.014008118438720629e+00
3.065354919815063361e+00
3.021903548049926780e+00
2.971217261886596628e+00
2.938737361907958867e+00
2.901688501739501991e+00
2.887695228958129690e+00
2.848821054458618107e+00
2.810894509124755913e+00
2.849674145889282251e+00
2.841874167633056558e+00
2.846501997756957891e+00
2.837918436431884572e+00
2.824252606964111401e+00
2.819768102645873853e+00
2.820453354263305457e+00
2.832438422393798838e+00
2.836715691757202062e+00
2.827667991256713975e+00
2.810577809143066208e+00
2.815917935180664244e+00
2.808075021362304469e+00
2.814815805053711095e+00
2.807927594375610347e+00
2.807504588699340609e+00
2.797024855804443266e+00
2.801995830917358266e+00
2.806993032073974437e+00
2.801841316604614107e+00
2.784531021118163974e+00
2.782068990707397660e+00
2.785097013473510685e+00
2.768488548278808636e+00
2.788183289337158310e+00
2.778745275115966695e+00
2.779864724731445413e+00
2.783133267974853720e+00
2.784551659011840652e+00
2.781793828582763695e+00
2.790791888046264546e+00
2.785310737609863363e+00
2.776742073822021428e+00
2.780147296905517429e+00
2.785994293975829983e+00
2.794927344131469926e+00
2.784603258895874234e+00
2.781150983428954948e+00
2.791443630981445434e+00
2.774480827331542887e+00
2.783186373138427872e+00
2.792156525421142454e+00
2.781238925552368180e+00
2.777529924774170045e+00
2.785568787002563607e+00
2.780780782699585174e+00
2.777460490036010921e+00
2.772680861282348808e+00
2.772020954895019429e+00
2.787146814346313395e+00
