1.738529646301269604e+00
2.515585737705230973e-01
1.509766732215881424e-01
1.106298772811889625e-01
8.642398205995559246e-02
7.315428020954131694e-02
6.324461391568184099e-02
5.528042962551116962e-02
4.938230298161506993e-02
4.591185868978500673e-02
4.167337108254432626e-02
3.889130416512489447e-02
3.840575640201568386e-02
3.716626399159431160e-02
3.197889416217804259e-02
3.145826547741890217e-02
3.001926293969154474e-02
2.960820783376693840e-02
2.824051287174225017e-02
2.698806965649127795e-02
2.599129476547241274e-02
2.695444701015949421e-02
2.586089954376220856e-02
2.347153478860855222e-02
2.256368283927440502e-02
2.244787324666976808e-02
2.246642234027385748e-02
2.101609804332256470e-02
2.154291586577892353e-02
2.196844226121902333e-02
2.100368608534336143e-02
2.172990312278270594e-02
2.020984571874141766e-02
2.021990928947925426e-02
2.053378584980964511e-02
1.907361804842949010e-02
1.888509509265422909e-02
1.810275249481201054e-02
1.858413694798946234e-02
1.786072512865066395e-02
1.807420111596584264e-02
1.767759650051593801e-02
1.771935119330883199e-02
1.735002157688140742e-02
1.679137853384017956e-02
1.761706380844116349e-02
1.720066429078578873e-02
1.798029110431671046e-02
1.746805959045887036e-02
1.669353786408901349e-02
1.648968802094459563e-02
1.645648784935474507e-02
1.701832280755043170e-02
1.708838592171669016e-02
1.793580119907856041e-02
1.725120700299739851e-02
1.577252250015735713e-02
1.572825047969817966e-02
1.521019025444984504e-02
1.623513613641262149e-02
1.595095523297786547e-02
1.598949909061193539e-02
1.584863844960927859e-02
1.596301853656768854e-02
1.582443692684173606e-02
1.634834963679313719e-02
1.496592326462268911e-02
1.524506196826696386e-02
1.618911579251289257e-02
1.559669232070446006e-02
1.539024892151355690e-02
1.634062770605087395e-02
1.519272100031375874e-02
1.494277079850435223e-02
1.596256233155727428e-02
1.516505520939826976e-02
1.531726732552051579e-02
1.547289215028285932e-02
1.501024082601070363e-02
1.538157797902822525e-02
1.613708320856094280e-02
1.540240430980920755e-02
1.572375779002905052e-02
1.550310072302818303e-02
1.491644233763217940e-02
1.643274156749248427e-02
1.584826886951923308e-02
1.600911033749580215e-02
1.513290264606475914e-02
1.565581360161304517e-02
1.571361210942268452e-02
1.507194920480251291e-02
1.557140510678291234e-02
1.536116031408309851e-02
1.571798295974731474e-02
1.432145682722330178e-02
1.521343105733394610e-02
1.599683813154697404e-02
1.662485885024070700e-02
1.600834591090679118e-02
