3.464999999999999747e-01
6.160999999999999810e-01
6.649000000000000465e-01
7.057999999999999829e-01
7.399999999999999911e-01
7.561999999999999833e-01
7.859000000000000430e-01
7.890000000000000346e-01
7.886999999999999567e-01
8.094000000000000083e-01
8.127999999999999670e-01
8.094000000000000083e-01
8.135999999999999899e-01
8.201000000000000512e-01
8.266000000000000014e-01
8.320999999999999508e-01
8.242000000000000437e-01
8.469999999999999751e-01
8.407999999999999918e-01
8.212000000000000410e-01
8.373000000000000442e-01
8.625000000000000444e-01
8.421999999999999487e-01
8.521999999999999575e-01
8.706000000000000405e-01
8.614000000000000545e-01
8.679000000000000048e-01
8.739000000000000101e-01
8.582999999999999519e-01
8.465000000000000302e-01
8.572999999999999510e-01
8.691999999999999726e-01
8.773999999999999577e-01
8.283000000000000362e-01
8.343000000000000416e-01
8.600999999999999757e-01
8.410999999999999588e-01
8.507000000000000117e-01
8.682999999999999607e-01
8.670999999999999819e-01
8.818000000000000282e-01
8.852999999999999758e-01
8.840999999999999970e-01
8.843999999999999639e-01
8.771999999999999797e-01
8.760999999999999899e-01
8.807000000000000384e-01
8.715000000000000524e-01
8.663999999999999480e-01
8.672999999999999599e-01
8.571999999999999620e-01
8.671999999999999709e-01
8.630999999999999783e-01
8.668000000000000149e-01
8.722999999999999643e-01
8.828000000000000291e-01
8.773999999999999577e-01
8.779000000000000137e-01
8.786000000000000476e-01
8.786000000000000476e-01
8.643999999999999462e-01
8.812999999999999723e-01
8.457999999999999963e-01
8.574000000000000510e-01
8.760999999999999899e-01
8.917000000000000481e-01
8.960000000000000187e-01
8.810000000000000053e-01
8.864999999999999547e-01
8.828000000000000291e-01
8.747000000000000330e-01
8.606000000000000316e-01
8.608000000000000096e-01
8.692999999999999616e-01
8.407000000000000028e-01
8.558999999999999941e-01
8.649000000000000021e-01
8.719000000000000083e-01
8.790999999999999925e-01
8.818000000000000282e-01
8.992999999999999883e-01
8.911000000000000032e-01
8.941999999999999948e-01
8.909000000000000252e-01
8.940000000000000169e-01
8.975999999999999535e-01
8.954999999999999627e-01
8.923999999999999710e-01
8.949000000000000288e-01
8.991000000000000103e-01
9.056999999999999496e-01
9.046999999999999487e-01
9.042999999999999927e-01
9.032999999999999918e-01
9.019000000000000350e-01
8.990000000000000213e-01
9.032999999999999918e-01
8.978000000000000425e-01
8.961000000000000076e-01
8.962999999999999856e-01
