1.918085913467407311e+00
1.166321699714660598e+00
1.029095331478118824e+00
8.901292551994324231e-01
8.329506775856018175e-01
8.041181946754455412e-01
6.642744765281677344e-01
6.510275169372559123e-01
6.516235109329223674e-01
5.498545751094817691e-01
5.784894568443298413e-01
5.860127499580383148e-01
5.724690209865570534e-01
5.266022482395171789e-01
4.885361237049102856e-01
4.967652732849121011e-01
5.202331746578217064e-01
4.811120637893676610e-01
4.740667310237884347e-01
5.540808224678039906e-01
4.819274393558501957e-01
4.205776590347289901e-01
5.102661247253418297e-01
4.563534845829009812e-01
4.348653371810913271e-01
4.502518896579742469e-01
4.397777985572814963e-01
4.197873082637786912e-01
4.687196493148803600e-01
5.288878001213074276e-01
4.701912052154541000e-01
4.391069575786590851e-01
4.124646519660949973e-01
5.710507911205291443e-01
5.789703279972076011e-01
4.898345689296722538e-01
5.343539906024933339e-01
5.005794275283813599e-01
4.426485452651977570e-01
4.553980962753295669e-01
3.946775614738464166e-01
3.829638884544372401e-01
4.050564371109008910e-01
3.987179216384887925e-01
4.176543669700622519e-01
4.480760090827942133e-01
4.093052534580230439e-01
4.665350674629211158e-01
4.782104574203491221e-01
4.751556496143340969e-01
5.113546200275420617e-01
4.709140142440795818e-01
4.955243610382080166e-01
4.896585413455963320e-01
4.711514853954315019e-01
4.179746222972869907e-01
4.410094111919403148e-01
4.472528961658477908e-01
4.453157843112945380e-01
4.453462745666503797e-01
5.032741610527038389e-01
4.534663471221923592e-01
5.744985465526580848e-01
5.441991628646850598e-01
4.665624348163604496e-01
3.791401983261108444e-01
3.813791059494018310e-01
4.299511375904083166e-01
4.053544770717620871e-01
4.204536328315734983e-01
4.659831614017486690e-01
5.219293814182281999e-01
5.174143896102905149e-01
4.902441123485565266e-01
6.086909031391143365e-01
5.097110420703887534e-01
4.964652698516845430e-01
4.648808873176574763e-01
4.254024137020110952e-01
4.068466393947601234e-01
3.683764295101165653e-01
4.076998204708099371e-01
3.836617886543273737e-01
4.064169731616973924e-01
3.829299072742461951e-01
3.783545973777771021e-01
3.881387343883514474e-01
4.052530503749847135e-01
3.842280544757842864e-01
3.752770318984985365e-01
3.546295750141144065e-01
3.583506872653960951e-01
3.672914684772491389e-01
3.711027575969695902e-01
3.823337772369384546e-01
3.880765578269958493e-01
3.752841051578521547e-01
3.936267105579376313e-01
4.046940012454986468e-01
3.980694541454315449e-01
