1.738529634094238219e+00
2.515585680246353317e-01
1.509766777992248565e-01
1.106298744082450936e-01
8.642398129701614473e-02
7.315428404808044238e-02
6.324461086392402231e-02
5.528042895197868289e-02
4.938230660557747093e-02
4.591185983419418526e-02
4.167336927652359052e-02
3.889130541682243175e-02
3.840575677752494643e-02
3.716626428365707446e-02
3.197889254093170402e-02
3.145826528072356854e-02
3.001926216483116056e-02
2.960820753574371425e-02
2.824051097035408173e-02
2.698807146847248192e-02
2.599129251539707142e-02
2.695444647669792068e-02
2.586089805066585368e-02
2.347153663337230717e-02
2.256368326246738568e-02
2.244787587821483674e-02
2.246642295420169660e-02
2.101609747409820608e-02
2.154291882812976733e-02
2.196844507455825851e-02
2.100368703901767803e-02
2.172990092337131335e-02
2.020984671711921823e-02
2.021991020143032100e-02
2.053378503322601453e-02
1.907361651659011947e-02
1.888509570062160345e-02
1.810275210440158780e-02
1.858413656055927371e-02
1.786072422266006543e-02
1.807420101463794865e-02
1.767759787738323179e-02
1.771935114860534802e-02
1.735002315342426202e-02
1.679137792587280173e-02
1.761706080138683225e-02
1.720066479444503846e-02
1.798029057383537452e-02
1.746805925071239635e-02
1.669353715181350756e-02
1.648968957066536054e-02
1.645648731887340566e-02
1.701832247376441898e-02
1.708838594555854920e-02
1.793580150306224932e-02
1.725120785832405176e-02
1.577252306044101687e-02
1.572824979573488394e-02
1.521018988043069779e-02
1.623513544201850983e-02
1.595095540732145364e-02
1.598949971050023927e-02
1.584863656014203967e-02
1.596301700174808380e-02
1.582444005608558621e-02
1.634834825992584340e-02
1.496592294871807068e-02
1.524506192356347989e-02
1.618911290764808719e-02
1.559669250249862658e-02
1.539024880230426863e-02
1.634062616229057380e-02
1.519272484481334722e-02
1.494277195483446202e-02
1.596256046891212504e-02
1.516505272984504729e-02
1.531726729571819372e-02
1.547289219498634329e-02
1.501023874878883342e-02
1.538157960772514390e-02
1.613708358407020538e-02
1.540240249186754229e-02
1.572375946491956847e-02
1.550310083031654351e-02
1.491644490361213743e-02
1.643273908495903116e-02
1.584827327728271368e-02
1.600911215841770152e-02
1.513290512859821399e-02
1.565581357777118612e-02
1.571361313462257478e-02
1.507194777429103801e-02
1.557140181660652233e-02
1.536116117537021653e-02
1.571797949075698711e-02
1.432145786136388745e-02
1.521343198120594063e-02
1.599683780670166020e-02
1.662485936880111689e-02
1.600834487676620552e-02
