2.482000000000000040e-01
6.935000000000000053e-01
7.904999999999999805e-01
8.198999999999999622e-01
8.470999999999999641e-01
8.457000000000000073e-01
8.542999999999999483e-01
8.607000000000000206e-01
8.597000000000000197e-01
8.621999999999999664e-01
8.661999999999999700e-01
8.663999999999999480e-01
8.660999999999999810e-01
8.680999999999999828e-01
8.651999999999999691e-01
8.703999999999999515e-01
8.676000000000000378e-01
8.671999999999999709e-01
8.669999999999999929e-01
8.703999999999999515e-01
8.719999999999999973e-01
8.683999999999999497e-01
8.690999999999999837e-01
8.663999999999999480e-01
8.682999999999999607e-01
8.681999999999999718e-01
8.670999999999999819e-01
8.732999999999999652e-01
8.689000000000000057e-01
8.715000000000000524e-01
8.727000000000000313e-01
8.707000000000000295e-01
8.708000000000000185e-01
8.687000000000000277e-01
8.687000000000000277e-01
8.730999999999999872e-01
8.683999999999999497e-01
8.715000000000000524e-01
8.682999999999999607e-01
8.774999999999999467e-01
8.652999999999999581e-01
8.718000000000000194e-01
8.741999999999999771e-01
8.696000000000000396e-01
8.703999999999999515e-01
8.700999999999999845e-01
8.697000000000000286e-01
8.711999999999999744e-01
8.701999999999999735e-01
8.710999999999999854e-01
8.720999999999999863e-01
8.626000000000000334e-01
8.617000000000000215e-01
8.703999999999999515e-01
8.669999999999999929e-01
8.748000000000000220e-01
8.728000000000000203e-01
8.731999999999999762e-01
8.723999999999999533e-01
8.720999999999999863e-01
8.709000000000000075e-01
8.712999999999999634e-01
8.715000000000000524e-01
8.575000000000000400e-01
8.657000000000000250e-01
8.691999999999999726e-01
8.669000000000000039e-01
8.675000000000000488e-01
8.665000000000000480e-01
8.689999999999999947e-01
8.756000000000000449e-01
8.637000000000000233e-01
8.665000000000000480e-01
8.681999999999999718e-01
8.631999999999999673e-01
8.662999999999999590e-01
8.690999999999999837e-01
8.701999999999999735e-01
8.716000000000000414e-01
8.640999999999999792e-01
8.660999999999999810e-01
8.671999999999999709e-01
8.691999999999999726e-01
8.668000000000000149e-01
8.685000000000000497e-01
8.667000000000000259e-01
8.620999999999999774e-01
8.773999999999999577e-01
8.725000000000000533e-01
8.649000000000000021e-01
8.709000000000000075e-01
8.615000000000000435e-01
8.696000000000000396e-01
8.550999999999999712e-01
8.682999999999999607e-01
8.651999999999999691e-01
8.638000000000000123e-01
8.689999999999999947e-01
8.737000000000000322e-01
8.701999999999999735e-01
