1.504397593498229879e+00
7.967492688179016458e-01
6.837196772575377945e-01
6.696752668380737683e-01
5.996968485832214757e-01
6.097887776374817381e-01
6.065429490089416786e-01
5.812838699340819870e-01
5.669525450706481839e-01
5.482611373901367102e-01
5.588961791038513649e-01
5.398818613529204891e-01
5.884885897636413787e-01
5.630922295570373048e-01
5.622585122108459954e-01
5.611118780612945889e-01
5.521751714706421010e-01
5.349792718410492087e-01
6.027126143455505680e-01
5.699798743247985744e-01
5.767610548019409533e-01
5.375459117412567656e-01
5.490232734680176030e-01
5.549431539535522040e-01
5.565338021278380953e-01
5.800039159774780240e-01
5.374106874942780054e-01
5.680602607727051057e-01
5.460088678359985570e-01
5.490361288070678691e-01
6.018251308917998976e-01
5.963597113609313549e-01
5.294635190963744575e-01
5.854597049713134993e-01
5.885988391876221248e-01
5.825152288436890036e-01
6.076973011970520089e-01
5.713923055648804095e-01
6.568238698959351085e-01
6.703986249923705731e-01
5.922338617801665706e-01
5.637672936439513949e-01
6.027804368972777826e-01
5.825259711265563523e-01
5.883672803878784441e-01
5.593968387603759362e-01
5.952282601356506664e-01
5.572905183315277622e-01
5.694552740573882721e-01
5.519161897659301541e-01
5.208206757545471577e-01
5.775084782600402589e-01
5.540129371643066625e-01
5.752386192798614184e-01
6.058358038902282861e-01
5.665512459754943331e-01
5.780652183055877691e-01
5.505941691398620330e-01
5.770911355018615296e-01
6.046987326145172315e-01
5.718937264442444102e-01
6.750073687553406199e-01
6.911128780364990121e-01
6.309848124504089384e-01
6.988572249412536852e-01
5.920292442321777315e-01
6.249705982208252353e-01
6.175792918205261772e-01
6.078462824344634807e-01
5.957284703254699387e-01
6.266606793403625142e-01
5.673820812225341959e-01
5.879897488117218352e-01
6.615702046394348335e-01
6.485019472599029555e-01
6.146065887928009452e-01
7.204764018058776864e-01
6.376242906570434021e-01
5.877607845306396239e-01
6.267551136016845659e-01
6.112434989929199647e-01
6.245834124565124990e-01
6.715935037612914549e-01
5.792577229976654252e-01
6.421598313331603469e-01
7.232831418991089167e-01
6.902868287086486587e-01
6.106589914321899348e-01
6.238829886436462191e-01
5.384445706367492201e-01
6.062617715835570964e-01
6.492671463966369627e-01
6.169437693595886119e-01
6.114497511863709045e-01
6.325343334197998102e-01
6.631912371635436676e-01
6.939912172317505012e-01
6.550511305809021412e-01
6.229341714859009116e-01
6.512973091125487946e-01
