5.010000000000000009e-01
7.896999999999999575e-01
8.548000000000000043e-01
8.706000000000000405e-01
8.800000000000000044e-01
8.752999999999999670e-01
8.787000000000000366e-01
8.833999999999999631e-01
8.883999999999999675e-01
8.862999999999999767e-01
8.874999999999999556e-01
8.905999999999999472e-01
8.904999999999999583e-01
8.905999999999999472e-01
8.888000000000000345e-01
8.913999999999999702e-01
8.921000000000000041e-01
8.941000000000000059e-01
8.919000000000000261e-01
8.887000000000000455e-01
8.887000000000000455e-01
8.930000000000000160e-01
8.874999999999999556e-01
8.924999999999999600e-01
8.910000000000000142e-01
8.919000000000000261e-01
8.911999999999999922e-01
8.940000000000000169e-01
8.933999999999999719e-01
8.921999999999999931e-01
8.937000000000000499e-01
8.930000000000000160e-01
8.964999999999999636e-01
8.939000000000000279e-01
8.939000000000000279e-01
8.942999999999999838e-01
8.950000000000000178e-01
8.900000000000000133e-01
8.877000000000000446e-01
8.879000000000000226e-01
8.938000000000000389e-01
8.963999999999999746e-01
8.933999999999999719e-01
8.931000000000000050e-01
8.942999999999999838e-01
8.938000000000000389e-01
8.951000000000000068e-01
8.965999999999999526e-01
8.954999999999999627e-01
8.961999999999999966e-01
8.967000000000000526e-01
8.961000000000000076e-01
8.965999999999999526e-01
8.943999999999999728e-01
8.938000000000000389e-01
8.982999999999999874e-01
8.972999999999999865e-01
8.968000000000000416e-01
8.951999999999999957e-01
8.934999999999999609e-01
8.954999999999999627e-01
8.925999999999999490e-01
8.879000000000000226e-01
8.938000000000000389e-01
8.862999999999999767e-01
8.943999999999999728e-01
8.911999999999999922e-01
8.941999999999999948e-01
8.962999999999999856e-01
8.971999999999999975e-01
8.959000000000000297e-01
9.001000000000000112e-01
8.968000000000000416e-01
8.974999999999999645e-01
8.971999999999999975e-01
8.981000000000000094e-01
8.918000000000000371e-01
8.912999999999999812e-01
8.979000000000000314e-01
8.972999999999999865e-01
8.990000000000000213e-01
8.958000000000000407e-01
8.928000000000000380e-01
8.960000000000000187e-01
8.969000000000000306e-01
8.831999999999999851e-01
8.924999999999999600e-01
8.923999999999999710e-01
8.931999999999999940e-01
8.979000000000000314e-01
8.978000000000000425e-01
8.919000000000000261e-01
8.978000000000000425e-01
8.963999999999999746e-01
8.997000000000000552e-01
8.961999999999999966e-01
8.912999999999999812e-01
8.971999999999999975e-01
8.961999999999999966e-01
8.983999999999999764e-01
