1.511612622261047312e+00
5.872716544151306284e-01
4.137027074813842686e-01
2.789112620353698668e-01
2.297434641599655214e-01
2.007965327739715533e-01
1.645145457267761235e-01
1.402738041639328137e-01
1.308352842688560447e-01
1.233874738454818765e-01
1.227766133427619921e-01
1.459630028963088966e-01
1.159314695000648460e-01
1.138577890992164554e-01
1.122930509448051423e-01
1.102636388063430728e-01
1.049012985467910747e-01
1.096486726284027075e-01
1.080069661736488273e-01
9.425651797056197601e-02
1.138932550787925685e-01
1.032248732686042725e-01
1.023461441040039027e-01
1.246402326345443790e-01
1.035947962045669496e-01
1.032576456189155528e-01
1.053531417965889033e-01
9.596744990348815563e-02
9.928968359231948870e-02
1.056909994602203418e-01
1.061402749776840237e-01
1.335078287959098886e-01
1.077369920730590763e-01
1.137258103489875855e-01
1.152995805740356511e-01
1.298989050745963936e-01
1.144334879040718039e-01
1.390033466458320544e-01
1.594918217420578099e-01
1.382558281421661373e-01
9.208002735376358272e-02
9.859987269639969298e-02
9.577117701768875224e-02
1.081733246564865053e-01
1.049891428947448691e-01
9.939707130193710383e-02
1.110951185107231093e-01
1.146682250499725386e-01
1.001874920487403897e-01
1.141450392723083462e-01
1.138499204516410790e-01
1.089811532855033821e-01
1.078830130934715220e-01
1.091865777254104608e-01
9.736143579483032273e-02
1.158391978263854927e-01
1.100108898401260388e-01
1.508438049077987786e-01
1.045159663915634224e-01
1.101936149835586604e-01
1.112838580012321527e-01
9.112953419685364265e-02
1.072952036857604957e-01
2.327837415695190315e-01
1.128535492539405882e-01
1.141961782932281455e-01
1.160960604667663626e-01
1.086122403740882869e-01
9.661626625061035811e-02
1.254313249468803348e-01
1.214398560643196040e-01
1.008367914557457001e-01
9.166629692316055622e-02
1.367410493254661574e-01
9.869833468198775661e-02
1.149194398522376953e-01
1.215421994924545251e-01
9.383457043170928547e-02
9.165222005844116115e-02
1.040525979638099729e-01
1.004010808825492873e-01
1.095213418722152665e-01
9.520058939456939318e-02
9.139411953687667789e-02
9.383992381095886126e-02
1.171537719011306738e-01
1.006515166759490987e-01
1.149741500973701508e-01
9.871020307540893934e-02
9.532808442115783820e-02
1.148143908143043485e-01
1.073764307975769022e-01
1.039354606866836617e-01
1.118855677843093865e-01
9.771731592416763035e-02
1.099587111473083467e-01
1.289388550758361895e-01
1.233704701662063641e-01
1.250642827391624523e-01
1.191376781463623080e-01
