1.601001294898986904e+00
7.240412524223327484e-01
4.888779561519622785e-01
3.057335972309112582e-01
2.310589122295379771e-01
1.978958329916000458e-01
1.613106009244918704e-01
1.366841368675232038e-01
1.548581611394882207e-01
1.474820667743682867e-01
1.219299226999282781e-01
1.269665716171264613e-01
1.161048348903656047e-01
1.128778196811675988e-01
1.012007780075073193e-01
1.009806760430335959e-01
1.110888928174972590e-01
1.154586642503738353e-01
1.038868052721023533e-01
9.979078885316848557e-02
1.023239139318466162e-01
9.837149711847305300e-02
8.860452346801757362e-02
8.979273923635482102e-02
9.904343626499176323e-02
1.042716785907745330e-01
1.008526747941970864e-01
1.101190504074096715e-01
1.010530923724174551e-01
9.476940221786499252e-02
8.911981211900711630e-02
1.082909670114517164e-01
1.029746201992034899e-01
8.960013949871063754e-02
9.673226028680800836e-02
1.024741186261177023e-01
1.301273349046707106e-01
1.123649353027343784e-01
1.104057871818542452e-01
1.021144120573997532e-01
1.059071655035018905e-01
1.084747395992279040e-01
9.807669968605041422e-02
8.749320056438446291e-02
9.985106998682022339e-02
1.070447621107101371e-01
9.815365961790084581e-02
1.039010409474372815e-01
1.025042417526245142e-01
1.032770477652549812e-01
1.079234951972961459e-01
1.149245316386222904e-01
1.080480726838111832e-01
1.315337499380111741e-01
1.095960660815238907e-01
9.139646683931350324e-02
1.204583974599838236e-01
1.024237833261489872e-01
9.682141482830047829e-02
1.205640953063964876e-01
1.077279340505599980e-01
1.002179018974304198e-01
1.146876454830169645e-01
1.411559088468551659e-01
8.991788740158081217e-02
1.014671557188034090e-01
9.636902514696121802e-02
9.795022941827774554e-02
1.047478559374809270e-01
9.118241134881972798e-02
8.990393966436385775e-02
9.074379614591598919e-02
9.229894080162048819e-02
1.289280609488487328e-01
1.060554254055023210e-01
1.151317598104476952e-01
9.466110310554504137e-02
1.027774483799934330e-01
1.103260449171066249e-01
1.588500504255294932e-01
1.392913704156875654e-01
1.928916490793228244e-01
1.066348413586616500e-01
1.160670609951019311e-01
1.152920638918876611e-01
1.125964064955711358e-01
1.003832204699516284e-01
1.156514620304107677e-01
1.034457631707191433e-01
1.036318590164184567e-01
1.012662238836288392e-01
1.284270079612731819e-01
1.208859946012496994e-01
1.020522516608238228e-01
1.133748072504997262e-01
1.197974470138549741e-01
1.253273870706558268e-01
1.152417634248733558e-01
9.822418695688248103e-02
1.007928740978241006e-01
