1.606341785621643092e+00
1.057293898010253974e+00
8.490628431320190739e-01
8.069463723182678239e-01
7.340629432678222877e-01
6.373842391967773358e-01
5.903965214729308686e-01
6.013450574874877885e-01
4.617387912273406836e-01
4.503083893775939872e-01
4.355112922668457065e-01
4.706201193809509409e-01
4.702333323955535938e-01
3.823054468154907237e-01
3.533002015113830829e-01
3.758795752048492700e-01
3.516716025829315084e-01
4.253371301651001080e-01
3.930738893508911036e-01
3.666005515575408991e-01
3.646395864009857046e-01
3.266727593421935860e-01
3.652425833702087621e-01
3.214595057964325098e-01
3.177803673267364237e-01
3.768765199184417880e-01
3.082274699449539246e-01
3.611835489749908312e-01
3.236155993700027267e-01
4.045220728397369570e-01
4.056815332412719854e-01
3.134314972639083985e-01
4.146802237987518569e-01
3.474707965850830083e-01
3.839189840793609809e-01
4.266295890331268104e-01
3.137866348505020109e-01
4.126451302528381104e-01
2.701478407382965075e-01
3.928840855598449977e-01
3.631414786815643225e-01
3.576645671844482233e-01
3.949588545799255224e-01
2.695994776248931690e-01
3.104261533737182610e-01
4.640138944149017064e-01
3.305343432426452455e-01
2.770408173084258907e-01
2.780449856519698892e-01
2.656921944856643902e-01
3.488499836444854951e-01
3.186548705339432019e-01
3.792852257728576704e-01
2.596649152517318537e-01
2.999110158920287872e-01
3.736123236656189173e-01
2.783407063245773583e-01
3.223070528984069982e-01
2.504122170925140445e-01
3.096481394052505443e-01
3.186674849271774468e-01
3.377058053970337093e-01
2.971397672891616937e-01
3.175838444471359434e-01
3.297736760139465262e-01
3.658426077842712454e-01
3.872668461799621542e-01
2.782753780603408611e-01
4.483163932323455669e-01
2.501629623651504541e-01
2.695155438423156857e-01
3.956888556003570478e-01
3.556143748283386308e-01
3.913773308753967228e-01
3.602804173469543181e-01
4.156232424736022724e-01
3.564091950416564680e-01
2.830569481611251992e-01
3.572318411350250411e-01
2.936509319543838537e-01
2.399299061536789013e-01
2.936715807437896841e-01
2.755907773017883255e-01
2.525472213506698704e-01
3.050381107330322195e-01
3.082526748657226645e-01
3.606661095142364437e-01
3.316946513175964562e-01
3.372396614551544380e-01
3.082116398096084731e-01
3.361608431339264125e-01
2.993166865825653278e-01
2.744055982112884595e-01
3.144188187360763553e-01
2.829517311334610041e-01
2.905601471185684237e-01
2.123807828903198358e-01
2.698172271490096863e-01
2.482628969907760552e-01
2.339049932479858318e-01
