1.738529713821411082e+00
2.515585798740386791e-01
1.509766831874847504e-01
1.106298784494400000e-01
8.642398244142532326e-02
7.315428211688995708e-02
6.324461163878440650e-02
5.528042829036712569e-02
4.938230823278427079e-02
4.591186012625694118e-02
4.167337117195129420e-02
3.889130609631538671e-02
3.840575897693634250e-02
3.716626419425010652e-02
3.197889530658722113e-02
3.145826719403266997e-02
3.001926180124282750e-02
2.960820832252502449e-02
2.824051135778427035e-02
2.698807066679000805e-02
2.599129648208618054e-02
2.695444591641426094e-02
2.586089881956577310e-02
2.347153727412223945e-02
2.256368344128131809e-02
2.244787405431270672e-02
2.246642152965068820e-02
2.101609822809696188e-02
2.154291873276233810e-02
2.196844321489333993e-02
2.100368832051753912e-02
2.172990207076072600e-02
2.020985034406184988e-02
2.021991164386272369e-02
2.053378168940543994e-02
1.907361551523208479e-02
1.888509643673896843e-02
1.810275273025035991e-02
1.858413570821285110e-02
1.786072688698768507e-02
1.807420221269130656e-02
1.767759624421596371e-02
1.771935190856456857e-02
1.735002440214157213e-02
1.679137734770774770e-02
1.761706232130527336e-02
1.720066369473934043e-02
1.798029158115387049e-02
1.746805984973907530e-02
1.669353944361209874e-02
1.648969035744667078e-02
1.645648784935474507e-02
1.701832542717456737e-02
1.708838453292846685e-02
1.793580009639263173e-02
1.725120726525783410e-02
1.577252297699451369e-02
1.572824918329715840e-02
1.521019080281257700e-02
1.623513590097427212e-02
1.595095641016960192e-02
1.598949608802795533e-02
1.584863693863153289e-02
1.596301927268505005e-02
1.582443987131118904e-02
1.634835041761398267e-02
1.496592669785022818e-02
1.524506239145994105e-02
1.618911453485489052e-02
1.559669501185417112e-02
1.539024880826473166e-02
1.634062673151493242e-02
1.519272302389144957e-02
1.494277464896440547e-02
1.596256479918956722e-02
1.516505385637283328e-02
1.531727060973644278e-02
1.547289262712001762e-02
1.501024226844310805e-02
1.538157763034105237e-02
1.613708270192146244e-02
1.540240098237991365e-02
1.572376366108655873e-02
1.550309863388538330e-02
1.491644800901413027e-02
1.643273944854736421e-02
1.584827221930026897e-02
1.600910862088203435e-02
1.513290311396122030e-02
1.565581758320331446e-02
1.571361154317856001e-02
1.507194648385047978e-02
1.557140353620052424e-02
1.536115992963314053e-02
1.571798131763935125e-02
1.432145570814609588e-02
1.521343056261539525e-02
1.599683445394039019e-02
1.662485757917165838e-02
1.600834864675998795e-02
