1.738529658508300768e+00
2.515585829257965256e-01
1.509766801357269317e-01
1.106298810958862289e-01
8.642397918701172355e-02
7.315428402423858334e-02
6.324461441040038490e-02
5.528042895197868289e-02
4.938230632543563758e-02
4.591186269521713159e-02
4.167337021827697413e-02
3.889130474925041325e-02
3.840575698614120265e-02
3.716626380085945314e-02
3.197889436483383058e-02
3.145826615095138890e-02
3.001926437616348267e-02
2.960820935964584427e-02
2.824051383137702806e-02
2.698806999921798608e-02
2.599129285812377954e-02
2.695444953441619718e-02
2.586089815199375114e-02
2.347153553962707390e-02
2.256368345916271237e-02
2.244787397086620354e-02
2.246642262935638276e-02
2.101609886288642939e-02
2.154291610717773420e-02
2.196844273805618336e-02
2.100368684232234787e-02
2.172990130782127480e-02
2.020984652638435283e-02
2.021991153061390017e-02
2.053378627300262577e-02
1.907361737489700337e-02
1.888509499132633163e-02
1.810275258719921260e-02
1.858413718044757759e-02
1.786072512269019918e-02
1.807420221269130656e-02
1.767759687602520058e-02
1.771935104727745056e-02
1.735002095997333418e-02
1.679137758016586296e-02
1.761706163585186058e-02
1.720066231489181599e-02
1.798029127120971682e-02
1.746805973649024832e-02
1.669353968501090940e-02
1.648968777060508609e-02
1.645648785531520983e-02
1.701832237541675563e-02
1.708838362097740010e-02
1.793580288887023852e-02
1.725120990872383228e-02
1.577252184152603057e-02
1.572825127243995813e-02
1.521019011884927781e-02
1.623513465523719959e-02
1.595095382481813429e-02
1.598949847966432691e-02
1.584863871932029600e-02
1.596301781535148720e-02
1.582443802952766473e-02
1.634834978282451515e-02
1.496592371463775599e-02
1.524506184607744147e-02
1.618911445140838734e-02
1.559669277369976105e-02
1.539024817794561358e-02
1.634062622189521793e-02
1.519272175431251454e-02
1.494277198463678409e-02
1.596256211400031919e-02
1.516505410969257346e-02
1.531726813912391745e-02
1.547289234101772298e-02
1.501024307012558019e-02
1.538158007860183744e-02
1.613708575963973893e-02
1.540240282565355327e-02
1.572375924140214862e-02
1.550310103595256735e-02
1.491644403338432227e-02
1.643274040520191145e-02
1.584826846718788082e-02
1.600911117196083047e-02
1.513290264904498979e-02
1.565581305623054559e-02
1.571361272037029300e-02
1.507194982320070320e-02
1.557140429019928003e-02
1.536116013526916436e-02
1.571798254847526707e-02
1.432145561873912794e-02
1.521343278586864516e-02
1.599683725535869586e-02
1.662485986948013250e-02
1.600834652185439966e-02
