1.765291129302978490e+00
3.772182896614074687e-01
2.117025346994400037e-01
1.678847797632217476e-01
1.237791659951209960e-01
1.223268561005592392e-01
1.162104671239852921e-01
1.050509978294372621e-01
9.798503202199936035e-02
8.858453395366668037e-02
9.222437596321106379e-02
8.849619538784027351e-02
9.502848470211029686e-02
8.925621306896210083e-02
8.273416361212730663e-02
9.099356964230537193e-02
7.652542958259582473e-02
8.506000198125839018e-02
7.684383114576340268e-02
7.780836754441261549e-02
7.387638937234879133e-02
7.665266720652580412e-02
7.471162837147712898e-02
7.511884303689002340e-02
7.369071273803710909e-02
7.579550657868384944e-02
7.568119390010834280e-02
7.082109690308570349e-02
7.350548332929611461e-02
7.318998193144798936e-02
7.606458276510238981e-02
8.982003037929535416e-02
9.054078884124755477e-02
9.158740901947021174e-02
9.966080946922302453e-02
8.747041691541672381e-02
8.996331233978271946e-02
8.647203420996665835e-02
7.990660640597344044e-02
8.063523969650268630e-02
8.052232497930526811e-02
7.237111892700195948e-02
7.152387853264809137e-02
7.752603727579117365e-02
7.040613025426864513e-02
8.110996032357216390e-02
7.285511783957480947e-02
7.488576110005379372e-02
7.575928646922111542e-02
8.444847611784934982e-02
7.815123033523559137e-02
1.051889218211174010e-01
9.108039822578430089e-02
8.010453886985778593e-02
9.712899477481841404e-02
8.910023138523101571e-02
1.035786465764045733e-01
1.041034346818923984e-01
8.268152024745940853e-02
9.693018290996550934e-02
7.827945184707642279e-02
9.566351032257079667e-02
8.802140903472900624e-02
8.957554270029068066e-02
7.772078148126601582e-02
9.695249204635619789e-02
8.707859507799148302e-02
7.776221468448639429e-02
9.087738114595413086e-02
8.164066683053970708e-02
8.670449328422547008e-02
7.708030408620834828e-02
7.894244646430015333e-02
8.365576084852219263e-02
7.701123286485672681e-02
8.834848352670669758e-02
7.798567630052566368e-02
7.659027640223503575e-02
9.290656077861786377e-02
1.089764319777488666e-01
7.440061931014060881e-02
8.073385090827941979e-02
7.719213669300079017e-02
1.399828172922134295e-01
1.728243314504623318e-01
1.019448946475982609e-01
9.670038352012634564e-02
1.108059248566627547e-01
9.519682154655456641e-02
9.571987656950950440e-02
8.432744532823562011e-02
9.010012618303299414e-02
8.984317342042923149e-02
9.429342150688171942e-02
9.191594012975692896e-02
8.381553437709808596e-02
9.607861260771750900e-02
9.401636508107184820e-02
1.060334594130516034e-01
1.132159391283988903e-01
