2.207073820495605521e+00
1.477420969009399343e+00
1.162032205581664979e+00
9.791689035415649389e-01
8.554354008674621701e-01
6.785439099311828537e-01
6.059286246299743217e-01
5.506054709434509142e-01
4.693203510284423841e-01
4.410324504375457977e-01
3.733166769027709830e-01
3.448647269725799713e-01
3.861642313957214245e-01
2.970328201770782717e-01
3.300200736045837413e-01
2.833656651735305676e-01
2.596238719701767228e-01
2.588291534423828311e-01
2.379742652654647794e-01
2.853564898014068762e-01
2.730688704490661367e-01
2.489609838962554833e-01
2.739868579864501719e-01
2.468118975162506001e-01
2.415197007417678732e-01
2.636254088640213045e-01
3.191635741949081506e-01
2.329802014589309744e-01
2.508102670907974008e-01
2.651000851392745772e-01
2.756841491699218993e-01
1.998617465019225936e-01
3.383225732803344932e-01
2.124501235723495474e-01
2.370099231243133486e-01
2.384833783149719333e-01
2.406301329612731965e-01
2.919398563146591297e-01
2.605712374448776458e-01
2.373594664573669411e-01
2.873007078886032351e-01
2.883750737905502182e-01
2.715709750175476223e-01
2.481436223506927607e-01
2.374206853866577260e-01
2.466089138984680074e-01
2.441684261322021599e-01
2.863690098524093730e-01
2.857647706031799517e-01
2.578472150802612051e-01
2.825699867963790690e-01
2.832505763530731024e-01
2.744975543260574358e-01
2.652572672605514326e-01
2.455434063673019307e-01
2.261938478231430016e-01
2.322946769952773938e-01
2.593850188493728726e-01
2.169699300050735580e-01
3.779920369148254133e-01
2.915672134876250987e-01
2.586124906778335397e-01
3.055606836795806691e-01
2.887778318881988326e-01
2.259499614477157581e-01
2.550227629423141296e-01
2.442956448316574158e-01
3.083333269596099657e-01
2.383149049997329849e-01
2.203166498422622632e-01
3.114308831453323489e-01
2.931005346298217740e-01
2.765470503091811971e-01
2.666911847352981813e-01
2.284288796186447201e-01
2.934057338237762713e-01
2.195376735925674561e-01
4.573858816146850748e-01
2.669681011199951381e-01
2.689863086462020991e-01
2.417154431343078724e-01
2.179140797853469924e-01
2.150337274789810293e-01
2.601980487346648996e-01
3.129925899982452520e-01
3.375421652793884064e-01
2.411826492309570302e-01
3.381009512901306246e-01
2.469043589353561441e-01
3.232949143409729054e-01
2.378179665088653583e-01
2.519642607927322642e-01
2.651286118984222395e-01
3.070166504144668518e-01
2.082871877670288141e-01
2.598768023014068618e-01
2.459188922882080131e-01
2.565726490020752149e-01
2.694251125574111949e-01
2.327023659229278674e-01
