1.738529664993286206e+00
2.515585813999176024e-01
1.509766770839691130e-01
1.106298833847045859e-01
8.642397977113723539e-02
7.315428173542022627e-02
6.324461449980735284e-02
5.528043143153190536e-02
4.938230201601982033e-02
4.591186175346374798e-02
4.167337165474891553e-02
3.889130637645721311e-02
3.840575602650642129e-02
3.716626379489898491e-02
3.197889483571052238e-02
3.145826730132102872e-02
3.001926199197769290e-02
2.960820859670638960e-02
2.824051163792610022e-02
2.698806994855403735e-02
2.599129404127597728e-02
2.695444830060005070e-02
2.586089881360530834e-02
2.347153620719909586e-02
2.256368527412414698e-02
2.244787545204162543e-02
2.246642438173293913e-02
2.101609727442264527e-02
2.154291557073593003e-02
2.196844302415847799e-02
2.100368541479110882e-02
2.172990331351757134e-02
2.020984714627266018e-02
2.021991030275821846e-02
2.053378365337848663e-02
1.907361737787723402e-02
1.888509548008441771e-02
1.810275291800499120e-02
1.858413574099540555e-02
1.786072459220886324e-02
1.807420120537281058e-02
1.767759605646133589e-02
1.771934942901134610e-02
1.735002210438251619e-02
1.679137863814830767e-02
1.761706321239471518e-02
1.720066494047641642e-02
1.798029038906097388e-02
1.746805782020091971e-02
1.669353758394718015e-02
1.648969002962112282e-02
1.645648766458034443e-02
1.701832091212272802e-02
1.708838624656200400e-02
1.793580205738544431e-02
1.725121038854122296e-02
1.577252153456211101e-02
1.572825091183185572e-02
1.521019075512886065e-02
1.623513372987508627e-02
1.595095380991697412e-02
1.598949805349111561e-02
1.584863634854555281e-02
1.596301699578761904e-02
1.582443986833095492e-02
1.634835038781166233e-02
1.496592309772968275e-02
1.524506168514490161e-02
1.618911567330360429e-02
1.559669642150402109e-02
1.539024908691644621e-02
1.634062795042991525e-02
1.519272474050521911e-02
1.494277235269546485e-02
1.596255983412265753e-02
1.516505405902862473e-02
1.531726849079132098e-02
1.547289324104785847e-02
1.501024093031883173e-02
1.538157886862754828e-02
1.613708643317222566e-02
1.540240368545055423e-02
1.572375795096158865e-02
1.550310155749320962e-02
1.491644122004509056e-02
1.643274070620536972e-02
1.584827066361904277e-02
1.600911329090595400e-02
1.513290183246135748e-02
1.565581269562244318e-02
1.571361135393381167e-02
1.507194919884204815e-02
1.557140281796455354e-02
1.536115746796131061e-02
1.571798036098480053e-02
1.432145559489727063e-02
1.521343007087707505e-02
1.599683822393417262e-02
1.662486252337694315e-02
1.600834700763225510e-02
