1.996878337097167888e+00
1.416416666030883897e+00
1.243842402648925871e+00
1.144301589393615703e+00
1.021198686790466326e+00
9.153771793365478304e-01
8.618201352119445602e-01
7.828813701629638855e-01
7.202895588874816957e-01
6.950033162117004171e-01
6.961754652023315337e-01
6.732627614974975305e-01
5.967387257575988979e-01
7.045509035110473217e-01
6.787506475448608079e-01
6.522860697746276637e-01
6.226845014572143233e-01
5.744620343208313162e-01
5.520012742996215360e-01
5.756263673782349155e-01
5.969052726745605053e-01
5.802219161987304252e-01
4.918086601257324331e-01
6.047477309226989561e-01
4.891440625190734970e-01
5.681117015838622608e-01
6.069990198135375437e-01
6.292998879432678550e-01
5.529973080635071092e-01
5.560498004913330128e-01
6.493173898696898982e-01
5.211592509269714624e-01
6.116878610610961831e-01
5.855521652221680196e-01
5.430692668914794963e-01
5.629950515747070838e-01
6.448138396263122241e-01
6.121601743698119602e-01
5.925412458419799799e-01
5.794978562355042051e-01
5.919301778793334412e-01
7.031185437202454036e-01
7.872649148941039954e-01
5.715105011940002644e-01
7.179310016632080016e-01
6.754248251914978241e-01
5.862605937957763302e-01
4.848878992080688510e-01
6.906091918945312935e-01
6.833240606307983134e-01
6.060324780464172445e-01
6.020911768913268514e-01
7.223659429550171041e-01
6.454144979476929000e-01
5.928062822341918503e-01
5.820196792602538860e-01
6.571420701980590362e-01
6.495887241363524911e-01
5.672266282081603883e-01
6.944226247787476103e-01
6.218095507621764773e-01
6.635562915802002415e-01
6.496168986320495220e-01
6.610460219383239577e-01
6.493638271331787504e-01
5.801700684547423936e-01
8.364857687950134624e-01
7.387334907531738493e-01
6.838792453765869528e-01
6.990548179626464576e-01
7.238263265609741204e-01
6.000747859001159812e-01
5.950658457756042852e-01
6.071533308029174458e-01
4.677638567924499724e-01
5.714252697944640635e-01
6.412043172836303651e-01
8.228103981971740533e-01
6.244969411849975449e-01
8.736947703361511719e-01
7.338118029594421499e-01
6.615799975395202370e-01
6.585055777549743139e-01
5.520933349609374874e-01
6.632741334915160936e-01
6.124696987152099537e-01
6.833627050399779801e-01
5.341374098777771362e-01
6.898559822082519499e-01
6.169180224418640002e-01
6.832255250930786561e-01
4.946460713386535701e-01
4.941260819435119855e-01
6.099273329734802296e-01
5.696552830696105518e-01
5.776105049133301028e-01
5.724917397499084126e-01
5.691789967536926564e-01
6.000823093414306975e-01
5.977521293640136735e-01
