1.738529652786254820e+00
2.515585737705230973e-01
1.509766793251037520e-01
1.106298845529556235e-01
8.642398320436477099e-02
7.315428193807602120e-02
6.324461517333984650e-02
5.528043115139007896e-02
4.938230488896369619e-02
4.591186184287070898e-02
4.167337042093276905e-02
3.889130533337593204e-02
3.840575544834137073e-02
3.716626514196395836e-02
3.197889463305473440e-02
3.145826604962349143e-02
3.001926046609878704e-02
2.960821070075034950e-02
2.824051374793052835e-02
2.698807266950607395e-02
2.599129395186900934e-02
2.695444782376289414e-02
2.586089996397495164e-02
2.347153440117836012e-02
2.256368330717086965e-02
2.244787587523460262e-02
2.246642191112041553e-02
2.101609771251678610e-02
2.154291772842407277e-02
2.196844111680984479e-02
2.100368747711181538e-02
2.172990087568759873e-02
2.020984600186347818e-02
2.021991158425807955e-02
2.053378494083881248e-02
1.907361637651920280e-02
1.888509427011013028e-02
1.810275292992591725e-02
1.858413746356964158e-02
1.786072540581226317e-02
1.807420102059840994e-02
1.767759849131107439e-02
1.771935066580772322e-02
1.735002125203609358e-02
1.679137768745422518e-02
1.761706012785434552e-02
1.720066297948360384e-02
1.798028966784477253e-02
1.746806001365184755e-02
1.669353792071342352e-02
1.648969107866287212e-02
1.645648852586746244e-02
1.701832182407379129e-02
1.708838400542736155e-02
1.793580105900764374e-02
1.725120822489261546e-02
1.577252317667007450e-02
1.572825205475092067e-02
1.521018929928541139e-02
1.623513578176498384e-02
1.595095382928848199e-02
1.598949580043554364e-02
1.584863669276237452e-02
1.596301763951778543e-02
1.582443805336952378e-02
1.634835145175456833e-02
1.496592452824115765e-02
1.524506051838397935e-02
1.618911392986774334e-02
1.559669377207755989e-02
1.539024884551763554e-02
1.634062955379485954e-02
1.519272358417510932e-02
1.494277271628379790e-02
1.596256233155727428e-02
1.516505516171455341e-02
1.531726709306240053e-02
1.547289155423641274e-02
1.501024395525455551e-02
1.538157763034105237e-02
1.613708656728267757e-02
1.540240603238344184e-02
1.572376044243574064e-02
1.550310290455818134e-02
1.491644493341445950e-02
1.643274075984954910e-02
1.584827208518982053e-02
1.600911043882369961e-02
1.513290428817272264e-02
1.565581426322460237e-02
1.571361286640167096e-02
1.507194858342409197e-02
1.557140253186225891e-02
1.536115860044956136e-02
1.571798311769962223e-02
1.432145705819129998e-02
1.521343083679676036e-02
1.599683705270290440e-02
1.662486039549112421e-02
1.600834552645683320e-02
