1.497751314735412675e+00
4.900331154346466156e-01
2.743629663705826061e-01
2.025620995044708217e-01
1.595785708069801245e-01
1.313948081374168297e-01
1.234610266447067201e-01
1.086967413902282659e-01
9.324001071453094647e-02
8.730989283323288552e-02
7.985737528800963825e-02
8.987121667861938668e-02
7.626014146208763556e-02
7.623118520379065788e-02
7.369673199653625772e-02
7.095726636052131220e-02
7.589910675287246666e-02
7.481742807030677955e-02
7.055190764665603131e-02
7.220354245901107471e-02
7.391912910342215981e-02
7.129465459585189457e-02
6.128771223425864834e-02
6.805610219240187941e-02
7.380088892579078630e-02
6.814505948424338933e-02
6.138060503005981355e-02
7.565470488667487559e-02
8.474961498379707248e-02
7.662624529600144119e-02
7.726009317636489682e-02
7.655606511235236999e-02
7.696209883689880682e-02
8.446842009425163667e-02
6.818887665867805203e-02
6.819620354175567889e-02
7.953346528410910887e-02
7.304547817111015084e-02
7.058822373747825063e-02
7.230022113323211763e-02
7.120999767184257867e-02
7.638414358496666001e-02
7.511552653312683625e-02
8.089209566712379784e-02
8.928053338527679184e-02
7.289509801268577449e-02
7.999723672866820845e-02
7.809074760079383337e-02
7.234125227332115216e-02
8.051220986843109217e-02
7.523429613113402636e-02
7.100716906785964344e-02
7.662490853071213248e-02
7.867012584805488373e-02
8.487448585033416371e-02
8.042921755313872656e-02
7.468607996702193719e-02
8.785189528465270348e-02
8.298095861673354667e-02
7.626599680781363799e-02
1.080598728656768787e-01
9.750593591928481685e-02
8.940403797626494953e-02
9.174521684646606834e-02
8.865847190618514340e-02
8.932818523645401354e-02
7.981120786666870415e-02
7.976297330856323142e-02
7.498716008663176835e-02
7.923710798025131175e-02
9.193505976200103125e-02
7.822301588058472310e-02
7.361289318799972559e-02
1.234044999122619612e-01
8.123218043446540915e-02
8.092238088846206989e-02
9.888708416223525310e-02
7.650633177757262815e-02
8.909040868282318282e-02
8.285869914293289562e-02
8.090162870287895269e-02
7.866963285207748124e-02
8.031903605461120088e-02
9.609614019393920847e-02
7.811832185387611316e-02
7.636337359547615278e-02
7.692644910812378167e-02
8.424452488422393137e-02
1.029768844008445705e-01
9.729431167840957295e-02
8.654067904353142382e-02
1.219619871258735694e-01
8.525547630786896314e-02
7.861581397056580101e-02
9.044507005214691420e-02
9.513130825757980247e-02
7.927355580329895068e-02
8.385722866058349656e-02
8.309765640497207562e-02
7.974571673870087252e-02
