4.915999999999999814e-01
8.510999999999999677e-01
9.294999999999999929e-01
9.465000000000000080e-01
9.526999999999999913e-01
9.599999999999999645e-01
9.606000000000000094e-01
9.657999999999999918e-01
9.698999999999999844e-01
9.726000000000000201e-01
9.752999999999999448e-01
9.704000000000000403e-01
9.758000000000000007e-01
9.761999999999999567e-01
9.758999999999999897e-01
9.778000000000000025e-01
9.757000000000000117e-01
9.756000000000000227e-01
9.766000000000000236e-01
9.769999999999999796e-01
9.757000000000000117e-01
9.777000000000000135e-01
9.804000000000000492e-01
9.776000000000000245e-01
9.775000000000000355e-01
9.782999999999999474e-01
9.808000000000000052e-01
9.768999999999999906e-01
9.737999999999999989e-01
9.767000000000000126e-01
9.772999999999999465e-01
9.768000000000000016e-01
9.768999999999999906e-01
9.751999999999999558e-01
9.809999999999999831e-01
9.790999999999999703e-01
9.755000000000000338e-01
9.781999999999999584e-01
9.782999999999999474e-01
9.788000000000000034e-01
9.787000000000000144e-01
9.777000000000000135e-01
9.789999999999999813e-01
9.758999999999999897e-01
9.744000000000000439e-01
9.791999999999999593e-01
9.784000000000000474e-01
9.769999999999999796e-01
9.804000000000000492e-01
9.758999999999999897e-01
9.791999999999999593e-01
9.795000000000000373e-01
9.784000000000000474e-01
9.775000000000000355e-01
9.764000000000000457e-01
9.772999999999999465e-01
9.784000000000000474e-01
9.758999999999999897e-01
9.775000000000000355e-01
9.779999999999999805e-01
9.708999999999999853e-01
9.727999999999999980e-01
9.778999999999999915e-01
9.740999999999999659e-01
9.758000000000000007e-01
9.765000000000000346e-01
9.797000000000000153e-01
9.786000000000000254e-01
9.804000000000000492e-01
9.798999999999999932e-01
9.755000000000000338e-01
9.788000000000000034e-01
9.808000000000000052e-01
9.669999999999999707e-01
9.778999999999999915e-01
9.778999999999999915e-01
9.740999999999999659e-01
9.802999999999999492e-01
9.750999999999999668e-01
9.772999999999999465e-01
9.777000000000000135e-01
9.788000000000000034e-01
9.784000000000000474e-01
9.752999999999999448e-01
9.798999999999999932e-01
9.805000000000000382e-01
9.798000000000000043e-01
9.784000000000000474e-01
9.739999999999999769e-01
9.736000000000000210e-01
9.769999999999999796e-01
9.695000000000000284e-01
9.771999999999999575e-01
9.788999999999999924e-01
9.751999999999999558e-01
9.762999999999999456e-01
9.806000000000000272e-01
9.767000000000000126e-01
9.778999999999999915e-01
9.802999999999999492e-01
