1.738529677200317369e+00
2.515585768222808882e-01
1.509766735792160142e-01
1.106298803329467811e-01
8.642398071289061900e-02
7.315427982807160001e-02
6.324461193084716937e-02
5.528043038845062429e-02
4.938230659365654140e-02
4.591186269521713159e-02
4.167336860299110379e-02
3.889130599498748925e-02
3.840575620532035717e-02
3.716626331210136358e-02
3.197889329195022917e-02
3.145826777815818875e-02
3.001926342248916607e-02
2.960820878744125501e-02
2.824051488041877736e-02
2.698807113170623856e-02
2.599129433333873668e-02
2.695444729626178884e-02
2.586089900434017028e-02
2.347153520286083053e-02
2.256368297040462628e-02
2.244787545204162543e-02
2.246642339229583743e-02
2.101609770953655199e-02
2.154291519224643681e-02
2.196844244897365461e-02
2.100368522405624341e-02
2.172990292906761337e-02
2.020984628200531152e-02
2.021991049051284628e-02
2.053378351032733931e-02
1.907361660599708394e-02
1.888509551584720628e-02
1.810275369286537192e-02
1.858413827419281086e-02
1.786072521805763189e-02
1.807420159876346744e-02
1.767759544849395806e-02
1.771935057044029399e-02
1.735002033710479619e-02
1.679137768447399107e-02
1.761706356108188459e-02
1.720066527426242914e-02
1.798029052317142579e-02
1.746805566847324520e-02
1.669353793859481780e-02
1.648969009816646583e-02
1.645649041831493548e-02
1.701832088232040421e-02
1.708838352859020152e-02
1.793580126762389995e-02
1.725120821595192006e-02
1.577252177298069102e-02
1.572825152426958126e-02
1.521019025892019275e-02
1.623513527512550347e-02
1.595095304250717175e-02
1.598949926346540304e-02
1.584863587468862689e-02
1.596301664113998486e-02
1.582443937063216996e-02
1.634834941029548669e-02
1.496592433154582923e-02
1.524506319314241493e-02
1.618911497294902788e-02
1.559669723510742102e-02
1.539025010913610408e-02
1.634062731266021709e-02
1.519272422194480922e-02
1.494277316480874945e-02
1.596256262063979955e-02
1.516505621373653336e-02
1.531726654171943619e-02
1.547289449274539923e-02
1.501024278104305318e-02
1.538157826066017218e-02
1.613708702921867397e-02
1.540240341275930444e-02
1.572375836521387044e-02
1.550310332775116026e-02
1.491644436120987023e-02
1.643274016380310079e-02
1.584827196896076290e-02
1.600910881459713039e-02
1.513290305137634205e-02
1.565581505894660802e-02
1.571361175179481623e-02
1.507194912135600973e-02
1.557140289247035958e-02
1.536115837097168021e-02
1.571798210740089560e-02
1.432145504355430629e-02
1.521343136131763502e-02
1.599683843553066295e-02
1.662486111968755620e-02
1.600834481418132726e-02
