2.914999999999999813e-01
9.328999999999999515e-01
9.584000000000000297e-01
9.683000000000000496e-01
9.752999999999999448e-01
9.796000000000000263e-01
9.821999999999999620e-01
9.842999999999999527e-01
9.850999999999999757e-01
9.871999999999999664e-01
9.886000000000000343e-01
9.893999999999999462e-01
9.891999999999999682e-01
9.883999999999999453e-01
9.915000000000000480e-01
9.915000000000000480e-01
9.919000000000000039e-01
9.911999999999999700e-01
9.911999999999999700e-01
9.919000000000000039e-01
9.913999999999999480e-01
9.920999999999999819e-01
9.921999999999999709e-01
9.925000000000000488e-01
9.927000000000000268e-01
9.926000000000000378e-01
9.929999999999999938e-01
9.926000000000000378e-01
9.922999999999999599e-01
9.918000000000000149e-01
9.929000000000000048e-01
9.926000000000000378e-01
9.930999999999999828e-01
9.928000000000000158e-01
9.930999999999999828e-01
9.938000000000000167e-01
9.939999999999999947e-01
9.940999999999999837e-01
9.931999999999999718e-01
9.933999999999999497e-01
9.937000000000000277e-01
9.938000000000000167e-01
9.937000000000000277e-01
9.942999999999999616e-01
9.938000000000000167e-01
9.946000000000000396e-01
9.948000000000000176e-01
9.943999999999999506e-01
9.939000000000000057e-01
9.942999999999999616e-01
9.947000000000000286e-01
9.941999999999999726e-01
9.942999999999999616e-01
9.939999999999999947e-01
9.940999999999999837e-01
9.937000000000000277e-01
9.947000000000000286e-01
9.943999999999999506e-01
9.948000000000000176e-01
9.947000000000000286e-01
9.949000000000000066e-01
9.948000000000000176e-01
9.951999999999999735e-01
9.948000000000000176e-01
9.948000000000000176e-01
9.948000000000000176e-01
9.950999999999999845e-01
9.952999999999999625e-01
9.947000000000000286e-01
9.948000000000000176e-01
9.949000000000000066e-01
9.949000000000000066e-01
9.949000000000000066e-01
9.950999999999999845e-01
9.950999999999999845e-01
9.951999999999999735e-01
9.947000000000000286e-01
9.950999999999999845e-01
9.949000000000000066e-01
9.946000000000000396e-01
9.952999999999999625e-01
9.949000000000000066e-01
9.948000000000000176e-01
9.948000000000000176e-01
9.949000000000000066e-01
9.950999999999999845e-01
9.945000000000000506e-01
9.943999999999999506e-01
9.951999999999999735e-01
9.947000000000000286e-01
9.948000000000000176e-01
9.947000000000000286e-01
9.949999999999999956e-01
9.949999999999999956e-01
9.949999999999999956e-01
9.952999999999999625e-01
9.955000000000000515e-01
9.948000000000000176e-01
9.948000000000000176e-01
9.951999999999999735e-01
