1.318561132812499981e+00
3.571292216300964162e-01
2.069951510667800976e-01
1.460165145039558354e-01
1.334603226780891327e-01
1.191710793972015348e-01
9.246134881377220116e-02
1.001415652871131962e-01
8.676936252117156689e-02
7.566740213632583423e-02
8.475057606697082579e-02
7.843374611735344504e-02
7.216164893507957812e-02
9.399405590891837803e-02
7.726448869109153739e-02
9.878894993066787700e-02
9.267703337073325554e-02
8.157855519056320115e-02
7.669391494989395708e-02
8.678115346431732047e-02
9.063361330032349006e-02
8.542186650037765505e-02
8.116663462519645156e-02
7.609434778094291418e-02
6.743054688572883149e-02
8.141145794987678097e-02
7.087471016645431610e-02
7.401627474427223408e-02
8.251300084590912354e-02
7.874278703331946683e-02
8.861648827791214489e-02
7.935732000470160918e-02
7.673325147628784482e-02
9.063997847437858801e-02
7.403603971600532241e-02
7.267585747241973870e-02
8.342766394019127119e-02
1.006867305815219854e-01
7.569534350633620734e-02
9.389802637696266496e-02
8.576157630085945449e-02
7.453268213868141645e-02
8.608940359354019800e-02
7.602686723470687691e-02
8.647464939355850588e-02
8.662154787778854337e-02
7.557103076577185996e-02
7.460523987412452651e-02
9.271533061265944953e-02
1.059855813205242137e-01
7.792417237758636483e-02
1.114214716315269499e-01
9.052167298793792338e-02
8.687912868261336852e-02
9.953911790847778940e-02
9.738649127483367529e-02
1.144975845456123326e-01
1.371523789763450518e-01
8.325471869111060463e-02
8.181233749985694637e-02
7.797704185843468139e-02
7.841075114011764047e-02
8.435147820711136335e-02
1.180579468965530371e-01
8.409796391725540832e-02
9.624762381315231374e-02
1.086621892809867818e-01
1.045099809348583181e-01
8.881880756616591932e-02
1.055686694025993327e-01
1.051414457917213413e-01
9.727815886735916018e-02
1.165141472101211551e-01
8.455696379542350372e-02
9.466309663653373063e-02
9.245675184130668078e-02
8.654268996715545892e-02
9.758943334221839572e-02
9.652863537073134992e-02
1.153288557171821549e-01
8.203378891944884677e-02
9.778348376750946314e-02
7.726079319715499494e-02
9.380757356882095388e-02
1.046507402181625357e-01
1.031401661396026542e-01
1.015240275979042012e-01
8.992709383964538061e-02
9.523629461526871010e-02
1.059855960488319399e-01
1.753672747373580809e-01
1.144229935526847874e-01
1.031576199412345823e-01
1.132806353569030811e-01
8.803880151510239116e-02
1.054155419707298313e-01
1.061588537335395876e-01
1.054612171292304973e-01
1.005564541816711399e-01
1.046174862980842613e-01
