1.738529567337036230e+00
2.515585875034332397e-01
1.509766820669174170e-01
1.106298845529556235e-01
8.642398223876952834e-02
7.315427924394607428e-02
6.324461050629616443e-02
5.528042695522308175e-02
4.938230602145195214e-02
4.591186136007308766e-02
4.167337375283241413e-02
3.889130771160125705e-02
3.840575745105743316e-02
3.716626534461975329e-02
3.197889339923858792e-02
3.145826596021652349e-02
3.001926152110099763e-02
2.960820916891097887e-02
2.824051516652107199e-02
2.698807166516780862e-02
2.599129427671432666e-02
2.695444763302802874e-02
2.586089968979358653e-02
2.347153391838073880e-02
2.256368402540683687e-02
2.244787486791610664e-02
2.246642214059829668e-02
2.101609618663787676e-02
2.154291577041149083e-02
2.196844260096550080e-02
2.100368694365024533e-02
2.172990345358848455e-02
2.020984795093536471e-02
2.021991039216518293e-02
2.053378465473651784e-02
1.907361761629581404e-02
1.888509447276592174e-02
1.810275344848632714e-02
1.858413661420345309e-02
1.786072378158569396e-02
1.807420115172863120e-02
1.767759701311588313e-02
1.771935229003429244e-02
1.735002177059650347e-02
1.679137938022613394e-02
1.761706161201000154e-02
1.720066533684730392e-02
1.798029128909111110e-02
1.746805894076824267e-02
1.669353870451450311e-02
1.648969032764434697e-02
1.645648899376392360e-02
1.701832309365272633e-02
1.708838378787040646e-02
1.793579732477664987e-02
1.725120879709720473e-02
1.577252317368984386e-02
1.572824934571981359e-02
1.521019049584865571e-02
1.623513286709785466e-02
1.595095533728599704e-02
1.598949813097715403e-02
1.584863714128732781e-02
1.596301950812339943e-02
1.582443840205669319e-02
1.634835057854652426e-02
1.496592480838298753e-02
1.524506211727857594e-02
1.618911484479904073e-02
1.559669558405876212e-02
1.539025013744831083e-02
1.634062597751617316e-02
1.519272536635398949e-02
1.494277236014604493e-02
1.596256230771541523e-02
1.516505712270736772e-02
1.531726627647876822e-02
1.547289076447486839e-02
1.501024193167686469e-02
1.538157822638750068e-02
1.613708615601062643e-02
1.540240017473697674e-02
1.572376086860895195e-02
1.550309979021549309e-02
1.491644459962844851e-02
1.643273637890815819e-02
1.584827324151992858e-02
1.600911143422126606e-02
1.513290317952632920e-02
1.565581124722957573e-02
1.571361086517572558e-02
1.507195038497448000e-02
1.557140333950519581e-02
1.536115908920764918e-02
1.571798043251037766e-02
1.432145717740058825e-02
1.521343137025833216e-02
1.599683769643306733e-02
1.662486144751310416e-02
1.600834664404392205e-02
