2.124313491058349435e+00
9.220230199813842509e-01
8.023045104026794716e-01
7.300912427902221946e-01
7.260497124671936309e-01
6.737832395553589038e-01
7.083646775245666660e-01
6.804088757514953345e-01
7.114464157104491981e-01
7.026898546218871555e-01
6.710141173362731415e-01
7.247764101028442152e-01
7.505918700218200401e-01
7.527198865890503132e-01
7.133217410087585586e-01
7.446281356811523811e-01
7.286294661521911520e-01
7.379139262199402305e-01
7.775950943946838834e-01
7.817784661293030180e-01
8.640621715545654391e-01
8.228234257698059384e-01
8.407666517257690320e-01
8.126198488235473194e-01
8.466742696762085130e-01
8.711949520111084144e-01
8.279162821769714409e-01
8.144934876441956018e-01
8.494117088317870712e-01
8.882629533767699703e-01
8.487834550857543681e-01
8.366439747810363592e-01
9.204972337722778786e-01
8.252084968566893997e-01
8.019274236679077017e-01
8.449770473480224808e-01
8.761560708999633906e-01
8.912555879592894970e-01
9.157477941513061381e-01
9.368760801315307862e-01
9.048533361434936140e-01
8.987859043121337876e-01
9.977067783355713093e-01
9.204244102478027489e-01
8.428171250343322596e-01
9.690631488800048876e-01
8.694883155822753507e-01
8.577097209930419908e-01
8.672943986892700519e-01
8.383684005737305212e-01
8.334784681320190902e-01
8.979977340698241939e-01
9.051033409118652839e-01
9.109722557067870818e-01
9.242265642166137551e-01
9.028269134521483830e-01
9.253824073791503402e-01
9.021679708480835336e-01
8.466196657180785623e-01
1.025527935600280660e+00
9.034908143997192331e-01
8.985868307113646924e-01
9.429173074722290160e-01
9.509472143173217651e-01
8.391925460815429227e-01
8.814461406707763125e-01
8.984115934371947887e-01
9.183882297515869597e-01
8.496672283172607143e-01
8.917711391448974734e-01
9.284020391464233857e-01
9.064530183792114393e-01
9.297748352050780873e-01
1.073638752937316809e+00
1.100602711486816432e+00
1.004293383216857904e+00
1.022429675865173415e+00
9.486843654632568512e-01
9.051204063415527745e-01
1.022690151596069352e+00
9.592168542861938541e-01
9.154630388259887841e-01
9.292501586914062583e-01
8.327224974632263521e-01
9.873824363708496588e-01
9.475272506713867671e-01
9.702510759353637493e-01
9.399397092819213873e-01
9.133229246139525914e-01
1.066965354347229056e+00
1.064273545265197685e+00
9.992090538024902546e-01
9.726470357894897445e-01
1.054785082244872996e+00
1.026464796447754013e+00
1.022314463806152318e+00
9.481124940872192042e-01
9.446773731231689064e-01
9.185281047821044487e-01
1.172445128059387276e+00
