5.644879179795120550e+00
1.529976155599593213e+00
1.702296093708862923e+00
1.029954245253556833e+00
1.163248231603809968e+00
2.228276433836979376e+00
1.766935354938402369e+00
1.258422768895648636e+00
9.068767365014261950e-01
1.268067220420285190e+00
1.944942661808897633e+00
1.352698677251533033e+00
1.471329986565540482e+00
1.585151088844819256e+00
1.621585187766769742e+00
1.212612947849886824e+00
1.255107077609522559e+00
1.377108875477962791e+00
2.044822344706169304e+00
4.190188164390805881e+00
1.159125039176350569e+00
1.606942812621563688e+00
1.071551640868127375e+00
2.343815714323588928e+00
9.078593660579343805e-01
1.470406594421645785e+00
1.105842137658114011e+00
1.085311370912457551e+00
9.809929419325639222e-01
1.460312736552177082e+00
2.068865439160371356e+00
1.704122667424510906e+00
1.600513303273925159e+00
2.966477521228837677e+00
9.420423137742879760e+00
1.270474944321798603e+03
6.498151586306906893e+02
1.188823989891018016e+02
1.371796082450459142e+00
1.206433514744058133e+00
7.892927182536094710e-01
1.290028834545308811e+00
1.199710412928299830e+00
9.867988602852023616e-01
1.169582899367874740e+00
1.065969858179078189e+00
9.793038087312543327e-01
2.952278420738262188e+00
9.776948827299783984e-01
1.014699013960462581e+00
