6.965108023187367436e+00
1.519978945932564551e+00
1.044605631442648397e+00
1.074546832355093517e+00
8.682659316289085272e-01
8.424404742297564308e-01
9.132509902900776133e-01
1.056257203883429696e+00
1.094921978991209022e+00
1.237839222966107044e+00
9.763369503106942293e-01
8.405882315342865230e-01
1.207259385275114782e+00
1.120690980882449450e+00
9.068430771068282104e-01
1.053333616113876881e+00
9.087522589321203048e-01
9.658637934188156748e-01
1.558949185917511970e+00
1.368370180420440008e+00
1.982666918354158314e+00
1.238734710115346083e+00
9.346783730725437556e-01
1.290138438202652837e+00
1.099331907909391504e+00
1.144694675461268796e+00
1.105048461372234447e+00
1.015477333197400966e+00
1.134272247270173617e+00
1.330144971713267399e+00
1.446045754495050240e+00
1.291012520321118906e+00
1.146929780185907077e+00
1.247430513337202340e+00
1.502162988222782047e+00
1.294641474575265461e+00
1.403014430509349264e+00
1.555526141339519608e+00
1.386099408581086712e+00
1.221289544241224823e+00
1.501737312858722584e+00
1.184520284711749305e+00
1.341951225051508434e+00
1.205352001706778919e+00
2.011751820906602539e+00
1.388046645546816560e+00
1.194755471056244467e+00
1.844260171546795668e+00
1.280952349104288457e+00
1.333354031628986247e+00
