6.694957563654517774e-01
5.426859710434348560e-01
6.115826260609086296e-01
6.789815277084373379e-01
6.879680479281078398e-01
6.170743884173739424e-01
6.100848726909635644e-01
5.691462805791313029e-01
6.744882675986021425e-01
6.909635546679979701e-01
7.513729405891163005e-01
7.443834248627059225e-01
5.506739890164752405e-01
7.628557164253619849e-01
7.458811782326509876e-01
7.149276085871193454e-01
7.473789316025960527e-01
7.204193709435846582e-01
7.603594608087868023e-01
6.100848726909635644e-01
6.660009985022465884e-01
7.498751872191712353e-01
7.613579630554169198e-01
7.368946580129804858e-01
7.319021467798302316e-01
7.059410883674488435e-01
7.423864203694457986e-01
7.393909136295556683e-01
7.603594608087868023e-01
7.603594608087868023e-01
7.234148776834747885e-01
7.154268597104342930e-01
7.508736894658013528e-01
7.059410883674488435e-01
7.408886669995007335e-01
7.568647029455816133e-01
7.343984023964054142e-01
6.914628057913130288e-01
7.563654518222665546e-01
7.518721917124313592e-01
7.508736894658013528e-01
6.635047428856715168e-01
7.548676984523214895e-01
7.668497254118821216e-01
7.019470793809285958e-01
7.039440838741887196e-01
6.370444333499750700e-01
7.523714428357464179e-01
6.714927608587119012e-01
7.373939091362955445e-01
