6.694957563654517774e-01
6.704942586120818948e-01
6.709935097353969535e-01
6.749875187219170902e-01
6.974538192710934004e-01
6.225661507738392553e-01
6.839740389415875921e-01
6.295556665002496333e-01
3.185222166749875350e-01
4.523215177234148898e-01
4.343484772840738861e-01
5.776335496754867460e-01
6.769845232151772141e-01
6.719920119820269599e-01
6.679980029955067122e-01
6.250624063904143268e-01
4.977533699450824023e-01
4.877683474787818385e-01
5.926110833749376194e-01
2.491263105341987028e-01
4.767848227658512128e-01
6.365451822266600113e-01
6.170743884173739424e-01
5.077383924113829661e-01
6.030953569645531864e-01
6.769845232151772141e-01
6.889665501747378462e-01
6.674987518721917645e-01
6.744882675986021425e-01
4.717923115327009587e-01
3.599600599101347997e-01
5.531702446330504230e-01
6.355466799800300048e-01
6.475287069395906370e-01
6.065901148277583754e-01
6.025961058412381277e-01
3.080379430853719680e-01
2.211682476285571630e-01
3.175237144283574731e-01
5.731402895656515506e-01
6.555167249126310214e-01
6.175736395406890011e-01
6.545182226660010150e-01
6.694957563654517774e-01
6.689965052421368297e-01
6.020968547179230690e-01
5.741387918122815570e-01
6.395406889665501415e-01
6.615077383924113930e-01
6.530204692960559498e-01
