2.410119817397383901e+00
5.200145297723297588e+00
3.095239033118165395e+00
4.213938528099955505e+00
2.363840501902404689e+00
1.924869168953364795e+00
1.522089088790367972e+00
1.821998218120007396e+00
3.872058116371966285e+00
6.268019708584858130e+00
3.325532555639654664e+00
3.056605339288354539e+00
1.470521479181450530e+01
1.024194451575867326e+01
1.541433550867508329e+00
1.571629496377763058e+00
1.717660756927695820e+00
1.785366288793128753e+00
2.011294534071885742e+00
4.727941298330062381e+00
2.045777378710757599e+00
1.405184434285118744e+00
1.449945385254923336e+00
2.209804890933062982e+00
1.460803400083476200e+00
1.200828034343329076e+00
1.218777480270644809e+00
1.690592612853600185e+00
1.901512256099531450e+00
1.846563105218956835e+00
2.254371856309983269e+00
1.503698843512247141e+00
1.289861811796427338e+00
1.504348121996349708e+00
1.768838091903606635e+00
2.234121107186190169e+00
5.275139573450036146e+00
1.067695603344479771e+01
5.363695556499692429e+00
2.722983674055567072e+00
1.435744116797901926e+00
1.393847451231447598e+00
1.618754863619982887e+00
1.627678706297205569e+00
1.573573851311617533e+00
2.733318361709907052e+00
2.437021959679042116e+00
1.850583592594354343e+00
1.524533888368801771e+00
1.399148975201862433e+00
