5.644880518939805469e+00
1.529976075610933517e+00
1.702296078472927743e+00
1.029953390374757305e+00
1.163248395390112933e+00
2.228276502644188639e+00
1.766935126399374889e+00
1.258422728127619017e+00
9.068765126045977842e-01
1.268067201970519919e+00
1.944942602769648810e+00
1.352699079456415099e+00
1.471329582947168202e+00
1.585151015135031427e+00
1.621585180148802152e+00
1.212612844486565145e+00
1.255107172834117435e+00
1.377108863812949835e+00
2.044822283762428583e+00
4.190189285511620731e+00
1.159125027392306828e+00
1.606942792445852808e+00
1.071551551178462347e+00
2.343816070206913516e+00
9.078596785136359149e-01
1.470406579185710605e+00
1.105842027554676310e+00
1.085311272355002021e+00
9.809930762587578679e-01
1.460312811184453219e+00
2.068865508518097585e+00
1.704122655997559521e+00
1.600513455633276738e+00
2.966477306021253924e+00
9.420423119650205734e+00
1.270474787818272489e+03
6.498159055571759382e+02
1.188823800927332144e+02
1.371796071380599891e+00
1.206433536288622710e+00
7.892926416275682922e-01
1.290028769375976880e+00
1.199710665340430804e+00
9.867985757719678341e-01
1.169582977333011753e+00
1.065970236161204010e+00
9.793038088502850069e-01
2.952276921427017697e+00
9.776945683697849665e-01
1.014699132991206065e+00
