6.694957563654517774e-01
6.709935097353969535e-01
6.679980029955067122e-01
6.655017473789316407e-01
5.796305541687468699e-01
4.263604593110334462e-01
1.522715926110833617e-01
2.885671492760858436e-01
5.327009485771343478e-01
5.217174238642037221e-01
6.510234648027958260e-01
6.005991013479780039e-01
6.070893659510734341e-01
6.510234648027958260e-01
6.660009985022465884e-01
5.841238142785821763e-01
6.660009985022465884e-01
7.039440838741887196e-01
6.709935097353969535e-01
6.809785322016974618e-01
7.049425861208187261e-01
7.059410883674488435e-01
6.689965052421368297e-01
6.515227159261108847e-01
5.561657513729405533e-01
5.556665002496256056e-01
6.035946080878682451e-01
6.315526709935097571e-01
6.470294558162755783e-01
6.460309535696455718e-01
6.070893659510734341e-01
6.080878681977034406e-01
6.734897653519720251e-01
7.024463305042436545e-01
6.794807788317523967e-01
6.794807788317523967e-01
6.829755366949575857e-01
6.814777833250125205e-01
6.505242136794807672e-01
6.290564153769345745e-01
7.019470793809285958e-01
6.510234648027958260e-01
6.075886170743883818e-01
6.575137294058911452e-01
6.904643035446830224e-01
6.170743884173739424e-01
6.175736395406890011e-01
6.679980029955067122e-01
6.640039940089865755e-01
6.660009985022465884e-01
