4.197492110740562943e+00
1.218516298039080326e+01
3.979549596265620437e+00
1.701180326068216786e+01
2.816281585037500079e+01
1.915223796666412426e+01
8.205921809195995564e+00
2.172451381914269231e+00
2.547437678916538939e+00
2.216491122871890429e+00
1.196574411425540596e+01
2.431743848222645887e+00
3.651514508518289404e+00
6.192549339842927658e+00
3.018557155900042144e+00
1.272208147357239749e+00
1.676798745268175628e+00
1.908815937761181969e+00
2.378024398119998217e+00
2.328845086719057544e+00
1.847631881966688594e+00
1.754814644783541766e+00
1.813281466409794707e+00
1.060816669487917530e+00
1.145169547005290056e+00
1.361092726587951551e+00
1.734926350165532316e+00
2.574428913299286137e+00
1.790324549286947509e+00
1.453271722531711552e+00
1.888665096437222912e+00
1.826441101473209816e+00
1.846573499697658161e+00
1.825337666008273629e+00
1.530193059252787924e+00
1.484457412720678882e+00
2.245620829280590591e+00
2.951887319698609957e+00
1.627525165565479215e+00
1.936943589599502635e+00
1.545307325352684558e+00
1.503192843167233006e+00
1.428737672757221633e+00
1.408953889988686425e+00
1.550517636183435410e+00
1.595819454102651802e+00
1.487039426297946276e+00
1.989605556055717539e+00
2.255050898074389742e+00
1.988161451984392203e+00
