5.644882113042530847e+00
1.529976093525060366e+00
1.702296059428008768e+00
1.029954300721883209e+00
1.163248448358793929e+00
2.228276215534595650e+00
1.766935177463563766e+00
1.258422797463027099e+00
9.068763932762774482e-01
1.268067276781342123e+00
1.944942336140783601e+00
1.352699124450036150e+00
1.471329790313602226e+00
1.585151092653803051e+00
1.621585256328478053e+00
1.212613245158926434e+00
1.255107178547593128e+00
1.377109088900085654e+00
2.044822373630639678e+00
4.190187181048076859e+00
1.159125038224104509e+00
1.606942952423171977e+00
1.071551790192195153e+00
2.343816212148285061e+00
9.078594542001999779e-01
1.470406654234594379e+00
1.105842074988427459e+00
1.085311223671427960e+00
9.809929478245857926e-01
1.460312620735263689e+00
2.068865827899900367e+00
1.704122476975321376e+00
1.600513727261433372e+00
2.966477308639930310e+00
9.420422022662874539e+00
1.270474700546835948e+03
6.498155901123744798e+02
1.188824685297188495e+02
1.371796031743362398e+00
1.206433598184609268e+00
7.892926547209501154e-01
1.290028720156764397e+00
1.199710439747414314e+00
9.867986996532140953e-01
1.169582984117764068e+00
1.065970202892111196e+00
9.793038705082101059e-01
2.952279631042861396e+00
9.776950588359633043e-01
1.014699110137303295e+00
