6.694957563654517774e-01
6.694957563654517774e-01
6.694957563654517774e-01
6.694957563654517774e-01
6.889665501747378462e-01
6.415376934598102654e-01
6.405391912131802590e-01
6.769845232151772141e-01
6.560159760359460801e-01
5.936095856215676259e-01
7.014478282576135371e-01
6.934598102845731527e-01
4.258612081877184430e-01
3.434847728407389167e-01
5.012481278082875358e-01
5.317024463305042303e-01
5.766350474288567396e-01
6.110833749375935708e-01
5.556665002496256056e-01
5.366949575636544845e-01
6.585122316525212627e-01
7.049425861208187261e-01
6.914628057913130288e-01
6.625062406390413994e-01
7.014478282576135371e-01
6.739890164752870838e-01
6.355466799800300048e-01
5.651522715926110552e-01
6.360459311033449525e-01
6.879680479281078398e-01
6.889665501747378462e-01
6.689965052421368297e-01
6.640039940089865755e-01
7.029455816275587132e-01
7.104343484772840389e-01
6.709935097353969535e-01
6.525212181727408911e-01
6.515227159261108847e-01
6.600099850224663278e-01
6.989515726410384655e-01
6.934598102845731527e-01
6.640039940089865755e-01
6.595107338991512691e-01
6.719920119820269599e-01
6.605092361457812755e-01
6.849725411882177095e-01
6.679980029955067122e-01
6.390414378432351938e-01
6.485272091862206434e-01
6.500249625561657085e-01
