1.928064753636680617e+00
3.349930422879699421e+01
1.334759145949467722e+02
3.221559981267453310e+01
6.133295563944670015e+00
4.204759970582609085e+00
2.984537874170380523e+00
1.812725362215884761e+00
1.690977785507560283e+00
2.056887176949800722e+00
1.921175373951554466e+00
1.644761899204415956e+00
2.856887116559552631e+00
3.407362967922993313e+00
3.407968359236352995e+00
5.717312873034732235e+00
3.584045564241547410e+00
2.970043226027572203e+00
2.785339082709801239e+00
2.243770603174218170e+00
1.651708360737225822e+00
2.180550633581411990e+00
2.488131098668693308e+00
2.302455565004544180e+00
1.883054841237251420e+00
2.192695597976193067e+00
2.524862993138466294e+00
3.080082491613065354e+00
2.693110726323654003e+00
1.910558667351946127e+00
1.574822360256345588e+00
1.724689401987488102e+00
1.884777760660416135e+00
2.107515203851613173e+00
2.155712402542412143e+00
2.265623403083546261e+00
2.449316726585536674e+00
2.060006822280388672e+00
1.899623239153453991e+00
3.381585969107482992e+00
2.824570806046991400e+00
1.756673881189857678e+00
2.207120077049380846e+00
3.073102485163474729e+00
3.177140864145142629e+00
2.154456946353464630e+00
1.996227475207743574e+00
2.213735642875960696e+00
1.927164969656149696e+00
2.091793886376093869e+00
