5.644883014547904310e+00
1.529975999431257838e+00
1.702296006102235859e+00
1.029954512477575745e+00
1.163248282251391430e+00
2.228276612286382186e+00
1.766935299708137341e+00
1.258422803176502791e+00
9.068763424501500303e-01
1.268067161976190071e+00
1.944942282041310699e+00
1.352699149565522951e+00
1.471330589359543417e+00
1.585151108455134183e+00
1.621585206811688717e+00
1.212612919118841281e+00
1.255107125221819997e+00
1.377109186505295346e+00
2.044822324709004491e+00
4.190189009836418954e+00
1.159125069291128574e+00
1.606942892610223383e+00
1.071551598790759563e+00
2.343816647209372217e+00
9.078596148321882442e-01
1.470406638224959206e+00
1.105842245440452176e+00
1.085311172845300431e+00
9.809928232589127939e-01
1.460312512952925523e+00
2.068865613696638128e+00
1.704122709323332652e+00
1.600513140677929602e+00
2.966476494469644898e+00
9.420422954911657598e+00
1.270475568385702672e+03
6.498156729958617461e+02
1.188825168619141550e+02
1.371796360982398877e+00
1.206433534741223168e+00
7.892927129269836639e-01
1.290028809370306506e+00
1.199709951267561525e+00
9.867989990155338065e-01
1.169583037205475629e+00
1.065969917813480494e+00
9.793037824254600121e-01
2.952275221668001493e+00
9.776945855102120442e-01
1.014699126325484535e+00
