6.694957563654517774e-01
6.694957563654517774e-01
6.739890164752870838e-01
6.729905142286569664e-01
6.819770344483274682e-01
6.714927608587119012e-01
6.849725411882177095e-01
6.814777833250125205e-01
6.894658012980529049e-01
6.525212181727408911e-01
5.706440339490763680e-01
5.077383924113829661e-01
6.225661507738392553e-01
6.170743884173739424e-01
6.869695456814778334e-01
6.749875187219170902e-01
6.465302046929605195e-01
6.640039940089865755e-01
6.944583125312031591e-01
7.099350973539690912e-01
6.545182226660010150e-01
6.909635546679979701e-01
7.044433349975037784e-01
7.029455816275587132e-01
3.829256115826260576e-01
3.759360958562156796e-01
6.335496754867698810e-01
6.949575636545182178e-01
6.984523215177234068e-01
6.949575636545182178e-01
6.999500748876684719e-01
6.255616575137293855e-01
6.535197204193708975e-01
6.924613080379430352e-01
6.450324513230154544e-01
6.979530703944083481e-01
6.989515726410384655e-01
7.024463305042436545e-01
7.184223664503245343e-01
7.234148776834747885e-01
6.804792810783824031e-01
6.590114827758362104e-01
6.894658012980529049e-01
7.054418372441337848e-01
7.094358462306540325e-01
7.169246130803794692e-01
7.204193709435846582e-01
7.169246130803794692e-01
7.064403394907639022e-01
7.144283574638042866e-01
