7.383924113829256619e-01
6.310534198701946984e-01
7.718422366450324867e-01
5.661507738392411726e-01
8.097853220169745070e-01
8.127808287568647483e-01
7.768347478781827409e-01
8.267598602096855043e-01
7.518721917124313592e-01
7.159261108337493518e-01
7.888167748377433730e-01
7.953070394408386923e-01
8.207688467299051327e-01
8.487269096355466447e-01
8.037943085371942464e-01
8.487269096355466447e-01
8.532201697453819511e-01
7.923115327009485620e-01
8.107838242636046244e-01
8.577134298552171465e-01
8.347478781827258887e-01
8.327508736894657648e-01
8.537194208686970098e-01
8.442336495257114493e-01
8.557164253619570227e-01
8.292561158262605758e-01
8.622066899650524530e-01
8.517224163754368860e-01
8.691962056914628310e-01
8.497254118821767621e-01
8.582126809785322052e-01
8.557164253619570227e-01
8.287568647029456281e-01
8.382426360459310777e-01
8.522216674987518337e-01
8.751872191712430915e-01
8.557164253619570227e-01
8.562156764852720814e-01
8.462306540189715731e-01
8.582126809785322052e-01
8.562156764852720814e-01
8.497254118821767621e-01
8.522216674987518337e-01
7.888167748377433730e-01
8.467299051422865208e-01
8.542186719920119575e-01
8.686969545681477722e-01
8.637044433349975181e-01
8.597104343484772704e-01
8.676984523215177658e-01
