7.557079975925203863e-01
1.036099322954833424e+00
7.611859931507767296e-01
1.203533587340289701e+00
5.353416715987134866e-01
5.445123986042087472e-01
6.387806628503861495e-01
5.209540947044246639e-01
6.747732375986982278e-01
7.943274523770874618e-01
6.719692400914695218e-01
6.333578769647653095e-01
5.364950709621488789e-01
4.974959876111192947e-01
5.675189340941857452e-01
4.576598309423110522e-01
5.850814841892263418e-01
6.861278914209014701e-01
6.195455699697828278e-01
5.515677659915080300e-01
5.730137255747677072e-01
5.789878914059249926e-01
5.605391766569106649e-01
5.111909242969004952e-01
4.673263422263245759e-01
5.547150198483669081e-01
5.439037372038713070e-01
5.194791625037648020e-01
4.412633447842305157e-01
5.192599226341685359e-01
5.318179255536479300e-01
5.433244927192532048e-01
6.035825464645744320e-01
5.771851467449428119e-01
6.136141779776281835e-01
5.012951315609860403e-01
5.352661877468830598e-01
5.967418859139479448e-01
6.105606911245490265e-01
6.836489124769457026e-01
5.962491385709388636e-01
5.498866806968235599e-01
5.503118669040429900e-01
8.144204467758201504e-01
6.895863879518513428e-01
6.480588791254932035e-01
6.125939624998727462e-01
5.721607063629600143e-01
6.891443076517006494e-01
7.357510949633327968e-01
