2.290559735870361546e+00
2.978699636936187889e-01
1.171471781253814737e-01
9.904989675283432105e-02
7.713865727186203225e-02
6.292113232016563473e-02
6.329345255494117639e-02
5.461101879477500698e-02
4.625301830768584893e-02
5.480711683630943437e-02
4.773740358948707491e-02
5.301791889071464509e-02
6.667598674893379651e-02
4.649177273511886921e-02
4.694369742274284024e-02
5.425327214002609311e-02
4.193529065549373575e-02
4.862375608682632105e-02
5.008754830956459181e-02
5.228168522119522321e-02
4.301402540802955893e-02
6.311419758796692203e-02
4.987169687151908615e-02
5.203761256337165880e-02
4.493775419592857534e-02
4.765533980727195557e-02
5.381728678345680528e-02
4.239257722496986291e-02
4.340250650644302682e-02
4.304101245999335940e-02
4.272488742470741119e-02
4.131826892495155112e-02
4.015709986686706590e-02
3.855146992206573420e-02
4.169592455625534266e-02
3.960373740196228287e-02
4.317808339595794603e-02
4.196990505456924675e-02
3.952326909899711582e-02
4.171695898771286132e-02
4.420511750578880183e-02
3.945444118380546372e-02
4.019726268053054608e-02
4.710734203457832281e-02
6.758368508815765230e-02
4.764364184141159364e-02
6.117379503846168826e-02
8.841228190064430448e-02
6.567563998699188499e-02
7.703289748430251771e-02
5.677335973381995859e-02
5.541109218597412012e-02
5.635250048637389930e-02
5.727410129308700693e-02
4.546467094421386551e-02
4.438801072835922568e-02
5.190961750149726550e-02
4.550899189114570448e-02
4.767257559299468983e-02
4.845738316774367976e-02
4.208651064634322952e-02
4.171307079792022782e-02
4.262312502861023006e-02
4.152125620543956758e-02
4.286749410629272367e-02
4.417355465888977289e-02
4.595122820734977992e-02
4.482005518078804179e-02
4.598624500632286088e-02
4.613397739529609409e-02
4.466844446659087864e-02
5.219108237028122210e-02
5.475762982368469201e-02
6.155374557971954319e-02
5.894442255496978866e-02
5.207478696405887925e-02
5.339710404276847705e-02
6.113660475611686768e-02
5.891112632751464850e-02
6.136747261285781935e-02
5.888875588774680758e-02
6.208637161850929370e-02
5.312958675622939803e-02
5.760517532229423449e-02
5.904696020483970326e-02
4.852978165149688522e-02
4.465840598344802959e-02
5.209194952845573601e-02
4.566126374602318128e-02
6.574754264950752325e-02
5.750622496902942776e-02
5.419655256867408899e-02
4.470520754456520224e-02
5.307580457329750395e-02
5.471517748236656015e-02
5.684394305944442949e-02
6.269799295663833205e-02
6.016622539162636008e-02
5.523570149540901059e-02
5.874164943695068392e-02
