2.310599796676635620e+00
2.698544019222259283e-01
1.056120083689689598e-01
7.872072274684906168e-02
9.650149941444396973e-02
6.553837527036666943e-02
6.093845795989036307e-02
7.128123204708099181e-02
5.733308432698249607e-02
5.028447408676147562e-02
5.188521544933319407e-02
4.525924326181411661e-02
5.211861048936843738e-02
5.019069313406944455e-02
4.583884801268577752e-02
5.475993348360061463e-02
4.815543187260627744e-02
5.339067349433898602e-02
5.502395163178443876e-02
4.433265043497085917e-02
3.938819255232810929e-02
4.137412092089653298e-02
4.136540223658084769e-02
4.256840430498123190e-02
4.200761959552765101e-02
4.694618453979491901e-02
5.788281413912772788e-02
4.351469400525093123e-02
4.237192612886429149e-02
4.047753707766532649e-02
6.420094298124313925e-02
5.680780771374702165e-02
5.067704033851623546e-02
4.493197229504584944e-02
4.329080024957657202e-02
3.597357249855995254e-02
3.701495659947395128e-02
3.935351430177688736e-02
3.922980637550353700e-02
3.699519555568694940e-02
3.691262483596801508e-02
4.561622107625007416e-02
5.307111893892288434e-02
8.455727549791336450e-02
5.089202469587326277e-02
6.040404969453811584e-02
6.236169243454933037e-02
5.446658003330230591e-02
5.703080329895019590e-02
7.716914584636688779e-02
5.279045016765594733e-02
6.709276316761970949e-02
5.377658522725105306e-02
6.027254000306129372e-02
4.826680000424385386e-02
4.353506064116954843e-02
5.666160354316234632e-02
5.469575412869453340e-02
6.132506840229034334e-02
6.960030018091201143e-02
6.354404089450836624e-02
5.743578327298164143e-02
5.104041250348091002e-02
4.880222665071487498e-02
4.925338103771209619e-02
4.202089307308196769e-02
4.382099517583847026e-02
4.770821470916271345e-02
4.339074251651763720e-02
5.213149265646934566e-02
4.448933830261230654e-02
4.830224745571613104e-02
4.780147372484207235e-02
5.373690497279166867e-02
4.907591373324394352e-02
5.671287875175476390e-02
5.251441699266433394e-02
5.416796595752239318e-02
4.966193520426750302e-02
4.762711975574493439e-02
5.732489063739776292e-02
5.138061339855194004e-02
4.848515288829803593e-02
4.678033038377761577e-02
6.895755945444106971e-02
5.186045556664466843e-02
5.874320688843727434e-02
5.195580338835716072e-02
4.832153723835944797e-02
5.155289444327354476e-02
4.622274749875068811e-02
7.075743337273597555e-02
4.990647405982017587e-02
5.743063935041427953e-02
5.334605364799499538e-02
5.097125236988067631e-02
4.843111197948455487e-02
4.537375227212905870e-02
4.487458348274230707e-02
4.511104041337966886e-02
