2.305477383422851467e+00
3.341268820285797081e-01
6.844516192674636457e-02
4.535793213248252853e-02
3.820548006892204168e-02
3.147643473744392295e-02
2.815915845930576367e-02
2.581909879446029829e-02
2.301858007013797905e-02
2.310925163626670678e-02
2.203994425237178895e-02
2.260924267768859783e-02
2.248143422603607333e-02
2.107384909391403147e-02
1.921685821115970763e-02
1.986636973321437988e-02
2.059549792408943078e-02
1.993372170627117149e-02
1.988754751086235090e-02
1.862581861615180898e-02
1.950498459339141885e-02
2.180356777310371238e-02
2.004303654432296883e-02
1.858006282746791846e-02
1.848725883960723737e-02
1.920356094837188596e-02
1.916565690040588493e-02
1.772476080656051542e-02
1.887368851602077430e-02
1.861280841529369331e-02
1.863830960094928907e-02
2.061538553833961590e-02
1.823751731216907354e-02
1.965780336558818966e-02
2.017633719742297979e-02
1.985819695293903481e-02
2.011184403300285417e-02
2.030304040610790214e-02
2.095131191611290106e-02
2.042507766187191126e-02
2.009897087812423724e-02
2.047998651862144304e-02
2.098401289582252360e-02
2.088594910204410668e-02
1.882625743150711031e-02
2.022173484861850695e-02
1.788931439518928398e-02
1.987300045192241793e-02
1.968014412224292770e-02
1.984958421885967342e-02
1.948521131873130752e-02
2.165127438902855056e-02
2.073841396570205720e-02
1.995069200992584391e-02
2.190633009374141557e-02
2.103751572668552394e-02
1.932531953155994242e-02
2.222458028495311738e-02
2.157250174582004548e-02
2.190292501449584914e-02
2.004003725349903092e-02
2.235248195230961007e-02
2.088760283589363026e-02
2.172271462082862870e-02
2.151393706798553421e-02
2.109687435626983812e-02
2.117527246475219699e-02
2.078184476494789046e-02
2.010867721140384770e-02
2.070604174435138750e-02
2.136186363995075388e-02
1.993836960196495103e-02
2.217026862204074869e-02
2.003074051141738934e-02
2.056190486252307964e-02
1.994478012025356281e-02
2.081233362555503716e-02
2.142734675407409820e-02
2.072859599590301527e-02
1.961452854275703289e-02
2.139186803400516465e-02
2.225243662595748767e-02
2.239210597872734118e-02
2.148278876245021674e-02
2.259796056449413226e-02
2.141443115472793646e-02
2.109239391386508872e-02
2.153474840819835645e-02
2.185921864509582369e-02
2.310904859304428044e-02
2.408283607661724016e-02
2.188941866159439115e-02
2.311888540983200041e-02
2.253271392583847121e-02
2.094107225537300207e-02
2.203901110887527409e-02
2.443309188783168717e-02
2.333602416217327169e-02
2.609121205806732083e-02
2.275704325437545930e-02
