2.305477377700805519e+00
3.341268988132476969e-01
6.844515925645827670e-02
4.535793108940124746e-02
3.820547989010810580e-02
3.147643426060676292e-02
2.815915760099887977e-02
2.581909779608249772e-02
2.301857921183109168e-02
2.310925167798996011e-02
2.203994339406490158e-02
2.260924094617366639e-02
2.248143298625946210e-02
2.107384868264198380e-02
1.921685922741889901e-02
1.986636721491813820e-02
2.059549524486064750e-02
1.993372111022472318e-02
1.988754917979240408e-02
1.862581873536110072e-02
1.950498528480529639e-02
2.180356701016426119e-02
2.004303825199604122e-02
1.858006275594234480e-02
1.848725884258747149e-02
1.920356245934963166e-02
1.916565549373626734e-02
1.772475810348987657e-02
1.887368691265583001e-02
1.861280995905399346e-02
1.863830731511115918e-02
2.061538503170013553e-02
1.823751568794250433e-02
1.965780491828918522e-02
2.017633524239063197e-02
1.985819735825061771e-02
2.011184584498405467e-02
2.030304261147975950e-02
2.095131042301654964e-02
2.042507803738117383e-02
2.009897265434265265e-02
2.047998471856117206e-02
2.098401089608669182e-02
2.088594829738140216e-02
1.882625660002231610e-02
2.022173464298248138e-02
1.788931601643562255e-02
1.987300029397010698e-02
1.968014344274997621e-02
1.984958455264568267e-02
1.948521012663841090e-02
2.165127460360527153e-02
2.073841353356838113e-02
1.995069545209407838e-02
2.190633072555065244e-02
2.103751609325408764e-02
1.932531816661357815e-02
2.222457869052886850e-02
2.157250100672244986e-02
2.190292479693889752e-02
2.004003870785236313e-02
2.235248306393623416e-02
2.088760433495044644e-02
2.172271627783775236e-02
2.151393781006336048e-02
2.109687287807464687e-02
2.117527306079864530e-02
2.078184436857700296e-02
2.010867827236652305e-02
2.070604101717472140e-02
2.136186722815036632e-02
1.993837170004844617e-02
2.217026804089546055e-02
2.003074272871017622e-02
2.056190355122089475e-02
1.994478023052215568e-02
2.081233417391777085e-02
2.142734563648700588e-02
2.072859522104263455e-02
1.961452845931053318e-02
2.139186702072620391e-02
2.225243657231330829e-02
2.239210460186004739e-02
2.148278990685939874e-02
2.259795810878276884e-02
2.141443257629871422e-02
2.109239518940448851e-02
2.153474844396114501e-02
2.185921923220157659e-02
2.310905003547668313e-02
2.408283678591251545e-02
2.188941836357116699e-02
2.311888558268547153e-02
2.253271381855010899e-02
2.094106988906860312e-02
2.203901294767856428e-02
2.443308939337730454e-02
2.333602974414825462e-02
2.609121036529540860e-02
2.275704454183578515e-02
