2.320769314193725563e+00
4.462517771720886373e-01
1.152026131391525321e-01
1.006019891262054378e-01
1.468100011348724421e-01
6.375083457231521533e-02
7.082603492140769619e-02
6.808028072118758878e-02
6.447960537672042802e-02
5.165622339844703342e-02
5.657546685934066594e-02
4.775693705677986484e-02
5.582501003146171648e-02
7.273872241973876329e-02
4.889010969400405665e-02
5.565590870976448029e-02
5.378813277482986238e-02
6.038978084325790502e-02
5.672791798710823119e-02
5.482856391072273017e-02
5.406683862805366364e-02
6.627055963277816986e-02
6.762581549882888676e-02
7.809877853393554226e-02
6.103041142225265614e-02
6.482038493752478869e-02
5.601316925883292885e-02
4.833548955917358475e-02
4.977345913648605069e-02
4.696305518150329511e-02
6.371170152425766064e-02
6.815014626979827572e-02
5.611548276543617403e-02
5.004317846298218103e-02
5.453331019878387281e-02
4.622238166332244547e-02
4.883318799734115423e-02
5.752164524197578288e-02
5.348709442019462801e-02
4.966161502003670070e-02
4.823130773901939533e-02
5.282493785619735843e-02
5.043169502019882039e-02
5.120361776351928934e-02
5.392713473439216670e-02
5.284951860904693599e-02
4.976107893586158987e-02
5.030612906813621693e-02
7.002439727187156904e-02
6.978488672971724927e-02
8.350879834890365117e-02
6.360477687120437429e-02
6.341780476570128833e-02
4.377648568153381242e-02
5.287685819864273301e-02
4.797725505828857179e-02
5.494045831561088222e-02
5.345767451524734842e-02
6.428564406633377470e-02
6.112292141914367483e-02
5.309491932988166796e-02
6.346306495666503844e-02
6.443449507355690498e-02
6.106530027389526355e-02
6.704121187925338177e-02
6.191725379228591591e-02
5.886687768101692142e-02
6.116688162088394082e-02
7.829047505855560307e-02
5.987610874772071601e-02
5.845361911058426230e-02
5.746888099908828429e-02
5.058605029582977086e-02
5.237036259174347036e-02
6.028365794420242202e-02
8.200513595342635853e-02
7.772002969980239262e-02
6.738054718971252244e-02
6.049736357331275682e-02
7.684243474006652308e-02
5.338584889769554254e-02
5.891178584098816229e-02
5.791964631080627479e-02
5.479220916032791211e-02
5.473904773592948997e-02
5.127260454893112218e-02
5.069870715141296114e-02
6.311008942127227517e-02
7.122567856311798340e-02
5.560579317212104716e-02
5.425335260033607720e-02
5.623992772698402365e-02
5.584227726459502911e-02
5.450646175146103140e-02
5.342288337349891669e-02
5.447374153733253177e-02
6.169596536755561633e-02
6.008613299131393415e-02
5.479491986632346878e-02
5.275080191493034670e-02
