1.135000000000000037e-01
9.697000000000000064e-01
9.758999999999999897e-01
9.778000000000000025e-01
9.816000000000000281e-01
9.782999999999999474e-01
9.834000000000000519e-01
9.808999999999999941e-01
9.811999999999999611e-01
9.834000000000000519e-01
9.839999999999999858e-01
9.825000000000000400e-01
9.844000000000000528e-01
9.831999999999999629e-01
9.814000000000000501e-01
9.808000000000000052e-01
9.829999999999999849e-01
9.825000000000000400e-01
9.792999999999999483e-01
9.797000000000000153e-01
9.841999999999999638e-01
9.839999999999999858e-01
9.831999999999999629e-01
9.830999999999999739e-01
9.834000000000000519e-01
9.848999999999999977e-01
9.845000000000000417e-01
9.827000000000000179e-01
9.806000000000000272e-01
9.838999999999999968e-01
9.829999999999999849e-01
9.848999999999999977e-01
9.845000000000000417e-01
9.855000000000000426e-01
9.861999999999999655e-01
9.831999999999999629e-01
9.851999999999999647e-01
9.854000000000000536e-01
9.859999999999999876e-01
9.879000000000000004e-01
9.830999999999999739e-01
9.858000000000000096e-01
9.800999999999999712e-01
9.827000000000000179e-01
9.829999999999999849e-01
9.848999999999999977e-01
9.849999999999999867e-01
9.878000000000000114e-01
9.868000000000000105e-01
9.871999999999999664e-01
9.874000000000000554e-01
9.870999999999999774e-01
9.874000000000000554e-01
9.876000000000000334e-01
9.870999999999999774e-01
9.872999999999999554e-01
9.868000000000000105e-01
9.852999999999999536e-01
9.841999999999999638e-01
9.861999999999999655e-01
9.857000000000000206e-01
9.861999999999999655e-01
9.834000000000000519e-01
9.868000000000000105e-01
9.847000000000000197e-01
9.790999999999999703e-01
9.831999999999999629e-01
9.818999999999999950e-01
9.852999999999999536e-01
9.872999999999999554e-01
9.882999999999999563e-01
9.875000000000000444e-01
9.859999999999999876e-01
9.848000000000000087e-01
9.855000000000000426e-01
9.871999999999999664e-01
9.872999999999999554e-01
9.845000000000000417e-01
9.848000000000000087e-01
9.845000000000000417e-01
9.818999999999999950e-01
9.826000000000000290e-01
9.832999999999999519e-01
9.832999999999999519e-01
9.825000000000000400e-01
9.845000000000000417e-01
9.839999999999999858e-01
9.826000000000000290e-01
9.817000000000000171e-01
9.835000000000000409e-01
9.840999999999999748e-01
9.861999999999999655e-01
9.839999999999999858e-01
9.858999999999999986e-01
9.862999999999999545e-01
9.865000000000000435e-01
9.867000000000000215e-01
9.874000000000000554e-01
9.866000000000000325e-01
9.872999999999999554e-01
