2.305477359008789140e+00
3.341268682956695657e-01
6.844516233205795441e-02
4.535793242454529139e-02
3.820547921657562601e-02
3.147643367648124413e-02
2.815915740430354960e-02
2.581909775137901375e-02
2.301857940554618773e-02
2.310925202369689888e-02
2.203994636237621360e-02
2.260924091935157670e-02
2.248143196105957184e-02
2.107384847402572758e-02
1.921685830950737098e-02
1.986636797785758940e-02
2.059549649059772350e-02
1.993372151553630955e-02
1.988754797875881206e-02
1.862582007348537530e-02
1.950498540997505290e-02
2.180356697440147262e-02
2.004303790926933310e-02
1.858006155788898342e-02
1.848725886344909641e-02
1.920356248319149070e-02
1.916565821170806982e-02
1.772475970685482086e-02
1.887368812263012091e-02
1.861280884742736938e-02
1.863830864429473835e-02
2.061538212299346765e-02
1.823751772940158944e-02
1.965780280828476057e-02
2.017633707225322676e-02
1.985819767713546680e-02
2.011184393465519082e-02
2.030303969979286097e-02
2.095131133794784703e-02
2.042507837116718308e-02
2.009897122681141013e-02
2.047998496592044748e-02
2.098401074409484909e-02
2.088594861924648188e-02
1.882625420093536270e-02
2.022173610925674311e-02
1.788931641578674417e-02
1.987300054728984716e-02
1.968014405667781880e-02
1.984958364665508415e-02
1.948521012067794961e-02
2.165127649307251045e-02
2.073841452896595106e-02
1.995069385468959886e-02
2.190632838308811253e-02
2.103751752376556428e-02
1.932531913220882427e-02
2.222457761764526363e-02
2.157250100076198510e-02
2.190292465686798085e-02
2.004003870785236313e-02
2.235248333811759927e-02
2.088760198056697701e-02
2.172271637320518506e-02
2.151393607854843251e-02
2.109687144756317023e-02
2.117527303695678625e-02
2.078184433281421786e-02
2.010867734253406550e-02
2.070604298412799874e-02
2.136186513006687118e-02
1.993836892545223366e-02
2.217026830315589961e-02
2.003074174523353582e-02
2.056190467178821424e-02
1.994478138685226373e-02
2.081233316361904076e-02
2.142734543085098378e-02
2.072859591245651209e-02
1.961452746689319737e-02
2.139186619222164035e-02
2.225243666172027623e-02
2.239210724234581146e-02
2.148278836011886447e-02
2.259795923233032244e-02
2.141443042159080559e-02
2.109239375293254712e-02
2.153474919795990081e-02
2.185921798944473124e-02
2.310904993414878913e-02
2.408283475935459050e-02
2.188941743373870943e-02
2.311888239979743853e-02
2.253271455168723986e-02
2.094107174873352170e-02
2.203901123106479648e-02
2.443308967053890376e-02
2.333602645993232763e-02
2.609121278524398693e-02
2.275704504251480076e-02
