2.310065961837768356e+00
2.418679075956344515e-01
1.079531392455101019e-01
8.986092098951339868e-02
1.043905521154403632e-01
6.352580634355545208e-02
6.682884160876273461e-02
6.058655946254730418e-02
5.752844970822334342e-02
5.963056665062904660e-02
5.996844218969345219e-02
5.871741690635681049e-02
5.140152834653854280e-02
6.725956277847290610e-02
5.495449681878089576e-02
5.477638634443283278e-02
5.173124245405197330e-02
4.409047088027000239e-02
4.537524102926254049e-02
4.885783441066741950e-02
4.987143447995185525e-02
4.448109112381935099e-02
4.378744233250617818e-02
4.470544657707214292e-02
4.468804395198822110e-02
4.303457633256912301e-02
5.439306835532188578e-02
5.961345176696777187e-02
8.133903576135635694e-02
5.564034049510956093e-02
5.776229231953620979e-02
5.589786463379860237e-02
6.667463202476502093e-02
7.941368954181671214e-02
5.147265326380729561e-02
7.057930210828780582e-02
5.787627171874046295e-02
4.687033944129943841e-02
4.857506363391875942e-02
5.670877400636673005e-02
4.522474373579025292e-02
4.862654785513877836e-02
4.967502140998840410e-02
5.112782615423202420e-02
5.915090100169181908e-02
6.022485466003418136e-02
4.770642232894897750e-02
4.192198654413223369e-02
4.296192877888679179e-02
4.422058773636818041e-02
5.467047722339630350e-02
4.549039838314056228e-02
4.334439380168914752e-02
4.289548752903938472e-02
4.472217759490013100e-02
4.801506965160370205e-02
4.473265883922576680e-02
4.189614566564559689e-02
4.161340996623039135e-02
4.055093799829483092e-02
4.110787650346756084e-02
4.323477382659911966e-02
4.368998988270759304e-02
4.553747452497482195e-02
4.435265549421310571e-02
4.038789084553718461e-02
4.050762846469879025e-02
4.215693076252937516e-02
4.474757392406463613e-02
4.425852056741714363e-02
4.317876594066619861e-02
4.312372756600379997e-02
4.180599416494369669e-02
4.128310717940330415e-02
4.351404592394828713e-02
4.270032019019126546e-02
4.191743583083152452e-02
4.724307181835174507e-02
4.174542770385741841e-02
4.207102138400077573e-02
4.200958808064460953e-02
4.080102633833885412e-02
4.051085191369056815e-02
4.141473431587219117e-02
4.009499173760414092e-02
4.048817672729491945e-02
4.116376388072967574e-02
5.396611701846122655e-02
6.548215835094452208e-02
1.459551572561263999e-01
8.625819782018662174e-02
6.725538927316665472e-02
5.891774827241897522e-02
5.840202722549438230e-02
5.217474135160446447e-02
4.954652990102768190e-02
4.768075556755065753e-02
4.857132554054260226e-02
4.843162242770195081e-02
4.846502947211265427e-02
