2.305477402114868291e+00
3.341268774509429940e-01
6.844515658617020271e-02
4.535792994499206199e-02
3.820548006892204168e-02
3.147643510699272423e-02
2.815915588438510850e-02
2.581909794211387568e-02
2.301858136057853554e-02
2.310925306975841406e-02
2.203994367718696556e-02
2.260924182534217869e-02
2.248143259882927000e-02
2.107384861111641014e-02
1.921685874164104357e-02
1.986636839807033594e-02
2.059549687206745083e-02
1.993372068107128123e-02
1.988754987120628509e-02
1.862581955492496541e-02
1.950498413443565310e-02
2.180356578826904423e-02
2.004303584396839241e-02
1.858006148338317912e-02
1.848726008236408272e-02
1.920356198251247509e-02
1.916565514504909445e-02
1.772475848495960390e-02
1.887368622124195247e-02
1.861280926764011245e-02
1.863830680251121405e-02
2.061538426280021610e-02
1.823751751780509911e-02
1.965780124962330025e-02
2.017633632719516637e-02
1.985819716453552167e-02
2.011184461712837296e-02
2.030304271578788761e-02
2.095130851864814708e-02
2.042507869899272757e-02
2.009897041320800673e-02
2.047998567223548866e-02
2.098401110470294803e-02
2.088594709336757602e-02
1.882625547051429774e-02
2.022173585891723704e-02
1.788931328058242926e-02
1.987299965023994405e-02
1.968014267683029089e-02
1.984958311915397539e-02
1.948521026968955822e-02
2.165127548575401448e-02
2.073841448724269773e-02
1.995069176256656501e-02
2.190632846057415095e-02
2.103751760125160269e-02
1.932531894743442363e-02
2.222457785904407429e-02
2.157249853312969215e-02
2.190292376577854250e-02
2.004003817141055896e-02
2.235248428583145111e-02
2.088760393261909418e-02
2.172271770238876423e-02
2.151393695175647658e-02
2.109686952233314622e-02
2.117527152299880991e-02
2.078184248208999468e-02
2.010868000090122384e-02
2.070603932440280917e-02
2.136186788082122812e-02
1.993836852908134616e-02
2.217026882469654014e-02
2.003074257373809938e-02
2.056190325319767059e-02
1.994478196203708711e-02
2.081233398318290545e-02
2.142734491825103865e-02
2.072859461009502260e-02
1.961452939808368615e-02
2.139186669290065596e-02
2.225243703722953881e-02
2.239210594296455262e-02
2.148278919458389280e-02
2.259795665442943663e-02
2.141443258225917898e-02
2.109239362776279408e-02
2.153474985957145801e-02
2.185921902954578513e-02
2.310904952287673800e-02
2.408283649981021735e-02
2.188941929042339390e-02
2.311888354420662053e-02
2.253271343111992037e-02
2.094107344746589522e-02
2.203901153504848540e-02
2.443309076726436768e-02
2.333602778315544204e-02
2.609121298789978186e-02
2.275704530477523635e-02
