2.305477383422851467e+00
3.341268866062164222e-01
6.844515984058380242e-02
4.535792948603629970e-02
3.820548189282417517e-02
3.147643435001373086e-02
2.815915688276290907e-02
2.581910004019737082e-02
2.301858017444610716e-02
2.310925302505493009e-02
2.203994387686252637e-02
2.260924106240272402e-02
2.248143398165702855e-02
2.107384816706180455e-02
1.921685877442359802e-02
1.986636916995048602e-02
2.059549839794635670e-02
1.993372310101985956e-02
1.988754905462265105e-02
1.862581961750984019e-02
1.950498557686805579e-02
2.180356755852699141e-02
2.004303825497627187e-02
1.858006139099598053e-02
1.848725804090499761e-02
1.920356251001358039e-02
1.916565647125244298e-02
1.772475752234458843e-02
1.887368621826171836e-02
1.861280881762504558e-02
1.863830742835998616e-02
2.061538451313972564e-02
1.823751573562622241e-02
1.965780267715453930e-02
2.017633503079414511e-02
1.985819723010063056e-02
2.011184457838535375e-02
2.030304044783115547e-02
2.095131023228168424e-02
2.042507797777652623e-02
2.009897161424159875e-02
2.047998608648777044e-02
2.098401312828063886e-02
2.088594842255115519e-02
1.882625557184219520e-02
2.022173609435558295e-02
1.788931360542774310e-02
1.987299883067607936e-02
1.968014200329780417e-02
1.984958512485027193e-02
1.948520902991294698e-02
2.165127417445182958e-02
2.073841558396816165e-02
1.995069303512573070e-02
2.190633059442043465e-02
2.103751627504825764e-02
1.932531840503215817e-02
2.222457702457904943e-02
2.157250188291072804e-02
2.190292398631572823e-02
2.004003871977329265e-02
2.235248022675514340e-02
2.088760304152965583e-02
2.172271791696548521e-02
2.151393566131591661e-02
2.109687407016754002e-02
2.117527229189872587e-02
2.078184272348880882e-02
2.010867864191532087e-02
2.070604224801063376e-02
2.136186542809009534e-02
1.993836953639984214e-02
2.217026719748973682e-02
2.003074146509170594e-02
2.056190503537654729e-02
1.994477930366992877e-02
2.081233561038970878e-02
2.142734928429126592e-02
2.072859536409378187e-02
1.961452885270118657e-02
2.139186675846576832e-02
2.225243804454803478e-02
2.239210683703422508e-02
2.148278906345367500e-02
2.259795868098735810e-02
2.141443317532539317e-02
2.109239377975464028e-02
2.153475043475627793e-02
2.185922071337699849e-02
2.310905024409294281e-02
2.408283611834049348e-02
2.188941738605499135e-02
2.311888462305069017e-02
2.253271293640136605e-02
2.094107216596603413e-02
2.203901352584362178e-02
2.443308805227279584e-02
2.333602817952632955e-02
2.609121229648590085e-02
2.275704434514045846e-02
