2.298827494049072051e+00
3.321132742881774957e-01
1.127622900009155327e-01
7.982396719455718548e-02
8.011641774177551134e-02
7.723331187963486388e-02
6.056011275649070963e-02
5.717649416327476308e-02
6.147859354019165334e-02
6.439676676392555588e-02
5.181794729828834850e-02
5.471164638996123958e-02
5.693848359584808422e-02
4.800182737112045073e-02
6.111362941265106180e-02
4.924084668755531607e-02
5.493135359883308255e-02
5.337247235178947669e-02
9.136426353454589477e-02
7.856788683533667828e-02
6.159556520581245531e-02
4.899757258296012774e-02
4.981258657574653970e-02
4.843621219396591210e-02
5.003249612450599848e-02
6.003692017793655494e-02
5.343073780536651551e-02
6.977986093759536157e-02
6.361273155212401886e-02
5.268231324553489942e-02
5.122525834441184894e-02
4.728014944195747110e-02
5.034263088703155864e-02
4.768585944771766560e-02
5.171315926313400230e-02
4.566790856122970865e-02
4.401282187700271409e-02
4.716895072460174781e-02
4.524611266851424896e-02
4.332064208388328869e-02
4.511947798132896759e-02
4.431882192492485328e-02
4.504560458362102254e-02
4.493918789029121424e-02
4.740806259512901633e-02
5.757275879383087075e-02
7.281093354225158520e-02
6.819048972725867686e-02
7.000990799069405079e-02
9.440652347803116240e-02
7.805533957481383678e-02
5.870015449523925677e-02
5.801431297063827652e-02
6.415954175591469244e-02
5.516962354183196915e-02
7.652350776791572162e-02
6.127477383613586653e-02
6.801093526184559535e-02
6.279547504782677370e-02
5.962047023475169905e-02
6.009848570227623032e-02
5.280460929870605530e-02
5.438137857913970946e-02
5.282685691118240573e-02
7.447199291586875658e-02
7.638809319138527287e-02
6.495103589892387008e-02
6.617427972555160742e-02
5.787284292578696865e-02
5.241525377035140959e-02
6.281535108089447705e-02
5.171133498549461416e-02
5.199385189414024167e-02
5.273114405274391403e-02
5.244324829578399932e-02
5.370161386728286579e-02
5.417554812431335520e-02
5.933241324424743529e-02
5.493236953020096125e-02
6.152146303653716758e-02
6.198491852283477543e-02
6.828950506448745739e-02
6.805733128786087272e-02
6.913483762741089167e-02
6.484051539897918437e-02
6.054992496371269101e-02
5.858422822952270848e-02
5.272573156952858192e-02
5.784958616495132488e-02
5.267732084989548008e-02
6.395658984184264539e-02
6.170260577797889723e-02
5.941006776690482827e-02
7.362798895835875879e-02
7.746987142562866691e-02
6.917284691929817542e-02
8.141386435031891522e-02
6.743410273790359510e-02
7.438980116248131158e-02
7.240169167518616111e-02
