1.135000000000000037e-01
9.556000000000000050e-01
9.741999999999999549e-01
9.786000000000000254e-01
9.758999999999999897e-01
9.800999999999999712e-01
9.794000000000000483e-01
9.821999999999999620e-01
9.818999999999999950e-01
9.731999999999999540e-01
9.797000000000000153e-01
9.816000000000000281e-01
9.827000000000000179e-01
9.850999999999999757e-01
9.836000000000000298e-01
9.832999999999999519e-01
9.825000000000000400e-01
9.841999999999999638e-01
9.848000000000000087e-01
9.854000000000000536e-01
9.854000000000000536e-01
9.866000000000000325e-01
9.875000000000000444e-01
9.877000000000000224e-01
9.865000000000000435e-01
9.848999999999999977e-01
9.868000000000000105e-01
9.866000000000000325e-01
9.838999999999999968e-01
9.713000000000000522e-01
9.822999999999999510e-01
9.816000000000000281e-01
9.828000000000000069e-01
9.856000000000000316e-01
9.849999999999999867e-01
9.867000000000000215e-01
9.858999999999999986e-01
9.856000000000000316e-01
9.859999999999999876e-01
9.864000000000000545e-01
9.885000000000000453e-01
9.861999999999999655e-01
9.886000000000000343e-01
9.864000000000000545e-01
9.854000000000000536e-01
9.861999999999999655e-01
9.870999999999999774e-01
9.868000000000000105e-01
9.870999999999999774e-01
9.868000000000000105e-01
9.860999999999999766e-01
9.879999999999999893e-01
9.835000000000000409e-01
9.847000000000000197e-01
9.855000000000000426e-01
9.851999999999999647e-01
9.845000000000000417e-01
9.870999999999999774e-01
9.860999999999999766e-01
9.867000000000000215e-01
9.860999999999999766e-01
9.870999999999999774e-01
9.859999999999999876e-01
9.865000000000000435e-01
9.880999999999999783e-01
9.887000000000000233e-01
9.880999999999999783e-01
9.889000000000000012e-01
9.882999999999999563e-01
9.892999999999999572e-01
9.858000000000000096e-01
9.846000000000000307e-01
9.852999999999999536e-01
9.794000000000000483e-01
9.819999999999999840e-01
9.821999999999999620e-01
9.821999999999999620e-01
9.809999999999999831e-01
9.817000000000000171e-01
9.842999999999999527e-01
9.866000000000000325e-01
9.872999999999999554e-01
9.860999999999999766e-01
9.858000000000000096e-01
9.855000000000000426e-01
9.839999999999999858e-01
9.818000000000000060e-01
9.848000000000000087e-01
9.830999999999999739e-01
9.849999999999999867e-01
9.844000000000000528e-01
9.786000000000000254e-01
9.841999999999999638e-01
9.846000000000000307e-01
9.835000000000000409e-01
9.779999999999999805e-01
9.818999999999999950e-01
9.818999999999999950e-01
9.856000000000000316e-01
9.859999999999999876e-01
