2.299595711898803518e+00
3.090291850566864174e-01
1.083984254717826889e-01
8.855177855491638828e-02
8.493578397035599081e-02
7.720883100032806257e-02
6.423177387118339521e-02
5.479601836800575276e-02
5.653541783690452238e-02
6.105167036056518420e-02
6.035645129084587363e-02
5.328671565651893482e-02
5.258722532391547910e-02
4.600582016706466354e-02
5.278015568256377854e-02
4.617047474980354171e-02
5.360803662538528302e-02
6.283511109352112045e-02
6.567512638568878680e-02
6.105961966514587141e-02
4.993427185416221548e-02
5.241413679122924885e-02
5.581264294981956586e-02
5.771828437447548005e-02
5.657759214043617257e-02
5.213102211952209269e-02
5.910153276920318555e-02
6.555038743019103720e-02
5.672779206037521088e-02
5.423939135074615225e-02
5.764584655165672089e-02
5.678907947540283441e-02
5.117252091169357392e-02
6.005879784822464040e-02
6.007368550300597881e-02
5.336353101730346993e-02
6.948711520433425992e-02
4.862066855430603046e-02
5.435522427558898972e-02
1.143956688761711138e-01
1.185538102865219129e-01
5.603841361999511994e-02
5.259278377294540618e-02
5.104718363285064980e-02
6.769402621984481339e-02
5.570053319931030089e-02
5.407675530910491940e-02
5.617478394508362144e-02
5.483487405180931251e-02
6.013222719430923180e-02
7.116795909404755038e-02
6.271500269770621805e-02
6.423272463679313704e-02
5.535509378910064698e-02
5.342003916501998628e-02
6.081801032423973102e-02
5.463997545838356062e-02
5.260509576797485487e-02
5.015492650270462344e-02
4.965192536115646538e-02
4.881266145110130239e-02
4.840557096004485804e-02
4.975728303194046354e-02
4.882765295505523545e-02
4.912320686578750678e-02
4.887938084602355682e-02
4.896602801680564887e-02
4.927981446981430369e-02
5.223504109978675813e-02
5.099465932250022565e-02
4.950215020179748321e-02
4.889564512372016752e-02
4.896954028010368221e-02
4.954342662096023614e-02
7.143152815103530340e-02
5.956638048887252790e-02
5.754452673792839063e-02
4.870661925077438698e-02
6.383849055767058800e-02
8.500619578361510997e-02
9.066569623947143275e-02
7.293257535696029414e-02
7.129338936805725002e-02
6.652346367835998420e-02
6.400469926595687975e-02
5.854379158020019819e-02
6.017780945301055839e-02
6.327185009717940789e-02
7.299880948066711506e-02
6.020121656656265280e-02
6.149977903366089099e-02
4.944946664571762268e-02
5.356777993440627744e-02
5.475102016925811887e-02
4.676683833003043855e-02
5.011919527053833312e-02
5.118016235828399402e-02
5.347886811494827197e-02
5.319844578504562271e-02
5.214738369584083488e-02
