2.306928022003174039e+00
2.985890893459319795e-01
1.178942342400550874e-01
8.228643021583556538e-02
1.116013914465904255e-01
6.852254918813704965e-02
5.462789455056190485e-02
5.837022717595100746e-02
5.899676323533058209e-02
5.105967206358909272e-02
5.533121498227119156e-02
4.761863573193549776e-02
5.205835453867912327e-02
5.866291022896766988e-02
8.080341095924377381e-02
6.402144770026206577e-02
5.402146552801131985e-02
6.052092959284782747e-02
5.106656343936920306e-02
6.936832581162452604e-02
5.846667982339859293e-02
4.818088833093642914e-02
5.275195202827453328e-02
5.342260690331458728e-02
5.232349320650100943e-02
4.968922402858733794e-02
4.831329924464225489e-02
4.447595871686935154e-02
4.787071397900581615e-02
5.108690933585167265e-02
4.815276768803596757e-02
4.998819039463996833e-02
4.743066070675849843e-02
4.718256832957267582e-02
5.960316724777221797e-02
5.815291635990142705e-02
4.619428127408027607e-02
5.014585613012313703e-02
4.699457921981811670e-02
4.907267616987228548e-02
4.623556926846503906e-02
6.394045323133468184e-02
5.594988531470299065e-02
6.699132262468338039e-02
1.059955181837081845e-01
5.796257283091545143e-02
6.710018651485442909e-02
5.487632870078086589e-02
8.127083426713943570e-02
4.619271038174629224e-02
6.106877390146255719e-02
5.420604016780853490e-02
5.508243866562843177e-02
6.139139764308929742e-02
5.646375905275344970e-02
5.598306543827057113e-02
5.522381469011306693e-02
4.484211491346359185e-02
4.777716966867447124e-02
4.654133421182632402e-02
5.083439306020736542e-02
5.497171180248260763e-02
5.022529922723770190e-02
4.930013698935508532e-02
5.350474230051040919e-02
4.928308379054069377e-02
4.968466300368309246e-02
4.560969629287719984e-02
4.652859264612197593e-02
4.452461724281311234e-02
4.404036657810211225e-02
4.690379751920700085e-02
4.830123381614685046e-02
6.163676213026046680e-02
4.600100726485252534e-02
5.302725310325622637e-02
5.144587302207946633e-02
5.760608280897140665e-02
5.216680755615234200e-02
4.968738089799881047e-02
4.997578586339950640e-02
4.765820719003677208e-02
4.781403291225433394e-02
4.866098704338073927e-02
6.842756561040878871e-02
6.253238285779952332e-02
6.743358773589133714e-02
6.254620762467384687e-02
5.396684093475341559e-02
7.756279275417328478e-02
5.705728074312210046e-02
6.173904440402984417e-02
6.162076880931854211e-02
5.832778612971305926e-02
5.119162496924400257e-02
5.535400804877281533e-02
4.858158778548240381e-02
6.939684423208236641e-02
6.564517904520034142e-02
5.579121854305267580e-02
