1.135000000000000037e-01
9.355999999999999872e-01
9.653000000000000469e-01
9.788000000000000034e-01
9.789999999999999813e-01
9.760999999999999677e-01
9.817000000000000171e-01
9.808000000000000052e-01
9.829999999999999849e-01
9.829999999999999849e-01
9.728999999999999870e-01
9.809999999999999831e-01
9.808999999999999941e-01
9.836000000000000298e-01
9.821999999999999620e-01
9.860999999999999766e-01
9.865000000000000435e-01
9.852999999999999536e-01
9.819999999999999840e-01
9.855000000000000426e-01
9.827000000000000179e-01
9.850999999999999757e-01
9.811999999999999611e-01
9.841999999999999638e-01
9.844000000000000528e-01
9.807000000000000162e-01
9.837000000000000188e-01
9.841999999999999638e-01
9.831999999999999629e-01
9.810999999999999721e-01
9.827000000000000179e-01
9.795000000000000373e-01
9.770999999999999686e-01
9.778000000000000025e-01
9.799999999999999822e-01
9.825000000000000400e-01
9.829999999999999849e-01
9.760999999999999677e-01
9.780999999999999694e-01
9.864000000000000545e-01
9.840999999999999748e-01
9.861999999999999655e-01
9.848999999999999977e-01
9.825000000000000400e-01
9.817000000000000171e-01
9.838000000000000078e-01
9.852999999999999536e-01
9.867000000000000215e-01
9.858999999999999986e-01
9.859999999999999876e-01
9.858000000000000096e-01
9.864000000000000545e-01
9.855000000000000426e-01
9.857000000000000206e-01
9.859999999999999876e-01
9.848999999999999977e-01
9.857000000000000206e-01
9.869999999999999885e-01
9.856000000000000316e-01
9.865000000000000435e-01
9.868000000000000105e-01
9.875000000000000444e-01
9.870999999999999774e-01
9.874000000000000554e-01
9.871999999999999664e-01
9.870999999999999774e-01
9.865000000000000435e-01
9.872999999999999554e-01
9.872999999999999554e-01
9.872999999999999554e-01
9.875000000000000444e-01
9.876000000000000334e-01
9.875000000000000444e-01
9.876000000000000334e-01
9.868000000000000105e-01
9.876000000000000334e-01
9.878000000000000114e-01
9.872999999999999554e-01
9.860999999999999766e-01
9.867000000000000215e-01
9.872999999999999554e-01
9.840999999999999748e-01
9.862999999999999545e-01
9.818999999999999950e-01
9.809999999999999831e-01
9.736000000000000210e-01
9.778999999999999915e-01
9.821999999999999620e-01
9.831999999999999629e-01
9.838000000000000078e-01
9.826000000000000290e-01
9.851999999999999647e-01
9.817000000000000171e-01
9.827000000000000179e-01
9.857000000000000206e-01
9.848999999999999977e-01
9.852999999999999536e-01
9.830999999999999739e-01
9.845000000000000417e-01
9.848000000000000087e-01
