2.308074068069458029e+00
3.288686786651611182e-01
7.037698087692260962e-02
4.944001749157905801e-02
3.817383942604064828e-02
3.404542272090911592e-02
2.936195466816425223e-02
2.680678727328777294e-02
2.568442441821098404e-02
2.482308627963066006e-02
2.157614909112453433e-02
2.108009830117225578e-02
2.146357761025428912e-02
2.118587747812271035e-02
2.115647725462913367e-02
2.107597066462039981e-02
1.982121723592281462e-02
1.929698594510555199e-02
2.035742386579513646e-02
1.838159825503826034e-02
1.899265239536762281e-02
1.987238705158233740e-02
2.011602786779403615e-02
1.967458910346031251e-02
1.978114752173423807e-02
1.959111588001251347e-02
1.908959165811538808e-02
1.973374902307987316e-02
1.881341406702995156e-02
2.053967708349227830e-02
1.818988507539033919e-02
1.950434873998165008e-02
1.973861184120178150e-02
1.792332720458507389e-02
1.922051287889480625e-02
2.027324573993682932e-02
2.025410892367363047e-02
1.998779146075248606e-02
1.954067608118057256e-02
1.909979763329028996e-02
2.134650529623031631e-02
1.921363643705844768e-02
2.137787724733352518e-02
2.062450399398803660e-02
2.087653869688510869e-02
1.983142967224121173e-02
2.073119661808013950e-02
2.088817105293273857e-02
1.985032585561275625e-02
2.024524647295474974e-02
2.034508110880851872e-02
1.921398798823356624e-02
2.118782029747963078e-02
2.115071938633918819e-02
2.216403169631957909e-02
2.176468623280525261e-02
2.203768505454063373e-02
2.357578659653663741e-02
2.253231117427349078e-02
2.111470088362693912e-02
2.221857418119907446e-02
2.252779478430748036e-02
2.148219313025474461e-02
2.315331298112869099e-02
2.334396317601204057e-02
2.319935627579688964e-02
2.128305053114891085e-02
2.064648879170417894e-02
2.077004854679107698e-02
2.133868711590766742e-02
2.184152601361274634e-02
2.166591694355010991e-02
2.132622899413108911e-02
1.949066194295883195e-02
2.114891537427902174e-02
2.199467002749443123e-02
2.122610138654709017e-02
2.131061059236526514e-02
2.268795815706253077e-02
2.245071670413017334e-02
2.156668370962143075e-02
2.364321929216384871e-02
2.330440737009048524e-02
2.178913548588752580e-02
2.406600044965744034e-02
2.362526910305023237e-02
2.230834869146347196e-02
2.422749006748199305e-02
2.300819226503372089e-02
2.393693758249282669e-02
2.462377842664718527e-02
2.395844151377677853e-02
2.468289394974708395e-02
2.395764375329017745e-02
2.369623951911926235e-02
2.423743988871574287e-02
2.231882357299327935e-02
2.221432855725288466e-02
2.291749837398529208e-02
2.466499091386795128e-02
