2.308074068069458029e+00
3.288686985969543342e-01
7.037698049545287882e-02
4.944002178907394573e-02
3.817383990287780832e-02
3.404542359113692934e-02
2.936195313632488160e-02
2.680678541660308847e-02
2.568442634344100806e-02
2.482308605313300956e-02
2.157614881098270446e-02
2.108009826242923657e-02
2.146357765197753897e-02
2.118587767779827116e-02
2.115647573173046192e-02
2.107597112059593145e-02
1.982121531963348254e-02
1.929698692858219239e-02
2.035742334723472657e-02
1.838159835040569304e-02
1.899265205562114880e-02
1.987238834500312801e-02
2.011602686345577082e-02
1.967459036707878278e-02
1.978114795088768002e-02
1.959111492335796276e-02
1.908959203064441654e-02
1.973374861180782203e-02
1.881341313421726336e-02
2.053967598974704850e-02
1.818988474458456059e-02
1.950434802472591350e-02
1.973861205279827183e-02
1.792332489192485778e-02
1.922051320075988598e-02
2.027324570417404076e-02
2.025410751402378223e-02
1.998779059648513740e-02
1.954067680537700802e-02
1.909979787468910062e-02
2.134650285243987894e-02
1.921363696455955644e-02
2.137787787318229729e-02
2.062450631260871747e-02
2.087653930187225240e-02
1.983142741024494088e-02
2.073119637966155948e-02
2.088816980421543193e-02
1.985032503902912221e-02
2.024524648785590991e-02
2.034508121311664683e-02
1.921398644745350021e-02
2.118782010674476537e-02
2.115071765184402611e-02
2.216403230428695692e-02
2.176468493342399724e-02
2.203768607378005923e-02
2.357578638195991644e-02
2.253231202363967928e-02
2.111470113992690995e-02
2.221857227385044126e-02
2.252779384553432393e-02
2.148219062983989722e-02
2.315331217050552517e-02
2.334396356344222920e-02
2.319935562610626195e-02
2.128305305838584793e-02
2.064648849070072067e-02
2.077004768848419308e-02
2.133868677020072865e-02
2.184152376651763913e-02
2.166591476202011160e-02
2.132622882723808275e-02
1.949066306352615491e-02
2.114891697168350126e-02
2.199467131197452643e-02
2.122610257863998331e-02
2.131060945689678202e-02
2.268795909285545309e-02
2.245071876645088338e-02
2.156668503284454516e-02
2.364321808815002604e-02
2.330440713763236998e-02
2.178913798928260731e-02
2.406599963903427106e-02
2.362527332305908168e-02
2.230835005640983623e-02
2.422749108076095725e-02
2.300819140672683699e-02
2.393693561553954935e-02
2.462377658486366444e-02
2.395844222903251511e-02
2.468289614319801178e-02
2.395764336585998536e-02
2.369623701572418084e-02
2.423743913769722119e-02
2.231882425844669213e-02
2.221432902216911170e-02
2.291749837398529208e-02
2.466499165296554691e-02
