2.300048149490356408e+00
2.785223791122436454e-01
1.177162480592727628e-01
9.182606785297393881e-02
6.987177174091338538e-02
7.281848313808440831e-02
6.229901382327079906e-02
7.391380233764648089e-02
6.350537763833999372e-02
6.004280657768249624e-02
5.417133054137229786e-02
6.255275195240973807e-02
5.966722686290740901e-02
5.538573526144027759e-02
5.888909608125686423e-02
4.929745360016822564e-02
5.881552414894104103e-02
5.960576496124267432e-02
7.274428090453147200e-02
6.929628391265868492e-02
6.172496429681777891e-02
7.635869013667107019e-02
7.626260902285575405e-02
6.994295670986175328e-02
5.385585842132568218e-02
4.963223608732223596e-02
5.141281663179397832e-02
5.453512306213378902e-02
5.329063244462012988e-02
5.508293453454971011e-02
5.454716032147407384e-02
5.998971158266067777e-02
5.373460079431533615e-02
4.848614226579665842e-02
5.059251243472099452e-02
5.465880837440490608e-02
5.300853601694106854e-02
4.994031331539153934e-02
5.274559142589568816e-02
5.160103406906128148e-02
5.136129308938980342e-02
5.113819264769554201e-02
5.372065931558608898e-02
5.358823089599609041e-02
5.276049556732177737e-02
4.999584994912147778e-02
5.011132767200469906e-02
5.229073780179023523e-02
5.116524370908737129e-02
5.600134898424148633e-02
5.995479078292846598e-02
5.016862760186195647e-02
6.302620609402656560e-02
7.396404874324798151e-02
9.484434531927109224e-02
1.131738311171531647e-01
9.129153478145599077e-02
6.230106861591339085e-02
5.812325333356857526e-02
6.299334058165549644e-02
5.774782583713531509e-02
6.318153187036514018e-02
6.594741606712341275e-02
6.466859277486801394e-02
5.285230916738509893e-02
5.764165174961090321e-02
6.098702579736709622e-02
5.142923417687415844e-02
6.213682022094726282e-02
5.609787876009941082e-02
5.033003774285316201e-02
5.023657479882240318e-02
4.928999916315078555e-02
4.904821365475654782e-02
5.219769837856292477e-02
5.331009051799773940e-02
7.130914924144744760e-02
6.306766755580901773e-02
6.996491141319274853e-02
6.375097291469573879e-02
6.233275729417801087e-02
6.964805147647858130e-02
6.070665323734283220e-02
6.367885998487472776e-02
5.872193400859832685e-02
6.212957211732864082e-02
5.446413552761077831e-02
5.592675078511238212e-02
6.430049617290496677e-02
7.105851390361786479e-02
6.546754841804504343e-02
6.824777413606643306e-02
8.078819012641906550e-02
6.178299579620361026e-02
5.887247096896171261e-02
5.563571354150772391e-02
5.601761846542358675e-02
6.177675122022628640e-02
5.551503393650054907e-02
6.547836568355559772e-02
