2.311594755935669099e+00
2.686980679988861254e-01
1.086566321372985783e-01
7.907398449182510836e-02
6.567744992971420726e-02
6.311224696636200115e-02
6.751551312208176059e-02
6.474695214629173912e-02
5.810816966295242331e-02
5.345948529839515684e-02
5.036796652078628228e-02
5.124207912683487187e-02
4.863031655550002774e-02
5.298662812113762166e-02
5.689027399420738124e-02
8.570329256057739042e-02
6.185068704485893049e-02
5.666398372650146426e-02
5.611850390434264951e-02
5.435978128910064905e-02
4.853080898523330633e-02
4.887066569328308435e-02
4.507613889575004529e-02
4.481157988905906664e-02
4.325560675263404736e-02
4.282718853056430991e-02
4.916048320531844762e-02
4.508283506631851484e-02
4.948736209571361760e-02
4.715611186623573647e-02
5.170812024474143870e-02
8.175667603611945500e-02
5.561633493900298986e-02
5.415605308413505570e-02
5.393215324282646383e-02
5.363195243477821006e-02
5.265852212905883928e-02
4.938233558535575635e-02
5.269079359769821003e-02
5.358025076985359347e-02
5.366288844943046393e-02
4.927787144780158834e-02
4.972907278537750525e-02
4.904812335371971227e-02
4.964107531905174314e-02
4.881266159415244971e-02
4.537405068874358904e-02
4.751295377612113624e-02
4.618196385502815193e-02
4.408354736566543614e-02
5.494007811546325337e-02
4.645629173517227400e-02
5.011195755600929280e-02
5.391247179508209392e-02
6.539330970048903846e-02
5.545596235990524203e-02
6.102305215597152860e-02
5.760613866448402454e-02
6.956718158721923728e-02
6.942431443929672485e-02
6.942229917049408394e-02
6.415298271179199763e-02
6.326959859132766373e-02
5.430700311660766749e-02
6.440838038325309711e-02
6.387078269720077028e-02
6.322888485789299184e-02
5.373057395815849374e-02
5.495425682067871243e-02
5.400832538604736360e-02
5.013823416829109314e-02
4.881919040083885358e-02
4.720343372225761086e-02
4.721433949470520142e-02
4.782966169118881006e-02
4.772052829861640755e-02
5.401343288421631139e-02
5.714831794500351003e-02
6.359365924596786790e-02
8.437835245132446760e-02
6.722259653806686441e-02
6.318389005661011193e-02
6.240731874704361082e-02
6.404685984253882802e-02
6.505126797556877449e-02
6.042752633094787551e-02
5.519490184783935882e-02
4.809675175249576717e-02
6.490722403526305584e-02
8.457193330526352470e-02
6.273306313753128360e-02
6.485933786630630749e-02
6.002906851768493451e-02
4.638245302438735729e-02
5.705178420543670359e-02
4.817590240836143456e-02
5.123513934016227928e-02
5.003677594661712358e-02
4.773695632815361245e-02
4.707788349986076482e-02
