2.308074068069458029e+00
3.288686924934386968e-01
7.037698011398314801e-02
4.944002035260200434e-02
3.817383991479873784e-02
3.404542233943939206e-02
2.936195446550846078e-02
2.680678670108318368e-02
2.568442614674568136e-02
2.482308610081672764e-02
2.157614946961402755e-02
2.108009811043739384e-02
2.146357831954956094e-02
2.118587667346000583e-02
2.115647582411766051e-02
2.107597094774246380e-02
1.982121665775776059e-02
1.929698574841022529e-02
2.035742253065109253e-02
1.838159928023815060e-02
1.899265143573284145e-02
1.987238666415214530e-02
2.011602578759193530e-02
1.967459167838096767e-02
1.978114952445030050e-02
1.959111478030681544e-02
1.908959125280380170e-02
1.973374920785427034e-02
1.881341372430324690e-02
2.053967618048191043e-02
1.818988712877035036e-02
1.950434859097003801e-02
1.973861251473426823e-02
1.792332560718059437e-02
1.922051323652267454e-02
2.027324712872505263e-02
2.025410763919353527e-02
1.998778898417949770e-02
1.954067555963993202e-02
1.909979735314846008e-02
2.134650119543075528e-02
1.921363478600978877e-02
2.137787767648697060e-02
2.062450368404388293e-02
2.087653807401657069e-02
1.983142935037612853e-02
2.073119634985923915e-02
2.088817024827003405e-02
1.985032663047313697e-02
2.024524711370468202e-02
2.034508195519447310e-02
1.921398633420467322e-02
2.118782309591770233e-02
2.115071641206741487e-02
2.216403171420097337e-02
2.176468707323074223e-02
2.203768597245216523e-02
2.357578541636467032e-02
2.253231441080570316e-02
2.111470035910606446e-02
2.221857094168663144e-02
2.252779627144336702e-02
2.148219076097011501e-02
2.315331214666366613e-02
2.334396094083785941e-02
2.319935542345047050e-02
2.128305273652076821e-02
2.064648584723472596e-02
2.077004921436309895e-02
2.133868698477744963e-02
2.184152531623840404e-02
2.166591482162475574e-02
2.132622991800308190e-02
1.949066025018691972e-02
2.114891710877418382e-02
2.199467049837112304e-02
2.122610179185867307e-02
2.131061021387577192e-02
2.268796067833900310e-02
2.245071819424629064e-02
2.156668356657028343e-02
2.364321956634521382e-02
2.330440567135810825e-02
2.178913450241088887e-02
2.406600350737571684e-02
2.362527002692222516e-02
2.230834635496139681e-02
2.422748996615409905e-02
2.300819377303123595e-02
2.393693994283676088e-02
2.462377564311027389e-02
2.395844414234161307e-02
2.468289250731468126e-02
2.395764105319976925e-02
2.369623792469501347e-02
2.423744046688079690e-02
2.231882236301898845e-02
2.221432997584342831e-02
2.291749879717826927e-02
2.466499211192130919e-02
