1.135000000000000037e-01
9.596000000000000085e-01
9.701999999999999513e-01
9.789999999999999813e-01
9.789999999999999813e-01
9.824000000000000510e-01
9.840999999999999748e-01
9.841999999999999638e-01
9.797000000000000153e-01
9.819999999999999840e-01
9.725000000000000311e-01
9.768999999999999906e-01
9.831999999999999629e-01
9.816000000000000281e-01
9.812999999999999501e-01
9.848000000000000087e-01
9.855000000000000426e-01
9.838000000000000078e-01
9.868000000000000105e-01
9.836000000000000298e-01
9.787000000000000144e-01
9.731999999999999540e-01
9.795000000000000373e-01
9.818000000000000060e-01
9.821999999999999620e-01
9.852999999999999536e-01
9.801999999999999602e-01
9.846000000000000307e-01
9.856000000000000316e-01
9.852999999999999536e-01
9.856000000000000316e-01
9.848000000000000087e-01
9.864000000000000545e-01
9.865000000000000435e-01
9.857000000000000206e-01
9.868999999999999995e-01
9.860999999999999766e-01
9.847000000000000197e-01
9.868999999999999995e-01
9.870999999999999774e-01
9.860999999999999766e-01
9.864000000000000545e-01
9.858999999999999986e-01
9.861999999999999655e-01
9.860999999999999766e-01
9.827000000000000179e-01
9.856000000000000316e-01
9.822999999999999510e-01
9.812999999999999501e-01
9.804000000000000492e-01
9.795000000000000373e-01
9.822999999999999510e-01
9.848000000000000087e-01
9.854000000000000536e-01
9.821999999999999620e-01
9.842999999999999527e-01
9.835000000000000409e-01
9.857000000000000206e-01
9.859999999999999876e-01
9.858000000000000096e-01
9.874000000000000554e-01
9.867000000000000215e-01
9.862999999999999545e-01
9.856000000000000316e-01
9.864000000000000545e-01
9.859999999999999876e-01
9.869999999999999885e-01
9.831999999999999629e-01
9.840999999999999748e-01
9.851999999999999647e-01
9.847000000000000197e-01
9.818999999999999950e-01
9.834000000000000519e-01
9.870999999999999774e-01
9.849999999999999867e-01
9.805000000000000382e-01
9.841999999999999638e-01
9.871999999999999664e-01
9.864000000000000545e-01
9.858999999999999986e-01
9.870999999999999774e-01
9.865000000000000435e-01
9.858999999999999986e-01
9.868000000000000105e-01
9.877000000000000224e-01
9.848000000000000087e-01
9.862999999999999545e-01
9.864000000000000545e-01
9.875000000000000444e-01
9.877000000000000224e-01
9.876000000000000334e-01
9.871999999999999664e-01
9.875000000000000444e-01
9.859999999999999876e-01
9.856000000000000316e-01
9.870999999999999774e-01
9.865000000000000435e-01
9.835000000000000409e-01
9.797000000000000153e-01
9.822999999999999510e-01
