2.308074092483520356e+00
3.288686848640441918e-01
7.037698451280594014e-02
4.944002016186713894e-02
3.817383991479873784e-02
3.404542254805564827e-02
2.936195595264434743e-02
2.680678479373455048e-02
2.568442701101303002e-02
2.482308686971664360e-02
2.157614822685718567e-02
2.108009921908378728e-02
2.146357842683791969e-02
2.118587839007377710e-02
2.115647500157356170e-02
2.107597194015979614e-02
1.982121627628803326e-02
1.929698783457279090e-02
2.035742239356040997e-02
1.838159711062908180e-02
1.899265335202217006e-02
1.987238671183585992e-02
2.011602798402309378e-02
1.967459058165550376e-02
1.978114809691906145e-02
1.959111551940441107e-02
1.908959218561649337e-02
1.973374971449375070e-02
1.881341308653354527e-02
2.053967742919921707e-02
1.818988505005836656e-02
1.950434712469577628e-02
1.973861289024353080e-02
1.792332545816898229e-02
1.922051365077495633e-02
2.027324618697166556e-02
2.025410893857479064e-02
1.998779171705246036e-02
1.954067818820476657e-02
1.909979854524135670e-02
2.134650217294693092e-02
1.921363500654697451e-02
2.137787947654724158e-02
2.062450298070907587e-02
2.087653917074203461e-02
1.983142761290073233e-02
2.073119787573814501e-02
2.088817161619663243e-02
1.985032627284526868e-02
2.024524676799774325e-02
2.034508215487003391e-02
1.921398709416389378e-02
2.118781985342502519e-02
2.115071796178817631e-02
2.216403369307518023e-02
2.176468723416328382e-02
2.203768497109413055e-02
2.357578575015067956e-02
2.253231094479560964e-02
2.111470091342925945e-02
2.221857211291789966e-02
2.252779545783996709e-02
2.148219258487224503e-02
2.315331175923347404e-02
2.334395931959152085e-02
2.319935683012008809e-02
2.128305139541625951e-02
2.064648808240890365e-02
2.077004787325859025e-02
2.133868698477744963e-02
2.184152492284774719e-02
2.166591461896896428e-02
2.132623134851455854e-02
1.949066143035888682e-02
2.114891467094421468e-02
2.199467152059078265e-02
2.122610411643981870e-02
2.131060881614684974e-02
2.268795787692070090e-02
2.245071770548820456e-02
2.156668416261672827e-02
2.364321843981742957e-02
2.330440666675567471e-02
2.178913684487342878e-02
2.406600260138511485e-02
2.362526928782462954e-02
2.230834717750549215e-02
2.422749165892601128e-02
2.300819239616394216e-02
2.393693609237670938e-02
2.462377722263336260e-02
2.395843971371650755e-02
2.468289403319358713e-02
2.395764133930206388e-02
2.369623790085315790e-02
2.423744013905525241e-02
2.231882307827472850e-02
2.221432740092277661e-02
2.291749733090400754e-02
2.466499204933643441e-02
