2.300775266647338668e+00
2.466833134412765582e-01
1.097299768090248123e-01
8.133806096315383816e-02
8.203828722238540316e-02
5.905552315711975336e-02
5.672061398625374146e-02
5.221198014020919653e-02
6.050591570734977637e-02
6.096205058693885542e-02
5.746753330230713191e-02
5.142280859351158057e-02
5.995178264379501243e-02
4.518494672179221988e-02
5.609544897079467990e-02
5.820191736221313333e-02
5.111708886623382575e-02
4.963696748614310900e-02
5.015830724239349336e-02
4.446236926913261361e-02
4.786270095109939476e-02
4.158827798366546841e-02
4.050316393375396479e-02
4.981312406063079928e-02
4.353994677662849366e-02
3.888150470256805658e-02
4.051806346178055129e-02
3.794721317589282855e-02
3.849518957734107683e-02
4.470190474987029844e-02
5.689193165898322885e-02
4.854063651561737330e-02
6.458675980567932240e-02
6.519587744474411584e-02
4.578579370379447927e-02
4.929761283993720766e-02
4.943166662454605287e-02
4.979575231671333480e-02
6.056675115823745986e-02
5.519416096806525895e-02
5.232614918947219723e-02
4.893740552067756683e-02
4.654096244573593250e-02
4.324053356647491325e-02
4.629657390117645349e-02
4.447661327123642039e-02
4.859065023660659455e-02
4.825997151732444590e-02
4.426387036740779546e-02
6.275166704058647571e-02
5.516802531480789057e-02
8.865027347803115798e-02
6.484237931966781165e-02
6.023667263388633730e-02
6.629172132611274582e-02
5.639948729276657302e-02
5.636585516929626394e-02
5.224345155358314785e-02
4.999217763543128967e-02
6.694080801010131310e-02
5.600213674306869782e-02
6.528831760883331559e-02
5.675244718790053988e-02
5.204550893306732207e-02
5.347421158552170123e-02
4.891937388181686469e-02
4.639652060270309242e-02
5.066738647222519126e-02
4.950767098665237453e-02
5.128415567874908265e-02
6.001277379989623795e-02
5.867534693479537627e-02
5.844622725844383221e-02
5.382397488951683184e-02
4.507089256346225731e-02
5.429260108470916613e-02
4.926437996625900040e-02
5.743811774849891943e-02
4.518850890994072222e-02
5.210221672058105297e-02
4.697206166982650921e-02
4.987321354150772018e-02
5.583262692093848845e-02
6.464599800705909949e-02
7.674706785082817395e-02
6.957599727511405707e-02
6.343989605903625761e-02
5.165837702751159555e-02
4.641893319487571529e-02
5.663568096160888354e-02
6.150088893175124916e-02
5.357968517541885495e-02
5.144073858261108412e-02
5.049731853604316756e-02
4.817380385994911307e-02
4.989974638223648035e-02
4.717439442873001126e-02
4.496754828095436002e-02
4.827597182989120522e-02
4.884753057956695704e-02
