2.308074068069458029e+00
3.288686985969543342e-01
7.037698336839676161e-02
4.944001873731613400e-02
3.817384057641029504e-02
3.404542369842529503e-02
2.936195422410965011e-02
2.680678623020648840e-02
2.568442747592926054e-02
2.482308733463287412e-02
2.157614847719669174e-02
2.108009807169437463e-02
2.146357741355895896e-02
2.118587810993194723e-02
2.115647495687007773e-02
2.107597136795520687e-02
1.982121746540069576e-02
1.929698589146137261e-02
2.035742215514182996e-02
1.838159779310226394e-02
1.899265133440494399e-02
1.987238494753837750e-02
2.011602803468704251e-02
1.967459252476692205e-02
1.978115038573741852e-02
1.959111553728580535e-02
1.908959258198738088e-02
1.973374972641468023e-02
1.881341376900672741e-02
2.053967469930648854e-02
1.818988505005836656e-02
1.950434733331203596e-02
1.973861251473426823e-02
1.792332516312599225e-02
1.922051349878311013e-02
2.027324666380882212e-02
2.025410879254341268e-02
1.998779188096523260e-02
1.954067980945110167e-02
1.909979739487171341e-02
2.134650141000747625e-02
1.921363522112369548e-02
2.137788125276565698e-02
2.062450478076934685e-02
2.087653928399086159e-02
1.983142835795879272e-02
2.073119653463363632e-02
2.088817008435726180e-02
1.985032639801502172e-02
2.024524608254432700e-02
2.034508387148380171e-02
1.921398692429065677e-02
2.118782192170619999e-02
2.115071811079978839e-02
2.216403173804283241e-02
2.176468657255172662e-02
2.203768400549888443e-02
2.357578620314598056e-02
2.253231168687343591e-02
2.111470111012458961e-02
2.221857141554355736e-02
2.252779619991779336e-02
2.148219059109687801e-02
2.315331120491027905e-02
2.334396350681781918e-02
2.319935705661773512e-02
2.128305526971817005e-02
2.064648762345314137e-02
2.077004669308662316e-02
2.133868665099144038e-02
2.184152312278747621e-02
2.166591466069221414e-02
2.132623022198677082e-02
1.949066152572631952e-02
2.114891890287399351e-02
2.199467163085937552e-02
2.122610144615173430e-02
2.131060830056667396e-02
2.268795909881591785e-02
2.245071685314178542e-02
2.156668469309806768e-02
2.364322002530097958e-02
2.330440880060195841e-02
2.178913698196411133e-02
2.406600318551063711e-02
2.362527136802673386e-02
2.230834904909134025e-02
2.422749233245849454e-02
2.300819208621978848e-02
2.393693767189979463e-02
2.462377517819404685e-02
2.395844039320945904e-02
2.468289667963981596e-02
2.395764292478561389e-02
2.369623793661594299e-02
2.423743999600410509e-02
2.231882418990135258e-02
2.221432885527610882e-02
2.291749824285507081e-02
2.466499158442020390e-02
