2.315875732040405310e+00
2.660117634296417233e-01
9.837123947143554259e-02
8.060738905668259069e-02
8.653110347986221751e-02
7.338695293068886460e-02
7.719067938327789369e-02
5.327670468688010946e-02
6.522453187108040451e-02
7.296465417146683063e-02
5.119374861121177983e-02
4.938966540098189972e-02
4.874461123347282460e-02
5.822165229320526436e-02
6.125699818134307945e-02
5.310861515402794109e-02
6.266901291608810431e-02
5.151025975942611496e-02
4.960250294208526367e-02
5.506251992583274801e-02
5.322998647093772628e-02
6.011332211494446048e-02
6.165205364227294843e-02
5.576522541642189162e-02
5.631403232216834753e-02
5.424014285802841034e-02
5.774910545349121183e-02
5.342094443440437157e-02
5.167728865742683697e-02
4.735989017486572084e-02
4.728986124992370921e-02
5.127320968508720239e-02
4.997265302538871773e-02
5.456672227978706657e-02
6.178047083616256679e-02
7.169247134923935338e-02
5.968186504840850698e-02
5.741747758984565991e-02
6.401004375219344900e-02
7.772257869839668820e-02
8.012602288722991961e-02
5.736180329918861426e-02
6.093747385740280048e-02
5.933270251750945995e-02
5.363799932599067760e-02
5.238729141354560997e-02
4.626331214904785133e-02
4.880079855322837917e-02
5.743852370977401561e-02
5.173205299973487881e-02
5.179864245653152677e-02
5.597385516762733160e-02
5.106265064775943746e-02
4.943547814488410963e-02
4.780002619028091149e-02
4.563996604084968878e-02
4.945741182565688981e-02
4.570164998173713994e-02
4.485449169278144660e-02
4.319591454565525207e-02
4.434736256301403251e-02
4.326058887243271200e-02
4.378178896903991979e-02
5.730976505875587379e-02
4.738082945346832470e-02
4.899183804392814867e-02
5.351991947293281704e-02
4.481031892299652125e-02
5.770530860424041841e-02
5.613191658854484872e-02
5.644653090238570953e-02
5.655737032890319899e-02
5.663882690668105985e-02
6.569203311800957124e-02
5.592477414011955139e-02
6.110352494716644184e-02
7.975381130576134070e-02
7.556463404297829312e-02
5.930959379076957555e-02
6.871533688306807885e-02
5.421482907533645840e-02
5.842746498584747150e-02
6.511931027173996356e-02
6.184607765674591390e-02
6.163618175387382270e-02
6.138963486552238141e-02
6.206042243242263640e-02
7.001209249496459508e-02
5.956277799010276791e-02
6.471032023429870716e-02
6.128989871144294860e-02
7.301687428951263159e-02
6.000074023008346302e-02
6.908758798241615429e-02
6.527594825029373049e-02
7.628767325878142713e-02
7.038220115900040152e-02
6.651202114224434581e-02
6.486227632164955070e-02
6.753570153117180452e-02
