2.317911049652099820e+00
3.416547811985015670e-01
9.372476332187652803e-02
8.318895728588104888e-02
7.046022026538849292e-02
6.225642257928848400e-02
6.802951775193213924e-02
5.134689092040062297e-02
5.835184606313705696e-02
6.056698959469795224e-02
4.982783976793288966e-02
5.090317546725273146e-02
5.848094621300697210e-02
5.388046881556510931e-02
4.904124069213867260e-02
4.655501414537429467e-02
4.347799053788185125e-02
5.092908942699432562e-02
4.856476855278014926e-02
4.365031372904777662e-02
3.946072228252887892e-02
3.671094376146793320e-02
3.633018507659434987e-02
3.704679176807403745e-02
5.236145378053188443e-02
6.800937635898590683e-02
8.233403015136718517e-02
6.001769153475761120e-02
6.139295781850814815e-02
4.495207953751087504e-02
5.976065914630889625e-02
4.690586483478546148e-02
3.564470047652721491e-02
3.803815377950668652e-02
3.531817004680633254e-02
3.665425923764705635e-02
3.563411318957805662e-02
3.524697462916374230e-02
4.230457961261272631e-02
3.816003066599368831e-02
3.495802644789219177e-02
3.325615347027778557e-02
3.453892803490161978e-02
3.430648651719093306e-02
3.756329690814018407e-02
3.580990249514579699e-02
3.536885145604610342e-02
3.507520116269588484e-02
3.456440472900867283e-02
3.818017602860927784e-02
3.916880224943160987e-02
4.125886276960372828e-02
4.259702682495117299e-02
4.377779027819633795e-02
4.094332317113876657e-02
4.278468421399593546e-02
4.717103674411773917e-02
4.610028365254402460e-02
5.560643169879913444e-02
1.325290288686752360e-01
6.172638860940933558e-02
5.665733026266098205e-02
4.602329578399658172e-02
4.794988055825233353e-02
4.668612109422683870e-02
4.611472248733043677e-02
4.214163212776184109e-02
4.788453503251075688e-02
4.434667073488235411e-02
5.336823878288268763e-02
4.151431081295013648e-02
4.456259497702121791e-02
4.166317406296730225e-02
4.225160853862762467e-02
4.115161116719245893e-02
4.103867966830730685e-02
4.001973904967308371e-02
4.017677828073501489e-02
4.140037944316864171e-02
4.276084796786308595e-02
4.576092402935028058e-02
4.301910170316695925e-02
3.801999436318874437e-02
3.831357491016387784e-02
3.772191722095012689e-02
3.866465604305267117e-02
6.927700790166854694e-02
5.917216811180114888e-02
6.896970719099045077e-02
5.738978866934776185e-02
7.167210972905159461e-02
5.525633303523063561e-02
4.809777844548225600e-02
4.363105926811695207e-02
3.956635535061359121e-02
4.073688057661056794e-02
3.901410579830408287e-02
3.722810051143169568e-02
3.820356138944625696e-02
4.010198435485363283e-02
