2.308074092483520356e+00
3.288686649322509759e-01
7.037698184251785227e-02
4.944002111554145901e-02
3.817383752465248331e-02
3.404542359113692934e-02
2.936195337772369227e-02
2.680678584873676454e-02
2.568442748188972530e-02
2.482308762669563351e-02
2.157614813745021773e-02
2.108009850382804723e-02
2.146357731819152972e-02
2.118587887585163254e-02
2.115647549033165126e-02
2.107597003579139705e-02
1.982121688127517697e-02
1.929698606729507437e-02
2.035742415189743110e-02
1.838159914016723739e-02
1.899265090525150204e-02
1.987238345742225673e-02
2.011602706313133163e-02
1.967458980679511957e-02
1.978114932477474316e-02
1.959111426770687031e-02
1.908959100544452628e-02
1.973374847173690882e-02
1.881341353356838150e-02
2.053967487812042095e-02
1.818988598436117182e-02
1.950434604287147600e-02
1.973861303627490876e-02
1.792332495748996668e-02
1.922051270008087037e-02
2.027324553728103787e-02
2.025410875380039347e-02
1.998779169023037067e-02
1.954067738056182793e-02
1.909979680180549574e-02
2.134650233387947252e-02
1.921363506913185276e-02
2.137787633538246190e-02
2.062450364232063307e-02
2.087653802633285607e-02
1.983142879605293354e-02
2.073119336366653284e-02
2.088817034065723263e-02
1.985032638907432631e-02
2.024524775743484495e-02
2.034508481025695814e-02
1.921398697793483615e-02
2.118782059550285493e-02
2.115071724057197497e-02
2.216403145790100254e-02
2.176468771100044386e-02
2.203768361210823104e-02
2.357578244209289700e-02
2.253231330811977448e-02
2.111470094323158325e-02
2.221857024729251978e-02
2.252779394090175663e-02
2.148218934535980201e-02
2.315331207513809247e-02
2.334396165311336535e-02
2.319935654401779346e-02
2.128305339217186065e-02
2.064648747444152929e-02
2.077004845142364428e-02
2.133868694901466453e-02
2.184152650237083590e-02
2.166591467261314366e-02
2.132623089551925755e-02
1.949066160917282270e-02
2.114891573786735479e-02
2.199467267394066006e-02
2.122610113620758063e-02
2.131060758829116802e-02
2.268795948028564519e-02
2.245071779489517250e-02
2.156668314933776753e-02
2.364321776032447808e-02
2.330441001653671407e-02
2.178913549184799056e-02
2.406600257754325928e-02
2.362527091503143287e-02
2.230835021138191307e-02
2.422749155759811382e-02
2.300819154381751955e-02
2.393693657517433071e-02
2.462377858161926211e-02
2.395844157338142266e-02
2.468289455771446178e-02
2.395764528512954808e-02
2.369623895287513785e-02
2.423743956685066314e-02
2.231882365047931777e-02
2.221432817578315733e-02
2.291749960184097379e-02
2.466498833000660071e-02
