2.299340935516357209e+00
3.226433770656585431e-01
9.518435643911361821e-02
9.461482095718383445e-02
7.301501039266586335e-02
7.085724483728408907e-02
5.774091981053352390e-02
6.272385702133179142e-02
5.498392040729522395e-02
5.217380306124687339e-02
6.054161374568939324e-02
5.572424237132072439e-02
6.787498447299003534e-02
5.132842721343040121e-02
5.088272677063941651e-02
5.201660540699958729e-02
5.345034961104393190e-02
4.871110416054725417e-02
4.852242519855499286e-02
5.432579869627952862e-02
5.834219925403594936e-02
4.524790164828300376e-02
5.173482972383498801e-02
4.861546628475189175e-02
5.993696908354759212e-02
5.428056173920631222e-02
4.964031808972358545e-02
6.627654177546500602e-02
5.379022721648216154e-02
8.453783415555954361e-02
7.008854562044143643e-02
8.761260099411011248e-02
5.256949824690818757e-02
6.119007468223571639e-02
5.702254643440246573e-02
6.149249795675277436e-02
5.789364162683487136e-02
5.421119480133056862e-02
4.942407135367393733e-02
4.710288701653480431e-02
5.001680071949958506e-02
4.261483184695243759e-02
4.518562750220298657e-02
4.693874818086624101e-02
4.171453982591628862e-02
3.959232731461524712e-02
4.238729119896889053e-02
4.092104300856590215e-02
4.906978900432586860e-02
4.095216758251190442e-02
4.194207593798637140e-02
4.281708009839058082e-02
4.194820730686187743e-02
5.000632871985435240e-02
4.382692184448241934e-02
4.554119429588317919e-02
4.329680289030075208e-02
4.428072827458381933e-02
4.392728413939476356e-02
4.430969441533088443e-02
4.331564517617225718e-02
4.364051421284675936e-02
4.304771961569785893e-02
4.119371706247329512e-02
4.448841319680214151e-02
4.558145248293876683e-02
4.146767376661300575e-02
4.683435949087143280e-02
4.994107511043548858e-02
9.840399712324142401e-02
1.227344201683998048e-01
1.450326713681220903e-01
7.881388900279999443e-02
6.833065056800842474e-02
5.274226881861686367e-02
5.648128416538238800e-02
5.460464440584182622e-02
4.776321710348128968e-02
4.472326291799545023e-02
4.606024259924888786e-02
4.479991397857666091e-02
4.594973260760307210e-02
4.315765085220336916e-02
4.177937443852424576e-02
4.751522874236106808e-02
4.561217021942138433e-02
4.607964163422584303e-02
4.472553906440734917e-02
4.405977383255958724e-02
4.857646375894546231e-02
4.738515231013298162e-02
5.968793306350708011e-02
5.206531556248664844e-02
5.073251159191131260e-02
4.667567958235740999e-02
4.584685359597206328e-02
5.150490810871124342e-02
5.075874871611595063e-02
4.940148709416389283e-02
4.860418468117713720e-02
