2.308074116897583128e+00
3.288686618804931849e-01
7.037698336839676161e-02
4.944002121686935647e-02
3.817383846044540563e-02
3.404542330503463471e-02
2.936195380985736833e-02
2.680678642094135380e-02
2.568442662954330616e-02
2.482308781147003068e-02
2.157614904046058560e-02
2.108009912371635458e-02
2.146357899904251243e-02
2.118587816059589249e-02
2.115647720992565317e-02
2.107596960067749034e-02
1.982121737897396194e-02
1.929698649346828568e-02
2.035742248892784267e-02
1.838160068988799883e-02
1.899265134036540875e-02
1.987238513231277467e-02
2.011602650880813664e-02
1.967459119558334288e-02
1.978114832937717324e-02
1.959111472666263606e-02
1.908959005475044379e-02
1.973374837338924548e-02
1.881341467499732939e-02
2.053967674672603494e-02
1.818988644033670346e-02
1.950434771478175983e-02
1.973861248493194442e-02
1.792332588136196295e-02
1.922051227986812730e-02
2.027324559092521725e-02
2.025410824418067898e-02
1.998779063224792596e-02
1.954067681431770342e-02
1.909979732632637039e-02
2.134650229215621919e-02
1.921363387107849138e-02
2.137787810564041255e-02
2.062450661063194163e-02
2.087653881609439696e-02
1.983142805695533792e-02
2.073119643330573886e-02
2.088817182183265800e-02
1.985032849609851685e-02
2.024524866938591169e-02
2.034508495628833610e-02
1.921398659646511228e-02
2.118782036602497032e-02
2.115071867704391637e-02
2.216403355002403291e-02
2.176468660831451518e-02
2.203768498897552483e-02
2.357578354477882221e-02
2.253231238126754757e-02
2.111470130681991630e-02
2.221857302188873229e-02
2.252779455184936511e-02
2.148218963742256141e-02
2.315331168770790038e-02
2.334395996034145312e-02
2.319935439825058024e-02
2.128305439949035663e-02
2.064648709893226672e-02
2.077004804611206137e-02
2.133868603706359779e-02
2.184152628183365016e-02
2.166591619253158477e-02
2.132623052597045973e-02
1.949066347181797193e-02
2.114891546964645444e-02
2.199467063546180559e-02
2.122610133886337208e-02
2.131060829162597509e-02
2.268795727491378783e-02
2.245071653127670222e-02
2.156668461561202926e-02
2.364322004914283862e-02
2.330440598726272669e-02
2.178913816213607843e-02
2.406600247025489706e-02
2.362527298927307243e-02
2.230834947824478220e-02
2.422749227285385040e-02
2.300819077491760359e-02
2.393693695664405804e-02
2.462377513051032876e-02
2.395844264626503101e-02
2.468289412856101983e-02
2.395764526724815380e-02
2.369624004364013700e-02
2.423744052648544450e-02
2.231882430016994545e-02
2.221432963609695430e-02
2.291749903559684581e-02
2.466498944163322479e-02
