1.135000000000000037e-01
9.455000000000000071e-01
9.667000000000000037e-01
9.751999999999999558e-01
9.740999999999999659e-01
9.831999999999999629e-01
9.845000000000000417e-01
9.801999999999999602e-01
9.848000000000000087e-01
9.815000000000000391e-01
9.765000000000000346e-01
9.828000000000000069e-01
9.812999999999999501e-01
9.841999999999999638e-01
9.838999999999999968e-01
9.836000000000000298e-01
9.819999999999999840e-01
9.844000000000000528e-01
9.539999999999999591e-01
9.787000000000000144e-01
9.818999999999999950e-01
9.780999999999999694e-01
9.778999999999999915e-01
9.844000000000000528e-01
9.796000000000000263e-01
9.838000000000000078e-01
9.845000000000000417e-01
9.844000000000000528e-01
9.842999999999999527e-01
9.870999999999999774e-01
9.850999999999999757e-01
9.860999999999999766e-01
9.868000000000000105e-01
9.868000000000000105e-01
9.857000000000000206e-01
9.874000000000000554e-01
9.872999999999999554e-01
9.870999999999999774e-01
9.867000000000000215e-01
9.875000000000000444e-01
9.869999999999999885e-01
9.857000000000000206e-01
9.832999999999999519e-01
9.798000000000000043e-01
9.826000000000000290e-01
9.809999999999999831e-01
9.849999999999999867e-01
9.831999999999999629e-01
9.862999999999999545e-01
9.860999999999999766e-01
9.830999999999999739e-01
9.818999999999999950e-01
9.829999999999999849e-01
9.856000000000000316e-01
9.847000000000000197e-01
9.815000000000000391e-01
9.844000000000000528e-01
9.859999999999999876e-01
9.858000000000000096e-01
9.855000000000000426e-01
9.865000000000000435e-01
9.868999999999999995e-01
9.850999999999999757e-01
9.872999999999999554e-01
9.874000000000000554e-01
9.872999999999999554e-01
9.882999999999999563e-01
9.859999999999999876e-01
9.798000000000000043e-01
9.869999999999999885e-01
9.858000000000000096e-01
9.866000000000000325e-01
9.861999999999999655e-01
9.854000000000000536e-01
9.862999999999999545e-01
9.807000000000000162e-01
9.842999999999999527e-01
9.820999999999999730e-01
9.848999999999999977e-01
9.832999999999999519e-01
9.825000000000000400e-01
9.835000000000000409e-01
9.828999999999999959e-01
9.828000000000000069e-01
9.838000000000000078e-01
9.851999999999999647e-01
9.837000000000000188e-01
9.815000000000000391e-01
9.818999999999999950e-01
9.848999999999999977e-01
9.857000000000000206e-01
9.828000000000000069e-01
9.858999999999999986e-01
9.771999999999999575e-01
9.819999999999999840e-01
9.852999999999999536e-01
9.842999999999999527e-01
9.864000000000000545e-01
9.865000000000000435e-01
9.845000000000000417e-01
