2.317493011093139543e+00
3.020107956409454619e-01
1.480580164432525603e-01
9.341824209690094416e-02
9.196012043952941917e-02
6.536525788307190332e-02
5.856853935718536047e-02
6.464203224182128726e-02
5.310280750393867738e-02
5.764664269089699034e-02
7.430070362091063807e-02
5.564170438051223994e-02
6.451834119558334801e-02
5.218147101998329290e-02
5.381633232831954661e-02
5.779397090077400406e-02
5.962675191164016480e-02
5.195239173173904490e-02
1.756122162342071413e-01
7.525385106801986412e-02
6.400569109320640437e-02
7.069746975302695913e-02
7.631637351512908507e-02
5.238953633308410934e-02
6.230339243412017641e-02
5.447605819702148328e-02
5.209112994670867663e-02
5.411642026901244962e-02
5.641827533245086929e-02
4.654040257930755486e-02
4.954247596859932129e-02
4.929668343663215491e-02
4.738289484977722260e-02
4.890354348421097064e-02
5.560168577432632320e-02
4.456789293885231318e-02
4.604729349017143425e-02
4.476513948440551810e-02
5.036247296929359518e-02
4.688541544079780771e-02
4.676963235735893260e-02
5.235434674024581903e-02
6.639610869884490785e-02
6.785476102828980061e-02
6.470171447992324743e-02
6.716130773425102451e-02
5.495463318824768406e-02
5.991965291500091217e-02
5.496898025274276484e-02
5.257109732031822052e-02
6.200944840908050731e-02
6.849330770969390414e-02
6.020992502570152172e-02
5.016572418808937228e-02
5.664527519941330025e-02
7.079578706026076751e-02
5.903916216492652996e-02
5.073945818543434266e-02
5.126707605719566657e-02
5.637741040587425367e-02
4.744187445044517615e-02
5.426354885697364655e-02
5.384187107086181590e-02
4.944113584756851254e-02
5.249353362321853428e-02
5.114276812672614858e-02
4.932213498950004799e-02
5.308738299608230932e-02
8.238512496948241504e-02
5.126424486637115585e-02
5.496075868606567494e-02
5.627680661678314405e-02
5.193863394260406219e-02
5.648894406557083275e-02
5.426165367364883113e-02
8.593961720466614107e-02
5.823873174190521279e-02
7.101990839242934561e-02
6.033668312430381930e-02
6.788956031799316115e-02
6.775652036666869604e-02
6.453852122426033400e-02
6.522114892601967029e-02
5.905520573854446120e-02
6.502398692369461275e-02
5.939263545274734574e-02
5.925885900855064337e-02
8.140912945270538381e-02
7.710253951549529694e-02
5.833444800376891975e-02
5.658515191078185985e-02
7.013912823200225966e-02
5.390128045678138635e-02
1.053283579111099211e-01
6.658766698837280396e-02
6.061505903005599827e-02
6.094750341773032959e-02
5.639446690678596302e-02
5.356365705132484778e-02
6.388122745752335130e-02
