2.302090610122680570e+00
3.139970661163329901e-01
1.125173270106315654e-01
8.193566328287124612e-02
7.649835100173950353e-02
8.197476664781570832e-02
6.163105852603912443e-02
6.704155530929566120e-02
5.567865440249442771e-02
5.819056669473648274e-02
5.809825822710990711e-02
5.191628984212875303e-02
5.760093166828155614e-02
5.054205379486084032e-02
5.946696597337722962e-02
6.187055220007896261e-02
6.321195988655090026e-02
5.463145400881767172e-02
6.014244667291641228e-02
5.925102774500846936e-02
6.756339385509491091e-02
7.337147507667542146e-02
6.818025057315826865e-02
6.226775883436203030e-02
7.827325473427772240e-02
6.918902524709701074e-02
5.858319596052169453e-02
6.038390517234801941e-02
5.627634088397025919e-02
7.047054952383041693e-02
5.488579896688461357e-02
5.725421786606312013e-02
6.106908442974090523e-02
5.587046511769294677e-02
5.168842948079108851e-02
5.314198963046073976e-02
5.446664363145828358e-02
4.884893049597740372e-02
5.466753157377243072e-02
5.762800480723381108e-02
5.095636307597160158e-02
5.108616639971733098e-02
4.960186039209366071e-02
4.919898226261138624e-02
5.072539476156234795e-02
5.005262060761452025e-02
6.588880426883697572e-02
9.595896410942077182e-02
7.784103052616118956e-02
7.492919124364852412e-02
8.093408956527710363e-02
7.596724501848220457e-02
6.619868049621581430e-02
5.427930591702461588e-02
5.939007402658462442e-02
6.371761373281478735e-02
5.560404388308524959e-02
5.742761493325233141e-02
5.337243150472641140e-02
5.274178986549377113e-02
5.034148107171058928e-02
5.990037332177162305e-02
5.139827026128768878e-02
5.618988100290298743e-02
5.051719339489936511e-02
5.008234558701515210e-02
4.973062403202056780e-02
4.942714624404907081e-02
5.013690269589424209e-02
4.910797528028488373e-02
5.010875793099403563e-02
6.037719322443008130e-02
7.245753411054611792e-02
6.332509241104125608e-02
6.049200896024704149e-02
6.043026919364929278e-02
7.239068427085876278e-02
6.716895877122878999e-02
6.854964434504509652e-02
6.665608615875244503e-02
8.860147888660431514e-02
7.001661695241928607e-02
7.315008313655853300e-02
6.201303256154060140e-02
5.563433250188827561e-02
6.134334667921065992e-02
6.207586580514908026e-02
5.464692131280898812e-02
6.151650682687759275e-02
5.139591141939163499e-02
5.081041597127914505e-02
5.164331684112549031e-02
6.355955033302307378e-02
6.439656327962875459e-02
5.749205507040024143e-02
6.062432149648666613e-02
5.443077044486999833e-02
5.670087870359420690e-02
5.889050458073615685e-02
5.262346292138099513e-02
