1.135000000000000037e-01
9.546000000000000041e-01
9.858999999999999986e-01
9.885000000000000453e-01
9.909999999999999920e-01
9.912999999999999590e-01
9.922999999999999599e-01
9.921999999999999709e-01
9.919999999999999929e-01
9.928000000000000158e-01
9.929999999999999938e-01
9.932999999999999607e-01
9.929999999999999938e-01
9.929000000000000048e-01
9.930999999999999828e-01
9.928000000000000158e-01
9.939000000000000057e-01
9.939000000000000057e-01
9.936000000000000387e-01
9.940999999999999837e-01
9.939999999999999947e-01
9.937000000000000277e-01
9.940999999999999837e-01
9.940999999999999837e-01
9.939999999999999947e-01
9.940999999999999837e-01
9.938000000000000167e-01
9.938000000000000167e-01
9.938000000000000167e-01
9.935000000000000497e-01
9.936000000000000387e-01
9.939000000000000057e-01
9.935000000000000497e-01
9.940999999999999837e-01
9.937000000000000277e-01
9.937000000000000277e-01
9.941999999999999726e-01
9.940999999999999837e-01
9.932999999999999607e-01
9.942999999999999616e-01
9.937000000000000277e-01
9.938000000000000167e-01
9.939999999999999947e-01
9.939000000000000057e-01
9.938000000000000167e-01
9.939000000000000057e-01
9.945000000000000506e-01
9.940999999999999837e-01
9.943999999999999506e-01
9.948000000000000176e-01
9.943999999999999506e-01
9.945000000000000506e-01
9.939000000000000057e-01
9.945000000000000506e-01
9.939000000000000057e-01
9.940999999999999837e-01
9.943999999999999506e-01
9.935000000000000497e-01
9.938000000000000167e-01
9.937000000000000277e-01
9.942999999999999616e-01
9.935000000000000497e-01
9.941999999999999726e-01
9.939999999999999947e-01
9.936000000000000387e-01
9.939000000000000057e-01
9.942999999999999616e-01
9.946000000000000396e-01
9.940999999999999837e-01
9.940999999999999837e-01
9.947000000000000286e-01
9.943999999999999506e-01
9.939000000000000057e-01
9.942999999999999616e-01
9.948000000000000176e-01
9.939999999999999947e-01
9.940999999999999837e-01
9.942999999999999616e-01
9.939000000000000057e-01
9.940999999999999837e-01
9.943999999999999506e-01
9.942999999999999616e-01
9.945000000000000506e-01
9.941999999999999726e-01
9.933999999999999497e-01
9.943999999999999506e-01
9.942999999999999616e-01
9.940999999999999837e-01
9.942999999999999616e-01
9.937000000000000277e-01
9.939999999999999947e-01
9.941999999999999726e-01
9.939999999999999947e-01
9.938000000000000167e-01
9.940999999999999837e-01
9.939999999999999947e-01
9.945000000000000506e-01
9.946000000000000396e-01
9.942999999999999616e-01
9.940999999999999837e-01
