2.308074068069458029e+00
3.288686847686767556e-01
7.037698469161987602e-02
4.944002026319503640e-02
3.817383847832679644e-02
3.404542129039764276e-02
2.936195466220378747e-02
2.680678761601448107e-02
2.568442690372467127e-02
2.482308536767959678e-02
2.157614779770374372e-02
2.108009907603263997e-02
2.146357852816581716e-02
2.118587915599346241e-02
2.115647749602794780e-02
2.107596921920776301e-02
1.982121627628803326e-02
1.929698605537414485e-02
2.035742424130439904e-02
1.838159873783588513e-02
1.899265148639679018e-02
1.987238613367080589e-02
2.011602698266506256e-02
1.967459010481834372e-02
1.978114933371543857e-02
1.959111448228359129e-02
1.908959345221519430e-02
1.973375071287155127e-02
1.881341219246387628e-02
2.053967660963535238e-02
1.818988722562790011e-02
1.950434646904468383e-02
1.973861411213874775e-02
1.792332567870616802e-02
1.922051335275173217e-02
2.027324640750885129e-02
2.025410757660865702e-02
1.998779253363609440e-02
1.954067603349685794e-02
1.909979756772518106e-02
2.134650132656097307e-02
1.921363397538661949e-02
2.137787854671478402e-02
2.062450303435325524e-02
2.087653830349445183e-02
1.983142625391483282e-02
2.073119488358497742e-02
2.088816963732242557e-02
1.985032616257667581e-02
2.024524943828582765e-02
2.034508302807807797e-02
1.921398736834525889e-02
2.118782170414924490e-02
2.115071945190429709e-02
2.216403074264526249e-02
2.176468715667724541e-02
2.203768529295921375e-02
2.357578509449958712e-02
2.253231150507926939e-02
2.111469933390617421e-02
2.221857332587242120e-02
2.252779427766799999e-02
2.148218969404697490e-02
2.315331306457519417e-02
2.334396178126335250e-02
2.319935762882232785e-02
2.128305077552795563e-02
2.064648610949516155e-02
2.077004909515380721e-02
2.133868390917777885e-02
2.184152345061302070e-02
2.166591584682464600e-02
2.132622966766357583e-02
1.949066254794597566e-02
2.114891502857208297e-02
2.199467088580131513e-02
2.122610022425651388e-02
2.131060776114463914e-02
2.268796023726463162e-02
2.245071550011634720e-02
2.156668294668197608e-02
2.364321967959404081e-02
2.330440922975540036e-02
2.178913744091987709e-02
2.406600341200828413e-02
2.362526970505714544e-02
2.230834635496139681e-02
2.422748959064483648e-02
2.300819189548492308e-02
2.393693649172782753e-02
2.462377775311470202e-02
2.395844157934188742e-02
2.468289210200309836e-02
2.395764526128768904e-02
2.369623801708221553e-02
2.423743823766708397e-02
2.231882027685642284e-02
2.221432833075523416e-02
2.291749845743179179e-02
2.466499034464359266e-02
