2.316452935028076254e+00
3.474382193088531579e-01
1.077894336938858000e-01
1.076755511522293068e-01
7.717927010059356940e-02
6.419796115756035149e-02
5.627930806279182741e-02
7.260418043136596111e-02
6.128684768080711054e-02
5.952275359630584961e-02
5.857428715229034272e-02
5.909122442603111092e-02
6.578619310259818664e-02
5.843170430660248049e-02
8.596255511045455822e-02
6.195985940098762412e-02
6.331397856473922059e-02
6.238959755301475701e-02
6.091805713772773662e-02
5.923896823823451840e-02
5.763769233524799335e-02
6.150037637948990027e-02
6.401206081509590307e-02
6.512797407507896208e-02
6.889799303412437459e-02
6.700880970954894988e-02
6.151879729032516675e-02
6.761643990278244643e-02
5.911894164681434638e-02
6.095294355154037141e-02
5.662849247455596646e-02
5.710421885251999036e-02
5.772878257632255844e-02
5.451813450455665622e-02
5.572522348761558414e-02
5.466361063718795654e-02
6.191870626211166267e-02
9.618990280032158058e-02
7.286076735854149500e-02
6.453798230290412608e-02
5.505667556524276862e-02
6.102198618054389956e-02
6.649097705483436593e-02
6.768374409675598224e-02
7.517571532130241929e-02
9.044305239319801182e-02
6.585253345370292721e-02
5.918305619955063074e-02
5.844183343052863910e-02
5.803934249281883506e-02
5.585082270801067228e-02
5.758569728732108872e-02
6.465387469530105291e-02
6.258358960151672035e-02
6.135256838202476221e-02
5.944915167689323460e-02
6.717708019316195878e-02
5.851676762104034146e-02
5.743809198141097694e-02
6.391810191869735924e-02
5.945204398334026641e-02
5.757089603841304692e-02
5.848880238234997059e-02
5.790383628010749989e-02
6.079574925005436226e-02
5.793558813631534410e-02
6.570601162314415600e-02
6.879408589005470143e-02
7.247749867439269578e-02
8.609483686685562298e-02
8.071909970641136245e-02
1.268186622738838309e-01
9.312070783972739574e-02
6.588431476950645793e-02
5.984936102032661215e-02
6.587291253209114072e-02
6.711855157017708462e-02
7.777418494820595440e-02
6.326318655014037673e-02
6.879703179597854157e-02
8.414147439599037326e-02
6.097740977406501672e-02
6.261828225255013092e-02
6.487219937145710658e-02
6.094201436042785691e-02
5.958161125779151690e-02
6.557872140407562667e-02
5.737295602560043423e-02
6.130015669465065098e-02
5.677485185265541273e-02
5.911367283463478395e-02
5.723102077245711961e-02
5.558599868416785883e-02
6.191727709770202676e-02
6.799598591923713964e-02
6.584025974869728293e-02
7.247716606855392207e-02
6.457845767736435094e-02
6.488708183765411197e-02
7.424984890222549594e-02
