9.670999999999999597e-01
9.800999999999999712e-01
9.852999999999999536e-01
9.862999999999999545e-01
9.808000000000000052e-01
9.867000000000000215e-01
9.881999999999999673e-01
9.874000000000000554e-01
9.879999999999999893e-01
9.844000000000000528e-01
9.869999999999999885e-01
9.880999999999999783e-01
9.898000000000000131e-01
9.882999999999999563e-01
9.872999999999999554e-01
9.875000000000000444e-01
9.890999999999999792e-01
9.896000000000000352e-01
9.899999999999999911e-01
9.916000000000000369e-01
9.881999999999999673e-01
9.912999999999999590e-01
9.854000000000000536e-01
9.912999999999999590e-01
9.901999999999999691e-01
9.911999999999999700e-01
9.885000000000000453e-01
9.879000000000000004e-01
9.876000000000000334e-01
9.906000000000000361e-01
9.917000000000000259e-01
9.895000000000000462e-01
9.916000000000000369e-01
9.911999999999999700e-01
9.920999999999999819e-01
9.910999999999999810e-01
9.913999999999999480e-01
9.903999999999999471e-01
9.920999999999999819e-01
9.921999999999999709e-01
9.907000000000000250e-01
9.900999999999999801e-01
9.900999999999999801e-01
9.902999999999999581e-01
9.913999999999999480e-01
9.909000000000000030e-01
9.908000000000000140e-01
9.889999999999999902e-01
9.915000000000000480e-01
9.923999999999999488e-01
9.902999999999999581e-01
9.917000000000000259e-01
9.900999999999999801e-01
9.923999999999999488e-01
9.899999999999999911e-01
9.891999999999999682e-01
9.896000000000000352e-01
9.909999999999999920e-01
9.905000000000000471e-01
9.901999999999999691e-01
9.913999999999999480e-01
9.921999999999999709e-01
9.890999999999999792e-01
9.896000000000000352e-01
9.907000000000000250e-01
9.918000000000000149e-01
9.902999999999999581e-01
9.897000000000000242e-01
9.917000000000000259e-01
9.917000000000000259e-01
9.910999999999999810e-01
9.919000000000000039e-01
9.919999999999999929e-01
9.899999999999999911e-01
9.909000000000000030e-01
9.913999999999999480e-01
9.918000000000000149e-01
9.921999999999999709e-01
9.909999999999999920e-01
9.910999999999999810e-01
9.906000000000000361e-01
9.917000000000000259e-01
9.902999999999999581e-01
9.900999999999999801e-01
9.919000000000000039e-01
9.910999999999999810e-01
9.909999999999999920e-01
9.907000000000000250e-01
9.901999999999999691e-01
9.921999999999999709e-01
9.889000000000000012e-01
9.911999999999999700e-01
9.906000000000000361e-01
9.910999999999999810e-01
9.911999999999999700e-01
9.909999999999999920e-01
9.913999999999999480e-01
9.926000000000000378e-01
9.897000000000000242e-01
9.920999999999999819e-01
