9.730999999999999650e-01
9.852999999999999536e-01
9.877000000000000224e-01
9.890999999999999792e-01
9.916000000000000369e-01
9.899000000000000021e-01
9.919999999999999929e-01
9.917000000000000259e-01
9.917000000000000259e-01
9.929000000000000048e-01
9.919000000000000039e-01
9.926000000000000378e-01
9.933999999999999497e-01
9.919000000000000039e-01
9.922999999999999599e-01
9.922999999999999599e-01
9.925000000000000488e-01
9.932999999999999607e-01
9.909999999999999920e-01
9.917000000000000259e-01
9.931999999999999718e-01
9.921999999999999709e-01
9.919999999999999929e-01
9.923999999999999488e-01
9.921999999999999709e-01
9.923999999999999488e-01
9.935000000000000497e-01
9.939999999999999947e-01
9.935000000000000497e-01
9.937000000000000277e-01
9.919999999999999929e-01
9.932999999999999607e-01
9.935000000000000497e-01
9.919999999999999929e-01
9.928000000000000158e-01
9.922999999999999599e-01
9.919999999999999929e-01
9.926000000000000378e-01
9.923999999999999488e-01
9.928000000000000158e-01
9.929999999999999938e-01
9.937000000000000277e-01
9.938000000000000167e-01
9.926000000000000378e-01
9.938000000000000167e-01
9.936000000000000387e-01
9.921999999999999709e-01
9.931999999999999718e-01
9.939999999999999947e-01
9.933999999999999497e-01
9.936000000000000387e-01
9.939000000000000057e-01
9.929000000000000048e-01
9.931999999999999718e-01
9.933999999999999497e-01
9.936000000000000387e-01
9.931999999999999718e-01
9.936000000000000387e-01
9.945000000000000506e-01
9.939000000000000057e-01
9.936000000000000387e-01
9.930999999999999828e-01
9.931999999999999718e-01
9.940999999999999837e-01
9.929000000000000048e-01
9.936000000000000387e-01
9.933999999999999497e-01
9.935000000000000497e-01
9.940999999999999837e-01
9.937000000000000277e-01
9.953999999999999515e-01
9.937000000000000277e-01
9.942999999999999616e-01
9.933999999999999497e-01
9.941999999999999726e-01
9.927000000000000268e-01
9.936000000000000387e-01
9.937000000000000277e-01
9.933999999999999497e-01
9.937000000000000277e-01
9.930999999999999828e-01
9.926000000000000378e-01
9.929999999999999938e-01
9.932999999999999607e-01
9.940999999999999837e-01
9.939000000000000057e-01
9.935000000000000497e-01
9.929999999999999938e-01
9.930999999999999828e-01
9.938000000000000167e-01
9.940999999999999837e-01
9.931999999999999718e-01
9.938000000000000167e-01
9.935000000000000497e-01
9.939000000000000057e-01
9.946000000000000396e-01
9.947000000000000286e-01
9.929000000000000048e-01
9.930999999999999828e-01
9.932999999999999607e-01
