1.105710012316703794e-01
5.643071808815002671e-02
4.501435543894767577e-02
3.704512662291526565e-02
2.997502934932708835e-02
3.208834166526794429e-02
2.476644261479377801e-02
2.449725368022918556e-02
2.658184587359428350e-02
2.175516908466815919e-02
2.813025055825710274e-02
2.434643648266792207e-02
2.159036004245281151e-02
2.515711691081523940e-02
2.658498817980289516e-02
2.509586749076843371e-02
2.552404356598854049e-02
2.299138840138912135e-02
3.393316581845283453e-02
2.637132163941860105e-02
2.522326301336288296e-02
2.770488884449005124e-02
2.769126223623752728e-02
2.706542243659496375e-02
2.606553497016429743e-02
2.608685949444770891e-02
2.293089265525341189e-02
2.285383570790290933e-02
2.377964958250522454e-02
2.282281249165534973e-02
2.963190360665321488e-02
2.746708786487579365e-02
2.352748647034168250e-02
2.854346618950366968e-02
2.952049537897109832e-02
3.047566317319869850e-02
2.676698823869228319e-02
3.002911851108074071e-02
3.270893819332122698e-02
2.816185271739959570e-02
2.844538480639457675e-02
2.461924937963485757e-02
2.434998215734958740e-02
2.786141481995582647e-02
2.451237651705742010e-02
2.758861221075057865e-02
2.802722617387771661e-02
2.959602853655815199e-02
2.444189734458923277e-02
2.794274722337722686e-02
2.829473229050636154e-02
2.647603963017463799e-02
2.912074464559554973e-02
3.115029471516609152e-02
3.027896479964256246e-02
2.592543047666549805e-02
2.828971132636070099e-02
2.767818666696548330e-02
2.483758432269096358e-02
2.554445843696594165e-02
2.492176724970340818e-02
3.027477219700813391e-02
2.951262854635715652e-02
2.553537829518318092e-02
2.912120448350906388e-02
2.449163301587104630e-02
2.880801566243171644e-02
2.673636836260557051e-02
2.591190826892852614e-02
2.633510657846927644e-02
2.347714802920818425e-02
2.874884073734283382e-02
2.957229377329349471e-02
2.823782746195793031e-02
2.638224256038665741e-02
3.615299429893493316e-02
2.908477577567100680e-02
2.814624831676483183e-02
2.829460747241973814e-02
2.590548123717308082e-02
2.887158944606781075e-02
2.964524634480476470e-02
2.987911072373390306e-02
2.922450162172317636e-02
2.679823356866836703e-02
2.875415647327899879e-02
3.056804431676864511e-02
3.062576801180839567e-02
2.986709103584289648e-02
3.022188574671745218e-02
2.449713267087936380e-02
3.202796700596809154e-02
3.102084422111511114e-02
2.951943172812461838e-02
2.597609136700630358e-02
2.794035178571939448e-02
3.155057218074798497e-02
2.986409034132957510e-02
3.547532871961593670e-02
2.713580771684646550e-02
