9.721999999999999531e-01
9.786000000000000254e-01
9.837000000000000188e-01
9.821999999999999620e-01
9.858999999999999986e-01
9.864000000000000545e-01
9.885000000000000453e-01
9.850999999999999757e-01
9.860999999999999766e-01
9.871999999999999664e-01
9.895000000000000462e-01
9.893999999999999462e-01
9.905000000000000471e-01
9.892999999999999572e-01
9.890999999999999792e-01
9.901999999999999691e-01
9.903999999999999471e-01
9.893999999999999462e-01
9.885000000000000453e-01
9.901999999999999691e-01
9.893999999999999462e-01
9.893999999999999462e-01
9.876000000000000334e-01
9.880999999999999783e-01
9.891999999999999682e-01
9.879000000000000004e-01
9.857000000000000206e-01
9.891999999999999682e-01
9.900999999999999801e-01
9.903999999999999471e-01
9.900999999999999801e-01
9.898000000000000131e-01
9.892999999999999572e-01
9.906000000000000361e-01
9.886000000000000343e-01
9.898000000000000131e-01
9.885000000000000453e-01
9.878000000000000114e-01
9.882999999999999563e-01
9.888000000000000123e-01
9.909999999999999920e-01
9.893999999999999462e-01
9.895000000000000462e-01
9.882999999999999563e-01
9.907000000000000250e-01
9.897000000000000242e-01
9.879999999999999893e-01
9.899999999999999911e-01
9.891999999999999682e-01
9.883999999999999453e-01
9.900999999999999801e-01
9.910999999999999810e-01
9.875000000000000444e-01
9.903999999999999471e-01
9.887000000000000233e-01
9.889999999999999902e-01
9.898000000000000131e-01
9.888000000000000123e-01
9.901999999999999691e-01
9.898000000000000131e-01
9.908000000000000140e-01
9.887000000000000233e-01
9.888000000000000123e-01
9.889999999999999902e-01
9.879000000000000004e-01
9.905000000000000471e-01
9.905000000000000471e-01
9.899000000000000021e-01
9.889000000000000012e-01
9.898000000000000131e-01
9.900999999999999801e-01
9.907000000000000250e-01
9.911999999999999700e-01
9.922999999999999599e-01
9.906000000000000361e-01
9.908000000000000140e-01
9.889000000000000012e-01
9.906000000000000361e-01
9.899999999999999911e-01
9.899000000000000021e-01
9.899999999999999911e-01
9.898000000000000131e-01
9.911999999999999700e-01
9.838000000000000078e-01
9.897000000000000242e-01
9.902999999999999581e-01
9.912999999999999590e-01
9.874000000000000554e-01
9.880999999999999783e-01
9.903999999999999471e-01
9.893999999999999462e-01
9.895000000000000462e-01
9.892999999999999572e-01
9.890999999999999792e-01
9.891999999999999682e-01
9.895000000000000462e-01
9.890999999999999792e-01
9.901999999999999691e-01
9.891999999999999682e-01
9.893999999999999462e-01
