1.105709939837455774e-01
5.643071465492248417e-02
4.501435114145278804e-02
3.704512920379638558e-02
2.997502911984920373e-02
3.208834098577499627e-02
2.476644131839275328e-02
2.449725272357463832e-02
2.658184640109538879e-02
2.175517082214355538e-02
2.813024768531322342e-02
2.434643509387969876e-02
2.159035993814468340e-02
2.515711792111396949e-02
2.658498698472976790e-02
2.509586850702762509e-02
2.552404178380966032e-02
2.299138817489147085e-02
3.393317054510116421e-02
2.637132399976253525e-02
2.522326201796531650e-02
2.770488903522491317e-02
2.769125943779945226e-02
2.706542365849018070e-02
2.606553164422512059e-02
2.608685793876647924e-02
2.293089093863964062e-02
2.285383312702178940e-02
2.377964499592781153e-02
2.282281234264373765e-02
2.963190232515335032e-02
2.746708841323852388e-02
2.352748485207557805e-02
2.854347022473812182e-02
2.952049559950828406e-02
3.047566449046134815e-02
2.676698817908763905e-02
3.002911826670169940e-02
3.270893895626068165e-02
2.816185031235218100e-02
2.844538571834564350e-02
2.461924712657928560e-02
2.434998730719089427e-02
2.786141700148582478e-02
2.451237537860870286e-02
2.758861544728279103e-02
2.802722302079200742e-02
2.959603010416030772e-02
2.444189999103546160e-02
2.794274628758430454e-02
2.829473563730716679e-02
2.647603737711906602e-02
2.912074192762374725e-02
3.115029655992984647e-02
3.027896572351455526e-02
2.592542844414710834e-02
2.828971127271652161e-02
2.767818316221237057e-02
2.483758057355880608e-02
2.554445441365241903e-02
2.492176795005798459e-02
3.027477570176124663e-02
2.951262734830379514e-02
2.553537567257881113e-02
2.912120522260665950e-02
2.449163549542427223e-02
2.880801913738250883e-02
2.673636943250894474e-02
2.591190300583839576e-02
2.633510393500328173e-02
2.347714521884918318e-02
2.874884079098701320e-02
2.957229844629764501e-02
2.823782711029052678e-02
2.638224499225616526e-02
3.615298982858657778e-02
2.908476939201354999e-02
2.814624573588371190e-02
2.829460902214050305e-02
2.590547816157341005e-02
2.887158702015876766e-02
2.964524478316307027e-02
2.987910719513893129e-02
2.922450312376022319e-02
2.679823270440101490e-02
2.875416151881218102e-02
3.056804359555244377e-02
3.062576453089714199e-02
2.986709179282188292e-02
3.022188251614570456e-02
2.449713168442249275e-02
3.202796812057494974e-02
3.102083861827850328e-02
2.951943069100379860e-02
2.597608776092529340e-02
2.794035300761461144e-02
3.155057313144207093e-02
2.986408672928810015e-02
3.547532563209533640e-02
2.713581308126449682e-02
