9.678999999999999826e-01
9.811999999999999611e-01
9.834000000000000519e-01
9.808999999999999941e-01
9.848999999999999977e-01
9.859999999999999876e-01
9.868999999999999995e-01
9.838999999999999968e-01
9.857000000000000206e-01
9.890999999999999792e-01
9.885000000000000453e-01
9.891999999999999682e-01
9.866000000000000325e-01
9.889000000000000012e-01
9.865000000000000435e-01
9.885000000000000453e-01
9.868000000000000105e-01
9.890999999999999792e-01
9.899999999999999911e-01
9.880999999999999783e-01
9.897000000000000242e-01
9.882999999999999563e-01
9.891999999999999682e-01
9.885000000000000453e-01
9.890999999999999792e-01
9.885000000000000453e-01
9.881999999999999673e-01
9.902999999999999581e-01
9.889999999999999902e-01
9.909000000000000030e-01
9.909999999999999920e-01
9.888000000000000123e-01
9.905000000000000471e-01
9.907000000000000250e-01
9.886000000000000343e-01
9.902999999999999581e-01
9.889999999999999902e-01
9.889000000000000012e-01
9.890999999999999792e-01
9.899000000000000021e-01
9.874000000000000554e-01
9.883999999999999453e-01
9.890999999999999792e-01
9.889999999999999902e-01
9.883999999999999453e-01
9.893999999999999462e-01
9.885000000000000453e-01
9.900999999999999801e-01
9.903999999999999471e-01
9.919999999999999929e-01
9.919000000000000039e-01
9.917000000000000259e-01
9.920999999999999819e-01
9.916000000000000369e-01
9.911999999999999700e-01
9.901999999999999691e-01
9.913999999999999480e-01
9.916000000000000369e-01
9.906000000000000361e-01
9.917000000000000259e-01
9.900999999999999801e-01
9.898000000000000131e-01
9.891999999999999682e-01
9.897000000000000242e-01
9.896000000000000352e-01
9.902999999999999581e-01
9.899999999999999911e-01
9.899000000000000021e-01
9.899999999999999911e-01
9.899000000000000021e-01
9.911999999999999700e-01
9.902999999999999581e-01
9.876000000000000334e-01
9.891999999999999682e-01
9.903999999999999471e-01
9.899000000000000021e-01
9.896000000000000352e-01
9.889999999999999902e-01
9.889000000000000012e-01
9.910999999999999810e-01
9.898000000000000131e-01
9.899000000000000021e-01
9.864000000000000545e-01
9.883999999999999453e-01
9.907000000000000250e-01
9.897000000000000242e-01
9.856000000000000316e-01
9.898000000000000131e-01
9.895000000000000462e-01
9.909000000000000030e-01
9.905000000000000471e-01
9.898000000000000131e-01
9.909999999999999920e-01
9.899999999999999911e-01
9.909999999999999920e-01
9.910999999999999810e-01
9.901999999999999691e-01
9.915000000000000480e-01
9.898000000000000131e-01
9.911999999999999700e-01
