1.247713338494300800e-01
6.728005100488662626e-02
5.405360875725746111e-02
6.122500340938567820e-02
4.894965441226959563e-02
4.437770614624023113e-02
3.908703843951225054e-02
4.845691345930099730e-02
4.455243796110153198e-02
3.615625396370887590e-02
3.351100720167159847e-02
2.955587441325187650e-02
4.480398074984550533e-02
3.530638597011566404e-02
4.541869023442268033e-02
3.792456533312797695e-02
4.135755314826965179e-02
3.486170951128005763e-02
3.198803690671921107e-02
3.614102823734283154e-02
3.256809217929840239e-02
3.701659904718399008e-02
3.610403957962989713e-02
3.712081893682479816e-02
3.658090553283691732e-02
3.889420785903930505e-02
3.888495583534240518e-02
3.187241752147674384e-02
3.628171089887619050e-02
3.279795419573783982e-02
3.117626764774322420e-02
4.082085822820663568e-02
3.088028755187988139e-02
3.311671792268752745e-02
3.829039406180381744e-02
3.251815690994262764e-02
4.059858379960060160e-02
3.935524398684501352e-02
3.663229261040687468e-02
3.599876845479011572e-02
4.169854192137718157e-02
4.419191049337387045e-02
4.375946008563041945e-02
4.054108519554137924e-02
4.135751743316650603e-02
4.141203028559684723e-02
3.917940353155136002e-02
3.655244535207748113e-02
3.659884082674980110e-02
2.719174256026744840e-02
3.101060574054717925e-02
3.250241746306419682e-02
3.344594784975051666e-02
3.417700250148773128e-02
3.117879630923271056e-02
3.601152126789092939e-02
3.379358186125755448e-02
3.319001216292381123e-02
3.666753516793250928e-02
3.198373027741908958e-02
4.188125272393226906e-02
3.561716870665550261e-02
4.605195932388305574e-02
3.963433297872543531e-02
4.025548545122146354e-02
3.768307632803916812e-02
3.501833972930908090e-02
4.125429660081863376e-02
3.965219168663024901e-02
4.107251089215278872e-02
3.585191061496734860e-02
3.742270195484161122e-02
5.349476771354675503e-02
4.182322193384170606e-02
3.655620272159576523e-02
3.871417018175125208e-02
4.106918537616729981e-02
4.982626016139984210e-02
4.574749747514724602e-02
3.665204895734786722e-02
3.800273723602294595e-02
3.827896354496478776e-02
5.431264394223690034e-02
4.795213594436645299e-02
3.613006096780300297e-02
3.989800450801849613e-02
6.135302116274833628e-02
4.017913371324539212e-02
3.771513509750366172e-02
3.393703548908233447e-02
3.684468960165977747e-02
3.957599993944167782e-02
3.763628906607627972e-02
3.582173368930816754e-02
3.404313432574272019e-02
3.504867557883262902e-02
3.747909548878669561e-02
3.474801029860973695e-02
3.978074917793274212e-02
3.502301791310310358e-02
