2.300949539947509948e+00
2.591871127605438474e-01
6.923819565773010887e-02
4.915489743351936225e-02
3.495486559867858750e-02
2.933476300537586276e-02
2.751785776913166087e-02
2.594806080460548489e-02
2.299781071543693586e-02
2.178514418900013086e-02
2.092496361732482796e-02
2.117845117747783543e-02
1.901264363825321338e-02
1.938097640573978320e-02
1.900840989947319079e-02
1.903489597141742873e-02
1.873666101694107175e-02
1.910417449474334853e-02
1.949605810940265721e-02
2.117540960907936254e-02
1.906578977704048022e-02
1.801249632239341689e-02
1.820215781033038965e-02
1.901982637345790705e-02
1.938195194005966349e-02
1.856736765205860284e-02
1.895898764431476480e-02
1.900963594913482671e-02
1.872680126428604222e-02
1.843909040093421811e-02
1.813065624982118651e-02
1.852175430357456271e-02
1.857604251205921195e-02
1.929933108985424153e-02
2.049607535302638839e-02
2.144672115445137028e-02
1.919012477695941979e-02
1.964057146012783070e-02
1.976369829177856280e-02
2.013322780430316927e-02
2.059177757799625363e-02
1.933837415277957911e-02
2.034253215491771752e-02
2.019364066123962437e-02
1.921031345725059472e-02
2.037023248970508404e-02
1.966225418746471443e-02
1.897258253395557245e-02
1.861773420572280721e-02
1.990741102695465017e-02
1.801305134594440374e-02
1.865298276841640540e-02
1.801948557496070927e-02
1.965746829509735019e-02
2.065284440219402468e-02
1.857211963832378424e-02
1.877248731851577715e-02
1.949282566010952095e-02
1.982022935152053661e-02
2.037700723111629530e-02
1.866382136344909778e-02
1.850434410572052157e-02
1.981474079489707954e-02
1.948777563273906832e-02
1.934883775413036300e-02
1.880396437048912142e-02
1.853603121042251417e-02
1.880375117659568648e-02
1.789299070835113567e-02
1.757535070478916106e-02
1.714277555048465684e-02
1.825269399881362942e-02
1.857178802788257699e-02
1.960476599931717037e-02
1.964395428895950382e-02
2.051463017463684216e-02
1.905809310078620741e-02
1.954695376455783951e-02
2.094768088757991906e-02
2.019162268042564226e-02
1.815694866180420086e-02
2.057883090376853852e-02
1.954099023640155919e-02
1.798769793808460346e-02
1.927669212818145655e-02
1.890676294863223930e-02
1.752328206002712330e-02
1.784465951621532279e-02
1.873789191246032562e-02
1.963646202981472050e-02
2.008849792778491863e-02
2.097850213646888784e-02
2.096419870555400744e-02
2.064257189631462167e-02
1.904318260550498867e-02
1.932775939404964352e-02
1.863467070758342836e-02
1.913548740446567586e-02
1.787033879160880925e-02
1.913861733078956601e-02
