1.135000000000000037e-01
9.663000000000000478e-01
9.680999999999999606e-01
9.792999999999999483e-01
9.809999999999999831e-01
9.828000000000000069e-01
9.798999999999999932e-01
9.837000000000000188e-01
9.824000000000000510e-01
9.851999999999999647e-01
9.862999999999999545e-01
9.838999999999999968e-01
9.849999999999999867e-01
9.868000000000000105e-01
9.859999999999999876e-01
9.870999999999999774e-01
9.876000000000000334e-01
9.849999999999999867e-01
9.818999999999999950e-01
9.832999999999999519e-01
9.810999999999999721e-01
9.852999999999999536e-01
9.858999999999999986e-01
9.869999999999999885e-01
9.877000000000000224e-01
9.842999999999999527e-01
9.807000000000000162e-01
9.786000000000000254e-01
9.825000000000000400e-01
9.727000000000000091e-01
9.810999999999999721e-01
9.844000000000000528e-01
9.858999999999999986e-01
9.857000000000000206e-01
9.855000000000000426e-01
9.838999999999999968e-01
9.857000000000000206e-01
9.872999999999999554e-01
9.881999999999999673e-01
9.846000000000000307e-01
9.879000000000000004e-01
9.886000000000000343e-01
9.886000000000000343e-01
9.865000000000000435e-01
9.869999999999999885e-01
9.846000000000000307e-01
9.879000000000000004e-01
9.844000000000000528e-01
9.831999999999999629e-01
9.869999999999999885e-01
9.862999999999999545e-01
9.855000000000000426e-01
9.866000000000000325e-01
9.850999999999999757e-01
9.868999999999999995e-01
9.868000000000000105e-01
9.825000000000000400e-01
9.866000000000000325e-01
9.871999999999999664e-01
9.844000000000000528e-01
9.851999999999999647e-01
9.858000000000000096e-01
9.856000000000000316e-01
9.872999999999999554e-01
9.874000000000000554e-01
9.886000000000000343e-01
9.889000000000000012e-01
9.886000000000000343e-01
9.889000000000000012e-01
9.880999999999999783e-01
9.861999999999999655e-01
9.875000000000000444e-01
9.882999999999999563e-01
9.858000000000000096e-01
9.848999999999999977e-01
9.828000000000000069e-01
9.788000000000000034e-01
9.797000000000000153e-01
9.837000000000000188e-01
9.842999999999999527e-01
9.858000000000000096e-01
9.850999999999999757e-01
9.866000000000000325e-01
9.870999999999999774e-01
9.862999999999999545e-01
9.868999999999999995e-01
9.869999999999999885e-01
9.885000000000000453e-01
9.880999999999999783e-01
9.889000000000000012e-01
9.883999999999999453e-01
9.886000000000000343e-01
9.818999999999999950e-01
9.838000000000000078e-01
9.846000000000000307e-01
9.848000000000000087e-01
9.859999999999999876e-01
9.868999999999999995e-01
9.869999999999999885e-01
9.874000000000000554e-01
