2.300949515533447176e+00
2.591871127605438474e-01
6.923819298744202100e-02
4.915489304661750658e-02
3.495486608147620883e-02
2.933476406037807335e-02
2.751785671412944681e-02
2.594806141853332401e-02
2.299781152606010515e-02
2.178514546751976130e-02
2.092496518194675303e-02
2.117845131456851798e-02
1.901264344751834798e-02
1.938097448945045459e-02
1.900840868055820448e-02
1.903489610254764652e-02
1.873666136562824117e-02
1.910417547523975482e-02
1.949605796039104513e-02
2.117540940344333697e-02
1.906578967571258623e-02
1.801249339878559230e-02
1.820215993523597794e-02
1.901982470750808799e-02
1.938195165693759950e-02
1.856736702620983073e-02
1.895898607671260908e-02
1.900963599085807657e-02
1.872679976522922604e-02
1.843909074962139100e-02
1.813065591454506020e-02
1.852175494134426087e-02
1.857604138553142423e-02
1.929933137595653617e-02
2.049607553780078903e-02
2.144671862423419909e-02
1.919012574851513067e-02
1.964057179391383995e-02
1.976370090842247129e-02
2.013322779834270451e-02
2.059177737236022807e-02
1.933837424814701181e-02
2.034253410995006534e-02
2.019363871514797196e-02
1.921031300127506308e-02
2.037023439407348660e-02
1.966225295066833384e-02
1.897258517146110587e-02
1.861773640215396916e-02
1.990741100609302525e-02
1.801305283606052451e-02
1.865298344492912277e-02
1.801948661506175969e-02
1.965747092068195409e-02
2.065284272730350326e-02
1.857211905419826545e-02
1.877249042391777173e-02
1.949282255470752637e-02
1.982022787630557947e-02
2.037700783908367314e-02
1.866381976008415350e-02
1.850434513688087312e-02
1.981474001407623406e-02
1.948777506947517446e-02
1.934883981198072533e-02
1.880396641194820306e-02
1.853603461682796355e-02
1.880375000238418415e-02
1.789298994541168100e-02
1.757534963190555619e-02
1.714277220964431636e-02
1.825269570052623705e-02
1.857178936600685157e-02
1.960476427376270370e-02
1.964395341873169040e-02
2.051462898552417619e-02
1.905809323489665932e-02
1.954695330560207375e-02
2.094768091440200874e-02
2.019161994159221485e-02
1.815694668889045876e-02
2.057883175015449637e-02
1.954099113345146230e-02
1.798769808411598142e-02
1.927669218182563940e-02
1.890676345229148902e-02
1.752328169345855613e-02
1.784466086030006560e-02
1.873789035975933007e-02
1.963646278083324564e-02
2.008849703073501552e-02
2.097850051224231863e-02
2.096420167982578422e-02
2.064257088005542681e-02
1.904318077862262801e-02
1.932776118218898845e-02
1.863467080891132235e-02
1.913548981249332467e-02
1.787033772468566914e-02
1.913862044215202188e-02
