2.288207423400879126e+00
2.570033961296081526e-01
9.919952145814896205e-02
7.983840103745459826e-02
7.392360398769379226e-02
5.461709129810333324e-02
6.330965422391891806e-02
5.545934156179428004e-02
6.435000559091567929e-02
5.737624809741973669e-02
5.524726763963699189e-02
7.155876131653786387e-02
5.969466600418090602e-02
4.973277947306632696e-02
4.971335678100585742e-02
5.995909378528595235e-02
5.706462393403053529e-02
5.904393397569656504e-02
4.968033406138420288e-02
5.254887937903403999e-02
5.496006245613098418e-02
5.279205600619316097e-02
6.282364484667778137e-02
7.176917289495468588e-02
5.139343299269676091e-02
6.581663814783096644e-02
7.978296438455581563e-02
6.280792902708053072e-02
7.115008184909821232e-02
6.564778131842613496e-02
5.836093788146972522e-02
5.958352529406547859e-02
5.358413286209106480e-02
5.269995331168175062e-02
5.607306666374206605e-02
5.719234646558761515e-02
5.371694958806037812e-02
5.075894489288330230e-02
5.139255498051643195e-02
5.008190507292747257e-02
4.804214159250259214e-02
5.192381173372268705e-02
4.783246712088584651e-02
5.140934398770332509e-02
4.961347100734710830e-02
5.347989500761032161e-02
5.627657485008239618e-02
8.847843228578566865e-02
8.005291399955749565e-02
8.664382387399673091e-02
7.888165038228034387e-02
6.175297377109527364e-02
6.182714101076126206e-02
5.592899177074432682e-02
5.317397766709327372e-02
5.632119843065738762e-02
5.220057151317596122e-02
5.675484177470207364e-02
5.514687455296516522e-02
5.199774582982063381e-02
5.545165086388587766e-02
5.718368633389472877e-02
5.138560506701469327e-02
5.131038128733635129e-02
5.246256778836250190e-02
5.104506852030753911e-02
4.758265916705131660e-02
5.163571454882621981e-02
5.193772417902946248e-02
5.361673298478126376e-02
5.215038861632347034e-02
5.070012518763541975e-02
5.195843544602394420e-02
5.368854762315750095e-02
5.350970746874809253e-02
5.735958446860313364e-02
5.606731249690055652e-02
8.545386502742767509e-02
6.872608476877212214e-02
7.746769033670425353e-02
5.961580969095230109e-02
6.482444883584975726e-02
5.696345229148865041e-02
6.367266787290573604e-02
5.438170462250709741e-02
5.649368402361869962e-02
5.405966902971267446e-02
6.252185021042823421e-02
5.328039658069610301e-02
7.135062870979308469e-02
5.706123362779617209e-02
5.651034669876098954e-02
5.834933483600616283e-02
7.182649641036986665e-02
6.088010010719299009e-02
6.907488387227057880e-02
5.609923729896545280e-02
6.210246948003769057e-02
7.293329576253891611e-02
5.505691281557083261e-02
