2.295342350769042916e+00
2.938871845722198506e-01
9.828923867940903003e-02
8.627801532745361934e-02
6.437323960661887889e-02
7.224731817841530124e-02
7.758480603694915823e-02
6.132377251386642719e-02
4.912490361928939508e-02
5.024970580935478326e-02
4.476066156029701038e-02
4.587011826038360496e-02
4.645044807195663344e-02
4.426275529861450203e-02
4.553705135583877711e-02
5.410562491416931463e-02
5.127558432221412943e-02
6.925673936605453163e-02
5.100905847549438293e-02
4.613079641461372699e-02
4.783036429286002811e-02
5.029506048560142273e-02
5.309897505044937349e-02
4.703368555903434528e-02
4.862856723964214395e-02
4.969323343038559160e-02
4.543329115509987109e-02
4.819760329127311532e-02
5.138122144341468467e-02
5.158090285658836066e-02
5.867470237016678136e-02
6.492533828020095876e-02
5.634005631208419823e-02
5.435859049558639661e-02
4.818200690746307635e-02
4.757013620138168114e-02
4.687920916676521083e-02
4.720028626322746168e-02
5.296601991653442087e-02
6.994414281845093284e-02
4.659361810684203853e-02
5.838701573610306089e-02
5.209911446571350441e-02
4.623734724521637307e-02
4.443479716479778463e-02
6.890217422246933121e-02
5.880625775456428672e-02
5.643769881129264560e-02
8.203317989110946173e-02
5.033116439580917478e-02
4.672961475253105401e-02
5.090422173738479855e-02
4.877242776751518349e-02
4.723381422162056115e-02
5.448953478932380690e-02
5.360810259580612441e-02
4.855820524096488705e-02
4.883286756277084584e-02
5.302163143157959113e-02
6.134380536079406948e-02
4.363656181693077035e-02
4.864354627728462166e-02
4.845619713664054556e-02
4.627739605903625347e-02
4.722067846059799234e-02
4.882881938219070517e-02
4.627465328574180414e-02
4.525054527521133602e-02
4.616832703948020589e-02
4.638337564468383856e-02
4.481216703057289141e-02
4.611201033592224330e-02
4.508866030573845107e-02
5.363971868157386969e-02
5.575356152057647785e-02
5.879731239080428912e-02
5.391257449984550310e-02
5.858454651832580712e-02
7.527546561956405258e-02
6.293051183223724587e-02
5.715754894614219483e-02
6.558177770376205640e-02
5.711469735503196810e-02
5.416278119087219317e-02
7.636674634814262508e-02
5.828603090047836111e-02
5.252672071456909036e-02
5.299201535582542116e-02
4.843124058842659257e-02
6.198786002397536909e-02
5.546996479034423805e-02
7.759493395090102941e-02
6.323535516262054901e-02
5.356809746026992836e-02
5.176963915824889934e-02
5.271259454488753937e-02
4.858892083168029480e-02
4.994708466529846486e-02
5.918424519896507002e-02
5.801999117136001638e-02
