2.300949515533447176e+00
2.591871188640594292e-01
6.923819146156311166e-02
4.915489398837089713e-02
3.495486465096473566e-02
2.933476314544677596e-02
2.751785700619220620e-02
2.594806042313575756e-02
2.299781038463115726e-02
2.178514399230480070e-02
2.092496441304683708e-02
2.117845046222209884e-02
1.901264345645904685e-02
1.938097472786903461e-02
1.900840953588485774e-02
1.903489743769168699e-02
1.873666151762008736e-02
1.910417533218860750e-02
1.949605662822723531e-02
2.117540605068206697e-02
1.906578871607780487e-02
1.801249700188636838e-02
1.820215854644775463e-02
1.901982616186142019e-02
1.938195241689682005e-02
1.856736764013767332e-02
1.895898881852626713e-02
1.900963745117187353e-02
1.872679824829101558e-02
1.843909011185169283e-02
1.813065396100282597e-02
1.852175339460373008e-02
1.857604093849658800e-02
1.929933202266692974e-02
2.049607636928558324e-02
2.144671758413314866e-02
1.919012336134910679e-02
1.964057228863239427e-02
1.976370021104812552e-02
2.013322572410106495e-02
2.059177776873111557e-02
1.933837325274944188e-02
2.034253228604793531e-02
2.019363709688186750e-02
1.921031121313571816e-02
2.037023213505744987e-02
1.966225327551364768e-02
1.897258396744727973e-02
1.861773613989353010e-02
1.990741106271743874e-02
1.801305364668369380e-02
1.865298468470573401e-02
1.801948485374450792e-02
1.965747106969356617e-02
2.065284333825111521e-02
1.857212021350860762e-02
1.877249024808406996e-02
1.949282320141792341e-02
1.982022638618946217e-02
2.037700779139995505e-02
1.866382061243057264e-02
1.850434420108795081e-02
1.981473945081234020e-02
1.948777534961700433e-02
1.934883755445480219e-02
1.880396597087383159e-02
1.853603464961051800e-02
1.880374960899353076e-02
1.789299200326204334e-02
1.757535070776939518e-02
1.714277515113353870e-02
1.825269496738910618e-02
1.857178745567798772e-02
1.960476518273353633e-02
1.964395220577716886e-02
2.051462713181972583e-02
1.905809386968612684e-02
1.954695309102535278e-02
2.094767782688140845e-02
2.019162137508392213e-02
1.815694821178913052e-02
2.057883146107196762e-02
1.954099243581295178e-02
1.798769784271717076e-02
1.927669174075126793e-02
1.890676241219043860e-02
1.752328293323516736e-02
1.784465919733047370e-02
1.873788998425006749e-02
1.963646126389503518e-02
2.008849571645259999e-02
2.097850056588649800e-02
2.096420347392559044e-02
2.064257030487060690e-02
1.904318163692951191e-02
1.932776142358779911e-02
1.863467364907264723e-02
1.913548753559589366e-02
1.787033801376819442e-02
1.913862034976482329e-02
