2.300949539947509948e+00
2.591871249675750666e-01
6.923819413185119953e-02
4.915489495396613978e-02
3.495486636757850346e-02
2.933476400375366333e-02
2.751785647273063615e-02
2.594806275069713730e-02
2.299781095981598064e-02
2.178514489829540268e-02
2.092496615946292868e-02
2.117845103442668811e-02
1.901264438033103965e-02
1.938097339272499067e-02
1.900840891003608563e-02
1.903489725589752046e-02
1.873666186928749089e-02
1.910417359173297719e-02
1.949605820477008991e-02
2.117540984451770844e-02
1.906578848361968961e-02
1.801249590218067034e-02
1.820215763449668789e-02
1.901982666254043580e-02
1.938195303976535805e-02
1.856736784577369542e-02
1.895899031162261855e-02
1.900963474810123469e-02
1.872679724395275025e-02
1.843909025490284015e-02
1.813065448105335292e-02
1.852175341248512436e-02
1.857604165077209393e-02
1.929933226108550975e-02
2.049607535898685315e-02
2.144671836495399414e-02
1.919012344777584061e-02
1.964057103693485351e-02
1.976369856595993138e-02
2.013322545588016460e-02
2.059177750945091409e-02
1.933837261497974372e-02
2.034253532290458688e-02
2.019363806247711016e-02
1.921031086742877939e-02
2.037023217678069972e-02
1.966225281953811604e-02
1.897258659899234839e-02
1.861773301362991406e-02
1.990740968883037559e-02
1.801305268108844768e-02
1.865298171639442545e-02
1.801948446929454647e-02
1.965746872723102626e-02
2.065284246504306767e-02
1.857211801409721502e-02
1.877249092459678734e-02
1.949282547831535442e-02
1.982022600173950072e-02
2.037700654268264841e-02
1.866382262706756459e-02
1.850434418022632588e-02
1.981473983228206753e-02
1.948777556717395942e-02
1.934883675873279654e-02
1.880396518111229071e-02
1.853603426218032937e-02
1.880375058650970294e-02
1.789299069792032321e-02
1.757534758448600631e-02
1.714277520477771807e-02
1.825269393026828640e-02
1.857178927659988363e-02
1.960476621389389135e-02
1.964395594596862749e-02
2.051462915539741666e-02
1.905809535384178285e-02
1.954695654511451677e-02
2.094767965376377258e-02
2.019161963760852940e-02
1.815694849193096039e-02
2.057883145809173697e-02
1.954098925888538354e-02
1.798769584000110486e-02
1.927669244110584088e-02
1.890676427483558783e-02
1.752328396141529174e-02
1.784465779066085958e-02
1.873789077997207661e-02
1.963646399825811489e-02
2.008849560916423777e-02
2.097849965393543126e-02
2.096420175433158853e-02
2.064256922006606904e-02
1.904318427443504186e-02
1.932776183784008089e-02
1.863467403054237456e-02
1.913548921644687636e-02
1.787033854126930318e-02
1.913862169384956263e-02
