1.135000000000000037e-01
9.643000000000000460e-01
9.508999999999999675e-01
9.819999999999999840e-01
9.798999999999999932e-01
9.824000000000000510e-01
9.807000000000000162e-01
9.846000000000000307e-01
9.802999999999999492e-01
9.808000000000000052e-01
9.818000000000000060e-01
9.860999999999999766e-01
9.848000000000000087e-01
9.844000000000000528e-01
9.828000000000000069e-01
9.879999999999999893e-01
9.891999999999999682e-01
9.883999999999999453e-01
9.876000000000000334e-01
9.836000000000000298e-01
9.861999999999999655e-01
9.828000000000000069e-01
9.847000000000000197e-01
9.872999999999999554e-01
9.848999999999999977e-01
9.878000000000000114e-01
9.825000000000000400e-01
9.874000000000000554e-01
9.851999999999999647e-01
9.856000000000000316e-01
9.858999999999999986e-01
9.874000000000000554e-01
9.855000000000000426e-01
9.846000000000000307e-01
9.869999999999999885e-01
9.858000000000000096e-01
9.868999999999999995e-01
9.837000000000000188e-01
9.820999999999999730e-01
9.858999999999999986e-01
9.869999999999999885e-01
9.856000000000000316e-01
9.838999999999999968e-01
9.867000000000000215e-01
9.875000000000000444e-01
9.859999999999999876e-01
9.880999999999999783e-01
9.871999999999999664e-01
9.885000000000000453e-01
9.839999999999999858e-01
9.879000000000000004e-01
9.882999999999999563e-01
9.858000000000000096e-01
9.854000000000000536e-01
9.847000000000000197e-01
9.816000000000000281e-01
9.788000000000000034e-01
9.754000000000000448e-01
9.814000000000000501e-01
9.855000000000000426e-01
9.864000000000000545e-01
9.868999999999999995e-01
9.875000000000000444e-01
9.870999999999999774e-01
9.868999999999999995e-01
9.856000000000000316e-01
9.852999999999999536e-01
9.822999999999999510e-01
9.797000000000000153e-01
9.812999999999999501e-01
9.865000000000000435e-01
9.871999999999999664e-01
9.857000000000000206e-01
9.870999999999999774e-01
9.879000000000000004e-01
9.870999999999999774e-01
9.868000000000000105e-01
9.888000000000000123e-01
9.885000000000000453e-01
9.889000000000000012e-01
9.890999999999999792e-01
9.888000000000000123e-01
9.899999999999999911e-01
9.903999999999999471e-01
9.902999999999999581e-01
9.900999999999999801e-01
9.891999999999999682e-01
9.887000000000000233e-01
9.892999999999999572e-01
9.890999999999999792e-01
9.892999999999999572e-01
9.895000000000000462e-01
9.892999999999999572e-01
9.893999999999999462e-01
9.893999999999999462e-01
9.881999999999999673e-01
9.888000000000000123e-01
9.890999999999999792e-01
9.889999999999999902e-01
9.898000000000000131e-01
