2.296297119903564443e+00
2.636108111381531005e-01
1.855020370721817136e-01
7.095184376239777047e-02
7.778338909149169755e-02
6.287874743342398987e-02
6.521230112910270105e-02
5.133212408423423745e-02
6.153529238104820526e-02
6.527314037680626013e-02
5.752613706588745324e-02
4.622719359993934796e-02
4.888048415184020890e-02
5.023049310445785315e-02
5.749174895286560116e-02
3.896981761455536181e-02
3.401642280519008577e-02
3.819912445545196877e-02
4.052310194373130725e-02
5.591346777677536073e-02
4.672601150870323017e-02
5.498460744023322966e-02
4.993287235498428123e-02
3.972395622432232237e-02
4.692425764203071725e-02
4.303188072443008688e-02
5.592627839446067534e-02
4.467416042685509042e-02
5.065665177702903532e-02
4.913590909242630117e-02
4.778595569133758242e-02
4.436147131323814330e-02
4.620739348828792337e-02
4.916237056255340354e-02
4.181832080483436492e-02
4.497741878628730428e-02
4.416533934473991507e-02
5.388878625035285752e-02
5.771947786211967246e-02
4.766538233757019322e-02
4.269820730686187810e-02
5.663254691958427567e-02
5.068619636297225922e-02
4.406792266964912330e-02
4.102183766961097627e-02
4.540771893858909503e-02
4.120759357213973906e-02
3.891616980433464101e-02
3.794441050589084791e-02
5.520270711183548201e-02
4.400751082897186306e-02
3.974796453118323997e-02
4.384105497002601520e-02
4.868184837698936313e-02
5.437788451313972649e-02
6.741384364962578479e-02
7.548037425279617574e-02
8.222022268772125053e-02
6.288588452339172186e-02
4.709681909680366735e-02
4.754156529307365653e-02
4.471776623129844475e-02
4.295402855277061227e-02
4.347102354764938170e-02
4.448689765334129520e-02
4.368299876451492425e-02
5.600804878473281817e-02
6.322580798268317981e-02
7.075908087491988852e-02
6.042854035496711407e-02
4.828052827715873657e-02
4.614181417226791149e-02
4.599769037365913221e-02
4.264892895817756768e-02
4.323762854933738825e-02
4.169487743377685296e-02
4.357658619284629498e-02
4.066410974860191346e-02
4.168070200085639831e-02
4.153504201173782023e-02
4.032816492915153317e-02
3.985765190720558238e-02
3.889868475496768840e-02
3.867488140463828938e-02
3.812609047293662873e-02
3.832210968136787188e-02
4.116993206739425620e-02
4.098014218807220777e-02
3.991758124232291927e-02
3.844424076080322356e-02
4.029253898262977890e-02
3.991038475632667504e-02
4.129379456639289958e-02
4.083489442467689440e-02
3.997916112542152650e-02
4.203915760517120542e-02
4.152801632881164551e-02
4.078758270144462739e-02
4.089873715043067931e-02
4.030505360960960626e-02
