2.287178691482544046e+00
2.901273474693298327e-01
1.057062660098075924e-01
9.298991079330444498e-02
7.351254623532295362e-02
6.499341742396354260e-02
5.772657306790351939e-02
6.641933294534682619e-02
5.689988912343978827e-02
5.799777423739433529e-02
6.038351689577102499e-02
6.524070931077002866e-02
4.861762748956680036e-02
4.820421336293220782e-02
5.448815611600876102e-02
5.348245711326599094e-02
5.076197293400764449e-02
6.218515079021454117e-02
4.948082917332648906e-02
5.964372017383575558e-02
4.868523713946342618e-02
5.534036529064178395e-02
8.327174690961837433e-02
7.329490857124328074e-02
5.899150344133376883e-02
6.423697652220726473e-02
4.432263474464416542e-02
4.256382731199264552e-02
4.329921782016753901e-02
4.844108549952506892e-02
6.246005389094352878e-02
5.695045473575591904e-02
6.518697113990783165e-02
5.961618264317512794e-02
5.734734507799148229e-02
8.422617489099502863e-02
4.963736281991004695e-02
4.977801617980003035e-02
4.518975480198859918e-02
5.025097416043281667e-02
4.594047746360301748e-02
4.186787025332450868e-02
4.296008591651916814e-02
4.581158919930457957e-02
4.730753818154335294e-02
4.519396120011806572e-02
4.119486410021781786e-02
4.720749605298042023e-02
5.095096002817153802e-02
4.203719810247421446e-02
4.205516435503959399e-02
4.274232760667801001e-02
4.747218543291092246e-02
4.934451298415661047e-02
4.723420468270778799e-02
4.977514700293540761e-02
5.244508584737777451e-02
4.734666147828102412e-02
4.736296816468239107e-02
4.877326081395149532e-02
4.406388184726238444e-02
5.037894263863563343e-02
5.594605177342891478e-02
4.628471033871173895e-02
4.604731139540672175e-02
6.430202728509902543e-02
5.439708511829376147e-02
5.362028139829635304e-02
7.758838086128234945e-02
5.981050832867622347e-02
6.336419998407363807e-02
5.953158695697784164e-02
7.063067988157271937e-02
5.240726789832115401e-02
5.361504676938057268e-02
5.098175981640815785e-02
4.792422929406166265e-02
5.163566781878471679e-02
5.120888586640357648e-02
4.897531579136848306e-02
4.956229279041290264e-02
7.575188963413238830e-02
6.326589741706847847e-02
6.305063836574555103e-02
1.011626071810722283e-01
8.278730498552322459e-02
7.255907090902329049e-02
6.468130284547805864e-02
4.894598900079727422e-02
5.122648059129714798e-02
4.688823708891868419e-02
4.328159029483795439e-02
4.777573476433753796e-02
4.736387677788734402e-02
4.732715576887130959e-02
5.036248216629028024e-02
4.875260195732116636e-02
5.207732972502708557e-02
4.947102088332176045e-02
4.977892289161681832e-02
