2.300949539947509948e+00
2.591871280193329130e-01
6.923819527626037806e-02
4.915489438176155051e-02
3.495486417412757563e-02
2.933476376235484920e-02
2.751785499751567901e-02
2.594806122183799732e-02
2.299781066775322125e-02
2.178514585494994993e-02
2.092496386766433750e-02
2.117845255732536333e-02
1.901264414787292439e-02
1.938097496926784527e-02
1.900840872228145434e-02
1.903489696979522583e-02
1.873666067719459427e-02
1.910417432785034217e-02
1.949605727195739824e-02
2.117540727555751803e-02
1.906578924655914428e-02
1.801249468326568751e-02
1.820215875208377673e-02
1.901982640028000021e-02
1.938195234835147704e-02
1.856736721694469613e-02
1.895898861289024503e-02
1.900963505506515425e-02
1.872679744064808041e-02
1.843909284770488613e-02
1.813065491318702552e-02
1.852175370156764964e-02
1.857604012191295742e-02
1.929933071434497896e-02
2.049607348144054375e-02
2.144672067463397960e-02
1.919012456238269881e-02
1.964057070910930555e-02
1.976370036303997171e-02
2.013322663009166694e-02
2.059177789092063796e-02
1.933837170302868044e-02
2.034253418147563899e-02
2.019363536834716671e-02
1.921031185686588455e-02
2.037023083567619450e-02
1.966225413084030094e-02
1.897258634865283886e-02
1.861773642599582820e-02
1.990741188824176819e-02
1.801305342763662165e-02
1.865298322737217115e-02
1.801948601305484662e-02
1.965746930241584617e-02
2.065284292995929818e-02
1.857212049663066813e-02
1.877249090373516241e-02
1.949282379746437172e-02
1.982022771239280723e-02
2.037700858414173005e-02
1.866382288336753889e-02
1.850434480607509452e-02
1.981473973095417007e-02
1.948777572810649755e-02
1.934884009808301997e-02
1.880396590530872269e-02
1.853603256046772174e-02
1.880374953448772299e-02
1.789298892766237256e-02
1.757535044252872547e-02
1.714277324378490550e-02
1.825269418656826070e-02
1.857178766727447458e-02
1.960476713180541938e-02
1.964395557641982967e-02
2.051462930440902874e-02
1.905809374749660445e-02
1.954695327579974995e-02
2.094767878949642045e-02
2.019162145256996055e-02
1.815694970488548193e-02
2.057883222103118817e-02
1.954098818302154456e-02
1.798769830465316716e-02
1.927669093608856341e-02
1.890676223039627207e-02
1.752328088581562096e-02
1.784465715885162271e-02
1.873789217174053057e-02
1.963646188974380383e-02
2.008849750161171080e-02
2.097849939763546043e-02
2.096420058906078507e-02
2.064256947636604334e-02
1.904318238496780294e-02
1.932775973379612100e-02
1.863467365503311199e-02
1.913548877835273901e-02
1.787033782601356660e-02
1.913861952722072449e-02
