2.300949539947509948e+00
2.591871142864227151e-01
6.923819794654846593e-02
4.915489464998245434e-02
3.495486426353454357e-02
2.933476243913173825e-02
2.751785819530487218e-02
2.594806142747402289e-02
2.299781152904033579e-02
2.178514456450939343e-02
2.092496471405029188e-02
2.117845341861248135e-02
1.901264406740665533e-02
1.938097553849220389e-02
1.900841059088706833e-02
1.903489596843719461e-02
1.873666122257709385e-02
1.910417456626892219e-02
1.949605803787708355e-02
2.117540815770626098e-02
1.906578919291496144e-02
1.801249563694000411e-02
1.820215811729431268e-02
1.901982683241367281e-02
1.938195039331912922e-02
1.856736760437488476e-02
1.895898839235305930e-02
1.900963432192802338e-02
1.872680113613605507e-02
1.843909061849117320e-02
1.813065493851900162e-02
1.852175559401512267e-02
1.857604308426380121e-02
1.929933151602744937e-02
2.049607610404491354e-02
2.144672041237354401e-02
1.919012474119663123e-02
1.964057131111621862e-02
1.976369900405406874e-02
2.013322605788707767e-02
2.059177763164043301e-02
1.933837336003780411e-02
2.034253485798835637e-02
2.019363920688629216e-02
1.921031305789947657e-02
2.037023110985755961e-02
1.966225513815879691e-02
1.897258411049842705e-02
1.861773595511913293e-02
1.990741055905818901e-02
1.801305306851863977e-02
1.865298158526420766e-02
1.801948397159576498e-02
1.965746827423572526e-02
2.065284399092197354e-02
1.857211956083774582e-02
1.877248737812042129e-02
1.949282389283180095e-02
1.982022788822650899e-02
2.037700641453266126e-02
1.866382043361663676e-02
1.850434465706348591e-02
1.981474032104015362e-02
1.948777393996715609e-02
1.934883919954299980e-02
1.880396443903446096e-02
1.853603292703628544e-02
1.880375002622604319e-02
1.789299167394638179e-02
1.757534825801849304e-02
1.714277489185333375e-02
1.825269406735896896e-02
1.857178967297077113e-02
1.960476465821266168e-02
1.964395473003387529e-02
2.051462846398353565e-02
1.905809383094310763e-02
1.954695551693439587e-02
2.094767989218234913e-02
2.019162208437919742e-02
1.815694848895072974e-02
2.057883220911025865e-02
1.954099042117595636e-02
1.798769800364971236e-02
1.927669192254543445e-02
1.890676026642322538e-02
1.752328128516673911e-02
1.784465903639793558e-02
1.873789093196391933e-02
1.963646186441183120e-02
2.008849789798259830e-02
2.097850143015384666e-02
2.096419810056686373e-02
2.064257149696350005e-02
1.904318190813064637e-02
1.932776116728782481e-02
1.863467141389846954e-02
1.913548726141452855e-02
1.787033951580524471e-02
1.913861709833145075e-02
