2.301036563873291030e+00
2.556461748600006301e-01
1.024396539092063962e-01
7.284925509691238255e-02
6.695975620150565466e-02
6.445890948772430018e-02
6.788122806549072574e-02
6.695889170169830318e-02
6.233340100049972188e-02
5.316631846427917474e-02
5.209049334526062031e-02
4.877736576199531715e-02
5.807442200183868253e-02
5.420588890314102098e-02
7.384099318385124733e-02
7.260365370512009142e-02
7.205430256128311783e-02
6.770379419326781611e-02
5.915569434165954266e-02
7.581627832651138821e-02
5.347897663712501692e-02
5.711266590356826878e-02
6.145973063707351608e-02
5.287853181958198506e-02
4.675612745285034205e-02
5.014383192062377842e-02
4.845491716861724529e-02
4.930962249040603956e-02
5.023285233378410597e-02
4.707805751562118418e-02
5.153142842650413474e-02
6.238601979017257410e-02
6.236170345544814891e-02
7.156561166048050482e-02
7.081694723367691624e-02
5.987338088154792876e-02
5.608627266883849799e-02
5.850536633729934433e-02
5.306308243274688446e-02
5.895395554900169366e-02
5.594397115111351265e-02
6.831908252239227153e-02
5.601688914895057436e-02
6.580795522928238606e-02
5.573802093267440916e-02
5.152755272984504975e-02
5.221692812442779719e-02
5.603091661930083983e-02
4.825003799796104276e-02
5.505497170090675046e-02
6.088874939680099380e-02
6.438397811055183995e-02
5.784464905261993417e-02
6.760546460747718367e-02
5.594021936655044214e-02
5.354573165178298788e-02
6.827252979278564116e-02
5.478466715812683324e-02
6.760868671536444940e-02
6.799780584573746067e-02
6.132021725177765059e-02
6.182018862366676221e-02
6.236671892404556383e-02
6.119881433248519631e-02
5.793643003106117156e-02
5.432938463687896763e-02
5.007065401673316957e-02
7.234416151046753340e-02
5.165599669814109618e-02
5.490857799053192045e-02
5.342327740192413105e-02
5.289383929967880066e-02
5.668520765304565362e-02
7.280538631677627159e-02
6.000278623104095266e-02
5.637431727647781304e-02
6.117778334021568148e-02
5.789896090626716479e-02
5.627942542433738565e-02
5.639110731482505773e-02
5.328779443502425911e-02
5.563834636211395512e-02
5.514965077042579406e-02
5.657891528606414505e-02
5.902733953595161454e-02
5.534332153201103333e-02
6.509465624094008807e-02
5.550290222167968829e-02
5.638236601352691890e-02
5.593326197862625443e-02
6.181599559187889170e-02
5.544590097665786504e-02
6.744500297307967629e-02
6.571960975527763038e-02
6.371286171674728216e-02
8.533492025732994368e-02
6.531615114212036000e-02
6.427283733487129669e-02
8.891035931110381763e-02
8.467748247385024907e-02
