1.135000000000000037e-01
9.597999999999999865e-01
9.728999999999999870e-01
9.717999999999999972e-01
9.808000000000000052e-01
9.828999999999999959e-01
9.818999999999999950e-01
9.822999999999999510e-01
9.801999999999999602e-01
9.804000000000000492e-01
9.796000000000000263e-01
9.830999999999999739e-01
9.816000000000000281e-01
9.785000000000000364e-01
9.811999999999999611e-01
9.816000000000000281e-01
9.756000000000000227e-01
9.828999999999999959e-01
9.816000000000000281e-01
9.822999999999999510e-01
9.838000000000000078e-01
9.829999999999999849e-01
9.860999999999999766e-01
9.840999999999999748e-01
9.822999999999999510e-01
9.838999999999999968e-01
9.836000000000000298e-01
9.854000000000000536e-01
9.848000000000000087e-01
9.828000000000000069e-01
9.855000000000000426e-01
9.858000000000000096e-01
9.860999999999999766e-01
9.858999999999999986e-01
9.857000000000000206e-01
9.830999999999999739e-01
9.841999999999999638e-01
9.852999999999999536e-01
9.849999999999999867e-01
9.859999999999999876e-01
9.854000000000000536e-01
9.828000000000000069e-01
9.854000000000000536e-01
9.831999999999999629e-01
9.791999999999999593e-01
9.820999999999999730e-01
9.848999999999999977e-01
9.859999999999999876e-01
9.835000000000000409e-01
9.855000000000000426e-01
9.854000000000000536e-01
9.860999999999999766e-01
9.850999999999999757e-01
9.775000000000000355e-01
9.848999999999999977e-01
9.868999999999999995e-01
9.858000000000000096e-01
9.834000000000000519e-01
9.858000000000000096e-01
9.871999999999999664e-01
9.861999999999999655e-01
9.861999999999999655e-01
9.875000000000000444e-01
9.851999999999999647e-01
9.868999999999999995e-01
9.879999999999999893e-01
9.862999999999999545e-01
9.845000000000000417e-01
9.868000000000000105e-01
9.835000000000000409e-01
9.876000000000000334e-01
9.866000000000000325e-01
9.876000000000000334e-01
9.866000000000000325e-01
9.868000000000000105e-01
9.877000000000000224e-01
9.864000000000000545e-01
9.842999999999999527e-01
9.832999999999999519e-01
9.811999999999999611e-01
9.816000000000000281e-01
9.815000000000000391e-01
9.824000000000000510e-01
9.860999999999999766e-01
9.858999999999999986e-01
9.864000000000000545e-01
9.856000000000000316e-01
9.868999999999999995e-01
9.868999999999999995e-01
9.860999999999999766e-01
9.846000000000000307e-01
9.852999999999999536e-01
9.860999999999999766e-01
9.868000000000000105e-01
9.869999999999999885e-01
9.870999999999999774e-01
9.875000000000000444e-01
9.871999999999999664e-01
9.869999999999999885e-01
9.868000000000000105e-01
