2.300949515533447176e+00
2.591871249675750666e-01
6.923819298744202100e-02
4.915489628911018372e-02
3.495486636757850346e-02
2.933476319015025993e-02
2.751785689294338269e-02
2.594806209802627550e-02
2.299780986011028261e-02
2.178514542281627733e-02
2.092496201097965303e-02
2.117845150530338338e-02
1.901264423429965822e-02
1.938097450137138411e-02
1.900840946137904997e-02
1.903489623069763020e-02
1.873666182160377627e-02
1.910417582988738899e-02
1.949605706036090791e-02
2.117540844082832496e-02
1.906579191684722868e-02
1.801249291598796751e-02
1.820215788185596331e-02
1.901982485353946595e-02
1.938195108473301023e-02
1.856736835539340991e-02
1.895898772180080322e-02
1.900963687300681951e-02
1.872680072784423805e-02
1.843909142017364361e-02
1.813065402805805193e-02
1.852175385057926171e-02
1.857604214847087890e-02
1.929933068752288927e-02
2.049607562720775697e-02
2.144672079682350199e-02
1.919012491703033299e-02
1.964057205319404489e-02
1.976370002031326359e-02
2.013322691917419568e-02
2.059177860617637801e-02
1.933837442100047946e-02
2.034253311157226476e-02
2.019363893866538834e-02
1.921031202077865679e-02
2.037023169994354316e-02
1.966225429475307318e-02
1.897258652448654062e-02
1.861773456037044486e-02
1.990741136968135830e-02
1.801305342316627395e-02
1.865298346877098182e-02
1.801948419511318136e-02
1.965746605694293839e-02
2.065284475088119409e-02
1.857211920320987752e-02
1.877248994708061169e-02
1.949282567203045047e-02
1.982022641003131774e-02
2.037700810730457349e-02
1.866382121443748571e-02
1.850434366166591599e-02
1.981474112272262403e-02
1.948777652084827255e-02
1.934883864820003546e-02
1.880396515130996690e-02
1.853603353500366327e-02
1.880375046432018402e-02
1.789299100041389506e-02
1.757535098791122505e-02
1.714277164638042597e-02
1.825269645154476220e-02
1.857178747653961265e-02
1.960476645231246789e-02
1.964395388960838221e-02
2.051463052630424569e-02
1.905809202492237189e-02
1.954695419669151210e-02
2.094768047034740316e-02
2.019162309467792404e-02
1.815694754421710855e-02
2.057883408069610676e-02
1.954099330604076520e-02
1.798770025372505021e-02
1.927669055461883607e-02
1.890676043629646239e-02
1.752328331470489470e-02
1.784465889930724955e-02
1.873788956999778918e-02
1.963646371960639861e-02
2.008849779367447019e-02
2.097850086092948804e-02
2.096419908702373477e-02
2.064256858229637087e-02
1.904318194389343147e-02
1.932776140272617418e-02
1.863467184305191149e-02
1.913548759222030715e-02
1.787033810913562712e-02
1.913861775398254320e-02
