1.135000000000000037e-01
9.691999999999999504e-01
9.693000000000000504e-01
9.811999999999999611e-01
9.808999999999999941e-01
9.817000000000000171e-01
9.819999999999999840e-01
9.840999999999999748e-01
9.848000000000000087e-01
9.740999999999999659e-01
9.838000000000000078e-01
9.838999999999999968e-01
9.858999999999999986e-01
9.865000000000000435e-01
9.875000000000000444e-01
9.854000000000000536e-01
9.852999999999999536e-01
9.826000000000000290e-01
9.841999999999999638e-01
9.862999999999999545e-01
9.849999999999999867e-01
9.857000000000000206e-01
9.856000000000000316e-01
9.861999999999999655e-01
9.868000000000000105e-01
9.854000000000000536e-01
9.876000000000000334e-01
9.871999999999999664e-01
9.870999999999999774e-01
9.869999999999999885e-01
9.864000000000000545e-01
9.852999999999999536e-01
9.862999999999999545e-01
9.837000000000000188e-01
9.844000000000000528e-01
9.871999999999999664e-01
9.868000000000000105e-01
9.870999999999999774e-01
9.848000000000000087e-01
9.819999999999999840e-01
9.831999999999999629e-01
9.838000000000000078e-01
9.865000000000000435e-01
9.868999999999999995e-01
9.868999999999999995e-01
9.870999999999999774e-01
9.869999999999999885e-01
9.869999999999999885e-01
9.872999999999999554e-01
9.857000000000000206e-01
9.867000000000000215e-01
9.869999999999999885e-01
9.880999999999999783e-01
9.850999999999999757e-01
9.872999999999999554e-01
9.872999999999999554e-01
9.890999999999999792e-01
9.885000000000000453e-01
9.886000000000000343e-01
9.875000000000000444e-01
9.868999999999999995e-01
9.805000000000000382e-01
9.828999999999999959e-01
9.848000000000000087e-01
9.846000000000000307e-01
9.828999999999999959e-01
9.858999999999999986e-01
9.839999999999999858e-01
9.872999999999999554e-01
9.868000000000000105e-01
9.869999999999999885e-01
9.835000000000000409e-01
9.857000000000000206e-01
9.841999999999999638e-01
9.855000000000000426e-01
9.861999999999999655e-01
9.845000000000000417e-01
9.858999999999999986e-01
9.832999999999999519e-01
9.837000000000000188e-01
9.851999999999999647e-01
9.848999999999999977e-01
9.874000000000000554e-01
9.867000000000000215e-01
9.875000000000000444e-01
9.877000000000000224e-01
9.869999999999999885e-01
9.882999999999999563e-01
9.889999999999999902e-01
9.880999999999999783e-01
9.845000000000000417e-01
9.789999999999999813e-01
9.779999999999999805e-01
9.832999999999999519e-01
9.852999999999999536e-01
9.841999999999999638e-01
9.837000000000000188e-01
9.858999999999999986e-01
9.857000000000000206e-01
9.857000000000000206e-01
