1.135000000000000037e-01
9.578999999999999737e-01
9.747999999999999998e-01
9.766000000000000236e-01
9.848000000000000087e-01
9.775000000000000355e-01
9.826000000000000290e-01
9.805000000000000382e-01
9.808000000000000052e-01
9.848999999999999977e-01
9.861999999999999655e-01
9.845000000000000417e-01
9.871999999999999664e-01
9.850999999999999757e-01
9.844000000000000528e-01
9.805000000000000382e-01
9.847000000000000197e-01
9.879999999999999893e-01
9.881999999999999673e-01
9.875000000000000444e-01
9.830999999999999739e-01
9.850999999999999757e-01
9.834000000000000519e-01
9.876000000000000334e-01
9.820999999999999730e-01
9.838000000000000078e-01
9.838000000000000078e-01
9.844000000000000528e-01
9.860999999999999766e-01
9.854000000000000536e-01
9.784000000000000474e-01
9.821999999999999620e-01
9.858000000000000096e-01
9.845000000000000417e-01
9.834000000000000519e-01
9.858000000000000096e-01
9.868000000000000105e-01
9.850999999999999757e-01
9.859999999999999876e-01
9.857000000000000206e-01
9.868999999999999995e-01
9.883999999999999453e-01
9.865000000000000435e-01
9.874000000000000554e-01
9.881999999999999673e-01
9.888000000000000123e-01
9.879000000000000004e-01
9.883999999999999453e-01
9.887000000000000233e-01
9.883999999999999453e-01
9.877000000000000224e-01
9.869999999999999885e-01
9.790999999999999703e-01
9.868000000000000105e-01
9.845000000000000417e-01
9.864000000000000545e-01
9.808000000000000052e-01
9.851999999999999647e-01
9.794000000000000483e-01
9.835000000000000409e-01
9.872999999999999554e-01
9.865000000000000435e-01
9.885000000000000453e-01
9.809999999999999831e-01
9.830999999999999739e-01
9.829999999999999849e-01
9.777000000000000135e-01
9.825000000000000400e-01
9.831999999999999629e-01
9.839999999999999858e-01
9.848999999999999977e-01
9.855000000000000426e-01
9.872999999999999554e-01
9.876000000000000334e-01
9.878000000000000114e-01
9.864000000000000545e-01
9.865000000000000435e-01
9.877000000000000224e-01
9.881999999999999673e-01
9.861999999999999655e-01
9.868999999999999995e-01
9.875000000000000444e-01
9.861999999999999655e-01
9.879999999999999893e-01
9.879000000000000004e-01
9.864000000000000545e-01
9.877000000000000224e-01
9.874000000000000554e-01
9.867000000000000215e-01
9.871999999999999664e-01
9.880999999999999783e-01
9.866000000000000325e-01
9.882999999999999563e-01
9.872999999999999554e-01
9.874000000000000554e-01
9.879000000000000004e-01
9.877000000000000224e-01
9.887000000000000233e-01
9.881999999999999673e-01
9.889000000000000012e-01
