2.291423917770385899e+00
2.999316085815429411e-01
1.094743163108825718e-01
7.817975829839705904e-02
6.539668194055557604e-02
7.585297414064406940e-02
5.971605975627899271e-02
6.482868449091910845e-02
6.317402330636978647e-02
5.324620245695114301e-02
5.089714186787605565e-02
4.673635076880455069e-02
4.713949400186538685e-02
5.535905604958533954e-02
4.952366038560867406e-02
4.694288510680198756e-02
4.464066650271415748e-02
4.139070296883583244e-02
5.667425554990768166e-02
4.259800144433974894e-02
5.682832655310630920e-02
5.725155507326126075e-02
8.378677028417587380e-02
5.758605887889862301e-02
6.480077257156371950e-02
7.264651139974594163e-02
5.555849370360374517e-02
5.078828616142273128e-02
5.371732978224754568e-02
5.093564842939377058e-02
4.592758194804191785e-02
4.311539497375488361e-02
4.097225299477576937e-02
4.251939484477042924e-02
4.276418780684471121e-02
4.864334586858749115e-02
4.247343395352363299e-02
4.321282850503921358e-02
4.227538941502571174e-02
4.636212054491042900e-02
6.136737724542618011e-02
4.854263209104538179e-02
5.157751132845878744e-02
4.972427054643630689e-02
5.001207065582275596e-02
4.695546978116035136e-02
4.513300651907920652e-02
4.416198835968971476e-02
5.021605051755904936e-02
5.401606102585792407e-02
7.372759025096893570e-02
8.168995711803436754e-02
8.125255315303803183e-02
7.895806661248207237e-02
5.859283084869384983e-02
6.387262425422668422e-02
5.177385645508766204e-02
5.943987377285957219e-02
4.732191048264503680e-02
5.266117478609085023e-02
4.909382630586624219e-02
4.626614105701446628e-02
4.863725951910018858e-02
5.348976956605911576e-02
5.320842616558074667e-02
5.161073578596114819e-02
5.320280637741088559e-02
5.447094419002532911e-02
4.947144218087196066e-02
5.258105936646461503e-02
5.218933459520339740e-02
4.962883521914482343e-02
5.137079269886016958e-02
5.637830469608307027e-02
5.243183562755585059e-02
5.014851080775260816e-02
5.937268421649932737e-02
5.339499904513358985e-02
5.639551414251327277e-02
5.230109860897064200e-02
5.443402754068374372e-02
5.046363199949264328e-02
5.056284480690956262e-02
5.249039563536644221e-02
5.931523159742355111e-02
5.700741602182388124e-02
6.287825573682785663e-02
5.320087019205093498e-02
5.374363675713539346e-02
7.097986254692077723e-02
5.533663297891616706e-02
5.090427194833755525e-02
5.647013002634048567e-02
5.283337233066558863e-02
5.049131300449371390e-02
1.120524268150329544e-01
6.565799736976624112e-02
5.354582386612892486e-02
5.457408698797226038e-02
4.993368517160415992e-02
