1.135000000000000037e-01
9.481000000000000538e-01
9.785000000000000364e-01
9.804000000000000492e-01
9.820999999999999730e-01
9.769999999999999796e-01
9.805000000000000382e-01
9.806000000000000272e-01
9.820999999999999730e-01
9.836000000000000298e-01
9.840999999999999748e-01
9.856000000000000316e-01
9.851999999999999647e-01
9.825000000000000400e-01
9.852999999999999536e-01
9.852999999999999536e-01
9.871999999999999664e-01
9.872999999999999554e-01
9.831999999999999629e-01
9.868000000000000105e-01
9.821999999999999620e-01
9.820999999999999730e-01
9.758000000000000007e-01
9.826000000000000290e-01
9.816000000000000281e-01
9.786000000000000254e-01
9.835000000000000409e-01
9.849999999999999867e-01
9.838999999999999968e-01
9.846000000000000307e-01
9.860999999999999766e-01
9.869999999999999885e-01
9.875000000000000444e-01
9.872999999999999554e-01
9.879999999999999893e-01
9.859999999999999876e-01
9.881999999999999673e-01
9.867000000000000215e-01
9.869999999999999885e-01
9.866000000000000325e-01
9.824000000000000510e-01
9.870999999999999774e-01
9.858999999999999986e-01
9.862999999999999545e-01
9.868000000000000105e-01
9.879999999999999893e-01
9.878000000000000114e-01
9.875000000000000444e-01
9.850999999999999757e-01
9.858999999999999986e-01
9.795000000000000373e-01
9.768000000000000016e-01
9.768000000000000016e-01
9.779999999999999805e-01
9.824000000000000510e-01
9.818000000000000060e-01
9.851999999999999647e-01
9.828000000000000069e-01
9.865000000000000435e-01
9.847000000000000197e-01
9.860999999999999766e-01
9.868999999999999995e-01
9.866000000000000325e-01
9.861999999999999655e-01
9.861999999999999655e-01
9.868000000000000105e-01
9.858999999999999986e-01
9.859999999999999876e-01
9.866000000000000325e-01
9.860999999999999766e-01
9.855000000000000426e-01
9.869999999999999885e-01
9.861999999999999655e-01
9.850999999999999757e-01
9.866000000000000325e-01
9.865000000000000435e-01
9.840999999999999748e-01
9.846000000000000307e-01
9.842999999999999527e-01
9.858999999999999986e-01
9.864000000000000545e-01
9.865000000000000435e-01
9.870999999999999774e-01
9.865000000000000435e-01
9.838000000000000078e-01
9.858000000000000096e-01
9.849999999999999867e-01
9.850999999999999757e-01
9.850999999999999757e-01
9.818000000000000060e-01
9.852999999999999536e-01
9.852999999999999536e-01
9.849999999999999867e-01
9.860999999999999766e-01
9.869999999999999885e-01
9.734000000000000430e-01
9.838000000000000078e-01
9.857000000000000206e-01
9.855000000000000426e-01
9.869999999999999885e-01
