9.990000000000000269e-02
2.262000000000000122e-01
2.645000000000000129e-01
3.119000000000000106e-01
3.665999999999999814e-01
3.901000000000000023e-01
4.300999999999999823e-01
4.672999999999999932e-01
4.776000000000000245e-01
5.043999999999999595e-01
5.137000000000000455e-01
5.595999999999999863e-01
5.799999999999999600e-01
6.139000000000000012e-01
6.385999999999999455e-01
6.522999999999999909e-01
6.582999999999999963e-01
6.714999999999999858e-01
6.929999999999999494e-01
7.002000000000000446e-01
7.215000000000000302e-01
7.225000000000000311e-01
7.316000000000000281e-01
7.428000000000000158e-01
7.546000000000000485e-01
7.574999999999999512e-01
7.641999999999999904e-01
7.582999999999999741e-01
7.625999999999999446e-01
7.546000000000000485e-01
7.631000000000000005e-01
7.732999999999999874e-01
7.772000000000000020e-01
7.681000000000000050e-01
7.630000000000000115e-01
7.679000000000000270e-01
7.704999999999999627e-01
7.673999999999999710e-01
7.769000000000000350e-01
7.792000000000000037e-01
7.800000000000000266e-01
7.811000000000000165e-01
7.822999999999999954e-01
7.799000000000000377e-01
7.812000000000000055e-01
7.769000000000000350e-01
7.769000000000000350e-01
7.813999999999999835e-01
7.752000000000000002e-01
7.744999999999999662e-01
7.779000000000000359e-01
7.758000000000000451e-01
7.773999999999999799e-01
7.661000000000000032e-01
7.753999999999999782e-01
7.740000000000000213e-01
7.741999999999999993e-01
7.737000000000000544e-01
7.762999999999999901e-01
7.783999999999999808e-01
7.796999999999999487e-01
7.705999999999999517e-01
7.806999999999999496e-01
7.789000000000000368e-01
7.795999999999999597e-01
7.801000000000000156e-01
7.822999999999999954e-01
7.850000000000000311e-01
7.800000000000000266e-01
7.796999999999999487e-01
7.819000000000000394e-01
7.816999999999999504e-01
7.832999999999999963e-01
7.808000000000000496e-01
7.821000000000000174e-01
7.824999999999999734e-01
7.831000000000000183e-01
7.835999999999999632e-01
7.840000000000000302e-01
7.832999999999999963e-01
7.832999999999999963e-01
7.842999999999999972e-01
7.841000000000000192e-01
7.836999999999999522e-01
7.835999999999999632e-01
7.834999999999999742e-01
7.831000000000000183e-01
7.815999999999999615e-01
7.718000000000000416e-01
7.700000000000000178e-01
7.568000000000000282e-01
7.691000000000000059e-01
7.765999999999999570e-01
7.792999999999999927e-01
7.833999999999999853e-01
7.809000000000000385e-01
7.830000000000000293e-01
7.849000000000000421e-01
7.825999999999999623e-01
7.866999999999999549e-01
