5.361416593017577981e+01
3.394199172973632717e+00
2.935096696853637610e+00
2.818330676651001010e+00
2.943846761703491133e+00
2.481813714981079055e+00
2.624121450424194535e+00
2.542088135910034019e+00
2.909826973724365384e+00
2.751755449676513532e+00
2.542187364196777377e+00
2.303895700836181781e+00
2.455366859817504910e+00
2.576993387985229589e+00
2.608014445114135604e+00
2.399555430984496862e+00
2.369950207519531116e+00
2.353027845764160020e+00
2.346459330368042107e+00
2.670709450531005835e+00
2.383010504531860363e+00
2.503044105148315435e+00
2.274883763885497956e+00
2.932061156463622975e+00
2.930556787109375172e+00
2.671313571548461940e+00
3.339330913925171007e+00
2.776244157028198156e+00
3.459880758666992406e+00
2.775026725769043079e+00
3.233491550064087061e+00
4.031910718154906981e+00
2.805049324798583932e+00
3.894840939712524541e+00
3.612018375015258798e+00
3.326539333724975567e+00
3.163638186264038143e+00
3.158257516479492377e+00
3.976718762588500766e+00
3.492676744461059357e+00
3.487099430084228402e+00
3.784516703414916972e+00
4.502916735076904153e+00
3.796930447387695473e+00
3.700834614181518489e+00
3.928686323165893501e+00
4.130764515686035310e+00
3.942645505905151282e+00
4.200868498229980652e+00
4.221579969787597975e+00
3.952936935043334987e+00
3.914814386749267516e+00
3.983583058929443421e+00
3.935050398635864255e+00
3.967819868469238287e+00
3.982000387573242151e+00
3.974678559494018604e+00
3.951518442916869933e+00
3.980505895614624201e+00
3.983084370803832819e+00
3.967005518341064629e+00
3.972961812591552899e+00
3.924808343887328910e+00
4.008089522171020214e+00
3.959975754928588998e+00
3.991610309219360442e+00
4.017196362304687796e+00
4.009423930740356745e+00
3.979320901489257878e+00
3.948867552566528438e+00
3.954888739776611484e+00
3.998674152755737232e+00
3.966243552398681427e+00
3.981719105911254886e+00
3.948459701538086009e+00
3.960764292526245178e+00
3.981283726882934637e+00
3.959729486083984451e+00
3.992390952682494998e+00
3.965360011672973695e+00
3.986723147964477576e+00
3.980665820693969792e+00
3.960074250411987240e+00
3.981797192764282123e+00
3.935867638778686395e+00
3.942161196517944166e+00
3.940709743118286035e+00
3.939704904556274201e+00
3.985787607955932454e+00
3.967898686599731661e+00
3.987845372772216734e+00
3.955084736251830879e+00
3.998706434249878150e+00
3.987112994003295885e+00
3.940376840972900307e+00
3.982825938796997089e+00
3.992031206130981502e+00
3.940033048629760781e+00
3.969148050689697449e+00
3.968200077056884822e+00
