9.710000000000000575e-02
1.797999999999999876e-01
1.957000000000000128e-01
2.180999999999999883e-01
2.172000000000000042e-01
2.472999999999999921e-01
2.513000000000000234e-01
2.484000000000000097e-01
2.290000000000000091e-01
2.293999999999999928e-01
2.519000000000000128e-01
2.933000000000000052e-01
2.691999999999999948e-01
2.836000000000000187e-01
2.782000000000000028e-01
2.970999999999999752e-01
3.106999999999999762e-01
3.140999999999999903e-01
2.831000000000000183e-01
2.969999999999999862e-01
3.482000000000000095e-01
3.163000000000000256e-01
3.311000000000000054e-01
3.200999999999999956e-01
3.114000000000000101e-01
3.272999999999999798e-01
3.106999999999999762e-01
3.380000000000000226e-01
3.225000000000000089e-01
3.672000000000000264e-01
3.392000000000000015e-01
3.199000000000000177e-01
3.700999999999999845e-01
3.190999999999999948e-01
3.599999999999999867e-01
3.699999999999999956e-01
3.794000000000000150e-01
3.822999999999999732e-01
3.393999999999999795e-01
3.798000000000000265e-01
3.824000000000000177e-01
3.733000000000000207e-01
3.427000000000000046e-01
3.679000000000000048e-01
3.788000000000000256e-01
3.788000000000000256e-01
3.674000000000000044e-01
3.770000000000000018e-01
3.593000000000000083e-01
3.689000000000000057e-01
3.783000000000000251e-01
3.799000000000000155e-01
3.769000000000000128e-01
3.770999999999999908e-01
3.770999999999999908e-01
3.778000000000000247e-01
3.766999999999999793e-01
3.759000000000000119e-01
3.765000000000000013e-01
3.766999999999999793e-01
3.766999999999999793e-01
3.775000000000000022e-01
3.794000000000000150e-01
3.745999999999999885e-01
3.781999999999999806e-01
3.765000000000000013e-01
3.761999999999999789e-01
3.755000000000000004e-01
3.759000000000000119e-01
3.775000000000000022e-01
3.770000000000000018e-01
3.741999999999999771e-01
3.768000000000000238e-01
3.765999999999999903e-01
3.770000000000000018e-01
3.780999999999999917e-01
3.768000000000000238e-01
3.765000000000000013e-01
3.751999999999999780e-01
3.765999999999999903e-01
3.770999999999999908e-01
3.769000000000000128e-01
3.770999999999999908e-01
3.760999999999999899e-01
3.775999999999999912e-01
3.761999999999999789e-01
3.788000000000000256e-01
3.786999999999999811e-01
3.765000000000000013e-01
3.771999999999999797e-01
3.753000000000000225e-01
3.760000000000000009e-01
3.744000000000000106e-01
3.766999999999999793e-01
3.776999999999999802e-01
3.761999999999999789e-01
3.753000000000000225e-01
3.778000000000000247e-01
3.764000000000000123e-01
3.770000000000000018e-01
