1.325999999999999956e-01
2.048999999999999988e-01
1.942000000000000115e-01
2.349999999999999867e-01
2.434999999999999942e-01
2.341000000000000025e-01
2.386999999999999955e-01
2.531999999999999806e-01
2.988000000000000100e-01
2.901000000000000245e-01
2.605999999999999983e-01
2.776000000000000134e-01
3.164000000000000146e-01
2.601999999999999869e-01
3.323999999999999733e-01
3.195999999999999952e-01
3.312999999999999834e-01
2.949999999999999845e-01
3.573000000000000065e-01
3.709999999999999964e-01
3.245000000000000107e-01
3.733000000000000207e-01
3.078000000000000180e-01
3.559999999999999831e-01
3.800000000000000044e-01
3.600999999999999757e-01
4.046000000000000152e-01
3.870000000000000107e-01
3.689000000000000057e-01
3.714000000000000079e-01
3.710999999999999854e-01
3.577000000000000179e-01
3.804000000000000159e-01
3.870999999999999996e-01
3.790000000000000036e-01
4.022999999999999909e-01
4.028999999999999804e-01
3.842999999999999750e-01
3.892999999999999794e-01
4.022000000000000020e-01
3.588999999999999968e-01
4.159999999999999809e-01
3.659000000000000030e-01
3.958999999999999742e-01
3.941000000000000059e-01
3.894000000000000239e-01
3.849000000000000199e-01
4.036000000000000143e-01
4.008999999999999786e-01
4.026000000000000134e-01
4.066000000000000170e-01
4.083999999999999853e-01
4.087000000000000077e-01
4.071000000000000174e-01
4.097999999999999976e-01
4.064999999999999725e-01
4.108999999999999875e-01
4.087000000000000077e-01
4.102999999999999980e-01
4.087000000000000077e-01
4.102000000000000091e-01
4.073999999999999844e-01
4.087999999999999967e-01
4.081000000000000183e-01
4.093999999999999861e-01
4.092999999999999972e-01
4.084999999999999742e-01
4.097000000000000086e-01
4.113999999999999879e-01
4.102999999999999980e-01
4.092999999999999972e-01
4.089999999999999747e-01
4.103999999999999870e-01
4.107999999999999985e-01
4.116000000000000214e-01
4.109999999999999765e-01
4.113999999999999879e-01
4.116000000000000214e-01
4.129999999999999782e-01
4.104999999999999760e-01
4.117000000000000104e-01
4.092000000000000082e-01
4.119999999999999774e-01
4.116000000000000214e-01
4.102000000000000091e-01
4.089999999999999747e-01
4.112999999999999989e-01
4.097999999999999976e-01
4.079999999999999738e-01
4.088999999999999857e-01
4.096000000000000196e-01
4.108999999999999875e-01
4.116000000000000214e-01
4.097000000000000086e-01
4.111000000000000210e-01
4.078999999999999848e-01
4.111000000000000210e-01
4.102999999999999980e-01
4.112999999999999989e-01
4.102999999999999980e-01
