4.404505826568603233e+00
2.088743660354614118e+00
1.988406774520873999e+00
1.845587562561035178e+00
1.718540230178833061e+00
1.677196565437316877e+00
1.557293314552307129e+00
1.484506924247741777e+00
1.421243463325500445e+00
1.357643876457214294e+00
1.325943208885192792e+00
1.233881086730957088e+00
1.181249794960022026e+00
1.112076717758178734e+00
1.034511128234863353e+00
9.931591217041015884e-01
9.725677030563354419e-01
9.487686790466308695e-01
8.881555112838744881e-01
8.318518056869507182e-01
7.921141966819763569e-01
7.915918156623840130e-01
7.735295560836792372e-01
7.331552009582519291e-01
7.120296606063842848e-01
6.975119589805602871e-01
6.855996917724609396e-01
7.220814272880554663e-01
7.104107850074767860e-01
7.414746502876281564e-01
7.616295882225037062e-01
7.412334623336791495e-01
7.602991603851317892e-01
8.174526062965392637e-01
9.077128967285156280e-01
8.630267942428588857e-01
8.448704128265380753e-01
9.054555058479308860e-01
8.620480584144591951e-01
8.909910125732422026e-01
8.877752060890198305e-01
9.450925504684448697e-01
9.260651821136474116e-01
9.532377651214599679e-01
9.729731384277343631e-01
9.872682712554932127e-01
1.036575141334533656e+00
1.060712710380554258e+00
9.873666439056396626e-01
1.040205060577392482e+00
9.982063074111938716e-01
1.036442333221435641e+00
1.008833123397827158e+00
1.028075859642028744e+00
9.462129076004028860e-01
9.882629398345946781e-01
9.963701190948486275e-01
9.713905532836913936e-01
9.569542289733886653e-01
9.282247001647949691e-01
9.583131505966187014e-01
9.913370742797851243e-01
9.741402547836304215e-01
1.002857048034667908e+00
1.018972455978393477e+00
9.802083806991577219e-01
1.005661905479431129e+00
1.011456057929992713e+00
1.024136481475830029e+00
1.040056662559509348e+00
1.048031608581542873e+00
1.070041619491577167e+00
1.081065230178833048e+00
1.094770245933532671e+00
1.110235190391540616e+00
1.119776800155639629e+00
1.131544578170776472e+00
1.142653126907348549e+00
1.153793852043151880e+00
1.162908173751830976e+00
1.169740187263488718e+00
1.175353201293945382e+00
1.179876589012146093e+00
1.187500302124023355e+00
1.194530979728698705e+00
1.203722532653808575e+00
1.208669316101074198e+00
1.244385422706604016e+00
1.224291355514526281e+00
1.044985382080078073e+00
8.871277093887328657e-01
9.228917640686035151e-01
8.771198884963988807e-01
9.023780425071716849e-01
9.519784198760986582e-01
9.536953618049621717e-01
9.591327402114868672e-01
9.937457078933715771e-01
1.004272517013549804e+00
1.031114747619628957e+00
