3.975309296875000342e+01
3.356122123718261907e+00
2.896545144653320136e+00
2.811324551773071168e+00
2.556323935699462702e+00
2.312645576095580857e+00
2.404438693237304747e+00
2.504721797561645591e+00
2.200900664901733528e+00
2.213617432403564234e+00
2.328106439971923791e+00
2.273377468490600517e+00
2.349851129913330006e+00
2.338764717483520439e+00
2.252318954849243049e+00
2.571608769226074287e+00
2.605195302200317364e+00
2.343614010238647349e+00
2.797543530273437717e+00
3.161790528488159335e+00
2.764223329544067465e+00
2.954014619445800793e+00
3.515047399902343717e+00
3.330091867828369079e+00
4.241008109283447070e+00
3.329797091293334788e+00
3.649800002288818401e+00
3.791646919250488246e+00
3.699981103515625147e+00
3.677112184524536254e+00
3.947293746948242088e+00
3.912204637145995978e+00
4.267146186065673419e+00
4.424432847595214824e+00
3.737486425781249899e+00
4.571086462402344175e+00
4.068071646881103121e+00
3.987837999343871953e+00
4.073977004241942979e+00
4.019965895843506054e+00
4.103230298614501947e+00
3.813583103179931655e+00
3.883806154251098430e+00
3.886339989471435441e+00
3.871054470062255781e+00
3.841471937561035332e+00
3.765342763900756839e+00
3.760924208831787130e+00
3.689497156143188406e+00
3.723206140518188434e+00
3.645088583755493161e+00
3.664976379776001103e+00
3.667311798858642558e+00
3.688172924804687280e+00
3.682724288558960168e+00
3.709534827804565449e+00
3.653556322479248220e+00
3.650704068374633682e+00
3.608879617309570520e+00
3.636604705810547067e+00
3.639449885177612476e+00
3.644849183654784941e+00
3.648939450073242163e+00
3.651671344757080107e+00
3.627667839050292997e+00
3.615883126068115239e+00
3.636930895614624237e+00
3.623694004440307648e+00
3.640998586654663249e+00
3.633116346740722591e+00
3.617867056274413962e+00
3.602809465026855396e+00
3.628454489135742200e+00
3.621674736785888804e+00
3.634682486343383978e+00
3.610967258453368967e+00
3.626701808929443160e+00
3.601564230346679718e+00
3.562363460159301720e+00
3.600031868743896357e+00
3.633686347198486377e+00
3.636622434997558440e+00
3.600409136962890777e+00
3.600862010574340744e+00
3.590632434463500999e+00
3.600569500732421879e+00
3.630198686981201295e+00
3.647017006683349827e+00
3.589878216552734536e+00
3.609471077728271471e+00
3.592819953918457099e+00
3.593668087768554731e+00
3.552333745956421041e+00
3.619571999740600621e+00
3.607179448699951330e+00
3.637925049209594697e+00
3.611952247619628853e+00
3.631574322891235163e+00
3.602587482070922942e+00
3.571393527221679687e+00
