4.404504969787597979e+00
2.088743672561645504e+00
1.988406786727905384e+00
1.845587513732910079e+00
1.718540208625793486e+00
1.677196543884277302e+00
1.557293253517150866e+00
1.484506899452209483e+00
1.421243472290039112e+00
1.357643882560729987e+00
1.325943254470825172e+00
1.233881120109558083e+00
1.181249815750122112e+00
1.112076705551147571e+00
1.034511085319518964e+00
9.931591979980468610e-01
9.725676996231079618e-01
9.487686790466308695e-01
8.881555509567260476e-01
8.318518547058105783e-01
7.921142444610596023e-01
7.915919143676757308e-01
7.735294348716735824e-01
7.331552332878112921e-01
7.120296496391296248e-01
6.975119081497191953e-01
6.855995800971984577e-01
7.220813920974731293e-01
7.104109652519225993e-01
7.414746635437011735e-01
7.616295611381530550e-01
7.412333225250243851e-01
7.602990818977355403e-01
8.174524720191955751e-01
9.077127323150634419e-01
8.630267704010009533e-01
8.448705255508422995e-01
9.054553536415099746e-01
8.620480712890624675e-01
8.909911046981811023e-01
8.877751002311706774e-01
9.450923814773559695e-01
9.260650731086731424e-01
9.532378091812133691e-01
9.729732452392577668e-01
9.872683671951294482e-01
1.036575028800964304e+00
1.060712699890136612e+00
9.873667892456055029e-01
1.040205040740966869e+00
9.982061847686767297e-01
1.036442325973510714e+00
1.008833086395263701e+00
1.028075953102111750e+00
9.462127363204956287e-01
9.882628147125244178e-01
9.963700103759766113e-01
9.713905136108398342e-01
9.569542940139770248e-01
9.282247646331787116e-01
9.583130927085876660e-01
9.913369077682495645e-01
9.741404109954834301e-01
1.002856992530822833e+00
1.018972463226318403e+00
9.802084257125854849e-01
1.005661924552917474e+00
1.011456029701232939e+00
1.024136434173583909e+00
1.040056385803222572e+00
1.048031708526611316e+00
1.070041630744934080e+00
1.081065100097656329e+00
1.094770265007019017e+00
1.110235030555725144e+00
1.119776963806152326e+00
1.131544480133056751e+00
1.142653139305114696e+00
1.153793786811828648e+00
1.162908038520813037e+00
1.169739978027343641e+00
1.175353073310852148e+00
1.179876337242126372e+00
1.187500353622436444e+00
1.194530989265441878e+00
1.203722544670104977e+00
1.208669455718994090e+00
1.244385182571411175e+00
1.224291224479675311e+00
1.044985322761535551e+00
8.871277725219726129e-01
9.228919305801391859e-01
8.771199523925781172e-01
9.023780157089232867e-01
9.519786119461060014e-01
9.536955286026000955e-01
9.591329092025756564e-01
9.937458066940307866e-01
1.004272559928893971e+00
1.031114845466613694e+00
