1.127999999999999975e-01
1.859000000000000097e-01
2.273000000000000020e-01
2.283000000000000029e-01
2.381999999999999951e-01
2.513000000000000234e-01
2.439999999999999947e-01
2.505000000000000004e-01
2.610999999999999988e-01
2.602999999999999758e-01
2.656000000000000028e-01
2.948999999999999955e-01
2.654000000000000248e-01
2.816000000000000170e-01
2.838999999999999857e-01
2.972000000000000197e-01
2.911000000000000254e-01
2.913000000000000034e-01
3.093000000000000194e-01
3.073000000000000176e-01
3.119000000000000106e-01
3.291000000000000036e-01
3.069999999999999951e-01
3.024000000000000021e-01
2.831000000000000183e-01
3.068000000000000171e-01
3.425000000000000266e-01
3.287999999999999812e-01
3.466000000000000192e-01
3.321999999999999953e-01
3.537000000000000144e-01
3.251000000000000001e-01
3.183000000000000274e-01
3.413999999999999813e-01
3.471000000000000196e-01
3.511000000000000232e-01
2.988999999999999990e-01
3.544999999999999818e-01
3.488999999999999879e-01
3.352999999999999869e-01
3.291999999999999926e-01
3.123000000000000220e-01
3.340000000000000191e-01
3.573999999999999955e-01
3.711999999999999744e-01
3.534999999999999809e-01
3.204000000000000181e-01
3.411000000000000143e-01
3.513000000000000012e-01
3.593999999999999972e-01
3.613999999999999990e-01
3.658000000000000140e-01
3.699999999999999956e-01
3.683000000000000163e-01
3.680999999999999828e-01
3.690999999999999837e-01
3.674999999999999933e-01
3.674000000000000044e-01
3.695999999999999841e-01
3.698000000000000176e-01
3.684000000000000052e-01
3.711999999999999744e-01
3.670999999999999819e-01
3.719999999999999973e-01
3.683000000000000163e-01
3.672000000000000264e-01
3.649000000000000021e-01
3.673000000000000154e-01
3.706999999999999740e-01
3.708000000000000185e-01
3.710999999999999854e-01
3.709999999999999964e-01
3.675999999999999823e-01
3.660999999999999810e-01
3.711999999999999744e-01
3.684999999999999942e-01
3.683000000000000163e-01
3.670999999999999819e-01
3.658000000000000140e-01
3.694999999999999951e-01
3.701999999999999735e-01
3.684999999999999942e-01
3.700999999999999845e-01
3.683000000000000163e-01
3.706999999999999740e-01
3.691999999999999726e-01
3.687000000000000277e-01
3.688000000000000167e-01
3.691999999999999726e-01
3.694000000000000061e-01
3.694000000000000061e-01
3.699000000000000066e-01
3.724999999999999978e-01
3.698000000000000176e-01
3.688000000000000167e-01
3.682000000000000273e-01
3.695999999999999841e-01
3.710999999999999854e-01
3.698000000000000176e-01
3.689000000000000057e-01
