4.404504933929443311e+00
2.088743653869629124e+00
1.988406805038452241e+00
1.845587553215026766e+00
1.718540279006957938e+00
1.677196559333801185e+00
1.557293284416198631e+00
1.484506917762756339e+00
1.421243506050109850e+00
1.357643885421752961e+00
1.325943284988403414e+00
1.233881129455566494e+00
1.181249834442138713e+00
1.112076742172241284e+00
1.034511131286621088e+00
9.931590637207031724e-01
9.725677915573119892e-01
9.487686882019042978e-01
8.881555049896240339e-01
8.318517365455627699e-01
7.921142823219299300e-01
7.915918732643127953e-01
7.735295516014099038e-01
7.331552277565002163e-01
7.120295715332031206e-01
6.975119174957274959e-01
6.855995973587035719e-01
7.220814454078674505e-01
7.104109056472778239e-01
7.414747100830078042e-01
7.616295672416687479e-01
7.412334181785583676e-01
7.602992063522339139e-01
8.174524572372436904e-01
9.077129715919494135e-01
8.630267885208129375e-01
8.448704751014709524e-01
9.054554462432861106e-01
8.620480961799621422e-01
8.909911036491393599e-01
8.877751920700073240e-01
9.450925069808959744e-01
9.260651821136474116e-01
9.532377727508545284e-01
9.729733625411987052e-01
9.872683135986327629e-01
1.036575152015686063e+00
1.060712941932678177e+00
9.873667213439941692e-01
1.040205179595947271e+00
9.982060869216918819e-01
1.036442326354980459e+00
1.008833135223388577e+00
1.028075886726379284e+00
9.462128555297851795e-01
9.882628015518188924e-01
9.963699811935424755e-01
9.713904987335204577e-01
9.569541915893554629e-01
9.282247611999511205e-01
9.583132841110229005e-01
9.913368894577025969e-01
9.741402822494507063e-01
1.002857115173339864e+00
1.018972567939758322e+00
9.802084766387939574e-01
1.005661894989013705e+00
1.011456105613708578e+00
1.024136541557312041e+00
1.040056431579589935e+00
1.048031738090515086e+00
1.070041652679443400e+00
1.081065295219421296e+00
1.094770203781127993e+00
1.110235285377502379e+00
1.119777116203308109e+00
1.131544614410400440e+00
1.142653116226196364e+00
1.153793878173828169e+00
1.162908067131042555e+00
1.169740123748779226e+00
1.175353149795532293e+00
1.179876609802246179e+00
1.187500230026245163e+00
1.194530802536010849e+00
1.203722458457946676e+00
1.208669477272033665e+00
1.244385519790649486e+00
1.224291262245178258e+00
1.044985258483886792e+00
8.871281133651733875e-01
9.228918695449829235e-01
8.771199405670165872e-01
9.023781092643737844e-01
9.519784128189087147e-01
9.536954504966735913e-01
9.591328451156616586e-01
9.937456750869750888e-01
1.004272525978088471e+00
1.031114852905273382e+00
