4.404504910278320473e+00
2.088743660354614118e+00
1.988406786727905384e+00
1.845587538146972628e+00
1.718540229797363317e+00
1.677196510505676308e+00
1.557293296241760272e+00
1.484506954002380308e+00
1.421243552017211975e+00
1.357643906974792536e+00
1.325943223953247152e+00
1.233881105041503945e+00
1.181249822235107327e+00
1.112076708412170323e+00
1.034511131095886327e+00
9.931591339111328631e-01
9.725677118301391255e-01
9.487686713218689283e-01
8.881555240631103798e-01
8.318518282890320359e-01
7.921141997337340923e-01
7.915918641090392560e-01
7.735295158386230607e-01
7.331552381515502592e-01
7.120296394348144542e-01
6.975118182182311610e-01
6.855995650291443200e-01
7.220814177513122933e-01
7.104108232498168585e-01
7.414746854782104935e-01
7.616298011779785160e-01
7.412334454536437800e-01
7.602991815567016198e-01
8.174525608062743753e-01
9.077130046844482658e-01
8.630266813278197890e-01
8.448704248428344776e-01
9.054553825378417464e-01
8.620481208801269446e-01
8.909911309242248834e-01
8.877752843856812071e-01
9.450925195693969938e-01
9.260651186943054114e-01
9.532376752853393143e-01
9.729732212066650732e-01
9.872682857513427335e-01
1.036574963760376056e+00
1.060712813186645453e+00
9.873666725158691815e-01
1.040205005455017151e+00
9.982061632156371545e-01
1.036442169761657706e+00
1.008833092308044410e+00
1.028075830841064464e+00
9.462127550125122299e-01
9.882628700256347321e-01
9.963701284408569281e-01
9.713903816223145027e-01
9.569544610977173127e-01
9.282247947692870982e-01
9.583131615638732503e-01
9.913368963241576681e-01
9.741403322219848171e-01
1.002857121276855557e+00
1.018972496223449653e+00
9.802084636688231933e-01
1.005661964225769145e+00
1.011455986213684044e+00
1.024136530113220145e+00
1.040056358528137270e+00
1.048031735038757351e+00
1.070041651916503911e+00
1.081065328407287529e+00
1.094770160865783604e+00
1.110235260772705068e+00
1.119776879882812493e+00
1.131544519996642961e+00
1.142653022766113358e+00
1.153793775558471735e+00
1.162908222961425819e+00
1.169740206527710047e+00
1.175353046035766624e+00
1.179876443290710508e+00
1.187500316810607970e+00
1.194530859184265159e+00
1.203722423744201686e+00
1.208669333076477059e+00
1.244385436439514159e+00
1.224291006088256806e+00
1.044985289001464812e+00
8.871276662826538262e-01
9.228917664527892528e-01
8.771198754310607359e-01
9.023781150817871133e-01
9.519783952713012365e-01
9.536955654144286809e-01
9.591327520370482862e-01
9.937459314346313022e-01
1.004272557067870997e+00
1.031114603424072351e+00
