9.650000000000000244e-02
1.474999999999999922e-01
1.547999999999999932e-01
1.970999999999999974e-01
1.955000000000000071e-01
1.746999999999999942e-01
2.434999999999999942e-01
2.788999999999999813e-01
2.437999999999999889e-01
2.656999999999999917e-01
2.857000000000000095e-01
2.962000000000000188e-01
2.336000000000000021e-01
3.232999999999999763e-01
3.114999999999999991e-01
2.813999999999999835e-01
2.922000000000000153e-01
3.491000000000000214e-01
2.994999999999999885e-01
2.847000000000000086e-01
3.331999999999999962e-01
3.251999999999999891e-01
3.454999999999999738e-01
3.393999999999999795e-01
3.065999999999999837e-01
3.991999999999999993e-01
3.800999999999999934e-01
3.846999999999999864e-01
3.382000000000000006e-01
3.973999999999999755e-01
3.836999999999999855e-01
4.107000000000000095e-01
3.397000000000000020e-01
3.744000000000000106e-01
4.092000000000000082e-01
4.047000000000000042e-01
3.770000000000000018e-01
3.987999999999999878e-01
3.961999999999999966e-01
3.867999999999999772e-01
3.663000000000000145e-01
4.151000000000000245e-01
3.785000000000000031e-01
4.159999999999999809e-01
4.006000000000000116e-01
4.217000000000000193e-01
4.159999999999999809e-01
4.304000000000000048e-01
4.254000000000000004e-01
4.138000000000000012e-01
4.263000000000000123e-01
4.274999999999999911e-01
4.280999999999999805e-01
4.284000000000000030e-01
4.292000000000000259e-01
4.304999999999999938e-01
4.330999999999999850e-01
4.289000000000000035e-01
4.321999999999999731e-01
4.274999999999999911e-01
4.292000000000000259e-01
4.323000000000000176e-01
4.299000000000000044e-01
4.302000000000000268e-01
4.265999999999999792e-01
4.319999999999999951e-01
4.316999999999999726e-01
4.302000000000000268e-01
4.274000000000000021e-01
4.312000000000000277e-01
4.304999999999999938e-01
4.328000000000000180e-01
4.287000000000000255e-01
4.289000000000000035e-01
4.300999999999999823e-01
4.305999999999999828e-01
4.302000000000000268e-01
4.350999999999999868e-01
4.319000000000000061e-01
4.312000000000000277e-01
4.325999999999999845e-01
4.310999999999999832e-01
4.307000000000000273e-01
4.302000000000000268e-01
4.292000000000000259e-01
4.310999999999999832e-01
4.297000000000000264e-01
4.297000000000000264e-01
4.318000000000000171e-01
4.287000000000000255e-01
4.270999999999999797e-01
4.303000000000000158e-01
4.289000000000000035e-01
4.307000000000000273e-01
4.299999999999999933e-01
4.309999999999999942e-01
4.320999999999999841e-01
4.331999999999999740e-01
4.305999999999999828e-01
4.323000000000000176e-01
