1.840318134765624905e+02
5.142865330505371091e+00
3.643090209197997975e+00
3.382004690933227753e+00
3.382770663452148607e+00
3.525001748275756963e+00
3.319826831817627166e+00
3.274971279907226585e+00
3.375927742385864239e+00
3.312096854782104582e+00
3.243609195327758599e+00
3.246985459136962682e+00
3.737723246002197186e+00
3.063228251266479685e+00
3.410694330215453984e+00
3.379401446914672924e+00
3.524396001434326298e+00
3.297031005477905286e+00
3.513358860015868945e+00
3.513696661376953134e+00
3.523399045181274225e+00
3.598345482635497916e+00
3.657991616821289149e+00
4.212374205780029079e+00
3.678326010894775511e+00
3.382456340026855468e+00
3.879009429931640440e+00
3.709101965713501148e+00
4.276137919616699534e+00
4.260931974029540825e+00
4.324770989990234682e+00
4.404601290130615077e+00
4.047452967071532903e+00
4.727628321838379222e+00
4.443900664520263888e+00
5.198246482849120831e+00
5.658665179443359783e+00
4.733714411163330027e+00
5.457497971343993726e+00
5.844907578277587668e+00
5.861338031005859150e+00
4.893866306304931690e+00
5.406347673797607278e+00
4.626928955078125405e+00
4.944157000732421814e+00
4.868034541320800379e+00
5.188386580657958547e+00
4.937694228363037396e+00
4.905598068237305043e+00
5.316215972137451118e+00
5.036897457885742391e+00
5.041303477478026984e+00
5.051859803009032923e+00
5.024990600585937273e+00
5.039354930877685490e+00
5.013225999450683368e+00
5.010178473663329690e+00
5.027910253143310193e+00
4.961799378204346134e+00
5.001223547363281341e+00
5.022267089843749588e+00
5.007721102905273725e+00
5.013073104858398743e+00
4.973100373840331656e+00
5.038373471832275463e+00
5.019695403289794911e+00
4.989905825042724175e+00
4.981815662384033061e+00
5.043590455627441571e+00
5.019077701568603445e+00
4.990927056884765456e+00
5.006900531005859634e+00
5.012120611572265183e+00
4.988156665039062077e+00
5.004773002624511413e+00
4.989344146728515561e+00
5.023111600494384987e+00
4.960998934173583841e+00
4.957474735260009702e+00
4.979453945159912465e+00
4.978227317810058672e+00
4.994367952728271831e+00
4.983328678131103473e+00
4.976338452911376997e+00
4.980386157226562638e+00
4.990490079498290932e+00
4.982912038421630996e+00
5.022493319702148185e+00
4.991088053131103486e+00
4.976981056976318207e+00
5.025258815765380582e+00
4.987702799224853933e+00
4.996309020996093864e+00
5.027911848449707399e+00
5.004307624053955017e+00
5.003982386016845751e+00
4.988387179565429541e+00
4.982537060546874841e+00
4.983760648345946898e+00
4.980286613464355305e+00
