4.404505384826659764e+00
2.088743635940551790e+00
1.988406853866577118e+00
1.845587574768066341e+00
1.718540291213989324e+00
1.677196553230285714e+00
1.557293286895751860e+00
1.484506954383850053e+00
1.421243512153625543e+00
1.357643833351135143e+00
1.325943266677856336e+00
1.233881074523925703e+00
1.181249889755249027e+00
1.112076769828796330e+00
1.034511103820800804e+00
9.931590723037719837e-01
9.725677272796631190e-01
9.487687374114990302e-01
8.881555387496947729e-01
8.318518927574157784e-01
7.921143110275268295e-01
7.915919041633605602e-01
7.735294609069823801e-01
7.331552363395691385e-01
7.120296234130859547e-01
6.975118519783020110e-01
6.855995204925536823e-01
7.220813323020934815e-01
7.104108029365540089e-01
7.414747619628906383e-01
7.616294417381286319e-01
7.412334681510924783e-01
7.602990531921386408e-01
8.174526177406310490e-01
9.077127825736999167e-01
8.630268220901489151e-01
8.448704104423523376e-01
9.054552407264709890e-01
8.620480318069457804e-01
8.909910670280456468e-01
8.877751306533813169e-01
9.450925018310546433e-01
9.260651115417480872e-01
9.532377134323120060e-01
9.729731897354125802e-01
9.872683050155639517e-01
1.036575019454956115e+00
1.060712819290161146e+00
9.873667312622069758e-01
1.040205179595947271e+00
9.982061399459838391e-01
1.036442298507690429e+00
1.008833213233947701e+00
1.028076018714904727e+00
9.462128828048705920e-01
9.882627927780150978e-01
9.963700908660888533e-01
9.713905103683471154e-01
9.569544122695923249e-01
9.282248010635375524e-01
9.583130914688110513e-01
9.913369071960449475e-01
9.741403242111206229e-01
1.002857131576537997e+00
1.018972312927246104e+00
9.802083076477050572e-01
1.005661992645263680e+00
1.011455917739868093e+00
1.024136573410034279e+00
1.040056350135803331e+00
1.048031810951232989e+00
1.070041679382324196e+00
1.081065127563476613e+00
1.094770390129089277e+00
1.110235199165344300e+00
1.119777163505554229e+00
1.131544382667541537e+00
1.142653133773803731e+00
1.153794087791442768e+00
1.162908105850219753e+00
1.169740132522582909e+00
1.175353264045715385e+00
1.179876467895507819e+00
1.187500253868102984e+00
1.194530927848815871e+00
1.203722444343566789e+00
1.208669419860839866e+00
1.244385541343689061e+00
1.224291414070129314e+00
1.044985321617126539e+00
8.871280134201049439e-01
9.228918699264526682e-01
8.771199308395385419e-01
9.023781334877014615e-01
9.519784902572632213e-01
9.536956239700317139e-01
9.591327848434447745e-01
9.937459127426147010e-01
1.004272625160217203e+00
1.031114801597595276e+00
