1.509282499542236344e+01
2.788092764282226632e+00
2.883776175308227607e+00
2.518029322433471773e+00
2.400465061569213798e+00
2.374138549804687415e+00
2.089424589157104606e+00
2.207478533935546938e+00
2.210203430557251103e+00
2.071606220245361119e+00
2.212807901382446207e+00
1.890980004501342737e+00
2.268000611114501908e+00
2.041785670852660939e+00
2.142875153732299864e+00
1.895009199905395514e+00
1.881317253112793075e+00
2.183409961318969916e+00
2.637808904266357501e+00
2.469281452178955227e+00
2.261076830673217852e+00
2.555249035263061685e+00
2.414088865661621064e+00
2.255293331527710166e+00
2.680558091735839810e+00
2.873656771087646611e+00
2.704699821853637776e+00
4.305563031005859465e+00
2.846398289871215681e+00
3.169767688369750758e+00
2.856968460464477388e+00
3.293794849014282100e+00
3.751038825988769698e+00
3.578527145767211870e+00
3.515768392944335741e+00
3.055382477569580146e+00
3.407496438598632604e+00
3.347047720336914001e+00
3.491436645126342775e+00
3.357141091918945275e+00
3.327122969055175794e+00
3.653791529083251888e+00
3.212414830780029096e+00
3.536418772125244026e+00
3.384456812286376959e+00
3.280525421905517547e+00
3.332823809814453142e+00
3.284987562942504713e+00
3.251394730758666807e+00
3.216808232498169051e+00
3.260380826568603396e+00
3.180470160293578985e+00
3.230501907730102484e+00
3.214394818878173687e+00
3.213486767196655158e+00
3.226461394500732549e+00
3.216351312255859352e+00
3.208417121505737324e+00
3.172907725143432778e+00
3.194953625869751068e+00
3.209200748062133624e+00
3.197774473190307720e+00
3.215623348236083867e+00
3.175033551406860166e+00
3.169296288299560338e+00
3.197010052871704033e+00
3.198437771606445157e+00
3.192154275512695261e+00
3.166031748962402137e+00
3.163829941940307755e+00
3.162937817001342911e+00
3.156912862777709883e+00
3.155002701187133773e+00
3.180788903808593915e+00
3.164920514297485443e+00
3.166447893905639521e+00
3.184771670532226651e+00
3.153937681198120124e+00
3.139018355941772587e+00
3.161031212615966979e+00
3.160647290802002018e+00
3.171691407012939390e+00
3.167352185058593950e+00
3.135708137130737150e+00
3.154150344848632770e+00
3.161500096511840940e+00
3.163193654632568297e+00
3.146738825607299894e+00
3.152042980194091903e+00
3.149302078247070202e+00
3.153923205947875896e+00
3.186543257522583161e+00
3.159979206466674739e+00
3.175261182022094619e+00
3.161290956878662239e+00
3.164748524856567435e+00
3.190615921020507617e+00
3.164771868133545052e+00
3.152799581909179860e+00
3.147739509201049835e+00
