1.197000000000000008e-01
2.449999999999999956e-01
2.351999999999999924e-01
2.454000000000000070e-01
2.727999999999999869e-01
2.882000000000000117e-01
2.955999999999999739e-01
3.181999999999999829e-01
3.388999999999999790e-01
3.260000000000000120e-01
3.457999999999999963e-01
3.531000000000000250e-01
3.287999999999999812e-01
3.745999999999999885e-01
3.458999999999999853e-01
4.097999999999999976e-01
4.040000000000000258e-01
3.741999999999999771e-01
3.430000000000000271e-01
3.971000000000000085e-01
3.860999999999999988e-01
3.985000000000000209e-01
4.208000000000000074e-01
4.375000000000000000e-01
3.991999999999999993e-01
4.111000000000000210e-01
4.264999999999999902e-01
3.773000000000000242e-01
4.275999999999999801e-01
4.294999999999999929e-01
4.426999999999999824e-01
4.461999999999999855e-01
4.242000000000000215e-01
4.364000000000000101e-01
4.430000000000000049e-01
4.466999999999999860e-01
4.283000000000000140e-01
4.439000000000000168e-01
4.312000000000000277e-01
4.398000000000000242e-01
4.445999999999999952e-01
4.421999999999999820e-01
4.596999999999999975e-01
4.461999999999999855e-01
4.571000000000000063e-01
4.597999999999999865e-01
4.590000000000000191e-01
4.596000000000000085e-01
4.598999999999999755e-01
4.621999999999999997e-01
4.581999999999999962e-01
4.621000000000000107e-01
4.598999999999999755e-01
4.598999999999999755e-01
4.607999999999999874e-01
4.593999999999999750e-01
4.611000000000000099e-01
4.601999999999999980e-01
4.627000000000000002e-01
4.605000000000000204e-01
4.602999999999999869e-01
4.605000000000000204e-01
4.605000000000000204e-01
4.606999999999999984e-01
4.611000000000000099e-01
4.611999999999999988e-01
4.586999999999999966e-01
4.601999999999999980e-01
4.612999999999999878e-01
4.600000000000000200e-01
4.598999999999999755e-01
4.620000000000000218e-01
4.616999999999999993e-01
4.591999999999999971e-01
4.591999999999999971e-01
4.602999999999999869e-01
4.592999999999999861e-01
4.610000000000000209e-01
4.616000000000000103e-01
4.596999999999999975e-01
4.578999999999999737e-01
4.610000000000000209e-01
4.587999999999999856e-01
4.591999999999999971e-01
4.597999999999999865e-01
4.588999999999999746e-01
4.583999999999999742e-01
4.591999999999999971e-01
4.587999999999999856e-01
4.580000000000000182e-01
4.595000000000000195e-01
4.588999999999999746e-01
4.595000000000000195e-01
4.586000000000000076e-01
4.592999999999999861e-01
4.600000000000000200e-01
4.563999999999999724e-01
4.607999999999999874e-01
4.601999999999999980e-01
4.597999999999999865e-01
