4.404505838775635063e+00
2.088743678283691452e+00
1.988406823348999097e+00
1.845587516593933053e+00
1.718540242004394480e+00
1.677196549987792995e+00
1.557293301963806220e+00
1.484506902694702202e+00
1.421243512535095288e+00
1.357643873214721575e+00
1.325943276023864748e+00
1.233881096076965278e+00
1.181249934959411663e+00
1.112076778793334997e+00
1.034511097335815366e+00
9.931590299606323224e-01
9.725676876068115595e-01
9.487687067031860266e-01
8.881555021286010598e-01
8.318518760681152813e-01
7.921142609596252271e-01
7.915919129371643548e-01
7.735294411659240366e-01
7.331551997184753144e-01
7.120296386718749648e-01
6.975119435310364047e-01
6.855995666503906794e-01
7.220813463211059879e-01
7.104108313560485444e-01
7.414748118400573684e-01
7.616294449806213507e-01
7.412334722518920671e-01
7.602990873336792355e-01
8.174525135993957470e-01
9.077128312110901431e-01
8.630268182754516904e-01
8.448704955101012937e-01
9.054552987098694050e-01
8.620481046676635728e-01
8.909910713195801080e-01
8.877752366065978507e-01
9.450924436569213549e-01
9.260650946617126067e-01
9.532375610351562223e-01
9.729731967926025238e-01
9.872682487487792757e-01
1.036575071334838949e+00
1.060712756347656160e+00
9.873666934967041398e-01
1.040205120277404749e+00
9.982062232971191662e-01
1.036442323303222723e+00
1.008833089256286675e+00
1.028075885963440017e+00
9.462128341674804766e-01
9.882628541946411049e-01
9.963700275421142338e-01
9.713906831741333514e-01
9.569543323516845890e-01
9.282247913360596181e-01
9.583131343841552185e-01
9.913367969512939526e-01
9.741403375625610206e-01
1.002857099914550743e+00
1.018972337722778398e+00
9.802083967208862214e-01
1.005662018203735242e+00
1.011455952072143560e+00
1.024136395645141695e+00
1.040056471443176367e+00
1.048031776809692284e+00
1.070041580963134731e+00
1.081065115356445228e+00
1.094770290946960545e+00
1.110235085105895969e+00
1.119777152061462333e+00
1.131544426536559955e+00
1.142653118324279848e+00
1.153794071960449141e+00
1.162908147430419925e+00
1.169740168952941861e+00
1.175353036689758213e+00
1.179876493072509858e+00
1.187500354385375934e+00
1.194530897521972612e+00
1.203722582626342685e+00
1.208669623184204012e+00
1.244385369682311948e+00
1.224291423034667980e+00
1.044985397720336939e+00
8.871281980514525989e-01
9.228918612480163652e-01
8.771197751998901504e-01
9.023780268669128191e-01
9.519784103393554853e-01
9.536955507278442878e-01
9.591328428268433015e-01
9.937458450317382397e-01
1.004272554016113261e+00
1.031114686584472695e+00
