8.014856744384765364e+00
2.459999302291870027e+00
2.461280356216430487e+00
2.341940611267089967e+00
2.301070327377319202e+00
2.243753811645508023e+00
2.237092493438720631e+00
2.112481449508667009e+00
2.283691104125976423e+00
2.084188947296142569e+00
2.081586666870117064e+00
2.152294432067871188e+00
2.056891275024414156e+00
1.916625177764892607e+00
1.924852128601074241e+00
2.002224475097656331e+00
2.107727854156494107e+00
2.053309701538085896e+00
1.858986840057373024e+00
1.912748969459533654e+00
1.995376686096191454e+00
2.001422848892211892e+00
2.120660314559936310e+00
2.306439996719360508e+00
2.048098446655273630e+00
2.221341238784789951e+00
2.536885977172851359e+00
2.333650869750976575e+00
2.030464094924926854e+00
3.099343229293823221e+00
3.006565851593017591e+00
2.579928591918945191e+00
2.507994250488281285e+00
3.492394960403442550e+00
3.686498228073120220e+00
3.366129938507079977e+00
3.187272738647461079e+00
3.680712281799316532e+00
3.723415637969970771e+00
3.341257528686523592e+00
3.805840782928466837e+00
3.729444467163085974e+00
3.900064035034179533e+00
3.667264254760742137e+00
3.585888685607910187e+00
3.899277590560913165e+00
3.968565600967407292e+00
3.547156465148925797e+00
3.731792272567748814e+00
3.706126002120971652e+00
3.541392293930053725e+00
3.532043983078002825e+00
3.513164276885986315e+00
3.544608868789672851e+00
3.570413615036010846e+00
3.577330463027954099e+00
3.543943139266967801e+00
3.552833290863036897e+00
3.554178550338745080e+00
3.595022656249999837e+00
3.547177993011474406e+00
3.565700289154052793e+00
3.587118852996826313e+00
3.597537834548950375e+00
3.589282036590576208e+00
3.587283316802978295e+00
3.545817048263549598e+00
3.545257251358032047e+00
3.530364633941650343e+00
3.574551429367065492e+00
3.569913275909423866e+00
3.572524123382568195e+00
3.568019575881958172e+00
3.570322329711914211e+00
3.533307778930664167e+00
3.548980692672729642e+00
3.594645260238647388e+00
3.601690060424804773e+00
3.578526085281372282e+00
3.552458777999877970e+00
3.575224043655395700e+00
3.564281072998046973e+00
3.564737996292114186e+00
3.587232152938842678e+00
3.578684551620483489e+00
3.551006795120239090e+00
3.569595477294921881e+00
3.579733564758300624e+00
3.584139645767212112e+00
3.582670299530029467e+00
3.556297547912597778e+00
3.576472956466674624e+00
3.546144839477539001e+00
3.554648542404174716e+00
3.572636663436889570e+00
3.540249571990966793e+00
3.567871553421020359e+00
3.550498575592040851e+00
3.564478231048584078e+00
3.559777585601806571e+00
