1.529000000000000081e-01
1.963999999999999913e-01
2.066999999999999948e-01
1.995000000000000107e-01
2.175999999999999879e-01
2.010000000000000120e-01
1.882999999999999952e-01
2.651000000000000023e-01
2.215999999999999914e-01
2.686000000000000054e-01
2.651999999999999913e-01
2.803999999999999826e-01
2.736000000000000099e-01
2.928000000000000047e-01
3.271999999999999909e-01
3.052000000000000268e-01
2.978000000000000091e-01
3.063000000000000167e-01
3.508999999999999897e-01
3.239000000000000212e-01
3.370000000000000218e-01
3.492999999999999994e-01
3.483999999999999875e-01
3.422999999999999932e-01
3.664999999999999925e-01
3.669000000000000039e-01
3.527000000000000135e-01
3.740999999999999881e-01
4.218999999999999972e-01
3.539999999999999813e-01
3.497000000000000108e-01
4.067999999999999949e-01
4.228000000000000091e-01
3.725999999999999868e-01
3.862999999999999767e-01
3.803000000000000269e-01
4.242000000000000215e-01
3.921000000000000041e-01
3.814000000000000168e-01
4.295999999999999819e-01
4.122999999999999998e-01
4.112999999999999989e-01
4.081000000000000183e-01
4.212000000000000188e-01
4.148000000000000020e-01
4.077000000000000068e-01
4.072999999999999954e-01
4.269000000000000017e-01
4.274999999999999911e-01
4.188999999999999946e-01
4.355999999999999872e-01
4.364000000000000101e-01
4.359999999999999987e-01
4.359999999999999987e-01
4.336999999999999744e-01
4.341999999999999749e-01
4.350999999999999868e-01
4.354000000000000092e-01
4.369999999999999996e-01
4.354000000000000092e-01
4.359999999999999987e-01
4.354999999999999982e-01
4.309999999999999942e-01
4.328000000000000180e-01
4.334000000000000075e-01
4.330999999999999850e-01
4.354999999999999982e-01
4.361999999999999766e-01
4.364999999999999991e-01
4.344999999999999973e-01
4.354000000000000092e-01
4.351999999999999758e-01
4.338000000000000189e-01
4.344000000000000083e-01
4.359999999999999987e-01
4.359000000000000097e-01
4.339999999999999969e-01
4.323000000000000176e-01
4.350999999999999868e-01
4.339000000000000079e-01
4.345999999999999863e-01
4.351999999999999758e-01
4.339000000000000079e-01
4.324999999999999956e-01
4.329999999999999960e-01
4.353000000000000203e-01
4.335999999999999854e-01
4.333000000000000185e-01
4.349999999999999978e-01
4.343000000000000194e-01
4.348000000000000198e-01
4.354000000000000092e-01
4.360999999999999877e-01
4.370999999999999885e-01
4.349000000000000088e-01
4.370999999999999885e-01
4.326999999999999735e-01
4.364999999999999991e-01
4.338000000000000189e-01
4.354999999999999982e-01
