1.168000000000000010e-01
1.778000000000000136e-01
1.907999999999999974e-01
2.086000000000000076e-01
2.412999999999999867e-01
2.461000000000000132e-01
2.859999999999999765e-01
3.196999999999999842e-01
2.927000000000000157e-01
3.323999999999999733e-01
3.180999999999999939e-01
3.401000000000000134e-01
3.493999999999999884e-01
3.563999999999999946e-01
3.476000000000000201e-01
3.638000000000000123e-01
3.622000000000000219e-01
3.634000000000000008e-01
3.608000000000000096e-01
3.291000000000000036e-01
3.795000000000000040e-01
3.795999999999999930e-01
3.441000000000000170e-01
3.869000000000000217e-01
3.709000000000000075e-01
3.814000000000000168e-01
4.026000000000000134e-01
3.968999999999999750e-01
3.805999999999999939e-01
4.102000000000000091e-01
4.168000000000000038e-01
4.202000000000000179e-01
4.183000000000000052e-01
4.132000000000000117e-01
4.168999999999999928e-01
4.162000000000000144e-01
3.877999999999999781e-01
3.667000000000000259e-01
4.067000000000000060e-01
3.991999999999999993e-01
3.986000000000000099e-01
3.991000000000000103e-01
4.052000000000000046e-01
4.127000000000000113e-01
3.935000000000000164e-01
4.035000000000000253e-01
4.123999999999999888e-01
4.057999999999999940e-01
4.163000000000000034e-01
4.066000000000000170e-01
4.168999999999999928e-01
4.183999999999999941e-01
4.190999999999999726e-01
4.194999999999999840e-01
4.210999999999999743e-01
4.198999999999999955e-01
4.200999999999999734e-01
4.204999999999999849e-01
4.212000000000000188e-01
4.235999999999999766e-01
4.220999999999999752e-01
4.233000000000000096e-01
4.208999999999999964e-01
4.210999999999999743e-01
4.229999999999999871e-01
4.215999999999999748e-01
4.228000000000000091e-01
4.224999999999999867e-01
4.225999999999999757e-01
4.227000000000000202e-01
4.218000000000000083e-01
4.243000000000000105e-01
4.224999999999999867e-01
4.223000000000000087e-01
4.227000000000000202e-01
4.233999999999999986e-01
4.242000000000000215e-01
4.258000000000000118e-01
4.243999999999999995e-01
4.223000000000000087e-01
4.259000000000000008e-01
4.237000000000000210e-01
4.250999999999999779e-01
4.259000000000000008e-01
4.220999999999999752e-01
4.228999999999999981e-01
4.243999999999999995e-01
4.243999999999999995e-01
4.238000000000000100e-01
4.235999999999999766e-01
4.240999999999999770e-01
4.242000000000000215e-01
4.248000000000000109e-01
4.233000000000000096e-01
4.238999999999999990e-01
4.242000000000000215e-01
4.237000000000000210e-01
4.213999999999999968e-01
4.249999999999999889e-01
4.242000000000000215e-01
