8.751985177001952820e+01
5.147993741607666429e+00
4.423021573638916237e+00
4.255060304641723690e+00
4.116426183700561126e+00
4.413777748107910348e+00
3.768761397552490067e+00
3.755791791152954140e+00
3.963859823608398614e+00
3.696056657791137567e+00
3.827743469238281460e+00
3.672855783843994359e+00
3.585272427749633728e+00
3.782601617050171061e+00
3.739235305786132724e+00
3.490765223693847563e+00
3.872466542434692460e+00
3.443679835510253806e+00
3.636284573364257700e+00
4.153845032882690802e+00
3.522225997924804730e+00
3.903868436050415003e+00
4.481486281585693732e+00
4.068030335998535030e+00
4.563548106384277325e+00
4.370408737945556510e+00
3.837777600479125972e+00
4.561731866455078332e+00
4.291520103454590007e+00
4.359965682983398594e+00
4.052873735046386372e+00
4.049112798309326244e+00
4.291710975646972237e+00
4.442046762084960854e+00
4.620865746307373456e+00
4.539341056823730902e+00
5.200633547210693486e+00
5.306082758331299054e+00
4.397189270019531193e+00
4.387956361770630309e+00
4.509231983184814219e+00
4.688797480773925663e+00
5.186306746673584378e+00
4.053210398483276578e+00
5.039990881347656604e+00
4.705936618804932081e+00
4.204394348526000691e+00
4.868695729064941524e+00
4.571102120208740516e+00
4.845314275360107281e+00
4.547397126770019504e+00
4.530536326599120756e+00
4.481612405395507537e+00
4.436678486633300444e+00
4.457815747070312362e+00
4.428124417114258193e+00
4.441743498992919648e+00
4.434616950988769624e+00
4.440949003601073919e+00
4.400694369506836345e+00
4.465472628021240453e+00
4.394029508972168152e+00
4.404622675323486725e+00
4.400515119934081731e+00
4.387656349945068257e+00
4.379003539276123291e+00
4.343844324874877927e+00
4.382417674255370876e+00
4.371605235290527247e+00
4.352487476730346749e+00
4.390321286010742341e+00
4.345037791061401755e+00
4.322495543289184283e+00
4.354322317504882633e+00
4.401354966735840257e+00
4.367983110809325886e+00
4.373518216705321926e+00
4.330506394577026796e+00
4.352347069168090776e+00
4.371649488067626876e+00
4.326854452514648841e+00
4.351354983520507425e+00
4.334510848999023835e+00
4.338987925720214633e+00
4.381215266418457155e+00
4.382712487792968403e+00
4.343490724945068493e+00
4.374277027893066716e+00
4.356144763565063194e+00
4.350795787811279070e+00
4.360192538452148270e+00
4.320918030166626345e+00
4.337711827087402661e+00
4.334811058807373385e+00
4.406980081939697591e+00
4.378869126129150580e+00
4.344947803497314354e+00
4.372149151611328222e+00
4.389797844696045281e+00
4.364653647994995112e+00
