1.414999999999999869e-01
1.975999999999999979e-01
1.968000000000000027e-01
2.487000000000000044e-01
3.049999999999999933e-01
2.938000000000000056e-01
2.666000000000000036e-01
3.084000000000000075e-01
3.529999999999999805e-01
3.285000000000000142e-01
3.627000000000000224e-01
3.779000000000000137e-01
3.831999999999999851e-01
3.814000000000000168e-01
4.055000000000000271e-01
4.043999999999999817e-01
3.910000000000000142e-01
3.877999999999999781e-01
3.876000000000000001e-01
3.825999999999999956e-01
4.114999999999999769e-01
3.783000000000000251e-01
4.208999999999999964e-01
4.218999999999999972e-01
4.259000000000000008e-01
3.805000000000000049e-01
3.905000000000000138e-01
4.400999999999999912e-01
4.283000000000000140e-01
4.202000000000000179e-01
4.188000000000000056e-01
4.146000000000000241e-01
4.462999999999999745e-01
4.275999999999999801e-01
4.360999999999999877e-01
4.335999999999999854e-01
4.365999999999999881e-01
4.509000000000000230e-01
4.430999999999999939e-01
4.441999999999999837e-01
4.469000000000000195e-01
4.516000000000000014e-01
4.573999999999999733e-01
4.559000000000000274e-01
4.554000000000000270e-01
4.601999999999999980e-01
4.580000000000000182e-01
4.568999999999999728e-01
4.578999999999999737e-01
4.573999999999999733e-01
4.591999999999999971e-01
4.577999999999999847e-01
4.572999999999999843e-01
4.597999999999999865e-01
4.590000000000000191e-01
4.575000000000000178e-01
4.581000000000000072e-01
4.593999999999999750e-01
4.581999999999999962e-01
4.581000000000000072e-01
4.596999999999999975e-01
4.576999999999999957e-01
4.612999999999999878e-01
4.611999999999999988e-01
4.597999999999999865e-01
4.620000000000000218e-01
4.601000000000000090e-01
4.608999999999999764e-01
4.593999999999999750e-01
4.581999999999999962e-01
4.611999999999999988e-01
4.595000000000000195e-01
4.591999999999999971e-01
4.595000000000000195e-01
4.613999999999999768e-01
4.626000000000000112e-01
4.625000000000000222e-01
4.612999999999999878e-01
4.598999999999999755e-01
4.615000000000000213e-01
4.580000000000000182e-01
4.603999999999999759e-01
4.606999999999999984e-01
4.596000000000000085e-01
4.588999999999999746e-01
4.596999999999999975e-01
4.600000000000000200e-01
4.607999999999999874e-01
4.608999999999999764e-01
4.606999999999999984e-01
4.617999999999999883e-01
4.593999999999999750e-01
4.605000000000000204e-01
4.607999999999999874e-01
4.601000000000000090e-01
4.591999999999999971e-01
4.603999999999999759e-01
4.617999999999999883e-01
4.601999999999999980e-01
4.595000000000000195e-01
