4.404505716705322094e+00
2.088743617248534967e+00
1.988406780624389691e+00
1.845587519836425772e+00
1.718540261077880826e+00
1.677196531677246139e+00
1.557293253517150866e+00
1.484506899452209483e+00
1.421243497085571184e+00
1.357643867111206104e+00
1.325943245887756250e+00
1.233881153869628822e+00
1.181249816131591857e+00
1.112076778793334997e+00
1.034511054992675705e+00
9.931590724945068560e-01
9.725677698135376525e-01
9.487686672210693395e-01
8.881554504394530980e-01
8.318518956184387525e-01
7.921142823219299300e-01
7.915918107986450458e-01
7.735294490814208501e-01
7.331551736831665167e-01
7.120296543121338306e-01
6.975118686676025082e-01
6.855995969772339382e-01
7.220813491821288510e-01
7.104109146118163798e-01
7.414747100830078042e-01
7.616296500205993469e-01
7.412334095954895563e-01
7.602991158485412626e-01
8.174526370048522672e-01
9.077127760887145902e-01
8.630268125534057422e-01
8.448705491065978679e-01
9.054552588462829732e-01
8.620480291366576786e-01
8.909910977363586504e-01
8.877751733779907228e-01
9.450924194335937889e-01
9.260650935173034837e-01
9.532377079010009302e-01
9.729730924606323494e-01
9.872683465957641236e-01
1.036574871253967300e+00
1.060712944984436135e+00
9.873667057037353034e-01
1.040205261039733875e+00
9.982060861587523926e-01
1.036442356300353973e+00
1.008833005332946842e+00
1.028075951004028266e+00
9.462128101348876719e-01
9.882627809524535678e-01
9.963700092315673773e-01
9.713905702590942548e-01
9.569542772293090360e-01
9.282247854232787976e-01
9.583132850646972622e-01
9.913369060516357134e-01
9.741402975082397164e-01
1.002857174491882386e+00
1.018972536087036085e+00
9.802082948684692765e-01
1.005661935424804643e+00
1.011456245422363232e+00
1.024136614990234451e+00
1.040056426811218238e+00
1.048031800842285088e+00
1.070041658592224110e+00
1.081065159416198629e+00
1.094770344543457119e+00
1.110235107231140050e+00
1.119777048110961903e+00
1.131544437217712362e+00
1.142653170967101950e+00
1.153793989944458032e+00
1.162908212089538651e+00
1.169740167236328121e+00
1.175353196716308668e+00
1.179876420593261699e+00
1.187500259780883693e+00
1.194530951118469186e+00
1.203722502326965316e+00
1.208669608688354602e+00
1.244385436820983903e+00
1.224291267967224206e+00
1.044985303497314444e+00
8.871279535293579155e-01
9.228918982505798230e-01
8.771198064804076600e-01
9.023779300689697136e-01
9.519783765792846353e-01
9.536955564498901250e-01
9.591328580856323116e-01
9.937457778930663954e-01
1.004272555732727001e+00
1.031114795303344822e+00
