2.469868507003784242e+00
2.094943607330322255e+00
1.818850037002563536e+00
1.751691504669189436e+00
1.752160629653930712e+00
1.646120588684081953e+00
1.649362114906311128e+00
1.833582026100158746e+00
1.780724925804138215e+00
1.813546463012695398e+00
1.633085986137390089e+00
1.639533036994934134e+00
1.589383453369140664e+00
2.082820468139648273e+00
2.187681830596923671e+00
2.117908037567138635e+00
2.111019076538085848e+00
2.811301673889160302e+00
2.634437501525878744e+00
2.970410063171386561e+00
2.851431221008300820e+00
3.005078621673583861e+00
2.844087125778198111e+00
2.592956799697875958e+00
2.964562642288207872e+00
3.036368323516845713e+00
2.950275296783447132e+00
3.028621966552734524e+00
2.887965616989135675e+00
2.973088954162597553e+00
2.870376848602294917e+00
2.838200050354003690e+00
2.942673635864257786e+00
2.821725782394409077e+00
2.771541057586670131e+00
2.747429187393188421e+00
2.730564627838134584e+00
2.705305924606323131e+00
2.672621421051025514e+00
2.674943887710571122e+00
2.655684314727783324e+00
2.647810913467407268e+00
2.615147523498535076e+00
2.600052596282958817e+00
2.590047918319702269e+00
2.575690965270996280e+00
2.553037016296386685e+00
2.542687596893310698e+00
2.516032241821289261e+00
2.508893051910400462e+00
2.511729850387573126e+00
2.516842086029052794e+00
2.512585535430908124e+00
2.516646444320678633e+00
2.509730902862548962e+00
2.506118043899536296e+00
2.512752238082885725e+00
2.500169916534423997e+00
2.503303990936279089e+00
2.500638369750976420e+00
2.501927902221679823e+00
2.499502983856201066e+00
2.493657281112670709e+00
2.492541426467895338e+00
2.488659449386596556e+00
2.488135780334472802e+00
2.498982360458374075e+00
2.487216259384155137e+00
2.488206886672973628e+00
2.489086846923828311e+00
2.480639623641967884e+00
2.491309954071045052e+00
2.486004095840454120e+00
2.488201964569091817e+00
2.476650872039794837e+00
2.479123117065429760e+00
2.480051573181152325e+00
2.480121046829223630e+00
2.472748674774170041e+00
2.471523018264770499e+00
2.474877076339721871e+00
2.486167240142822088e+00
2.475311517333984579e+00
2.479875951766967734e+00
2.480997189331054731e+00
2.479847917556762482e+00
2.476967406082153378e+00
2.473717035675048859e+00
2.477319950485229683e+00
2.476533621978759925e+00
2.472406129455566592e+00
2.478533992385864249e+00
2.482433629608154391e+00
2.484523374938965024e+00
2.478660375213622924e+00
2.479563036346435378e+00
2.476864928054809400e+00
2.472412396621704200e+00
2.476226653671264710e+00
2.484849488830566333e+00
