1.454000000000000015e-01
2.499000000000000110e-01
3.224000000000000199e-01
3.330000000000000182e-01
3.830999999999999961e-01
3.427000000000000046e-01
4.247000000000000219e-01
4.310999999999999832e-01
3.886000000000000010e-01
4.012999999999999901e-01
3.950000000000000178e-01
4.534000000000000252e-01
4.259999999999999898e-01
3.826999999999999846e-01
4.359000000000000097e-01
4.359000000000000097e-01
4.628999999999999782e-01
4.083999999999999853e-01
4.568999999999999728e-01
4.153999999999999915e-01
4.544000000000000261e-01
4.665000000000000258e-01
4.647000000000000020e-01
4.767000000000000126e-01
4.818000000000000060e-01
4.995999999999999885e-01
4.593999999999999750e-01
4.677000000000000046e-01
4.865999999999999770e-01
4.959999999999999964e-01
5.011999999999999789e-01
5.012999999999999678e-01
5.053999999999999604e-01
5.028000000000000247e-01
5.086000000000000520e-01
5.109000000000000208e-01
5.120000000000000107e-01
5.108000000000000318e-01
5.141000000000000014e-01
5.144999999999999574e-01
5.154999999999999583e-01
5.145999999999999464e-01
5.154999999999999583e-01
5.151999999999999913e-01
5.171999999999999931e-01
5.178000000000000380e-01
5.155999999999999472e-01
5.181000000000000050e-01
5.188000000000000389e-01
5.172999999999999821e-01
5.187000000000000499e-01
5.181999999999999940e-01
5.163999999999999702e-01
5.183999999999999719e-01
5.181000000000000050e-01
5.187000000000000499e-01
5.168000000000000371e-01
5.203999999999999737e-01
5.188000000000000389e-01
5.194999999999999618e-01
5.184999999999999609e-01
5.161999999999999922e-01
5.179000000000000270e-01
5.179000000000000270e-01
5.197000000000000508e-01
5.174999999999999600e-01
5.181999999999999940e-01
5.178000000000000380e-01
5.182999999999999829e-01
5.177000000000000490e-01
5.190000000000000169e-01
5.178000000000000380e-01
5.172999999999999821e-01
5.180000000000000160e-01
5.180000000000000160e-01
5.169000000000000261e-01
5.177000000000000490e-01
5.192999999999999838e-01
5.178000000000000380e-01
5.179000000000000270e-01
5.184999999999999609e-01
5.190000000000000169e-01
5.177000000000000490e-01
5.175999999999999490e-01
5.183999999999999719e-01
5.183999999999999719e-01
5.187000000000000499e-01
5.194999999999999618e-01
5.203999999999999737e-01
5.180000000000000160e-01
5.187000000000000499e-01
5.173999999999999710e-01
5.181000000000000050e-01
5.181999999999999940e-01
5.178000000000000380e-01
5.177000000000000490e-01
5.190000000000000169e-01
5.181999999999999940e-01
5.182999999999999829e-01
5.184999999999999609e-01
