7.388770206451416023e+00
2.310729700469970727e+00
1.898222027206420970e+00
1.894506457328796412e+00
1.661554753684997499e+00
1.785654017257690462e+00
1.565200500679016171e+00
1.534898753929138104e+00
1.773833535385131777e+00
1.761637634277343656e+00
1.806478268241882290e+00
1.589840765571594261e+00
1.907970714950561586e+00
2.192341692733764447e+00
2.255741110229492197e+00
2.236215078735351636e+00
2.237806635665893662e+00
2.640665584564208856e+00
2.523120742797851701e+00
4.319990763092040886e+00
2.591413891983032070e+00
2.970195718383789263e+00
2.988760678482055511e+00
2.647794971084594717e+00
2.796561023330688567e+00
2.941241545867919971e+00
3.064129552078246999e+00
3.011314437484741369e+00
2.940072220230102396e+00
2.891795583724975582e+00
2.912843362808227532e+00
2.818878279876709136e+00
2.853646687698364381e+00
2.830403408050536918e+00
2.757792338562011558e+00
2.729351455688476591e+00
2.698335506820678908e+00
2.687445741271972555e+00
2.671831583023071222e+00
2.653661405181884980e+00
2.615143766784667978e+00
2.597452294540405493e+00
2.588786078643798838e+00
2.563645059204101351e+00
2.543503501892089957e+00
2.531358577346801919e+00
2.515833507537841740e+00
2.496936431503296028e+00
2.464293466186523229e+00
2.459863605880737492e+00
2.471001034164428845e+00
2.471273019790649617e+00
2.469595735931396696e+00
2.471969564819335829e+00
2.464394246673584199e+00
2.466489633941650439e+00
2.460588173675537060e+00
2.457106907653808570e+00
2.451785676956176552e+00
2.452890443038940216e+00
2.460207609939575324e+00
2.461890664672851781e+00
2.459229272842407443e+00
2.454525974273681577e+00
2.450140560531615996e+00
2.451197145080566298e+00
2.442571253585815505e+00
2.440452547836303498e+00
2.437707484817504877e+00
2.438217963409423650e+00
2.435789544296264708e+00
2.446261312484740991e+00
2.441155450820923001e+00
2.432740548324584751e+00
2.434078819274902550e+00
2.439208260726928756e+00
2.434369207000732338e+00
2.426149737930297867e+00
2.438288345336914187e+00
2.427772454833984295e+00
2.436905258941650221e+00
2.430512805175781388e+00
2.434298925399780433e+00
2.437009204864502010e+00
2.437587961196899577e+00
2.434891825485229422e+00
2.428185518646240215e+00
2.426886859893798931e+00
2.426066205596923986e+00
2.430752083206176639e+00
2.428290661239624004e+00
2.439859599685668901e+00
2.422626401519775374e+00
2.433007558059692599e+00
2.429117470550536950e+00
2.429232402038574268e+00
2.432071380615234535e+00
2.432292611312866004e+00
2.421775878906249790e+00
2.435113135528564232e+00
