1.567999999999999949e-01
2.351999999999999924e-01
3.050999999999999823e-01
3.345000000000000195e-01
3.934000000000000274e-01
4.112000000000000099e-01
4.739999999999999769e-01
5.140000000000000124e-01
5.286999999999999478e-01
5.768999999999999684e-01
6.179999999999999938e-01
6.421000000000000041e-01
6.516999999999999460e-01
6.822000000000000286e-01
7.014000000000000234e-01
7.103000000000000425e-01
7.239999999999999769e-01
7.322999999999999510e-01
7.379999999999999893e-01
7.425000000000000488e-01
7.369999999999999885e-01
7.486000000000000432e-01
7.421999999999999709e-01
7.502999999999999670e-01
7.403999999999999471e-01
7.537000000000000366e-01
7.561999999999999833e-01
7.534999999999999476e-01
7.520000000000000018e-01
7.501999999999999780e-01
7.453999999999999515e-01
7.558000000000000274e-01
7.599000000000000199e-01
7.622999999999999776e-01
7.642999999999999794e-01
7.648000000000000353e-01
7.611999999999999877e-01
7.599000000000000199e-01
7.592999999999999750e-01
7.609000000000000208e-01
7.572999999999999732e-01
7.544999999999999485e-01
7.492999999999999661e-01
7.546000000000000485e-01
7.557000000000000384e-01
7.589000000000000190e-01
7.590000000000000080e-01
7.597000000000000419e-01
7.600000000000000089e-01
7.597000000000000419e-01
7.583999999999999631e-01
7.574999999999999512e-01
7.590000000000000080e-01
7.573999999999999622e-01
7.551999999999999824e-01
7.490999999999999881e-01
7.469000000000000083e-01
7.509000000000000119e-01
7.475000000000000533e-01
7.552999999999999714e-01
7.509000000000000119e-01
7.561999999999999833e-01
7.582999999999999741e-01
7.610000000000000098e-01
7.610999999999999988e-01
7.600999999999999979e-01
7.597000000000000419e-01
7.590000000000000080e-01
7.599000000000000199e-01
7.606000000000000538e-01
7.593999999999999639e-01
7.593999999999999639e-01
7.600999999999999979e-01
7.587000000000000410e-01
7.600000000000000089e-01
7.589000000000000190e-01
7.592999999999999750e-01
7.614999999999999547e-01
7.637000000000000455e-01
7.634999999999999565e-01
7.586000000000000520e-01
7.598000000000000309e-01
7.614999999999999547e-01
7.608000000000000318e-01
7.619000000000000217e-01
7.630000000000000115e-01
7.654999999999999583e-01
7.627000000000000446e-01
7.637000000000000455e-01
7.618000000000000327e-01
7.589000000000000190e-01
7.524999999999999467e-01
7.540000000000000036e-01
7.523999999999999577e-01
7.577000000000000401e-01
7.541999999999999815e-01
7.519000000000000128e-01
7.620000000000000107e-01
7.629000000000000226e-01
7.580999999999999961e-01
