4.867657365112305001e+01
3.248866174697876197e+00
1.935932499694824171e+00
1.914298204994201669e+00
1.696067115783691515e+00
1.834752539634704638e+00
1.707936846733093317e+00
1.599319315338134873e+00
1.614151841163635304e+00
1.556191177940368542e+00
1.577674377822875895e+00
1.586715627098083559e+00
1.880390077209472599e+00
1.526969339752197286e+00
2.285874623107910342e+00
1.893418942642211888e+00
2.113255599212646274e+00
2.646061514663696101e+00
2.698189078521728401e+00
2.563811465072631801e+00
2.958846259689331237e+00
2.426409474182128712e+00
2.513006735229492250e+00
3.026149359893798962e+00
3.358233411788940526e+00
2.994170698547363063e+00
3.189681961822509848e+00
2.887341588592529096e+00
2.529911575317382866e+00
2.898382193374633875e+00
2.848661713027953901e+00
2.946350320816040202e+00
2.866384810256958016e+00
2.872132437515258818e+00
2.836734175491332888e+00
2.834503396606445236e+00
3.165951109313964729e+00
2.885751191329955834e+00
2.799644533157348736e+00
2.807997050476074286e+00
2.686960921478271480e+00
2.641573801803589028e+00
2.598335241317748956e+00
2.587726389312744235e+00
2.558685742568969523e+00
2.552652458190917795e+00
2.531703927612304561e+00
2.505769288253784310e+00
2.486986422729492219e+00
2.455542259597778276e+00
2.479206564331054796e+00
2.469036094284057459e+00
2.479554500579833842e+00
2.467415040206909271e+00
2.470292642211914025e+00
2.465562396621704178e+00
2.457963125610351351e+00
2.455315483093261530e+00
2.458691272354125879e+00
2.451492444610595900e+00
2.463920746612549006e+00
2.453683157348632626e+00
2.451566746139526298e+00
2.450916572189330900e+00
2.448929771041870040e+00
2.451282844161987384e+00
2.455456306838989189e+00
2.442864394760131841e+00
2.442803969192504976e+00
2.440531554412841864e+00
2.444549105834961100e+00
2.431025981521606649e+00
2.440059901046752966e+00
2.425324246215820434e+00
2.430356499862670994e+00
2.434510298919677851e+00
2.432138858413696259e+00
2.433214739608764443e+00
2.430581335067749205e+00
2.435533244323730528e+00
2.425951539611816532e+00
2.432847711181640449e+00
2.431320779418945310e+00
2.447189916610717830e+00
2.433563259124755795e+00
2.423504669952392554e+00
2.435966955184936555e+00
2.425472820281982411e+00
2.429022389221191514e+00
2.430837066268920932e+00
2.436041519165038860e+00
2.426836157226562651e+00
2.423512813949585176e+00
2.415451163101196119e+00
2.426745435714721566e+00
2.429789183044433809e+00
2.440542772674560545e+00
2.445042159652710101e+00
2.429381546020507709e+00
2.438206084823608233e+00
