1.592999999999999972e-01
2.554000000000000159e-01
3.321000000000000063e-01
3.195999999999999952e-01
3.968999999999999750e-01
3.696999999999999731e-01
4.012999999999999901e-01
3.942999999999999838e-01
4.389000000000000123e-01
4.027999999999999914e-01
4.112000000000000099e-01
4.168999999999999928e-01
4.376999999999999780e-01
3.937999999999999834e-01
3.905000000000000138e-01
4.532999999999999807e-01
4.385000000000000009e-01
4.497999999999999776e-01
4.233000000000000096e-01
4.336999999999999744e-01
4.592999999999999861e-01
4.480999999999999983e-01
4.832000000000000184e-01
4.711000000000000187e-01
4.445000000000000062e-01
4.920999999999999819e-01
4.858999999999999986e-01
4.863999999999999990e-01
4.988000000000000211e-01
5.011999999999999789e-01
5.060000000000000053e-01
5.020999999999999908e-01
5.151999999999999913e-01
5.198000000000000398e-01
5.221999999999999975e-01
5.282999999999999918e-01
5.305999999999999606e-01
5.304999999999999716e-01
5.313999999999999835e-01
5.302000000000000046e-01
5.298000000000000487e-01
5.291000000000000147e-01
5.298000000000000487e-01
5.204999999999999627e-01
5.289000000000000368e-01
5.290000000000000258e-01
5.320000000000000284e-01
5.336999999999999522e-01
5.332000000000000073e-01
5.313999999999999835e-01
5.340000000000000302e-01
5.332999999999999963e-01
5.332000000000000073e-01
5.338000000000000522e-01
5.332999999999999963e-01
5.342000000000000082e-01
5.331000000000000183e-01
5.338000000000000522e-01
5.332999999999999963e-01
5.335999999999999632e-01
5.346999999999999531e-01
5.333999999999999853e-01
5.352000000000000091e-01
5.304999999999999716e-01
5.330000000000000293e-01
5.334999999999999742e-01
5.328000000000000513e-01
5.336999999999999522e-01
5.360000000000000320e-01
5.350000000000000311e-01
5.345999999999999641e-01
5.322999999999999954e-01
5.342999999999999972e-01
5.351000000000000201e-01
5.356999999999999540e-01
5.349000000000000421e-01
5.352000000000000091e-01
5.339000000000000412e-01
5.323999999999999844e-01
5.346999999999999531e-01
5.340000000000000302e-01
5.346999999999999531e-01
5.334999999999999742e-01
5.335999999999999632e-01
5.330000000000000293e-01
5.325999999999999623e-01
5.329000000000000403e-01
5.343999999999999861e-01
5.342000000000000082e-01
5.333999999999999853e-01
5.350000000000000311e-01
5.345999999999999641e-01
5.336999999999999522e-01
5.349000000000000421e-01
5.336999999999999522e-01
5.325999999999999623e-01
5.333999999999999853e-01
5.335999999999999632e-01
5.331000000000000183e-01
5.348000000000000531e-01
