1.716000000000000025e-01
2.548000000000000265e-01
2.710000000000000187e-01
3.533000000000000029e-01
3.539999999999999813e-01
3.841999999999999860e-01
4.037000000000000033e-01
4.303000000000000158e-01
4.389000000000000123e-01
4.516999999999999904e-01
4.455000000000000071e-01
4.102999999999999980e-01
4.128000000000000003e-01
4.475999999999999979e-01
4.413000000000000256e-01
4.620000000000000218e-01
4.133999999999999897e-01
4.504000000000000226e-01
4.667999999999999927e-01
4.228000000000000091e-01
4.769999999999999796e-01
4.561000000000000054e-01
4.763000000000000012e-01
4.808000000000000052e-01
4.677999999999999936e-01
4.849999999999999867e-01
4.758000000000000007e-01
4.840999999999999748e-01
4.555000000000000160e-01
4.983000000000000207e-01
4.994999999999999996e-01
5.016000000000000458e-01
5.020000000000000018e-01
5.143999999999999684e-01
5.120999999999999996e-01
5.138000000000000345e-01
5.181999999999999940e-01
5.151000000000000023e-01
5.207000000000000517e-01
5.071999999999999842e-01
5.000000000000000000e-01
5.152999999999999803e-01
5.182999999999999829e-01
5.211999999999999966e-01
5.208000000000000407e-01
5.223999999999999755e-01
5.234999999999999654e-01
5.204999999999999627e-01
5.218000000000000416e-01
5.227000000000000535e-01
5.211999999999999966e-01
5.232999999999999874e-01
5.233999999999999764e-01
5.214999999999999636e-01
5.225999999999999535e-01
5.251000000000000112e-01
5.244999999999999662e-01
5.241999999999999993e-01
5.251000000000000112e-01
5.233999999999999764e-01
5.255999999999999561e-01
5.252999999999999892e-01
5.252999999999999892e-01
5.241999999999999993e-01
5.239000000000000323e-01
5.231999999999999984e-01
5.250000000000000222e-01
5.254999999999999671e-01
5.247000000000000552e-01
5.238000000000000433e-01
5.230000000000000204e-01
5.233999999999999764e-01
5.249000000000000332e-01
5.243999999999999773e-01
5.239000000000000323e-01
5.235999999999999543e-01
5.247000000000000552e-01
5.252000000000000002e-01
5.240000000000000213e-01
5.254999999999999671e-01
5.242999999999999883e-01
5.250000000000000222e-01
5.261000000000000121e-01
5.263999999999999790e-01
5.253999999999999782e-01
5.242999999999999883e-01
5.239000000000000323e-01
5.259000000000000341e-01
5.255999999999999561e-01
5.272999999999999909e-01
5.262000000000000011e-01
5.255999999999999561e-01
5.256999999999999451e-01
5.266999999999999460e-01
5.251000000000000112e-01
5.262999999999999901e-01
5.244999999999999662e-01
5.248000000000000442e-01
5.253999999999999782e-01
5.248000000000000442e-01
