2.490246013259887814e+00
2.035845462036132592e+00
1.845998240661621104e+00
1.759685878562927241e+00
1.611536387443542440e+00
1.548420576667785653e+00
1.404018141555786192e+00
1.313554839324951207e+00
1.264685686111450158e+00
1.163786281013488688e+00
1.067257212257385346e+00
1.009845844841003482e+00
9.930440521240234686e-01
9.000086300849914345e-01
8.568278225898742217e-01
8.345415189743041751e-01
8.081155937194823835e-01
7.892329661369323901e-01
8.013385035514831722e-01
8.254775824546813912e-01
9.086685327529907541e-01
9.606706714630126598e-01
9.278240936279297246e-01
9.510407609939575124e-01
9.975556631088257076e-01
1.018935495567321770e+00
1.116861488914489664e+00
1.188026233291626044e+00
1.173035856819152789e+00
1.024081731224059988e+00
1.049756827926635827e+00
1.105428597450256456e+00
1.159469209861755390e+00
1.214419850158691361e+00
1.223699261283874407e+00
1.246980387496948284e+00
1.240686934661865193e+00
1.221539176368713342e+00
1.241074993896484457e+00
1.249908295822143467e+00
1.279649366760253981e+00
1.208801177787780734e+00
1.129917878723144531e+00
1.195880059051513733e+00
1.241412501525879009e+00
1.262560877037048446e+00
1.282731520843505946e+00
1.302402629089355557e+00
1.318591237068176270e+00
1.333744562530517541e+00
1.356833510398864684e+00
1.371052840614318757e+00
1.371680709266662523e+00
1.264039204978942843e+00
1.110954372024536063e+00
1.125600057220458972e+00
1.173923388481140195e+00
1.122198028564453054e+00
1.129017316818237360e+00
1.044286998558044521e+00
1.051671192932128962e+00
1.147159635353088403e+00
1.200112740516662502e+00
1.226914522171020483e+00
1.253104377174377504e+00
1.271681221008300833e+00
1.292819237709045499e+00
1.305293442916870106e+00
1.322223109436035049e+00
1.333337301826477139e+00
1.350298107147216875e+00
1.211857536125183099e+00
1.208710362815856865e+00
1.246682678604126071e+00
1.277384918594360430e+00
1.310076332664489751e+00
1.326703302383422933e+00
1.340965576171875062e+00
1.270423681259155169e+00
1.250069279479980366e+00
1.279604521179199317e+00
1.304474795722961433e+00
1.324413810157775817e+00
1.295723484611511322e+00
1.211169855499267589e+00
1.210140012550354083e+00
1.214436262512206932e+00
1.223441200065612744e+00
1.273534123992919875e+00
1.232992219161987313e+00
1.100152741813659629e+00
1.150073766136169517e+00
1.167247657775878800e+00
1.140472596359253021e+00
1.038670087242126394e+00
1.057803296279907324e+00
1.028569215393066338e+00
1.084324286079406674e+00
1.161988137626647877e+00
1.223570494079589954e+00
