1.039999999999999952e-01
1.935000000000000053e-01
2.540000000000000036e-01
3.057000000000000273e-01
2.807000000000000051e-01
3.277999999999999803e-01
3.316000000000000059e-01
3.673000000000000154e-01
3.998999999999999777e-01
3.884000000000000230e-01
4.252000000000000224e-01
3.946000000000000063e-01
3.804000000000000159e-01
4.198999999999999955e-01
4.027000000000000024e-01
4.285999999999999810e-01
4.400000000000000022e-01
4.218000000000000083e-01
4.179999999999999827e-01
4.326999999999999735e-01
3.962999999999999856e-01
4.308000000000000163e-01
4.164999999999999813e-01
4.400999999999999912e-01
4.277000000000000246e-01
4.459000000000000186e-01
4.299999999999999933e-01
4.555000000000000160e-01
4.307000000000000273e-01
4.541999999999999926e-01
4.670000000000000262e-01
4.529000000000000248e-01
4.620000000000000218e-01
4.484000000000000208e-01
4.597999999999999865e-01
4.694999999999999729e-01
4.798999999999999932e-01
4.693999999999999839e-01
4.832000000000000184e-01
4.703999999999999848e-01
4.762000000000000122e-01
4.828999999999999959e-01
4.863000000000000100e-01
4.853000000000000091e-01
4.788000000000000034e-01
4.832000000000000184e-01
4.824999999999999845e-01
4.872000000000000219e-01
4.818999999999999950e-01
4.879000000000000004e-01
4.899999999999999911e-01
4.887000000000000233e-01
4.885999999999999788e-01
4.879999999999999893e-01
4.879999999999999893e-01
4.879000000000000004e-01
4.894999999999999907e-01
4.894000000000000017e-01
4.878000000000000114e-01
4.883000000000000118e-01
4.893000000000000127e-01
4.887000000000000233e-01
4.879999999999999893e-01
4.879999999999999893e-01
4.875999999999999779e-01
4.887000000000000233e-01
4.895999999999999797e-01
4.890999999999999792e-01
4.889000000000000012e-01
4.889999999999999902e-01
4.885999999999999788e-01
4.899999999999999911e-01
4.884999999999999898e-01
4.890999999999999792e-01
4.914999999999999925e-01
4.894000000000000017e-01
4.873999999999999999e-01
4.898000000000000131e-01
4.889999999999999902e-01
4.889999999999999902e-01
4.883000000000000118e-01
4.900999999999999801e-01
4.907000000000000250e-01
4.889999999999999902e-01
4.904999999999999916e-01
4.889999999999999902e-01
4.904999999999999916e-01
4.908000000000000140e-01
4.893000000000000127e-01
4.883000000000000118e-01
4.909000000000000030e-01
4.903000000000000136e-01
4.890999999999999792e-01
4.894000000000000017e-01
4.889999999999999902e-01
4.899999999999999911e-01
4.903000000000000136e-01
4.880999999999999783e-01
4.900999999999999801e-01
4.875999999999999779e-01
