1.029000000000000054e-01
1.705000000000000127e-01
2.316000000000000003e-01
3.173000000000000265e-01
2.995999999999999774e-01
3.494999999999999774e-01
3.481000000000000205e-01
3.691999999999999726e-01
3.453999999999999848e-01
4.154999999999999805e-01
3.710999999999999854e-01
3.798000000000000265e-01
4.305999999999999828e-01
4.154999999999999805e-01
4.499000000000000221e-01
4.299000000000000044e-01
4.218999999999999972e-01
4.549000000000000266e-01
4.324999999999999956e-01
4.359999999999999987e-01
4.605000000000000204e-01
4.423000000000000265e-01
4.355999999999999872e-01
4.348000000000000198e-01
4.578999999999999737e-01
4.678999999999999826e-01
4.568999999999999728e-01
4.529000000000000248e-01
4.776000000000000245e-01
4.726000000000000201e-01
4.783000000000000029e-01
4.863999999999999990e-01
4.724999999999999756e-01
4.736000000000000210e-01
4.803999999999999937e-01
4.430000000000000049e-01
4.702999999999999958e-01
4.314000000000000057e-01
4.797000000000000153e-01
4.789999999999999813e-01
4.975999999999999868e-01
4.973000000000000198e-01
4.973000000000000198e-01
5.138000000000000345e-01
5.198000000000000398e-01
5.185999999999999499e-01
5.173999999999999710e-01
5.194999999999999618e-01
5.198000000000000398e-01
5.020000000000000018e-01
5.151000000000000023e-01
5.161000000000000032e-01
5.171000000000000041e-01
5.171999999999999931e-01
5.175999999999999490e-01
5.182999999999999829e-01
5.172999999999999821e-01
5.172999999999999821e-01
5.190000000000000169e-01
5.171000000000000041e-01
5.191000000000000059e-01
5.171999999999999931e-01
5.179000000000000270e-01
5.169000000000000261e-01
5.188000000000000389e-01
5.189000000000000279e-01
5.191999999999999948e-01
5.185999999999999499e-01
5.207000000000000517e-01
5.198000000000000398e-01
5.199000000000000288e-01
5.181000000000000050e-01
5.172999999999999821e-01
5.188000000000000389e-01
5.181999999999999940e-01
5.181000000000000050e-01
5.174999999999999600e-01
5.173999999999999710e-01
5.184999999999999609e-01
5.190000000000000169e-01
5.180000000000000160e-01
5.191000000000000059e-01
5.187000000000000499e-01
5.199000000000000288e-01
5.198000000000000398e-01
5.191999999999999948e-01
5.179000000000000270e-01
5.199000000000000288e-01
5.178000000000000380e-01
5.189000000000000279e-01
5.197000000000000508e-01
5.187000000000000499e-01
5.184999999999999609e-01
5.197000000000000508e-01
5.179000000000000270e-01
5.179000000000000270e-01
5.183999999999999719e-01
5.191999999999999948e-01
5.199000000000000288e-01
5.192999999999999838e-01
