2.490246092987060678e+00
2.035845437622070264e+00
1.845998204040527391e+00
1.759685878562927241e+00
1.611536470031738277e+00
1.548420582771301346e+00
1.404018185043334865e+00
1.313554823875427324e+00
1.264685731697082538e+00
1.163786320877075120e+00
1.067257206153869653e+00
1.009845814514160223e+00
9.930440856933593352e-01
9.000086453437805556e-01
8.568278012275696298e-01
8.345415126800537209e-01
8.081155890464782887e-01
7.892330037117004649e-01
8.013384730339050410e-01
8.254775698661803718e-01
9.086685598373412942e-01
9.606706958770752092e-01
9.278239894866943116e-01
9.510407617568970018e-01
9.975555768966675174e-01
1.018935523414611799e+00
1.116861599349975531e+00
1.188026131820678621e+00
1.173035774040222190e+00
1.024081812858581575e+00
1.049756830787658801e+00
1.105428569412231443e+00
1.159469154357910092e+00
1.214419908523559632e+00
1.223699262237548879e+00
1.246980628204345631e+00
1.240686864280700741e+00
1.221539188575744728e+00
1.241074959564208990e+00
1.249908389091491712e+00
1.279649405860900924e+00
1.208801332664489747e+00
1.129917854881286710e+00
1.195879966545104978e+00
1.241412543678283686e+00
1.262560815238952694e+00
1.282731435394287134e+00
1.302402787780761795e+00
1.318591291999816839e+00
1.333744511604309180e+00
1.356833567428588960e+00
1.371052782821655214e+00
1.371680595779418921e+00
1.264039216613769501e+00
1.110954380416870224e+00
1.125600036621093647e+00
1.173923232078552203e+00
1.122198030853271522e+00
1.129017442321777365e+00
1.044286940574645994e+00
1.051671195220947208e+00
1.147159654235839765e+00
1.200112647819518985e+00
1.226914683341979950e+00
1.253104381561279235e+00
1.271681101799011282e+00
1.292819191741943374e+00
1.305293359184265034e+00
1.322223011016845806e+00
1.333337365341186631e+00
1.350298201560974132e+00
1.211857490348815958e+00
1.208710454940795875e+00
1.246682776641845791e+00
1.277384968948364286e+00
1.310076322174072327e+00
1.326703293418884266e+00
1.340965629386901892e+00
1.270423689842224091e+00
1.250069323158264245e+00
1.279604600524902436e+00
1.304474601554870716e+00
1.324413840293884315e+00
1.295723330497741799e+00
1.211169923210144050e+00
1.210139927101135271e+00
1.214436091613769531e+00
1.223441162681579542e+00
1.273534109687805227e+00
1.232992270278930658e+00
1.100152723693847756e+00
1.150073595046997132e+00
1.167247613906860382e+00
1.140472623252868578e+00
1.038670189094543561e+00
1.057803320693969651e+00
1.028569243240356368e+00
1.084324309730529734e+00
1.161987987518310561e+00
1.223570442771911626e+00
