1.272999999999999965e-01
2.416999999999999982e-01
3.170999999999999930e-01
3.240000000000000102e-01
3.658000000000000140e-01
3.598000000000000087e-01
3.925000000000000155e-01
3.920000000000000151e-01
4.055000000000000271e-01
4.209999999999999853e-01
4.057999999999999940e-01
4.330999999999999850e-01
4.153999999999999915e-01
4.534000000000000252e-01
4.287000000000000255e-01
3.845999999999999974e-01
4.057999999999999940e-01
4.728999999999999870e-01
4.346999999999999753e-01
4.596000000000000085e-01
4.358000000000000207e-01
4.092000000000000082e-01
4.506999999999999895e-01
4.409000000000000141e-01
4.908000000000000140e-01
4.865999999999999770e-01
4.818999999999999950e-01
4.994999999999999996e-01
4.752000000000000113e-01
4.890999999999999792e-01
4.875999999999999779e-01
4.741000000000000214e-01
4.694999999999999729e-01
4.645000000000000240e-01
4.743999999999999884e-01
4.927000000000000268e-01
4.747999999999999998e-01
5.029000000000000137e-01
5.084999999999999520e-01
5.049000000000000155e-01
5.080999999999999961e-01
5.145999999999999464e-01
5.138000000000000345e-01
5.087000000000000410e-01
5.117000000000000437e-01
5.060000000000000053e-01
5.118000000000000327e-01
5.123999999999999666e-01
5.180000000000000160e-01
5.163999999999999702e-01
5.151999999999999913e-01
5.153999999999999693e-01
5.149000000000000243e-01
5.157000000000000473e-01
5.153999999999999693e-01
5.139000000000000234e-01
5.155999999999999472e-01
5.162999999999999812e-01
5.148000000000000353e-01
5.158000000000000362e-01
5.171999999999999931e-01
5.168000000000000371e-01
5.180000000000000160e-01
5.171000000000000041e-01
5.151000000000000023e-01
5.161000000000000032e-01
5.164999999999999591e-01
5.161000000000000032e-01
5.168000000000000371e-01
5.171000000000000041e-01
5.174999999999999600e-01
5.172999999999999821e-01
5.157000000000000473e-01
5.165999999999999481e-01
5.182999999999999829e-01
5.158000000000000362e-01
5.159000000000000252e-01
5.171000000000000041e-01
5.159000000000000252e-01
5.171999999999999931e-01
5.161999999999999922e-01
5.181000000000000050e-01
5.161000000000000032e-01
5.168000000000000371e-01
5.167000000000000481e-01
5.167000000000000481e-01
5.173999999999999710e-01
5.174999999999999600e-01
5.185999999999999499e-01
5.168000000000000371e-01
5.175999999999999490e-01
5.171000000000000041e-01
5.155999999999999472e-01
5.187000000000000499e-01
5.165999999999999481e-01
5.161000000000000032e-01
5.163999999999999702e-01
5.169000000000000261e-01
5.171000000000000041e-01
5.169000000000000261e-01
