2.490246092987060678e+00
2.035845444107055702e+00
1.845998207283020109e+00
1.759685866355896078e+00
1.611536433410644564e+00
1.548420585632324320e+00
1.404018151283264126e+00
1.313554820632934605e+00
1.264685753250122113e+00
1.163786296081543048e+00
1.067257169151306195e+00
1.009845817375183197e+00
9.930440586090087951e-01
9.000086575508117193e-01
8.568278105735779304e-01
8.345414976119994721e-01
8.081156244277953871e-01
7.892330121040344038e-01
8.013385064125061463e-01
8.254775729179382182e-01
9.086685298919677800e-01
9.606707138061523210e-01
9.278240533828735481e-01
9.510407459259033747e-01
9.975555404663085657e-01
1.018935428810119559e+00
1.116861513710021958e+00
1.188026149940490717e+00
1.173035786437988337e+00
1.024081859207153222e+00
1.049756736373901322e+00
1.105428518104553115e+00
1.159469356155395481e+00
1.214419907951354904e+00
1.223699286079406701e+00
1.246980574035644551e+00
1.240686886215210061e+00
1.221539123344421496e+00
1.241075026512145962e+00
1.249908417129516502e+00
1.279649378967285145e+00
1.208801279067993173e+00
1.129917811584472576e+00
1.195880097961425692e+00
1.241412557411193829e+00
1.262560768699646063e+00
1.282731483268737760e+00
1.302402566719055077e+00
1.318591350555419872e+00
1.333744675636291399e+00
1.356833387947082414e+00
1.371052944755554170e+00
1.371680719757080169e+00
1.264039167976379385e+00
1.110954363441467363e+00
1.125600094795227157e+00
1.173923370742797845e+00
1.122198071098327699e+00
1.129017369079589939e+00
1.044286955642700132e+00
1.051671149635315050e+00
1.147159684944152769e+00
1.200112734031677286e+00
1.226914708900451734e+00
1.253104323768615691e+00
1.271681180763244656e+00
1.292819197082519578e+00
1.305293329048156759e+00
1.322223200988769554e+00
1.333337334060668899e+00
1.350298252105712971e+00
1.211857512092590294e+00
1.208710449218749927e+00
1.246682928085327102e+00
1.277384907150268534e+00
1.310076292419433575e+00
1.326703222274780325e+00
1.340965607070922827e+00
1.270423602294921794e+00
1.250069291305542007e+00
1.279604573249816912e+00
1.304474748039245569e+00
1.324413772773742615e+00
1.295723321914672876e+00
1.211169938087463427e+00
1.210139951896667565e+00
1.214436167335510186e+00
1.223441135406494240e+00
1.273534157752990614e+00
1.232992193984985274e+00
1.100152818489074757e+00
1.150073644065856993e+00
1.167247595405578542e+00
1.140472507476806729e+00
1.038670191764831552e+00
1.057803381538391152e+00
1.028569206047058149e+00
1.084324289131164631e+00
1.161988011741638127e+00
1.223570478630065850e+00
