2.490246178436279489e+00
2.035845523452758599e+00
1.845998240661621104e+00
1.759685848045349221e+00
1.611536433410644564e+00
1.548420549011230385e+00
1.404018141937255937e+00
1.313554827117919821e+00
1.264685719871520897e+00
1.163786305427551238e+00
1.067257160186767528e+00
1.009845796012878383e+00
9.930440582275390504e-01
9.000086575508117193e-01
8.568278531074523530e-01
8.345415279388427310e-01
8.081156028747558118e-01
7.892329943656921643e-01
8.013385047912597869e-01
8.254775546073913617e-01
9.086685476303100195e-01
9.606707103729248409e-01
9.278239673614502303e-01
9.510406570434570828e-01
9.975554641723632932e-01
1.018935581398010326e+00
1.116861565780639554e+00
1.188026174736023011e+00
1.173035884094238313e+00
1.024081779479980359e+00
1.049756756782531664e+00
1.105428582572937080e+00
1.159469209671020407e+00
1.214419820022583085e+00
1.223699239349365309e+00
1.246980560493469170e+00
1.240686793518066322e+00
1.221539084815979059e+00
1.241075047683715793e+00
1.249908351135254003e+00
1.279649378204345656e+00
1.208801168823242289e+00
1.129917863655090393e+00
1.195880085945129290e+00
1.241412599563598729e+00
1.262560826683044368e+00
1.282731689071655357e+00
1.302402722167968818e+00
1.318591228103637603e+00
1.333744569778442468e+00
1.356833458328247088e+00
1.371052839469909745e+00
1.371680669403076092e+00
1.264039168167114369e+00
1.110954347801208497e+00
1.125599984741211035e+00
1.173923235130310161e+00
1.122198110580444386e+00
1.129017316055297870e+00
1.044286930656433077e+00
1.051671084594726580e+00
1.147159675025939851e+00
1.200112836265563976e+00
1.226914607238769550e+00
1.253104430007934589e+00
1.271681153106689388e+00
1.292819273948669467e+00
1.305293324661254806e+00
1.322223158264160148e+00
1.333337383270263743e+00
1.350298127555847216e+00
1.211857564544677635e+00
1.208710489273071342e+00
1.246682840919494550e+00
1.277384797286987395e+00
1.310076423072815022e+00
1.326703273582458431e+00
1.340965619659423735e+00
1.270423715019226130e+00
1.250069342994689858e+00
1.279604630661010711e+00
1.304474676895141627e+00
1.324413953781127917e+00
1.295723310089111235e+00
1.211169839859008723e+00
1.210139990615844763e+00
1.214436154747009278e+00
1.223441087341308631e+00
1.273534102821350045e+00
1.232992181968688872e+00
1.100152751350402802e+00
1.150073710632324220e+00
1.167247587203979586e+00
1.140472575187683191e+00
1.038670096969604550e+00
1.057803332710266053e+00
1.028569236946105914e+00
1.084324338150024492e+00
1.161988034248351953e+00
1.223570623207092201e+00
