2.490246189880370942e+00
2.035845492935180800e+00
1.845998173522949148e+00
1.759685848045349221e+00
1.611536405754089296e+00
1.548420573425292934e+00
1.404018135833740244e+00
1.313554836463928233e+00
1.264685710525512707e+00
1.163786351394653362e+00
1.067257169532775940e+00
1.009845796012878383e+00
9.930440433502196740e-01
9.000086329460144086e-01
8.568278502464294899e-01
8.345415033340454203e-01
8.081155939102172558e-01
7.892330106735229167e-01
8.013385310173034570e-01
8.254775576591492081e-01
9.086685295104980353e-01
9.606707412719726058e-01
9.278239892959594393e-01
9.510407247543335441e-01
9.975554636001586761e-01
1.018935502052307207e+00
1.116861488914489664e+00
1.188026166152954088e+00
1.173035850143432590e+00
1.024081654357910098e+00
1.049756950378417875e+00
1.105428577041625893e+00
1.159469255256652787e+00
1.214419854927063058e+00
1.223699346923828202e+00
1.246980555915832456e+00
1.240686825180053798e+00
1.221539166450500424e+00
1.241075056648254460e+00
1.249908227920532244e+00
1.279649332618713276e+00
1.208801204490661529e+00
1.129917918395996201e+00
1.195880073165893620e+00
1.241412583923339863e+00
1.262560798835754339e+00
1.282731510925293028e+00
1.302402665328979525e+00
1.318591344451904401e+00
1.333744680404663097e+00
1.356833522224426325e+00
1.371052856445312607e+00
1.371680697059631360e+00
1.264039191055297939e+00
1.110954282951355010e+00
1.125599990653991744e+00
1.173923289871215747e+00
1.122198059082031296e+00
1.129017387580871556e+00
1.044286936950683531e+00
1.051671158599853495e+00
1.147159775733947784e+00
1.200112791442871085e+00
1.226914655685424904e+00
1.253104339218139573e+00
1.271681225967407292e+00
1.292819157600402891e+00
1.305293255805969332e+00
1.322223091506957937e+00
1.333337402725219833e+00
1.350298131942748947e+00
1.211857512283325278e+00
1.208710380935668960e+00
1.246682705879211372e+00
1.277384922981262161e+00
1.310076395797729498e+00
1.326703298377990725e+00
1.340965597343444893e+00
1.270423852157592792e+00
1.250069267463684186e+00
1.279604609489440881e+00
1.304474799346923897e+00
1.324413813400268536e+00
1.295723408126830956e+00
1.211169858360290563e+00
1.210140027618408221e+00
1.214436137580871655e+00
1.223441202163696229e+00
1.273534066581726076e+00
1.232992163276672271e+00
1.100152778625488326e+00
1.150073782539367651e+00
1.167247531700134289e+00
1.140472614860534639e+00
1.038670093727111832e+00
1.057803369331359766e+00
1.028569283103942800e+00
1.084324393653869567e+00
1.161987975120544414e+00
1.223570443344116132e+00
