1.660999999999999976e-01
2.515999999999999903e-01
3.421000000000000152e-01
3.012000000000000233e-01
3.514999999999999791e-01
3.862999999999999767e-01
4.098999999999999866e-01
4.399000000000000132e-01
4.365999999999999881e-01
4.063999999999999835e-01
4.371999999999999775e-01
4.121000000000000218e-01
4.057999999999999940e-01
4.420999999999999930e-01
4.494000000000000217e-01
4.457999999999999741e-01
4.521999999999999909e-01
4.578999999999999737e-01
4.526999999999999913e-01
4.495999999999999996e-01
4.676000000000000156e-01
4.477999999999999758e-01
4.525000000000000133e-01
4.788000000000000034e-01
4.960999999999999854e-01
4.863999999999999990e-01
4.678999999999999826e-01
4.970999999999999863e-01
4.954999999999999960e-01
4.949000000000000066e-01
4.939000000000000057e-01
4.820999999999999730e-01
4.778999999999999915e-01
4.934999999999999942e-01
4.955999999999999850e-01
5.000000000000000000e-01
5.014999999999999458e-01
4.741000000000000214e-01
4.924999999999999933e-01
5.050000000000000044e-01
5.113999999999999657e-01
5.038000000000000256e-01
5.008000000000000229e-01
5.071999999999999842e-01
5.011999999999999789e-01
4.973000000000000198e-01
5.048000000000000265e-01
5.110000000000000098e-01
5.143999999999999684e-01
5.188000000000000389e-01
5.168000000000000371e-01
5.182999999999999829e-01
5.192999999999999838e-01
5.200000000000000178e-01
5.204999999999999627e-01
5.199000000000000288e-01
5.189000000000000279e-01
5.200000000000000178e-01
5.211999999999999966e-01
5.205999999999999517e-01
5.215999999999999526e-01
5.204999999999999627e-01
5.214999999999999636e-01
5.199000000000000288e-01
5.219000000000000306e-01
5.207000000000000517e-01
5.217000000000000526e-01
5.212999999999999856e-01
5.205999999999999517e-01
5.212999999999999856e-01
5.211000000000000076e-01
5.217000000000000526e-01
5.211000000000000076e-01
5.210000000000000187e-01
5.211000000000000076e-01
5.234999999999999654e-01
5.211999999999999966e-01
5.222999999999999865e-01
5.217000000000000526e-01
5.201000000000000068e-01
5.211000000000000076e-01
5.217000000000000526e-01
5.235999999999999543e-01
5.215999999999999526e-01
5.210000000000000187e-01
5.224999999999999645e-01
5.221999999999999975e-01
5.212999999999999856e-01
5.211000000000000076e-01
5.223999999999999755e-01
5.214999999999999636e-01
5.210000000000000187e-01
5.214999999999999636e-01
5.227000000000000535e-01
5.214999999999999636e-01
5.223999999999999755e-01
5.210000000000000187e-01
5.220000000000000195e-01
5.218000000000000416e-01
5.221999999999999975e-01
