1.718792919616699066e+01
2.059941863250732474e+00
1.822804344177246128e+00
1.881048180961608862e+00
1.765203969955444263e+00
1.693338672637939357e+00
1.595111084747314445e+00
1.534464643096923764e+00
1.557280476188659613e+00
1.669554912376403744e+00
1.620099788665771534e+00
1.758277049446105966e+00
1.773786335563659611e+00
1.771789121627807662e+00
1.833108410263061483e+00
1.963908486938476639e+00
1.910752668762206952e+00
1.971556885147094818e+00
2.234453789520263634e+00
2.417715553665161110e+00
2.215790025711059652e+00
2.870209170150757050e+00
2.718521862792968591e+00
2.835850208282470586e+00
2.536349909973144356e+00
2.790672705078125038e+00
2.746528868865966810e+00
2.695078104782104411e+00
2.861590950012207202e+00
2.774581671524047888e+00
3.030680952453613131e+00
3.065214550018310558e+00
3.054777136993408249e+00
2.766760596466064648e+00
2.885199325180053620e+00
2.953376684951782405e+00
2.963427909088134804e+00
3.270000514602660946e+00
2.930904018020629831e+00
2.828222219848632868e+00
2.864704990386962802e+00
2.803015993881225576e+00
2.824156863403320283e+00
2.774256011581420989e+00
2.963368839263916144e+00
2.854413043212890688e+00
2.793510586166382037e+00
2.794430327224731503e+00
2.700839376068115083e+00
2.701059003067016739e+00
2.693013689041137582e+00
2.682189555358886590e+00
2.676581295394897531e+00
2.665843319702148495e+00
2.663892152404784941e+00
2.674006282043456917e+00
2.666709467697143676e+00
2.660234696578979374e+00
2.658249621200561741e+00
2.643541196060180454e+00
2.643882901000976560e+00
2.651990349578857487e+00
2.635190432739257904e+00
2.635790994644164886e+00
2.641850998306274345e+00
2.624227451705932523e+00
2.626147055053710933e+00
2.629443367767334117e+00
2.625594520950317534e+00
2.629998762893676734e+00
2.621381550216674849e+00
2.621002762603759972e+00
2.616728305053710901e+00
2.622650531768798920e+00
2.612124781036377019e+00
2.610628734588622990e+00
2.612247975158691560e+00
2.602255508041381837e+00
2.609593511199951088e+00
2.619330429077148636e+00
2.619563785934448052e+00
2.597913980102539266e+00
2.599166060256957955e+00
2.597388262176513862e+00
2.595379353713989090e+00
2.613840860366821506e+00
2.600564595794677913e+00
2.595899697494506775e+00
2.623439993667602721e+00
2.607548661422729452e+00
2.609719959259033217e+00
2.615657345581054560e+00
2.608551472473144450e+00
2.608127268600463733e+00
2.604865934753417989e+00
2.605518891143798754e+00
2.599249253845214991e+00
2.599276266479492392e+00
2.595354087829589762e+00
2.606949461746215668e+00
