2.490246141052246287e+00
2.035845492935180800e+00
1.845998228454589940e+00
1.759685887908935653e+00
1.611536414718627963e+00
1.548420576667785653e+00
1.404018166351318264e+00
1.313554805564880468e+00
1.264685734939575257e+00
1.163786290359497100e+00
1.067257193946838489e+00
1.009845823478698668e+00
9.930441074371337828e-01
9.000086665153503862e-01
8.568278315544128887e-01
8.345415004730224462e-01
8.081156030654906841e-01
7.892329978942871360e-01
8.013385401725768853e-01
8.254775208473205117e-01
9.086685203552246071e-01
9.606707321166991775e-01
9.278240104675292699e-01
9.510407733917236595e-01
9.975555648803711151e-01
1.018935447311401399e+00
1.116861501312255811e+00
1.188026202201843295e+00
1.173035811233520409e+00
1.024081755447387776e+00
1.049756885719299371e+00
1.105428619766235299e+00
1.159469179344177148e+00
1.214419831275939998e+00
1.223699332237243587e+00
1.246980551147460980e+00
1.240686818695068361e+00
1.221539188575744728e+00
1.241075103569030835e+00
1.249908291053771991e+00
1.279649443244934126e+00
1.208801247787475663e+00
1.129917832946777390e+00
1.195880116462707532e+00
1.241412452507019148e+00
1.262560725402831929e+00
1.282731484031677249e+00
1.302402690124511819e+00
1.318591183280944934e+00
1.333744589614868081e+00
1.356833608436584404e+00
1.371052757263183652e+00
1.371680743408203229e+00
1.264039213180542021e+00
1.110954334259033116e+00
1.125599991607665995e+00
1.173923287391662518e+00
1.122197966384887780e+00
1.129017392730712999e+00
1.044286964797973560e+00
1.051671164703369188e+00
1.147159689712524466e+00
1.200112675857543998e+00
1.226914702033996551e+00
1.253104307556152319e+00
1.271681133651733298e+00
1.292819176673889237e+00
1.305293334770202707e+00
1.322223112678527768e+00
1.333337304687499891e+00
1.350298199462890647e+00
1.211857585716247465e+00
1.208710461997985819e+00
1.246682874679565511e+00
1.277384898185730089e+00
1.310076371002197204e+00
1.326703243827819900e+00
1.340965689659118665e+00
1.270423733711242731e+00
1.250069264221191467e+00
1.279604575347900397e+00
1.304474704170227151e+00
1.324413818740844739e+00
1.295723410987853930e+00
1.211169688034057668e+00
1.210140008926391619e+00
1.214436235618591375e+00
1.223441211509704640e+00
1.273534127998352083e+00
1.232992248725891082e+00
1.100152794837951697e+00
1.150073738861083994e+00
1.167247516441345168e+00
1.140472602653503476e+00
1.038670135879516510e+00
1.057803329658508318e+00
1.028569209289550868e+00
1.084324405670165969e+00
1.161988021278381300e+00
1.223570442008972137e+00
