1.000000000000000056e-01
2.230000000000000038e-01
2.492999999999999938e-01
3.245000000000000107e-01
3.366000000000000103e-01
3.271999999999999909e-01
3.910000000000000142e-01
3.889000000000000234e-01
4.097000000000000086e-01
3.886000000000000010e-01
3.860999999999999988e-01
4.219999999999999862e-01
4.042000000000000037e-01
4.354000000000000092e-01
4.409000000000000141e-01
4.663999999999999813e-01
4.168000000000000038e-01
4.577999999999999847e-01
4.057999999999999940e-01
4.333000000000000185e-01
4.083999999999999853e-01
4.531999999999999917e-01
4.250999999999999779e-01
4.511000000000000010e-01
4.400999999999999912e-01
4.808999999999999941e-01
4.245999999999999774e-01
4.818000000000000060e-01
4.803000000000000047e-01
4.585000000000000187e-01
4.776000000000000245e-01
4.791000000000000258e-01
4.979000000000000092e-01
4.979000000000000092e-01
4.984000000000000097e-01
5.049000000000000155e-01
5.050999999999999934e-01
5.054999999999999494e-01
5.078000000000000291e-01
4.996999999999999775e-01
5.006000000000000449e-01
5.006000000000000449e-01
4.979000000000000092e-01
5.107000000000000428e-01
5.074999999999999512e-01
5.162999999999999812e-01
5.184999999999999609e-01
5.155999999999999472e-01
4.966999999999999749e-01
5.120000000000000107e-01
5.185999999999999499e-01
5.192999999999999838e-01
5.200000000000000178e-01
5.204999999999999627e-01
5.212999999999999856e-01
5.215999999999999526e-01
5.202999999999999847e-01
5.211000000000000076e-01
5.209000000000000297e-01
5.208000000000000407e-01
5.205999999999999517e-01
5.195999999999999508e-01
5.211000000000000076e-01
5.201999999999999957e-01
5.211000000000000076e-01
5.210000000000000187e-01
5.209000000000000297e-01
5.202999999999999847e-01
5.221000000000000085e-01
5.193999999999999728e-01
5.198000000000000398e-01
5.205999999999999517e-01
5.219000000000000306e-01
5.199000000000000288e-01
5.218000000000000416e-01
5.233999999999999764e-01
5.201000000000000068e-01
5.217000000000000526e-01
5.218000000000000416e-01
5.204999999999999627e-01
5.207000000000000517e-01
5.201000000000000068e-01
5.212999999999999856e-01
5.221000000000000085e-01
5.197000000000000508e-01
5.217000000000000526e-01
5.201999999999999957e-01
5.231000000000000094e-01
5.203999999999999737e-01
5.201999999999999957e-01
5.228000000000000425e-01
5.215999999999999526e-01
5.212999999999999856e-01
5.228000000000000425e-01
5.214999999999999636e-01
5.225999999999999535e-01
5.219000000000000306e-01
5.208000000000000407e-01
5.212999999999999856e-01
5.213999999999999746e-01
