1.751928194335937405e+02
2.218929961013794028e+00
2.026947845077514465e+00
1.815467871665954691e+00
1.776997883605957007e+00
1.845321426200866810e+00
1.647411344337463390e+00
1.662089475631713942e+00
1.598348725509643575e+00
1.734432716369628924e+00
1.678192949485778795e+00
1.610912565422058185e+00
1.786564037704467811e+00
1.533417225265502948e+00
1.572632193565368652e+00
1.565895562934875418e+00
2.008768516159057604e+00
1.776210876846313402e+00
2.266390387725830013e+00
1.968135662078857484e+00
2.402507442092895573e+00
2.290365456771850550e+00
2.201401227951049755e+00
2.303216450500488399e+00
2.546578974151611163e+00
2.429602239227294902e+00
3.126433394241332930e+00
2.359063237762450971e+00
2.520644486618042190e+00
2.762635977554321443e+00
2.864520453262329180e+00
2.766119662857055683e+00
2.722950060272216977e+00
2.790074088287353593e+00
2.735086212921142401e+00
2.716526668167114078e+00
2.748012984848022366e+00
2.681262276840210124e+00
2.717147947692871046e+00
2.878766406250000021e+00
2.676355651092529264e+00
2.575411170578002729e+00
2.786314705657959134e+00
2.651610877990722592e+00
2.729147275161743380e+00
2.662022624588012754e+00
2.588525962066650532e+00
2.602847008895873948e+00
2.703539865493774563e+00
2.601921779251098688e+00
2.627213206481933572e+00
2.634391159057617227e+00
2.609805410766601774e+00
2.592301996231078931e+00
2.603975843429565451e+00
2.606102027130126952e+00
2.599969701004028355e+00
2.592126173782348442e+00
2.584478968048095737e+00
2.580095610427856290e+00
2.602340697097778488e+00
2.591134788894653429e+00
2.589053586196899293e+00
2.586826043319702340e+00
2.579843634033203159e+00
2.579191747283935410e+00
2.586934307479858308e+00
2.582604444885253869e+00
2.573855245971679473e+00
2.578416098785400568e+00
2.574035323715210044e+00
2.575877056503296014e+00
2.573224414443969543e+00
2.571300302124023496e+00
2.569085691070556621e+00
2.559026053237915210e+00
2.578847887420654406e+00
2.571759096908569298e+00
2.576446274185180574e+00
2.580056808853149253e+00
2.582060324096679516e+00
2.574116189575195168e+00
2.569129681015014821e+00
2.563063260269164978e+00
2.562431135177612340e+00
2.570911126327514840e+00
2.574190632629394404e+00
2.582058166122436660e+00
2.569690515518188612e+00
2.573483478164672711e+00
2.573121395111083842e+00
2.555541347503662131e+00
2.569680947494506817e+00
2.559385632705688529e+00
2.572151098251342916e+00
2.556954043960571354e+00
2.580303367614745991e+00
2.571784742736816565e+00
2.569427269363403266e+00
2.570123633575439381e+00
