2.490246232986450092e+00
2.035845480346679892e+00
1.845998228454589940e+00
1.759685875320434523e+00
1.611536433029174820e+00
1.548420533943176247e+00
1.404018145179748434e+00
1.313554857635498063e+00
1.264685716629028400e+00
1.163786329841613787e+00
1.067257206153869653e+00
1.009845851135253936e+00
9.930441041946410641e-01
9.000087000846862528e-01
8.568278376579284705e-01
8.345415462493896985e-01
8.081155825614929622e-01
7.892329693794249978e-01
8.013384893417357935e-01
8.254775334358215311e-01
9.086685756683349213e-01
9.606706834793090621e-01
9.278240076065062958e-01
9.510407302856445089e-01
9.975555278778076573e-01
1.018935441017150945e+00
1.116861584091186632e+00
1.188026174545288027e+00
1.173035757064819329e+00
1.024081739807128910e+00
1.049756803703308039e+00
1.105428533363342236e+00
1.159469172668456949e+00
1.214419838333129942e+00
1.223699331092834575e+00
1.246980561256408659e+00
1.240686875724792415e+00
1.221539148330688551e+00
1.241075024604797461e+00
1.249908411788940521e+00
1.279649340057372964e+00
1.208801290702819831e+00
1.129917848014831527e+00
1.195880009078979400e+00
1.241412495231628332e+00
1.262560711288452042e+00
1.282731554031372179e+00
1.302402768325805704e+00
1.318591280555725165e+00
1.333744552803039607e+00
1.356833335494995074e+00
1.371052947998046889e+00
1.371680679512023993e+00
1.264039198303222644e+00
1.110954267692565889e+00
1.125600027465820219e+00
1.173923318481445266e+00
1.122198027420044042e+00
1.129017411804199122e+00
1.044286927795410103e+00
1.051671204948425364e+00
1.147159727668762175e+00
1.200112690162658646e+00
1.226914622306823688e+00
1.253104233932495148e+00
1.271681190872192335e+00
1.292819380569458110e+00
1.305293350601196334e+00
1.322223133850097598e+00
1.333337343406677311e+00
1.350298094177246000e+00
1.211857426452636721e+00
1.208710449218749927e+00
1.246682846260070754e+00
1.277384846496582016e+00
1.310076526069641201e+00
1.326703400039672909e+00
1.340965690422058154e+00
1.270423619461059639e+00
1.250069245910644611e+00
1.279604572105407678e+00
1.304474575614929188e+00
1.324413911437988256e+00
1.295723463058471747e+00
1.211169864463806256e+00
1.210140054893493744e+00
1.214436076927185137e+00
1.223440977096557525e+00
1.273534317588806086e+00
1.232992151641845613e+00
1.100152726745605491e+00
1.150073735618591275e+00
1.167247593116760296e+00
1.140472624206543051e+00
1.038670151710510359e+00
1.057803431129455518e+00
1.028569193840026763e+00
1.084324429130554268e+00
1.161988054466247533e+00
1.223570460510253977e+00
