5.875418276977539378e+00
2.104286990356445397e+00
2.019026152801513874e+00
1.867521925163269092e+00
1.812305555534362789e+00
1.999353760528564505e+00
1.711047792434692294e+00
1.728037737274169983e+00
1.693132242584228564e+00
1.608884278869628925e+00
1.595109693336486778e+00
1.620016581916809084e+00
1.711009082603454523e+00
1.853501911354064946e+00
1.872903690338134863e+00
1.972464014816284195e+00
2.073221044158935378e+00
2.130920291900634922e+00
2.402206764602661249e+00
2.481887270736694351e+00
3.267240949630737301e+00
2.485395618820190222e+00
3.056783780670166095e+00
2.732995923233032087e+00
2.966975105667114310e+00
3.077349557495117072e+00
3.022208420562744191e+00
2.774582743835449339e+00
2.900863219451904396e+00
3.025232320404052544e+00
2.844156470870971898e+00
2.905047093963623261e+00
2.811786912918091019e+00
2.825324518203735202e+00
2.817113217163086158e+00
2.745577490234374807e+00
2.735090722656249973e+00
2.724695300292968803e+00
2.692011684417724648e+00
2.673685325241089039e+00
2.661515299987792904e+00
2.683203585433959759e+00
2.648097210693359571e+00
2.533183823776245180e+00
2.512130938720702922e+00
2.534757870101928656e+00
2.534233880233764502e+00
2.611017652511596676e+00
2.622681481170654472e+00
2.550518910217284940e+00
2.571158460235595911e+00
2.550049711608886938e+00
2.574396780395507900e+00
2.562671190643310393e+00
2.573068755340575997e+00
2.565211662292480543e+00
2.576608918380737467e+00
2.571370155334472773e+00
2.577151773071288954e+00
2.575171212768554874e+00
2.573407941436767654e+00
2.584902574157714739e+00
2.587727583694458211e+00
2.573854803848266481e+00
2.568210800552368056e+00
2.562293701934814649e+00
2.577052910232544125e+00
2.577729308319091750e+00
2.559963826370239115e+00
2.557065086746215687e+00
2.563608767318725778e+00
2.565565074539184476e+00
2.552861838912964032e+00
2.560647191238403231e+00
2.555143501663208028e+00
2.560871579742431514e+00
2.555524630737304737e+00
2.548096604919433794e+00
2.551922192382812593e+00
2.550712194061279359e+00
2.544669644927978425e+00
2.555657056427001805e+00
2.572633002853393691e+00
2.560427981948852683e+00
2.547500435256957907e+00
2.560236683654784962e+00
2.562933260345459097e+00
2.544751214599609401e+00
2.566159915161132954e+00
2.548720288467407169e+00
2.537381939697265665e+00
2.564534609603881687e+00
2.563903517150878830e+00
2.557124403381347832e+00
2.560428076171874956e+00
2.573420817184448151e+00
2.560776362609863188e+00
2.563977212142944495e+00
2.572901190567016716e+00
2.559396243286133021e+00
