1.630000000000000060e-01
1.845999999999999863e-01
2.270000000000000073e-01
2.688999999999999724e-01
2.681999999999999940e-01
3.323999999999999733e-01
3.503999999999999893e-01
3.165000000000000036e-01
3.618999999999999995e-01
2.426000000000000101e-01
3.456000000000000183e-01
3.603999999999999981e-01
3.845000000000000084e-01
3.186999999999999833e-01
3.776999999999999802e-01
4.171000000000000263e-01
3.890000000000000124e-01
3.937999999999999834e-01
3.785000000000000031e-01
3.778000000000000247e-01
4.042000000000000037e-01
3.479999999999999760e-01
3.816999999999999837e-01
4.156000000000000250e-01
4.025000000000000244e-01
4.057999999999999940e-01
3.901000000000000023e-01
4.062000000000000055e-01
4.025000000000000244e-01
4.031000000000000139e-01
4.046000000000000152e-01
4.063999999999999835e-01
4.174999999999999822e-01
4.106000000000000205e-01
3.735999999999999877e-01
4.138999999999999901e-01
4.174999999999999822e-01
3.750999999999999890e-01
3.961000000000000076e-01
3.652000000000000246e-01
3.743000000000000216e-01
3.849000000000000199e-01
4.005000000000000226e-01
4.002999999999999892e-01
4.053999999999999826e-01
4.089999999999999747e-01
3.968999999999999750e-01
3.975000000000000200e-01
3.935000000000000164e-01
3.947999999999999843e-01
3.936999999999999944e-01
3.960000000000000187e-01
3.956999999999999962e-01
3.982999999999999874e-01
3.976999999999999980e-01
3.946000000000000063e-01
3.945000000000000173e-01
3.952999999999999847e-01
3.976000000000000090e-01
3.971999999999999975e-01
3.983999999999999764e-01
3.951000000000000068e-01
3.966999999999999971e-01
3.973999999999999755e-01
3.986000000000000099e-01
3.971000000000000085e-01
3.992999999999999883e-01
3.958999999999999742e-01
3.981999999999999984e-01
3.961999999999999966e-01
3.952999999999999847e-01
3.986999999999999988e-01
3.982999999999999874e-01
3.981999999999999984e-01
3.968999999999999750e-01
3.966999999999999971e-01
3.995000000000000218e-01
4.017000000000000015e-01
3.980000000000000204e-01
3.991999999999999993e-01
3.981999999999999984e-01
3.972999999999999865e-01
3.988999999999999768e-01
3.971000000000000085e-01
3.958999999999999742e-01
3.948999999999999733e-01
3.966000000000000081e-01
3.981999999999999984e-01
3.962999999999999856e-01
3.987999999999999878e-01
3.986999999999999988e-01
3.976999999999999980e-01
3.986000000000000099e-01
3.955000000000000182e-01
3.975000000000000200e-01
3.953999999999999737e-01
3.955000000000000182e-01
3.982999999999999874e-01
3.950000000000000178e-01
4.013999999999999790e-01
