3.611998883056640608e+01
4.706647016143798545e+00
4.366623890686034848e+00
3.780092749786376771e+00
3.420191275787353380e+00
3.169789626312256026e+00
2.901923715209961063e+00
3.212497401046753076e+00
2.874249557495117013e+00
3.033880198669433703e+00
3.232456077957153173e+00
3.325081133270263667e+00
3.555666266632079964e+00
4.692631843566894112e+00
3.530824894714355455e+00
4.186897482299804629e+00
3.913629940795898321e+00
4.031776361083984739e+00
4.781400512695312521e+00
4.201586257934570412e+00
5.146152603912353740e+00
5.122130865478515815e+00
5.130093516540527254e+00
3.945165041351318180e+00
5.338842532348632375e+00
6.711172731018065996e+00
4.829927951812743814e+00
5.314495443725586021e+00
4.831260777282714969e+00
5.301070011138915739e+00
4.908118716430664108e+00
4.912903730010985903e+00
4.974781881713867371e+00
4.859689888763427668e+00
4.670744686126709233e+00
4.790881902313232743e+00
4.714544587707519163e+00
4.705900473022460950e+00
4.790761916351318206e+00
4.668552404022216606e+00
4.735315240478515264e+00
4.589180195617675651e+00
4.580519285583496192e+00
4.630440238189697411e+00
4.514345069885253636e+00
4.580322566986083643e+00
4.558228318786620825e+00
4.589300753784179676e+00
4.503381414031982111e+00
4.453691424560546785e+00
4.500249664306640973e+00
4.470899121093750317e+00
4.381585717773437416e+00
4.434260138702392773e+00
4.423806007385254091e+00
4.455017783355712524e+00
4.482146486663818763e+00
4.429878846740722409e+00
4.416414337158203196e+00
4.383046494293212803e+00
4.465058832550048429e+00
4.509959461212158516e+00
4.408682535552978621e+00
4.464680331420898263e+00
4.473517173004150749e+00
4.399647288513183874e+00
4.407096759796142571e+00
4.464235344696044550e+00
4.475552788543700977e+00
4.423099543762207375e+00
4.464911025238037290e+00
4.343506519317626768e+00
4.427880606079101611e+00
4.381310244750976857e+00
4.379852676391601918e+00
4.343146421813965041e+00
4.402597835540771776e+00
4.416582302856445708e+00
4.431817242431640658e+00
4.400430834960937787e+00
4.411169564819336308e+00
4.403570794677734490e+00
4.417646160888671680e+00
4.399138305664062720e+00
4.420472663879394304e+00
4.458487139892578277e+00
4.374744033050537162e+00
4.399540045166015823e+00
4.435022481536865513e+00
4.424021732330322365e+00
4.467758948516845408e+00
4.363343360900878487e+00
4.404788304138183896e+00
4.398756586456299189e+00
4.379145394897460797e+00
4.478998638916015906e+00
4.458335035705566440e+00
4.365959798431396699e+00
4.403522749328613095e+00
4.407479326629638372e+00
