1.005000000000000060e-01
1.647000000000000131e-01
2.094000000000000028e-01
2.154000000000000081e-01
2.570000000000000062e-01
3.002000000000000224e-01
3.080999999999999850e-01
2.590999999999999970e-01
2.933999999999999941e-01
2.923999999999999932e-01
2.849999999999999756e-01
2.760000000000000231e-01
3.099000000000000088e-01
2.293000000000000038e-01
3.081999999999999740e-01
3.216999999999999860e-01
3.124000000000000110e-01
3.044999999999999929e-01
3.346999999999999975e-01
3.230000000000000093e-01
3.271000000000000019e-01
3.059000000000000052e-01
3.028000000000000136e-01
3.383999999999999786e-01
3.049999999999999933e-01
2.827999999999999958e-01
3.242999999999999772e-01
3.333999999999999742e-01
3.368999999999999773e-01
3.285000000000000142e-01
3.405000000000000249e-01
3.373999999999999777e-01
3.350000000000000200e-01
3.371999999999999997e-01
3.439999999999999725e-01
3.412000000000000033e-01
3.438999999999999835e-01
3.447999999999999954e-01
3.398999999999999799e-01
3.437999999999999945e-01
3.380000000000000226e-01
3.453999999999999848e-01
3.442000000000000060e-01
3.417999999999999927e-01
3.452999999999999958e-01
3.427000000000000046e-01
3.426000000000000156e-01
3.363999999999999768e-01
3.422000000000000042e-01
3.436000000000000165e-01
3.437999999999999945e-01
3.433999999999999830e-01
3.502000000000000113e-01
3.474999999999999756e-01
3.482000000000000095e-01
3.449999999999999734e-01
3.437999999999999945e-01
3.482000000000000095e-01
3.472999999999999976e-01
3.479999999999999760e-01
3.451000000000000179e-01
3.442999999999999949e-01
3.474999999999999756e-01
3.456000000000000183e-01
3.447000000000000064e-01
3.494999999999999774e-01
3.482999999999999985e-01
3.433999999999999830e-01
3.442000000000000060e-01
3.457999999999999963e-01
3.439999999999999725e-01
3.467000000000000082e-01
3.449999999999999734e-01
3.452999999999999958e-01
3.459999999999999742e-01
3.477000000000000091e-01
3.477999999999999980e-01
3.427000000000000046e-01
3.447000000000000064e-01
3.481000000000000205e-01
3.478999999999999870e-01
3.471000000000000196e-01
3.469999999999999751e-01
3.478999999999999870e-01
3.456000000000000183e-01
3.447000000000000064e-01
3.457000000000000073e-01
3.453999999999999848e-01
3.441000000000000170e-01
3.458999999999999853e-01
3.430000000000000271e-01
3.491000000000000214e-01
3.458999999999999853e-01
3.472000000000000086e-01
3.489999999999999769e-01
3.421000000000000152e-01
3.457000000000000073e-01
3.481000000000000205e-01
3.447999999999999954e-01
3.468999999999999861e-01
