7.872476921386719084e+01
8.304158744812012216e+00
4.786201530456542841e+00
4.752509093475342006e+00
4.699369177246094154e+00
4.724354300689697084e+00
5.534116645050048966e+00
4.378680333709716876e+00
4.767451137542724204e+00
7.694773102569580026e+00
5.342103765869140375e+00
6.534025830078125097e+00
6.090261166381836233e+00
6.990811416625976271e+00
6.658196306610107307e+00
6.250424678802490419e+00
6.317803810882568705e+00
5.969410331726074048e+00
6.669912863159179750e+00
6.489468260192871263e+00
6.750566339111328418e+00
7.545029206085205331e+00
6.494432848358154153e+00
6.282126525115966587e+00
7.029196776580810990e+00
6.307882020568847281e+00
6.966941154479980192e+00
7.319026891326903872e+00
7.820424608612060347e+00
6.310645671081543284e+00
6.676731776428222354e+00
6.513431169128417686e+00
6.907950213623046842e+00
6.633573815917968908e+00
7.087920438385009625e+00
6.666816971588135132e+00
6.741396689605712922e+00
7.126365206909179406e+00
6.728117858886718317e+00
5.713752503967285179e+00
6.576936878967285516e+00
7.268004049682617485e+00
6.267262542724609808e+00
6.542785941314697595e+00
6.459133011627197440e+00
7.059032391357422220e+00
6.412941337585449375e+00
6.427514956665039136e+00
6.036871047210693675e+00
6.749213099670409832e+00
6.447052244567871071e+00
6.416835076904296997e+00
6.488562554931641024e+00
6.476533905029296712e+00
6.396209287261962473e+00
6.489245848846435294e+00
6.425905944061279129e+00
6.415467613983154571e+00
6.411344985198974555e+00
6.438158537292480332e+00
6.345490807342529571e+00
6.423983170318603442e+00
6.397295548248290942e+00
6.407210748291015889e+00
6.384403265380859338e+00
6.367889466857910463e+00
6.360511908721924179e+00
6.438449173736572106e+00
6.376318344116210568e+00
6.305351442718506227e+00
6.410702694702148818e+00
6.321002390289306661e+00
6.317077795410156682e+00
6.363613316345214876e+00
6.346761262512207402e+00
6.317168938446044990e+00
6.374114823913574313e+00
6.296889645385742362e+00
6.382815498352051087e+00
6.439638442993164347e+00
6.420829188537597432e+00
6.388502332305908027e+00
6.353408474731445210e+00
6.399638872528075950e+00
6.345483149719238547e+00
6.352648272705078369e+00
6.336386476898193010e+00
6.291386330413818229e+00
6.261981777191161669e+00
6.242494220733642685e+00
6.356554903411865354e+00
6.260389064025878803e+00
6.258973173522949018e+00
6.352973590850830021e+00
6.339532837677001709e+00
6.274760693359374919e+00
6.319258819580078068e+00
6.401299307250976511e+00
6.324492169952392828e+00
6.337524199676513703e+00
