2.366746308517456043e+00
2.284853099441528368e+00
2.000545672988891521e+00
1.930735564994811915e+00
1.838761715126037588e+00
1.763280284309387103e+00
1.667584307861328163e+00
1.589541230010986350e+00
1.584705470275878936e+00
1.503514432716369642e+00
1.435980200576782329e+00
1.396563504981994663e+00
1.345792078208923437e+00
1.281564115905761803e+00
1.236568381881713918e+00
1.199468083000183150e+00
1.168981881713867077e+00
1.064330250740051165e+00
1.059408773994445774e+00
1.021483166694641120e+00
9.534654783248901477e-01
9.573856214523315256e-01
9.532956409454346192e-01
9.946219045639037581e-01
8.255403050422668310e-01
7.998857649803161607e-01
7.881309435844421341e-01
8.713108978271484339e-01
8.061145277976989876e-01
7.952283348083496461e-01
7.256037116050719771e-01
7.063082002639770041e-01
7.774046619415283521e-01
7.493395853042602583e-01
7.717570352554321556e-01
7.033472151756287039e-01
7.470020351409911719e-01
7.668349689483642262e-01
7.413133203506470092e-01
7.781298894882202610e-01
8.051182434082031492e-01
7.942277828216552926e-01
8.005997680664062033e-01
8.267629856109619535e-01
8.316029077529907276e-01
8.334992996215819794e-01
8.496847710609436444e-01
8.719074419021606293e-01
8.357178193092346108e-01
8.171202611923217285e-01
7.994295176506042155e-01
8.325554989814758500e-01
8.510866914749145584e-01
8.918480414390563826e-01
9.052656647682190139e-01
8.686563542366028123e-01
8.649750513076782665e-01
8.838168878555298091e-01
8.904257453918457133e-01
9.079429338455200504e-01
9.305320653915405416e-01
9.267465255737304952e-01
9.637518222808837409e-01
9.451005250930786250e-01
9.388143871307372823e-01
9.605301210403441869e-01
9.086083532333374402e-01
9.485212883949279972e-01
9.359246953964233118e-01
8.829460619926452480e-01
8.548009581565857440e-01
8.637453683853149045e-01
8.520336984634399036e-01
8.720709233283996387e-01
8.732096012115478922e-01
8.976735820770264107e-01
9.011802291870116832e-01
9.310756944656372047e-01
9.369248842239379371e-01
9.556874963760375596e-01
9.689429594039916660e-01
9.757074539184570350e-01
9.851884284973144723e-01
9.970326362609863713e-01
9.993552181243896548e-01
1.017192500114440845e+00
1.023808023834228420e+00
1.033030071830749463e+00
1.031252895736694430e+00
1.032413074302673373e+00
1.063963436317443945e+00
1.043321302223205516e+00
1.061156103897094694e+00
1.062824470138549859e+00
1.069094718933105481e+00
1.216676943397521971e+00
1.017318072509765692e+00
9.910171237945556433e-01
1.007478403282165536e+00
9.497013061523437161e-01
