2.010661945800781325e+02
6.958844062805176200e+00
6.329848261260986320e+00
5.818537117004394688e+00
5.847540561676025206e+00
5.542311611175537500e+00
5.980099257659912126e+00
5.841587511444092051e+00
5.367665859222412017e+00
5.080835086059570571e+00
5.275788060760498333e+00
5.926551797485351436e+00
5.437135683441161937e+00
6.355057751464843641e+00
6.184867052459717129e+00
7.487694671630859666e+00
6.782238729095459107e+00
5.957201569366454841e+00
7.108604503631592131e+00
6.587028009796142669e+00
6.756390043640136511e+00
7.825685533142089589e+00
6.810617583465575997e+00
6.803884967803955242e+00
6.905796589660644358e+00
7.809464219665527729e+00
6.766936673736572594e+00
7.069967234039306270e+00
6.783726490020751676e+00
6.942149031829833561e+00
7.289590286254882479e+00
6.852442102050781081e+00
7.773386853027343335e+00
6.838395949554443298e+00
7.196604415130614996e+00
7.348193499755859115e+00
7.061864833068847602e+00
7.087856399536132557e+00
7.091542940521240013e+00
6.937393168640136665e+00
6.964793232727051198e+00
6.810451306152343953e+00
6.798792156982421453e+00
6.748070065307617327e+00
6.686544160461425967e+00
6.638144493865966389e+00
6.647161653137207082e+00
6.526430202484131193e+00
6.477406269073486378e+00
6.371982564544677707e+00
6.524615190887451455e+00
6.524103270721435699e+00
6.442352578735351720e+00
6.507768041992187058e+00
6.439828910064697709e+00
6.493529192352294643e+00
6.505651955413818577e+00
6.509893753814697703e+00
6.452447774505615463e+00
6.445722491455078362e+00
6.443415335083007456e+00
6.470595456695556358e+00
6.456323403930664284e+00
6.461579434967041458e+00
6.432922714996338165e+00
6.407010067749023818e+00
6.427619349670409932e+00
6.413466742706298795e+00
6.381547088623046982e+00
6.456968569183350048e+00
6.452007559967040784e+00
6.390372200012206960e+00
6.381439910888671463e+00
6.407071829223633053e+00
6.364223138427734128e+00
6.372265438842773300e+00
6.407131510925292872e+00
6.416190539550781224e+00
6.387623237609862947e+00
6.447213547515868726e+00
6.384797514343262037e+00
6.424993476104736700e+00
6.405101566314697514e+00
6.387937664794922199e+00
6.428573191070556803e+00
6.430810085296631229e+00
6.394339836883545125e+00
6.406582622528076421e+00
6.373016481018066060e+00
6.377900250244140423e+00
6.401566606140137061e+00
6.361167307281494487e+00
6.370244905090332033e+00
6.374530240631103517e+00
6.389517741394042716e+00
6.449009686279296716e+00
6.449827191162109230e+00
6.390462248992919925e+00
6.420863819122314631e+00
6.329542926025390592e+00
