1.000000000000000056e-01
1.000000000000000056e-01
1.000000000000000056e-01
1.265999999999999903e-01
1.458000000000000129e-01
1.029000000000000054e-01
1.371999999999999886e-01
2.597999999999999754e-01
2.013999999999999957e-01
2.089999999999999913e-01
2.200999999999999901e-01
2.449000000000000066e-01
2.374999999999999889e-01
2.175999999999999879e-01
2.513000000000000234e-01
2.669000000000000261e-01
2.474000000000000088e-01
2.647999999999999798e-01
2.096000000000000085e-01
2.707999999999999852e-01
2.733999999999999764e-01
2.494999999999999996e-01
2.672999999999999821e-01
2.621999999999999886e-01
2.422999999999999876e-01
2.657999999999999807e-01
2.470999999999999863e-01
2.659000000000000252e-01
2.674000000000000266e-01
2.808999999999999830e-01
2.669000000000000261e-01
2.697999999999999843e-01
2.590999999999999970e-01
2.615999999999999992e-01
2.619000000000000217e-01
2.574000000000000177e-01
2.569000000000000172e-01
2.624000000000000221e-01
2.550999999999999934e-01
2.590000000000000080e-01
2.516999999999999793e-01
2.661000000000000032e-01
2.575999999999999956e-01
2.584000000000000186e-01
2.535999999999999921e-01
2.515999999999999903e-01
2.509000000000000119e-01
2.536999999999999811e-01
2.472999999999999921e-01
2.521999999999999797e-01
2.489999999999999991e-01
2.550999999999999934e-01
2.600000000000000089e-01
2.540000000000000036e-01
2.574000000000000177e-01
2.509000000000000119e-01
2.550000000000000044e-01
2.545000000000000040e-01
2.590000000000000080e-01
2.499000000000000110e-01
2.525999999999999912e-01
2.540000000000000036e-01
2.577999999999999736e-01
2.515999999999999903e-01
2.551999999999999824e-01
2.579000000000000181e-01
2.561999999999999833e-01
2.546999999999999820e-01
2.558000000000000274e-01
2.495999999999999885e-01
2.503000000000000225e-01
2.595999999999999974e-01
2.500000000000000000e-01
2.515999999999999903e-01
2.597999999999999754e-01
2.561999999999999833e-01
2.508000000000000229e-01
2.492000000000000048e-01
2.487999999999999934e-01
2.553000000000000269e-01
2.524000000000000132e-01
2.504000000000000115e-01
2.500999999999999890e-01
2.520999999999999908e-01
2.469000000000000083e-01
2.509000000000000119e-01
2.528000000000000247e-01
2.524000000000000132e-01
2.520999999999999908e-01
2.520000000000000018e-01
2.505000000000000004e-01
2.586999999999999855e-01
2.564000000000000168e-01
2.505000000000000004e-01
2.530999999999999917e-01
2.479999999999999982e-01
2.521999999999999797e-01
2.545999999999999930e-01
2.521999999999999797e-01
2.579000000000000181e-01
