2.072550125732421833e+01
6.624752404785156479e+00
5.800790244293213327e+00
6.792986447906494085e+00
5.718945513916015244e+00
5.949122026062012125e+00
5.267086004638671604e+00
4.918571035003662217e+00
5.262053527832031286e+00
6.107326493835449455e+00
5.220712209320068631e+00
5.227717819213867578e+00
4.768403417205810513e+00
5.881754821777343878e+00
6.200361847686767902e+00
6.008806622314453172e+00
5.895984142303467124e+00
6.011033673858642956e+00
6.961287938690185584e+00
6.408844521331786837e+00
6.309076564025878575e+00
6.463636230468750021e+00
6.313373831176757989e+00
6.421455606842041419e+00
6.713251761627197389e+00
6.359896246337890524e+00
7.190946424102783396e+00
6.157442378997802557e+00
5.969515288543701281e+00
6.042363630676269359e+00
5.897205403900146692e+00
6.226692080688476238e+00
6.494243721008301051e+00
6.190709612274170048e+00
6.041111927795410175e+00
6.123899448394775291e+00
6.108283506011963127e+00
5.985053677368163960e+00
6.141299690246581733e+00
6.043541854858398565e+00
6.151451183319092131e+00
5.894061233520507592e+00
5.995945927429199074e+00
5.938545671844482676e+00
5.999495696258544619e+00
6.062136900329590183e+00
6.000567735290527338e+00
5.900222338867187943e+00
6.049753868865966666e+00
5.922637043762207121e+00
6.022936777496338046e+00
5.874237729644775641e+00
5.796800843048095508e+00
5.905179449462890418e+00
5.869373669433593399e+00
5.913350149536133138e+00
5.906232151794433172e+00
5.878956131744384805e+00
5.795235931396484297e+00
5.957119647216797098e+00
5.930635542297363116e+00
5.884524590301513314e+00
5.792116809082031637e+00
5.945681781005859534e+00
5.860112747192382621e+00
5.787297242736816116e+00
5.812493754577636729e+00
5.828337635803222838e+00
5.808205767059326341e+00
5.923478900909423750e+00
5.913240071868896663e+00
5.752734658050536964e+00
5.926123943328857280e+00
5.897017369842529000e+00
5.712465166473388756e+00
5.828758728027343849e+00
5.934370122528076053e+00
5.967613348388671746e+00
5.987055654907226909e+00
5.829851535797119233e+00
5.867805927276611655e+00
5.900972891998290670e+00
5.915869825744628940e+00
5.884410771179199529e+00
5.995691671752929608e+00
5.890556439208983974e+00
5.881843690490722310e+00
5.824006218719482320e+00
5.855142349243164013e+00
5.893925376892090284e+00
5.878418109893798871e+00
5.766498643493652487e+00
5.795559046173095474e+00
5.920314251708984621e+00
5.867923391723632420e+00
5.959029104614257832e+00
5.904474184417724203e+00
5.796668479156494413e+00
5.901267100524901998e+00
5.767228863525390992e+00
