2.250763075561523507e+01
4.482339617919921970e+00
4.982119978332519850e+00
4.455786208343505805e+00
4.149869200515746925e+00
4.243803800201416010e+00
3.980002065277099543e+00
4.417388124847412278e+00
5.591745332336425456e+00
5.638383113098144328e+00
4.870109909820556915e+00
5.282748965454101331e+00
6.001628057861328358e+00
5.127377642822265713e+00
5.594873581695556375e+00
5.816632546997070108e+00
5.820179468536377243e+00
6.962525457763671710e+00
6.278777435302734133e+00
6.352224885559081713e+00
5.547672193145752217e+00
6.499902398681640214e+00
6.108660664367675963e+00
5.665802134704589932e+00
6.699434727478027263e+00
6.343795632934570605e+00
6.065740350341797260e+00
5.907582989501952930e+00
6.286676228332519933e+00
6.720025622558593703e+00
5.805837541961669679e+00
5.996757962799072139e+00
5.591389626312255778e+00
6.202785491943359375e+00
5.919913881683349643e+00
5.758551791381836260e+00
6.111240142059326530e+00
6.057392114257812210e+00
5.722572647094726683e+00
6.190390737915039132e+00
5.596538374328613230e+00
5.740116167449951234e+00
5.567512921905517942e+00
5.541813752746581834e+00
5.604253620147704673e+00
5.592969305419921433e+00
5.474630239868163883e+00
5.477722246551513408e+00
5.300596841430664341e+00
5.332749492645263878e+00
5.369300574493408362e+00
5.277090212249755830e+00
5.317518223571777725e+00
5.298847754669189669e+00
5.287733082580566624e+00
5.247899333190917837e+00
5.244303178405761656e+00
5.296616835784911714e+00
5.279240293884277513e+00
5.274447536468505504e+00
5.280525225830078107e+00
5.249334014129638959e+00
5.266279141998291280e+00
5.232214738464355364e+00
5.252253781890869000e+00
5.266906171417236493e+00
5.253545642852783359e+00
5.245696490478515273e+00
5.215613218688964992e+00
5.287478604888915967e+00
5.246793338775634474e+00
5.249878349304199610e+00
5.237059362030029419e+00
5.239705978393554453e+00
5.194536085510254253e+00
5.201482866668700744e+00
5.228596941375732499e+00
5.234300528717040990e+00
5.239091808319091825e+00
5.259292229461669521e+00
5.204763842010498465e+00
5.162767817687988092e+00
5.214855029296875166e+00
5.220316238403320597e+00
5.212667828369140999e+00
5.206594876098632696e+00
5.189628143310546449e+00
5.187797943115234567e+00
5.187239390563965102e+00
5.163800280761718930e+00
5.218160738372803031e+00
5.158285832977294483e+00
5.208676176452637030e+00
5.221742501831054817e+00
5.208821792602538636e+00
5.165299426269530869e+00
5.189661094665527052e+00
5.172022267913818361e+00
5.200685536956787480e+00
5.246194065856933264e+00
