1.832000000000000017e-01
2.474999999999999978e-01
2.616999999999999882e-01
2.843999999999999861e-01
2.943999999999999950e-01
2.791000000000000147e-01
3.190000000000000058e-01
3.022000000000000242e-01
2.323999999999999955e-01
2.576999999999999846e-01
3.310000000000000164e-01
2.962000000000000188e-01
2.958999999999999964e-01
3.291000000000000036e-01
3.262999999999999790e-01
3.346000000000000085e-01
3.398999999999999799e-01
3.160999999999999921e-01
2.983000000000000096e-01
3.554999999999999827e-01
3.477999999999999980e-01
3.247999999999999776e-01
3.569999999999999840e-01
3.546000000000000263e-01
3.438999999999999835e-01
3.509999999999999787e-01
3.557000000000000162e-01
3.638000000000000123e-01
3.552000000000000157e-01
3.353999999999999759e-01
3.523999999999999910e-01
3.396000000000000130e-01
3.519999999999999796e-01
3.295000000000000151e-01
3.416000000000000147e-01
3.526000000000000245e-01
3.410000000000000253e-01
3.544999999999999818e-01
3.613999999999999990e-01
3.598000000000000087e-01
3.677000000000000268e-01
3.654000000000000026e-01
3.682000000000000273e-01
3.669000000000000039e-01
3.674999999999999933e-01
3.669999999999999929e-01
3.679000000000000048e-01
3.698000000000000176e-01
3.705999999999999850e-01
3.703000000000000180e-01
3.689000000000000057e-01
3.720999999999999863e-01
3.695999999999999841e-01
3.719000000000000083e-01
3.716999999999999749e-01
3.719999999999999973e-01
3.709000000000000075e-01
3.696999999999999731e-01
3.716999999999999749e-01
3.734999999999999987e-01
3.714000000000000079e-01
3.705999999999999850e-01
3.703000000000000180e-01
3.714000000000000079e-01
3.706999999999999740e-01
3.693000000000000171e-01
3.711999999999999744e-01
3.716999999999999749e-01
3.700999999999999845e-01
3.694999999999999951e-01
3.713000000000000189e-01
3.715999999999999859e-01
3.713000000000000189e-01
3.703000000000000180e-01
3.706999999999999740e-01
3.713000000000000189e-01
3.719999999999999973e-01
3.724000000000000088e-01
3.709999999999999964e-01
3.710999999999999854e-01
3.709000000000000075e-01
3.706999999999999740e-01
3.705999999999999850e-01
3.706999999999999740e-01
3.709000000000000075e-01
3.711999999999999744e-01
3.726999999999999758e-01
3.711999999999999744e-01
3.713000000000000189e-01
3.714999999999999969e-01
3.709999999999999964e-01
3.724999999999999978e-01
3.715999999999999859e-01
3.711999999999999744e-01
3.698000000000000176e-01
3.716999999999999749e-01
3.705999999999999850e-01
3.719999999999999973e-01
3.700999999999999845e-01
3.710999999999999854e-01
