3.560469379882812291e+01
3.703282341766357622e+00
3.459202000808715649e+00
2.688553588104248160e+00
2.838009503936767430e+00
4.465838182067870754e+00
2.394607919311523503e+00
4.192274363708496487e+00
3.232016022109985176e+00
3.685441017532348429e+00
3.423730834579467697e+00
4.801800360107422172e+00
3.152516722488403200e+00
3.173815280151367269e+00
2.497206474304199286e+00
3.797735776901244975e+00
4.246320481872558616e+00
3.957061761474609529e+00
4.105294869232177568e+00
4.047114009857177841e+00
4.490077249908447143e+00
3.493218782043456816e+00
4.232059189605712923e+00
4.044185745239257557e+00
4.201816876220703101e+00
4.257873818206786787e+00
4.529606535339355311e+00
3.636551499938964760e+00
4.731073854827880787e+00
4.221123315429687217e+00
4.058240148925781554e+00
4.290017790985107382e+00
4.155805661773682047e+00
4.035171735382079738e+00
3.989034954833984514e+00
4.172818711090087618e+00
4.123541912078857230e+00
3.965486891937255898e+00
4.001129371643066257e+00
4.011908871459961112e+00
3.999879654693603737e+00
3.918885894775390621e+00
3.932738649749755844e+00
3.885194482421875151e+00
3.845906227111816289e+00
3.839154775238037054e+00
3.825998938751220546e+00
3.803174831390380817e+00
3.742309746551513605e+00
3.718996081161499045e+00
3.730890810012817305e+00
3.818138939666748222e+00
3.778886983489990303e+00
3.737702695083618298e+00
3.743142041397094832e+00
3.707611154556274435e+00
3.718939901733398390e+00
3.750289748382568344e+00
3.716962095642089903e+00
3.766633567810058647e+00
3.754358343505859175e+00
3.775708086395263674e+00
3.675231908798217706e+00
3.712747374343872142e+00
3.754955775833130005e+00
3.768078501892089704e+00
3.734951576995849454e+00
3.757128783416748163e+00
3.674531004333496220e+00
3.769118050384521634e+00
3.764482046508788926e+00
3.727852212524414011e+00
3.690161156463623193e+00
3.740399978256225388e+00
3.728920285415649349e+00
3.735415688705444381e+00
3.748774766159057581e+00
3.728809828186035347e+00
3.682834143829345486e+00
3.758460051727294804e+00
3.760732386779785053e+00
3.790399822998046897e+00
3.746113610839843844e+00
3.762044311904907179e+00
3.737413194656372006e+00
3.728447970581054705e+00
3.698455042648315594e+00
3.739622994995117189e+00
3.733014477157592825e+00
3.739840674591064396e+00
3.794783150482177625e+00
3.758474945068359219e+00
3.717095995330810698e+00
3.746456886291503974e+00
3.736483897781372132e+00
3.716043907165527127e+00
3.710501390075683581e+00
3.769855560302734165e+00
3.681221030044555587e+00
3.718301731872558413e+00
