2.366746271896362330e+00
2.284853105163574316e+00
2.000545659637451124e+00
1.930735589790344209e+00
1.838761773681640621e+00
1.763280244445800671e+00
1.667584332275390713e+00
1.589541245460510233e+00
1.584705427169799785e+00
1.503514438438415590e+00
1.435980214881896977e+00
1.396563507843017637e+00
1.345792026519775364e+00
1.281564066314697214e+00
1.236568382263183663e+00
1.199468140411376949e+00
1.168981991577148438e+00
1.064330250358581642e+00
1.059408538818359391e+00
1.021483083724975538e+00
9.534653337478637969e-01
9.573855911254882667e-01
9.532958911895752507e-01
9.946218526840210350e-01
8.255402201652526362e-01
7.998858447074890243e-01
7.881308227539062239e-01
8.713108100891113761e-01
8.061145434379577424e-01
7.952283714294433592e-01
7.256036625862121170e-01
7.063083776473999542e-01
7.774044188499450447e-01
7.493397878646850252e-01
7.717574398040771833e-01
7.033471297264098920e-01
7.470017940521239685e-01
7.668347755432128876e-01
7.413136379241943574e-01
7.781300171852111314e-01
8.051185971260070851e-01
7.942278898239135687e-01
8.005995740890502477e-01
8.267624862670898134e-01
8.316027580261230456e-01
8.334992275238036763e-01
8.496848335266112828e-01
8.719075115203857029e-01
8.357171718597412591e-01
8.171201946258545012e-01
7.994296094894409732e-01
8.325557890892029134e-01
8.510864743232726681e-01
8.918482147216796330e-01
9.052661593437194565e-01
8.686559930801391882e-01
8.649748284339904281e-01
8.838173002243041587e-01
8.904257505416870444e-01
9.079429214477539034e-01
9.305319869995116733e-01
9.267462680816650478e-01
9.637520397186278842e-01
9.451004810333252237e-01
9.388142246246338196e-01
9.605302028656005353e-01
9.086087705612182486e-01
9.485212409973144965e-01
9.359246170043945545e-01
8.829462797164916443e-01
8.548008706092834474e-01
8.637453664779662921e-01
8.520340316772461176e-01
8.720711666107178184e-01
8.732095081329345199e-01
8.976732711791992614e-01
9.011802896499633286e-01
9.310753868103027742e-01
9.369249551773071172e-01
9.556879447937012273e-01
9.689426879882812038e-01
9.757070714950561996e-01
9.851883138656616357e-01
9.970328598022460964e-01
9.993554281234741099e-01
1.017192429351806648e+00
1.023807943344116289e+00
1.033030113410949635e+00
1.031253242492675692e+00
1.032413356971740637e+00
1.063962975311279369e+00
1.043321033287048394e+00
1.061155802536010828e+00
1.062824324035644530e+00
1.069094461631774795e+00
1.216677011871337921e+00
1.017317987251281641e+00
9.910176782608032253e-01
1.007478273773193322e+00
9.497013175964355014e-01
