1.302999999999999992e-01
1.899000000000000132e-01
2.172999999999999932e-01
2.513000000000000234e-01
2.606999999999999873e-01
2.746000000000000107e-01
3.000999999999999779e-01
2.513000000000000234e-01
3.027000000000000246e-01
2.792000000000000037e-01
2.912000000000000144e-01
2.620000000000000107e-01
2.892000000000000126e-01
2.998000000000000109e-01
3.047000000000000264e-01
2.847000000000000086e-01
3.079000000000000070e-01
3.014999999999999902e-01
3.123000000000000220e-01
3.183000000000000274e-01
3.143000000000000238e-01
3.066999999999999726e-01
3.196999999999999842e-01
3.164000000000000146e-01
3.237999999999999767e-01
3.040999999999999814e-01
3.015999999999999792e-01
3.009999999999999898e-01
3.281000000000000028e-01
3.264000000000000234e-01
3.159000000000000141e-01
3.225000000000000089e-01
3.295000000000000151e-01
3.276000000000000023e-01
3.257999999999999785e-01
3.266000000000000014e-01
3.289000000000000257e-01
3.318999999999999728e-01
3.292999999999999816e-01
3.180999999999999939e-01
3.311999999999999944e-01
3.316000000000000059e-01
3.300000000000000155e-01
3.331000000000000072e-01
3.330000000000000182e-01
3.352999999999999869e-01
3.328999999999999737e-01
3.336999999999999966e-01
3.265000000000000124e-01
3.184000000000000163e-01
3.232999999999999763e-01
3.249000000000000221e-01
3.234000000000000208e-01
3.254000000000000226e-01
3.234000000000000208e-01
3.260000000000000120e-01
3.244000000000000217e-01
3.245999999999999996e-01
3.250000000000000111e-01
3.265000000000000124e-01
3.251999999999999891e-01
3.264000000000000234e-01
3.276999999999999913e-01
3.251999999999999891e-01
3.262999999999999790e-01
3.260000000000000120e-01
3.277999999999999803e-01
3.254000000000000226e-01
3.286000000000000032e-01
3.279000000000000248e-01
3.257999999999999785e-01
3.266000000000000014e-01
3.280000000000000138e-01
3.270000000000000129e-01
3.260000000000000120e-01
3.280000000000000138e-01
3.276000000000000023e-01
3.282999999999999807e-01
3.244000000000000217e-01
3.281999999999999917e-01
3.271999999999999909e-01
3.266000000000000014e-01
3.281000000000000028e-01
3.280000000000000138e-01
3.286999999999999922e-01
3.285000000000000142e-01
3.285000000000000142e-01
3.264000000000000234e-01
3.290000000000000147e-01
3.269000000000000239e-01
3.282999999999999807e-01
3.275000000000000133e-01
3.276000000000000023e-01
3.271000000000000019e-01
3.275000000000000133e-01
3.269000000000000239e-01
3.266000000000000014e-01
3.282999999999999807e-01
3.296000000000000041e-01
3.271999999999999909e-01
