1.433999999999999997e-01
1.794999999999999929e-01
2.099999999999999922e-01
2.504000000000000115e-01
2.499000000000000110e-01
2.511999999999999789e-01
2.843999999999999861e-01
3.371999999999999997e-01
2.978999999999999981e-01
3.099000000000000088e-01
3.029000000000000026e-01
2.937000000000000166e-01
3.623999999999999999e-01
3.387000000000000011e-01
3.306000000000000050e-01
3.629000000000000004e-01
3.471000000000000196e-01
3.201999999999999846e-01
3.174000000000000155e-01
3.524999999999999800e-01
3.215000000000000080e-01
3.768000000000000238e-01
3.435000000000000275e-01
3.402999999999999914e-01
3.431000000000000161e-01
3.710999999999999854e-01
3.548000000000000043e-01
3.512000000000000122e-01
3.675999999999999823e-01
3.104999999999999982e-01
3.437000000000000055e-01
2.980999999999999761e-01
3.602000000000000202e-01
3.503999999999999893e-01
3.563000000000000056e-01
3.659999999999999920e-01
3.698000000000000176e-01
3.599999999999999867e-01
3.565999999999999726e-01
3.612000000000000210e-01
3.684999999999999942e-01
3.680999999999999828e-01
3.639999999999999902e-01
3.638000000000000123e-01
3.620999999999999774e-01
3.634000000000000008e-01
3.628000000000000114e-01
3.634000000000000008e-01
3.607000000000000206e-01
3.675999999999999823e-01
3.649999999999999911e-01
3.623000000000000109e-01
3.623000000000000109e-01
3.650999999999999801e-01
3.625999999999999779e-01
3.635999999999999788e-01
3.612000000000000210e-01
3.613000000000000100e-01
3.644999999999999907e-01
3.623000000000000109e-01
3.635999999999999788e-01
3.612000000000000210e-01
3.680999999999999828e-01
3.617000000000000215e-01
3.638000000000000123e-01
3.622000000000000219e-01
3.613999999999999990e-01
3.639000000000000012e-01
3.633000000000000118e-01
3.627000000000000224e-01
3.613000000000000100e-01
3.623999999999999999e-01
3.632000000000000228e-01
3.633000000000000118e-01
3.635999999999999788e-01
3.645999999999999797e-01
3.599999999999999867e-01
3.613000000000000100e-01
3.623000000000000109e-01
3.617000000000000215e-01
3.657000000000000250e-01
3.640999999999999792e-01
3.614999999999999880e-01
3.633000000000000118e-01
3.608000000000000096e-01
3.648000000000000131e-01
3.634000000000000008e-01
3.608999999999999986e-01
3.608000000000000096e-01
3.614999999999999880e-01
3.635999999999999788e-01
3.627000000000000224e-01
3.619999999999999885e-01
3.619999999999999885e-01
3.608000000000000096e-01
3.618999999999999995e-01
3.608000000000000096e-01
3.624999999999999889e-01
3.634000000000000008e-01
3.608000000000000096e-01
