2.366746284103393716e+00
2.284853160476684408e+00
2.000545635986328286e+00
1.930735656547546419e+00
1.838761730957031215e+00
1.763280296516418488e+00
1.667584347724914595e+00
1.589541273117065501e+00
1.584705403137206980e+00
1.503514359092712471e+00
1.435980209922790518e+00
1.396563486289978062e+00
1.345792044448852476e+00
1.281564014244079619e+00
1.236568462371826271e+00
1.199468091964721594e+00
1.168981854438781776e+00
1.064330214118957452e+00
1.059408608818054098e+00
1.021483062171935963e+00
9.534654417037964347e-01
9.573856794357299416e-01
9.532962242126464814e-01
9.946217426300049125e-01
8.255402935981750456e-01
7.998858245849609361e-01
7.881309155464172322e-01
8.713106500625610318e-01
8.061144676208495952e-01
7.952284357070923404e-01
7.256036064147949327e-01
7.063084325790405238e-01
7.774046271324157598e-01
7.493398077964782411e-01
7.717571004867553874e-01
7.033470968246460231e-01
7.470014649391174544e-01
7.668346760749816804e-01
7.413134840965270866e-01
7.781299781799316806e-01
8.051183200836181664e-01
7.942278868675232140e-01
8.005995071411132757e-01
8.267628528594970216e-01
8.316028747558593670e-01
8.334993595123291188e-01
8.496849913597106507e-01
8.719075088500976012e-01
8.357175025939941326e-01
8.171201296806335224e-01
7.994294976234436190e-01
8.325560508728027109e-01
8.510866216659546124e-01
8.918483061790466460e-01
9.052661372184753752e-01
8.686560914993286531e-01
8.649751714706420680e-01
8.838170459747314300e-01
8.904260807037353009e-01
9.079428190231323414e-01
9.305318384170532253e-01
9.267464487075806057e-01
9.637519149780273686e-01
9.450999988555908171e-01
9.388143630981444776e-01
9.605301759719848675e-01
9.086084894180297411e-01
9.485213928222656632e-01
9.359246086120605046e-01
8.829463071823120401e-01
8.548008754730224146e-01
8.637454298019409116e-01
8.520340377807616994e-01
8.720716794967651175e-01
8.732095844268799034e-01
8.976731714248656901e-01
9.011804367065430199e-01
9.310757064819336071e-01
9.369251098632812580e-01
9.556878517150878549e-01
9.689428344726562781e-01
9.757071449279784980e-01
9.851884813308715572e-01
9.970327863693236869e-01
9.993554096221923810e-01
1.017192311859130838e+00
1.023808293151855509e+00
1.033030045890808157e+00
1.031253294181823765e+00
1.032413138198852609e+00
1.063962653732299701e+00
1.043321055793762220e+00
1.061155925750732365e+00
1.062824210357665944e+00
1.069094506263732924e+00
1.216677128219604498e+00
1.017318096923828019e+00
9.910173423767090206e-01
1.007478337478637798e+00
9.497012907028198336e-01
