1.883011992675781130e+02
1.943162823486328250e+01
2.389657250061035043e+01
9.177927319335937639e+00
8.336341818237304579e+00
9.093674057006836620e+00
8.282390158081055276e+00
1.049605461730956968e+01
8.368290089416504429e+00
9.826623649597168608e+00
1.107530287780761746e+01
1.099945787506103478e+01
1.039113223724365298e+01
1.367218583526611297e+01
1.163389219207763681e+01
1.260497867126464833e+01
1.311522096099853485e+01
1.393678238677978598e+01
1.305378075866699206e+01
1.419605941467285071e+01
1.454830553588867126e+01
1.271740443572998025e+01
1.350477821960449276e+01
1.356831863555908235e+01
1.348814497222900322e+01
1.344889676666259781e+01
1.378413396606445396e+01
1.378482085723876871e+01
1.102642328033447328e+01
1.353784028015136798e+01
1.283754710388183540e+01
1.257802360229492145e+01
1.257717494201660102e+01
1.246593988952636778e+01
1.281521447601318364e+01
1.279373610382079995e+01
1.238947502288818292e+01
1.305902193603515649e+01
1.240096676177978452e+01
1.264261304321289003e+01
1.305256170501708901e+01
1.271622127532958935e+01
1.213424753570556724e+01
1.288310521392822316e+01
1.234489078369140636e+01
1.196632408599853470e+01
1.207579865264892582e+01
1.209031738128662070e+01
1.183802899169921830e+01
1.192829353027343764e+01
1.223698759765625077e+01
1.214456346130371145e+01
1.201127706298828102e+01
1.218790160980224613e+01
1.218988316955566376e+01
1.209920149841308579e+01
1.204023013000488262e+01
1.213309270477294888e+01
1.200767271728515695e+01
1.215649458007812456e+01
1.196533979797363223e+01
1.184243566436767559e+01
1.202054528808593759e+01
1.203817301330566458e+01
1.194084194335937532e+01
1.195923011474609332e+01
1.192629946594238355e+01
1.211769967498779366e+01
1.190875520477294991e+01
1.192452427978515672e+01
1.184092219390869083e+01
1.198294163055419936e+01
1.190687872161865180e+01
1.173514105224609416e+01
1.179954230651855518e+01
1.182749125823974623e+01
1.187557102966308520e+01
1.186742488250732386e+01
1.186712295684814400e+01
1.186838840484619162e+01
1.182157489318847610e+01
1.183187732238769563e+01
1.184919662475585866e+01
1.192004390106201228e+01
1.188126367034912079e+01
1.185695246276855386e+01
1.179387836914062504e+01
1.181965071716308557e+01
1.186218299255371100e+01
1.181685386962890583e+01
1.195297869262695301e+01
1.179813241424560566e+01
1.189908084564208934e+01
1.194525287475585884e+01
1.183691623992919872e+01
1.186977555389404237e+01
1.188013011779785089e+01
1.180577943267822327e+01
1.193175075683593711e+01
1.183174402465820307e+01
