6.199999999999999956e-02
1.257999999999999952e-01
1.736999999999999933e-01
2.018999999999999961e-01
2.396000000000000074e-01
2.366999999999999937e-01
2.318999999999999950e-01
2.401999999999999968e-01
2.452000000000000013e-01
2.290999999999999981e-01
2.596999999999999864e-01
2.742999999999999883e-01
2.610000000000000098e-01
2.670000000000000151e-01
2.641999999999999904e-01
2.605999999999999983e-01
2.610000000000000098e-01
2.675000000000000155e-01
2.581999999999999851e-01
2.866000000000000214e-01
2.600000000000000089e-01
2.730000000000000204e-01
2.647999999999999798e-01
2.748999999999999777e-01
2.762000000000000011e-01
2.777000000000000024e-01
2.708999999999999742e-01
2.641000000000000014e-01
2.702999999999999847e-01
2.675000000000000155e-01
2.611999999999999877e-01
2.851000000000000201e-01
2.706000000000000072e-01
2.802000000000000046e-01
2.624000000000000221e-01
2.679000000000000270e-01
2.716999999999999971e-01
2.707999999999999852e-01
2.698999999999999733e-01
2.705000000000000182e-01
2.752000000000000002e-01
2.580000000000000071e-01
2.676999999999999935e-01
2.706999999999999962e-01
2.692999999999999838e-01
2.685000000000000164e-01
2.822000000000000064e-01
2.747999999999999887e-01
2.812999999999999945e-01
2.761000000000000121e-01
2.716000000000000081e-01
2.752999999999999892e-01
2.738999999999999768e-01
2.736000000000000099e-01
2.741000000000000103e-01
2.731999999999999984e-01
2.745000000000000218e-01
2.738999999999999768e-01
2.758999999999999786e-01
2.746000000000000107e-01
2.750000000000000222e-01
2.741999999999999993e-01
2.750000000000000222e-01
2.731000000000000094e-01
2.751000000000000112e-01
2.742999999999999883e-01
2.748999999999999777e-01
2.746999999999999997e-01
2.735000000000000209e-01
2.751000000000000112e-01
2.746000000000000107e-01
2.752000000000000002e-01
2.738999999999999768e-01
2.755000000000000226e-01
2.747999999999999887e-01
2.741000000000000103e-01
2.751000000000000112e-01
2.742999999999999883e-01
2.740000000000000213e-01
2.750000000000000222e-01
2.746000000000000107e-01
2.742999999999999883e-01
2.732999999999999874e-01
2.750000000000000222e-01
2.745000000000000218e-01
2.731999999999999984e-01
2.752000000000000002e-01
2.752000000000000002e-01
2.757000000000000006e-01
2.752999999999999892e-01
2.742999999999999883e-01
2.748999999999999777e-01
2.745000000000000218e-01
2.738999999999999768e-01
2.736000000000000099e-01
2.751000000000000112e-01
2.741000000000000103e-01
2.757999999999999896e-01
2.750000000000000222e-01
2.756000000000000116e-01
