2.366746259689330945e+00
2.284853068542480603e+00
2.000545758056640810e+00
1.930735693550109877e+00
1.838761733436584445e+00
1.763280244445800671e+00
1.667584399414062446e+00
1.589541239356994540e+00
1.584705324172973606e+00
1.503514414024353041e+00
1.435980255508422898e+00
1.396563416290283133e+00
1.345792045211791965e+00
1.281564078521728600e+00
1.236568358230590858e+00
1.199467984962463429e+00
1.168981832504272456e+00
1.064330223083496119e+00
1.059408651924133249e+00
1.021483092689514205e+00
9.534653827667236570e-01
9.573854597091674412e-01
9.532959060668945162e-01
9.946220905303955195e-01
8.255402767181396761e-01
7.998857490539550419e-01
7.881310015678405501e-01
8.713106662750244036e-01
8.061143969535827791e-01
7.952284109115600463e-01
7.256036764144897511e-01
7.063083643913269372e-01
7.774044729232788553e-01
7.493397711753845281e-01
7.717573702812194902e-01
7.033471799850463668e-01
7.470017320632934554e-01
7.668347238540649258e-01
7.413134399414063047e-01
7.781299216270446406e-01
8.051183013916015652e-01
7.942278556823730851e-01
8.005996866226195996e-01
8.267627286911011231e-01
8.316028164863586980e-01
8.334990869522094226e-01
8.496850193977355525e-01
8.719074596405029798e-01
8.357174458503723313e-01
8.171201128005981529e-01
7.994295298576354902e-01
8.325557621002197539e-01
8.510866726875304655e-01
8.918482049942016987e-01
9.052655701637267738e-01
8.686559816360474029e-01
8.649749076843261664e-01
8.838173646926880123e-01
8.904258773803710447e-01
9.079428146362304997e-01
9.305321544647217058e-01
9.267465852737426513e-01
9.637519636154174840e-01
9.451004201889038336e-01
9.388141323089599366e-01
9.605300361633301032e-01
9.086087366104126373e-01
9.485211976051330929e-01
9.359250762939452795e-01
8.829465567588805630e-01
8.548008875846863086e-01
8.637454406738280799e-01
8.520339693069457487e-01
8.720712429046630909e-01
8.732095169067383145e-01
8.976734813690185888e-01
9.011802413940429579e-01
9.310755142211913915e-01
9.369250200271606044e-01
9.556880954742431600e-01
9.689428878784179799e-01
9.757071573257446451e-01
9.851884416580199977e-01
9.970326383590698560e-01
9.993553318023681298e-01
1.017192609024047956e+00
1.023808109283447232e+00
1.033030234336852926e+00
1.031253280067443878e+00
1.032413309860229500e+00
1.063963055610656738e+00
1.043320904541015670e+00
1.061155688667297259e+00
1.062824339294433651e+00
1.069094787025451687e+00
1.216677064323425261e+00
1.017318178558349606e+00
9.910176753997802512e-01
1.007478245735168532e+00
9.497012331008911623e-01
