2.227627038879394661e+01
8.110634228515625210e+00
6.738924470520019305e+00
7.143282552337646862e+00
7.844013751220702879e+00
7.735563926696777060e+00
8.001347720336914549e+00
8.931408459472656602e+00
1.016517059783935473e+01
1.068428988800048884e+01
9.024710725402831812e+00
9.365642808532715691e+00
1.025815959472656225e+01
9.652119261169433528e+00
9.004359365844726071e+00
9.904109480285644196e+00
1.009253117370605501e+01
9.976131338500977108e+00
9.563136732482909963e+00
9.532604794311524188e+00
9.881496697998047196e+00
1.003668863983154225e+01
9.740669036865234887e+00
9.793630821228028083e+00
9.611857286071776585e+00
9.546233819580077551e+00
9.443849833679198724e+00
9.442296965026855560e+00
9.332766456604003835e+00
9.228736737060547313e+00
9.116174136352539037e+00
8.983043853759765440e+00
8.914537556457519329e+00
8.882456341552734003e+00
8.822876000976561883e+00
8.648841085815430318e+00
8.649206025695800548e+00
8.428106863403320048e+00
8.446404507446288790e+00
8.584688525390625102e+00
8.410733882141112616e+00
8.368456385803222375e+00
8.231647381591796986e+00
8.207292912292480480e+00
8.193767228698730420e+00
8.052978479003906287e+00
7.893198170471191766e+00
7.889443699645996233e+00
7.837486875915526952e+00
7.757501109313964527e+00
7.681251957702636801e+00
7.696258547973632957e+00
7.664445852661132541e+00
7.708689758300780959e+00
7.733310554504394752e+00
7.716474913024902627e+00
7.627032815551757494e+00
7.703370985412597349e+00
7.620148689270019204e+00
7.696072192382812815e+00
7.704472471618652563e+00
7.662189660644531664e+00
7.702778733825683233e+00
7.611454067993164152e+00
7.632185351562499775e+00
7.614122741699218544e+00
7.655144142150878572e+00
7.641583082580566177e+00
7.647484931945800923e+00
7.596504608154297067e+00
7.659414520263672088e+00
7.590495222473144565e+00
7.587428376770019689e+00
7.599718531799316779e+00
7.570598065185547121e+00
7.631080389404297115e+00
7.599434376525878498e+00
7.592802734374999751e+00
7.553436473846435462e+00
7.621435183715820294e+00
7.569732836914062624e+00
7.555211572265625009e+00
7.607369381713867007e+00
7.562868632507324662e+00
7.626238047790526942e+00
7.621527064514159733e+00
7.516876320648193222e+00
7.632109992980956825e+00
7.646012030029297080e+00
7.623002551269530969e+00
7.555252734375000223e+00
7.535774969482422314e+00
7.602855903625488132e+00
7.562999994659423741e+00
7.627876976013183707e+00
7.558778912353515622e+00
7.647687886047362937e+00
7.649874430847168227e+00
7.607709512329101642e+00
7.538828416442870939e+00
