1.464999999999999913e-01
2.222000000000000086e-01
2.897000000000000131e-01
3.225000000000000089e-01
3.230999999999999983e-01
3.309000000000000274e-01
3.100999999999999868e-01
2.849999999999999756e-01
3.044999999999999929e-01
3.770999999999999908e-01
4.290999999999999814e-01
3.835000000000000075e-01
2.565999999999999948e-01
3.628000000000000114e-01
3.935000000000000164e-01
3.809000000000000163e-01
3.780999999999999917e-01
3.669999999999999929e-01
4.385999999999999899e-01
4.224999999999999867e-01
3.872999999999999776e-01
4.047000000000000042e-01
4.233000000000000096e-01
4.210999999999999743e-01
4.243000000000000105e-01
4.285999999999999810e-01
4.358000000000000207e-01
4.315999999999999837e-01
4.450000000000000067e-01
4.460000000000000075e-01
4.502999999999999781e-01
4.544000000000000261e-01
4.495999999999999996e-01
4.264999999999999902e-01
4.383000000000000229e-01
4.454000000000000181e-01
4.339999999999999969e-01
4.338000000000000189e-01
4.480999999999999983e-01
4.355999999999999872e-01
4.440999999999999948e-01
4.459000000000000186e-01
4.456999999999999851e-01
4.436999999999999833e-01
4.459000000000000186e-01
4.471999999999999864e-01
4.449000000000000177e-01
4.480999999999999983e-01
4.418000000000000260e-01
4.429000000000000159e-01
4.477999999999999758e-01
4.437999999999999723e-01
4.472999999999999754e-01
4.434000000000000163e-01
4.491999999999999882e-01
4.450999999999999956e-01
4.479000000000000203e-01
4.434000000000000163e-01
4.464000000000000190e-01
4.505000000000000115e-01
4.476999999999999869e-01
4.480000000000000093e-01
4.487999999999999767e-01
4.490999999999999992e-01
4.475999999999999979e-01
4.494000000000000217e-01
4.450999999999999956e-01
4.480999999999999983e-01
4.470000000000000084e-01
4.449000000000000177e-01
4.456999999999999851e-01
4.511000000000000010e-01
4.465999999999999970e-01
4.501999999999999891e-01
4.434000000000000163e-01
4.477999999999999758e-01
4.479000000000000203e-01
4.460999999999999965e-01
4.480999999999999983e-01
4.487999999999999767e-01
4.471999999999999864e-01
4.451999999999999846e-01
4.480999999999999983e-01
4.490999999999999992e-01
4.485000000000000098e-01
4.504000000000000226e-01
4.465999999999999970e-01
4.469000000000000195e-01
4.485999999999999988e-01
4.471999999999999864e-01
4.489000000000000212e-01
4.470000000000000084e-01
4.456999999999999851e-01
4.462999999999999745e-01
4.470999999999999974e-01
4.482999999999999763e-01
4.490000000000000102e-01
4.481999999999999873e-01
4.475999999999999979e-01
4.495000000000000107e-01
