2.366746284103393716e+00
2.284853117370605258e+00
2.000545648193359227e+00
1.930735675239563021e+00
1.838761718368530307e+00
1.763280281066894606e+00
1.667584346961975106e+00
1.589541242599487259e+00
1.584705393791198791e+00
1.503514365577697687e+00
1.435980190849304172e+00
1.396563456153869565e+00
1.345792041587829502e+00
1.281564140319824130e+00
1.236568394851684571e+00
1.199467908477783284e+00
1.168981838607788148e+00
1.064330205154419007e+00
1.059408523750305253e+00
1.021483276176452737e+00
9.534655755996703785e-01
9.573856088638306172e-01
9.532958240509032954e-01
9.946220146179198807e-01
8.255402964591980197e-01
7.998857108116149695e-01
7.881309961318969659e-01
8.713110965728759760e-01
8.061145642280578283e-01
7.952284416198730499e-01
7.256034792900085684e-01
7.063082252502441705e-01
7.774048171997069989e-01
7.493398952484130460e-01
7.717573948860168009e-01
7.033470831871032614e-01
7.470018042564392502e-01
7.668346570968628262e-01
7.413132957458495875e-01
7.781298655509948370e-01
8.051183098793029957e-01
7.942278163909911592e-01
8.005997575759887797e-01
8.267624631881713704e-01
8.316027316093445032e-01
8.334994003295898013e-01
8.496849399566650529e-01
8.719074678421020463e-01
8.357178819656372326e-01
8.171199928283691127e-01
7.994297250747680605e-01
8.325561374664306458e-01
8.510869773864746524e-01
8.918482994079589554e-01
9.052660091400146491e-01
8.686556972503661767e-01
8.649748046874999874e-01
8.838171447753906396e-01
8.904259090423584100e-01
9.079429153442383216e-01
9.305320941925049327e-01
9.267465372085571529e-01
9.637519336700439698e-01
9.451003023147582782e-01
9.388141752243042149e-01
9.605301586151122617e-01
9.086086931228637420e-01
9.485211677551269593e-01
9.359245452880858851e-01
8.829466990470886678e-01
8.548010615348815566e-01
8.637453079223632590e-01
8.520338516235351767e-01
8.720716128349303986e-01
8.732096054077148617e-01
8.976736253738403226e-01
9.011801504135131813e-01
9.310753675460815559e-01
9.369248556137085293e-01
9.556877475738525529e-01
9.689427524566650574e-01
9.757070234298705902e-01
9.851882644653320309e-01
9.970325029373169334e-01
9.993554233551025234e-01
1.017192667198181244e+00
1.023808107185363747e+00
1.033030015373229915e+00
1.031253073883056537e+00
1.032413409996032705e+00
1.063963070106506370e+00
1.043321018218994034e+00
1.061155383872985913e+00
1.062824268531799232e+00
1.069094737434387099e+00
1.216677270507812603e+00
1.017318303298950122e+00
9.910173992156982026e-01
1.007478163146972694e+00
9.497009717941283791e-01
