1.716000000000000025e-01
1.797999999999999876e-01
2.260999999999999954e-01
2.842000000000000082e-01
2.669000000000000261e-01
2.871000000000000218e-01
2.788999999999999813e-01
2.635000000000000120e-01
3.084999999999999964e-01
2.642999999999999794e-01
3.104000000000000092e-01
3.244000000000000217e-01
3.390000000000000235e-01
2.911000000000000254e-01
3.099999999999999978e-01
2.968000000000000083e-01
3.260000000000000120e-01
3.316999999999999948e-01
3.059000000000000052e-01
3.502000000000000113e-01
3.289000000000000257e-01
3.175999999999999934e-01
3.672000000000000264e-01
3.395000000000000240e-01
3.311999999999999944e-01
3.325000000000000178e-01
3.373999999999999777e-01
3.599999999999999867e-01
3.441000000000000170e-01
3.624999999999999889e-01
3.639999999999999902e-01
3.644000000000000017e-01
3.588999999999999968e-01
3.604999999999999871e-01
3.583999999999999964e-01
3.635999999999999788e-01
3.669000000000000039e-01
3.587000000000000188e-01
3.603000000000000091e-01
3.634000000000000008e-01
3.652000000000000246e-01
3.605999999999999761e-01
3.614999999999999880e-01
3.620999999999999774e-01
3.650999999999999801e-01
3.624999999999999889e-01
3.635999999999999788e-01
3.649999999999999911e-01
3.615999999999999770e-01
3.618999999999999995e-01
3.629000000000000004e-01
3.607000000000000206e-01
3.618999999999999995e-01
3.644999999999999907e-01
3.648000000000000131e-01
3.642000000000000237e-01
3.657000000000000250e-01
3.629000000000000004e-01
3.618000000000000105e-01
3.635999999999999788e-01
3.639000000000000012e-01
3.629000000000000004e-01
3.634999999999999898e-01
3.648000000000000131e-01
3.672000000000000264e-01
3.629000000000000004e-01
3.639999999999999902e-01
3.634000000000000008e-01
3.644000000000000017e-01
3.634000000000000008e-01
3.642000000000000237e-01
3.629999999999999893e-01
3.627000000000000224e-01
3.634999999999999898e-01
3.638000000000000123e-01
3.618999999999999995e-01
3.614999999999999880e-01
3.639000000000000012e-01
3.627000000000000224e-01
3.634999999999999898e-01
3.622000000000000219e-01
3.639000000000000012e-01
3.647000000000000242e-01
3.628000000000000114e-01
3.623999999999999999e-01
3.620999999999999774e-01
3.627000000000000224e-01
3.654000000000000026e-01
3.642000000000000237e-01
3.645999999999999797e-01
3.647000000000000242e-01
3.634000000000000008e-01
3.629000000000000004e-01
3.640999999999999792e-01
3.619999999999999885e-01
3.674999999999999933e-01
3.640999999999999792e-01
3.655999999999999805e-01
3.660999999999999810e-01
3.640999999999999792e-01
