6.562200588378905763e+01
5.370229388427734563e+00
5.241239130401611490e+00
5.294056189727783135e+00
5.679138242340087572e+00
6.267432273101806395e+00
5.609661333465576050e+00
5.816262823486328060e+00
5.718547770690918242e+00
6.530205505371093899e+00
5.224399171447753787e+00
6.166925934600830495e+00
5.957714601898193685e+00
7.256580267333984757e+00
7.882984796142578077e+00
7.625417623901367570e+00
6.875826844787598091e+00
7.995228042602539276e+00
8.417806120300292960e+00
7.854710366821288758e+00
7.730803947448730895e+00
7.800594285583495768e+00
7.106702273559569960e+00
7.274316018676757700e+00
8.659173840332030636e+00
8.370646569824218730e+00
8.219724209594726716e+00
8.005606333923338980e+00
8.739625743103028199e+00
7.699326568603515497e+00
7.747060827636718550e+00
7.740699809265136899e+00
7.822869139099121405e+00
7.801732539367676189e+00
7.712733523559569981e+00
7.568551284790038913e+00
7.418339360046386943e+00
7.532610534667968594e+00
7.351547985839843591e+00
7.365867028808593453e+00
7.197173091888427798e+00
7.240630764770507710e+00
7.209277829742431365e+00
7.088745045471191553e+00
7.055132147979736423e+00
6.948112940979004115e+00
6.942014677429199310e+00
6.830078227233887134e+00
6.830981082153320116e+00
6.760127899932861339e+00
6.760889400482177791e+00
6.799730917358398408e+00
6.777076632690429925e+00
6.761503540802001666e+00
6.653824655914307051e+00
6.691868835449218622e+00
6.635021235656738625e+00
6.745460931396483950e+00
6.722646800231933284e+00
6.708738024902343611e+00
6.678095284271240217e+00
6.689916190338134783e+00
6.726963602447510127e+00
6.700856039428710886e+00
6.657161627197266007e+00
6.746076212310790687e+00
6.705020020294189642e+00
6.718347990417480098e+00
6.653758003234862883e+00
6.650726697540283006e+00
6.668090628051757562e+00
6.642945333099365079e+00
6.706812861633300926e+00
6.607384778594970420e+00
6.625246806335448824e+00
6.674200214385986207e+00
6.701079728698730698e+00
6.685847525024414040e+00
6.676556873321533025e+00
6.622080704498291226e+00
6.681974057769775044e+00
6.606561911773681572e+00
6.556967263793945122e+00
6.632764186859130717e+00
6.611843713378906529e+00
6.677757168579101510e+00
6.621881304931640955e+00
6.585438365173339470e+00
6.557484729003906665e+00
6.590725302886962567e+00
6.626383258056640635e+00
6.609459712219238448e+00
6.635514919281005675e+00
6.601143592834472607e+00
6.666313332366943456e+00
6.595568701171875325e+00
6.619562683868408293e+00
6.549584080505370665e+00
6.601531206512451178e+00
6.622606205749511865e+00
