7.270000000000000073e-02
1.963999999999999913e-01
2.112999999999999878e-01
2.273999999999999910e-01
2.770000000000000240e-01
2.548000000000000265e-01
2.767000000000000015e-01
2.650000000000000133e-01
3.150999999999999912e-01
3.054000000000000048e-01
3.171999999999999820e-01
3.185999999999999943e-01
2.963000000000000078e-01
3.180999999999999939e-01
3.170999999999999930e-01
3.114999999999999991e-01
3.135000000000000009e-01
3.350000000000000200e-01
3.294000000000000261e-01
3.190000000000000058e-01
3.285000000000000142e-01
3.333999999999999742e-01
3.356999999999999984e-01
3.426000000000000156e-01
3.481000000000000205e-01
3.361000000000000099e-01
3.425000000000000266e-01
3.432000000000000051e-01
3.444999999999999729e-01
3.497999999999999998e-01
3.436000000000000165e-01
3.526000000000000245e-01
3.568000000000000060e-01
3.575999999999999734e-01
3.578999999999999959e-01
3.615999999999999770e-01
3.561000000000000276e-01
3.553000000000000047e-01
3.528000000000000025e-01
3.543000000000000038e-01
3.568999999999999950e-01
3.598999999999999977e-01
3.588999999999999968e-01
3.568999999999999950e-01
3.589999999999999858e-01
3.595999999999999752e-01
3.583999999999999964e-01
3.574999999999999845e-01
3.587000000000000188e-01
3.593999999999999972e-01
3.602000000000000202e-01
3.598999999999999977e-01
3.612000000000000210e-01
3.600999999999999757e-01
3.594999999999999862e-01
3.610999999999999766e-01
3.600999999999999757e-01
3.608999999999999986e-01
3.595999999999999752e-01
3.602000000000000202e-01
3.600999999999999757e-01
3.607000000000000206e-01
3.593000000000000083e-01
3.607000000000000206e-01
3.593999999999999972e-01
3.594999999999999862e-01
3.602000000000000202e-01
3.613000000000000100e-01
3.618000000000000105e-01
3.597000000000000197e-01
3.594999999999999862e-01
3.595999999999999752e-01
3.598000000000000087e-01
3.599999999999999867e-01
3.600999999999999757e-01
3.593999999999999972e-01
3.597000000000000197e-01
3.610999999999999766e-01
3.628000000000000114e-01
3.603999999999999981e-01
3.605999999999999761e-01
3.593000000000000083e-01
3.588999999999999968e-01
3.592000000000000193e-01
3.613999999999999990e-01
3.617000000000000215e-01
3.607000000000000206e-01
3.603000000000000091e-01
3.613999999999999990e-01
3.608999999999999986e-01
3.609999999999999876e-01
3.598999999999999977e-01
3.604999999999999871e-01
3.612000000000000210e-01
3.607000000000000206e-01
3.608999999999999986e-01
3.602000000000000202e-01
3.599999999999999867e-01
3.608000000000000096e-01
3.622000000000000219e-01
