7.554116305541992205e+00
2.518517358779907234e+00
1.918011870193481405e+00
2.112440089797973819e+00
1.778136563491821365e+00
1.817295055007934534e+00
1.668987571716308516e+00
1.730594664382934633e+00
1.613620792388916092e+00
1.719277766036987343e+00
1.600158949470519953e+00
1.645617602539062529e+00
1.635802973365783730e+00
1.755450634956359890e+00
1.878470605468750110e+00
2.040476908493042085e+00
1.869692581939697229e+00
2.464224197769165237e+00
2.363257857513427762e+00
2.411720827484130858e+00
2.507897673416137785e+00
2.538958021926879915e+00
2.440964575958251892e+00
2.507339427566528389e+00
2.440559914779663053e+00
2.618123191070556466e+00
2.763478466033935543e+00
2.561692420959472472e+00
2.620590672683715816e+00
2.602588815689086843e+00
2.523377056503295801e+00
2.498790836334228604e+00
2.626643743515014506e+00
2.447857365036010702e+00
2.451915152359008587e+00
2.517235170745849793e+00
2.542124965286254756e+00
2.516688699340820179e+00
2.593001845932006777e+00
2.515999142456054827e+00
2.456964621734619048e+00
2.434429201889038108e+00
2.405600778198242029e+00
2.417622054672241116e+00
2.405835465621948277e+00
2.386134865188598742e+00
2.361226105880737336e+00
2.347939165878295764e+00
2.341334918594360381e+00
2.328335295104980496e+00
2.327513062667846633e+00
2.333651787185668791e+00
2.327236880111694273e+00
2.333564754486083803e+00
2.334396709823608251e+00
2.325029912948608501e+00
2.315789089202880735e+00
2.332420173645019634e+00
2.323073009490966623e+00
2.322676995468139438e+00
2.325613484191894731e+00
2.326370165634155107e+00
2.326244630813598668e+00
2.317258802413940444e+00
2.318727757644653220e+00
2.321672557449340868e+00
2.316814644241333099e+00
2.310584815597534369e+00
2.305907384872436516e+00
2.312799120330810698e+00
2.312806783294677704e+00
2.304278415298461891e+00
2.308848715972900312e+00
2.310131593704223718e+00
2.309698129272460765e+00
2.304745661926269396e+00
2.308117294311523349e+00
2.310566818618774221e+00
2.311139151000976444e+00
2.303018210983276415e+00
2.297337495803832841e+00
2.303734914016723589e+00
2.314173408508300778e+00
2.310136268997192488e+00
2.312339908599853722e+00
2.305480229187011787e+00
2.319396648025512597e+00
2.308202281188964644e+00
2.310883684158325124e+00
2.300427552032470846e+00
2.302579329681396558e+00
2.309018968200683641e+00
2.298995560836791796e+00
2.303751406860351736e+00
2.303921054077148423e+00
2.302079865646362133e+00
2.298219760894775199e+00
2.301037466049194347e+00
2.297669890213012600e+00
2.310450187301635872e+00
