1.102801943359374981e+01
2.073297731018066248e+00
1.928601612472534255e+00
1.959809337425231890e+00
1.719662942123413085e+00
1.876670037078857378e+00
1.683869544601440449e+00
1.755106028747558611e+00
1.596833814620971737e+00
1.550002711296081470e+00
1.579647626495361390e+00
1.638872962188720805e+00
1.546596810531616129e+00
1.630957057189941439e+00
1.640233738327026458e+00
2.085096609497070208e+00
1.801149435615539529e+00
2.164626150512695357e+00
2.265905675888061577e+00
2.183655024719238114e+00
2.230666102218628044e+00
2.503172437286377061e+00
2.583254202270507616e+00
2.755345693588256761e+00
3.602652027130126999e+00
2.841923357009887852e+00
2.517157167816161945e+00
2.879170584487915185e+00
2.792587911987304494e+00
2.779526206207275418e+00
2.904259188842773565e+00
2.793710412597656401e+00
2.756054851913452008e+00
2.883857384109496991e+00
2.737967950057983213e+00
2.889541500854492018e+00
2.593555630493164177e+00
2.786142781448364136e+00
2.669876792907714957e+00
2.649713852691650384e+00
2.624729940795898386e+00
2.632260904693603631e+00
2.615621835708618281e+00
2.713427691268921027e+00
2.611167797088623121e+00
2.555307450485229559e+00
2.681967193984985176e+00
2.639937493896484355e+00
2.521831327056884842e+00
2.521212196731567268e+00
2.515070738601684397e+00
2.510090371322631686e+00
2.500751283264160296e+00
2.488699854660034294e+00
2.483328842926025182e+00
2.492784450912475691e+00
2.485106749725341846e+00
2.483351065444946215e+00
2.491084247970581256e+00
2.486953527450561641e+00
2.464578876495361115e+00
2.481228737640380988e+00
2.464991442108154462e+00
2.477316333389282033e+00
2.474342067337035989e+00
2.475124396896362100e+00
2.471964746475219687e+00
2.479651288986206126e+00
2.456618091201782317e+00
2.453762825012207216e+00
2.448189919662475678e+00
2.463680432891845573e+00
2.453569255447387576e+00
2.461751829528808777e+00
2.446223539733886732e+00
2.452677243804931795e+00
2.444898994064331088e+00
2.442217945861816286e+00
2.444180679321289240e+00
2.453169143676757979e+00
2.450139975738525600e+00
2.445745151901244974e+00
2.438944750595092970e+00
2.447943931579589893e+00
2.452384412002563518e+00
2.447556822586059777e+00
2.456386002349853381e+00
2.446820164108276519e+00
2.450989896774292021e+00
2.456418284225463822e+00
2.442194185638427939e+00
2.436494675827026501e+00
2.455924069976806567e+00
2.439044144058227559e+00
2.452669405364990229e+00
2.452638180541992341e+00
2.454852972412109313e+00
2.436288156890868972e+00
2.445111647033691327e+00
2.453864633560180586e+00
