1.335999999999999965e-01
2.605000000000000093e-01
2.838999999999999857e-01
2.958999999999999964e-01
3.638000000000000123e-01
3.257999999999999785e-01
3.897999999999999798e-01
3.687000000000000277e-01
4.077000000000000068e-01
4.290999999999999814e-01
4.410999999999999921e-01
4.249999999999999889e-01
4.500000000000000111e-01
4.521000000000000019e-01
4.516000000000000014e-01
3.927999999999999825e-01
4.683999999999999830e-01
4.434000000000000163e-01
4.243999999999999995e-01
4.803000000000000047e-01
4.714999999999999747e-01
4.603999999999999759e-01
4.746000000000000218e-01
4.551000000000000045e-01
4.267000000000000237e-01
4.635000000000000231e-01
4.941999999999999726e-01
4.899999999999999911e-01
4.899999999999999911e-01
4.943000000000000171e-01
4.961999999999999744e-01
5.109000000000000208e-01
5.031999999999999806e-01
4.959999999999999964e-01
5.215999999999999526e-01
4.892000000000000237e-01
5.154999999999999583e-01
5.094999999999999529e-01
5.232999999999999874e-01
5.210000000000000187e-01
5.231000000000000094e-01
5.215999999999999526e-01
5.259000000000000341e-01
5.110000000000000098e-01
5.241999999999999993e-01
5.100000000000000089e-01
5.142999999999999794e-01
5.135999999999999455e-01
5.151000000000000023e-01
5.149000000000000243e-01
5.192999999999999838e-01
5.205999999999999517e-01
5.199000000000000288e-01
5.209000000000000297e-01
5.202999999999999847e-01
5.211000000000000076e-01
5.211000000000000076e-01
5.199000000000000288e-01
5.220000000000000195e-01
5.198000000000000398e-01
5.219000000000000306e-01
5.211000000000000076e-01
5.218000000000000416e-01
5.217000000000000526e-01
5.240000000000000213e-01
5.227000000000000535e-01
5.233999999999999764e-01
5.250000000000000222e-01
5.247000000000000552e-01
5.241000000000000103e-01
5.245999999999999552e-01
5.239000000000000323e-01
5.242999999999999883e-01
5.241000000000000103e-01
5.252999999999999892e-01
5.256999999999999451e-01
5.251000000000000112e-01
5.252000000000000002e-01
5.241999999999999993e-01
5.245999999999999552e-01
5.262999999999999901e-01
5.248000000000000442e-01
5.263999999999999790e-01
5.241000000000000103e-01
5.245999999999999552e-01
5.263999999999999790e-01
5.258000000000000451e-01
5.254999999999999671e-01
5.244999999999999662e-01
5.259000000000000341e-01
5.248000000000000442e-01
5.262000000000000011e-01
5.251000000000000112e-01
5.244999999999999662e-01
5.252000000000000002e-01
5.245999999999999552e-01
5.250000000000000222e-01
5.259000000000000341e-01
5.263999999999999790e-01
5.248000000000000442e-01
