1.010990612030029290e+01
2.363812480163574037e+00
2.061872217559814313e+00
1.791195700454711881e+00
1.788849687767028795e+00
1.836840215682983501e+00
1.920306884002685566e+00
1.631774339866638224e+00
1.822594062805175774e+00
1.636853978157043477e+00
1.557924998474121026e+00
2.257090383148193435e+00
1.729889623451232872e+00
1.839083802413940427e+00
1.863007818984985242e+00
1.975000005340576070e+00
2.087702901077270301e+00
2.344657048416137535e+00
2.778756383895874205e+00
2.462436880111694482e+00
2.790319364547729553e+00
2.687486151123046785e+00
2.823464498519897337e+00
2.946530340576171803e+00
3.212320988082885798e+00
3.359200213241577249e+00
2.962859959411621169e+00
2.840741394805908371e+00
2.876457445144653402e+00
3.288202865600585945e+00
2.939570693206787322e+00
3.006711578369140714e+00
2.734793062973022604e+00
2.931211318969726420e+00
2.803945455551147603e+00
2.804250519943237485e+00
2.737601125335693553e+00
2.705044887161254685e+00
2.711336301422119011e+00
2.674949878692626903e+00
2.652247589111328185e+00
2.636983863830566488e+00
2.612402383041381615e+00
2.602916145324706942e+00
2.589328942871093719e+00
2.566968320083617972e+00
2.551432750701904340e+00
2.523511413192748964e+00
2.508725390624999996e+00
2.500712662124633834e+00
2.521955563354492114e+00
2.523161526870727478e+00
2.507109531402587965e+00
2.510555591201782288e+00
2.514597952651977497e+00
2.513265549850463909e+00
2.494994219589233619e+00
2.505771433258056735e+00
2.503332626342773537e+00
2.507312414169311499e+00
2.502206933212280493e+00
2.491957582473754762e+00
2.502134218597412030e+00
2.498105936050415199e+00
2.496577382278442503e+00
2.493335482788086033e+00
2.482321245193481296e+00
2.491205767822265660e+00
2.485790168762207042e+00
2.480742970275878978e+00
2.481420864105224666e+00
2.480678005218505788e+00
2.489792660903930699e+00
2.496394387817382654e+00
2.489647679138183634e+00
2.480976799774170072e+00
2.490210199737548979e+00
2.483274921035766525e+00
2.479503738021850534e+00
2.486282341766357540e+00
2.490953158569336079e+00
2.501366834640502912e+00
2.489166366577148626e+00
2.488076455688476685e+00
2.485464073562622112e+00
2.480834050369262744e+00
2.490176585388183650e+00
2.478318865966796736e+00
2.482886008453369264e+00
2.481007669448852759e+00
2.483143517684936352e+00
2.480207265853881626e+00
2.487905304336547996e+00
2.492663580322265648e+00
2.476745682907104396e+00
2.486859836959838699e+00
2.489345906829834032e+00
2.475780930328369323e+00
2.486558042907714761e+00
2.485208175277709763e+00
