1.756000000000000061e-01
2.174000000000000099e-01
2.571999999999999842e-01
3.286000000000000032e-01
3.513999999999999901e-01
3.437999999999999945e-01
3.219000000000000195e-01
3.936999999999999944e-01
3.556000000000000272e-01
4.131000000000000227e-01
4.380000000000000004e-01
3.135999999999999899e-01
4.200999999999999734e-01
4.082000000000000073e-01
4.364999999999999991e-01
4.257000000000000228e-01
4.302000000000000268e-01
4.425999999999999934e-01
4.208000000000000074e-01
4.436999999999999833e-01
4.003999999999999782e-01
4.466999999999999860e-01
4.660000000000000253e-01
4.338000000000000189e-01
4.737000000000000099e-01
4.340999999999999859e-01
4.697000000000000064e-01
4.699999999999999734e-01
4.726000000000000201e-01
4.583999999999999742e-01
4.853000000000000091e-01
4.799999999999999822e-01
5.000999999999999890e-01
4.863999999999999990e-01
4.979000000000000092e-01
4.979000000000000092e-01
5.097000000000000419e-01
5.127000000000000446e-01
5.099000000000000199e-01
5.125999999999999446e-01
5.132999999999999785e-01
5.147000000000000464e-01
5.120999999999999996e-01
5.114999999999999547e-01
5.155999999999999472e-01
5.133999999999999675e-01
5.129000000000000226e-01
5.147000000000000464e-01
5.173999999999999710e-01
5.152999999999999803e-01
5.124999999999999556e-01
5.140000000000000124e-01
5.158000000000000362e-01
5.158000000000000362e-01
5.139000000000000234e-01
5.154999999999999583e-01
5.173999999999999710e-01
5.164999999999999591e-01
5.161999999999999922e-01
5.160000000000000142e-01
5.157000000000000473e-01
5.171999999999999931e-01
5.164999999999999591e-01
5.165999999999999481e-01
5.161000000000000032e-01
5.165999999999999481e-01
5.164999999999999591e-01
5.129000000000000226e-01
5.164999999999999591e-01
5.163999999999999702e-01
5.170000000000000151e-01
5.171000000000000041e-01
5.118000000000000327e-01
5.127000000000000446e-01
5.141999999999999904e-01
5.150000000000000133e-01
5.162999999999999812e-01
5.130000000000000115e-01
5.152999999999999803e-01
5.142999999999999794e-01
5.127000000000000446e-01
5.116000000000000547e-01
5.135999999999999455e-01
5.125999999999999446e-01
5.124999999999999556e-01
5.148000000000000353e-01
5.165999999999999481e-01
5.141000000000000014e-01
5.131999999999999895e-01
5.147000000000000464e-01
5.141000000000000014e-01
5.137000000000000455e-01
5.142999999999999794e-01
5.128000000000000336e-01
5.131999999999999895e-01
5.147000000000000464e-01
5.145999999999999464e-01
5.159000000000000252e-01
5.117000000000000437e-01
5.139000000000000234e-01
