9.976685881347655993e+01
2.154943846893310422e+00
1.956380931854247995e+00
1.952107221984863195e+00
1.771894116210937398e+00
1.794822723960876498e+00
1.799225341224670371e+00
1.766511824226379312e+00
1.598521055030822646e+00
1.653758379173278836e+00
1.593265717315673902e+00
1.872075831031799309e+00
1.721418793487548893e+00
1.954569049835205075e+00
1.638991853523254383e+00
1.875489175033569378e+00
1.899439287567138646e+00
1.831360607719421330e+00
2.090635302734375145e+00
2.171754724884033205e+00
2.154956990814208773e+00
2.479261205291748205e+00
3.090493817901611262e+00
2.763430149078369258e+00
2.624290415573120150e+00
2.879708255767822411e+00
2.835118021392822207e+00
2.943479109573364116e+00
3.187104129409790154e+00
2.798436254501342813e+00
2.959009756088256893e+00
3.220584362030029180e+00
3.149814030075073212e+00
2.958413684082031203e+00
3.029702487182617254e+00
2.991443591690063464e+00
3.048083110046386768e+00
3.054969032669067275e+00
2.926242391967773582e+00
2.898597135925292889e+00
2.935426919555664149e+00
2.880268185806274417e+00
2.861000252151489232e+00
2.826417742919921761e+00
2.807846649169921882e+00
2.796439860534667865e+00
2.772496032714843572e+00
2.760519248962402195e+00
2.739388204574584762e+00
2.711870022201538166e+00
2.743321668243408062e+00
2.735043794631958125e+00
2.743348039245605552e+00
2.743483440780639437e+00
2.731887815856933521e+00
2.721618605041503880e+00
2.731286615753173663e+00
2.724373967361449989e+00
2.718775016403198297e+00
2.712662294387817585e+00
2.721592863464355361e+00
2.729052544403076208e+00
2.739177781677246237e+00
2.723075030517577932e+00
2.732180626678466950e+00
2.710250719070434577e+00
2.725663444519042855e+00
2.707422578811645497e+00
2.717746166229248139e+00
2.707445893096923850e+00
2.710016425323486189e+00
2.709658036804199366e+00
2.703376359176635546e+00
2.695171269607544051e+00
2.702803877639770480e+00
2.707252563476562290e+00
2.701323235321044791e+00
2.706034593963623003e+00
2.699029314804076929e+00
2.707036134338379085e+00
2.701933789443969669e+00
2.693209841156005702e+00
2.699945933151245203e+00
2.694085643005371011e+00
2.698819033813476764e+00
2.692123909378051572e+00
2.697701342010498049e+00
2.709923823928833020e+00
2.698787619781493952e+00
2.700109599304199026e+00
2.690122478866577183e+00
2.699049468994140444e+00
2.700009817504883003e+00
2.695694955062866160e+00
2.696737580871582107e+00
2.695389751815795876e+00
2.693203159713744910e+00
2.698622975921630918e+00
2.699150685882568457e+00
2.703321250915527330e+00
