1.095000000000000001e-01
1.869000000000000106e-01
2.948999999999999955e-01
2.857000000000000095e-01
3.486000000000000210e-01
3.225000000000000089e-01
3.538999999999999924e-01
3.751999999999999780e-01
4.173000000000000043e-01
4.132000000000000117e-01
4.232000000000000206e-01
3.809000000000000163e-01
4.188999999999999946e-01
3.836999999999999855e-01
4.361999999999999766e-01
4.122000000000000108e-01
4.089999999999999747e-01
4.107000000000000095e-01
4.235999999999999766e-01
4.158999999999999919e-01
4.243999999999999995e-01
3.977999999999999869e-01
3.859000000000000208e-01
4.346999999999999753e-01
4.340999999999999859e-01
4.349000000000000088e-01
4.344000000000000083e-01
4.218000000000000083e-01
4.365999999999999881e-01
4.661000000000000143e-01
4.537999999999999812e-01
4.489000000000000212e-01
4.637000000000000011e-01
4.731000000000000205e-01
4.666000000000000147e-01
4.689999999999999725e-01
4.703999999999999848e-01
4.702000000000000068e-01
4.803000000000000047e-01
4.807000000000000162e-01
4.811000000000000276e-01
4.857000000000000206e-01
4.824999999999999845e-01
4.867000000000000215e-01
4.873999999999999999e-01
4.864999999999999880e-01
4.872000000000000219e-01
4.860999999999999766e-01
4.887000000000000233e-01
4.902000000000000246e-01
4.873999999999999999e-01
4.895999999999999797e-01
4.874999999999999889e-01
4.885999999999999788e-01
4.883000000000000118e-01
4.889000000000000012e-01
4.889999999999999902e-01
4.884999999999999898e-01
4.895999999999999797e-01
4.892000000000000237e-01
4.892000000000000237e-01
4.873000000000000109e-01
4.858000000000000096e-01
4.865999999999999770e-01
4.858999999999999986e-01
4.888000000000000123e-01
4.870999999999999774e-01
4.878000000000000114e-01
4.893000000000000127e-01
4.864999999999999880e-01
4.865999999999999770e-01
4.860999999999999766e-01
4.848000000000000087e-01
4.858000000000000096e-01
4.872000000000000219e-01
4.863000000000000100e-01
4.852000000000000202e-01
4.875999999999999779e-01
4.865999999999999770e-01
4.860999999999999766e-01
4.862000000000000210e-01
4.859999999999999876e-01
4.865999999999999770e-01
4.860999999999999766e-01
4.877000000000000224e-01
4.858999999999999986e-01
4.864999999999999880e-01
4.868999999999999995e-01
4.873999999999999999e-01
4.863999999999999990e-01
4.880999999999999783e-01
4.858000000000000096e-01
4.862000000000000210e-01
4.849999999999999867e-01
4.865999999999999770e-01
4.850999999999999757e-01
4.872000000000000219e-01
4.873999999999999999e-01
4.860999999999999766e-01
4.844999999999999862e-01
