2.676724575805664141e+00
1.959898771858215261e+00
1.756760412979125885e+00
1.641140117645263574e+00
1.540571330833435004e+00
1.437297022438049243e+00
1.390449120712280218e+00
1.372567245101928624e+00
1.300684858322143533e+00
1.165124908065795939e+00
1.125426924705505316e+00
1.088831475067138621e+00
1.008982342529296972e+00
9.589087606430053423e-01
9.203318069458007455e-01
9.116150539398193420e-01
8.699442165374755564e-01
8.511076410293578753e-01
8.486089025497436378e-01
8.625332552909851236e-01
8.845239540100097164e-01
9.186713073730469192e-01
9.934820461273193848e-01
1.014073149108886795e+00
9.965846143722534300e-01
1.154660917663574260e+00
1.227391918182373143e+00
1.293340296363830522e+00
1.199062848281860383e+00
1.087925230407714938e+00
1.102300990486144938e+00
1.209910869979858417e+00
1.291758147811889579e+00
1.337626444435119577e+00
1.375139659690856941e+00
1.399668483734130886e+00
1.421335904121398874e+00
1.338464475059509384e+00
1.353953767585754475e+00
1.407110542678833065e+00
1.442315045166015608e+00
1.416122825622558645e+00
1.194305232238769499e+00
1.286125444793701167e+00
1.351356735801696685e+00
1.383617922592162985e+00
1.413778538513183580e+00
1.395929319190978957e+00
1.339300709915161036e+00
1.370569853591918852e+00
1.408452423095703177e+00
1.434001097106933686e+00
1.463612403106689497e+00
1.482474065589904688e+00
1.486764519309997645e+00
1.425932769584655757e+00
1.413168586730957133e+00
1.459931041717529299e+00
1.136624974822997958e+00
1.113663157653808522e+00
1.142135364151001031e+00
1.224614020919799762e+00
1.293027893638610815e+00
1.350602918243408279e+00
1.382941783905029309e+00
1.405514338493347060e+00
1.404399365806579647e+00
1.391275573921203712e+00
1.397459164428710876e+00
1.430103551101684634e+00
1.462282721900939997e+00
1.379532552146911728e+00
1.274279081726074292e+00
1.243541047096252461e+00
1.288103550720214763e+00
1.356055508041381863e+00
1.395575945663452222e+00
1.307124936866760345e+00
1.285989004516601586e+00
1.286756041526794458e+00
1.327620402717590409e+00
1.382990007781982333e+00
1.421729520034790140e+00
1.346269721603393643e+00
1.304536176490783683e+00
1.366072864151000932e+00
1.329597916793823220e+00
1.326712437438964942e+00
1.312138217544555729e+00
1.213257077598571820e+00
1.192490320968627948e+00
1.226628287887573165e+00
1.280540374755859467e+00
1.351995078849792531e+00
1.394739074516296418e+00
1.322469490623474186e+00
1.145098267173767059e+00
1.233583148956298725e+00
1.312508525466918874e+00
1.372600964736938378e+00
