2.676724685668945281e+00
1.959898796272277810e+00
1.756760403633117695e+00
1.641140126609802241e+00
1.540571342658996645e+00
1.437297050094604511e+00
1.390449154090881434e+00
1.372567278861999585e+00
1.300684864425659226e+00
1.165124929237365770e+00
1.125426936912536702e+00
1.088831471824645902e+00
1.008982364273071308e+00
9.589087238311767569e-01
9.203317640304565783e-01
9.116150661468506167e-01
8.699442102432251023e-01
8.511076654434204247e-01
8.486089790344237827e-01
8.625333167076111307e-01
8.845238803863525456e-01
9.186713350296020764e-01
9.934819541931152465e-01
1.014073213768005299e+00
9.965846628189086731e-01
1.154660849761962815e+00
1.227391939353942973e+00
1.293340274810790946e+00
1.199062831115722760e+00
1.087925166320800718e+00
1.102300982284545983e+00
1.209910964775085418e+00
1.291758230400085417e+00
1.337626453399658244e+00
1.375139631652831929e+00
1.399668406486511252e+00
1.421335837364196886e+00
1.338464526748657235e+00
1.353953691482543853e+00
1.407110677719116243e+00
1.442315023612976033e+00
1.416122785758972213e+00
1.194305238342285191e+00
1.286125414657592669e+00
1.351356739044189403e+00
1.383617864036559952e+00
1.413778561782836896e+00
1.395929351806640684e+00
1.339300823402404861e+00
1.370569858360290549e+00
1.408452457237243660e+00
1.434001015663147083e+00
1.463612389755249099e+00
1.482474195861816391e+00
1.486764631271362269e+00
1.425932841873168933e+00
1.413168650627136147e+00
1.459931029129028390e+00
1.136624961853027305e+00
1.113663161659240730e+00
1.142135395050048796e+00
1.224614008712768598e+00
1.293027895736694299e+00
1.350602882385253833e+00
1.382941766357421942e+00
1.405514379501342725e+00
1.404399369812011633e+00
1.391275647163391138e+00
1.397458987426757782e+00
1.430103541564941461e+00
1.462282666587829683e+00
1.379532633590698332e+00
1.274279161834716900e+00
1.243541185760498102e+00
1.288103490066528245e+00
1.356055715942382722e+00
1.395576127052307047e+00
1.307124918174743744e+00
1.285989044380188018e+00
1.286756173324584918e+00
1.327620303916931199e+00
1.382990017509460490e+00
1.421729661178588788e+00
1.346269712638854976e+00
1.304536235046386716e+00
1.366072827529907219e+00
1.329597838401794352e+00
1.326712404823303215e+00
1.312138190650939951e+00
1.213257129669189416e+00
1.192490246963501033e+00
1.226628284645080669e+00
1.280540384483337402e+00
1.351994941329956124e+00
1.394739121246337810e+00
1.322469537353515578e+00
1.145098344039916949e+00
1.233583192062377876e+00
1.312508442878723036e+00
1.372600951004028236e+00
