1.097999999999999948e-01
2.624000000000000221e-01
3.202999999999999736e-01
3.342999999999999861e-01
3.857999999999999763e-01
3.553999999999999937e-01
3.251999999999999891e-01
3.856999999999999873e-01
4.128000000000000003e-01
4.010000000000000231e-01
3.953999999999999737e-01
4.097000000000000086e-01
4.136000000000000232e-01
4.089999999999999747e-01
4.148000000000000020e-01
4.349000000000000088e-01
4.292000000000000259e-01
3.910000000000000142e-01
4.190999999999999726e-01
4.169999999999999818e-01
4.341999999999999749e-01
4.395000000000000018e-01
4.319999999999999951e-01
4.517999999999999794e-01
4.691000000000000170e-01
4.554000000000000270e-01
4.390999999999999903e-01
4.405000000000000027e-01
4.739999999999999769e-01
4.713999999999999857e-01
4.588999999999999746e-01
4.717000000000000082e-01
4.811000000000000276e-01
4.802000000000000157e-01
4.909999999999999920e-01
4.904000000000000026e-01
4.819999999999999840e-01
4.884000000000000008e-01
4.867000000000000215e-01
4.889000000000000012e-01
4.902000000000000246e-01
4.899999999999999911e-01
4.956999999999999740e-01
4.930999999999999828e-01
4.983000000000000207e-01
4.970999999999999863e-01
4.969000000000000083e-01
4.976999999999999758e-01
4.998000000000000220e-01
4.980999999999999872e-01
4.986999999999999766e-01
4.971999999999999753e-01
4.968000000000000194e-01
4.975999999999999868e-01
4.994000000000000106e-01
4.979000000000000092e-01
5.006000000000000449e-01
4.988000000000000211e-01
5.000000000000000000e-01
5.010000000000000009e-01
5.008000000000000229e-01
4.990999999999999881e-01
4.989000000000000101e-01
5.000999999999999890e-01
5.010999999999999899e-01
5.000000000000000000e-01
5.001999999999999780e-01
4.991999999999999771e-01
5.013999999999999568e-01
5.010000000000000009e-01
5.001999999999999780e-01
5.004999999999999449e-01
5.006000000000000449e-01
5.010000000000000009e-01
5.007000000000000339e-01
5.009000000000000119e-01
5.019000000000000128e-01
5.013999999999999568e-01
5.006000000000000449e-01
5.007000000000000339e-01
5.013999999999999568e-01
5.011999999999999789e-01
5.000000000000000000e-01
5.003999999999999559e-01
4.995999999999999885e-01
5.010000000000000009e-01
5.007000000000000339e-01
4.999000000000000110e-01
5.009000000000000119e-01
5.003999999999999559e-01
5.010999999999999899e-01
5.016000000000000458e-01
5.000999999999999890e-01
5.003999999999999559e-01
5.011999999999999789e-01
4.996999999999999775e-01
4.995999999999999885e-01
5.000999999999999890e-01
5.010999999999999899e-01
5.009000000000000119e-01
