2.676724752426147269e+00
1.959898799133300784e+00
1.756760409736633388e+00
1.641140099334716718e+00
1.540571303176879958e+00
1.437297034645080629e+00
1.390449138641357330e+00
1.372567306518554631e+00
1.300684879493713364e+00
1.165124929237365770e+00
1.125426967811584467e+00
1.088831477928161595e+00
1.008982333564758305e+00
9.589087175369263027e-01
9.203318252563476021e-01
9.116150659561157443e-01
8.699441705703735428e-01
8.511076300621033264e-01
8.486089562416077037e-01
8.625332921028137090e-01
8.845239416122436804e-01
9.186713199615478276e-01
9.934820306777953913e-01
1.014073133850097674e+00
9.965846590042114483e-01
1.154660941314697320e+00
1.227391879463195723e+00
1.293340406608581628e+00
1.199062889289856049e+00
1.087925215148925817e+00
1.102300972175598082e+00
1.209910902214050399e+00
1.291758225440978958e+00
1.337626361083984472e+00
1.375139515304565352e+00
1.399668352699279694e+00
1.421335843086242612e+00
1.338464490509033267e+00
1.353953709411621187e+00
1.407110572814941341e+00
1.442315163993835414e+00
1.416122868347168051e+00
1.194305251312255844e+00
1.286125481033325135e+00
1.351356656074523821e+00
1.383617983627319248e+00
1.413778623962402392e+00
1.395929329872131364e+00
1.339300832366943306e+00
1.370569897842407237e+00
1.408452528381347602e+00
1.434001118659973040e+00
1.463612329864501849e+00
1.482474144172668540e+00
1.486764745140075616e+00
1.425932923698425281e+00
1.413168637084960988e+00
1.459930968093872128e+00
1.136624953269958604e+00
1.113663145637512120e+00
1.142135424995422310e+00
1.224613954162597551e+00
1.293027905082702711e+00
1.350602851104736324e+00
1.382941765213012708e+00
1.405514269256591842e+00
1.404399342155456587e+00
1.391275697135925249e+00
1.397459104919433592e+00
1.430103544807434179e+00
1.462282733345031671e+00
1.379532538414001364e+00
1.274279142761230554e+00
1.243541103172302265e+00
1.288103565406799378e+00
1.356055563735961922e+00
1.395576140022277922e+00
1.307124920845031735e+00
1.285988980102539037e+00
1.286756030082702562e+00
1.327620295715332022e+00
1.382989983749389751e+00
1.421729430580139120e+00
1.346269765090942316e+00
1.304536256217956547e+00
1.366072894668579174e+00
1.329597802543640128e+00
1.326712496376037498e+00
1.312138223648071200e+00
1.213257147598266528e+00
1.192490290451049706e+00
1.226628358268737840e+00
1.280540418243408141e+00
1.351994950294494569e+00
1.394739044761657665e+00
1.322469619941711416e+00
1.145098353576660122e+00
1.233583146858215240e+00
1.312508477020263742e+00
1.372600859451293953e+00
