9.671395034790039702e+00
2.092699581909179596e+00
1.838827390098571879e+00
1.834799952316284122e+00
1.672881600570678806e+00
1.816497588157653720e+00
1.732227847290038980e+00
1.661526820564269924e+00
1.678660605812072770e+00
1.716217907905578599e+00
1.662899563407898018e+00
1.754499302864074739e+00
1.704805770683288646e+00
1.671475540542602500e+00
1.837670946121215731e+00
1.710381702041625873e+00
2.188399265289306506e+00
2.515581180953979423e+00
2.136801379776001042e+00
2.125172146987915234e+00
2.280716743850708106e+00
2.471020404052734154e+00
2.598392449951171912e+00
2.860583513259887578e+00
2.633844800567627153e+00
2.697997064208984330e+00
2.816453279495239048e+00
2.858073159027099575e+00
2.775712470245361274e+00
2.760635756301879962e+00
2.764712784576416116e+00
2.848791374588012904e+00
2.884150173568725606e+00
2.672418094253540044e+00
2.739254263305664239e+00
2.793500179290771435e+00
2.705036584854125792e+00
2.622604886627197374e+00
2.592237020492553778e+00
2.568030849456786946e+00
2.551480564880371116e+00
2.537374155426025180e+00
2.528630929946899197e+00
2.520223960113525230e+00
2.490758889389038000e+00
2.464111287689208840e+00
2.472272267913818489e+00
2.469739015579223818e+00
2.414956870651244980e+00
2.402426066970825058e+00
2.417890747833252085e+00
2.426277931976318580e+00
2.416561003112792871e+00
2.408114378738403172e+00
2.416100799179077274e+00
2.428571754455566278e+00
2.419410638046264772e+00
2.407507678985595589e+00
2.407975337982177777e+00
2.420808806991577189e+00
2.402816799926757785e+00
2.400095330810546823e+00
2.413113171768188625e+00
2.394167001724243349e+00
2.414051776504516411e+00
2.390301663589477599e+00
2.396730709075927557e+00
2.402782655715942184e+00
2.380976261901855295e+00
2.385136845397949124e+00
2.394465095520019737e+00
2.381542827606200952e+00
2.390585956192016415e+00
2.381899473571777559e+00
2.388564310455322470e+00
2.373213125610351693e+00
2.367022023010254106e+00
2.387676785278320502e+00
2.387783881759643734e+00
2.383261577606201165e+00
2.375470336914062397e+00
2.385601173400878849e+00
2.381739826583862296e+00
2.377330928421020673e+00
2.371751886749267513e+00
2.369523427581786912e+00
2.375000044631958129e+00
2.386034874725341925e+00
2.385930443572997994e+00
2.387463322830200241e+00
2.389459677886963007e+00
2.381981348037719659e+00
2.365891890335082959e+00
2.373501925277710090e+00
2.374010617065429596e+00
2.387325778198241988e+00
2.381869145965576084e+00
2.375267977142334175e+00
2.367855383300781380e+00
2.376090760040283190e+00
