2.676724771118164092e+00
1.959898802375793503e+00
1.756760440254211408e+00
1.641140105438232411e+00
1.540571339797973671e+00
1.437297010231018080e+00
1.390449129676818885e+00
1.372567269515991173e+00
1.300684870529174697e+00
1.165124920272827103e+00
1.125426946258544891e+00
1.088831465721130431e+00
1.008982355308532641e+00
9.589087238311767569e-01
9.203318252563476021e-01
9.116150814056396268e-01
8.699442132949829487e-01
8.511076622009277060e-01
8.486089592933654391e-01
8.625333152770996437e-01
8.845239326477051245e-01
9.186712976455688739e-01
9.934820678710937214e-01
1.014073146247863821e+00
9.965846895217895796e-01
1.154660978126525794e+00
1.227391875839233482e+00
1.293340296745300266e+00
1.199062846565246643e+00
1.087925208854675363e+00
1.102300982284545983e+00
1.209910887145996039e+00
1.291758184814453037e+00
1.337626361465453995e+00
1.375139625930786202e+00
1.399668474006652730e+00
1.421335910224914567e+00
1.338464493370056241e+00
1.353953675270080481e+00
1.407110616302490236e+00
1.442315189933776942e+00
1.416122801589965841e+00
1.194305323791504003e+00
1.286125436592101989e+00
1.351356781005859320e+00
1.383618038558960039e+00
1.413778497886657659e+00
1.395929333877563572e+00
1.339300768089294325e+00
1.370569876670837406e+00
1.408452374649047822e+00
1.434000923347473089e+00
1.463612434387207006e+00
1.482474028205871486e+00
1.486764533233642549e+00
1.425932857894897543e+00
1.413168754768371560e+00
1.459930964088439920e+00
1.136624943923950193e+00
1.113663182067871071e+00
1.142135458564758288e+00
1.224613963127136218e+00
1.293027829360961833e+00
1.350602839279174905e+00
1.382941737174987695e+00
1.405514289283752438e+00
1.404399419021606477e+00
1.391275720024108820e+00
1.397459073638916083e+00
1.430103608322143449e+00
1.462282678794860846e+00
1.379532554244995213e+00
1.274279128074645939e+00
1.243541145133972181e+00
1.288103455924987761e+00
1.356055550384521524e+00
1.395576081085205145e+00
1.307124992942810149e+00
1.285989100074768077e+00
1.286756139183044434e+00
1.327620488166808999e+00
1.382990091133117661e+00
1.421729446792602491e+00
1.346269749641418434e+00
1.304536247634887625e+00
1.366072869491577135e+00
1.329597849273681742e+00
1.326712395095825281e+00
1.312138272857666044e+00
1.213257111358642559e+00
1.192490250587463274e+00
1.226628320884704637e+00
1.280540440177917461e+00
1.351994941711425868e+00
1.394739118003845313e+00
1.322469500350952121e+00
1.145098393058776809e+00
1.233583216857910170e+00
1.312508378601074277e+00
1.372600930595397895e+00
