1.092163701629638695e+01
2.592356615066528480e+00
2.023117533493041797e+00
1.834751422119140551e+00
1.689247419738769462e+00
1.923371032142639159e+00
1.621540681076049761e+00
1.603642454147338858e+00
1.560606080245971583e+00
1.540476223373413056e+00
1.871123968505859381e+00
1.576714867782592844e+00
1.613522351455688453e+00
1.644080156898498624e+00
2.065320802307129000e+00
2.039894639205932503e+00
2.402493398284911930e+00
1.857274291610717665e+00
2.575354853057861160e+00
2.424297293853759694e+00
2.490159737777709825e+00
2.385103896713256955e+00
2.532513768768310580e+00
2.825483505630493219e+00
2.732808346557617174e+00
2.935474386215210174e+00
2.696558887481689482e+00
2.856513417434692226e+00
2.797278208160400403e+00
2.703563729476928579e+00
3.094387627792358320e+00
3.086231843948364251e+00
2.784967874908447438e+00
2.779726584243774390e+00
2.701191617584228322e+00
2.660522397994995014e+00
2.623676163864135713e+00
2.607196299362182668e+00
2.609022378158569300e+00
2.581903763580322142e+00
2.557200141525268755e+00
2.534339301681518553e+00
2.500312843322753942e+00
2.492141061019897297e+00
2.467017206192016587e+00
2.457740407180786235e+00
2.427963286972045776e+00
2.415978530883788888e+00
2.409165492248535045e+00
2.392976152420044134e+00
2.391968030929565447e+00
2.391221285247802530e+00
2.389855109405517375e+00
2.393862254333495976e+00
2.386764985656738336e+00
2.388746297073364389e+00
2.392873967361450305e+00
2.383075031661987087e+00
2.381198555374145709e+00
2.377322579956054671e+00
2.374973643493652364e+00
2.374383444213867378e+00
2.380763925170898521e+00
2.373889550399780113e+00
2.375268482971191197e+00
2.370334619522094677e+00
2.363611521530151194e+00
2.356962289428710999e+00
2.356544833374023540e+00
2.363185904693603678e+00
2.363159918212890620e+00
2.359570064926147293e+00
2.351279208755493233e+00
2.358677908706665161e+00
2.364473836517333893e+00
2.355714837265014516e+00
2.358317737579345597e+00
2.357469771575927631e+00
2.349389674758910918e+00
2.350620622253417835e+00
2.359555073547363158e+00
2.346033535766601563e+00
2.352708943557739296e+00
2.351964910507202244e+00
2.352601227569580011e+00
2.352401885604858300e+00
2.348314778900146393e+00
2.348337963867187295e+00
2.350996089553833102e+00
2.356066000366210833e+00
2.356672627639770479e+00
2.358586377716064497e+00
2.348985387802124070e+00
2.347823772430420064e+00
2.349326772308349742e+00
2.346150600433349442e+00
2.346445666885375925e+00
2.341667371368408190e+00
2.346357763671874874e+00
2.350671535110473442e+00
