1.200999999999999984e-01
2.646000000000000019e-01
2.893999999999999906e-01
3.358999999999999764e-01
3.796999999999999820e-01
3.406000000000000139e-01
4.174999999999999822e-01
4.108999999999999875e-01
4.280999999999999805e-01
4.571000000000000063e-01
3.846999999999999864e-01
4.527999999999999803e-01
4.470999999999999974e-01
4.722000000000000086e-01
3.929000000000000270e-01
4.580000000000000182e-01
4.353000000000000203e-01
4.838999999999999968e-01
4.549000000000000266e-01
4.737000000000000099e-01
4.864999999999999880e-01
5.007000000000000339e-01
4.989000000000000101e-01
4.961999999999999744e-01
4.929999999999999938e-01
4.838000000000000078e-01
5.111999999999999877e-01
4.793999999999999928e-01
4.985999999999999877e-01
4.990999999999999881e-01
4.859999999999999876e-01
5.034999999999999476e-01
5.281000000000000139e-01
5.201000000000000068e-01
5.331000000000000183e-01
5.400000000000000355e-01
5.435999999999999721e-01
5.423999999999999932e-01
5.322999999999999954e-01
5.393000000000000016e-01
5.413999999999999924e-01
5.399000000000000465e-01
5.432000000000000162e-01
5.430000000000000382e-01
5.411000000000000254e-01
5.411000000000000254e-01
5.420000000000000373e-01
5.414999999999999813e-01
5.403999999999999915e-01
5.413999999999999924e-01
5.422000000000000153e-01
5.431000000000000272e-01
5.427999999999999492e-01
5.423999999999999932e-01
5.421000000000000263e-01
5.421000000000000263e-01
5.436999999999999611e-01
5.420000000000000373e-01
5.420000000000000373e-01
5.429000000000000492e-01
5.430000000000000382e-01
5.423000000000000043e-01
5.427999999999999492e-01
5.423999999999999932e-01
5.432000000000000162e-01
5.432000000000000162e-01
5.433000000000000052e-01
5.434999999999999831e-01
5.434999999999999831e-01
5.457999999999999519e-01
5.434999999999999831e-01
5.440000000000000391e-01
5.433000000000000052e-01
5.422000000000000153e-01
5.429000000000000492e-01
5.439000000000000501e-01
5.435999999999999721e-01
5.435999999999999721e-01
5.433000000000000052e-01
5.433999999999999941e-01
5.450000000000000400e-01
5.426999999999999602e-01
5.417999999999999483e-01
5.434999999999999831e-01
5.436999999999999611e-01
5.439000000000000501e-01
5.443999999999999950e-01
5.426999999999999602e-01
5.433000000000000052e-01
5.439000000000000501e-01
5.430000000000000382e-01
5.439000000000000501e-01
5.440000000000000391e-01
5.446999999999999620e-01
5.444999999999999840e-01
5.431000000000000272e-01
5.433000000000000052e-01
5.435999999999999721e-01
5.436999999999999611e-01
5.446999999999999620e-01
