2.893888320922851420e+01
2.050661480331420705e+00
2.007616604995727361e+00
1.893195700836181716e+00
1.740219075202941834e+00
1.736842880439758208e+00
1.968568835449218790e+00
1.739482702064514053e+00
1.785392163085937511e+00
1.630177410697936979e+00
1.647352963066101017e+00
1.534087189865112277e+00
1.792050321769714349e+00
1.850121997451782185e+00
2.060557951354980322e+00
1.757802006721496557e+00
2.027504775619506816e+00
2.050839454269409057e+00
2.407450551986694443e+00
2.249403129959106629e+00
2.712943066024780414e+00
2.708861616897582980e+00
2.709352362060546859e+00
2.787069035339355683e+00
2.528714295959472835e+00
2.694644111251831120e+00
2.943344444656371905e+00
2.677763267135619962e+00
2.637822507858276211e+00
2.878412458419799869e+00
2.711258623504638532e+00
2.595081540298461942e+00
2.643878229904174759e+00
2.622333910751342589e+00
2.588888395690918109e+00
2.610658509063720878e+00
2.750835678482055791e+00
2.566517787170410347e+00
2.455610800933837989e+00
2.509268518447875795e+00
2.501044702148437437e+00
2.487666598510742233e+00
2.499979412841796922e+00
2.480482067489623965e+00
2.449729332351684441e+00
2.448575837326049776e+00
2.436588870239257965e+00
2.440130154418945096e+00
2.412794581222533985e+00
2.393955817794799934e+00
2.405011399841308517e+00
2.398708261871338010e+00
2.404688570785522561e+00
2.398532515335082937e+00
2.401359759521484172e+00
2.401188707351684659e+00
2.402315953826904327e+00
2.401807475280761661e+00
2.408692148590088067e+00
2.397743070602416982e+00
2.394153972244262629e+00
2.392333863830566454e+00
2.388341838073730461e+00
2.402575543594360319e+00
2.394267403411865391e+00
2.386726451110839697e+00
2.391465720367431658e+00
2.382066350173950298e+00
2.379115181350707875e+00
2.392174538040161114e+00
2.379966315460205095e+00
2.383774091720581190e+00
2.384238330841064624e+00
2.386767505645751797e+00
2.394756145095825239e+00
2.376752995300293048e+00
2.397750337982177626e+00
2.384358139801025178e+00
2.393330858993530263e+00
2.382164673995971871e+00
2.384660180664062601e+00
2.389815205383300611e+00
2.390236651611328256e+00
2.382031681442260851e+00
2.391666810607909976e+00
2.381392893600463800e+00
2.390393431091308418e+00
2.384381137084961022e+00
2.382516251754760894e+00
2.380936470794677629e+00
2.393392910766601656e+00
2.379214572143554474e+00
2.386397764968871904e+00
2.376863059997558647e+00
2.388874649047851406e+00
2.384599284362793004e+00
2.381917954254150427e+00
2.385845034408569543e+00
2.382916472625732585e+00
2.375130972290039111e+00
