2.676724807739257805e+00
1.959898790168762117e+00
1.756760425186157271e+00
1.641140114402771077e+00
1.540571324348449789e+00
1.437297025299072217e+00
1.390449145126342767e+00
1.372567282104492081e+00
1.300684870529174697e+00
1.165124901962280246e+00
1.125426952362060584e+00
1.088831441307067882e+00
1.008982407188415475e+00
9.589087173461914304e-01
9.203318161010741738e-01
9.116150444030761690e-01
8.699442260742187294e-01
8.511076593399047319e-01
8.486089637756347726e-01
8.625332983970641632e-01
8.845239355087279876e-01
9.186712615966796669e-01
9.934820581436156761e-01
1.014073161315917959e+00
9.965846498489380201e-01
1.154660892486572221e+00
1.227391977500915443e+00
1.293340214157104429e+00
1.199062812805175682e+00
1.087925175476074147e+00
1.102300984764099212e+00
1.209910866737365698e+00
1.291758167266845669e+00
1.337626411056518583e+00
1.375139710998535048e+00
1.399668551254272364e+00
1.421336014747619725e+00
1.338464512062072842e+00
1.353953758621215808e+00
1.407110619163513210e+00
1.442315130233764675e+00
1.416122808837890545e+00
1.194305244445800884e+00
1.286125487899780317e+00
1.351356698036193738e+00
1.383617983627319248e+00
1.413778620719909673e+00
1.395929291152954166e+00
1.339300721740722677e+00
1.370569848251342870e+00
1.408452513313293464e+00
1.434001023864746038e+00
1.463612434387207006e+00
1.482474230003356874e+00
1.486764550590515155e+00
1.425932951736450294e+00
1.413168587493896400e+00
1.459931084442138705e+00
1.136624950790405375e+00
1.113663190650939994e+00
1.142135474395751915e+00
1.224614057159423730e+00
1.293027812194824211e+00
1.350602820587158304e+00
1.382941771697998146e+00
1.405514335632324308e+00
1.404399528503417871e+00
1.391275591850280824e+00
1.397459179878234758e+00
1.430103583908081122e+00
1.462282684135437050e+00
1.379532583999633744e+00
1.274279106140136619e+00
1.243541036033630309e+00
1.288103544998169037e+00
1.356055599594116146e+00
1.395576151466369597e+00
1.307124909210205077e+00
1.285989038658142070e+00
1.286756118392944348e+00
1.327620298194885251e+00
1.382990020370483464e+00
1.421729586791992128e+00
1.346269705390930271e+00
1.304536204528808696e+00
1.366072888565063481e+00
1.329597763061523441e+00
1.326712431716918994e+00
1.312138220405578704e+00
1.213257132911682135e+00
1.192490250205993751e+00
1.226628243064880275e+00
1.280540316581726179e+00
1.351995078849792531e+00
1.394739093971252508e+00
1.322469584083557192e+00
1.145098329544067317e+00
1.233583198928833058e+00
1.312508529090881337e+00
1.372600861930847183e+00
