4.614912961425780935e+01
1.910025544738769510e+00
1.979781255912780757e+00
1.737046397399902409e+00
1.601929818153381424e+00
1.598771196937561090e+00
1.979383655929565444e+00
1.582586467742920000e+00
1.530944146347045898e+00
1.639360459899902311e+00
1.591690758895873969e+00
1.639521564292907740e+00
1.625681806945800778e+00
1.840652222442626940e+00
1.802382232284545971e+00
2.938403988647460885e+00
2.521983749389648644e+00
1.843550990676879886e+00
2.661922378540038991e+00
2.082117858886718853e+00
2.686562881851196405e+00
2.902328234863281065e+00
2.224649788284301710e+00
2.489240552139282414e+00
2.907215490722656170e+00
2.779499024581909339e+00
2.677812216949462698e+00
2.911695977401733249e+00
2.956053762054443368e+00
2.797090505981445485e+00
2.770088432693481373e+00
3.412459799194335730e+00
2.880033011245727526e+00
2.913887176513672017e+00
2.844472645568847824e+00
2.733779545593261862e+00
2.768117924499511773e+00
2.849142465209960839e+00
2.799616122817992991e+00
2.720260042190551619e+00
2.649658588790893443e+00
2.584623014068603730e+00
2.576395776367187640e+00
2.550807962799072293e+00
2.531166443252563347e+00
2.503515078735351729e+00
2.479795415496826028e+00
2.469733580398559614e+00
2.448169497680664275e+00
2.433859484100341586e+00
2.439275621414184414e+00
2.446469952392578140e+00
2.452631105422973690e+00
2.429651694488525582e+00
2.437764682006835937e+00
2.441162410736084087e+00
2.437166274261474808e+00
2.430646913528442532e+00
2.428196558761596791e+00
2.419865933227538957e+00
2.421596960449218905e+00
2.417635593795776305e+00
2.425097405624389690e+00
2.415155535888672045e+00
2.421802046585082913e+00
2.419391677474975744e+00
2.404159696960449288e+00
2.404201872253417971e+00
2.405484527587890664e+00
2.400540270614623939e+00
2.401294634246826210e+00
2.390602345657348415e+00
2.395905981063842560e+00
2.399926084899902445e+00
2.399717290115356505e+00
2.401098986053466611e+00
2.391423419189453003e+00
2.401382680130004665e+00
2.393375036621093965e+00
2.385368294143676682e+00
2.394965058898925747e+00
2.390062053680420018e+00
2.396612016677856616e+00
2.384827182769775344e+00
2.396593948364257987e+00
2.395568746566772322e+00
2.388958439636230668e+00
2.393226259231567177e+00
2.398859989166259865e+00
2.387744225311279500e+00
2.393728830337524371e+00
2.386539855957031442e+00
2.384097994232177609e+00
2.389638051605224689e+00
2.394257572937011691e+00
2.391616299057006678e+00
2.383831761169433516e+00
2.390193915557861537e+00
2.384394826126098543e+00
2.389881017684936548e+00
