1.019000000000000045e-01
2.341999999999999915e-01
2.738999999999999768e-01
3.185999999999999943e-01
3.682000000000000273e-01
3.421000000000000152e-01
3.583999999999999964e-01
3.835999999999999965e-01
4.178999999999999937e-01
4.338000000000000189e-01
4.477999999999999758e-01
4.295999999999999819e-01
4.369000000000000106e-01
4.027000000000000024e-01
4.718999999999999861e-01
4.269999999999999907e-01
4.575000000000000178e-01
4.677999999999999936e-01
4.092999999999999972e-01
4.304000000000000048e-01
4.233999999999999986e-01
4.434000000000000163e-01
4.857000000000000206e-01
4.444000000000000172e-01
4.842000000000000193e-01
4.783999999999999919e-01
4.812000000000000166e-01
4.875999999999999779e-01
4.399000000000000132e-01
4.889999999999999902e-01
4.949999999999999956e-01
4.789999999999999813e-01
4.688999999999999835e-01
5.007000000000000339e-01
4.660000000000000253e-01
5.100000000000000089e-01
5.049000000000000155e-01
5.078000000000000291e-01
5.209000000000000297e-01
5.252000000000000002e-01
5.249000000000000332e-01
5.291000000000000147e-01
5.282000000000000028e-01
5.296999999999999487e-01
5.334999999999999742e-01
5.321000000000000174e-01
5.348000000000000531e-01
5.340000000000000302e-01
5.342000000000000082e-01
5.346999999999999531e-01
5.354999999999999760e-01
5.343999999999999861e-01
5.353999999999999870e-01
5.346999999999999531e-01
5.354999999999999760e-01
5.354999999999999760e-01
5.352000000000000091e-01
5.344999999999999751e-01
5.352000000000000091e-01
5.348000000000000531e-01
5.352000000000000091e-01
5.361000000000000210e-01
5.355999999999999650e-01
5.362000000000000099e-01
5.366999999999999549e-01
5.356999999999999540e-01
5.362999999999999989e-01
5.358000000000000540e-01
5.370000000000000329e-01
5.364999999999999769e-01
5.352000000000000091e-01
5.373999999999999888e-01
5.355999999999999650e-01
5.352999999999999980e-01
5.358000000000000540e-01
5.359000000000000430e-01
5.362000000000000099e-01
5.364999999999999769e-01
5.362999999999999989e-01
5.359000000000000430e-01
5.360000000000000320e-01
5.361000000000000210e-01
5.341000000000000192e-01
5.369000000000000439e-01
5.371000000000000218e-01
5.356999999999999540e-01
5.368000000000000549e-01
5.362000000000000099e-01
5.358000000000000540e-01
5.353999999999999870e-01
5.363999999999999879e-01
5.351000000000000201e-01
5.360000000000000320e-01
5.370000000000000329e-01
5.354999999999999760e-01
5.353999999999999870e-01
5.352999999999999980e-01
5.364999999999999769e-01
5.358000000000000540e-01
5.344999999999999751e-01
