1.630000000000000060e-01
2.610999999999999988e-01
3.408999999999999808e-01
3.852999999999999758e-01
4.278000000000000136e-01
4.677999999999999936e-01
4.823999999999999955e-01
4.923000000000000154e-01
5.210000000000000187e-01
5.780999999999999472e-01
5.914000000000000368e-01
6.065000000000000391e-01
6.411999999999999922e-01
6.534999999999999698e-01
6.761000000000000343e-01
6.754999999999999893e-01
6.955000000000000071e-01
7.028999999999999693e-01
7.086000000000000076e-01
7.130999999999999561e-01
7.218999999999999861e-01
7.191999999999999504e-01
7.169999999999999707e-01
7.179999999999999716e-01
7.221999999999999531e-01
7.207999999999999963e-01
7.156000000000000139e-01
7.246000000000000218e-01
7.291999999999999593e-01
7.210999999999999632e-01
7.301999999999999602e-01
7.308000000000000052e-01
7.339999999999999858e-01
7.375000000000000444e-01
7.360999999999999766e-01
7.354000000000000536e-01
7.280999999999999694e-01
7.308999999999999941e-01
7.311999999999999611e-01
7.279999999999999805e-01
7.271999999999999575e-01
7.282999999999999474e-01
7.281999999999999584e-01
7.243000000000000549e-01
7.307000000000000162e-01
7.308000000000000052e-01
7.317000000000000171e-01
7.307000000000000162e-01
7.309999999999999831e-01
7.265000000000000346e-01
7.314000000000000501e-01
7.321999999999999620e-01
7.291999999999999593e-01
7.288000000000000034e-01
7.278999999999999915e-01
7.282999999999999474e-01
7.265000000000000346e-01
7.230999999999999650e-01
7.272999999999999465e-01
7.241999999999999549e-01
7.272999999999999465e-01
7.314000000000000501e-01
7.331999999999999629e-01
7.339999999999999858e-01
7.356000000000000316e-01
7.375000000000000444e-01
7.355000000000000426e-01
7.346000000000000307e-01
7.297000000000000153e-01
7.296000000000000263e-01
7.284000000000000474e-01
7.284000000000000474e-01
7.235000000000000320e-01
7.240999999999999659e-01
7.275000000000000355e-01
7.248999999999999888e-01
7.271999999999999575e-01
7.301999999999999602e-01
7.287000000000000144e-01
7.309999999999999831e-01
7.278999999999999915e-01
7.288000000000000034e-01
7.288000000000000034e-01
7.279999999999999805e-01
7.301999999999999602e-01
7.258000000000000007e-01
7.289999999999999813e-01
7.156000000000000139e-01
7.266000000000000236e-01
7.247999999999999998e-01
7.298000000000000043e-01
7.292999999999999483e-01
7.304000000000000492e-01
7.284000000000000474e-01
7.325000000000000400e-01
7.330999999999999739e-01
7.344000000000000528e-01
7.334000000000000519e-01
7.340999999999999748e-01
7.339999999999999858e-01
