1.597999999999999976e-01
2.770000000000000240e-01
3.275000000000000133e-01
3.145999999999999908e-01
3.433999999999999830e-01
3.451000000000000179e-01
3.829000000000000181e-01
3.791999999999999815e-01
3.845999999999999974e-01
4.207000000000000184e-01
3.857999999999999763e-01
4.042999999999999927e-01
4.516000000000000014e-01
4.465999999999999970e-01
4.502999999999999781e-01
4.310999999999999832e-01
4.280999999999999805e-01
4.202000000000000179e-01
4.406999999999999806e-01
4.171000000000000263e-01
4.570000000000000173e-01
4.536999999999999922e-01
4.693999999999999839e-01
4.480000000000000093e-01
4.702999999999999958e-01
4.733999999999999875e-01
4.606000000000000094e-01
4.665000000000000258e-01
4.759999999999999787e-01
4.863999999999999990e-01
4.822000000000000175e-01
4.872000000000000219e-01
4.961999999999999744e-01
5.012999999999999678e-01
4.935999999999999832e-01
5.044999999999999485e-01
5.023999999999999577e-01
5.031999999999999806e-01
5.016000000000000458e-01
5.046000000000000485e-01
5.071999999999999842e-01
4.996999999999999775e-01
5.063999999999999613e-01
5.063999999999999613e-01
5.081999999999999851e-01
5.117000000000000437e-01
5.097000000000000419e-01
5.092999999999999750e-01
5.081999999999999851e-01
5.080000000000000071e-01
5.094999999999999529e-01
5.101999999999999869e-01
5.070999999999999952e-01
5.086000000000000520e-01
5.087000000000000410e-01
5.110000000000000098e-01
5.097000000000000419e-01
5.091999999999999860e-01
5.094999999999999529e-01
5.097000000000000419e-01
5.096000000000000529e-01
5.099000000000000199e-01
5.092999999999999750e-01
5.088000000000000300e-01
5.091999999999999860e-01
5.083999999999999631e-01
5.082999999999999741e-01
5.080999999999999961e-01
5.100000000000000089e-01
5.090000000000000080e-01
5.090000000000000080e-01
5.099000000000000199e-01
5.080000000000000071e-01
5.083999999999999631e-01
5.074999999999999512e-01
5.082999999999999741e-01
5.093999999999999639e-01
5.082999999999999741e-01
5.090999999999999970e-01
5.108000000000000318e-01
5.106000000000000538e-01
5.094999999999999529e-01
5.099000000000000199e-01
5.090999999999999970e-01
5.088000000000000300e-01
5.088000000000000300e-01
5.092999999999999750e-01
5.089000000000000190e-01
5.092999999999999750e-01
5.094999999999999529e-01
5.086000000000000520e-01
5.072999999999999732e-01
5.088000000000000300e-01
5.092999999999999750e-01
5.059000000000000163e-01
5.100999999999999979e-01
5.094999999999999529e-01
5.096000000000000529e-01
5.096000000000000529e-01
5.097000000000000419e-01
