1.660000000000000087e-01
2.589000000000000190e-01
2.417999999999999872e-01
2.755000000000000226e-01
3.696999999999999731e-01
3.272999999999999798e-01
3.608999999999999986e-01
3.990000000000000213e-01
3.977999999999999869e-01
3.719999999999999973e-01
4.540000000000000147e-01
4.373000000000000220e-01
4.823000000000000065e-01
4.567999999999999838e-01
4.692999999999999949e-01
4.667000000000000037e-01
4.193999999999999950e-01
4.763999999999999901e-01
4.436999999999999833e-01
4.469000000000000195e-01
4.652999999999999914e-01
4.570000000000000173e-01
4.928000000000000158e-01
4.922000000000000264e-01
4.928000000000000158e-01
4.998000000000000220e-01
4.727000000000000091e-01
4.797000000000000153e-01
5.171000000000000041e-01
4.832000000000000184e-01
4.914999999999999925e-01
5.080999999999999961e-01
5.024999999999999467e-01
5.059000000000000163e-01
5.385999999999999677e-01
5.379000000000000448e-01
5.413999999999999924e-01
5.416999999999999593e-01
5.431000000000000272e-01
5.434999999999999831e-01
5.413000000000000034e-01
5.420000000000000373e-01
5.433999999999999941e-01
5.365999999999999659e-01
5.413999999999999924e-01
5.412000000000000144e-01
5.407999999999999474e-01
5.440000000000000391e-01
5.412000000000000144e-01
5.423000000000000043e-01
5.441000000000000281e-01
5.452000000000000179e-01
5.444999999999999840e-01
5.416999999999999593e-01
5.405999999999999694e-01
5.421000000000000263e-01
5.447999999999999510e-01
5.436999999999999611e-01
5.435999999999999721e-01
5.445999999999999730e-01
5.444999999999999840e-01
5.453000000000000069e-01
5.434999999999999831e-01
5.443999999999999950e-01
5.455999999999999739e-01
5.441000000000000281e-01
5.449000000000000510e-01
5.442000000000000171e-01
5.457999999999999519e-01
5.433999999999999941e-01
5.453000000000000069e-01
5.433999999999999941e-01
5.433999999999999941e-01
5.453000000000000069e-01
5.451000000000000290e-01
5.455999999999999739e-01
5.437999999999999501e-01
5.439000000000000501e-01
5.433999999999999941e-01
5.431000000000000272e-01
5.443000000000000060e-01
5.430000000000000382e-01
5.436999999999999611e-01
5.440000000000000391e-01
5.442000000000000171e-01
5.446999999999999620e-01
5.434999999999999831e-01
5.439000000000000501e-01
5.445999999999999730e-01
5.442000000000000171e-01
5.440000000000000391e-01
5.447999999999999510e-01
5.439000000000000501e-01
5.447999999999999510e-01
5.441000000000000281e-01
5.429000000000000492e-01
5.427999999999999492e-01
5.443999999999999950e-01
5.430000000000000382e-01
5.435999999999999721e-01
