8.330700091552733610e+00
2.698791104888916159e+00
1.914055482482910131e+00
1.884188555335998494e+00
1.764200640296936129e+00
1.767138648605346640e+00
1.581431485557556194e+00
1.695409940528869619e+00
1.630650719070434462e+00
1.650822352790832559e+00
1.716531229591369723e+00
1.601621098136901900e+00
1.600276832199096777e+00
1.762587168884277355e+00
1.597545665168762286e+00
1.780007860565185451e+00
1.924467023468017679e+00
2.331238460540771662e+00
1.987657483673095804e+00
2.271772727584838947e+00
2.402383152008056744e+00
2.434771674728393620e+00
2.566186657333374033e+00
2.601519619750976453e+00
2.639045767974853351e+00
2.580607394409179633e+00
2.643986291122436327e+00
2.640014883422851621e+00
2.782380795288085906e+00
2.650154884719848614e+00
2.764592174911499001e+00
2.704040023803711001e+00
3.451223740005493035e+00
2.629584622573852393e+00
2.897653734588622854e+00
2.770637096405029087e+00
2.944391953659057481e+00
3.119149319458007774e+00
3.038695259094238210e+00
2.819765129470825027e+00
2.812422450256347517e+00
2.787094380569457908e+00
2.713834909057617040e+00
2.648893663787841746e+00
2.561609617996215782e+00
2.525514088821410930e+00
2.518296880722045827e+00
2.479103386688232380e+00
2.458889123535156429e+00
2.450716838073730308e+00
2.472735226821899612e+00
2.479875543212890499e+00
2.467299702072143663e+00
2.474551380920410271e+00
2.461842158889770538e+00
2.459372111129760619e+00
2.462145013046264541e+00
2.459561500930786071e+00
2.451437442016601409e+00
2.446640099334716822e+00
2.463143370437621993e+00
2.458497107696533401e+00
2.446321863937377827e+00
2.457259523391723821e+00
2.450999344253539824e+00
2.446991983795165915e+00
2.452418811035156132e+00
2.438734486770629761e+00
2.455161890411377001e+00
2.437104134368896613e+00
2.434435920715332102e+00
2.439717187881469851e+00
2.445339740753173619e+00
2.428798773574829095e+00
2.441889452743530420e+00
2.439664001464843857e+00
2.447959602355957109e+00
2.431775862884521633e+00
2.418528586959838744e+00
2.438643503952026226e+00
2.431339756393432694e+00
2.436405850601196299e+00
2.436918512725830155e+00
2.434929576492309788e+00
2.429622168350219713e+00
2.427630819320678590e+00
2.432256330490112362e+00
2.439158520889282311e+00
2.442184077453613433e+00
2.446354337692260739e+00
2.428954049301147666e+00
2.434739225387573036e+00
2.422926704025268663e+00
2.431251121520995984e+00
2.443696376037597595e+00
2.445472626495361457e+00
2.431546873855590984e+00
2.439642391967773438e+00
2.429290587997436468e+00
2.425905055618286177e+00
