1.088999999999999968e-01
1.970000000000000084e-01
2.780000000000000249e-01
3.267999999999999794e-01
4.041000000000000147e-01
4.561000000000000054e-01
4.822000000000000175e-01
5.078000000000000291e-01
5.459000000000000519e-01
5.838999999999999746e-01
5.965000000000000302e-01
6.218000000000000194e-01
6.528000000000000469e-01
6.732000000000000206e-01
6.822000000000000286e-01
6.842000000000000304e-01
7.036999999999999922e-01
7.066999999999999948e-01
7.194000000000000394e-01
7.177999999999999936e-01
7.174000000000000377e-01
7.136000000000000121e-01
7.107999999999999874e-01
7.227000000000000091e-01
7.272999999999999465e-01
7.332999999999999519e-01
7.195000000000000284e-01
7.168999999999999817e-01
7.243000000000000549e-01
7.254000000000000448e-01
7.310999999999999721e-01
7.348999999999999977e-01
7.328999999999999959e-01
7.368000000000000105e-01
7.358000000000000096e-01
7.400999999999999801e-01
7.389999999999999902e-01
7.392999999999999572e-01
7.389999999999999902e-01
7.358999999999999986e-01
7.330999999999999739e-01
7.318000000000000060e-01
7.338999999999999968e-01
7.268000000000000016e-01
7.308999999999999941e-01
7.354000000000000536e-01
7.310999999999999721e-01
7.286000000000000254e-01
7.324000000000000510e-01
7.381999999999999673e-01
7.331999999999999629e-01
7.338000000000000078e-01
7.349999999999999867e-01
7.330999999999999739e-01
7.319999999999999840e-01
7.344000000000000528e-01
7.357000000000000206e-01
7.355000000000000426e-01
7.348000000000000087e-01
7.375000000000000444e-01
7.312999999999999501e-01
7.369999999999999885e-01
7.380999999999999783e-01
7.367000000000000215e-01
7.402999999999999581e-01
7.388000000000000123e-01
7.317000000000000171e-01
7.418000000000000149e-01
7.405000000000000471e-01
7.377000000000000224e-01
7.375000000000000444e-01
7.389999999999999902e-01
7.379000000000000004e-01
7.351999999999999647e-01
7.337000000000000188e-01
7.358000000000000096e-01
7.340999999999999748e-01
7.408000000000000140e-01
7.361999999999999655e-01
7.367000000000000215e-01
7.403999999999999471e-01
7.370999999999999774e-01
7.361999999999999655e-01
7.359999999999999876e-01
7.379000000000000004e-01
7.376000000000000334e-01
7.438000000000000167e-01
7.391999999999999682e-01
7.391999999999999682e-01
7.390999999999999792e-01
7.378000000000000114e-01
7.402999999999999581e-01
7.402999999999999581e-01
7.399999999999999911e-01
7.368999999999999995e-01
7.368999999999999995e-01
7.356000000000000316e-01
7.399999999999999911e-01
7.377000000000000224e-01
7.386000000000000343e-01
