2.761384670639038141e+00
2.129510532379150334e+00
2.051283668518066428e+00
1.904586309051513604e+00
1.799428926086425795e+00
1.764823523521423354e+00
1.679769876289367581e+00
1.622130945396423440e+00
1.640719474792480481e+00
1.765527437782287601e+00
1.595783901786804293e+00
1.713149357414245566e+00
1.785862010955810542e+00
1.815129161834716731e+00
1.949378812408447237e+00
1.934632408905029299e+00
1.941049240112304730e+00
1.992244863510131747e+00
2.276340023040771321e+00
2.421797272109985411e+00
2.880824803543090784e+00
2.624903819656371873e+00
2.467445202636718626e+00
2.731023257446289154e+00
2.659780358505249076e+00
2.548208204650878717e+00
2.536605349731445358e+00
2.878145800018310663e+00
2.685047877120971815e+00
2.778350480270385781e+00
2.669129666519165056e+00
2.634703180313110238e+00
2.581373865127563505e+00
2.525546690368652314e+00
2.527461037826538082e+00
2.589955138778686550e+00
2.683807517623901351e+00
2.521902987670898266e+00
2.629262118148803840e+00
2.408382944488525190e+00
2.419052436065673994e+00
2.426498822784423748e+00
2.472431188583374073e+00
2.399559520339965779e+00
2.395903978347778462e+00
2.385480907821655450e+00
2.361175411224365028e+00
2.350993772506714041e+00
2.350989445114135545e+00
2.333551050949096872e+00
2.343127614593505825e+00
2.331290679550170886e+00
2.342108927154541220e+00
2.332760928344726370e+00
2.336089362335205255e+00
2.346527085876464636e+00
2.328155070114135583e+00
2.337909365081787261e+00
2.334236917114257626e+00
2.329307761001587096e+00
2.333658276748657112e+00
2.332437635040283119e+00
2.332596070098877039e+00
2.321662407684326190e+00
2.326120173645019662e+00
2.339920981597900518e+00
2.331368016052246084e+00
2.312142411804199327e+00
2.321279051589965725e+00
2.319751538848876748e+00
2.313889761352538876e+00
2.318926141357422033e+00
2.317159463119506935e+00
2.311858669662475663e+00
2.318863523864746146e+00
2.305378851318359512e+00
2.315564398956298842e+00
2.314266253662109474e+00
2.318477074432372831e+00
2.317483036041259936e+00
2.310922169876098664e+00
2.319551582717895410e+00
2.318742241287231387e+00
2.312629320907592767e+00
2.314019213104248074e+00
2.315280435180663954e+00
2.318266378784179516e+00
2.308124819183349441e+00
2.316168733978271277e+00
2.302730969619751100e+00
2.306170344924926674e+00
2.312457746887206955e+00
2.305198995971679654e+00
2.314136117553710736e+00
2.308035168838500795e+00
2.311826053619384869e+00
2.316044034957885689e+00
2.306981476974487411e+00
2.312477100372314354e+00
2.312542886734008984e+00
