1.912000000000000088e-01
2.336000000000000021e-01
2.927000000000000157e-01
3.169000000000000150e-01
3.397000000000000020e-01
3.401000000000000134e-01
3.890000000000000124e-01
3.982999999999999874e-01
4.148999999999999910e-01
3.721999999999999753e-01
4.284000000000000030e-01
4.239999999999999880e-01
4.158999999999999919e-01
4.420999999999999930e-01
4.330999999999999850e-01
4.535000000000000142e-01
4.539000000000000257e-01
4.566999999999999948e-01
4.526000000000000023e-01
4.592999999999999861e-01
4.451999999999999846e-01
4.581000000000000072e-01
4.706000000000000183e-01
4.643999999999999795e-01
4.858999999999999986e-01
4.956999999999999740e-01
5.051999999999999824e-01
4.969999999999999973e-01
5.009000000000000119e-01
4.989999999999999991e-01
5.120000000000000107e-01
5.220000000000000195e-01
5.138000000000000345e-01
5.254999999999999671e-01
5.270000000000000240e-01
5.283999999999999808e-01
5.119000000000000217e-01
5.128000000000000336e-01
5.190000000000000169e-01
5.251000000000000112e-01
5.326999999999999513e-01
5.358000000000000540e-01
5.290000000000000258e-01
5.326999999999999513e-01
5.326999999999999513e-01
5.349000000000000421e-01
5.362000000000000099e-01
5.364999999999999769e-01
5.373999999999999888e-01
5.343999999999999861e-01
5.349000000000000421e-01
5.362999999999999989e-01
5.366999999999999549e-01
5.374999999999999778e-01
5.380000000000000338e-01
5.368000000000000549e-01
5.371000000000000218e-01
5.387999999999999456e-01
5.360000000000000320e-01
5.363999999999999879e-01
5.369000000000000439e-01
5.381000000000000227e-01
5.382000000000000117e-01
5.372999999999999998e-01
5.362999999999999989e-01
5.349000000000000421e-01
5.362999999999999989e-01
5.364999999999999769e-01
5.352999999999999980e-01
5.362999999999999989e-01
5.379000000000000448e-01
5.375999999999999668e-01
5.364999999999999769e-01
5.365999999999999659e-01
5.362999999999999989e-01
5.383999999999999897e-01
5.359000000000000430e-01
5.385999999999999677e-01
5.364999999999999769e-01
5.377999999999999448e-01
5.376999999999999558e-01
5.384999999999999787e-01
5.372999999999999998e-01
5.375999999999999668e-01
5.375999999999999668e-01
5.363999999999999879e-01
5.383000000000000007e-01
5.383000000000000007e-01
5.364999999999999769e-01
5.379000000000000448e-01
5.394999999999999796e-01
5.383999999999999897e-01
5.381000000000000227e-01
5.375999999999999668e-01
5.387999999999999456e-01
5.375999999999999668e-01
5.374999999999999778e-01
5.386999999999999567e-01
5.382000000000000117e-01
5.365999999999999659e-01
