7.585246234130859300e+00
1.970583074951171909e+00
1.911126360893249609e+00
1.952064375114440864e+00
1.697848544120788672e+00
1.801539786338806071e+00
1.594851804924011240e+00
1.498210741806030200e+00
1.599239649009704500e+00
1.542641084098815840e+00
1.495339175033569390e+00
1.546834474372863699e+00
1.692217595481872561e+00
1.636517405509948730e+00
1.888211659240722762e+00
2.445658512878417845e+00
2.241041600036620896e+00
2.820016604614257627e+00
2.124759983062744162e+00
3.287527754592895590e+00
2.346238076400756878e+00
3.003370031738281209e+00
2.744398561477661147e+00
2.486350136947631739e+00
2.745898037338256881e+00
2.641184542083740094e+00
2.748537436294555825e+00
2.848616350555420063e+00
2.750051684188842938e+00
2.897103234481811729e+00
2.789524341964721543e+00
2.755147507476806812e+00
2.630969348907470806e+00
2.594954729461669718e+00
2.491562147140502947e+00
2.499900302124023366e+00
2.495584276580810723e+00
2.462851733779907182e+00
2.424967031478881818e+00
2.411070095443725414e+00
2.383803288650512719e+00
2.362351770401001083e+00
2.361051166534423817e+00
2.338823447036743275e+00
2.320246943664550976e+00
2.295546648406982637e+00
2.282476885986328252e+00
2.262823702621460153e+00
2.243924087142944224e+00
2.232923463821411048e+00
2.242816542053222673e+00
2.245327737045287986e+00
2.241454981231689292e+00
2.238824877548217795e+00
2.243900403213500816e+00
2.237605461502075066e+00
2.242608553314208830e+00
2.236637808990478593e+00
2.242622296142577909e+00
2.245077890396118381e+00
2.235536167907715033e+00
2.240531351470947286e+00
2.231078362274169891e+00
2.237709267044067474e+00
2.234962758636474423e+00
2.232076856613159244e+00
2.231586985397338907e+00
2.238284913253784314e+00
2.224038322448730565e+00
2.219068795013427575e+00
2.214607348251342867e+00
2.228838299942016654e+00
2.227478985214233376e+00
2.224351278686523603e+00
2.211335718536377115e+00
2.213087958526611221e+00
2.209804272460937469e+00
2.217449228286743068e+00
2.214027739334106570e+00
2.216026152038574004e+00
2.217950792694091788e+00
2.214044243621826169e+00
2.207988679885864336e+00
2.207178252792358464e+00
2.216566105270385556e+00
2.214149531173706276e+00
2.215922774505615145e+00
2.215602311706542871e+00
2.209351154708862452e+00
2.206316797256469897e+00
2.209649587249755687e+00
2.203369576644897521e+00
2.211410912704467879e+00
2.202199887466430805e+00
2.215528359603881725e+00
2.214025424194336011e+00
2.210906350708008006e+00
2.206047523880005023e+00
2.210631782150268343e+00
2.215363729858398578e+00
