5.837784146118163875e+00
2.202364118576049634e+00
1.879365552711486753e+00
1.785396513938903862e+00
1.594696669578552273e+00
1.477546272850036591e+00
1.410694043540954512e+00
1.325440415954589835e+00
1.242642127037048239e+00
1.144851661300659185e+00
1.122198136138915947e+00
1.053455209350586008e+00
9.866971290588378851e-01
9.357812221527099794e-01
9.029331782341003532e-01
8.930557481765747374e-01
8.521680272102355458e-01
8.480227028846740733e-01
8.333787300109862795e-01
8.832513573646545435e-01
9.090141506195068555e-01
9.835065159797667933e-01
1.026050229072570819e+00
9.982392856597900321e-01
1.013805058479309018e+00
1.084908156204223539e+00
1.286657695007324298e+00
1.381961577033996580e+00
1.205672717666625982e+00
1.096961869812011825e+00
1.152653908157348583e+00
1.236491132164001527e+00
1.296638091087341405e+00
1.366291143226623594e+00
1.403869594383239772e+00
1.426882942199707127e+00
1.454220017242431551e+00
1.475349290466308583e+00
1.499218438148498533e+00
1.538754647445678803e+00
1.511440746879577635e+00
1.401999683189392165e+00
1.315072370147705172e+00
1.305002833938598616e+00
1.366269905853271460e+00
1.381987160873413112e+00
1.272710870170593367e+00
1.196897580909729086e+00
1.160253370857238675e+00
1.176736003494262661e+00
1.258180224609374953e+00
1.351600664710998601e+00
1.395055881309509305e+00
1.424835076332092276e+00
1.358324366569519048e+00
1.338935419654846193e+00
1.380372805213928133e+00
1.417184671783447314e+00
1.438149621963501046e+00
1.461037876510620226e+00
1.258142539596557530e+00
1.262318638229370071e+00
1.320986841392516986e+00
1.385582992362976107e+00
1.422021374130248983e+00
1.241571037483215401e+00
1.172819123077392556e+00
1.250921016502380301e+00
1.355149530601501562e+00
1.399020615005493129e+00
1.298797757530212316e+00
1.279526864433288669e+00
1.134614632034301795e+00
1.233862962341308656e+00
1.245743883705139110e+00
1.263968630218505806e+00
1.254352538490295377e+00
1.245639282798767011e+00
1.196947132682800286e+00
1.224770833778381363e+00
1.287855056571960422e+00
1.359476422119140659e+00
1.389138992118835514e+00
1.393975858688354386e+00
1.191040558815002370e+00
1.238911810111999579e+00
1.312043671417236324e+00
1.294228680992126401e+00
1.304194093704223567e+00
1.227777122497558659e+00
1.230744089317321821e+00
1.269132687377929614e+00
1.340345668792724654e+00
1.403503201484680218e+00
1.432156336593627843e+00
1.448927912139892582e+00
1.456837328529357878e+00
1.419107080841064406e+00
1.437027601432800283e+00
1.448818511390685959e+00
