1.003000000000000003e-01
2.013999999999999957e-01
3.025999999999999801e-01
3.195999999999999952e-01
3.063000000000000167e-01
3.309000000000000274e-01
3.221999999999999864e-01
3.961999999999999966e-01
3.990000000000000213e-01
4.314000000000000057e-01
4.203999999999999959e-01
4.217000000000000193e-01
4.235999999999999766e-01
4.711000000000000187e-01
3.987999999999999878e-01
3.879000000000000226e-01
4.303000000000000158e-01
3.835999999999999965e-01
4.429000000000000159e-01
4.079999999999999738e-01
4.393000000000000238e-01
4.249999999999999889e-01
4.683999999999999830e-01
4.793000000000000038e-01
4.616000000000000103e-01
4.845999999999999752e-01
4.798999999999999932e-01
4.536999999999999922e-01
4.801000000000000267e-01
4.618999999999999773e-01
4.783000000000000029e-01
4.968000000000000194e-01
4.968000000000000194e-01
5.101999999999999869e-01
5.039000000000000146e-01
5.214999999999999636e-01
5.221999999999999975e-01
5.141000000000000014e-01
5.203999999999999737e-01
5.113999999999999657e-01
5.252000000000000002e-01
5.263999999999999790e-01
5.117000000000000437e-01
5.253999999999999782e-01
5.179000000000000270e-01
5.284999999999999698e-01
5.296999999999999487e-01
5.030999999999999917e-01
5.153999999999999693e-01
5.129000000000000226e-01
5.262999999999999901e-01
5.245999999999999552e-01
5.249000000000000332e-01
5.263999999999999790e-01
5.256999999999999451e-01
5.260000000000000231e-01
5.256999999999999451e-01
5.256999999999999451e-01
5.262999999999999901e-01
5.263999999999999790e-01
5.282000000000000028e-01
5.264999999999999680e-01
5.265999999999999570e-01
5.274999999999999689e-01
5.261000000000000121e-01
5.282999999999999918e-01
5.278000000000000469e-01
5.288000000000000478e-01
5.255999999999999561e-01
5.306999999999999496e-01
5.265999999999999570e-01
5.268000000000000460e-01
5.289000000000000368e-01
5.299000000000000377e-01
5.262000000000000011e-01
5.263999999999999790e-01
5.279000000000000359e-01
5.282999999999999918e-01
5.272999999999999909e-01
5.282000000000000028e-01
5.265999999999999570e-01
5.281000000000000139e-01
5.270000000000000240e-01
5.283999999999999808e-01
5.290000000000000258e-01
5.268000000000000460e-01
5.271000000000000130e-01
5.272999999999999909e-01
5.301000000000000156e-01
5.280000000000000249e-01
5.281000000000000139e-01
5.271000000000000130e-01
5.279000000000000359e-01
5.280000000000000249e-01
5.268000000000000460e-01
5.260000000000000231e-01
5.259000000000000341e-01
5.279000000000000359e-01
5.288000000000000478e-01
5.286999999999999478e-01
