2.251070890426635884e+00
2.034933281517028902e+00
2.010666072082519573e+00
1.722206948280334382e+00
1.646596974945068403e+00
1.846859744071960518e+00
1.687642222976684536e+00
1.668237623023986815e+00
1.794251020812988262e+00
1.765407880783081085e+00
1.591818864440917913e+00
1.755721506309509294e+00
1.713783632469177309e+00
2.056211292648315592e+00
2.087018706512451249e+00
2.111339361572265538e+00
2.241140927886962952e+00
2.262446180343627766e+00
2.642228762054443347e+00
2.624003693008422733e+00
2.830343570327758851e+00
2.836290668487548849e+00
3.323564718246459826e+00
2.744758299255371181e+00
2.790633005905151176e+00
2.903828141403198337e+00
2.976456939315796024e+00
2.774029794692993267e+00
3.065419868850708163e+00
2.869861278915405212e+00
2.779335037994384638e+00
2.818236429977416968e+00
2.709605073928833097e+00
2.802242486953735234e+00
2.737217517471313588e+00
2.740842583465576077e+00
2.722419134140014574e+00
2.709655205535888456e+00
2.700956869125366033e+00
2.615788476943969876e+00
2.643978151321411119e+00
2.671201867294311416e+00
2.617647719955444430e+00
2.624516580200195293e+00
2.610233842849731367e+00
2.587022449874877950e+00
2.543538008117675719e+00
2.551771524810790837e+00
2.558324234008789055e+00
2.538033273315429827e+00
2.547837078857421833e+00
2.539468801116943286e+00
2.548240120315551582e+00
2.549996633911132626e+00
2.545681851959228581e+00
2.524997368240356366e+00
2.533747885131835798e+00
2.540812000656127889e+00
2.524813776779174734e+00
2.527993797683715904e+00
2.511980215454101550e+00
2.514500432586669998e+00
2.528514322662353653e+00
2.524764976882934775e+00
2.519729650878906213e+00
2.507600838851928859e+00
2.506721652221679530e+00
2.511097615432739349e+00
2.504908460998535258e+00
2.507197726821899231e+00
2.506253469848632953e+00
2.504188920974731225e+00
2.507376968383788984e+00
2.492681158828735200e+00
2.483407146453857628e+00
2.491721878433227566e+00
2.502125434112548952e+00
2.509222432708740236e+00
2.507805636978149622e+00
2.490582193756103457e+00
2.497772798538207883e+00
2.486586371994018663e+00
2.512410717391967641e+00
2.491214597702026357e+00
2.506227671432494919e+00
2.489689210510253936e+00
2.496571682739257891e+00
2.494477281188964835e+00
2.490823420715332137e+00
2.505402012634277309e+00
2.499041301727294773e+00
2.501788762664794774e+00
2.493807511138915967e+00
2.487634045791625947e+00
2.503343708801269329e+00
2.494322020721435607e+00
2.502042440795898326e+00
2.493172324371337734e+00
2.494942429351806545e+00
2.499611051559448072e+00
