5.837784046936035587e+00
2.202364038848876771e+00
1.879365558815002446e+00
1.785396450042724625e+00
1.594696685028076155e+00
1.477546272850036591e+00
1.410694037437439041e+00
1.325440397644042978e+00
1.242642109107971127e+00
1.144851615715026805e+00
1.122198111343383875e+00
1.053455218505859436e+00
9.866971105575561563e-01
9.357811946868896946e-01
9.029332058906555103e-01
8.930557817459106040e-01
8.521680211067199640e-01
8.480226955413818768e-01
8.333787086486816875e-01
8.832513252258300529e-01
9.090141107559204237e-01
9.835066280364990199e-01
1.026050305747985947e+00
9.982392667770385586e-01
1.013804918479919381e+00
1.084908186340332037e+00
1.286657719039917103e+00
1.381961539649963377e+00
1.205672717666625982e+00
1.096961869430542080e+00
1.152653914642334021e+00
1.236491129302978553e+00
1.296638136672973562e+00
1.366291263008117651e+00
1.403869638633727934e+00
1.426882959747314494e+00
1.454219959068298262e+00
1.475349286079406630e+00
1.499218554496765110e+00
1.538754593658447245e+00
1.511440758705139054e+00
1.401999581146240237e+00
1.315072455978393506e+00
1.305002840805053799e+00
1.366269783782958935e+00
1.381987316703796376e+00
1.272710952758788983e+00
1.196897513008117642e+00
1.160253368759155190e+00
1.176735994148254472e+00
1.258180237579345606e+00
1.351600544738769560e+00
1.395055930137634181e+00
1.424835022544860941e+00
1.358324419784545878e+00
1.338935546112060448e+00
1.380372819900512749e+00
1.417184713935851992e+00
1.438149541854858438e+00
1.461037970924377483e+00
1.258142429351806646e+00
1.262318495750427205e+00
1.320986846733093190e+00
1.385582974052429250e+00
1.422021340370178244e+00
1.241571061134338461e+00
1.172819074249267679e+00
1.250921014022827071e+00
1.355149430847167880e+00
1.399020602416992221e+00
1.298797773361206165e+00
1.279526912117004311e+00
1.134614578056335477e+00
1.233862870788574151e+00
1.245743875885009677e+00
1.263968585014343171e+00
1.254352682876586966e+00
1.245639200592040918e+00
1.196947108268737736e+00
1.224770837020874081e+00
1.287855004119873081e+00
1.359476437187194797e+00
1.389138970184326194e+00
1.393975851821899425e+00
1.191040573120117241e+00
1.238911929702758874e+00
1.312043732452392586e+00
1.294228693199157787e+00
1.304194081497192403e+00
1.227777134704589823e+00
1.230744185256958056e+00
1.269132876205444349e+00
1.340345570755004934e+00
1.403503085136413642e+00
1.432156358146667419e+00
1.448927990722656212e+00
1.456837237739563085e+00
1.419106993293762109e+00
1.437027684783935610e+00
1.448818482017517173e+00
