5.837782751464843933e+00
2.202364118576049634e+00
1.879365516090393040e+00
1.785396501731872476e+00
1.594696712684631423e+00
1.477546275711059565e+00
1.410694065093994087e+00
1.325440373229980429e+00
1.242642109107971127e+00
1.144851673889160093e+00
1.122198099517822234e+00
1.053455169486999576e+00
9.866971321105957315e-01
9.357811916351318482e-01
9.029332150459289386e-01
8.930556672096252591e-01
8.521679862976073716e-01
8.480226924896240304e-01
8.333787580490111813e-01
8.832513370513915829e-01
9.090140985488891490e-01
9.835065513610840027e-01
1.026050207519531243e+00
9.982392089843750149e-01
1.013804994392395020e+00
1.084908156585693284e+00
1.286657633972168036e+00
1.381961675453186045e+00
1.205672751426696721e+00
1.096961827468872164e+00
1.152654071807861280e+00
1.236491128921508809e+00
1.296637940979003867e+00
1.366291053009033307e+00
1.403869554901123085e+00
1.426882776641845707e+00
1.454220032310485911e+00
1.475349262428283792e+00
1.499218513870239189e+00
1.538754630279540958e+00
1.511440596008300830e+00
1.401999587631225674e+00
1.315072462081909199e+00
1.305002807807922327e+00
1.366269857025146583e+00
1.381987208747863738e+00
1.272710867691040137e+00
1.196897611045837362e+00
1.160253248786926372e+00
1.176735939216613680e+00
1.258180164337158180e+00
1.351600660324096648e+00
1.395055926895141685e+00
1.424835065650939869e+00
1.358324430465698285e+00
1.338935469245910559e+00
1.380372782897949291e+00
1.417184835243225027e+00
1.438149571990966713e+00
1.461037974166870201e+00
1.258142514801025458e+00
1.262318488502502500e+00
1.320986871910095228e+00
1.385583053779602114e+00
1.422021495437622018e+00
1.241571092033386225e+00
1.172819053077697848e+00
1.250921032714843673e+00
1.355149465560913091e+00
1.399020627212524515e+00
1.298797822952270531e+00
1.279526855087280257e+00
1.134614608001708991e+00
1.233862970924377356e+00
1.245743820953369108e+00
1.263968703842162977e+00
1.254352552223205519e+00
1.245639208793640096e+00
1.196947224617004313e+00
1.224770752716064504e+00
1.287854943084716819e+00
1.359476457977294883e+00
1.389139001464843703e+00
1.393975958824157813e+00
1.191040542602538999e+00
1.238911910629272528e+00
1.312043815040588424e+00
1.294228631401062035e+00
1.304194080734252914e+00
1.227776988601684494e+00
1.230744175148010155e+00
1.269132852554321289e+00
1.340345742034912080e+00
1.403503228378295997e+00
1.432156346321106000e+00
1.448927982521057034e+00
1.456837197875976653e+00
1.419106962776184089e+00
1.437027580261230453e+00
1.448818370628356833e+00
