1.287000000000000088e-01
2.265999999999999959e-01
2.501999999999999780e-01
3.226999999999999869e-01
3.584999999999999853e-01
3.311000000000000054e-01
3.443999999999999839e-01
3.728000000000000203e-01
4.111000000000000210e-01
3.932999999999999829e-01
4.290999999999999814e-01
4.283000000000000140e-01
3.758000000000000229e-01
4.661000000000000143e-01
4.114999999999999769e-01
4.529000000000000248e-01
4.440000000000000058e-01
4.602999999999999869e-01
4.565000000000000169e-01
4.268000000000000127e-01
4.640000000000000235e-01
4.813000000000000056e-01
4.482999999999999763e-01
4.680000000000000271e-01
4.718999999999999861e-01
4.596999999999999975e-01
4.763999999999999901e-01
4.863000000000000100e-01
4.782000000000000139e-01
4.803000000000000047e-01
4.999000000000000110e-01
4.824999999999999845e-01
5.050999999999999934e-01
5.160000000000000142e-01
5.202999999999999847e-01
5.231000000000000094e-01
5.207000000000000517e-01
5.221000000000000085e-01
5.254999999999999671e-01
5.228000000000000425e-01
5.240000000000000213e-01
5.261000000000000121e-01
5.248000000000000442e-01
5.248000000000000442e-01
5.230000000000000204e-01
5.254999999999999671e-01
5.241000000000000103e-01
5.245999999999999552e-01
5.276999999999999469e-01
5.272000000000000020e-01
5.273999999999999799e-01
5.255999999999999561e-01
5.253999999999999782e-01
5.260000000000000231e-01
5.275999999999999579e-01
5.261000000000000121e-01
5.272000000000000020e-01
5.261000000000000121e-01
5.268000000000000460e-01
5.265999999999999570e-01
5.269000000000000350e-01
5.270000000000000240e-01
5.282000000000000028e-01
5.265999999999999570e-01
5.266999999999999460e-01
5.272000000000000020e-01
5.262000000000000011e-01
5.265999999999999570e-01
5.282999999999999918e-01
5.272999999999999909e-01
5.266999999999999460e-01
5.270000000000000240e-01
5.262000000000000011e-01
5.264999999999999680e-01
5.271000000000000130e-01
5.270000000000000240e-01
5.284999999999999698e-01
5.270000000000000240e-01
5.263999999999999790e-01
5.292999999999999927e-01
5.260000000000000231e-01
5.249000000000000332e-01
5.269000000000000350e-01
5.276999999999999469e-01
5.269000000000000350e-01
5.282000000000000028e-01
5.265999999999999570e-01
5.284999999999999698e-01
5.274999999999999689e-01
5.271000000000000130e-01
5.274999999999999689e-01
5.273999999999999799e-01
5.283999999999999808e-01
5.282999999999999918e-01
5.269000000000000350e-01
5.270000000000000240e-01
5.256999999999999451e-01
5.272000000000000020e-01
5.273999999999999799e-01
5.278000000000000469e-01
