5.837783023071288824e+00
2.202364081954955921e+00
1.879365485572815020e+00
1.785396492385864287e+00
1.594696682167053181e+00
1.477546281814575257e+00
1.410694065093994087e+00
1.325440422058105527e+00
1.242642118453979538e+00
1.144851673889160093e+00
1.122198154830932548e+00
1.053455194473266632e+00
9.866971355438232116e-01
9.357811979293823024e-01
9.029332150459289386e-01
8.930557632446288752e-01
8.521679800033569174e-01
8.480226587295531804e-01
8.333787285804749034e-01
8.832513343811034812e-01
9.090140806198120371e-01
9.835065709114074739e-01
1.026050174140930249e+00
9.982392425537109926e-01
1.013805070877075165e+00
1.084908245086669831e+00
1.286657698631286539e+00
1.381961660003662162e+00
1.205672756385803179e+00
1.096961878585815509e+00
1.152653991508483911e+00
1.236491077232360736e+00
1.296638023948669449e+00
1.366291151428222550e+00
1.403869570350646967e+00
1.426883043098449599e+00
1.454220062065124441e+00
1.475349216079711923e+00
1.499218422698974651e+00
1.538754648208618070e+00
1.511440593528747600e+00
1.401999589729309159e+00
1.315072412490844833e+00
1.305002865600585871e+00
1.366269801330566303e+00
1.381987286567687878e+00
1.272710891342162975e+00
1.196897641944885349e+00
1.160253404998779381e+00
1.176735957527160537e+00
1.258180187988281240e+00
1.351600618362426731e+00
1.395055951690673757e+00
1.424834966468811137e+00
1.358324390983581598e+00
1.338935594558715803e+00
1.380372966766357345e+00
1.417184791374206609e+00
1.438149539375305208e+00
1.461038065719604484e+00
1.258142511558532739e+00
1.262318427848815983e+00
1.320986862564086817e+00
1.385583062362670814e+00
1.422021397399902298e+00
1.241571027374267500e+00
1.172819117736816352e+00
1.250920955848693783e+00
1.355149378776550284e+00
1.399020459175109865e+00
1.298797828292846734e+00
1.279526884460449265e+00
1.134614703750610243e+00
1.233862940406799336e+00
1.245743862915039024e+00
1.263968739700317423e+00
1.254352673912048299e+00
1.245639338111877548e+00
1.196947083091735919e+00
1.224770819091796970e+00
1.287855001258850107e+00
1.359476296806335416e+00
1.389138837051391517e+00
1.393975934791565008e+00
1.191040595054626561e+00
1.238911902427673351e+00
1.312043842315673725e+00
1.294228629302978550e+00
1.304194023704528860e+00
1.227777058982849168e+00
1.230744212150573835e+00
1.269132873344421375e+00
1.340345729064941427e+00
1.403503053855895910e+00
1.432156325912475658e+00
1.448927860450744731e+00
1.456837230491638158e+00
1.419106990432739357e+00
1.437027635192871022e+00
1.448818307113647563e+00
