5.265605763549804408e+01
2.356631200408935367e+00
2.026055953216552741e+00
1.834177821922302165e+00
1.701782110977172913e+00
1.704980949401855517e+00
1.536614839363098062e+00
1.687878049659728985e+00
1.622819911766052225e+00
1.632102967834472729e+00
1.782937112998962403e+00
1.761920679664611855e+00
1.640111725425720257e+00
1.786009410285949617e+00
2.190357447052001749e+00
2.442487293243408075e+00
1.973352234077453637e+00
2.295836627197265667e+00
2.886926282119750997e+00
3.049448090362548935e+00
2.708992650604248098e+00
2.638071074295043950e+00
2.625080619049072084e+00
3.267653439331054788e+00
2.773920869064331107e+00
2.940446020507812452e+00
2.682386769104003754e+00
3.188203379440307739e+00
2.776608806610107560e+00
2.970387591171264496e+00
2.919514620590209830e+00
2.811107940292358442e+00
2.890466579818725457e+00
2.799175852203369175e+00
2.697185238647461070e+00
2.653403290557861283e+00
2.617530568695068283e+00
2.584937196350097555e+00
2.553054809188842977e+00
2.544061209487915143e+00
2.543942944335937373e+00
2.520598168945312523e+00
2.479636133956909294e+00
2.474478829956054504e+00
2.453878052139282229e+00
2.440437266921997139e+00
2.404969461059570435e+00
2.396411775588989101e+00
2.388934458160400176e+00
2.418072072982788256e+00
2.411229010391235494e+00
2.404877178192138754e+00
2.393797418212890715e+00
2.400128335952758984e+00
2.391109590148925879e+00
2.400894100189209013e+00
2.390259860610961962e+00
2.398977673339843797e+00
2.384752158355712748e+00
2.379629843521118282e+00
2.374182392883300796e+00
2.368837732696533305e+00
2.371550641250610436e+00
2.369344952392578030e+00
2.364052195358276265e+00
2.371801540374755657e+00
2.363819049835205188e+00
2.360798727035522404e+00
2.352763406372070154e+00
2.357510222625732510e+00
2.357881491470336766e+00
2.354622713088989183e+00
2.347481005859374914e+00
2.352591428375244043e+00
2.359035937499999847e+00
2.344454455947876159e+00
2.346968903732299605e+00
2.352607909393310326e+00
2.351505208969116190e+00
2.343196011352539188e+00
2.356187692260742317e+00
2.340483786773681629e+00
2.345252889251709050e+00
2.347423605728149454e+00
2.350084144973755063e+00
2.343659190368652556e+00
2.342452148437499826e+00
2.349720405578613391e+00
2.351879675292968930e+00
2.351268746948242061e+00
2.352388595581054620e+00
2.345142946624755975e+00
2.350907887268066432e+00
2.343826007080078266e+00
2.346980433654785259e+00
2.345466517639160031e+00
2.337031374359130886e+00
2.342366345596313515e+00
2.348377438354491975e+00
2.346561720275878837e+00
