1.053999999999999937e-01
2.278999999999999915e-01
2.792000000000000037e-01
3.271000000000000019e-01
3.694999999999999951e-01
3.726999999999999758e-01
4.275999999999999801e-01
3.879000000000000226e-01
4.074999999999999734e-01
4.395999999999999908e-01
4.190999999999999726e-01
4.062999999999999945e-01
4.541999999999999926e-01
4.517999999999999794e-01
3.834000000000000186e-01
4.052000000000000046e-01
4.737999999999999989e-01
4.376999999999999780e-01
4.338000000000000189e-01
4.224999999999999867e-01
4.689999999999999725e-01
4.733999999999999875e-01
4.767000000000000126e-01
4.575000000000000178e-01
4.970999999999999863e-01
4.820999999999999730e-01
4.943000000000000171e-01
4.613999999999999768e-01
5.013999999999999568e-01
5.057000000000000384e-01
4.858000000000000096e-01
5.100000000000000089e-01
5.079000000000000181e-01
5.087000000000000410e-01
5.173999999999999710e-01
5.244999999999999662e-01
5.310000000000000275e-01
5.286999999999999478e-01
5.263999999999999790e-01
5.284999999999999698e-01
5.322000000000000064e-01
5.296999999999999487e-01
5.338000000000000522e-01
5.359000000000000430e-01
5.321000000000000174e-01
5.305999999999999606e-01
5.315999999999999615e-01
5.314999999999999725e-01
5.348000000000000531e-01
5.288000000000000478e-01
5.316999999999999504e-01
5.303999999999999826e-01
5.320000000000000284e-01
5.320000000000000284e-01
5.318000000000000504e-01
5.328000000000000513e-01
5.332000000000000073e-01
5.333999999999999853e-01
5.336999999999999522e-01
5.334999999999999742e-01
5.340000000000000302e-01
5.338000000000000522e-01
5.332999999999999963e-01
5.345999999999999641e-01
5.322000000000000064e-01
5.333999999999999853e-01
5.344999999999999751e-01
5.352999999999999980e-01
5.335999999999999632e-01
5.339000000000000412e-01
5.354999999999999760e-01
5.345999999999999641e-01
5.341000000000000192e-01
5.349000000000000421e-01
5.358000000000000540e-01
5.344999999999999751e-01
5.335999999999999632e-01
5.324999999999999734e-01
5.332999999999999963e-01
5.336999999999999522e-01
5.342000000000000082e-01
5.350000000000000311e-01
5.346999999999999531e-01
5.345999999999999641e-01
5.342000000000000082e-01
5.342000000000000082e-01
5.352000000000000091e-01
5.346999999999999531e-01
5.341000000000000192e-01
5.338000000000000522e-01
5.339000000000000412e-01
5.328000000000000513e-01
5.342000000000000082e-01
5.335999999999999632e-01
5.339000000000000412e-01
5.341000000000000192e-01
5.350000000000000311e-01
5.350000000000000311e-01
5.343999999999999861e-01
5.350000000000000311e-01
