2.096999999999999975e-01
2.543000000000000260e-01
2.871000000000000218e-01
3.316999999999999948e-01
3.699000000000000066e-01
3.716999999999999749e-01
3.703000000000000180e-01
4.223999999999999977e-01
3.946999999999999953e-01
3.846999999999999864e-01
4.099999999999999756e-01
4.368000000000000216e-01
4.274000000000000021e-01
3.145999999999999908e-01
4.370999999999999885e-01
4.685000000000000275e-01
4.530000000000000138e-01
4.072999999999999954e-01
4.696000000000000174e-01
4.376999999999999780e-01
4.440000000000000058e-01
4.696000000000000174e-01
4.757000000000000117e-01
4.809999999999999831e-01
4.756000000000000227e-01
4.677999999999999936e-01
4.838000000000000078e-01
5.030000000000000027e-01
4.823000000000000065e-01
4.890999999999999792e-01
5.052999999999999714e-01
5.072999999999999732e-01
5.208000000000000407e-01
5.197000000000000508e-01
5.139000000000000234e-01
5.241999999999999993e-01
5.235999999999999543e-01
5.227000000000000535e-01
5.215999999999999526e-01
5.229000000000000314e-01
5.239000000000000323e-01
5.230000000000000204e-01
5.260000000000000231e-01
5.279000000000000359e-01
5.254999999999999671e-01
5.271000000000000130e-01
5.262000000000000011e-01
5.244999999999999662e-01
5.275999999999999579e-01
5.262999999999999901e-01
5.284999999999999698e-01
5.271000000000000130e-01
5.268000000000000460e-01
5.288000000000000478e-01
5.290000000000000258e-01
5.279000000000000359e-01
5.281000000000000139e-01
5.275999999999999579e-01
5.269000000000000350e-01
5.294999999999999707e-01
5.292000000000000037e-01
5.262000000000000011e-01
5.292999999999999927e-01
5.281000000000000139e-01
5.264999999999999680e-01
5.286999999999999478e-01
5.270000000000000240e-01
5.272999999999999909e-01
5.284999999999999698e-01
5.284999999999999698e-01
5.276999999999999469e-01
5.298000000000000487e-01
5.290000000000000258e-01
5.286999999999999478e-01
5.283999999999999808e-01
5.311000000000000165e-01
5.274999999999999689e-01
5.291000000000000147e-01
5.293999999999999817e-01
5.310000000000000275e-01
5.289000000000000368e-01
5.292000000000000037e-01
5.265999999999999570e-01
5.290000000000000258e-01
5.300000000000000266e-01
5.276999999999999469e-01
5.273999999999999799e-01
5.286999999999999478e-01
5.280000000000000249e-01
5.319000000000000394e-01
5.272000000000000020e-01
5.300000000000000266e-01
5.273999999999999799e-01
5.304999999999999716e-01
5.274999999999999689e-01
5.275999999999999579e-01
5.281000000000000139e-01
5.304999999999999716e-01
5.293999999999999817e-01
5.292000000000000037e-01
