5.837783265686034895e+00
2.202364137268066457e+00
1.879365565299987884e+00
1.785396437454223717e+00
1.594696681785583436e+00
1.477546242332458570e+00
1.410694061470031846e+00
1.325440394020080515e+00
1.242642105865478408e+00
1.144851664543151903e+00
1.122198157691955522e+00
1.053455209159851025e+00
9.866971227645874309e-01
9.357812128067016788e-01
9.029332028388976639e-01
8.930557022094726127e-01
8.521680257797241698e-01
8.480226819038391151e-01
8.333787181854247494e-01
8.832513526916503377e-01
9.090140987396240213e-01
9.835065129280090579e-01
1.026050235557556256e+00
9.982392789840698333e-01
1.013804988288879327e+00
1.084908272361755355e+00
1.286657633209228546e+00
1.381961580657959043e+00
1.205672743797302271e+00
1.096961811065673809e+00
1.152653988075256430e+00
1.236491107749938978e+00
1.296638016700744522e+00
1.366291217803955016e+00
1.403869659423828020e+00
1.426882991409301749e+00
1.454220032691955655e+00
1.475349172019958521e+00
1.499218534088134769e+00
1.538754663276672430e+00
1.511440568733215306e+00
1.401999573326110804e+00
1.315072481536865290e+00
1.305002822875976465e+00
1.366269783782958935e+00
1.381987164497375575e+00
1.272710814476013086e+00
1.196897681808471781e+00
1.160253392028808506e+00
1.176735885429382344e+00
1.258180359649658131e+00
1.351600639152526817e+00
1.395055964279174887e+00
1.424835177230834971e+00
1.358324342155456499e+00
1.338935508728027246e+00
1.380372948455810489e+00
1.417184689903259187e+00
1.438149588203430085e+00
1.461037977790832443e+00
1.258142533493042059e+00
1.262318561744689926e+00
1.320986788940429646e+00
1.385582939529419022e+00
1.422021337127685525e+00
1.241571009826660132e+00
1.172819123458862300e+00
1.250921020889282254e+00
1.355149423217773430e+00
1.399020664596557717e+00
1.298797778701782146e+00
1.279526933288574142e+00
1.134614625930786103e+00
1.233862968063354382e+00
1.245743824577331571e+00
1.263968598937988297e+00
1.254352685737609940e+00
1.245639221382141004e+00
1.196947212028503404e+00
1.224770831298828133e+00
1.287854998016357388e+00
1.359476445388793975e+00
1.389139044189453109e+00
1.393975840377807529e+00
1.191040602111816504e+00
1.238911871147155841e+00
1.312043769836425788e+00
1.294228591156005859e+00
1.304194054985046369e+00
1.227777155876159654e+00
1.230744245529174830e+00
1.269132781410217348e+00
1.340345771789550833e+00
1.403503119659423870e+00
1.432156272697448829e+00
1.448927896308898955e+00
1.456837200736999405e+00
1.419107179260253870e+00
1.437027625465393088e+00
1.448818479537963944e+00
