1.218055340881347703e+01
2.474667260742187569e+00
2.263712529754638769e+00
1.916348132705688379e+00
1.631073401641845777e+00
1.571436083412170337e+00
1.591008013534545906e+00
1.628571624946594243e+00
1.509999278640747011e+00
1.707492572975158662e+00
1.696727445983886806e+00
1.775323034858703686e+00
1.515576247024536194e+00
1.953994183731079026e+00
2.395769854354858452e+00
2.364192459106445376e+00
2.135433523559570279e+00
3.975941598510742025e+00
2.409108882522582817e+00
2.458285976409912088e+00
2.485819100570678675e+00
2.734097346115112348e+00
2.856093031692505058e+00
2.926460645294189256e+00
2.992350617980957139e+00
2.886996294021606513e+00
2.847329323196411188e+00
2.907879638671874822e+00
2.899194591903686558e+00
2.878692354202270653e+00
2.848161430358886914e+00
2.884973834609985133e+00
3.017750284957885665e+00
2.723618247604369991e+00
2.850268590545654401e+00
2.758338591003417939e+00
2.971684949111938590e+00
2.764232397460937296e+00
2.713384846115112214e+00
2.667304671478271327e+00
2.849273591232299729e+00
2.798627144622802820e+00
2.741375024414062445e+00
2.660068994522094776e+00
2.610195740127563280e+00
2.554384354782104349e+00
2.514212477493285913e+00
2.496521970367431731e+00
2.474348757553100686e+00
2.467017224502563444e+00
2.484000907897949251e+00
2.477859944534301917e+00
2.480308775711059788e+00
2.463310269927978524e+00
2.476895644378662276e+00
2.458703150558471773e+00
2.464673186874389632e+00
2.476898560714721587e+00
2.464276928329467875e+00
2.454589509963989169e+00
2.444573390197753771e+00
2.450024177932739189e+00
2.448127397155761553e+00
2.454384012603759935e+00
2.452908158493042112e+00
2.444358153915405119e+00
2.430161787796020434e+00
2.434530966949462805e+00
2.444836205291748055e+00
2.438611093902587790e+00
2.433661597824096745e+00
2.410456223297118949e+00
2.425900424957275536e+00
2.428601171493530053e+00
2.442909819412231620e+00
2.425612248611450195e+00
2.418583103942871126e+00
2.428335931777954038e+00
2.426557302856445109e+00
2.426446875762939381e+00
2.420426623535156363e+00
2.432652999877929823e+00
2.416307327270507788e+00
2.416351813125610537e+00
2.426885438156127783e+00
2.421390110397338979e+00
2.414653696441650510e+00
2.410314437866210913e+00
2.437465332031250043e+00
2.426616442871093682e+00
2.420991484451294085e+00
2.417187401580810580e+00
2.423076556015014482e+00
2.414297973632812511e+00
2.429408958816528408e+00
2.419326301574706850e+00
2.410698210525512586e+00
2.425955467987060743e+00
2.415459609222412318e+00
2.419548841476440337e+00
