1.160000000000000059e-01
2.185999999999999888e-01
3.062000000000000277e-01
3.448999999999999844e-01
3.736999999999999766e-01
4.173999999999999932e-01
4.207000000000000184e-01
4.255999999999999783e-01
4.506999999999999895e-01
4.272000000000000242e-01
4.406999999999999806e-01
4.401999999999999802e-01
4.813999999999999946e-01
4.193999999999999950e-01
4.289999999999999925e-01
4.293000000000000149e-01
4.707000000000000073e-01
3.971999999999999975e-01
4.586000000000000076e-01
4.860999999999999766e-01
4.939000000000000057e-01
4.727999999999999980e-01
4.879999999999999893e-01
4.998000000000000220e-01
4.799999999999999822e-01
5.039000000000000146e-01
5.101999999999999869e-01
5.110999999999999988e-01
5.017000000000000348e-01
5.271000000000000130e-01
5.203999999999999737e-01
5.164999999999999591e-01
5.020999999999999908e-01
5.224999999999999645e-01
5.127000000000000446e-01
5.245999999999999552e-01
5.149000000000000243e-01
5.332999999999999963e-01
5.432000000000000162e-01
5.422000000000000153e-01
5.189000000000000279e-01
5.173999999999999710e-01
5.243999999999999773e-01
5.309000000000000385e-01
5.375999999999999668e-01
5.401000000000000245e-01
5.397999999999999465e-01
5.412000000000000144e-01
5.399000000000000465e-01
5.433999999999999941e-01
5.400000000000000355e-01
5.412000000000000144e-01
5.436999999999999611e-01
5.425999999999999712e-01
5.416999999999999593e-01
5.407999999999999474e-01
5.427999999999999492e-01
5.422000000000000153e-01
5.415999999999999703e-01
5.404999999999999805e-01
5.406999999999999584e-01
5.402000000000000135e-01
5.422000000000000153e-01
5.417999999999999483e-01
5.412000000000000144e-01
5.416999999999999593e-01
5.419000000000000483e-01
5.422000000000000153e-01
5.399000000000000465e-01
5.423000000000000043e-01
5.407999999999999474e-01
5.422000000000000153e-01
5.417999999999999483e-01
5.426999999999999602e-01
5.429000000000000492e-01
5.412000000000000144e-01
5.427999999999999492e-01
5.420000000000000373e-01
5.414999999999999813e-01
5.425999999999999712e-01
5.436999999999999611e-01
5.411000000000000254e-01
5.420000000000000373e-01
5.431000000000000272e-01
5.425999999999999712e-01
5.420000000000000373e-01
5.429000000000000492e-01
5.416999999999999593e-01
5.419000000000000483e-01
5.423000000000000043e-01
5.427999999999999492e-01
5.426999999999999602e-01
5.417999999999999483e-01
5.417999999999999483e-01
5.429000000000000492e-01
5.421000000000000263e-01
5.425999999999999712e-01
5.426999999999999602e-01
5.427999999999999492e-01
5.422000000000000153e-01
