1.948000000000000009e-01
2.812000000000000055e-01
2.993999999999999995e-01
3.008000000000000118e-01
3.779000000000000137e-01
3.684000000000000052e-01
3.860000000000000098e-01
4.425000000000000044e-01
4.338000000000000189e-01
4.491999999999999882e-01
4.429000000000000159e-01
4.556000000000000050e-01
4.578999999999999737e-01
3.988999999999999768e-01
4.951999999999999735e-01
4.753000000000000003e-01
4.907000000000000250e-01
4.822000000000000175e-01
4.200999999999999734e-01
4.660000000000000253e-01
4.426999999999999824e-01
4.685000000000000275e-01
4.394000000000000128e-01
5.024999999999999467e-01
5.019000000000000128e-01
5.185999999999999499e-01
5.200000000000000178e-01
5.062999999999999723e-01
5.093999999999999639e-01
5.208000000000000407e-01
4.787000000000000144e-01
4.703999999999999848e-01
4.682999999999999940e-01
5.010999999999999899e-01
4.933000000000000163e-01
5.169000000000000261e-01
5.069000000000000172e-01
5.326999999999999513e-01
5.322000000000000064e-01
5.379000000000000448e-01
5.368000000000000549e-01
5.362999999999999989e-01
5.403999999999999915e-01
5.421000000000000263e-01
5.414999999999999813e-01
5.446999999999999620e-01
5.426999999999999602e-01
5.423000000000000043e-01
5.433999999999999941e-01
5.436999999999999611e-01
5.445999999999999730e-01
5.433000000000000052e-01
5.426999999999999602e-01
5.430000000000000382e-01
5.432000000000000162e-01
5.434999999999999831e-01
5.443000000000000060e-01
5.430000000000000382e-01
5.441000000000000281e-01
5.431000000000000272e-01
5.435999999999999721e-01
5.433999999999999941e-01
5.432000000000000162e-01
5.435999999999999721e-01
5.422000000000000153e-01
5.436999999999999611e-01
5.416999999999999593e-01
5.433999999999999941e-01
5.434999999999999831e-01
5.437999999999999501e-01
5.433999999999999941e-01
5.424999999999999822e-01
5.430000000000000382e-01
5.429000000000000492e-01
5.425999999999999712e-01
5.429000000000000492e-01
5.442000000000000171e-01
5.437999999999999501e-01
5.436999999999999611e-01
5.427999999999999492e-01
5.426999999999999602e-01
5.426999999999999602e-01
5.429000000000000492e-01
5.439000000000000501e-01
5.407999999999999474e-01
5.429000000000000492e-01
5.434999999999999831e-01
5.435999999999999721e-01
5.432000000000000162e-01
5.427999999999999492e-01
5.423999999999999932e-01
5.434999999999999831e-01
5.423000000000000043e-01
5.429000000000000492e-01
5.431000000000000272e-01
5.425999999999999712e-01
5.440000000000000391e-01
5.427999999999999492e-01
5.413000000000000034e-01
5.423999999999999932e-01
