2.270475944137573254e+00
1.996187179946899315e+00
1.876590516853332558e+00
2.020710822677612484e+00
1.697906104660034110e+00
1.713019668960571229e+00
1.687641221809387249e+00
1.544704911422729587e+00
1.555055576133728135e+00
1.503969288635253809e+00
1.638689104843139566e+00
1.579265309715270904e+00
1.645129218101501367e+00
2.166539767074584955e+00
1.558887107276916595e+00
1.941986462783813483e+00
1.962686163711547804e+00
1.969993040084838887e+00
2.651307716751098553e+00
2.623767096710205138e+00
2.558600695419311677e+00
2.804218495941162015e+00
2.920389502716064456e+00
2.492248851394653464e+00
2.710711378097534041e+00
2.719879938507080208e+00
2.790503094863891587e+00
2.674475303268432747e+00
3.064987714767456239e+00
2.646165285110473775e+00
3.072565262603759617e+00
3.222088634109497196e+00
3.254033372879028274e+00
2.869243898010253702e+00
2.763128607177734342e+00
2.769161830520630030e+00
2.762818402099609383e+00
2.639278755569458124e+00
2.579922540664672859e+00
2.556409313201904343e+00
2.583645347976684548e+00
2.557331779098510616e+00
2.522112251281738438e+00
2.503069647216797033e+00
2.472145889282226783e+00
2.460991952896118384e+00
2.434965594482422002e+00
2.436300290298461846e+00
2.407413462066650300e+00
2.395149444961548024e+00
2.408174576950073309e+00
2.410359787368774320e+00
2.402570009231567383e+00
2.399156734848022499e+00
2.395574699783325379e+00
2.399713888931274575e+00
2.390312433242797852e+00
2.393029625320434395e+00
2.393929784011840756e+00
2.397961651992797982e+00
2.396512043380737200e+00
2.399652246093749941e+00
2.399768274688720560e+00
2.401703866577148627e+00
2.395188365936279151e+00
2.392562324142455843e+00
2.388101997756958195e+00
2.385294372558593778e+00
2.384369893646240079e+00
2.378468800354003765e+00
2.372953343963623229e+00
2.380540093612670827e+00
2.375296176147461136e+00
2.388066243743896422e+00
2.369245951461791844e+00
2.373781114196777509e+00
2.383860657119750925e+00
2.375116361618041960e+00
2.377213262557983597e+00
2.376255198287963832e+00
2.378656226730346823e+00
2.376037771606445137e+00
2.374553244781494321e+00
2.373687575149536322e+00
2.386418213272094579e+00
2.377606044006347563e+00
2.382424418258667131e+00
2.369812900161742952e+00
2.363405297088623236e+00
2.381719350051879847e+00
2.382384002685546953e+00
2.372081410598755102e+00
2.386281237792968746e+00
2.370986612701416085e+00
2.375179505920410161e+00
2.370238548278808643e+00
2.360566614151001108e+00
2.368326023483276366e+00
2.369980356216430550e+00
2.381066677093505835e+00
