5.837782666778564611e+00
2.202364118576049634e+00
1.879365509986877347e+00
1.785396513938903862e+00
1.594696709060668960e+00
1.477546285057067976e+00
1.410694052505493179e+00
1.325440360641479520e+00
1.242642099761962937e+00
1.144851679992675786e+00
1.122198130035400476e+00
1.053455175590515047e+00
9.866971199035644569e-01
9.357811613082885893e-01
9.029332301139831873e-01
8.930557312965392569e-01
8.521680029869079798e-01
8.480226910591125433e-01
8.333787377357483317e-01
8.832513219833374452e-01
9.090140224456787488e-01
9.835065485000610286e-01
1.026050263214111302e+00
9.982392545700072839e-01
1.013804973411559951e+00
1.084908147048950111e+00
1.286657581520080473e+00
1.381961680030822759e+00
1.205672678184509294e+00
1.096961876296997040e+00
1.152653963661193881e+00
1.236491098976135294e+00
1.296637991333007722e+00
1.366291133117675693e+00
1.403869561386108300e+00
1.426883022308349513e+00
1.454219948959350583e+00
1.475349287986755353e+00
1.499218399429321336e+00
1.538754629898071213e+00
1.511440611076354967e+00
1.401999637603759785e+00
1.315072343254089393e+00
1.305002715873718300e+00
1.366269872856140211e+00
1.381987248229980425e+00
1.272710782241821326e+00
1.196897721290588468e+00
1.160253359413147001e+00
1.176735894012451267e+00
1.258180216026306253e+00
1.351600577354431065e+00
1.395055962753295908e+00
1.424835115814208963e+00
1.358324256324768164e+00
1.338935544967651436e+00
1.380372905349731338e+00
1.417184758377075138e+00
1.438149691963195753e+00
1.461038105201721171e+00
1.258142484664916960e+00
1.262318552780151260e+00
1.320986827087402338e+00
1.385583043670654213e+00
1.422021318054199179e+00
1.241571186828613227e+00
1.172819117355346608e+00
1.250921051025390529e+00
1.355149451255798443e+00
1.399020648384094345e+00
1.298797766876220727e+00
1.279526866531372153e+00
1.134614661407470804e+00
1.233862901306152393e+00
1.245743862533569279e+00
1.263968639564514218e+00
1.254352507019042884e+00
1.245639267349243129e+00
1.196947142028808697e+00
1.224770723533630479e+00
1.287854943847656308e+00
1.359476418113708451e+00
1.389138891220092820e+00
1.393975745201110783e+00
1.191040555000305146e+00
1.238911865806579637e+00
1.312043894767761287e+00
1.294228648948669402e+00
1.304194026947021579e+00
1.227777055358886704e+00
1.230744188117981031e+00
1.269132757377624543e+00
1.340345704269409133e+00
1.403503007888794007e+00
1.432156403350830054e+00
1.448927871894836406e+00
1.456837188911437986e+00
1.419107121086120582e+00
1.437027775573730404e+00
1.448818414878845218e+00
