2.003999999999999948e-01
2.913000000000000034e-01
3.180999999999999939e-01
3.367999999999999883e-01
3.574999999999999845e-01
3.760999999999999899e-01
4.199999999999999845e-01
3.595999999999999752e-01
3.968999999999999750e-01
4.046000000000000152e-01
4.027999999999999914e-01
4.600000000000000200e-01
4.465999999999999970e-01
4.148999999999999910e-01
4.566999999999999948e-01
4.605000000000000204e-01
3.820000000000000062e-01
4.552999999999999825e-01
4.186000000000000276e-01
4.615000000000000213e-01
4.660000000000000253e-01
4.184999999999999831e-01
4.457999999999999741e-01
4.815999999999999726e-01
4.804999999999999827e-01
4.657999999999999918e-01
4.744999999999999774e-01
4.724999999999999756e-01
4.983000000000000207e-01
4.964000000000000079e-01
4.969000000000000083e-01
4.964000000000000079e-01
4.973000000000000198e-01
4.960999999999999854e-01
4.943000000000000171e-01
5.020000000000000018e-01
5.134999999999999565e-01
5.153999999999999693e-01
5.153999999999999693e-01
5.163999999999999702e-01
5.168000000000000371e-01
5.181000000000000050e-01
5.178000000000000380e-01
5.180000000000000160e-01
5.167000000000000481e-01
5.204999999999999627e-01
5.199000000000000288e-01
5.193999999999999728e-01
5.211000000000000076e-01
5.193999999999999728e-01
5.200000000000000178e-01
5.208000000000000407e-01
5.183999999999999719e-01
5.195999999999999508e-01
5.209000000000000297e-01
5.213999999999999746e-01
5.211999999999999966e-01
5.207000000000000517e-01
5.228000000000000425e-01
5.228000000000000425e-01
5.217000000000000526e-01
5.212999999999999856e-01
5.205999999999999517e-01
5.217000000000000526e-01
5.221999999999999975e-01
5.211999999999999966e-01
5.204999999999999627e-01
5.201000000000000068e-01
5.204999999999999627e-01
5.225999999999999535e-01
5.221000000000000085e-01
5.229000000000000314e-01
5.209000000000000297e-01
5.219000000000000306e-01
5.191000000000000059e-01
5.202999999999999847e-01
5.207000000000000517e-01
5.222999999999999865e-01
5.214999999999999636e-01
5.217000000000000526e-01
5.221000000000000085e-01
5.222999999999999865e-01
5.225999999999999535e-01
5.219000000000000306e-01
5.219000000000000306e-01
5.219000000000000306e-01
5.217000000000000526e-01
5.227000000000000535e-01
5.221000000000000085e-01
5.227000000000000535e-01
5.221000000000000085e-01
5.221000000000000085e-01
5.210000000000000187e-01
5.214999999999999636e-01
5.205999999999999517e-01
5.220000000000000195e-01
5.221999999999999975e-01
5.220000000000000195e-01
5.230000000000000204e-01
5.221999999999999975e-01
