8.520673637390137500e+00
1.932543611145019602e+00
1.812138290786743156e+00
1.807843551635742285e+00
1.790924668884277260e+00
1.700709503746032691e+00
1.570894462966919036e+00
1.911664854049682560e+00
1.681676100540161034e+00
1.848447779464721608e+00
1.743136307144165009e+00
1.601403551292419403e+00
1.684064226150512766e+00
1.986863235092163116e+00
1.816189286994934093e+00
1.908016836929321336e+00
2.693227211761474393e+00
2.227257730102539135e+00
2.465951884078979361e+00
2.388034024429321445e+00
2.491820625305175785e+00
3.132914985275268460e+00
2.810102796936035041e+00
2.739511720657348715e+00
2.883313745117187299e+00
2.984625025177002122e+00
2.942474900436401253e+00
2.942021727371215700e+00
2.838808488845825373e+00
2.763026997756957925e+00
2.753313095092773555e+00
2.750481756591796945e+00
2.771843144607543774e+00
2.768001725387573053e+00
2.776597486114501745e+00
2.694219878387451139e+00
2.658616817474365401e+00
2.608467794799804729e+00
2.601745840454101621e+00
2.576376285934448340e+00
2.569744604492187445e+00
2.542433218383789217e+00
2.526987092971801907e+00
2.508017598342895393e+00
2.489069524765014751e+00
2.471325144195556600e+00
2.447996905517578092e+00
2.405689515304565429e+00
2.396564691925048951e+00
2.382475241851806480e+00
2.404244758605956989e+00
2.401953996276855463e+00
2.404677294540405352e+00
2.398433267974853678e+00
2.399825284576416085e+00
2.394272040176391503e+00
2.397631728363037062e+00
2.393761247253417768e+00
2.396886160278320244e+00
2.397131031036376925e+00
2.382843331146240029e+00
2.390051835250854406e+00
2.378917594528198176e+00
2.376463166809081873e+00
2.377824795532226698e+00
2.380497252655029428e+00
2.380950214385986197e+00
2.371814734268188563e+00
2.372797732162475803e+00
2.375037454223632771e+00
2.369602724456786991e+00
2.384388257598876848e+00
2.375589561843872044e+00
2.372651876068115229e+00
2.370476214599609222e+00
2.378974274826049840e+00
2.366574129867553555e+00
2.372657083129882771e+00
2.371602629852294974e+00
2.364750487899780484e+00
2.361894563674926673e+00
2.365826575851440516e+00
2.373924170684814428e+00
2.373112422561645563e+00
2.364304040145873920e+00
2.374331041336059656e+00
2.374290213775634761e+00
2.364900936889648531e+00
2.368260585403442420e+00
2.361355245971679562e+00
2.364652177810668832e+00
2.372087804794311694e+00
2.371348815155029488e+00
2.372333100509643522e+00
2.377941896057128801e+00
2.361172533035278409e+00
2.369762726974487421e+00
2.357583078765868922e+00
2.367841635894775365e+00
2.364387099456787045e+00
