5.837783889007567950e+00
2.202364149475097843e+00
1.879365577125549303e+00
1.785396492767334031e+00
1.594696706199645986e+00
1.477546235847473133e+00
1.410694043540954512e+00
1.325440400123596207e+00
1.242642111968994101e+00
1.144851606750488360e+00
1.122198124313354528e+00
1.053455196952819861e+00
9.866971199035644569e-01
9.357811700820922729e-01
9.029332119941710921e-01
8.930557176589966062e-01
8.521680180549621175e-01
8.480226833343506021e-01
8.333787485122681193e-01
8.832513374328613276e-01
9.090140590667724618e-01
9.835065587043761992e-01
1.026050220108032152e+00
9.982391874313354396e-01
1.013805037498474171e+00
1.084908214378356828e+00
1.286657743453979430e+00
1.381961640930175816e+00
1.205672745323181250e+00
1.096961874961853045e+00
1.152653963661193881e+00
1.236491187286376858e+00
1.296638008117675822e+00
1.366291103935241669e+00
1.403869574737548920e+00
1.426882900238037211e+00
1.454219968032836929e+00
1.475349369812011702e+00
1.499218367004394592e+00
1.538754625701904244e+00
1.511440633392334032e+00
1.401999569702148341e+00
1.315072452735900788e+00
1.305002767944335895e+00
1.366269793510437092e+00
1.381987369155883716e+00
1.272710952377319238e+00
1.196897651672363283e+00
1.160253316688537595e+00
1.176735952568054300e+00
1.258180249023437502e+00
1.351600600051879875e+00
1.395055897521972677e+00
1.424835199165344291e+00
1.358324390983581598e+00
1.338935426139831630e+00
1.380372899246215868e+00
1.417184718894958451e+00
1.438149611854553145e+00
1.461038029479980516e+00
1.258142445182800273e+00
1.262318489265441990e+00
1.320986887741088855e+00
1.385583035087585513e+00
1.422021525573730516e+00
1.241571161651611410e+00
1.172819160079956013e+00
1.250921031570434661e+00
1.355149500846862809e+00
1.399020652770996076e+00
1.298797828674316479e+00
1.279526930427551168e+00
1.134614574432373013e+00
1.233862985610961971e+00
1.245743795776367291e+00
1.263968675804138186e+00
1.254352564430236905e+00
1.245639246177673298e+00
1.196947254371643066e+00
1.224770920753478931e+00
1.287855047607421977e+00
1.359476431083679104e+00
1.389138921356201095e+00
1.393975780677795484e+00
1.191040561103820838e+00
1.238911956977844175e+00
1.312043763732910095e+00
1.294228696441650284e+00
1.304194026184082089e+00
1.227777070045471097e+00
1.230744117355346612e+00
1.269132764244079503e+00
1.340345747756958028e+00
1.403503215789794867e+00
1.432156385803222687e+00
1.448928039932251055e+00
1.456837261772155667e+00
1.419107026672363325e+00
1.437027576255798245e+00
1.448818436050415048e+00
