1.895000000000000018e-01
2.363000000000000100e-01
2.968999999999999972e-01
2.968000000000000083e-01
3.653000000000000136e-01
3.415000000000000258e-01
3.385000000000000231e-01
4.055000000000000271e-01
4.042000000000000037e-01
3.794000000000000150e-01
4.409000000000000141e-01
4.630000000000000226e-01
4.789999999999999813e-01
4.592999999999999861e-01
4.708999999999999853e-01
4.500000000000000111e-01
4.161000000000000254e-01
4.667999999999999927e-01
4.768000000000000016e-01
4.971999999999999753e-01
4.829999999999999849e-01
5.052999999999999714e-01
4.998000000000000220e-01
4.949000000000000066e-01
5.227000000000000535e-01
4.956999999999999740e-01
5.151999999999999913e-01
5.183999999999999719e-01
5.339000000000000412e-01
4.988000000000000211e-01
5.110999999999999988e-01
5.207000000000000517e-01
4.994999999999999996e-01
4.902000000000000246e-01
5.131000000000000005e-01
5.163999999999999702e-01
5.057000000000000384e-01
5.289000000000000368e-01
5.184999999999999609e-01
5.364999999999999769e-01
5.426999999999999602e-01
5.404999999999999805e-01
5.465999999999999748e-01
5.322000000000000064e-01
5.413999999999999924e-01
5.387999999999999456e-01
5.443999999999999950e-01
5.427999999999999492e-01
5.439000000000000501e-01
5.423000000000000043e-01
5.429000000000000492e-01
5.464999999999999858e-01
5.444999999999999840e-01
5.439000000000000501e-01
5.442000000000000171e-01
5.443000000000000060e-01
5.447999999999999510e-01
5.463999999999999968e-01
5.447999999999999510e-01
5.442000000000000171e-01
5.446999999999999620e-01
5.457999999999999519e-01
5.449000000000000510e-01
5.451000000000000290e-01
5.447999999999999510e-01
5.440000000000000391e-01
5.441000000000000281e-01
5.453000000000000069e-01
5.445999999999999730e-01
5.454999999999999849e-01
5.457999999999999519e-01
5.459000000000000519e-01
5.465999999999999748e-01
5.453000000000000069e-01
5.470000000000000417e-01
5.451000000000000290e-01
5.449000000000000510e-01
5.449000000000000510e-01
5.460000000000000409e-01
5.459000000000000519e-01
5.453000000000000069e-01
5.449000000000000510e-01
5.442000000000000171e-01
5.455999999999999739e-01
5.450000000000000400e-01
5.445999999999999730e-01
5.443000000000000060e-01
5.454999999999999849e-01
5.467999999999999527e-01
5.467999999999999527e-01
5.450000000000000400e-01
5.466999999999999638e-01
5.469000000000000528e-01
5.456999999999999629e-01
5.441000000000000281e-01
5.451000000000000290e-01
5.444999999999999840e-01
5.474999999999999867e-01
5.450000000000000400e-01
5.453000000000000069e-01
