1.039999999999999952e-01
2.412999999999999867e-01
2.913999999999999924e-01
2.872999999999999998e-01
3.009999999999999898e-01
3.526000000000000245e-01
3.829000000000000181e-01
3.743000000000000216e-01
4.208000000000000074e-01
3.921000000000000041e-01
4.339000000000000079e-01
4.259999999999999898e-01
4.437999999999999723e-01
3.930000000000000160e-01
4.566999999999999948e-01
4.544000000000000261e-01
4.455999999999999961e-01
4.681000000000000161e-01
4.420999999999999930e-01
4.359000000000000097e-01
4.295999999999999819e-01
4.424000000000000155e-01
4.279000000000000026e-01
4.359999999999999987e-01
4.005000000000000226e-01
4.701000000000000179e-01
4.718999999999999861e-01
4.442999999999999727e-01
4.778000000000000025e-01
5.069000000000000172e-01
5.212999999999999856e-01
5.029000000000000137e-01
5.207000000000000517e-01
5.207000000000000517e-01
5.161999999999999922e-01
5.225999999999999535e-01
5.170000000000000151e-01
5.043999999999999595e-01
5.050999999999999934e-01
5.071999999999999842e-01
5.162999999999999812e-01
5.159000000000000252e-01
5.229000000000000314e-01
5.231999999999999984e-01
5.282999999999999918e-01
5.292000000000000037e-01
5.313999999999999835e-01
5.298000000000000487e-01
5.324999999999999734e-01
5.245999999999999552e-01
5.279000000000000359e-01
5.289000000000000368e-01
5.292999999999999927e-01
5.293999999999999817e-01
5.300000000000000266e-01
5.300000000000000266e-01
5.318000000000000504e-01
5.295999999999999597e-01
5.318000000000000504e-01
5.313999999999999835e-01
5.336999999999999522e-01
5.338000000000000522e-01
5.315999999999999615e-01
5.323999999999999844e-01
5.312000000000000055e-01
5.310000000000000275e-01
5.312000000000000055e-01
5.306999999999999496e-01
5.324999999999999734e-01
5.321000000000000174e-01
5.312999999999999945e-01
5.321000000000000174e-01
5.315999999999999615e-01
5.326999999999999513e-01
5.318000000000000504e-01
5.319000000000000394e-01
5.319000000000000394e-01
5.318000000000000504e-01
5.318000000000000504e-01
5.293999999999999817e-01
5.309000000000000385e-01
5.329000000000000403e-01
5.330000000000000293e-01
5.322000000000000064e-01
5.312999999999999945e-01
5.296999999999999487e-01
5.306999999999999496e-01
5.323999999999999844e-01
5.329000000000000403e-01
5.332999999999999963e-01
5.325999999999999623e-01
5.329000000000000403e-01
5.320000000000000284e-01
5.314999999999999725e-01
5.303999999999999826e-01
5.322999999999999954e-01
5.322000000000000064e-01
5.301000000000000156e-01
5.312999999999999945e-01
5.314999999999999725e-01
