8.022846946716308381e+00
3.292871998596191396e+00
2.299968027877807408e+00
2.161554763412475655e+00
2.208150567626953276e+00
2.131541322708129904e+00
2.028264073944091805e+00
2.604634023284912114e+00
2.199501406860351782e+00
3.433300387954711930e+00
2.194612155151367094e+00
2.837202882003784232e+00
3.313982165527343593e+00
3.708151246643066390e+00
2.848941198730468916e+00
2.969639928054809364e+00
2.917675033569335774e+00
3.092846701812744126e+00
3.595080506896972672e+00
3.168830661392211923e+00
3.046126376342773501e+00
3.807794324874878011e+00
3.222856316375732444e+00
3.613848439788818201e+00
3.346153784179687563e+00
3.363582855606078947e+00
3.273358977127075242e+00
3.345234698486327929e+00
3.501968272781371905e+00
3.321873000335693327e+00
3.304090902709960975e+00
3.333319353485107328e+00
3.294466481018066606e+00
3.249310526275634547e+00
3.268783654022216822e+00
3.227909519577026209e+00
3.141972389984130754e+00
3.198757395553589067e+00
3.260762619018554798e+00
3.194011284637451098e+00
3.239895353317260529e+00
3.120585536575317231e+00
3.149563894653320428e+00
3.209096618270874224e+00
3.076082868576049734e+00
3.121005799865722796e+00
3.125254328918456892e+00
3.067378635406494247e+00
3.187026688385009798e+00
3.133022928237914950e+00
3.040125033569335944e+00
3.016888228988647391e+00
3.063474420547485533e+00
3.115200168991088869e+00
3.153739030456542913e+00
3.092117542648315620e+00
3.101867270278930722e+00
3.112769009017944288e+00
3.077442644119262827e+00
3.082149287796020598e+00
3.064073325347900223e+00
3.113854994964599499e+00
3.089104928588866983e+00
3.065611130523681727e+00
3.086217491531372037e+00
3.080640372467041033e+00
3.050272405624389727e+00
3.102583362960815272e+00
3.108315720367431645e+00
3.103582133865356418e+00
3.115135552215576364e+00
3.092541366958618365e+00
3.076398224258422687e+00
3.071796747207641509e+00
3.081686863327026238e+00
3.092260284423828054e+00
3.056255486679077205e+00
3.080933201980590841e+00
3.086830198287963789e+00
3.067431659317016557e+00
3.040588641738891429e+00
3.069221844482421968e+00
3.081574866485595532e+00
3.038923263549804688e+00
3.133367086029052562e+00
3.082477698898315577e+00
3.066276912307739355e+00
3.065082078170776381e+00
3.023269694137573183e+00
3.030147495651245304e+00
3.079314027786254737e+00
3.033986349868774468e+00
3.057724992370605577e+00
3.077747304916381932e+00
3.049894799804687473e+00
3.072147415161132766e+00
3.039712515258789161e+00
3.047209294128418122e+00
3.052049227905273554e+00
3.035968333435058675e+00
