9.979999999999999982e-02
1.390000000000000124e-01
2.058999999999999997e-01
2.127000000000000002e-01
2.446000000000000119e-01
2.617999999999999772e-01
2.645000000000000129e-01
2.838999999999999857e-01
2.824999999999999734e-01
3.049000000000000044e-01
3.196999999999999842e-01
3.199000000000000177e-01
3.215999999999999970e-01
2.848999999999999866e-01
3.151999999999999802e-01
3.276999999999999913e-01
3.054000000000000048e-01
3.190999999999999948e-01
2.686000000000000054e-01
3.597000000000000197e-01
3.433999999999999830e-01
3.336000000000000076e-01
3.549999999999999822e-01
3.477000000000000091e-01
3.780000000000000027e-01
3.556000000000000272e-01
3.452000000000000068e-01
3.552000000000000157e-01
3.528999999999999915e-01
3.657000000000000250e-01
3.750999999999999890e-01
3.598000000000000087e-01
3.590999999999999748e-01
3.612000000000000210e-01
3.679999999999999938e-01
3.603000000000000091e-01
3.634000000000000008e-01
3.640999999999999792e-01
3.645999999999999797e-01
3.637000000000000233e-01
3.652000000000000246e-01
3.659000000000000030e-01
3.659999999999999920e-01
3.625999999999999779e-01
3.637000000000000233e-01
3.643000000000000127e-01
3.639000000000000012e-01
3.629999999999999893e-01
3.610999999999999766e-01
3.637000000000000233e-01
3.638000000000000123e-01
3.654999999999999916e-01
3.640999999999999792e-01
3.638000000000000123e-01
3.662000000000000255e-01
3.648000000000000131e-01
3.647000000000000242e-01
3.642000000000000237e-01
3.632000000000000228e-01
3.649999999999999911e-01
3.623000000000000109e-01
3.662000000000000255e-01
3.657000000000000250e-01
3.638000000000000123e-01
3.634000000000000008e-01
3.629000000000000004e-01
3.650999999999999801e-01
3.642000000000000237e-01
3.618999999999999995e-01
3.632000000000000228e-01
3.624999999999999889e-01
3.663000000000000145e-01
3.629999999999999893e-01
3.652000000000000246e-01
3.659999999999999920e-01
3.634000000000000008e-01
3.653000000000000136e-01
3.644000000000000017e-01
3.634999999999999898e-01
3.642000000000000237e-01
3.645999999999999797e-01
3.642000000000000237e-01
3.624999999999999889e-01
3.654999999999999916e-01
3.648000000000000131e-01
3.633000000000000118e-01
3.640999999999999792e-01
3.648000000000000131e-01
3.659999999999999920e-01
3.642000000000000237e-01
3.622000000000000219e-01
3.650999999999999801e-01
3.634000000000000008e-01
3.640999999999999792e-01
3.649000000000000021e-01
3.629999999999999893e-01
3.647000000000000242e-01
3.639000000000000012e-01
3.620999999999999774e-01
3.653000000000000136e-01
