3.630918956298827993e+01
4.141469619369506638e+00
3.157759884643554837e+00
2.957537350082397598e+00
2.711502347946166847e+00
2.530524590301513665e+00
2.426595369720458972e+00
2.393934152984618979e+00
2.485154137039184530e+00
2.385547227478027388e+00
2.229384810256958005e+00
2.313921156692504866e+00
2.368099391555785971e+00
2.872984852981567361e+00
2.516460286712646433e+00
2.777112131118774307e+00
2.887281029129028287e+00
2.686927919387817276e+00
3.627818584060669149e+00
2.812196757125854596e+00
2.955555565261840822e+00
3.376440940475463837e+00
3.033291200256347686e+00
3.607602737426757855e+00
2.839446936416626155e+00
3.564936433410644590e+00
3.525219644165038968e+00
3.824520985412597440e+00
4.253984625244140894e+00
3.866627515792846470e+00
3.636415308761596688e+00
3.869095262145996195e+00
3.879296568298340020e+00
3.948640113067626967e+00
3.708528633499145410e+00
3.896212707519531193e+00
3.838088558578491405e+00
3.749770144653320258e+00
3.762605405044555873e+00
3.745834857559203979e+00
3.650607346343994308e+00
3.658070975875854280e+00
3.623662946701049936e+00
3.665036037445068562e+00
3.639006386947631899e+00
3.589133552169800012e+00
3.595733778381347445e+00
3.600387271118163923e+00
3.603155561828613074e+00
3.554098314666747971e+00
3.561522431945800982e+00
3.514881128692627144e+00
3.543939915847778455e+00
3.541972774505615096e+00
3.528764091491699340e+00
3.531251183700561569e+00
3.519887960433960128e+00
3.535087329483032281e+00
3.586353420639038170e+00
3.522449466705322330e+00
3.540601327514648400e+00
3.480252215194702181e+00
3.524159095764160199e+00
3.546882737350463888e+00
3.543401818466186626e+00
3.558575636291503752e+00
3.503367275238037148e+00
3.508366535949706932e+00
3.540917667770385524e+00
3.511102648162841788e+00
3.548529964447021623e+00
3.496285977935790878e+00
3.505653955459594684e+00
3.488891989517211911e+00
3.487053240966796697e+00
3.506646490859985477e+00
3.473836139297485470e+00
3.502475156402587775e+00
3.537470664215087712e+00
3.517980331420898388e+00
3.508297637939453040e+00
3.518980004882812374e+00
3.510380946350097453e+00
3.477568894577026448e+00
3.501299290084838756e+00
3.511418977737426950e+00
3.516874720764159967e+00
3.505591561126708999e+00
3.459456937789917141e+00
3.504539224624633853e+00
3.538684746170043915e+00
3.492565216445922882e+00
3.531141294860840052e+00
3.516662632369995212e+00
3.490778512573242232e+00
3.504252908325195204e+00
3.499427763748168996e+00
3.521007613754272292e+00
3.558490481567382790e+00
3.506995088195800747e+00
