2.599759443664550584e+00
1.975397216987609950e+00
1.885518874359130903e+00
1.862083066749572691e+00
1.708966932678222639e+00
1.608673916435241713e+00
1.561961219978332593e+00
1.494036916732788045e+00
1.479380040359496995e+00
1.383117646598815975e+00
1.343387110900878811e+00
1.292154926490783673e+00
1.209058145332336354e+00
1.144782477188110326e+00
1.099205493354797447e+00
1.037785180473327573e+00
1.024894998168945248e+00
9.430297662734985487e-01
9.235739282608032008e-01
8.629036019325256879e-01
8.239192726135253775e-01
7.932975684165954888e-01
8.113677511215210414e-01
7.565197772026062140e-01
7.057793415069579801e-01
6.931163363456726012e-01
6.635249184608459361e-01
6.531292472839355101e-01
6.558388852119445556e-01
6.388527494430541465e-01
6.659054360389708993e-01
6.319917427062988757e-01
6.584294231414794529e-01
6.664762421607971499e-01
6.764072450637816925e-01
6.654835824966430780e-01
6.938725665092467798e-01
6.701740408897399748e-01
7.404093516349792292e-01
7.439588661193847763e-01
7.590063837051391760e-01
8.087955475807190320e-01
7.801831186294555520e-01
7.625159562110901401e-01
7.824228050231933906e-01
8.113959842681884860e-01
8.231075140953063585e-01
8.360512261390685707e-01
8.585188144683837397e-01
8.633546911239623478e-01
8.841761432647704533e-01
9.103070907592772931e-01
9.239525428771973026e-01
9.147276008605956799e-01
9.300082117080687993e-01
9.035750339508056284e-01
8.863162389755249171e-01
8.931318853378296119e-01
8.946376861572266082e-01
8.477131156921386967e-01
7.923922084808349142e-01
8.135675888061523198e-01
8.487049917221068940e-01
8.636737585067748579e-01
8.786949611663817938e-01
9.020719118118286639e-01
9.243222770690917578e-01
9.388804296493530321e-01
9.604606288909912637e-01
9.694630147933960274e-01
9.808714241027831626e-01
9.854509948730468816e-01
9.981648483276367445e-01
1.027799124336242764e+00
9.872928121566771908e-01
9.390844589233398043e-01
9.623240938186645721e-01
8.963526411056518262e-01
8.556855491638183375e-01
8.595286767959594565e-01
8.139268712997436150e-01
8.203990995407104414e-01
7.979459774017334528e-01
8.253121310234069474e-01
8.587745288848877001e-01
8.475330692291259682e-01
8.648187101364135376e-01
8.809949785232543684e-01
8.983766923904419333e-01
9.237042198181152353e-01
9.366023029327392724e-01
9.570732971191405758e-01
9.625140207290648897e-01
9.752358592987060426e-01
9.793420579910278034e-01
9.869023630142211845e-01
9.917595111846924105e-01
1.005331186485290518e+00
1.012390460968017658e+00
1.020070921707153300e+00
