1.698999999999999955e-01
2.340000000000000135e-01
2.436000000000000110e-01
2.386000000000000065e-01
2.802999999999999936e-01
2.868999999999999884e-01
2.356000000000000039e-01
2.711999999999999966e-01
3.221999999999999864e-01
3.290000000000000147e-01
2.987000000000000210e-01
3.378999999999999782e-01
3.000999999999999779e-01
3.683000000000000163e-01
3.575999999999999734e-01
3.373999999999999777e-01
3.774000000000000132e-01
3.724999999999999978e-01
3.841999999999999860e-01
3.614999999999999880e-01
3.938999999999999724e-01
4.158999999999999919e-01
3.822999999999999732e-01
4.083999999999999853e-01
4.203000000000000069e-01
4.103999999999999870e-01
4.067000000000000060e-01
4.240999999999999770e-01
4.263000000000000123e-01
4.178000000000000047e-01
4.203000000000000069e-01
4.178999999999999937e-01
4.210999999999999743e-01
4.230999999999999761e-01
4.218999999999999972e-01
4.253000000000000114e-01
4.220999999999999752e-01
4.254000000000000004e-01
4.247000000000000219e-01
4.269000000000000017e-01
4.267000000000000237e-01
4.259999999999999898e-01
4.215999999999999748e-01
4.228000000000000091e-01
4.265999999999999792e-01
4.197000000000000175e-01
4.228000000000000091e-01
4.234999999999999876e-01
4.217000000000000193e-01
4.253000000000000114e-01
4.244999999999999885e-01
4.248999999999999999e-01
4.254000000000000004e-01
4.245999999999999774e-01
4.244999999999999885e-01
4.248000000000000109e-01
4.259000000000000008e-01
4.273000000000000131e-01
4.262000000000000233e-01
4.299000000000000044e-01
4.302000000000000268e-01
4.249999999999999889e-01
4.255999999999999783e-01
4.240999999999999770e-01
4.254000000000000004e-01
4.264999999999999902e-01
4.283000000000000140e-01
4.269000000000000017e-01
4.262000000000000233e-01
4.259999999999999898e-01
4.219999999999999862e-01
4.258000000000000118e-01
4.244999999999999885e-01
4.248000000000000109e-01
4.262000000000000233e-01
4.275999999999999801e-01
4.244999999999999885e-01
4.262000000000000233e-01
4.264000000000000012e-01
4.279000000000000026e-01
4.292000000000000259e-01
4.277000000000000246e-01
4.248999999999999999e-01
4.282000000000000250e-01
4.237000000000000210e-01
4.269000000000000017e-01
4.289999999999999925e-01
4.280999999999999805e-01
4.297000000000000264e-01
4.279000000000000026e-01
4.280999999999999805e-01
4.250999999999999779e-01
4.243999999999999995e-01
4.270999999999999797e-01
4.294999999999999929e-01
4.275999999999999801e-01
4.255999999999999783e-01
4.254000000000000004e-01
4.274000000000000021e-01
4.303000000000000158e-01
