6.331984069824218864e+01
3.074639306259155269e+00
2.370979356765746893e+00
2.203666239166259810e+00
2.318697727584838830e+00
2.048522314834594571e+00
2.087470174026489378e+00
2.280786936950683685e+00
2.244026761245727641e+00
2.793374681091308709e+00
2.247652463150024538e+00
2.528089787292480572e+00
3.005784969711303489e+00
3.325365230560302532e+00
3.883897936248779104e+00
3.086053861999511927e+00
2.919619136428833084e+00
3.321836599731445183e+00
3.272894487762451288e+00
3.332241960906982214e+00
3.091349495315551810e+00
3.241329824829101369e+00
3.419472223663329924e+00
3.200580392456054746e+00
3.481020656204223851e+00
3.495295542907714825e+00
3.609658775711059420e+00
3.529039809036254915e+00
3.485637460708618018e+00
3.186642905044555718e+00
3.264883684921264795e+00
3.292337075042724770e+00
3.271051583099365168e+00
3.265803639602661068e+00
3.232641933059692274e+00
3.252396191024780059e+00
3.185765554809570244e+00
3.181215846252441359e+00
3.193620901870727558e+00
3.214364568710327053e+00
3.213728104019164977e+00
3.127377832031250193e+00
3.090438485717773354e+00
3.067877494049072062e+00
3.041335978317260658e+00
3.078352796554565618e+00
3.076495160293579278e+00
2.992958347702026511e+00
2.892169844818115454e+00
2.976538263702392495e+00
2.921708635711669722e+00
2.920997527313232478e+00
2.885627149963378990e+00
2.945616285324096584e+00
2.905440087890625023e+00
2.912382766723632610e+00
2.913443607711792005e+00
2.934473434066772413e+00
2.923239885330200405e+00
2.941557186889648623e+00
2.928780683898925652e+00
2.947339352416992408e+00
2.924396780014038022e+00
2.932924069595336913e+00
2.933221752548217598e+00
2.946077656555175839e+00
2.951054194259643548e+00
2.929081647872924687e+00
2.925266609191894407e+00
2.918063473892211768e+00
2.918296753311157232e+00
2.916312218093871866e+00
2.924778981018066215e+00
2.915010186004638459e+00
2.926721434020996160e+00
2.919941765213012630e+00
2.917893378067016652e+00
2.954587273025512495e+00
2.943643465042114382e+00
2.909949492263793847e+00
2.917901637649535918e+00
2.909164791107177628e+00
2.922682583236694498e+00
2.904822171401977737e+00
2.941544095993041896e+00
2.948393493652343711e+00
2.947084692001342709e+00
2.942403067779541193e+00
2.923496217346191361e+00
2.926056163024902457e+00
2.947620406341552535e+00
2.904756679153442267e+00
2.930315028762817242e+00
2.904566329956054904e+00
2.935525424194335820e+00
2.924952600097656230e+00
2.931310509872436576e+00
2.922478890228271453e+00
2.913696702194213728e+00
2.911476695632934764e+00
