1.098999999999999977e-01
1.597000000000000086e-01
2.510999999999999899e-01
3.098000000000000198e-01
2.948999999999999955e-01
3.612000000000000210e-01
3.189000000000000168e-01
3.250000000000000111e-01
3.366000000000000103e-01
3.251999999999999891e-01
3.425000000000000266e-01
3.975000000000000200e-01
3.528000000000000025e-01
3.257999999999999785e-01
3.171999999999999820e-01
3.924000000000000266e-01
4.052999999999999936e-01
3.975000000000000200e-01
4.011000000000000121e-01
4.097000000000000086e-01
4.122000000000000108e-01
3.911000000000000032e-01
4.022999999999999909e-01
4.310999999999999832e-01
4.012000000000000011e-01
3.951000000000000068e-01
3.896999999999999909e-01
4.133999999999999897e-01
4.172000000000000153e-01
4.254999999999999893e-01
4.189999999999999836e-01
4.243000000000000105e-01
4.237000000000000210e-01
4.233000000000000096e-01
4.228000000000000091e-01
4.183000000000000052e-01
4.259999999999999898e-01
4.222000000000000197e-01
4.215999999999999748e-01
4.204999999999999849e-01
4.174999999999999822e-01
4.228000000000000091e-01
4.234999999999999876e-01
4.243999999999999995e-01
4.252000000000000224e-01
4.222000000000000197e-01
4.219999999999999862e-01
4.250999999999999779e-01
4.248999999999999999e-01
4.183000000000000052e-01
4.255999999999999783e-01
4.289999999999999925e-01
4.309999999999999942e-01
4.255999999999999783e-01
4.284999999999999920e-01
4.278000000000000136e-01
4.269999999999999907e-01
4.277000000000000246e-01
4.259000000000000008e-01
4.268000000000000127e-01
4.274000000000000021e-01
4.264999999999999902e-01
4.258000000000000118e-01
4.263000000000000123e-01
4.245999999999999774e-01
4.265999999999999792e-01
4.269000000000000017e-01
4.268000000000000127e-01
4.260999999999999788e-01
4.275999999999999801e-01
4.288000000000000145e-01
4.293000000000000149e-01
4.274000000000000021e-01
4.272000000000000242e-01
4.254999999999999893e-01
4.259999999999999898e-01
4.280999999999999805e-01
4.249999999999999889e-01
4.254999999999999893e-01
4.273000000000000131e-01
4.268000000000000127e-01
4.274000000000000021e-01
4.272000000000000242e-01
4.283000000000000140e-01
4.255999999999999783e-01
4.250999999999999779e-01
4.259000000000000008e-01
4.268000000000000127e-01
4.282000000000000250e-01
4.264000000000000012e-01
4.259999999999999898e-01
4.289999999999999925e-01
4.277000000000000246e-01
4.269000000000000017e-01
4.263000000000000123e-01
4.259000000000000008e-01
4.248999999999999999e-01
4.267000000000000237e-01
4.285999999999999810e-01
4.293000000000000149e-01
