2.599759437942505080e+00
1.975397229194641113e+00
1.885518905258178668e+00
1.862083033370971696e+00
1.708966889953613233e+00
1.608673919677734432e+00
1.561961330604553222e+00
1.494036825180053762e+00
1.479380034637451269e+00
1.383117686080932662e+00
1.343387080383300791e+00
1.292154878044128319e+00
1.209058072471618672e+00
1.144782446670532305e+00
1.099205426216125492e+00
1.037785213851928789e+00
1.024894890785217338e+00
9.430297782897949510e-01
9.235739315032959196e-01
8.629035823822021056e-01
8.239193087577819652e-01
7.932974862098693958e-01
8.113677275657653620e-01
7.565197942733764558e-01
7.057793614387511960e-01
6.931162875175476135e-01
6.635249037742614320e-01
6.531292961120604978e-01
6.558388152122497372e-01
6.388528318405151118e-01
6.659054349899291569e-01
6.319916101455688162e-01
6.584294836997985900e-01
6.664763812065124249e-01
6.764072685241698801e-01
6.654835968017578374e-01
6.938726107597350534e-01
6.701740029335021553e-01
7.404093354225158574e-01
7.439588684082031333e-01
7.590062558174133223e-01
8.087956092834472921e-01
7.801831624031067003e-01
7.625159023284912019e-01
7.824228843688965096e-01
8.113958320617675746e-01
8.231074275970459153e-01
8.360511966705321818e-01
8.585190699577331941e-01
8.633548645019530898e-01
8.841759366989135893e-01
9.103069683074951346e-01
9.239526838302611900e-01
9.147276081085204957e-01
9.300083835601806737e-01
9.035747858047484815e-01
8.863163276672363367e-01
8.931319410324096708e-01
8.946376037597656428e-01
8.477130195617675890e-01
7.923922855377196761e-01
8.135677911758423253e-01
8.487050786972045735e-01
8.636738235473633285e-01
8.786951021194457923e-01
9.020719095230103068e-01
9.243222702026366866e-01
9.388802934646606202e-01
9.604606685638428232e-01
9.694627264022827040e-01
9.808714431762695085e-01
9.854512046813964643e-01
9.981648731231689275e-01
1.027799123954773020e+00
9.872926061630249439e-01
9.390844936370850160e-01
9.623243957519531655e-01
8.963526895523071802e-01
8.556854843139648503e-01
8.595286375999450224e-01
8.139269622802733917e-01
8.203994592666625785e-01
7.979460309028625353e-01
8.253118994712829171e-01
8.587743988037109810e-01
8.475329271316528468e-01
8.648185138702392249e-01
8.809950878143310016e-01
8.983764694213867141e-01
9.237041397094726269e-01
9.366024156570434966e-01
9.570729795455932276e-01
9.625141307830810122e-01
9.752359828948974352e-01
9.793419204711913961e-01
9.869024007797241316e-01
9.917589990615844897e-01
1.005331406593322763e+00
1.012390222930908301e+00
1.020071048736572283e+00
