2.599759627532959083e+00
1.975397180366516015e+00
1.885518883705139093e+00
1.862083027267456004e+00
1.708966877746582069e+00
1.608673913574218739e+00
1.561961308670043902e+00
1.494036797904968239e+00
1.479379991912841863e+00
1.383117630767822348e+00
1.343387104797363341e+00
1.292154890251159705e+00
1.209058094024658248e+00
1.144782388496399017e+00
1.099205533218383879e+00
1.037785140037536635e+00
1.024895043754577628e+00
9.430298553466797129e-01
9.235738460540771078e-01
8.629037227630614870e-01
8.239192624092102069e-01
7.932974217414855422e-01
8.113676595687866477e-01
7.565197712898253934e-01
7.057792246818542781e-01
6.931163121223449242e-01
6.635248924255371383e-01
6.531294099807739562e-01
6.558387288093566747e-01
6.388527485847472764e-01
6.659052103996276895e-01
6.319916250228881927e-01
6.584295768737793431e-01
6.664761189460753910e-01
6.764071809768676946e-01
6.654836906433105881e-01
6.938726709365844458e-01
6.701738864898681980e-01
7.404092928886413238e-01
7.439587680816650561e-01
7.590061642646789286e-01
8.087958283424377948e-01
7.801831272125243633e-01
7.625160433769225810e-01
7.824227283477783734e-01
8.113959497451782577e-01
8.231074645042419924e-01
8.360512242317199583e-01
8.585189793586730511e-01
8.633545574188232763e-01
8.841761133193969391e-01
9.103071006774902107e-01
9.239526790618896035e-01
9.147277572631835607e-01
9.300081893920898457e-01
9.035747171401977695e-01
8.863164207458495980e-01
8.931318141937255595e-01
8.946376159667969175e-01
8.477129018783569059e-01
7.923923151969909373e-01
8.135678596496581649e-01
8.487049966812133528e-01
8.636737522125244038e-01
8.786951559066772388e-01
9.020720064163207930e-01
9.243220314025878404e-01
9.388804132461547880e-01
9.604605194091796472e-01
9.694628894805907837e-01
9.808715702056884922e-01
9.854509941101073922e-01
9.981647489547729180e-01
1.027799466705322295e+00
9.872926080703735563e-01
9.390845201492309391e-01
9.623242843627929366e-01
8.963526241302490760e-01
8.556855861663817953e-01
8.595285464286803734e-01
8.139268378257751291e-01
8.203992408752441845e-01
7.979459276199341033e-01
8.253118839263916540e-01
8.587744009017944657e-01
8.475329681396484016e-01
8.648185199737549178e-01
8.809951681137084822e-01
8.983767490386962429e-01
9.237041631698608146e-01
9.366023630142211731e-01
9.570730367660522653e-01
9.625142269134521200e-01
9.752356550216675357e-01
9.793420803070068681e-01
9.869025148391723512e-01
9.917591224670410099e-01
1.005331378746032733e+00
1.012390360832214453e+00
1.020071203994751041e+00
