1.708999999999999964e-01
2.151000000000000134e-01
2.470999999999999863e-01
2.607999999999999763e-01
2.838999999999999857e-01
2.707999999999999852e-01
2.567999999999999727e-01
2.735000000000000209e-01
2.414000000000000035e-01
3.219000000000000195e-01
3.039999999999999925e-01
3.130000000000000004e-01
3.311999999999999944e-01
3.079999999999999960e-01
3.254000000000000226e-01
3.160999999999999921e-01
3.281999999999999917e-01
2.998000000000000109e-01
2.913000000000000034e-01
3.134000000000000119e-01
2.908000000000000029e-01
3.529999999999999805e-01
3.361999999999999988e-01
3.323999999999999733e-01
3.396000000000000130e-01
3.292999999999999816e-01
3.245999999999999996e-01
3.533000000000000029e-01
3.452999999999999958e-01
3.363999999999999768e-01
3.242999999999999772e-01
3.301000000000000045e-01
3.654000000000000026e-01
3.585999999999999743e-01
3.342999999999999861e-01
3.126999999999999780e-01
3.477999999999999980e-01
3.281000000000000028e-01
3.612000000000000210e-01
3.499999999999999778e-01
3.327999999999999847e-01
3.546000000000000263e-01
3.452999999999999958e-01
3.488999999999999879e-01
3.506000000000000227e-01
3.461000000000000187e-01
3.502000000000000113e-01
3.527000000000000135e-01
3.482000000000000095e-01
3.537000000000000144e-01
3.556000000000000272e-01
3.583999999999999964e-01
3.564999999999999836e-01
3.572000000000000175e-01
3.582000000000000184e-01
3.562000000000000166e-01
3.556000000000000272e-01
3.553999999999999937e-01
3.567000000000000171e-01
3.544999999999999818e-01
3.578000000000000069e-01
3.551000000000000267e-01
3.556000000000000272e-01
3.572000000000000175e-01
3.572000000000000175e-01
3.575999999999999734e-01
3.562000000000000166e-01
3.563000000000000056e-01
3.582000000000000184e-01
3.570999999999999730e-01
3.549999999999999822e-01
3.546000000000000263e-01
3.552000000000000157e-01
3.558000000000000052e-01
3.546000000000000263e-01
3.547000000000000153e-01
3.563000000000000056e-01
3.585999999999999743e-01
3.538999999999999924e-01
3.558000000000000052e-01
3.531000000000000250e-01
3.565999999999999726e-01
3.531000000000000250e-01
3.544999999999999818e-01
3.543000000000000038e-01
3.558999999999999941e-01
3.580999999999999739e-01
3.538000000000000034e-01
3.558999999999999941e-01
3.538999999999999924e-01
3.523000000000000020e-01
3.558999999999999941e-01
3.548000000000000043e-01
3.585999999999999743e-01
3.541000000000000258e-01
3.569999999999999840e-01
3.568000000000000060e-01
3.562000000000000166e-01
3.588000000000000078e-01
3.572000000000000175e-01
