1.552000000000000046e-01
2.025000000000000133e-01
2.230999999999999928e-01
2.655000000000000138e-01
2.441000000000000114e-01
2.505999999999999894e-01
2.185999999999999888e-01
2.624000000000000221e-01
2.429000000000000048e-01
2.828999999999999848e-01
2.979999999999999871e-01
2.705000000000000182e-01
2.358999999999999986e-01
2.758999999999999786e-01
2.931000000000000272e-01
3.104000000000000092e-01
2.750000000000000222e-01
2.765000000000000235e-01
3.039999999999999925e-01
3.216999999999999860e-01
2.762000000000000011e-01
2.834999999999999742e-01
3.050999999999999823e-01
2.940999999999999726e-01
2.928000000000000047e-01
2.955999999999999739e-01
2.904999999999999805e-01
2.938999999999999946e-01
2.926000000000000267e-01
3.063000000000000167e-01
3.024999999999999911e-01
3.009999999999999898e-01
2.988000000000000100e-01
3.003000000000000114e-01
2.970999999999999752e-01
2.937000000000000166e-01
2.962000000000000188e-01
2.969999999999999862e-01
2.987000000000000210e-01
2.982000000000000206e-01
2.964999999999999858e-01
2.963999999999999968e-01
2.963000000000000078e-01
2.928999999999999937e-01
2.958999999999999964e-01
2.938999999999999946e-01
2.977000000000000202e-01
2.944999999999999840e-01
2.933999999999999941e-01
2.938999999999999946e-01
2.965999999999999748e-01
2.963000000000000078e-01
2.978999999999999981e-01
2.959999999999999853e-01
2.957000000000000184e-01
2.943000000000000060e-01
2.969999999999999862e-01
2.984999999999999876e-01
2.969999999999999862e-01
2.953999999999999959e-01
2.998000000000000109e-01
2.944999999999999840e-01
2.943999999999999950e-01
2.963999999999999968e-01
2.983999999999999986e-01
2.957000000000000184e-01
2.993000000000000105e-01
2.978000000000000091e-01
2.938000000000000056e-01
2.952000000000000179e-01
2.949999999999999845e-01
2.943999999999999950e-01
2.955999999999999739e-01
2.980999999999999761e-01
2.984999999999999876e-01
2.980999999999999761e-01
2.952000000000000179e-01
2.963000000000000078e-01
3.000999999999999779e-01
2.974999999999999867e-01
2.954999999999999849e-01
2.957000000000000184e-01
2.942000000000000171e-01
2.984999999999999876e-01
2.957000000000000184e-01
2.958999999999999964e-01
2.955999999999999739e-01
2.969999999999999862e-01
2.943000000000000060e-01
2.977000000000000202e-01
2.953999999999999959e-01
2.978000000000000091e-01
2.945999999999999730e-01
3.009999999999999898e-01
2.954999999999999849e-01
2.953999999999999959e-01
2.952000000000000179e-01
2.970999999999999752e-01
2.963000000000000078e-01
2.987000000000000210e-01
