2.599759486770629735e+00
1.975397210884094257e+00
1.885518889808654786e+00
1.862083039855957134e+00
1.708966941642761306e+00
1.608673882675170974e+00
1.561961314392089850e+00
1.494036898803710933e+00
1.479380016326904190e+00
1.383117634010314845e+00
1.343387104797363341e+00
1.292154893493652423e+00
1.209058059883117764e+00
1.144782413291931089e+00
1.099205441284179630e+00
1.037785180091857828e+00
1.024895041084289637e+00
9.430298582077026870e-01
9.235739315032959196e-01
8.629037060737609899e-01
8.239192507743835492e-01
7.932974473953247063e-01
8.113676693916320737e-01
7.565198107719421916e-01
7.057792973518371982e-01
6.931164115905761314e-01
6.635250083923339703e-01
6.531292779922485137e-01
6.558386836051940394e-01
6.388528206825255795e-01
6.659052462577820242e-01
6.319916683197021046e-01
6.584293647766112922e-01
6.664763257026672383e-01
6.764071374893187993e-01
6.654834855079651001e-01
6.938726186752319780e-01
6.701739982604980606e-01
7.404093404769896969e-01
7.439588768959045639e-01
7.590063715934753930e-01
8.087955475807190320e-01
7.801833106994628952e-01
7.625159127235412448e-01
7.824228554725647378e-01
8.113959383964538530e-01
8.231075039863586795e-01
8.360510746955871486e-01
8.585188235282897873e-01
8.633546335220336765e-01
8.841761779785156650e-01
9.103070461273193859e-01
9.239526573181152669e-01
9.147275556564331556e-01
9.300082912445067906e-01
9.035750438690185460e-01
8.863163316726684338e-01
8.931317989349365494e-01
8.946377088546753065e-01
8.477130064010620636e-01
7.923923797607421715e-01
8.135678390502929513e-01
8.487050142288208310e-01
8.636735416412353317e-01
8.786951532363891371e-01
9.020717983245849503e-01
9.243221912384033123e-01
9.388804420471191792e-01
9.604604053497314275e-01
9.694629959106445538e-01
9.808715759277343293e-01
9.854509719848633109e-01
9.981648405075073116e-01
1.027799430274963344e+00
9.872926111221314027e-01
9.390844608306885277e-01
9.623241697311400999e-01
8.963525741577148542e-01
8.556854450225830355e-01
8.595283656120300542e-01
8.139267818450928171e-01
8.203995030403137267e-01
7.979457777023315490e-01
8.253120265960692814e-01
8.587744903564452637e-01
8.475331434249877560e-01
8.648185354232788002e-01
8.809952705383300442e-01
8.983767454147338904e-01
9.237039600372314307e-01
9.366025260925292528e-01
9.570731975555419879e-01
9.625141103744506710e-01
9.752358297348022731e-01
9.793419773101806891e-01
9.869023780822754333e-01
9.917593490600585815e-01
1.005331322479247946e+00
1.012390375328063863e+00
1.020070909881591881e+00
