2.599759737396240222e+00
1.975397229194641113e+00
1.885518883705139093e+00
1.862083054542541527e+00
1.708966908264160089e+00
1.608673895263671882e+00
1.561961287879943816e+00
1.494036782455444357e+00
1.479379988670349144e+00
1.383117701530456545e+00
1.343387058830261216e+00
1.292154880905151293e+00
1.209058099746704196e+00
1.144782412910461344e+00
1.099205502319335892e+00
1.037785271835327094e+00
1.024894952392578107e+00
9.430297481536865645e-01
9.235738796234130854e-01
8.629037694931029900e-01
8.239193252563477010e-01
7.932975090026855858e-01
8.113676839828490861e-01
7.565197210311889187e-01
7.057793601989745813e-01
6.931162631034850641e-01
6.635249205589294208e-01
6.531293607711792237e-01
6.558387800216675112e-01
6.388527832031249964e-01
6.659051922798157053e-01
6.319916219711303462e-01
6.584295568466186355e-01
6.664762495040893464e-01
6.764070260047913008e-01
6.654835886001586598e-01
6.938724504470825671e-01
6.701738958358764986e-01
7.404093652725219910e-01
7.439589328765868759e-01
7.590062218666077110e-01
8.087956263542175339e-01
7.801831438064574797e-01
7.625161361694335893e-01
7.824228509902954043e-01
8.113959679603576225e-01
8.231074406623840600e-01
8.360511475563049411e-01
8.585189052581787550e-01
8.633545547485351745e-01
8.841761589050293191e-01
9.103068405151367726e-01
9.239526947021484693e-01
9.147276088714599851e-01
9.300081272125244602e-01
9.035749809265136712e-01
8.863163091659546078e-01
8.931320005416870655e-01
8.946376760482788182e-01
8.477129230499267365e-01
7.923921874999999559e-01
8.135679107666015097e-01
8.487049562454224150e-01
8.636737922668457079e-01
8.786951654434204118e-01
9.020719375610352087e-01
9.243222904205322665e-01
9.388804349899292356e-01
9.604605817794800160e-01
9.694628549575805554e-01
9.808715267181395969e-01
9.854508232116698796e-01
9.981649353027344240e-01
1.027799333190917874e+00
9.872930082321167422e-01
9.390843671798706493e-01
9.623245044708251816e-01
8.963526536941528455e-01
8.556857110977172942e-01
8.595286623954773164e-01
8.139269808769226122e-01
8.203992993354797258e-01
7.979459584236144876e-01
8.253121180534362944e-01
8.587744419097900206e-01
8.475329891204833599e-01
8.648186838150024869e-01
8.809950044631957855e-01
8.983766832351685050e-01
9.237040641784668438e-01
9.366024641036987397e-01
9.570731826782226115e-01
9.625139001846313436e-01
9.752356267929077616e-01
9.793421426773071259e-01
9.869025749206542519e-01
9.917590198516845756e-01
1.005331273269653325e+00
1.012390751075744610e+00
1.020071038627624604e+00
