2.599759584426879933e+00
1.975397241401672277e+00
1.885518865394592236e+00
1.862083079338073821e+00
1.708966914367675782e+00
1.608673895263671882e+00
1.561961272048950189e+00
1.494036867904663168e+00
1.479379936218261804e+00
1.383117637252807564e+00
1.343387129211425890e+00
1.292154920387267980e+00
1.209058130645751961e+00
1.144782458496093724e+00
1.099205493354797447e+00
1.037785173988342358e+00
1.024895001411437967e+00
9.430298425674438212e-01
9.235739074707031149e-01
8.629037735939025788e-01
8.239193408966064558e-01
7.932974490165710657e-01
8.113676671028137166e-01
7.565198091506958322e-01
7.057792930603027370e-01
6.931163597106934082e-01
6.635248970985412331e-01
6.531293085098266449e-01
6.558388719558715385e-01
6.388528263092041470e-01
6.659051461219787083e-01
6.319915999412536456e-01
6.584294550895690712e-01
6.664762334823608469e-01
6.764071992874145511e-01
6.654837208747863553e-01
6.938726911544800258e-01
6.701739512443541935e-01
7.404093989372253493e-01
7.439588986396789005e-01
7.590062465667725133e-01
8.087955438613891879e-01
7.801831716537475092e-01
7.625160259246825945e-01
7.824226166725158915e-01
8.113959618568420407e-01
8.231075042724609325e-01
8.360511694908142610e-01
8.585190393447875712e-01
8.633545820236205870e-01
8.841761034011841325e-01
9.103069721221923594e-01
9.239525669097899963e-01
9.147277994155883496e-01
9.300082660675048629e-01
9.035746444702148494e-01
8.863163005828857965e-01
8.931318889617919643e-01
8.946373870849609888e-01
8.477130800247192344e-01
7.923923246383667296e-01
8.135679372787475438e-01
8.487050014495849393e-01
8.636737533569336378e-01
8.786951385498046330e-01
9.020719011306762569e-01
9.243221721649169664e-01
9.388804420471191792e-01
9.604606492996216049e-01
9.694628183364868423e-01
9.808713333129882583e-01
9.854509933471680139e-01
9.981649057388305435e-01
1.027799369812011809e+00
9.872925725936889663e-01
9.390845365524291832e-01
9.623239662170409714e-01
8.963525722503662418e-01
8.556857778549193938e-01
8.595284730911254556e-01
8.139268427848815879e-01
8.203992901802062976e-01
7.979458700180053210e-01
8.253120423316955279e-01
8.587742744445800991e-01
8.475329326629639226e-01
8.648184621810912631e-01
8.809952096939086541e-01
8.983765438079833743e-01
9.237041593551635899e-01
9.366022680282592994e-01
9.570732521057129238e-01
9.625141117095947774e-01
9.752359409332275186e-01
9.793420059204102079e-01
9.869026065826416172e-01
9.917593832015991762e-01
1.005331518173217864e+00
1.012390302848815926e+00
1.020071069526672369e+00
