1.120000000000000023e-01
1.981999999999999873e-01
2.190000000000000002e-01
2.049999999999999878e-01
2.283000000000000029e-01
2.369999999999999885e-01
2.323999999999999955e-01
2.394999999999999907e-01
2.771000000000000130e-01
2.242999999999999994e-01
3.010999999999999788e-01
2.700000000000000178e-01
2.664000000000000257e-01
3.014000000000000012e-01
2.887000000000000122e-01
3.019000000000000017e-01
3.291000000000000036e-01
3.009999999999999898e-01
3.173000000000000265e-01
3.085999999999999854e-01
3.296000000000000041e-01
3.437000000000000055e-01
3.249000000000000221e-01
3.377999999999999892e-01
3.588000000000000078e-01
3.407000000000000028e-01
3.274000000000000243e-01
3.466000000000000192e-01
3.236999999999999877e-01
3.365000000000000213e-01
3.659000000000000030e-01
3.377000000000000002e-01
3.508999999999999897e-01
3.593999999999999972e-01
3.524999999999999800e-01
3.437000000000000055e-01
3.627000000000000224e-01
3.583999999999999964e-01
3.497999999999999998e-01
3.337999999999999856e-01
3.522000000000000131e-01
3.589999999999999858e-01
3.602000000000000202e-01
3.551000000000000267e-01
3.567000000000000171e-01
3.541000000000000258e-01
3.556000000000000272e-01
3.538999999999999924e-01
3.549999999999999822e-01
3.523000000000000020e-01
3.630999999999999783e-01
3.585999999999999743e-01
3.623999999999999999e-01
3.612000000000000210e-01
3.595999999999999752e-01
3.598999999999999977e-01
3.613999999999999990e-01
3.649999999999999911e-01
3.644000000000000017e-01
3.607000000000000206e-01
3.590999999999999748e-01
3.604999999999999871e-01
3.648000000000000131e-01
3.608999999999999986e-01
3.639000000000000012e-01
3.622000000000000219e-01
3.645999999999999797e-01
3.628000000000000114e-01
3.592000000000000193e-01
3.605999999999999761e-01
3.595999999999999752e-01
3.599999999999999867e-01
3.600999999999999757e-01
3.588999999999999968e-01
3.618999999999999995e-01
3.615999999999999770e-01
3.618000000000000105e-01
3.639999999999999902e-01
3.633000000000000118e-01
3.600999999999999757e-01
3.622000000000000219e-01
3.620999999999999774e-01
3.615999999999999770e-01
3.608999999999999986e-01
3.597000000000000197e-01
3.605999999999999761e-01
3.578000000000000069e-01
3.625999999999999779e-01
3.590999999999999748e-01
3.614999999999999880e-01
3.551000000000000267e-01
3.573999999999999955e-01
3.583999999999999964e-01
3.579999999999999849e-01
3.582000000000000184e-01
3.604999999999999871e-01
3.602000000000000202e-01
3.640999999999999792e-01
3.644000000000000017e-01
3.623999999999999999e-01
