5.462577474212646500e+00
2.932676472473144447e+00
2.426838357543945168e+00
2.234074026107788047e+00
2.091322191619873205e+00
2.275843879318237395e+00
2.256920633316040092e+00
2.107938470077514559e+00
2.228563622665405308e+00
1.969675129699707039e+00
2.739744834899902504e+00
2.552105156326293756e+00
2.893529955673217913e+00
3.289283730697631913e+00
4.091083991241455387e+00
3.205945665740966621e+00
2.723606536483764717e+00
2.928411994171142396e+00
2.859112856292724825e+00
3.250186832046508822e+00
3.371200505065917952e+00
3.136060554885864438e+00
3.265707117462158138e+00
2.978982926940918041e+00
3.186102131271362214e+00
3.193134389495849490e+00
3.133489038467407006e+00
3.030575838851928605e+00
3.069007346725463936e+00
3.100272545623779408e+00
3.040334982299804700e+00
3.024341140747070167e+00
2.985474171447753733e+00
2.980802238464355547e+00
2.988820211791991976e+00
2.946087435913085972e+00
2.941757323455810536e+00
2.908803323745727365e+00
2.923332557296753009e+00
2.930132137298584016e+00
2.901696657562256032e+00
2.903201291275024243e+00
2.885194693374633967e+00
2.884901876831054590e+00
2.819657947540282983e+00
2.853623224258422741e+00
2.863350648880004901e+00
2.789388909530639449e+00
2.810082803344726710e+00
2.808599399948120023e+00
2.763057618331909104e+00
2.760550681304931420e+00
2.735567143630981413e+00
2.751222811508178712e+00
2.757895945739746058e+00
2.736522365951538305e+00
2.786387651824951295e+00
2.726804312133789043e+00
2.740069281005859558e+00
2.759348810195922930e+00
2.771450999069213772e+00
2.771742865371704223e+00
2.763707113265991389e+00
2.758145071411132854e+00
2.783733351898193487e+00
2.769011855697631752e+00
2.793629983520507842e+00
2.755659117507934575e+00
2.718874626922607618e+00
2.746076718139648598e+00
2.775115796661376866e+00
2.762127172851562396e+00
2.755891842269897474e+00
2.726882305526733496e+00
2.742257977294921822e+00
2.781316240692138564e+00
2.756111096572876118e+00
2.765870913314819379e+00
2.752453994750976740e+00
2.726422364807128851e+00
2.737432513809204160e+00
2.738333234405517569e+00
2.745902025222778153e+00
2.774102852630615068e+00
2.766928737258911308e+00
2.756163027191162129e+00
2.750813987350464007e+00
2.731930827331543021e+00
2.724568756866454944e+00
2.734110459899902423e+00
2.734996181106567281e+00
2.728006576538085870e+00
2.742742112731933801e+00
2.731612726974487426e+00
2.733503524398803730e+00
2.779847936248779128e+00
2.750038368606567474e+00
2.745110150909424007e+00
2.766967815399170139e+00
2.728552642059326239e+00
