1.698999999999999955e-01
2.277000000000000135e-01
2.636000000000000010e-01
2.803999999999999826e-01
3.241999999999999882e-01
3.271000000000000019e-01
3.336999999999999966e-01
3.493999999999999884e-01
3.684999999999999942e-01
3.904000000000000248e-01
3.788000000000000256e-01
3.810000000000000053e-01
3.715999999999999859e-01
3.614999999999999880e-01
3.499999999999999778e-01
4.043999999999999817e-01
4.193999999999999950e-01
4.174999999999999822e-01
4.290999999999999814e-01
4.254999999999999893e-01
4.192000000000000171e-01
4.475999999999999979e-01
4.349000000000000088e-01
4.496999999999999886e-01
4.410999999999999921e-01
4.428000000000000269e-01
4.480999999999999983e-01
4.521000000000000019e-01
4.532999999999999807e-01
4.496999999999999886e-01
4.520000000000000129e-01
4.540000000000000147e-01
4.539000000000000257e-01
4.509000000000000230e-01
4.510000000000000120e-01
4.530000000000000138e-01
4.536000000000000032e-01
4.547999999999999821e-01
4.515000000000000124e-01
4.526000000000000023e-01
4.524000000000000243e-01
4.550000000000000155e-01
4.521999999999999909e-01
4.495999999999999996e-01
4.507999999999999785e-01
4.491999999999999882e-01
4.474000000000000199e-01
4.516999999999999904e-01
4.506999999999999895e-01
4.475000000000000089e-01
4.512999999999999790e-01
4.515000000000000124e-01
4.541000000000000036e-01
4.516999999999999904e-01
4.529000000000000248e-01
4.519000000000000239e-01
4.505000000000000115e-01
4.550000000000000155e-01
4.535000000000000142e-01
4.510000000000000120e-01
4.530000000000000138e-01
4.526000000000000023e-01
4.547999999999999821e-01
4.510000000000000120e-01
4.505000000000000115e-01
4.509000000000000230e-01
4.507999999999999785e-01
4.531000000000000028e-01
4.526999999999999913e-01
4.506999999999999895e-01
4.492999999999999772e-01
4.521000000000000019e-01
4.510000000000000120e-01
4.531999999999999917e-01
4.542999999999999816e-01
4.502999999999999781e-01
4.490000000000000102e-01
4.511000000000000010e-01
4.502999999999999781e-01
4.531999999999999917e-01
4.535000000000000142e-01
4.521999999999999909e-01
4.519000000000000239e-01
4.497999999999999776e-01
4.489000000000000212e-01
4.521000000000000019e-01
4.525000000000000133e-01
4.526000000000000023e-01
4.526999999999999913e-01
4.516000000000000014e-01
4.516000000000000014e-01
4.536000000000000032e-01
4.519000000000000239e-01
4.511000000000000010e-01
4.521999999999999909e-01
4.494000000000000217e-01
4.507999999999999785e-01
4.520000000000000129e-01
4.507999999999999785e-01
4.525000000000000133e-01
