2.599759529876708886e+00
1.975397223091125420e+00
1.885518865013122491e+00
1.862083039474487389e+00
1.708966923332214449e+00
1.608673907089233301e+00
1.561961263084411522e+00
1.494036852836608809e+00
1.479379902839660588e+00
1.383117695045471107e+00
1.343387117004394504e+00
1.292154871940612848e+00
1.209058115196228078e+00
1.144782461738586443e+00
1.099205465698242179e+00
1.037785195159912188e+00
1.024895028305053746e+00
9.430297880172729963e-01
9.235738977432250696e-01
8.629037674903869970e-01
8.239192748069763539e-01
7.932974502563476804e-01
8.113676012039184871e-01
7.565198123931884400e-01
7.057793479919433066e-01
6.931163259506225582e-01
6.635248804092407360e-01
6.531292428016662877e-01
6.558387969017028807e-01
6.388528717041015437e-01
6.659052890777588107e-01
6.319915885925293519e-01
6.584294137954711523e-01
6.664762744903564018e-01
6.764072349548340135e-01
6.654836077690124974e-01
6.938726324081421204e-01
6.701740260124207094e-01
7.404094338417053223e-01
7.439588593482970857e-01
7.590064295768738090e-01
8.087957770347594666e-01
7.801832441329955570e-01
7.625160046577453832e-01
7.824228479385375579e-01
8.113958613395690911e-01
8.231074335098266248e-01
8.360512829780578636e-01
8.585189296722411934e-01
8.633546312332153194e-01
8.841761253356933414e-01
9.103072055816650021e-01
9.239526584625243899e-01
9.147276914596557118e-01
9.300083959579468207e-01
9.035748262405395304e-01
8.863164278030395415e-01
8.931319860458374338e-01
8.946375715255737715e-01
8.477130283355712725e-01
7.923923825263976539e-01
8.135678695678710826e-01
8.487050411224364987e-01
8.636737379074096443e-01
8.786951864242553700e-01
9.020720521926879343e-01
9.243221538543701099e-01
9.388802333831787195e-01
9.604605958938599031e-01
9.694629659652710396e-01
9.808715433120727134e-01
9.854509273529052926e-01
9.981648574829101728e-01
1.027799484062194901e+00
9.872927190780639295e-01
9.390843704223632571e-01
9.623238975524902594e-01
8.963523994445801168e-01
8.556857233047485689e-01
8.595285063743591802e-01
8.139269072532653304e-01
8.203993110656738752e-01
7.979459592819213576e-01
8.253121140480041973e-01
8.587742496490478050e-01
8.475332038879394014e-01
8.648184644699096202e-01
8.809949552536010531e-01
8.983765962600708255e-01
9.237041730880737322e-01
9.366023878097534672e-01
9.570732845306396674e-01
9.625141288757323998e-01
9.752358350753783656e-01
9.793421869277953995e-01
9.869024459838867669e-01
9.917591989517211548e-01
1.005331575393676680e+00
1.012390363883972189e+00
1.020071358489990310e+00
