1.097999999999999948e-01
1.872999999999999943e-01
2.508000000000000229e-01
2.472999999999999921e-01
2.936000000000000276e-01
3.029999999999999916e-01
3.439999999999999725e-01
3.292999999999999816e-01
3.024999999999999911e-01
3.116999999999999771e-01
3.148000000000000242e-01
3.620999999999999774e-01
3.639000000000000012e-01
3.605999999999999761e-01
3.402000000000000024e-01
3.578999999999999959e-01
3.997999999999999887e-01
3.824000000000000177e-01
4.037000000000000033e-01
4.097999999999999976e-01
4.212000000000000188e-01
4.040000000000000258e-01
3.967999999999999861e-01
4.242000000000000215e-01
4.128999999999999893e-01
4.218000000000000083e-01
4.061000000000000165e-01
4.249999999999999889e-01
4.154999999999999805e-01
4.203999999999999959e-01
4.269999999999999907e-01
4.209999999999999853e-01
4.316999999999999726e-01
4.295999999999999819e-01
4.298000000000000154e-01
4.218999999999999972e-01
4.265999999999999792e-01
4.330999999999999850e-01
4.294000000000000039e-01
4.297000000000000264e-01
4.243999999999999995e-01
4.269000000000000017e-01
4.233999999999999986e-01
4.277000000000000246e-01
4.242000000000000215e-01
4.253000000000000114e-01
4.280999999999999805e-01
4.219999999999999862e-01
4.217000000000000193e-01
4.235999999999999766e-01
4.228999999999999981e-01
4.280999999999999805e-01
4.258000000000000118e-01
4.243000000000000105e-01
4.244999999999999885e-01
4.260999999999999788e-01
4.233000000000000096e-01
4.243000000000000105e-01
4.257000000000000228e-01
4.275999999999999801e-01
4.264999999999999902e-01
4.269000000000000017e-01
4.262000000000000233e-01
4.230999999999999761e-01
4.240999999999999770e-01
4.250999999999999779e-01
4.258000000000000118e-01
4.258000000000000118e-01
4.268000000000000127e-01
4.268000000000000127e-01
4.258000000000000118e-01
4.250999999999999779e-01
4.267000000000000237e-01
4.259999999999999898e-01
4.280999999999999805e-01
4.269000000000000017e-01
4.269999999999999907e-01
4.247000000000000219e-01
4.223999999999999977e-01
4.289999999999999925e-01
4.252000000000000224e-01
4.268000000000000127e-01
4.238000000000000100e-01
4.274999999999999911e-01
4.254000000000000004e-01
4.269999999999999907e-01
4.259999999999999898e-01
4.257000000000000228e-01
4.259999999999999898e-01
4.263000000000000123e-01
4.277000000000000246e-01
4.273000000000000131e-01
4.275999999999999801e-01
4.288000000000000145e-01
4.293000000000000149e-01
4.303000000000000158e-01
4.248999999999999999e-01
4.267000000000000237e-01
4.282000000000000250e-01
4.295999999999999819e-01
