2.599759578704833984e+00
1.975397223091125420e+00
1.885518877601623622e+00
1.862082987403869572e+00
1.708966896057128926e+00
1.608673919677734432e+00
1.561961204910278234e+00
1.494036849594116312e+00
1.479379924774169908e+00
1.383117670631408780e+00
1.343387159729003910e+00
1.292154881286621038e+00
1.209058157920837484e+00
1.144782428359985449e+00
1.099205465698242179e+00
1.037785220336914005e+00
1.024895007133483915e+00
9.430297583580017351e-01
9.235739591598510767e-01
8.629036723136901399e-01
8.239192090988158856e-01
7.932974947929382070e-01
8.113676073074340689e-01
7.565198305130005352e-01
7.057793083190917471e-01
6.931162596702575840e-01
6.635248470306396307e-01
6.531293011665344483e-01
6.558389265060424744e-01
6.388528596878051413e-01
6.659053428649902573e-01
6.319916498184203757e-01
6.584294592857360406e-01
6.664761796951294004e-01
6.764072159767150483e-01
6.654836034774780362e-01
6.938726712226868099e-01
6.701739197731018116e-01
7.404094586372375053e-01
7.439589260101318047e-01
7.590062531471252205e-01
8.087956963539123523e-01
7.801831914901733445e-01
7.625160909652709540e-01
7.824228622436523173e-01
8.113959662437438825e-01
8.231074248313904329e-01
8.360511073112487646e-01
8.585188879013061491e-01
8.633546672821045265e-01
8.841761779785156650e-01
9.103071893692016303e-01
9.239528043746948471e-01
9.147275976181030721e-01
9.300082475662231341e-01
9.035749231338501275e-01
8.863163341522216632e-01
8.931318181991577676e-01
8.946376302719115658e-01
8.477131067276001408e-01
7.923923250198364743e-01
8.135679590225219915e-01
8.487051017761230165e-01
8.636738256454468132e-01
8.786952119827270424e-01
9.020720422744751277e-01
9.243221704483032264e-01
9.388803764343262026e-01
9.604603923797607745e-01
9.694629680633545243e-01
9.808714773178101032e-01
9.854510585784912458e-01
9.981647714614868550e-01
1.027799354553222688e+00
9.872926805496216041e-01
9.390844892501830632e-01
9.623240869522095009e-01
8.963527273178100163e-01
8.556856643676757912e-01
8.595285375595093091e-01
8.139269109725951745e-01
8.203991813659667898e-01
7.979458021163940984e-01
8.253118990898132834e-01
8.587743499755858823e-01
8.475331483840942148e-01
8.648185276031493673e-01
8.809951656341552528e-01
8.983764968872069989e-01
9.237040571212769002e-01
9.366024307250976344e-01
9.570732419967651339e-01
9.625142347335815529e-01
9.752357288360595788e-01
9.793421794891357113e-01
9.869024200439453498e-01
9.917593803405762021e-01
1.005331397628784096e+00
1.012390463066101143e+00
1.020071121597289965e+00
