5.424617240600586143e+01
4.584612579345702876e+00
4.361484154129028568e+00
4.278861374282836749e+00
3.728799875640869121e+00
3.628035041427612128e+00
3.891565623092651194e+00
3.766664486312865989e+00
4.024591249847412122e+00
3.953110584259033278e+00
3.686628281402587692e+00
3.546896214675903103e+00
4.127385095214843425e+00
4.357649021911621290e+00
4.434544895935058406e+00
4.654662605285644794e+00
3.538593593215942246e+00
4.687105892181396172e+00
3.989203994369507011e+00
4.332343401336669508e+00
4.004451612854003528e+00
4.526269506835937761e+00
3.969247948837280493e+00
4.946558800506592135e+00
5.271660066223144092e+00
4.129723192596435943e+00
3.437994078826904332e+00
4.178308213043212760e+00
4.290827347564697192e+00
4.106329676055907818e+00
3.795192070770263548e+00
4.616674888610839744e+00
4.434573964691161940e+00
4.038572473526000906e+00
3.927731199645996263e+00
4.038442212677002097e+00
3.979377511978149595e+00
4.085173739624023526e+00
3.912634984970092766e+00
3.882500892257690239e+00
4.014994810867309916e+00
3.897428906250000047e+00
3.678480325317382782e+00
3.588761611557006681e+00
3.673847536087035959e+00
3.699665740203857300e+00
3.644978848266601457e+00
3.601691474914550994e+00
3.572884418106079263e+00
3.690941733551025283e+00
3.668776571273803633e+00
3.649141829299926698e+00
3.696278148269653396e+00
3.646998887634277153e+00
3.625314374160766739e+00
3.632177291107177908e+00
3.646078480529785004e+00
3.656106782913207898e+00
3.637486583709717003e+00
3.650496511840820357e+00
3.656407672119140528e+00
3.605714828491211055e+00
3.605788336944580230e+00
3.625588004684448418e+00
3.608326207351684634e+00
3.628409881973266415e+00
3.646981732177734248e+00
3.641100398635864099e+00
3.601442452239990377e+00
3.611859313201904342e+00
3.586963405609131073e+00
3.600190641021728588e+00
3.608371721649169750e+00
3.637554085540771531e+00
3.576386376953125001e+00
3.609779968261718874e+00
3.639294344711303530e+00
3.595528017044067326e+00
3.612981445312500206e+00
3.591616992187499857e+00
3.634041718292236212e+00
3.588539221572875970e+00
3.601965265655517445e+00
3.598692951965332121e+00
3.597080042266845634e+00
3.598648427581787157e+00
3.585744988632202368e+00
3.595004521560668742e+00
3.610945159530639437e+00
3.575265485763549744e+00
3.599563408279419008e+00
3.602086767578124959e+00
3.583286194229125865e+00
3.596376785278320387e+00
3.573830248641967966e+00
3.564151458740234535e+00
3.600959889221191368e+00
3.618678600692748937e+00
3.634269656753540190e+00
3.604927151489258019e+00
