5.111378163452148726e+01
3.405118376159668170e+00
3.418322663116454940e+00
2.849685125350952308e+00
2.853080969238281028e+00
2.752636624145508026e+00
2.799433670425415244e+00
2.848472633743285964e+00
3.166210644912719641e+00
2.916511612701416123e+00
3.135397076416015505e+00
3.012013371658325056e+00
3.685655469512939320e+00
3.667790436553954869e+00
3.783292956542968710e+00
4.204337429046630881e+00
3.806850987243652451e+00
3.535611801910400587e+00
4.002393648529052328e+00
3.835878147506714075e+00
4.209792572784423648e+00
3.697443318939209078e+00
3.694103292846679487e+00
3.678323544692993163e+00
3.519520069885254010e+00
3.409721413040160964e+00
3.435164783477783423e+00
3.338798526763916197e+00
3.309475981903076125e+00
3.179914341354370233e+00
3.287696614074707036e+00
3.140981917572021498e+00
3.125460671615600372e+00
3.096338717269897511e+00
3.075677188110351512e+00
3.061138077163696458e+00
3.057780924224853702e+00
2.969680661010742018e+00
2.962322391128540122e+00
2.949910301971435445e+00
2.935408865356445407e+00
2.961962817001342785e+00
2.915020339584350584e+00
2.892490671920776357e+00
2.887144044494629025e+00
2.867188896942138854e+00
2.838415526580810422e+00
2.816707357406616374e+00
2.805010966110229376e+00
2.823638749694824313e+00
2.843197769165039190e+00
2.825474378204345882e+00
2.831582452774047631e+00
2.802184587478637745e+00
2.838251943206786976e+00
2.813175296401977388e+00
2.818426982879638665e+00
2.820235164260864291e+00
2.784888070678710914e+00
2.792588481903075959e+00
2.796292056655883762e+00
2.809744257736205952e+00
2.809971138000488367e+00
2.789217940521240280e+00
2.806507441329955999e+00
2.819409059906005766e+00
2.818732448959350378e+00
2.803981002807617084e+00
2.809760723876953303e+00
2.795452039718627990e+00
2.784704536437988320e+00
2.794118480300903151e+00
2.770574792480468673e+00
2.794914807128906276e+00
2.779510688400268492e+00
2.779942274093627930e+00
2.815171691131591825e+00
2.788118137741089075e+00
2.819084362030029212e+00
2.787079000854492339e+00
2.797868349456787307e+00
2.782337161254882840e+00
2.795887781906127856e+00
2.780768586730956837e+00
2.798665470504760666e+00
2.802929631042480274e+00
2.786947573852538884e+00
2.792114729309082222e+00
2.790012026214599761e+00
2.798168040466308515e+00
2.812742758941650489e+00
2.780611809158325176e+00
2.780716691207885560e+00
2.784877952957153457e+00
2.809582376098632928e+00
2.790253138351440398e+00
2.783376806640625034e+00
2.804020438003540061e+00
2.779246514511108490e+00
2.767297462463378821e+00
