1.980999999999999983e-01
2.356999999999999929e-01
2.265999999999999959e-01
2.545999999999999930e-01
2.733999999999999764e-01
2.565000000000000058e-01
2.788999999999999813e-01
2.902000000000000135e-01
2.898000000000000020e-01
3.362999999999999878e-01
3.356999999999999984e-01
2.641000000000000014e-01
3.795000000000000040e-01
3.418999999999999817e-01
2.964999999999999858e-01
3.408999999999999808e-01
3.523999999999999910e-01
3.462999999999999967e-01
4.011000000000000121e-01
3.327999999999999847e-01
3.365000000000000213e-01
3.689999999999999947e-01
3.513000000000000012e-01
3.785999999999999921e-01
3.583000000000000074e-01
3.664000000000000035e-01
4.104999999999999760e-01
3.794000000000000150e-01
3.812999999999999723e-01
3.731999999999999762e-01
3.780000000000000027e-01
4.032000000000000028e-01
3.931999999999999940e-01
3.936000000000000054e-01
3.961999999999999966e-01
3.884000000000000230e-01
3.871999999999999886e-01
3.783000000000000251e-01
3.885000000000000120e-01
3.910000000000000142e-01
3.912999999999999812e-01
3.881999999999999895e-01
3.899000000000000243e-01
3.904000000000000248e-01
3.856999999999999873e-01
3.877999999999999781e-01
3.847999999999999754e-01
3.593999999999999972e-01
3.714000000000000079e-01
3.968999999999999750e-01
3.926999999999999935e-01
3.941000000000000059e-01
3.907999999999999807e-01
3.876999999999999891e-01
3.904000000000000248e-01
3.884000000000000230e-01
3.906999999999999917e-01
3.914000000000000257e-01
3.902999999999999803e-01
3.877999999999999781e-01
3.919000000000000261e-01
3.946999999999999953e-01
3.897999999999999798e-01
3.919000000000000261e-01
3.902999999999999803e-01
3.885000000000000120e-01
3.909000000000000252e-01
3.899000000000000243e-01
3.860999999999999988e-01
3.860000000000000098e-01
3.864000000000000212e-01
3.875000000000000111e-01
3.886000000000000010e-01
3.870000000000000107e-01
3.865000000000000102e-01
3.845999999999999974e-01
3.925000000000000155e-01
3.938999999999999724e-01
3.926000000000000045e-01
3.891000000000000014e-01
3.850999999999999979e-01
3.919000000000000261e-01
3.904000000000000248e-01
3.907999999999999807e-01
3.895000000000000129e-01
3.904000000000000248e-01
3.851999999999999869e-01
3.866999999999999882e-01
3.904000000000000248e-01
3.875000000000000111e-01
3.896999999999999909e-01
3.914000000000000257e-01
3.911999999999999922e-01
3.887999999999999790e-01
3.860999999999999988e-01
3.869000000000000217e-01
3.897999999999999798e-01
3.881999999999999895e-01
3.857999999999999763e-01
3.855000000000000093e-01
