3.469829942626952857e+01
3.700115552902221605e+00
3.150296377182006946e+00
3.331163611221313658e+00
3.343128667068481441e+00
3.116214171218872231e+00
2.967797937011718901e+00
3.254305496597289959e+00
3.259263485336303834e+00
2.962380833435058758e+00
3.063154847335815223e+00
3.631688715362548781e+00
3.232411053085327168e+00
4.072578085327148045e+00
3.415889854431152450e+00
3.692805310440063327e+00
3.984889305877685750e+00
4.061640128326415855e+00
3.888080075836181759e+00
3.864056333160400314e+00
3.707602664566040040e+00
3.932267411422729619e+00
3.802286716842651515e+00
3.593231529998779372e+00
3.969308130645751831e+00
3.695000693130493286e+00
3.651449320602417004e+00
3.665249024581909154e+00
3.735756771087646477e+00
3.800145988464355362e+00
3.594872380065917916e+00
3.651120249557495256e+00
3.649749895095825369e+00
3.529841464233398618e+00
3.576810601806640566e+00
3.927844692993164077e+00
3.519190225219726464e+00
3.774184323883056802e+00
3.637686618423461749e+00
3.521935783386230590e+00
3.567093886947631631e+00
3.526236455917358459e+00
3.543307687377929671e+00
3.520302189254760794e+00
3.535504468536376788e+00
3.478151583862304719e+00
3.439167655944824098e+00
3.410194419860840043e+00
3.450970392227172834e+00
3.396593590927123874e+00
3.458615867996215787e+00
3.445200998306274354e+00
3.416981532287597823e+00
3.443724621200561664e+00
3.428433126449585089e+00
3.456166886138916094e+00
3.408056597900390727e+00
3.485618121719360474e+00
3.472386671829223559e+00
3.472066083145141757e+00
3.432076199340820200e+00
3.456782114028930764e+00
3.394749041748046814e+00
3.446088216781616254e+00
3.408877493286132765e+00
3.447013385391235474e+00
3.458184945678711042e+00
3.406861727142334040e+00
3.379808956909179596e+00
3.462381530380249206e+00
3.411251386260986340e+00
3.404654314804077320e+00
3.408968600463867293e+00
3.375379846191406408e+00
3.417703696823120030e+00
3.406007358932495066e+00
3.443398435592651463e+00
3.425115783309936379e+00
3.456446020126342944e+00
3.405843037033081000e+00
3.464317837524414134e+00
3.464217831039428930e+00
3.449930288314819293e+00
3.404974248504638812e+00
3.443540371322631799e+00
3.445090737533569314e+00
3.433350596237182639e+00
3.460833851623535296e+00
3.448674495697021669e+00
3.422047743606567494e+00
3.402293637084961020e+00
3.399533817672729441e+00
3.447439707183837854e+00
3.421744461059570419e+00
3.387768018341064558e+00
3.448080751800536969e+00
3.470409670639038158e+00
3.418953716659546060e+00
3.413768157196044761e+00
3.435441735076904202e+00
