6.801864785003662206e+00
1.106584750518798899e+01
6.806425417327880645e+00
6.333153116607666000e+00
6.563854730987548791e+00
6.722901322174072547e+00
6.451302803039550504e+00
6.515777362823486740e+00
6.611322547912597436e+00
6.636930395507812719e+00
7.613731374359130832e+00
7.012529099273681510e+00
7.225578291320800872e+00
7.219322241210937463e+00
7.951850836181640680e+00
7.276480421447754310e+00
7.759926348114013273e+00
7.560581760406494212e+00
7.196763545227050862e+00
8.781213249206542670e+00
8.440194972229003056e+00
8.718859072875977390e+00
9.085433274841308915e+00
8.205828976440429301e+00
9.308913632202148847e+00
9.456777127075195466e+00
8.884948262023925736e+00
8.384019448852539469e+00
9.115620739746093548e+00
9.193541474914550093e+00
9.100341342163085656e+00
8.893450764465331559e+00
8.464265051269531881e+00
9.096594497680664304e+00
7.857870439147949249e+00
8.169811485290527031e+00
8.882425160217284343e+00
8.501353259277344421e+00
8.662375665283203574e+00
8.512719348144530684e+00
8.172505516052245511e+00
8.297339059448242793e+00
8.163824514770507079e+00
8.181365995788574708e+00
8.041054017639160278e+00
7.920071788024902304e+00
8.133686682128907108e+00
8.005880764770507696e+00
7.821409638977050882e+00
7.802471084594726491e+00
7.812249240112304705e+00
7.751184712982177594e+00
7.769036203002929852e+00
7.792112414550781629e+00
7.798728771972656126e+00
7.712773854827880804e+00
7.775204266357421901e+00
7.702411846923828520e+00
7.757533914184570278e+00
7.694245867919922155e+00
7.757695603179931787e+00
7.796012782287597531e+00
7.728881230163573868e+00
7.657678321838378821e+00
7.700872845458984095e+00
7.671320657348632999e+00
7.718119823455810824e+00
7.711313554382324575e+00
7.689483353424072298e+00
7.718234471893310911e+00
7.655823663330077800e+00
7.701899539184569932e+00
7.689752152252196993e+00
7.635166654968261746e+00
7.678160404205322642e+00
7.689203588867187911e+00
7.681670724487304369e+00
7.677541304779052389e+00
7.706306857299805024e+00
7.599050995635986183e+00
7.648899736022949369e+00
7.606303929901122807e+00
7.614687352752685712e+00
7.600702906036376660e+00
7.612401410675048830e+00
7.683840769958496075e+00
7.571021239471435571e+00
7.630997368621826205e+00
7.653870407104491846e+00
7.674266258239746286e+00
7.669555609893798476e+00
7.687770901489257902e+00
7.641307122802734497e+00
7.569172654724121152e+00
7.642872172546386622e+00
7.748690091705322303e+00
7.707501289367676200e+00
7.623367771148681804e+00
7.685099367523193337e+00
7.615338458251953213e+00
