4.840772479248046878e+00
2.224814093017577932e+00
2.052080783843994283e+00
1.986691340637207093e+00
1.924973827934265191e+00
1.861401852607726948e+00
1.804949716949462823e+00
1.776696557044982860e+00
1.686291158103942811e+00
1.660718928337097111e+00
1.614373848342895545e+00
1.560792974281311141e+00
1.473440017890930154e+00
1.417539900588989266e+00
1.358630446815490833e+00
1.323769344902038680e+00
1.310431932640075736e+00
1.268948983192443869e+00
1.231177192115783692e+00
1.202265491867065439e+00
1.114733679580688586e+00
1.100510838699340743e+00
1.090529224586486823e+00
1.017419647789001402e+00
9.965118223190307933e-01
9.420185487747192443e-01
9.384937596321105691e-01
9.240843795776366720e-01
8.703648590087890158e-01
8.978478291511535758e-01
8.518635446548461498e-01
7.966699226379394538e-01
7.783650947570800449e-01
7.960671877861023038e-01
7.806196079254150710e-01
7.494654680252075263e-01
7.375383643150329460e-01
7.334852773666381553e-01
7.323190107345580735e-01
6.878372581481934089e-01
7.536014533996582276e-01
7.231685385704040847e-01
6.978992210388184070e-01
7.177358566284179897e-01
7.160381555557251421e-01
7.088773596763611184e-01
7.225496217727661596e-01
7.099761586189270446e-01
7.341459236145019274e-01
7.513399312019347631e-01
7.488744710922241588e-01
7.521796566963195874e-01
7.824316754341125169e-01
8.099618400573730392e-01
8.256992640495299796e-01
8.640510592460631800e-01
8.366675170898437708e-01
8.330293862342834643e-01
8.388425086021423782e-01
8.560794620513916264e-01
8.659250554084777507e-01
8.786764013290405684e-01
8.538947603225708338e-01
8.849893030166625651e-01
8.885991917610168711e-01
8.648451684951782292e-01
8.207681303024292330e-01
8.441908653259276862e-01
8.308675209045409682e-01
8.442790665626526136e-01
8.701634401321410861e-01
8.523682678222656017e-01
8.900223784446715802e-01
9.229467566490173747e-01
9.396091817855835027e-01
9.421258125305175257e-01
9.479188186645507441e-01
9.663969228744506701e-01
9.770250223159789860e-01
9.910052429199218693e-01
1.000307820129394454e+00
1.023880669403076205e+00
1.024292399787902763e+00
1.021018588638305635e+00
1.031039660072326614e+00
1.048084492111206023e+00
1.102320135498046971e+00
1.082828041648864703e+00
9.971362314224243573e-01
9.743088888168335293e-01
7.673249143600463507e-01
7.870888699531555233e-01
7.970078423500061016e-01
8.396810420989990753e-01
8.613670174598694329e-01
8.897036592483520412e-01
9.102475091934204565e-01
9.310550029754638413e-01
9.348313007354736026e-01
9.620799530029296998e-01
