1.003000000000000003e-01
2.592999999999999750e-01
2.313000000000000056e-01
2.546999999999999820e-01
2.659000000000000252e-01
2.970999999999999752e-01
2.043999999999999984e-01
2.225000000000000033e-01
3.395000000000000240e-01
3.377999999999999892e-01
3.174000000000000155e-01
3.309000000000000274e-01
3.518999999999999906e-01
3.161999999999999811e-01
3.187999999999999723e-01
3.312999999999999834e-01
3.380000000000000226e-01
3.241999999999999882e-01
3.670999999999999819e-01
3.307999999999999829e-01
3.362999999999999878e-01
3.049000000000000044e-01
3.558999999999999941e-01
3.246999999999999886e-01
3.416000000000000147e-01
3.439999999999999725e-01
3.331999999999999962e-01
3.447000000000000064e-01
3.458999999999999853e-01
3.360000000000000209e-01
3.461000000000000187e-01
3.502000000000000113e-01
3.499999999999999778e-01
3.494999999999999774e-01
3.513000000000000012e-01
3.498999999999999888e-01
3.474999999999999756e-01
3.503999999999999893e-01
3.494999999999999774e-01
3.474999999999999756e-01
3.482999999999999985e-01
3.496000000000000218e-01
3.496000000000000218e-01
3.514999999999999791e-01
3.474999999999999756e-01
3.466000000000000192e-01
3.484999999999999765e-01
3.472000000000000086e-01
3.491000000000000214e-01
3.511000000000000232e-01
3.474999999999999756e-01
3.484999999999999765e-01
3.501000000000000223e-01
3.484999999999999765e-01
3.503000000000000003e-01
3.471000000000000196e-01
3.477999999999999980e-01
3.472999999999999976e-01
3.502000000000000113e-01
3.454999999999999738e-01
3.486000000000000210e-01
3.491000000000000214e-01
3.478999999999999870e-01
3.468999999999999861e-01
3.472000000000000086e-01
3.447000000000000064e-01
3.432999999999999940e-01
3.493999999999999884e-01
3.501000000000000223e-01
3.474999999999999756e-01
3.511000000000000232e-01
3.481000000000000205e-01
3.472999999999999976e-01
3.503000000000000003e-01
3.497000000000000108e-01
3.481000000000000205e-01
3.477999999999999980e-01
3.496000000000000218e-01
3.501000000000000223e-01
3.482999999999999985e-01
3.503999999999999893e-01
3.478999999999999870e-01
3.508000000000000007e-01
3.497000000000000108e-01
3.507000000000000117e-01
3.444999999999999729e-01
3.477999999999999980e-01
3.444999999999999729e-01
3.523999999999999910e-01
3.492999999999999994e-01
3.513000000000000012e-01
3.477999999999999980e-01
3.467000000000000082e-01
3.439999999999999725e-01
3.492999999999999994e-01
3.467000000000000082e-01
3.483999999999999875e-01
3.502000000000000113e-01
3.491000000000000214e-01
3.499999999999999778e-01
