1.789320010070800748e+01
4.817835968017577741e+00
5.898864685058593516e+00
5.880670030212402644e+00
5.882515074920654286e+00
6.836492982482909930e+00
6.184697155761718967e+00
7.614517819213867611e+00
5.895545787811279581e+00
7.703736399841308646e+00
6.532262597656250058e+00
9.639683003234862824e+00
9.353620684814453412e+00
1.004485767364501925e+01
1.076736085662841802e+01
1.001961754760742274e+01
1.129149229125976639e+01
1.074046573028564389e+01
8.461717053222656659e+00
9.930382028198241784e+00
1.040269954833984301e+01
9.632286236572266347e+00
9.237399938964843571e+00
1.130669347534179714e+01
1.125384929962158154e+01
1.066035450744628932e+01
1.080118128662109456e+01
1.060715317077636755e+01
1.039625496978759678e+01
1.033552493743896505e+01
1.043321865081787081e+01
1.015941404266357395e+01
1.012590086212158269e+01
1.003260094146728498e+01
9.850531704711913861e+00
9.859362936401367961e+00
9.998142288208008210e+00
9.774869317626952991e+00
9.652695089721680333e+00
9.589636430358886798e+00
9.581773783874512063e+00
9.735849731445313182e+00
9.402360661315917412e+00
9.286765165710448855e+00
9.245106716918945367e+00
9.465308898925782088e+00
9.355815979003907046e+00
9.273537817382813131e+00
9.175969564819336455e+00
9.063176542663574864e+00
8.782182048034668398e+00
8.854595471191405665e+00
8.979117419433594094e+00
8.823498860168456304e+00
8.887048568725585795e+00
8.850398927307129071e+00
8.887067897033691821e+00
8.773824824523925869e+00
8.698602656555175727e+00
8.871606037902832753e+00
8.811917889404297100e+00
8.804815325927734193e+00
8.886660620117186937e+00
8.867757917785644040e+00
8.826194512939453674e+00
8.937859442138671895e+00
8.833143360900878704e+00
8.754097071838378596e+00
8.715543379211425190e+00
8.663447956848145282e+00
8.800178472900389792e+00
8.889802810668944844e+00
8.716698541259765065e+00
8.847625198364257315e+00
8.715308094787598492e+00
8.722524276733398807e+00
8.729423448181151457e+00
8.742998068237303855e+00
8.700515872192383426e+00
8.756110835266113668e+00
8.829967335510254145e+00
8.674704881286620761e+00
8.742438262939453253e+00
8.635497645568847247e+00
8.705966618347167341e+00
8.678493141174316250e+00
8.779675305175780764e+00
8.651322822570801208e+00
8.689067240905762546e+00
8.562232351684571086e+00
8.733027508544921602e+00
8.662335090637206747e+00
8.682152557373047586e+00
8.622717492675780804e+00
8.666995361328124758e+00
8.651372048950195293e+00
8.674360302734374528e+00
8.660628141784668443e+00
8.758957653808593591e+00
8.734276976013184424e+00
