1.000000000000000056e-01
1.368999999999999939e-01
1.713000000000000078e-01
2.411999999999999977e-01
1.907000000000000084e-01
1.945999999999999952e-01
1.950000000000000067e-01
1.645999999999999963e-01
2.515000000000000013e-01
2.665000000000000147e-01
2.702999999999999847e-01
2.283999999999999919e-01
2.685000000000000164e-01
2.519000000000000128e-01
1.990999999999999992e-01
2.195999999999999897e-01
1.938999999999999890e-01
1.962000000000000133e-01
2.710000000000000187e-01
2.533000000000000251e-01
2.421999999999999986e-01
2.651000000000000023e-01
2.791000000000000147e-01
2.487000000000000044e-01
2.383000000000000118e-01
2.572999999999999732e-01
2.515000000000000013e-01
2.594000000000000195e-01
2.600000000000000089e-01
2.574000000000000177e-01
2.539000000000000146e-01
2.587999999999999745e-01
2.581999999999999851e-01
2.631999999999999895e-01
2.657999999999999807e-01
2.635000000000000120e-01
2.565000000000000058e-01
2.629000000000000226e-01
2.650000000000000133e-01
2.654000000000000248e-01
2.616999999999999882e-01
2.556999999999999829e-01
2.646999999999999909e-01
2.660000000000000142e-01
2.649000000000000243e-01
2.545999999999999930e-01
2.582999999999999741e-01
2.548000000000000265e-01
2.561999999999999833e-01
2.575999999999999956e-01
2.706999999999999962e-01
2.681999999999999940e-01
2.634000000000000230e-01
2.686000000000000054e-01
2.641999999999999904e-01
2.674000000000000266e-01
2.642999999999999794e-01
2.686000000000000054e-01
2.735000000000000209e-01
2.640000000000000124e-01
2.676999999999999935e-01
2.706000000000000072e-01
2.649000000000000243e-01
2.632999999999999785e-01
2.617999999999999772e-01
2.599000000000000199e-01
2.664000000000000257e-01
2.685000000000000164e-01
2.688999999999999724e-01
2.686000000000000054e-01
2.669000000000000261e-01
2.641000000000000014e-01
2.680000000000000160e-01
2.631999999999999895e-01
2.660000000000000142e-01
2.675000000000000155e-01
2.670000000000000151e-01
2.680000000000000160e-01
2.664000000000000257e-01
2.690000000000000169e-01
2.622999999999999776e-01
2.702999999999999847e-01
2.676999999999999935e-01
2.682999999999999829e-01
2.688999999999999724e-01
2.685000000000000164e-01
2.631000000000000005e-01
2.707999999999999852e-01
2.679000000000000270e-01
2.726999999999999980e-01
2.646999999999999909e-01
2.713999999999999746e-01
2.682999999999999829e-01
2.736999999999999988e-01
2.698999999999999733e-01
2.671000000000000041e-01
2.696000000000000063e-01
2.681999999999999940e-01
2.671000000000000041e-01
2.667999999999999816e-01
