1.502000000000000002e-01
1.703999999999999959e-01
1.683999999999999941e-01
1.781000000000000083e-01
2.621999999999999886e-01
2.595000000000000084e-01
2.437999999999999889e-01
3.259000000000000230e-01
2.878000000000000003e-01
2.867999999999999994e-01
2.893000000000000016e-01
2.767999999999999905e-01
2.768999999999999795e-01
3.468999999999999861e-01
3.773000000000000242e-01
3.381000000000000116e-01
3.356999999999999984e-01
3.664000000000000035e-01
3.395000000000000240e-01
3.639999999999999902e-01
3.526000000000000245e-01
3.262999999999999790e-01
3.492000000000000104e-01
3.467000000000000082e-01
3.375000000000000222e-01
3.388999999999999790e-01
3.437000000000000055e-01
3.411000000000000143e-01
3.462000000000000077e-01
3.449999999999999734e-01
3.446000000000000174e-01
3.466000000000000192e-01
3.446000000000000174e-01
3.438999999999999835e-01
3.360000000000000209e-01
3.376000000000000112e-01
3.421000000000000152e-01
3.407999999999999918e-01
3.387999999999999901e-01
3.410000000000000253e-01
3.398999999999999799e-01
3.422999999999999932e-01
3.416000000000000147e-01
3.380000000000000226e-01
3.415000000000000258e-01
3.405000000000000249e-01
3.412000000000000033e-01
3.366000000000000103e-01
3.373999999999999777e-01
3.361999999999999988e-01
3.355000000000000204e-01
3.358999999999999764e-01
3.360000000000000209e-01
3.323999999999999733e-01
3.343999999999999750e-01
3.352999999999999869e-01
3.387999999999999901e-01
3.352999999999999869e-01
3.345000000000000195e-01
3.360000000000000209e-01
3.388999999999999790e-01
3.420000000000000262e-01
3.417000000000000037e-01
3.391000000000000125e-01
3.320000000000000173e-01
3.330000000000000182e-01
3.417000000000000037e-01
3.382000000000000006e-01
3.370000000000000218e-01
3.398999999999999799e-01
3.351999999999999980e-01
3.405000000000000249e-01
3.360000000000000209e-01
3.401000000000000134e-01
3.417999999999999927e-01
3.413999999999999813e-01
3.403999999999999804e-01
3.368999999999999773e-01
3.342999999999999861e-01
3.401000000000000134e-01
3.400000000000000244e-01
3.402999999999999914e-01
3.423999999999999821e-01
3.407999999999999918e-01
3.388999999999999790e-01
3.387000000000000011e-01
3.367999999999999883e-01
3.328999999999999737e-01
3.357999999999999874e-01
3.405000000000000249e-01
3.416000000000000147e-01
3.325000000000000178e-01
3.357999999999999874e-01
3.381000000000000116e-01
3.340000000000000191e-01
3.407000000000000028e-01
3.385000000000000231e-01
3.358999999999999764e-01
3.366000000000000103e-01
3.427000000000000046e-01
