2.964106839599609344e+01
4.891901763916015611e+00
5.019470793914795337e+00
4.392990004730224385e+00
4.161648637390136685e+00
4.196585577392577981e+00
4.517098339843750310e+00
3.849774377059936636e+00
4.385591978454590034e+00
4.543680786132812344e+00
5.068077571868896847e+00
5.852367181396484597e+00
5.631109288787842004e+00
4.408259360504150237e+00
4.439726417541503878e+00
4.896584479522704925e+00
5.046341755676269969e+00
4.911555780792236092e+00
5.279264776611328536e+00
5.158306373596191818e+00
5.477979631805419913e+00
5.941663982391357735e+00
5.812770863342285210e+00
5.643184590911864973e+00
5.904310291290283175e+00
5.927706130981444943e+00
5.897082067871093791e+00
5.849072278594970697e+00
5.746282511138915972e+00
5.756958355712890274e+00
5.729832184600829770e+00
5.667512503814696956e+00
5.677031338500976965e+00
5.635208010101318443e+00
5.738469159698486699e+00
5.688675484466553023e+00
5.531878968811034802e+00
5.568321800231933238e+00
5.644849158477783568e+00
5.575282901763915611e+00
5.522837443542480074e+00
5.462442547607421872e+00
5.466422641754150824e+00
5.432013599395752124e+00
5.343714764404296602e+00
5.373997878265380557e+00
5.354421566772461283e+00
5.385209514617919524e+00
5.328102044677734739e+00
5.360652984619140859e+00
5.348004434204101543e+00
5.362958190155029392e+00
5.323104946899413825e+00
5.444866379547119273e+00
5.372499137115478440e+00
5.354633631134032790e+00
5.301412558746338100e+00
5.340468455505370748e+00
5.345416395568848067e+00
5.326164354705810844e+00
5.288073053741454643e+00
5.205415583038329963e+00
5.223447896575927452e+00
5.285486782836914088e+00
5.389250104522704810e+00
5.349789589691162028e+00
5.232898752593993841e+00
5.278225453948974355e+00
5.292057960510254233e+00
5.235069561767578428e+00
5.304456945800780865e+00
5.228439153289794916e+00
5.275373149871826151e+00
5.228431594085693135e+00
5.197088066864013811e+00
5.198924742126465048e+00
5.210803392028808823e+00
5.278815375518798980e+00
5.313950131225586127e+00
5.183730858612060288e+00
5.217721706390380909e+00
5.209846765899658116e+00
5.190144180297851406e+00
5.241487758636474759e+00
5.233488169097900489e+00
5.232682354736327923e+00
5.283488040924072315e+00
5.308445317840575939e+00
5.283058422088623196e+00
5.234207543945312402e+00
5.211365258026122937e+00
5.321072766876220328e+00
5.273903421020508020e+00
5.242652552032470936e+00
5.318752742004394740e+00
5.228781614685058976e+00
5.224902007293700912e+00
5.288742362213135095e+00
5.270065843200683275e+00
5.143027423095703377e+00
