1.146999999999999964e-01
1.647000000000000131e-01
2.190000000000000002e-01
2.326999999999999902e-01
2.162000000000000033e-01
2.356999999999999929e-01
2.726000000000000090e-01
2.802999999999999936e-01
2.843999999999999861e-01
2.389000000000000012e-01
2.917000000000000148e-01
3.009000000000000008e-01
3.507000000000000117e-01
2.692999999999999838e-01
2.485999999999999877e-01
3.301000000000000045e-01
3.554999999999999827e-01
3.296000000000000041e-01
2.891000000000000236e-01
3.074000000000000066e-01
3.639000000000000012e-01
3.373999999999999777e-01
3.891000000000000014e-01
3.400000000000000244e-01
3.754000000000000115e-01
3.668000000000000149e-01
3.673000000000000154e-01
3.604999999999999871e-01
3.634000000000000008e-01
3.729999999999999982e-01
3.720999999999999863e-01
3.719000000000000083e-01
3.669000000000000039e-01
3.731999999999999762e-01
3.612000000000000210e-01
3.699000000000000066e-01
3.703000000000000180e-01
3.760000000000000009e-01
3.714999999999999969e-01
3.710999999999999854e-01
3.718000000000000194e-01
3.714000000000000079e-01
3.748000000000000220e-01
3.729999999999999982e-01
3.724999999999999978e-01
3.738000000000000211e-01
3.699000000000000066e-01
3.708000000000000185e-01
3.773000000000000242e-01
3.718000000000000194e-01
3.739000000000000101e-01
3.740999999999999881e-01
3.709999999999999964e-01
3.711999999999999744e-01
3.698000000000000176e-01
3.729000000000000092e-01
3.729999999999999982e-01
3.734000000000000097e-01
3.748000000000000220e-01
3.740999999999999881e-01
3.741999999999999771e-01
3.734999999999999987e-01
3.738000000000000211e-01
3.719999999999999973e-01
3.736999999999999766e-01
3.730999999999999872e-01
3.726999999999999758e-01
3.710999999999999854e-01
3.728000000000000203e-01
3.729999999999999982e-01
3.744999999999999996e-01
3.745999999999999885e-01
3.736999999999999766e-01
3.731999999999999762e-01
3.719000000000000083e-01
3.719999999999999973e-01
3.739999999999999991e-01
3.726999999999999758e-01
3.735999999999999877e-01
3.716999999999999749e-01
3.710999999999999854e-01
3.704000000000000070e-01
3.710999999999999854e-01
3.705999999999999850e-01
3.723000000000000198e-01
3.704999999999999960e-01
3.714000000000000079e-01
3.740999999999999881e-01
3.730999999999999872e-01
3.723000000000000198e-01
3.731999999999999762e-01
3.724000000000000088e-01
3.713000000000000189e-01
3.729000000000000092e-01
3.729000000000000092e-01
3.708000000000000185e-01
3.739999999999999991e-01
3.718000000000000194e-01
3.736999999999999766e-01
3.734000000000000097e-01
