4.840772969055175956e+00
2.224814074325561553e+00
2.052080740737915132e+00
1.986691356086730975e+00
1.924973870277404853e+00
1.861401846885681222e+00
1.804949673843383895e+00
1.776696495628356853e+00
1.686291148757934621e+00
1.660718992614746092e+00
1.614373790168762257e+00
1.560793020248413043e+00
1.473440121650695822e+00
1.417539735412597590e+00
1.358630484199524036e+00
1.323769134521484370e+00
1.310431939125060952e+00
1.268948976707458431e+00
1.231177374839782734e+00
1.202265308761596652e+00
1.114733474922180223e+00
1.100510829734802298e+00
1.090529141616821240e+00
1.017419605255126980e+00
9.965118894577026376e-01
9.420187440872191953e-01
9.384937992095947479e-01
9.240842203140259281e-01
8.703648692131042974e-01
8.978477007865905968e-01
8.518633743286132542e-01
7.966699330329894968e-01
7.783650284767150707e-01
7.960670411109924682e-01
7.806200572967528784e-01
7.494657814979552857e-01
7.375386573791503642e-01
7.334852684020995994e-01
7.323191562652587860e-01
6.878372939109802520e-01
7.536012923240661410e-01
7.231685535430908418e-01
6.978994538307189410e-01
7.177359217643737299e-01
7.160382476806640417e-01
7.088776148796082088e-01
7.225498569488525424e-01
7.099759572029114008e-01
7.341460879325866218e-01
7.513396362304687326e-01
7.488747166633605845e-01
7.521796771049499286e-01
7.824313292503356498e-01
8.099620394706725790e-01
8.256992468833923571e-01
8.640509738922118599e-01
8.366678962707519984e-01
8.330293261528015636e-01
8.388427245140075428e-01
8.560796848297118622e-01
8.659248253822326991e-01
8.786763098716735554e-01
8.538953834533691278e-01
8.849898556709289155e-01
8.885990724563598286e-01
8.648454684257507186e-01
8.207685584068298290e-01
8.441905601501464851e-01
8.308677163124084109e-01
8.442790746688842995e-01
8.701631226539612296e-01
8.523683602333068654e-01
8.900221492767333986e-01
9.229463962554931289e-01
9.396093265533447259e-01
9.421256347656250529e-01
9.479192062377930217e-01
9.663967506408691621e-01
9.770252691268921375e-01
9.910052082061767686e-01
1.000308173370361375e+00
1.023880585098266627e+00
1.024291952705383313e+00
1.021018389701843221e+00
1.031039335823059178e+00
1.048083890151977560e+00
1.102320159912109299e+00
1.082828269386291398e+00
9.971365200042724419e-01
9.743088880538940399e-01
7.673248702049255687e-01
7.870892293930054073e-01
7.970076497077941413e-01
8.396808774948120169e-01
8.613667407989501479e-01
8.897039669036864717e-01
9.102476604461670062e-01
9.310549930572509236e-01
9.348313854217529251e-01
9.620800935745239535e-01
