1.583057960815429688e+01
5.574185218048095969e+00
4.894744307708740472e+00
4.554775099945068462e+00
4.488819413757323851e+00
4.978887004089355806e+00
4.567124809265136420e+00
4.663880908203124953e+00
4.764461696624755938e+00
5.230183334350585689e+00
4.939966864013672243e+00
6.245009577941894818e+00
5.453372560882568720e+00
5.889112998962402479e+00
6.327730178833007812e+00
6.877301668548583713e+00
6.250345160675048639e+00
7.594831935882567997e+00
7.082307306671142832e+00
6.621407498168945693e+00
7.327002780914306790e+00
7.411588301849365124e+00
8.223110816955566449e+00
7.322998486328124557e+00
7.513661697387695071e+00
7.105940737915038774e+00
7.779756477355957323e+00
7.520233727264404422e+00
7.528120345306396288e+00
7.537476744079589785e+00
7.345759787750243852e+00
7.534775324249267214e+00
7.370658334350586038e+00
7.258517352294921565e+00
7.319111272430419923e+00
7.261738501739501750e+00
6.874847837066650591e+00
7.255823640441894540e+00
6.944735979461669650e+00
6.950384795379638270e+00
6.856458177947997612e+00
6.839577212524414307e+00
6.909991892242431710e+00
6.825782331085204824e+00
6.860533480072021462e+00
6.423422407531738543e+00
6.735489112091064712e+00
6.690339247131348088e+00
6.492968169403075862e+00
6.183248950195312510e+00
6.278608647918701102e+00
6.274899896240234476e+00
6.381173612976073883e+00
6.280962450408935638e+00
6.323823748016357271e+00
6.313206739807128542e+00
6.303328186798095700e+00
6.394549357604980777e+00
6.280462963867187831e+00
6.311655406951904190e+00
6.276364939117431874e+00
6.261245143127441182e+00
6.283800777435303075e+00
6.284994018554687756e+00
6.266095177459717114e+00
6.332897274017334155e+00
6.314373544311523645e+00
6.287317468261719000e+00
6.286191204833984081e+00
6.267389201354980344e+00
6.249778481292724841e+00
6.236025785827636447e+00
6.204483501434325809e+00
6.232794767761230759e+00
6.228562747955321832e+00
6.232957147216796834e+00
6.261765362548827873e+00
6.259210697937011680e+00
6.202199278259277193e+00
6.259572534179687509e+00
6.228870092773437506e+00
6.262157079315185726e+00
6.188404546356201408e+00
6.213346515655517877e+00
6.238758547973632496e+00
6.238019109344482338e+00
6.262495658111571828e+00
6.295454959106445258e+00
6.183609761810302530e+00
6.204401783752441446e+00
6.202269055938720577e+00
6.215464221954345447e+00
6.191279737854004317e+00
6.281852480316161724e+00
6.188027249908447658e+00
6.235186318206786815e+00
6.228097990417480467e+00
6.213487185668945756e+00
6.218288845062255987e+00
6.294691947937011811e+00
