1.479000000000000037e-01
1.996999999999999886e-01
2.180999999999999883e-01
2.116999999999999993e-01
2.381999999999999951e-01
2.122999999999999887e-01
1.927000000000000102e-01
2.612999999999999767e-01
2.631000000000000005e-01
2.348000000000000087e-01
2.934999999999999831e-01
3.174000000000000155e-01
2.674000000000000266e-01
3.366000000000000103e-01
2.871000000000000218e-01
3.245000000000000107e-01
3.090999999999999859e-01
3.442999999999999949e-01
3.315000000000000169e-01
3.240000000000000102e-01
3.689999999999999947e-01
3.588000000000000078e-01
3.516000000000000236e-01
3.613999999999999990e-01
3.441000000000000170e-01
3.069999999999999951e-01
3.161999999999999811e-01
3.507000000000000117e-01
3.674000000000000044e-01
3.471000000000000196e-01
3.487999999999999989e-01
3.477999999999999980e-01
3.180000000000000049e-01
3.467000000000000082e-01
3.588000000000000078e-01
3.523000000000000020e-01
3.381000000000000116e-01
3.543000000000000038e-01
3.632000000000000228e-01
3.541000000000000258e-01
3.559999999999999831e-01
3.549999999999999822e-01
3.557000000000000162e-01
3.583000000000000074e-01
3.629999999999999893e-01
3.523999999999999910e-01
3.526000000000000245e-01
3.579999999999999849e-01
3.607000000000000206e-01
3.603000000000000091e-01
3.623999999999999999e-01
3.635999999999999788e-01
3.637000000000000233e-01
3.619999999999999885e-01
3.649999999999999911e-01
3.620999999999999774e-01
3.630999999999999783e-01
3.654000000000000026e-01
3.622000000000000219e-01
3.624999999999999889e-01
3.610999999999999766e-01
3.618999999999999995e-01
3.629999999999999893e-01
3.624999999999999889e-01
3.612000000000000210e-01
3.637000000000000233e-01
3.654999999999999916e-01
3.607000000000000206e-01
3.630999999999999783e-01
3.639000000000000012e-01
3.628000000000000114e-01
3.629000000000000004e-01
3.599999999999999867e-01
3.648000000000000131e-01
3.593999999999999972e-01
3.595999999999999752e-01
3.557000000000000162e-01
3.608999999999999986e-01
3.629000000000000004e-01
3.623999999999999999e-01
3.632000000000000228e-01
3.589999999999999858e-01
3.634999999999999898e-01
3.628000000000000114e-01
3.629999999999999893e-01
3.608000000000000096e-01
3.608000000000000096e-01
3.619999999999999885e-01
3.634999999999999898e-01
3.665999999999999814e-01
3.593999999999999972e-01
3.617000000000000215e-01
3.628000000000000114e-01
3.644000000000000017e-01
3.582000000000000184e-01
3.630999999999999783e-01
3.622000000000000219e-01
3.638000000000000123e-01
3.618000000000000105e-01
3.587000000000000188e-01
