1.266357399291992181e+01
6.231619709777832306e+00
5.177212005615234425e+00
5.205692842864990233e+00
5.141952094268798845e+00
5.264073248291015972e+00
5.490957794952392668e+00
5.285576822662353180e+00
4.894963906097411943e+00
5.566232379150390486e+00
4.862500343322754048e+00
4.881274392700195364e+00
6.134288038635253848e+00
5.419273589324951068e+00
6.050017031860351224e+00
5.409058438110351474e+00
6.183167532348632811e+00
6.112501861572265938e+00
6.555254962158203469e+00
6.837596292877197612e+00
6.024779136657715028e+00
6.740758296966553154e+00
6.843412010955810310e+00
6.758958578491211178e+00
7.273022975158691672e+00
8.114074618530272787e+00
7.072853530120849719e+00
6.481691656494140474e+00
6.769522675323486283e+00
7.206356732177733981e+00
6.982382394409179405e+00
6.868884919738769135e+00
7.680735397338867010e+00
6.930622531890868743e+00
7.061576101684570617e+00
6.697340748596191773e+00
6.864711420440674061e+00
6.767215725708007668e+00
6.792826714324950999e+00
7.015318560028076078e+00
6.934015939331054312e+00
6.791129132843017224e+00
6.741047012329101307e+00
6.668880061340331622e+00
6.575093389892578521e+00
6.638021661376953375e+00
6.597128311157226754e+00
6.505988066864013319e+00
6.412955783081054406e+00
6.374334191131591609e+00
6.324653656005859048e+00
6.335107632446288939e+00
6.353689331817626851e+00
6.326979617309570258e+00
6.342613256835937463e+00
6.352136397552490266e+00
6.324964274597167702e+00
6.306788317871093952e+00
6.328932755279541134e+00
6.289216819763183253e+00
6.298200411224365247e+00
6.281395641326904311e+00
6.280231667327880629e+00
6.284773138427734551e+00
6.300346315765381178e+00
6.259985388183594068e+00
6.279235505676269646e+00
6.322586399841308769e+00
6.302756781005859565e+00
6.231598494720459236e+00
6.237316104125976146e+00
6.228924878692627232e+00
6.284085506439208935e+00
6.231757083129882524e+00
6.279318711090088101e+00
6.302348637390136510e+00
6.310259975433349489e+00
6.250113033294677933e+00
6.220703343200683300e+00
6.211032025146484337e+00
6.218304508972168243e+00
6.266836010742187213e+00
6.208110978698730520e+00
6.229236639404296838e+00
6.242206743621825815e+00
6.279275907135009938e+00
6.229947389984130446e+00
6.253220934295653954e+00
6.253299558258056834e+00
6.214655799102783540e+00
6.255762681579589923e+00
6.266552251434326593e+00
6.238997415924072421e+00
6.213162285614013847e+00
6.245508517456054953e+00
6.215183621978759732e+00
6.254367411804198973e+00
6.212148317718505730e+00
6.233559580993651927e+00
6.262142097473144098e+00
