7.846023532104491771e+00
3.158334497070312441e+00
2.971997772979736219e+00
2.739758224487304883e+00
2.729253120422363121e+00
2.436921288299560562e+00
2.329895400619506951e+00
2.523451334762573328e+00
2.745165267944336129e+00
2.418986545944213695e+00
2.260545977401733353e+00
2.411845985412597759e+00
2.595385523605346467e+00
2.300033805084228611e+00
3.366407216262817581e+00
2.462588743972778271e+00
2.544076125335693384e+00
2.903598275756836156e+00
3.108680093765258778e+00
4.036069343566894396e+00
3.182251174926757908e+00
3.037647515869140502e+00
3.509061194992065591e+00
3.204784615325927621e+00
3.176303124618530482e+00
3.145413662719726666e+00
3.656450107955932616e+00
3.816073402404785320e+00
4.094285348510742217e+00
3.386812185668945485e+00
3.528621961975097587e+00
3.645314443969726703e+00
3.449625610733032310e+00
3.713264176940918038e+00
3.784003052139282008e+00
3.741364921569824364e+00
3.470202740097045879e+00
3.621129152297973608e+00
3.473661831283569423e+00
3.522254968261718577e+00
3.411338138580322088e+00
3.478352810668945416e+00
3.602130970764160001e+00
3.699517475891113349e+00
3.687671363067626995e+00
3.479501071929931744e+00
3.407244234466552779e+00
3.585631456375121928e+00
3.504757468414306576e+00
3.320324827957153335e+00
3.373538243865966901e+00
3.372592552566528123e+00
3.369469609069824401e+00
3.379867393112182761e+00
3.366782882690429801e+00
3.385075486755371177e+00
3.372844082641601737e+00
3.389025381469726650e+00
3.357196317291259557e+00
3.364297187423705982e+00
3.351192985916137790e+00
3.349823632049560462e+00
3.375834487533569295e+00
3.363570918273925958e+00
3.392447922134399274e+00
3.390319598007202284e+00
3.335457381820678524e+00
3.371710191726684513e+00
3.389392783737182668e+00
3.340772661590575954e+00
3.345882774734497023e+00
3.330951636123657078e+00
3.370259686660766807e+00
3.370663266372680766e+00
3.342386515808105418e+00
3.351660385513305584e+00
3.367156668090820482e+00
3.395861422729492318e+00
3.337145944595337088e+00
3.335350342559814329e+00
3.352112846755981312e+00
3.391038861465454080e+00
3.377294067382812681e+00
3.368497844314575218e+00
3.368243917846679647e+00
3.363668329620361330e+00
3.335999257278442265e+00
3.386955659866333068e+00
3.388809103012084822e+00
3.341469285583495985e+00
3.333592577743530239e+00
3.365699795532226535e+00
3.370633305358886833e+00
3.364386974716186529e+00
3.393527121353149489e+00
3.376430413436889655e+00
3.371874492645263732e+00
3.339861677551269725e+00
3.305096725845336980e+00
3.335924948883056462e+00
