1.039000000000000062e-01
1.847999999999999921e-01
2.631000000000000005e-01
2.672999999999999821e-01
2.894999999999999796e-01
3.183000000000000274e-01
3.163000000000000256e-01
3.070999999999999841e-01
3.323999999999999733e-01
3.539999999999999813e-01
3.355000000000000204e-01
3.274000000000000243e-01
3.484999999999999765e-01
3.575999999999999734e-01
3.756999999999999784e-01
3.674999999999999933e-01
3.739000000000000101e-01
3.627000000000000224e-01
3.891000000000000014e-01
3.800000000000000044e-01
3.746999999999999775e-01
3.719999999999999973e-01
3.835999999999999965e-01
3.758000000000000229e-01
3.728000000000000203e-01
4.018999999999999795e-01
3.780000000000000027e-01
3.830999999999999961e-01
3.855000000000000093e-01
3.930000000000000160e-01
3.946000000000000063e-01
3.794000000000000150e-01
3.982999999999999874e-01
3.870000000000000107e-01
3.920000000000000151e-01
3.963999999999999746e-01
4.002000000000000002e-01
3.968999999999999750e-01
3.986999999999999988e-01
3.992999999999999883e-01
3.971999999999999975e-01
3.971999999999999975e-01
3.975000000000000200e-01
3.963999999999999746e-01
3.986000000000000099e-01
3.937999999999999834e-01
3.930000000000000160e-01
3.951000000000000068e-01
3.956999999999999962e-01
3.929000000000000270e-01
3.956000000000000072e-01
3.986999999999999988e-01
3.975000000000000200e-01
3.981000000000000094e-01
3.960000000000000187e-01
3.951999999999999957e-01
3.961000000000000076e-01
3.961000000000000076e-01
3.987999999999999878e-01
3.981000000000000094e-01
3.961000000000000076e-01
3.982999999999999874e-01
3.960000000000000187e-01
3.975000000000000200e-01
3.985000000000000209e-01
3.960000000000000187e-01
3.957999999999999852e-01
3.981000000000000094e-01
3.971000000000000085e-01
3.970000000000000195e-01
3.956999999999999962e-01
3.966999999999999971e-01
3.986999999999999988e-01
3.991000000000000103e-01
3.971000000000000085e-01
3.978999999999999759e-01
3.976999999999999980e-01
3.971000000000000085e-01
3.965000000000000191e-01
3.968999999999999750e-01
3.962999999999999856e-01
3.993999999999999773e-01
3.961999999999999966e-01
3.978999999999999759e-01
3.957999999999999852e-01
3.986000000000000099e-01
3.956000000000000072e-01
3.985000000000000209e-01
3.971999999999999975e-01
3.962999999999999856e-01
3.970000000000000195e-01
3.961999999999999966e-01
4.002000000000000002e-01
3.966000000000000081e-01
3.951000000000000068e-01
3.966999999999999971e-01
3.983999999999999764e-01
3.981999999999999984e-01
3.983999999999999764e-01
3.968999999999999750e-01
