5.672699263916015866e+01
4.963038000488281476e+00
4.698490711975098044e+00
4.498940999603271429e+00
4.247375776672363656e+00
4.732220477294921679e+00
4.882789984130859295e+00
5.147124230194092043e+00
4.286484365081786763e+00
5.212573773193359017e+00
4.977395398712157970e+00
5.039590079498291075e+00
5.738471571350097555e+00
5.394025730895996240e+00
5.584895736694336144e+00
5.511141028594971125e+00
5.181114772033691196e+00
5.334734372711182004e+00
5.061586102294922007e+00
6.196464075469970467e+00
5.760212181091308281e+00
5.948154767608642146e+00
5.588466893768310406e+00
5.774843314361572055e+00
5.508182894134521668e+00
5.551139348602294632e+00
5.563211235046386705e+00
5.614368658447265403e+00
5.460112351989746315e+00
5.368783498382568631e+00
5.408818687438964545e+00
5.378311053466797276e+00
5.353720926666260205e+00
5.420253249359130443e+00
5.284526379394531403e+00
5.249115522003173773e+00
5.237552445220947206e+00
5.202912442779541458e+00
5.217097917175292920e+00
5.175622269439696943e+00
5.148666359710693641e+00
5.160999257659912409e+00
5.086372593688964550e+00
5.064940670776366893e+00
5.040983464050293072e+00
4.985292968749999609e+00
4.944026924896240516e+00
4.930671827697754139e+00
4.901987834167480074e+00
4.905921327972412094e+00
4.902446009063720744e+00
4.925675653076171834e+00
5.006626267242431538e+00
4.947723237609863212e+00
4.942740863037109023e+00
4.912174054718017935e+00
4.945349265289306295e+00
4.903735087585449293e+00
4.874200222778320324e+00
4.921301760864257524e+00
4.914938128662109662e+00
4.905512406158447192e+00
4.909440988922119331e+00
4.890931478118896614e+00
4.874641527557373344e+00
4.963046453094482224e+00
4.924758988952636862e+00
4.911235284423828062e+00
4.852106020355224203e+00
4.877713302612304958e+00
4.848078150177001611e+00
4.911359777832030815e+00
4.899646434783935689e+00
4.880868063354491859e+00
4.898914728546142960e+00
4.839843786621093713e+00
4.854457685852050730e+00
4.899651055908202935e+00
4.860351483154296659e+00
4.875276103210449463e+00
4.868358167266845449e+00
4.872748294067382524e+00
4.911155422973632945e+00
4.874483219909667930e+00
4.869965267181396662e+00
4.909006142425536900e+00
4.927127204132079719e+00
4.868108396911621227e+00
4.869545436096191615e+00
4.856944814300536706e+00
4.893530106353759734e+00
4.888927547454834155e+00
4.871908623504638491e+00
4.905626446533203122e+00
4.884647565460205065e+00
4.888018103027343741e+00
4.854636386871337805e+00
4.853419875335693412e+00
4.898403634643554660e+00
4.888897522735595302e+00
