1.077000000000000041e-01
1.822000000000000008e-01
1.816000000000000114e-01
2.157999999999999918e-01
2.475999999999999868e-01
2.551999999999999824e-01
2.470999999999999863e-01
2.839999999999999747e-01
3.183000000000000274e-01
2.505999999999999894e-01
2.977000000000000202e-01
3.262999999999999790e-01
3.003000000000000114e-01
3.385000000000000231e-01
3.222999999999999754e-01
3.297999999999999821e-01
3.047000000000000264e-01
3.497999999999999998e-01
3.189000000000000168e-01
3.411000000000000143e-01
3.217999999999999750e-01
3.415000000000000258e-01
3.119000000000000106e-01
3.254000000000000226e-01
3.192999999999999727e-01
3.139000000000000123e-01
3.291999999999999926e-01
3.194000000000000172e-01
3.462000000000000077e-01
3.363999999999999768e-01
3.395000000000000240e-01
3.390000000000000235e-01
3.658000000000000140e-01
3.366000000000000103e-01
3.610999999999999766e-01
3.529999999999999805e-01
3.366999999999999993e-01
3.366000000000000103e-01
3.393999999999999795e-01
3.351000000000000090e-01
3.469999999999999751e-01
3.398999999999999799e-01
3.447000000000000064e-01
3.403999999999999804e-01
3.410000000000000253e-01
3.418999999999999817e-01
3.411000000000000143e-01
3.403999999999999804e-01
3.425000000000000266e-01
3.392000000000000015e-01
3.412999999999999923e-01
3.397000000000000020e-01
3.437000000000000055e-01
3.407000000000000028e-01
3.406000000000000139e-01
3.442000000000000060e-01
3.418999999999999817e-01
3.442999999999999949e-01
3.422000000000000042e-01
3.441000000000000170e-01
3.401000000000000134e-01
3.435000000000000275e-01
3.430000000000000271e-01
3.401000000000000134e-01
3.437999999999999945e-01
3.378999999999999782e-01
3.382999999999999896e-01
3.380000000000000226e-01
3.422999999999999932e-01
3.402999999999999914e-01
3.417999999999999927e-01
3.457000000000000073e-01
3.397999999999999909e-01
3.413999999999999813e-01
3.410000000000000253e-01
3.397999999999999909e-01
3.423999999999999821e-01
3.422000000000000042e-01
3.403999999999999804e-01
3.422000000000000042e-01
3.405000000000000249e-01
3.410000000000000253e-01
3.402000000000000024e-01
3.387000000000000011e-01
3.378999999999999782e-01
3.395000000000000240e-01
3.392999999999999905e-01
3.427000000000000046e-01
3.442999999999999949e-01
3.401000000000000134e-01
3.392000000000000015e-01
3.422000000000000042e-01
3.422000000000000042e-01
3.380000000000000226e-01
3.427000000000000046e-01
3.378999999999999782e-01
3.412000000000000033e-01
3.396000000000000130e-01
3.416000000000000147e-01
3.427999999999999936e-01
