7.601184334716796798e+01
3.619608981323242158e+00
3.578387717819214053e+00
3.522630349731445509e+00
3.397204156875610170e+00
3.367458149337768436e+00
3.205532322311401394e+00
3.385077653121948416e+00
2.994315014266967889e+00
3.419016695022583097e+00
3.361578457641601680e+00
3.074378044128418086e+00
3.841722647857666040e+00
3.403371389389038271e+00
3.707296525573730683e+00
4.650923783111572618e+00
5.169611561584472881e+00
3.642484616851806578e+00
4.504056636810302550e+00
4.650809236145019732e+00
4.915067292022705203e+00
4.070005094146728730e+00
6.253750036621093855e+00
4.462646990966796956e+00
4.770036312103271392e+00
5.236291400146484420e+00
4.688167636871337862e+00
5.406810053253173542e+00
4.387721052551269096e+00
4.707098460388183803e+00
4.859939601898193295e+00
4.897965289306640990e+00
4.332702139282226916e+00
4.733020011901855284e+00
4.376281083679199213e+00
4.451990463256835895e+00
4.819775910949706699e+00
4.846609215545654159e+00
4.727036880493163729e+00
4.832735043334960956e+00
4.526352954101562354e+00
4.722910954284667895e+00
4.522821091461181275e+00
4.589715971374511483e+00
4.493590052032470972e+00
4.466918890380859430e+00
4.476763591766357742e+00
4.465913109588623087e+00
4.394270276641845996e+00
4.478879402923584330e+00
4.441550322723388788e+00
4.432343721008300541e+00
4.375778656005859801e+00
4.461729066467285065e+00
4.435077565002440991e+00
4.364683815765380892e+00
4.366561113739013678e+00
4.363592456054687929e+00
4.386480852508545247e+00
4.346086187744140794e+00
4.389677669525146264e+00
4.360930068969726570e+00
4.321987169647217186e+00
4.392199919891357496e+00
4.357270564270019797e+00
4.460252542114258034e+00
4.432401323699950879e+00
4.398747442626953053e+00
4.337735763549805057e+00
4.399022663879394557e+00
4.374880072021483990e+00
4.253791567230224224e+00
4.363983967590332469e+00
4.320262115478515241e+00
4.346222382354736347e+00
4.373109918212890967e+00
4.346198091125488716e+00
4.338325729370117401e+00
4.353872061157226803e+00
4.305257386016845267e+00
4.335629225158691646e+00
4.358274178314209379e+00
4.367087450408935645e+00
4.387174051666259622e+00
4.425389730834960567e+00
4.375701931762695729e+00
4.398662294006348006e+00
4.312384922790527320e+00
4.300614694976806263e+00
4.369483899688720641e+00
4.319692165374755533e+00
4.338904068756103349e+00
4.361286087036132741e+00
4.405338323211670293e+00
4.344931249237060200e+00
4.400268373107910413e+00
4.313995348358154125e+00
4.321022817993164011e+00
4.360468738555907997e+00
4.327785569763183737e+00
