4.840772381591796680e+00
2.224814055633544729e+00
2.052080813980102558e+00
1.986691319465637262e+00
1.924973901176452618e+00
1.861401849746704196e+00
1.804949686813354548e+00
1.776696492385864357e+00
1.686291179275512642e+00
1.660718842887878521e+00
1.614373743820190388e+00
1.560793032073974684e+00
1.473440079307556161e+00
1.417539753723144447e+00
1.358630343055725165e+00
1.323769211387634259e+00
1.310431975364685142e+00
1.268949009323120158e+00
1.231176992797851533e+00
1.202265311241149881e+00
1.114733623504638782e+00
1.100510799980163545e+00
1.090529044342041010e+00
1.017419696998596246e+00
9.965119539260863801e-01
9.420186622619628469e-01
9.384937798500061490e-01
9.240843490600585408e-01
8.703648439407348780e-01
8.978476869583129627e-01
8.518632219314574705e-01
7.966700233459472758e-01
7.783651602745056408e-01
7.960672746658324916e-01
7.806195314407348151e-01
7.494655583381653052e-01
7.375388514518738114e-01
7.334853054046630572e-01
7.323192260742187321e-01
6.878373237609862745e-01
7.536013298988342157e-01
7.231686875343322773e-01
6.978995133399963358e-01
7.177362635612487551e-01
7.160383296012878818e-01
7.088775417327880524e-01
7.225494963645935353e-01
7.099760636329650598e-01
7.341457739830017371e-01
7.513396175384521314e-01
7.488748928070068089e-01
7.521797189712524645e-01
7.824315168380737706e-01
8.099623133659362706e-01
8.256994296073913997e-01
8.640516302108764979e-01
8.366675875663757145e-01
8.330292804718018029e-01
8.388426054000854837e-01
8.560795636177063184e-01
8.659251611709595231e-01
8.786763883590698043e-01
8.538950444221496960e-01
8.849897240638733287e-01
8.885993831634521056e-01
8.648452705383300465e-01
8.207681686401366861e-01
8.441907322883606124e-01
8.308677352905273761e-01
8.442791120529175020e-01
8.701634374618529844e-01
8.523681695938110092e-01
8.900220826148986797e-01
9.229464994430541802e-01
9.396091442108154279e-01
9.421258686065673293e-01
9.479193382263183532e-01
9.663969108581542677e-01
9.770249521255492953e-01
9.910053127288818153e-01
1.000308217811584521e+00
1.023880977249145507e+00
1.024292724227905182e+00
1.021018653297424361e+00
1.031039497566223151e+00
1.048084401702880752e+00
1.102320312881469810e+00
1.082828099060058502e+00
9.971360855102539000e-01
9.743084827423095229e-01
7.673248544692993223e-01
7.870887550354004336e-01
7.970080515861511783e-01
8.396809026718139446e-01
8.613669877052306800e-01
8.897039543151855634e-01
9.102476064682006873e-01
9.310548997879027899e-01
9.348313451766967486e-01
9.620802965164184650e-01
