4.840772430419922223e+00
2.224814037704467840e+00
2.052080740737915132e+00
1.986691310119628850e+00
1.924973827934265191e+00
1.861401861572265615e+00
1.804949701118469196e+00
1.776696663665771503e+00
1.686291158103942811e+00
1.660719019889831616e+00
1.614373695373535256e+00
1.560793056488037012e+00
1.473440183067321829e+00
1.417539704895019570e+00
1.358630478096008343e+00
1.323769161796569893e+00
1.310431994056701743e+00
1.268949010467529392e+00
1.231177216148376496e+00
1.202265421485900987e+00
1.114733507537841728e+00
1.100510878562927175e+00
1.090529145240783704e+00
1.017419647789001402e+00
9.965117855072020969e-01
9.420185489654541167e-01
9.384937769889831749e-01
9.240844526290893368e-01
8.703648370742798068e-01
8.978478055953978965e-01
8.518635767936706404e-01
7.966698904991149632e-01
7.783651223182678214e-01
7.960670331954956547e-01
7.806195495605469103e-01
7.494655685424804759e-01
7.375387552261352120e-01
7.334854850769042534e-01
7.323193259239196840e-01
6.878374368667602434e-01
7.536016765594482081e-01
7.231685914039611696e-01
6.978995019912719311e-01
7.177360977172851930e-01
7.160382651329040282e-01
7.088776372909545431e-01
7.225496296882629732e-01
7.099761331558227528e-01
7.341459333419799727e-01
7.513400066375732766e-01
7.488745181083679148e-01
7.521798315048218164e-01
7.824316839218139474e-01
8.099622251510619764e-01
8.256996850013732514e-01
8.640511499404907036e-01
8.366676695823669352e-01
8.330290988922118833e-01
8.388428409576416112e-01
8.560793350219726427e-01
8.659250887870788560e-01
8.786764837265014227e-01
8.538949676513671871e-01
8.849892881393432997e-01
8.885990933418274063e-01
8.648453018188476671e-01
8.207678849220275685e-01
8.441906035423278887e-01
8.308678036689758351e-01
8.442789876937866200e-01
8.701634703636169643e-01
8.523683259010315094e-01
8.900223847389221454e-01
9.229467808723449407e-01
9.396091960906982621e-01
9.421258069992065609e-01
9.479191612243652587e-01
9.663965478897095229e-01
9.770248397827148157e-01
9.910053876876830925e-01
1.000307825088500913e+00
1.023880786514282271e+00
1.024292856407165608e+00
1.021018630981445297e+00
1.031039617538452191e+00
1.048084706878662065e+00
1.102320168876647966e+00
1.082827968788147022e+00
9.971362905502318963e-01
9.743086681365966673e-01
7.673247458457946868e-01
7.870888091087341332e-01
7.970078621864319368e-01
8.396811618804931321e-01
8.613668203353881392e-01
8.897038751602173168e-01
9.102475875854492138e-01
9.310552215576172186e-01
9.348312997817993519e-01
9.620801315307617729e-01
