2.337193382644653372e+00
1.303234177589416509e+00
1.071412622928619385e+00
9.401327775955200527e-01
9.040527164459228882e-01
8.389914023399352994e-01
7.431294212341308381e-01
8.327974127769470769e-01
6.407146586418152046e-01
6.239003532409668207e-01
6.252962494850158315e-01
6.444203647613525598e-01
5.759507092475890655e-01
4.783727964401245369e-01
5.301328102588653834e-01
5.637963390350342330e-01
5.329286497592925498e-01
5.451967125892639432e-01
4.701156888961792180e-01
5.370719940185546548e-01
4.418866065502166651e-01
4.376823172569274667e-01
4.823723602294922030e-01
4.354638679504394538e-01
6.073958431243896561e-01
4.203143362522125392e-01
5.146004772186278942e-01
6.585117201805115172e-01
5.028937050342560111e-01
4.408897282600403034e-01
4.082777130603790217e-01
3.930030568599701124e-01
3.594476528644561797e-01
3.275397400379180812e-01
3.680691949844360211e-01
3.652090626716613664e-01
3.889884786128997574e-01
4.030400399684905821e-01
3.879495342731476004e-01
3.461460465908050566e-01
3.392773018360137893e-01
3.462674728155136217e-01
3.509019185543060249e-01
3.531095703363418825e-01
3.371107503414154105e-01
4.664153402328491405e-01
3.663248021125793397e-01
3.694223598480224635e-01
4.923055203437805005e-01
4.085441965103149276e-01
3.997637807846069480e-01
3.748295314788818167e-01
3.731509577274322309e-01
3.768308736801147529e-01
3.723509294509887435e-01
3.666563083648681776e-01
3.715558063030243163e-01
3.661166193962097082e-01
3.558097937583923343e-01
3.710974376678466968e-01
3.730450163841247391e-01
3.974426239967346342e-01
3.815233403205871565e-01
3.704689205408096542e-01
3.907637255191803161e-01
3.861600827217102072e-01
3.870324086666107055e-01
3.765315751552582024e-01
3.793709439516067539e-01
3.619031410694122375e-01
3.943224364757537681e-01
4.351351917982101414e-01
3.854427285194396702e-01
5.182600186824798394e-01
6.265593623638152643e-01
4.564703086376190044e-01
4.936363524436950811e-01
3.328240291595458977e-01
3.988036230087280143e-01
3.770673806190490973e-01
3.408483650207519422e-01
5.245823497772217348e-01
3.579999767303466696e-01
4.093670210838317725e-01
5.120730521202087049e-01
4.546629038333893091e-01
4.256586878776550398e-01
3.933340041160583445e-01
3.748059835433960041e-01
3.689572238922119163e-01
3.658092427492141696e-01
4.169741218566894725e-01
3.397318136692046853e-01
4.082268063545226866e-01
3.876901247024536201e-01
3.523345415592193386e-01
3.145631898641586544e-01
4.940933444976806643e-01
3.772008653640747111e-01
3.215292551040649371e-01
