2.299087005996704125e+00
5.426409297943115551e-01
1.607963774919509981e-01
1.050876291394233636e-01
7.212725281715393066e-02
5.601095473170280420e-02
4.533312439918518039e-02
3.925177628993987977e-02
3.529927049279212720e-02
3.502143599987030120e-02
2.874324024617672113e-02
2.976981996893882793e-02
2.675249165594577663e-02
2.337648141086101639e-02
2.453209968507289937e-02
2.260410328209400133e-02
2.133675438761711146e-02
2.137145083248615310e-02
2.174777049124240746e-02
1.801265731453895527e-02
2.170948595404624884e-02
1.932461994290352036e-02
1.903407637476920919e-02
1.872826945483684405e-02
1.884003135859966399e-02
1.965758447051048352e-02
1.840213002860546093e-02
1.804179183840751502e-02
1.705419349968433432e-02
1.720437560975551436e-02
1.938965694010257729e-02
1.695868172049522227e-02
2.047052455246448424e-02
1.783953607082366943e-02
1.572368806302547328e-02
1.587333852648735097e-02
1.846563320457935212e-02
1.633921627104282376e-02
1.598549144864082339e-02
1.579966541528701751e-02
1.677694449275731955e-02
1.651078875064850016e-02
1.721468644738197162e-02
1.635414565205573975e-02
1.675688531398773079e-02
1.748614358901977653e-02
1.820770978629589198e-02
1.539816738665103837e-02
1.696947498917579511e-02
1.572552569508552447e-02
1.644916502833366351e-02
1.553881457746028941e-02
1.600663070082664410e-02
1.585081200301647134e-02
1.659559159576892706e-02
1.579423855543136621e-02
1.552897983491420726e-02
1.440641190409660405e-02
1.585839236676692826e-02
1.451772026419639525e-02
1.579723465144634159e-02
1.608011661320924920e-02
1.774766480624675666e-02
1.713602405488491229e-02
1.591861979961395335e-02
1.572694707512855422e-02
1.586954315006732993e-02
1.656708149611950051e-02
1.737026645243167772e-02
1.701101992726326145e-02
1.608166006207466248e-02
1.704343132376670913e-02
1.732573244869708984e-02
1.540462430119514392e-02
1.637077968716621479e-02
1.582307578921317986e-02
1.558804104179143876e-02
1.524750032722949934e-02
1.595814771652221548e-02
1.572415309697389532e-02
1.642799776792526131e-02
1.678015117943286796e-02
1.536717536449432389e-02
1.611982894688844536e-02
1.530732775926589920e-02
1.561443230807781253e-02
1.688747744262218339e-02
1.552447890043258741e-02
1.726225760579109050e-02
1.533216246068477666e-02
1.742624379694461892e-02
1.628852953612804424e-02
1.683165522217750648e-02
1.760585748851299301e-02
1.698162844777107230e-02
1.615397882759571010e-02
1.723817002475261720e-02
1.690452512502670437e-02
1.732039974629879034e-02
1.660665635913610369e-02
