1.135000000000000037e-01
6.518000000000000460e-01
8.399999999999999689e-01
8.889000000000000234e-01
9.260000000000000453e-01
9.271000000000000352e-01
9.415000000000000036e-01
9.414000000000000146e-01
9.333000000000000185e-01
9.517999999999999794e-01
9.504000000000000226e-01
9.574000000000000288e-01
9.375000000000000000e-01
9.150000000000000355e-01
9.469999999999999529e-01
9.599999999999999645e-01
9.546000000000000041e-01
9.491000000000000547e-01
9.584000000000000297e-01
9.625000000000000222e-01
9.586000000000000076e-01
9.620999999999999552e-01
9.628999999999999782e-01
9.680999999999999606e-01
9.528999999999999693e-01
9.616000000000000103e-01
9.529999999999999583e-01
9.508999999999999675e-01
9.429999999999999494e-01
9.429999999999999494e-01
9.542000000000000481e-01
9.540999999999999481e-01
9.619999999999999662e-01
9.631999999999999451e-01
9.548999999999999710e-01
9.421000000000000485e-01
9.398999999999999577e-01
9.409999999999999476e-01
9.121000000000000218e-01
9.483000000000000318e-01
9.615000000000000213e-01
9.495000000000000107e-01
9.536000000000000032e-01
9.659999999999999698e-01
9.615000000000000213e-01
9.606000000000000094e-01
9.580999999999999517e-01
9.618999999999999773e-01
9.610999999999999543e-01
9.618999999999999773e-01
9.592000000000000526e-01
9.608999999999999764e-01
9.629999999999999671e-01
9.635000000000000231e-01
9.635000000000000231e-01
9.634000000000000341e-01
9.617999999999999883e-01
9.613000000000000433e-01
9.613000000000000433e-01
9.617999999999999883e-01
9.628999999999999782e-01
9.631999999999999451e-01
9.618999999999999773e-01
9.647999999999999909e-01
9.673000000000000487e-01
9.667999999999999927e-01
9.653000000000000469e-01
9.639999999999999680e-01
9.649999999999999689e-01
9.631999999999999451e-01
9.655000000000000249e-01
9.639999999999999680e-01
9.641999999999999460e-01
9.687999999999999945e-01
9.669999999999999707e-01
9.660999999999999588e-01
9.650999999999999579e-01
9.703000000000000513e-01
9.644000000000000350e-01
9.647000000000000020e-01
9.653000000000000469e-01
9.608999999999999764e-01
9.657999999999999918e-01
9.629999999999999671e-01
9.522000000000000464e-01
9.314000000000000057e-01
9.354999999999999982e-01
9.576999999999999957e-01
9.604000000000000314e-01
9.481000000000000538e-01
9.514000000000000234e-01
9.515000000000000124e-01
9.686000000000000165e-01
9.593000000000000416e-01
9.671999999999999487e-01
9.622000000000000552e-01
9.677999999999999936e-01
9.627999999999999892e-01
9.670999999999999597e-01
9.635000000000000231e-01
