2.309765617752075340e+00
1.135962191963195700e+00
5.682489453315734407e-01
4.130429985523224046e-01
2.801035896301269368e-01
2.560784471750259250e-01
1.870510450363159216e-01
1.888923719644546584e-01
2.137363629102706775e-01
1.522818613529205445e-01
1.541742086410522461e-01
1.394820013046264573e-01
2.095420819520950328e-01
2.866343142986297332e-01
1.682308401823043864e-01
1.322196024656295821e-01
1.473664641857147239e-01
1.804500517606735244e-01
1.361353317260742268e-01
1.208957353472709662e-01
1.391062548398971643e-01
1.222643046975135789e-01
1.244200152873992937e-01
1.063983347415924097e-01
1.670944676876068014e-01
1.366474649190902724e-01
1.663422255277633710e-01
1.759020335197448714e-01
2.063538240194320583e-01
2.055336652040481438e-01
1.609155506849288819e-01
1.667762592792511045e-01
1.315143518686294477e-01
1.336215968132019039e-01
1.584838072538375942e-01
2.177295484066009423e-01
2.178197421073913564e-01
2.224702223777771104e-01
3.326366668701171703e-01
1.818541079998016452e-01
1.364131322264671431e-01
1.724132932186126788e-01
1.573595146179199156e-01
1.186433198332786515e-01
1.358804598093032723e-01
1.400907114386558405e-01
1.531488432645797815e-01
1.373005697488784704e-01
1.350497819066047711e-01
1.375755662083625874e-01
1.427076409578323379e-01
1.397833173394203155e-01
1.348393984198570372e-01
1.347079581141471805e-01
1.363099571228027218e-01
1.390895283699035700e-01
1.412705126762390240e-01
1.453374722242355421e-01
1.472571288824081337e-01
1.446335351943969783e-01
1.417581962108611926e-01
1.413613482117652975e-01
1.466149755716323888e-01
1.379812603116035430e-01
1.267433594584465029e-01
1.258345281004905614e-01
1.355258660554885808e-01
1.417528107404708859e-01
1.410234425544738823e-01
1.443007504463195700e-01
1.390771245121955879e-01
1.422188396096229490e-01
1.416675792813301138e-01
1.196675793647766078e-01
1.292799604415893477e-01
1.351699855208396972e-01
1.389430750966072214e-01
1.167602329969406189e-01
1.467256941556930594e-01
1.479652398824691795e-01
1.469518049001693749e-01
1.658091611146926825e-01
1.464035306692123284e-01
1.505344825983047363e-01
1.856828245162963908e-01
2.913081065654754553e-01
2.557033154249191420e-01
1.561522777318954391e-01
1.474391543388366699e-01
1.960414455175399917e-01
1.860088762760162273e-01
1.769813757181167568e-01
1.175566707611084005e-01
1.460865736603736975e-01
1.253569284915924120e-01
1.465543340682983475e-01
1.175763492465019266e-01
1.400832847237586942e-01
1.233782336235046406e-01
1.450860990881919776e-01
