2.293051620483398612e+00
1.092774886131286705e+00
9.333760986328124565e-01
8.137912918090820513e-01
7.033250190734863239e-01
6.378189743041992044e-01
6.607513788223267071e-01
7.451807897567749306e-01
6.952243613243103137e-01
6.663934369087218812e-01
6.792045530319213986e-01
7.421819890975952516e-01
7.009877547264099507e-01
6.902401144981383796e-01
6.680104184150695845e-01
7.525698978424072427e-01
6.845633781433105858e-01
7.861398424148559050e-01
8.698452256202697797e-01
8.050476137161255430e-01
7.387467416763305872e-01
9.007003849983215016e-01
8.639460406303405282e-01
8.867461184501648219e-01
9.217567213058471820e-01
8.180323841094970794e-01
8.379872736930846777e-01
8.680617548942566319e-01
8.690988178253173935e-01
8.033465621948242541e-01
8.326057694435119449e-01
8.804834034919738484e-01
8.164081230163574565e-01
8.346395675659179503e-01
8.099069202423095915e-01
8.233175780296325685e-01
8.182681210517883663e-01
8.325560052871704420e-01
8.557936593055724961e-01
8.764427728652953720e-01
8.440668966293335407e-01
8.975127058029175320e-01
8.673686828613281774e-01
8.896000343322754134e-01
9.312509826660155809e-01
9.135079063415527667e-01
9.003733291625976021e-01
9.422661673545837946e-01
9.877954182624817392e-01
8.440372580528259228e-01
9.233273359298705962e-01
9.731830873489379918e-01
8.715668950080871502e-01
8.203876936912536388e-01
7.774466723442077232e-01
1.040860538578033401e+00
8.604567007064819473e-01
8.521683027267455968e-01
8.675638360977172558e-01
9.001429275512695671e-01
9.039424989700317603e-01
9.341626415252685112e-01
8.741371743202209776e-01
8.749349319458007423e-01
9.037660075187683439e-01
9.528372823715209883e-01
8.961379093170166454e-01
9.410148577690125027e-01
9.163917012214660707e-01
8.914462768554687333e-01
8.894138896942138661e-01
9.401871900558471662e-01
9.897798163414001094e-01
8.853185300827026705e-01
9.085297668457030795e-01
8.919950862884521436e-01
9.147815111160277901e-01
9.703071792602538936e-01
9.409816233634948901e-01
9.168496635437011211e-01
9.466996107101440794e-01
9.462229658126830589e-01
9.285792356491089361e-01
9.035897541999816651e-01
9.419856880187987835e-01
9.233461010932921820e-01
9.204656265258789327e-01
8.965369935989380146e-01
8.900090596199036197e-01
9.224747816085815399e-01
8.454481092453003388e-01
9.380746656417846552e-01
1.003447938728332600e+00
1.043472547531127947e+00
9.233505243301391996e-01
9.659153497695922574e-01
1.093887179374694929e+00
8.778628846168518018e-01
7.933310375213623589e-01
8.084394341468811307e-01
