2.299087005996704125e+00
5.426409436225890781e-01
1.607963721036911042e-01
1.050876250982284571e-01
7.212725701332092787e-02
5.601095719933509715e-02
4.533312200903892586e-02
3.925177982449531283e-02
3.529927191734313907e-02
3.502143332362175204e-02
2.874323829412460396e-02
2.976982131600379791e-02
2.675249424278736132e-02
2.337648169100284626e-02
2.453209833800792591e-02
2.260410218238830676e-02
2.133675649762153612e-02
2.137145117521286122e-02
2.174776919782161685e-02
1.801265368461608951e-02
2.170948925614357011e-02
1.932461973428726068e-02
1.903407334983348714e-02
1.872827130556106723e-02
1.884003520011902008e-02
1.965758232474327030e-02
1.840212745368480576e-02
1.804179289937019384e-02
1.705419168770313382e-02
1.720437581241130928e-02
1.938965570032596605e-02
1.695867991149425588e-02
2.047052717804908814e-02
1.783953776359558166e-02
1.572368385791778414e-02
1.587334158122539682e-02
1.846563364267349294e-02
1.633921566307544593e-02
1.598548994064331180e-02
1.579966602027416123e-02
1.677694652080535809e-02
1.651079294979572454e-02
1.721468951106071635e-02
1.635414595603942867e-02
1.675688211321830698e-02
1.748614407777786262e-02
1.820771164298057646e-02
1.539816512763500164e-02
1.696948003470897734e-02
1.572552728950977335e-02
1.644916693866252735e-02
1.553881501853466088e-02
1.600662913918495314e-02
1.585081328451633589e-02
1.659559103250503667e-02
1.579423625469207615e-02
1.552897946238517707e-02
1.440641040205955549e-02
1.585839103758335256e-02
1.451771831512451219e-02
1.579723392426967549e-02
1.608011562079191339e-02
1.774766315817832840e-02
1.713602474927902394e-02
1.591861598491668695e-02
1.572694809734821383e-02
1.586954292953014420e-02
1.656708052456378963e-02
1.737026659846305915e-02
1.701101641356944985e-02
1.608166023492813013e-02
1.704343582987785308e-02
1.732572912275791299e-02
1.540462421476841010e-02
1.637077794969081859e-02
1.582307403385639286e-02
1.558804460614919736e-02
1.524750242829322859e-02
1.595815029442310476e-02
1.572415170669555495e-02
1.642799717783927776e-02
1.678014968037605179e-02
1.536717517375946022e-02
1.611982837170362545e-02
1.530732605457305918e-02
1.561443264931440360e-02
1.688747827708721172e-02
1.552447516024112704e-02
1.726225829720497151e-02
1.533216430246829923e-02
1.742624310851097202e-02
1.628852802813053266e-02
1.683165419101715146e-02
1.760586026906967028e-02
1.698163274824619415e-02
1.615397841632366244e-02
1.723816829621791988e-02
1.690452103018760810e-02
1.732040132582187558e-02
1.660665553063154359e-02
