2.299087005996704125e+00
5.426409236907958622e-01
1.607963786125183037e-01
1.050876211047172548e-01
7.212725777626037560e-02
5.601095719933509715e-02
4.533312277197838053e-02
3.925178107023238883e-02
3.529927020072937127e-02
3.502143542170524371e-02
2.874324119985103773e-02
2.976981863975524875e-02
2.675249362587928809e-02
2.337648112475872175e-02
2.453210030198097261e-02
2.260410208702087406e-02
2.133675352931022756e-02
2.137145231366157500e-02
2.174777311682701136e-02
1.801265510320663316e-02
2.170948953926563410e-02
1.932461836934089641e-02
1.903407689929008384e-02
1.872826831340789963e-02
1.884003401100635411e-02
1.965758284926414495e-02
1.840213060379028431e-02
1.804179159104823960e-02
1.705419197380542845e-02
1.720437641441821888e-02
1.938965477943420390e-02
1.695867988765239684e-02
2.047052603065967549e-02
1.783953471779823469e-02
1.572368566244840629e-02
1.587334013581276002e-02
1.846563634872436591e-02
1.633921503424644317e-02
1.598549317121505595e-02
1.579966691732406781e-02
1.677694590240716779e-02
1.651078873276710587e-02
1.721468990743160385e-02
1.635414345264434716e-02
1.675688315927982217e-02
1.748614097833633280e-02
1.820770564079284698e-02
1.539816767275333474e-02
1.696947440803051044e-02
1.572552338838577313e-02
1.644916392564773483e-02
1.553881537616252917e-02
1.600662707388400899e-02
1.585081362128257579e-02
1.659558948576450241e-02
1.579423661231994791e-02
1.552897907197475433e-02
1.440641100704669920e-02
1.585839004814624739e-02
1.451771866977214810e-02
1.579723269343376313e-02
1.608011239618063054e-02
1.774766075015067959e-02
1.713602377176284830e-02
1.591861836016178131e-02
1.572694931030273538e-02
1.586954598426819005e-02
1.656708146631717671e-02
1.737026771306991735e-02
1.701101608276367125e-02
1.608165789842605498e-02
1.704343502819538267e-02
1.732573423981666541e-02
1.540462606847286219e-02
1.637077825963497227e-02
1.582307684719562457e-02
1.558804228752851476e-02
1.524750247597694321e-02
1.595814699232578349e-02
1.572414965182542673e-02
1.642799879610538569e-02
1.678015053570270504e-02
1.536717313826084161e-02
1.611982945799827691e-02
1.530732943713664952e-02
1.561443651914596643e-02
1.688747759759426023e-02
1.552447628974914541e-02
1.726225636303424862e-02
1.533216450810432480e-02
1.742624218165874511e-02
1.628853101134300138e-02
1.683165595978498505e-02
1.760585879385471314e-02
1.698163134157657655e-02
1.615397981405258115e-02
1.723816709518432785e-02
1.690452323257923134e-02
1.732040002048015545e-02
1.660665584653615856e-02
