2.299087005996704125e+00
5.426409558296203528e-01
1.607963816642761223e-01
1.050876199364662172e-01
7.212725434303284000e-02
5.601095816493034674e-02
4.533312277197838053e-02
3.925178010463714617e-02
3.529927201867103653e-02
3.502143495082855190e-02
2.874323938786983376e-02
2.976981919407844374e-02
2.675249304175376930e-02
2.337648112475872175e-02
2.453210159242153257e-02
2.260410113334655746e-02
2.133675506114959819e-02
2.137145341932773432e-02
2.174777082800865083e-02
1.801265728771686558e-02
2.170948714911937610e-02
1.932461830675601816e-02
1.903407364487648065e-02
1.872826673686504503e-02
1.884003304541111146e-02
1.965758466720581021e-02
1.840213008224964031e-02
1.804179145991802180e-02
1.705419330894946892e-02
1.720437665283679890e-02
1.938965415656566590e-02
1.695868161916732827e-02
2.047052694857120353e-02
1.783953370749950459e-02
1.572368541359901381e-02
1.587334027588367322e-02
1.846563710868358646e-02
1.633921325802803123e-02
1.598548811078071702e-02
1.579966834485530686e-02
1.677694745212793270e-02
1.651078890860080764e-02
1.721468954682350144e-02
1.635414700210094385e-02
1.675688333511352393e-02
1.748614207208156607e-02
1.820770735144615002e-02
1.539816784858703651e-02
1.696947722733020691e-02
1.572552671432494997e-02
1.644916418194770913e-02
1.553881787955760894e-02
1.600662523508071880e-02
1.585081221163272755e-02
1.659558838009834308e-02
1.579423860311508082e-02
1.552897829711437187e-02
1.440641437768936176e-02
1.585839193463325567e-02
1.451772021353244825e-02
1.579723609387874775e-02
1.608011507242917970e-02
1.774766297936439599e-02
1.713602274656295804e-02
1.591861788034439062e-02
1.572695056200027613e-02
1.586954434216022655e-02
1.656708610057830780e-02
1.737026740610599432e-02
1.701101638376712952e-02
1.608165550231933569e-02
1.704343446195125469e-02
1.732573137581348496e-02
1.540462224781513276e-02
1.637078142464160752e-02
1.582307863831520015e-02
1.558804588764905845e-02
1.524750023782253314e-02
1.595814803242683391e-02
1.572415363639593014e-02
1.642799662351608278e-02
1.678015182912349565e-02
1.536717262566089648e-02
1.611982891410589092e-02
1.530732993185520210e-02
1.561443428993225177e-02
1.688747579753398925e-02
1.552447654008865321e-02
1.726225821971893309e-02
1.533216230571269982e-02
1.742624465525150282e-02
1.628852869868278527e-02
1.683165543675422746e-02
1.760585707724094534e-02
1.698163215219974584e-02
1.615398343801498562e-02
1.723816775083542030e-02
1.690452297031879575e-02
1.732039916217327155e-02
1.660665505379438356e-02
