1.135000000000000037e-01
7.042000000000000481e-01
7.829000000000000403e-01
7.916999999999999593e-01
7.925999999999999712e-01
7.903999999999999915e-01
8.116999999999999771e-01
8.201000000000000512e-01
8.499999999999999778e-01
8.508999999999999897e-01
8.618999999999999995e-01
8.514000000000000457e-01
8.864999999999999547e-01
8.711999999999999744e-01
9.071000000000000174e-01
8.809000000000000163e-01
8.981000000000000094e-01
8.968000000000000416e-01
9.457999999999999741e-01
9.483000000000000318e-01
9.494000000000000217e-01
9.513000000000000345e-01
9.485000000000000098e-01
9.439999999999999503e-01
9.556000000000000050e-01
9.302000000000000268e-01
9.375999999999999890e-01
9.418999999999999595e-01
9.451000000000000512e-01
9.475000000000000089e-01
9.366999999999999771e-01
9.215999999999999748e-01
9.154999999999999805e-01
9.508999999999999675e-01
9.320000000000000506e-01
9.344000000000000083e-01
9.487999999999999767e-01
9.394000000000000128e-01
9.401000000000000467e-01
9.081000000000000183e-01
9.173000000000000043e-01
9.447999999999999732e-01
9.070000000000000284e-01
9.370000000000000551e-01
9.213999999999999968e-01
9.124999999999999778e-01
9.406999999999999806e-01
9.451000000000000512e-01
9.498999999999999666e-01
9.414000000000000146e-01
9.392000000000000348e-01
9.476999999999999869e-01
9.227999999999999536e-01
9.422000000000000375e-01
9.428999999999999604e-01
9.419999999999999485e-01
9.327999999999999625e-01
9.296999999999999709e-01
9.308999999999999497e-01
9.163000000000000034e-01
8.941999999999999948e-01
9.264000000000000012e-01
9.205999999999999739e-01
9.250000000000000444e-01
9.352000000000000313e-01
9.358999999999999542e-01
9.394000000000000128e-01
9.223000000000000087e-01
9.184999999999999831e-01
9.371000000000000441e-01
8.921000000000000041e-01
9.553000000000000380e-01
9.232000000000000206e-01
9.326999999999999735e-01
9.368999999999999551e-01
9.481000000000000538e-01
9.482000000000000428e-01
9.455999999999999961e-01
9.472000000000000419e-01
9.479999999999999538e-01
9.407999999999999696e-01
9.453000000000000291e-01
9.439999999999999503e-01
9.427999999999999714e-01
9.437999999999999723e-01
9.434000000000000163e-01
9.446999999999999842e-01
9.476999999999999869e-01
9.435000000000000053e-01
9.488999999999999657e-01
9.506000000000000005e-01
9.535000000000000142e-01
9.421000000000000485e-01
9.426999999999999824e-01
9.474000000000000199e-01
9.503000000000000336e-01
9.484000000000000208e-01
9.476999999999999869e-01
9.453000000000000291e-01
9.520999999999999464e-01
