2.301114670562744102e+00
9.895636399269104322e-01
8.129429374694824295e-01
6.556492383003235114e-01
6.568532318115234414e-01
6.177727056503296010e-01
5.622770973205566403e-01
4.979062932491302718e-01
4.525412647724151860e-01
4.926551551342010504e-01
4.866221612930297646e-01
4.949568430900573857e-01
3.546760885715484757e-01
4.317991352558135931e-01
2.824458226680755524e-01
3.707625466346740617e-01
3.181836372375488331e-01
3.288532304763793768e-01
1.764213142633438147e-01
1.645059198617935259e-01
1.691282811403274633e-01
1.643083226203918557e-01
1.669850907802581663e-01
2.037514887332916302e-01
1.411193600654601921e-01
2.346161678314208909e-01
2.231967400550842195e-01
2.001950792312622018e-01
1.846144794940948464e-01
1.795476158380508447e-01
2.226911671161651562e-01
3.160752459526062208e-01
3.017657770395278938e-01
1.719865320444106949e-01
2.380486483097076500e-01
2.393833192825317313e-01
1.796769413471221988e-01
2.088311579942703222e-01
2.002802147865295479e-01
3.296000230789184471e-01
2.992816677093506073e-01
2.022457301616668590e-01
3.508477304935455066e-01
2.617344734668731743e-01
2.648426661491394274e-01
3.008505115032196198e-01
1.982444879531860271e-01
1.861743206262588546e-01
1.662600803375244019e-01
2.025782757282257041e-01
2.242956316709518449e-01
1.808789241075515752e-01
3.235193126678466702e-01
2.233511394500732328e-01
2.172817282676696715e-01
1.996096096277236998e-01
2.661609457969665304e-01
2.467029329538345250e-01
2.421003420829772879e-01
2.950703472137451433e-01
3.976634087085723634e-01
2.738586809158325419e-01
2.905024168014526120e-01
2.932434549808501933e-01
2.395166853904724114e-01
2.422146782398224008e-01
2.229335531949996896e-01
3.290689022064208769e-01
3.299909644126892139e-01
2.184337588548660170e-01
4.210469860076904158e-01
1.460857481718063344e-01
3.345243535280227887e-01
2.536753628015518403e-01
2.337825170040130629e-01
1.872510072946548532e-01
1.958767183542251544e-01
2.139549770116805916e-01
1.990699606180190984e-01
1.966994868040084776e-01
2.442820775508880715e-01
2.066282980442047112e-01
2.197896746158599923e-01
2.168962864637374865e-01
2.153026386022567629e-01
2.228179896593093789e-01
2.250924276351928821e-01
2.191475831985473521e-01
2.329003010034561283e-01
1.926243748426437474e-01
1.824242169618606468e-01
1.765026357650756883e-01
2.300550477743148747e-01
2.329786566257476821e-01
2.045294468879699790e-01
1.980019998788833668e-01
2.103392069816589494e-01
2.197131402730941874e-01
2.240097648620605342e-01
1.918788372516632146e-01
