2.299087005996704125e+00
5.426409436225890781e-01
1.607963793754577653e-01
1.050876287341117876e-01
7.212725317478180243e-02
5.601095499992370802e-02
4.533312467932701373e-02
3.925177876949310224e-02
3.529927030205726873e-02
3.502143399119377054e-02
2.874324048161506703e-02
2.976981873512268145e-02
2.675249037146568143e-02
2.337648082673549760e-02
2.453210215866565708e-02
2.260410152077674956e-02
2.133675349056720835e-02
2.137145165205001779e-02
2.174777317345142486e-02
1.801265753805637512e-02
2.170948833525180796e-02
1.932461967766285066e-02
1.903407475650310474e-02
1.872826949059963261e-02
1.884003490507602657e-02
1.965758274793624749e-02
1.840212861299514793e-02
1.804179059863090379e-02
1.705419116318225917e-02
1.720437900125980357e-02
1.938965665400028265e-02
1.695868286490440427e-02
2.047052724361419704e-02
1.783953411877155226e-02
1.572368476390838612e-02
1.587334193289280035e-02
1.846563689112663137e-02
1.633921322524547678e-02
1.598549148142337784e-02
1.579966656565666080e-02
1.677694290876388661e-02
1.651078837215900347e-02
1.721468884050846027e-02
1.635414342284202682e-02
1.675688498020172154e-02
1.748614189028739954e-02
1.820770555734634380e-02
1.539816576242446916e-02
1.696947967112064429e-02
1.572552346587181155e-02
1.644916588664054741e-02
1.553881556689739284e-02
1.600662768185138682e-02
1.585081525444984388e-02
1.659559006989002120e-02
1.579423558115959289e-02
1.552897922098636641e-02
1.440641120672226001e-02
1.585838943719863892e-02
1.451772169470787015e-02
1.579723620712757126e-02
1.608011429607868192e-02
1.774766016602516081e-02
1.713602191507816383e-02
1.591861714422702911e-02
1.572695337831974197e-02
1.586954226195812223e-02
1.656708448827266811e-02
1.737026601731777101e-02
1.701101769208908029e-02
1.608165789246559021e-02
1.704343550503253923e-02
1.732573204636573758e-02
1.540462675690650908e-02
1.637078254520893048e-02
1.582307361960411107e-02
1.558804606646299433e-02
1.524749878346920093e-02
1.595814583599567543e-02
1.572414600551128375e-02
1.642799790501594387e-02
1.678015168309211769e-02
1.536717314422130637e-02
1.611982560455799129e-02
1.530733467936515844e-02
1.561443201899528552e-02
1.688747947812080374e-02
1.552447911500930838e-02
1.726225753724575096e-02
1.533216358423233026e-02
1.742624000310897744e-02
1.628852523863315652e-02
1.683165631145238858e-02
1.760586173236370136e-02
1.698163326978683468e-02
1.615397424399852774e-02
1.723816924095153760e-02
1.690452453792095147e-02
1.732039917409420107e-02
1.660665472596883907e-02
