1.135000000000000037e-01
8.437999999999999945e-01
9.627999999999999892e-01
9.683000000000000496e-01
9.646000000000000130e-01
9.715000000000000302e-01
9.671999999999999487e-01
9.756000000000000227e-01
9.751999999999999558e-01
9.739999999999999769e-01
9.795000000000000373e-01
9.759999999999999787e-01
9.733000000000000540e-01
9.758999999999999897e-01
9.746000000000000218e-01
9.748999999999999888e-01
9.767000000000000126e-01
9.785000000000000364e-01
9.785000000000000364e-01
9.705000000000000293e-01
9.761999999999999567e-01
9.765000000000000346e-01
9.765000000000000346e-01
9.761999999999999567e-01
9.814000000000000501e-01
9.808000000000000052e-01
9.806000000000000272e-01
9.755000000000000338e-01
9.789999999999999813e-01
9.725000000000000311e-01
9.766000000000000236e-01
9.667000000000000037e-01
9.636000000000000121e-01
9.762999999999999456e-01
9.748999999999999888e-01
9.787000000000000144e-01
9.809999999999999831e-01
9.787000000000000144e-01
9.819999999999999840e-01
9.797000000000000153e-01
9.805000000000000382e-01
9.828999999999999959e-01
9.801999999999999602e-01
9.809999999999999831e-01
9.822999999999999510e-01
9.801999999999999602e-01
9.751999999999999558e-01
9.754000000000000448e-01
9.792999999999999483e-01
9.774000000000000465e-01
9.812999999999999501e-01
9.824000000000000510e-01
9.820999999999999730e-01
9.670999999999999597e-01
9.628999999999999782e-01
9.770999999999999686e-01
9.750999999999999668e-01
9.714000000000000412e-01
9.767000000000000126e-01
9.737000000000000099e-01
9.801999999999999602e-01
9.761999999999999567e-01
9.761999999999999567e-01
9.791999999999999593e-01
9.794000000000000483e-01
9.798000000000000043e-01
9.760999999999999677e-01
9.726000000000000201e-01
9.645000000000000240e-01
9.772999999999999465e-01
9.796000000000000263e-01
9.781999999999999584e-01
9.805000000000000382e-01
9.792999999999999483e-01
9.775000000000000355e-01
9.804000000000000492e-01
9.809999999999999831e-01
9.817000000000000171e-01
9.815000000000000391e-01
9.826000000000000290e-01
9.825000000000000400e-01
9.818000000000000060e-01
9.819999999999999840e-01
9.819999999999999840e-01
9.814000000000000501e-01
9.799999999999999822e-01
9.815000000000000391e-01
9.821999999999999620e-01
9.808999999999999941e-01
9.816000000000000281e-01
9.809999999999999831e-01
9.817000000000000171e-01
9.811999999999999611e-01
9.817000000000000171e-01
9.815000000000000391e-01
9.810999999999999721e-01
9.797000000000000153e-01
9.808000000000000052e-01
9.818000000000000060e-01
9.836000000000000298e-01
