2.299087005996704125e+00
5.426409253120422216e-01
1.607963782548904319e-01
1.050876205205917291e-01
7.212725663185119707e-02
5.601095731258392413e-02
4.533311963081360085e-02
3.925177620053291183e-02
3.529926811456680219e-02
3.502143695950508256e-02
2.874324039220809909e-02
2.976981796622276202e-02
2.675249475836753710e-02
2.337648092806339159e-02
2.453209814727306398e-02
2.260410333275795006e-02
2.133675366938114076e-02
2.137145326733589160e-02
2.174777101576328212e-02
1.801265811920165980e-02
2.170948686003685082e-02
1.932461988031864211e-02
1.903407569825649182e-02
1.872827045619487873e-02
1.884003321528434846e-02
1.965758523344993472e-02
1.840212993919849299e-02
1.804179154932498974e-02
1.705419397950172500e-02
1.720437527298927446e-02
1.938965650498867058e-02
1.695868012905120750e-02
2.047052766382694358e-02
1.783953734636306923e-02
1.572368609309196530e-02
1.587334184348583241e-02
1.846563434898853412e-02
1.633921450972557199e-02
1.598548970520496243e-02
1.579966672062873764e-02
1.677694579213857493e-02
1.651079007089138045e-02
1.721468754112720490e-02
1.635414566993713403e-02
1.675688557922840050e-02
1.748614277839660724e-02
1.820771009922027631e-02
1.539816640317439971e-02
1.696947726011276136e-02
1.572552651762962328e-02
1.644916447103023441e-02
1.553882025331258798e-02
1.600662868618965215e-02
1.585081208944320516e-02
1.659558820724487196e-02
1.579423835277557475e-02
1.552898053824901606e-02
1.440641179680824356e-02
1.585838982760906166e-02
1.451771858632564492e-02
1.579723336100578163e-02
1.608011523634195195e-02
1.774766072034835926e-02
1.713602411746978707e-02
1.591862038075923802e-02
1.572695047855377296e-02
1.586954318583011503e-02
1.656708210408687487e-02
1.737026538252830349e-02
1.701102085113525425e-02
1.608165899217128825e-02
1.704343407750129671e-02
1.732573200762271837e-02
1.540462447404861504e-02
1.637078089714050222e-02
1.582307647764682676e-02
1.558804144412279102e-02
1.524750072956085160e-02
1.595814693868160411e-02
1.572415233254432707e-02
1.642799705266952473e-02
1.678015300631523210e-02
1.536717635095119494e-02
1.611982721984386510e-02
1.530732800960540700e-02
1.561443605422973592e-02
1.688747983276844139e-02
1.552448124885559035e-02
1.726225802898407116e-02
1.533216303884983069e-02
1.742624035477638098e-02
1.628852952122688408e-02
1.683165563493967121e-02
1.760586106181144875e-02
1.698162871003150790e-02
1.615398086607456110e-02
1.723816892802715328e-02
1.690452268719673176e-02
1.732040033042430913e-02
1.660665799826383654e-02
