1.135000000000000037e-01
4.953000000000000180e-01
5.859999999999999654e-01
6.680000000000000382e-01
6.722000000000000197e-01
7.499000000000000110e-01
7.572999999999999732e-01
7.531999999999999806e-01
8.179999999999999494e-01
8.250999999999999446e-01
8.558000000000000052e-01
8.588000000000000078e-01
8.740999999999999881e-01
9.018000000000000460e-01
8.729000000000000092e-01
9.197999999999999510e-01
9.072000000000000064e-01
9.303000000000000158e-01
9.240000000000000435e-01
9.292000000000000259e-01
9.234999999999999876e-01
9.040000000000000258e-01
9.201000000000000290e-01
9.072999999999999954e-01
9.203000000000000069e-01
9.094999999999999751e-01
9.086999999999999522e-01
8.747000000000000330e-01
9.090000000000000302e-01
9.041000000000000147e-01
8.652999999999999581e-01
9.285999999999999810e-01
9.274999999999999911e-01
9.056999999999999496e-01
9.122999999999999998e-01
9.203000000000000069e-01
9.211000000000000298e-01
9.116999999999999549e-01
9.105999999999999650e-01
8.394000000000000350e-01
9.171000000000000263e-01
8.780000000000000027e-01
9.202000000000000179e-01
9.325999999999999845e-01
9.275999999999999801e-01
9.239000000000000545e-01
9.163999999999999924e-01
9.212000000000000188e-01
9.425000000000000044e-01
9.268999999999999462e-01
9.267999999999999572e-01
9.433000000000000274e-01
9.413000000000000256e-01
9.414000000000000146e-01
9.433000000000000274e-01
9.342000000000000304e-01
9.227999999999999536e-01
9.292000000000000259e-01
9.286999999999999700e-01
9.196999999999999620e-01
9.338999999999999524e-01
9.134999999999999787e-01
9.280000000000000471e-01
9.427999999999999714e-01
8.934999999999999609e-01
9.290000000000000480e-01
9.303000000000000158e-01
9.403000000000000247e-01
9.307999999999999607e-01
9.252000000000000224e-01
9.340000000000000524e-01
9.506999999999999895e-01
9.282000000000000250e-01
9.378999999999999559e-01
9.074999999999999734e-01
9.347999999999999643e-01
9.081000000000000183e-01
8.925999999999999490e-01
9.293000000000000149e-01
9.153000000000000025e-01
9.125999999999999668e-01
9.163999999999999924e-01
9.358999999999999542e-01
9.360000000000000542e-01
9.207999999999999519e-01
9.340000000000000524e-01
9.405999999999999917e-01
9.205999999999999739e-01
9.407999999999999696e-01
9.377999999999999670e-01
9.394000000000000128e-01
9.388999999999999568e-01
9.358999999999999542e-01
9.341000000000000414e-01
9.416999999999999815e-01
9.436999999999999833e-01
9.389999999999999458e-01
9.314000000000000057e-01
9.342000000000000304e-01
9.374000000000000110e-01
