2.299087030410766452e+00
5.426409314155579144e-01
1.607963709831237709e-01
1.050876226305961642e-01
7.212725396156310920e-02
5.601095796227455181e-02
4.533312096595764479e-02
3.925177532434463712e-02
3.529927096366882594e-02
3.502143695354461433e-02
2.874324116110801852e-02
2.976981996893882793e-02
2.675249562263488923e-02
2.337648055255412902e-02
2.453209957778453715e-02
2.260410156548023353e-02
2.133675501644611422e-02
2.137145307362079555e-02
2.174777171611785853e-02
1.801265891790389956e-02
2.170948777496814822e-02
1.932462139725685257e-02
1.903407606780528963e-02
1.872826872169971318e-02
1.884003373682498900e-02
1.965758536756038663e-02
1.840212855041026968e-02
1.804179064631462187e-02
1.705418996214866714e-02
1.720437843203544495e-02
1.938965553343295969e-02
1.695867969989776555e-02
2.047052900195121816e-02
1.783953571915626590e-02
1.572368715107441001e-02
1.587334090769291009e-02
1.846563511788845008e-02
1.633921447992324819e-02
1.598549272716045383e-02
1.579966731965542007e-02
1.677694213092327177e-02
1.651078986823558900e-02
1.721468977332115194e-02
1.635414548814296751e-02
1.675688622295856342e-02
1.748614203631877750e-02
1.820770757496356987e-02
1.539816600978374458e-02
1.696947656571864971e-02
1.572552658915519694e-02
1.644916579127311818e-02
1.553881897181272516e-02
1.600662522017955863e-02
1.585081266164779790e-02
1.659558679461479308e-02
1.579423899352550356e-02
1.552898125648498502e-02
1.440641224384307806e-02
1.585839025378227296e-02
1.451771908402442988e-02
1.579723537862300770e-02
1.608011460304260148e-02
1.774766146540641618e-02
1.713602412045002119e-02
1.591862069666385646e-02
1.572694835364818466e-02
1.586954449415206927e-02
1.656708245277404776e-02
1.737026524543762093e-02
1.701101743876934011e-02
1.608165850639343281e-02
1.704343353211879714e-02
1.732573241591453539e-02
1.540462531745433877e-02
1.637078021466732008e-02
1.582307462096214229e-02
1.558804444223642338e-02
1.524749948084354323e-02
1.595814724862575432e-02
1.572414893209934245e-02
1.642799597084522098e-02
1.678015604317188367e-02
1.536717630028724621e-02
1.611982879489660264e-02
1.530732643008232176e-02
1.561443427056074217e-02
1.688747719824314208e-02
1.552447572052478852e-02
1.726225732564926063e-02
1.533216361701488471e-02
1.742624357044696842e-02
1.628852837085723732e-02
1.683165429383516251e-02
1.760585790574550544e-02
1.698162738382816284e-02
1.615398001670837261e-02
1.723817056715488266e-02
1.690452429652214081e-02
1.732040088176727347e-02
1.660665552467107883e-02
