2.293420542526245054e+00
1.107907748413085924e+00
1.000037436771392896e+00
9.314179003715514771e-01
9.885537212371826588e-01
8.200512223243713317e-01
7.386243388175964819e-01
7.147112413406372378e-01
6.287366680145263231e-01
5.439875506401061767e-01
5.662423453330993617e-01
6.695973288536072321e-01
5.299117752075195309e-01
4.679501377105713122e-01
5.749563220977783606e-01
5.115901645660400066e-01
4.895839004516601700e-01
4.898834790229797398e-01
4.900858504295348972e-01
7.281874320983886539e-01
4.453507347106933634e-01
4.778729228973388476e-01
4.892097676277160634e-01
4.226748015403747338e-01
3.828605107784271433e-01
3.152655565738677890e-01
3.433942706108093490e-01
4.295682579040527305e-01
5.751585154533386257e-01
4.653179860115051469e-01
4.199119143962860012e-01
3.757568538188934548e-01
4.194683521747589183e-01
4.853080081462859963e-01
4.756195636749267486e-01
4.070499182701111107e-01
3.955626001358032440e-01
4.040959403514862158e-01
3.542676340103149690e-01
3.529352746486663639e-01
4.401464855670929044e-01
3.674589283466339062e-01
3.650192671775817632e-01
3.581493189334869487e-01
3.668306008815765407e-01
3.569058354377746545e-01
4.613982475757598678e-01
4.154848058223724605e-01
3.926390736103058110e-01
4.631481746673584143e-01
4.697822567939758387e-01
4.112033334255218442e-01
4.675198344230651615e-01
4.817807000160217457e-01
4.847581704139709569e-01
4.590823549270630077e-01
4.524434406280517518e-01
4.439019068717956484e-01
4.735188725471496385e-01
4.664319966316223254e-01
4.410208456993103265e-01
4.364128062248229800e-01
4.191041936397552625e-01
4.237185830593109270e-01
4.500766696929931476e-01
3.942541737079620634e-01
4.417822060108184679e-01
4.254220066070556472e-01
4.237775781154632382e-01
5.146196670532227069e-01
4.616304696083068926e-01
4.804577045440673877e-01
4.083899559497833343e-01
5.357787212371826202e-01
5.875061300277709675e-01
9.192100090026855685e-01
1.201520606422424420e+00
7.659484579086304201e-01
4.578224113464355316e-01
3.754982516765594247e-01
3.780056507587432613e-01
4.136134205341339132e-01
3.741999947547912653e-01
3.400495934486389427e-01
3.398834408760070813e-01
3.007788866996765065e-01
4.397659128189086997e-01
3.309590465545654281e-01
4.205105463027953849e-01
3.464673071861267273e-01
5.478128376960754720e-01
4.753737482547760185e-01
4.165395447254180983e-01
4.112625816822051972e-01
3.516276345729827946e-01
3.591980524539947761e-01
3.933856530666351436e-01
3.602282819271087622e-01
3.608333699703216713e-01
3.617442478656768823e-01
