9.829999999999999849e-02
8.252000000000000446e-01
8.787000000000000366e-01
9.321000000000000396e-01
9.563000000000000389e-01
9.666000000000000147e-01
9.745000000000000329e-01
9.698999999999999844e-01
9.760999999999999677e-01
9.727000000000000091e-01
9.781999999999999584e-01
9.769999999999999796e-01
9.711999999999999522e-01
9.785000000000000364e-01
9.778000000000000025e-01
9.794000000000000483e-01
9.787000000000000144e-01
9.772999999999999465e-01
9.800999999999999712e-01
9.806000000000000272e-01
9.728999999999999870e-01
9.801999999999999602e-01
9.827000000000000179e-01
9.778999999999999915e-01
9.785000000000000364e-01
9.768999999999999906e-01
9.795000000000000373e-01
9.809999999999999831e-01
9.789999999999999813e-01
9.758000000000000007e-01
9.794000000000000483e-01
9.784000000000000474e-01
9.807000000000000162e-01
9.816000000000000281e-01
9.812999999999999501e-01
9.825000000000000400e-01
9.827000000000000179e-01
9.832999999999999519e-01
9.827000000000000179e-01
9.810999999999999721e-01
9.818999999999999950e-01
9.795000000000000373e-01
9.801999999999999602e-01
9.748999999999999888e-01
9.818999999999999950e-01
9.817000000000000171e-01
9.838999999999999968e-01
9.848999999999999977e-01
9.858000000000000096e-01
9.845000000000000417e-01
9.848999999999999977e-01
9.851999999999999647e-01
9.824000000000000510e-01
9.808999999999999941e-01
9.789999999999999813e-01
9.811999999999999611e-01
9.569999999999999618e-01
9.825000000000000400e-01
9.810999999999999721e-01
9.769999999999999796e-01
9.771999999999999575e-01
9.810999999999999721e-01
9.782999999999999474e-01
9.798999999999999932e-01
9.836000000000000298e-01
9.820999999999999730e-01
9.842999999999999527e-01
9.842999999999999527e-01
9.798000000000000043e-01
9.842999999999999527e-01
9.840999999999999748e-01
9.846000000000000307e-01
9.829999999999999849e-01
9.829999999999999849e-01
9.822999999999999510e-01
9.835000000000000409e-01
9.851999999999999647e-01
9.854000000000000536e-01
9.858000000000000096e-01
9.846000000000000307e-01
9.848999999999999977e-01
9.811999999999999611e-01
9.810999999999999721e-01
9.715000000000000302e-01
9.737999999999999989e-01
9.744000000000000439e-01
9.625000000000000222e-01
9.811999999999999611e-01
9.697999999999999954e-01
9.759999999999999787e-01
9.798999999999999932e-01
9.819999999999999840e-01
9.817000000000000171e-01
9.821999999999999620e-01
9.825000000000000400e-01
9.806000000000000272e-01
9.822999999999999510e-01
9.831999999999999629e-01
9.837000000000000188e-01
9.837000000000000188e-01
