2.311045461654662958e+00
6.400941749572753858e-01
2.958473340511322269e-01
1.773833416938781771e-01
1.349368437290191514e-01
9.582706120014190809e-02
1.109810758709907502e-01
7.032717950344086200e-02
9.166281502246856339e-02
7.640558198094367370e-02
9.341656057834625548e-02
8.335377410650253449e-02
7.348871757388114601e-02
7.921260354518890046e-02
6.682236691117286742e-02
6.554986425638198444e-02
7.931231910586357403e-02
7.664328328967094650e-02
5.962420060634612828e-02
1.520362062096595746e-01
7.933814765810966174e-02
6.604678617119788542e-02
7.737780489921569638e-02
8.311515297889709997e-02
1.061291155457496638e-01
7.525248019695282564e-02
9.303059647083282424e-02
8.449466325044631410e-02
8.607711924314498386e-02
8.662751400470733443e-02
6.904002431035041742e-02
7.138925700187682966e-02
7.026528092026711192e-02
6.849396572113036763e-02
6.380908823013305142e-02
6.752709122896194405e-02
6.379754753708839765e-02
5.641469018459319834e-02
6.925335866808891849e-02
7.376642730236053491e-02
6.687851886153220460e-02
9.194607319831847592e-02
9.504449828863144323e-02
8.048244091272353795e-02
1.194648160219192456e-01
9.059508959650992843e-02
8.693718194961547185e-02
9.500098893642425213e-02
9.918280600309371808e-02
1.181390696167945870e-01
6.794087664484978195e-02
6.919912307262421347e-02
1.064646887183189339e-01
8.069291814565658638e-02
6.575912148356437281e-02
7.516955538988114027e-02
6.962606092095374732e-02
6.676071850657462614e-02
6.240544633865356683e-02
7.487222447395325275e-02
7.567593113780021752e-02
7.573450046777725764e-02
8.383789647221565056e-02
7.054677357673644345e-02
7.514962675571441875e-02
7.705614374876022798e-02
7.774286975860596194e-02
6.714224052429199063e-02
8.120131868720054102e-02
7.723914654254913914e-02
1.078022330164909309e-01
7.296266361474991469e-02
7.463073299527167581e-02
1.059285264015197708e-01
1.106831249356269864e-01
9.146637682318686791e-02
1.017091489315032904e-01
7.687556664943695495e-02
9.449440476894378771e-02
1.216471841335296650e-01
7.212317726612091362e-02
8.666773026585579409e-02
1.453037578344344993e-01
1.035466856956481912e-01
9.732264472246170139e-02
8.141894569396972148e-02
7.762337769269943288e-02
8.617501641511916832e-02
8.166742223501205489e-02
1.040648301482200583e-01
9.473800324201583911e-02
9.950196986198425741e-02
7.093762251734733737e-02
8.026051595807075223e-02
7.822114613056183052e-02
7.638799681663513419e-02
7.169855150580406455e-02
7.383392871022224913e-02
6.797229864001273769e-02
7.810169800519943528e-02
