8.920000000000000151e-02
8.359999999999999654e-01
9.134999999999999787e-01
9.578999999999999737e-01
9.659999999999999698e-01
9.751999999999999558e-01
9.708999999999999853e-01
9.791999999999999593e-01
9.715000000000000302e-01
9.779999999999999805e-01
9.725000000000000311e-01
9.739999999999999769e-01
9.781999999999999584e-01
9.759999999999999787e-01
9.781999999999999584e-01
9.796000000000000263e-01
9.766000000000000236e-01
9.786000000000000254e-01
9.812999999999999501e-01
9.617999999999999883e-01
9.772999999999999465e-01
9.798000000000000043e-01
9.757000000000000117e-01
9.750999999999999668e-01
9.697999999999999954e-01
9.776000000000000245e-01
9.733000000000000540e-01
9.739999999999999769e-01
9.757000000000000117e-01
9.758000000000000007e-01
9.805000000000000382e-01
9.814000000000000501e-01
9.801999999999999602e-01
9.806000000000000272e-01
9.819999999999999840e-01
9.816000000000000281e-01
9.821999999999999620e-01
9.835000000000000409e-01
9.814000000000000501e-01
9.804000000000000492e-01
9.818000000000000060e-01
9.772999999999999465e-01
9.741999999999999549e-01
9.775000000000000355e-01
9.670999999999999597e-01
9.754000000000000448e-01
9.758999999999999897e-01
9.749999999999999778e-01
9.711999999999999522e-01
9.677000000000000046e-01
9.810999999999999721e-01
9.802999999999999492e-01
9.708999999999999853e-01
9.786000000000000254e-01
9.818000000000000060e-01
9.799999999999999822e-01
9.817000000000000171e-01
9.826000000000000290e-01
9.828999999999999959e-01
9.794000000000000483e-01
9.808000000000000052e-01
9.806000000000000272e-01
9.778000000000000025e-01
9.811999999999999611e-01
9.798000000000000043e-01
9.804000000000000492e-01
9.801999999999999602e-01
9.812999999999999501e-01
9.785000000000000364e-01
9.801999999999999602e-01
9.721999999999999531e-01
9.810999999999999721e-01
9.798000000000000043e-01
9.747000000000000108e-01
9.700999999999999623e-01
9.758999999999999897e-01
9.754000000000000448e-01
9.789999999999999813e-01
9.767000000000000126e-01
9.705000000000000293e-01
9.817000000000000171e-01
9.785000000000000364e-01
9.669999999999999707e-01
9.734000000000000430e-01
9.756000000000000227e-01
9.782999999999999474e-01
9.799999999999999822e-01
9.776000000000000245e-01
9.791999999999999593e-01
9.756000000000000227e-01
9.778000000000000025e-01
9.766000000000000236e-01
9.818999999999999950e-01
9.792999999999999483e-01
9.806000000000000272e-01
9.808000000000000052e-01
9.817000000000000171e-01
9.808000000000000052e-01
9.824000000000000510e-01
9.807000000000000162e-01
