2.292145544433593862e+00
1.044140954113006670e+00
1.298602468109130825e+00
9.297116758346557486e-01
1.043329354286193889e+00
9.873569211006164581e-01
9.528932304382323748e-01
8.550008854866028019e-01
8.407625264167785106e-01
7.990340814590454199e-01
7.724848641395568594e-01
8.348302810668944973e-01
8.666181942939757965e-01
7.328568597793578832e-01
8.282536092758179258e-01
8.370987008094787907e-01
7.696445364952086976e-01
7.865906966209411655e-01
7.040326106071471690e-01
7.848426009178162133e-01
7.779661603927612301e-01
7.750160758972167718e-01
8.012230414390564270e-01
7.335394450187683324e-01
7.802402095794678250e-01
7.626971077919005859e-01
7.726395501136780197e-01
7.727364749908447461e-01
8.003865009307861156e-01
7.638180980682373056e-01
7.508997082710265891e-01
7.572861773490905390e-01
7.340745103836059382e-01
6.640482887268066570e-01
7.323706522941589858e-01
7.271333114624023430e-01
9.831254316329955945e-01
7.553689953804015866e-01
7.106996258735657213e-01
9.123168585777282624e-01
8.431129746437072692e-01
7.124293395042419208e-01
8.485445852279662748e-01
6.468546774864196713e-01
6.636818855285644414e-01
6.739967887878417496e-01
7.051900613784789495e-01
7.475108233451843720e-01
7.276588793754578122e-01
6.969549668312072788e-01
6.384601074218749783e-01
6.207302847862243844e-01
6.084021377563476607e-01
6.135306093215942003e-01
6.155962263107299659e-01
6.259159382820129736e-01
6.624047918319702077e-01
6.751382242202759176e-01
7.546393134117126422e-01
7.055952924728393638e-01
6.538962936401366832e-01
6.344425122261047045e-01
6.642285936355590836e-01
6.594287856101990197e-01
6.685122668266296753e-01
6.527446585655212186e-01
6.989505066871642969e-01
7.148540972709656049e-01
6.404367234230041728e-01
6.543391008377075213e-01
6.699369241714477896e-01
6.696735976219176933e-01
6.841821732521057298e-01
8.365795493125915971e-01
9.087364950180053524e-01
6.201014597892761104e-01
6.036157310485840144e-01
6.285835151672363175e-01
6.666180440902710336e-01
6.479284492492676240e-01
7.155535413742065698e-01
6.668825729370116973e-01
6.836933272361754854e-01
6.104700693130493683e-01
5.807751000404357544e-01
6.449053596496582275e-01
6.610253705978393901e-01
6.763365775108337585e-01
6.643307138442993143e-01
6.629276598930359254e-01
6.547024149894714595e-01
6.478231194496154588e-01
6.500261251449584998e-01
6.094965616226196703e-01
7.227664963722228997e-01
1.699453707885742126e+00
8.776550106048583988e-01
8.176676311492919735e-01
9.067362867355346356e-01
7.817462514877319135e-01
