1.135000000000000037e-01
6.844999999999999973e-01
7.186000000000000165e-01
7.800000000000000266e-01
7.691000000000000059e-01
7.771000000000000130e-01
7.699000000000000288e-01
7.877999999999999448e-01
7.825999999999999623e-01
7.852000000000000091e-01
7.873999999999999888e-01
7.830000000000000293e-01
7.829000000000000403e-01
7.892000000000000126e-01
7.851000000000000201e-01
7.823999999999999844e-01
7.872000000000000108e-01
7.812999999999999945e-01
7.977999999999999536e-01
7.963999999999999968e-01
8.016999999999999682e-01
8.027999999999999581e-01
7.975999999999999757e-01
8.042000000000000259e-01
8.016999999999999682e-01
8.013000000000000123e-01
8.031000000000000361e-01
8.093000000000000194e-01
8.061000000000000387e-01
8.104999999999999982e-01
8.175999999999999934e-01
8.185999999999999943e-01
8.189999999999999503e-01
8.244000000000000217e-01
8.127999999999999670e-01
8.106999999999999762e-01
7.856999999999999540e-01
7.984999999999999876e-01
8.185000000000000053e-01
7.957999999999999519e-01
7.963999999999999968e-01
8.110000000000000542e-01
7.944999999999999840e-01
8.238999999999999657e-01
8.215999999999999970e-01
8.219999999999999529e-01
8.152000000000000357e-01
8.156999999999999806e-01
8.179999999999999494e-01
8.246999999999999886e-01
8.308999999999999719e-01
8.320999999999999508e-01
8.372000000000000552e-01
8.401999999999999469e-01
8.387000000000000011e-01
8.373000000000000442e-01
8.370999999999999552e-01
8.359999999999999654e-01
8.280999999999999472e-01
8.309999999999999609e-01
8.385000000000000231e-01
8.443000000000000504e-01
8.413000000000000478e-01
8.385000000000000231e-01
8.399999999999999689e-01
8.459999999999999742e-01
8.445000000000000284e-01
8.410999999999999588e-01
8.534000000000000474e-01
8.538000000000000034e-01
8.496000000000000218e-01
8.491999999999999549e-01
8.438999999999999835e-01
8.223000000000000309e-01
8.189999999999999503e-01
8.596000000000000307e-01
8.617000000000000215e-01
8.579999999999999849e-01
8.560999999999999721e-01
8.568999999999999950e-01
8.500999999999999668e-01
8.571999999999999620e-01
8.555000000000000382e-01
8.653999999999999471e-01
8.703999999999999515e-01
8.635000000000000453e-01
8.588999999999999968e-01
8.580999999999999739e-01
8.594000000000000528e-01
8.604000000000000536e-01
8.610999999999999766e-01
8.645000000000000462e-01
8.632999999999999563e-01
8.670999999999999819e-01
8.430999999999999606e-01
7.844999999999999751e-01
7.952000000000000179e-01
8.042000000000000259e-01
8.033000000000000140e-01
8.167999999999999705e-01
