2.292539576721191352e+00
9.970828636169433157e-01
8.685338183403015222e-01
6.260787590980529949e-01
6.697973393440246337e-01
6.354874627113342722e-01
6.801919536590576021e-01
6.775461055755614970e-01
5.993209446907042937e-01
8.307942366600036266e-01
6.146636969566344755e-01
6.584991991043090964e-01
5.799832506179809499e-01
6.456113015174865799e-01
8.174327521324157297e-01
6.934742911338805937e-01
7.363390583038330606e-01
7.815790714263916028e-01
8.275876599311828841e-01
6.869349848747253739e-01
8.527305015563965140e-01
8.355214180946349822e-01
8.750154996871948310e-01
7.412230336189270519e-01
6.086526600837707246e-01
7.179686271667480302e-01
7.283078505516051848e-01
7.421380294799804211e-01
8.289259909629821399e-01
7.692375600814819192e-01
8.192871254920959245e-01
6.354101327896117812e-01
6.941308961868286609e-01
7.465243335723876772e-01
7.455737405776977633e-01
7.481072915077209284e-01
6.740548998832702754e-01
6.660252969741821127e-01
7.802519772529602493e-01
6.431730338096618427e-01
9.655550817489624293e-01
1.027525734710693417e+00
7.707021950721740788e-01
9.015666186332702559e-01
8.334157124519347981e-01
1.139311376953124899e+00
9.287397016525268389e-01
7.892087512016295880e-01
8.557398792266845966e-01
8.705772454261779814e-01
8.741760701179503990e-01
8.097436224937438753e-01
8.342978216171265116e-01
8.742803503036499224e-01
8.871317476272583269e-01
9.165860486984253042e-01
9.369756183624267099e-01
1.007180618095397939e+00
1.011367902374267658e+00
1.043258071517944252e+00
8.990144817352294648e-01
7.541693039894104000e-01
7.908179627418517876e-01
9.078063182830810041e-01
8.626753702163696413e-01
9.585767700195312324e-01
8.278819132804871028e-01
9.185919054031371767e-01
8.021154548645019755e-01
7.309944582939147395e-01
7.973110958099365320e-01
8.727632921218871909e-01
8.616036756515502715e-01
9.321185512542724538e-01
9.050661350250244208e-01
8.753483899116516476e-01
8.886992194175720172e-01
9.002554420471191587e-01
9.082244432449341209e-01
9.084694854736328207e-01
9.084013118743896609e-01
8.801222695350646719e-01
8.572063060760497510e-01
8.917701165199279911e-01
9.076282085418700962e-01
8.996410112380981428e-01
9.163186864852905789e-01
9.160579381942749455e-01
9.098914045333862388e-01
9.145718177795409964e-01
9.177477497100829940e-01
9.206434907913207955e-01
9.002452718734741399e-01
8.817616636276245368e-01
9.798687875747680298e-01
9.016579696655273590e-01
8.775056896209716406e-01
8.910702745437621974e-01
9.014924776077271051e-01
8.897341970443725101e-01
