4.845137837219238186e+00
2.477553053665161098e+00
2.121462332916259630e+00
1.885844339561462357e+00
1.763079116630554166e+00
1.684256222534179726e+00
1.655976741218566861e+00
1.605689200210571377e+00
1.577382820129394458e+00
1.506657641983032203e+00
1.479498789787292434e+00
1.544902709007263120e+00
1.409815127372741728e+00
1.340186196136474717e+00
1.356042643547058058e+00
1.312059734344482420e+00
1.248894000244140656e+00
1.335534077835083044e+00
1.085504939651489309e+00
1.041336394119262598e+00
9.775964170455933022e-01
1.121343469047546337e+00
9.348626552581786875e-01
9.379121898651122669e-01
8.207021673202514744e-01
7.925709744453429684e-01
7.682868191719055551e-01
7.621801530838012706e-01
7.728684867858887086e-01
7.352982161521911530e-01
8.170287995338439968e-01
7.803017539024352800e-01
8.237501231193542495e-01
8.191966642379761021e-01
8.297112581253052177e-01
8.209924159049988290e-01
8.166407078742980996e-01
8.237658278465270767e-01
8.250321215629577987e-01
8.402373079299926273e-01
8.635770449638366930e-01
8.797328365325928212e-01
9.246952131271362063e-01
9.319377840042114558e-01
9.330772588729858708e-01
1.015408193206787102e+00
9.626028717994690176e-01
9.167833827972412530e-01
8.943796720504760822e-01
9.392141736984253031e-01
9.018027186393737793e-01
9.067989803314209230e-01
9.339457878112793487e-01
9.548371366500854052e-01
9.736012643814087042e-01
9.779297067642211960e-01
9.914793676376342235e-01
1.003021994209289502e+00
1.014788410568237209e+00
1.037732868576049849e+00
1.043831992340087833e+00
1.060044161033630417e+00
1.069155726814269958e+00
1.079951288414001453e+00
1.116215456008911033e+00
1.099014816093444757e+00
9.822853933334350085e-01
1.062065777969360303e+00
1.001114313697814895e+00
9.923505020141601962e-01
9.407613492965698487e-01
9.716731561660766348e-01
9.399761398315429339e-01
9.189531402587890474e-01
9.238631195068359725e-01
1.078617462158203200e+00
9.461614315986632828e-01
9.562419469833374208e-01
9.814029232025146543e-01
9.789215300559998001e-01
9.803024076461791525e-01
1.005772844314575254e+00
1.023221276283264203e+00
1.038160844802856531e+00
1.056218093109130951e+00
1.065622540855407641e+00
1.088364804077148529e+00
1.069439897155761710e+00
1.090394789123535046e+00
1.166469888305664115e+00
1.008880186080932662e+00
1.033573701286315982e+00
1.026217917251586842e+00
1.092441331672668436e+00
1.037570224761962923e+00
1.008343143653869678e+00
9.478854488372803200e-01
9.417020866394042455e-01
9.376384428024292506e-01
9.655907140731812000e-01
