1.011999999999999983e-01
1.663000000000000034e-01
2.109000000000000041e-01
2.227999999999999980e-01
2.227000000000000091e-01
2.509000000000000119e-01
2.126000000000000112e-01
2.454999999999999960e-01
2.316999999999999893e-01
2.457999999999999907e-01
2.536999999999999811e-01
2.543000000000000260e-01
2.892000000000000126e-01
2.752999999999999892e-01
2.847000000000000086e-01
2.750000000000000222e-01
3.035999999999999810e-01
2.736999999999999988e-01
3.009000000000000008e-01
3.108000000000000207e-01
3.178000000000000269e-01
3.331000000000000072e-01
3.257999999999999785e-01
3.328999999999999737e-01
3.365000000000000213e-01
3.254000000000000226e-01
3.537000000000000144e-01
3.357999999999999874e-01
3.098000000000000198e-01
3.311999999999999944e-01
3.543000000000000038e-01
3.498999999999999888e-01
3.549999999999999822e-01
3.099999999999999978e-01
3.306999999999999940e-01
3.457999999999999963e-01
3.482000000000000095e-01
3.594999999999999862e-01
3.002000000000000224e-01
3.533999999999999919e-01
3.336000000000000076e-01
3.337999999999999856e-01
3.371999999999999997e-01
3.523999999999999910e-01
3.412000000000000033e-01
3.486000000000000210e-01
3.618999999999999995e-01
3.522000000000000131e-01
3.482000000000000095e-01
3.466000000000000192e-01
3.483999999999999875e-01
3.508999999999999897e-01
3.508999999999999897e-01
3.483999999999999875e-01
3.513000000000000012e-01
3.503999999999999893e-01
3.492000000000000104e-01
3.497999999999999998e-01
3.506000000000000227e-01
3.491000000000000214e-01
3.498999999999999888e-01
3.457000000000000073e-01
3.467000000000000082e-01
3.477000000000000091e-01
3.472999999999999976e-01
3.484999999999999765e-01
3.503999999999999893e-01
3.462000000000000077e-01
3.482000000000000095e-01
3.482000000000000095e-01
3.513999999999999901e-01
3.498999999999999888e-01
3.467999999999999972e-01
3.503999999999999893e-01
3.517000000000000126e-01
3.492000000000000104e-01
3.491000000000000214e-01
3.501000000000000223e-01
3.488999999999999879e-01
3.497999999999999998e-01
3.492999999999999994e-01
3.491000000000000214e-01
3.511000000000000232e-01
3.508000000000000007e-01
3.508999999999999897e-01
3.481000000000000205e-01
3.476000000000000201e-01
3.496000000000000218e-01
3.519999999999999796e-01
3.499999999999999778e-01
3.496000000000000218e-01
3.483999999999999875e-01
3.491000000000000214e-01
3.513999999999999901e-01
3.493999999999999884e-01
3.494999999999999774e-01
3.508000000000000007e-01
3.492999999999999994e-01
3.472000000000000086e-01
3.511000000000000232e-01
