1.502999999999999892e-01
1.792999999999999872e-01
1.978000000000000036e-01
1.897999999999999965e-01
2.381000000000000061e-01
2.406000000000000083e-01
2.641999999999999904e-01
2.421000000000000096e-01
2.624000000000000221e-01
2.707999999999999852e-01
2.832999999999999963e-01
2.916000000000000258e-01
2.958999999999999964e-01
3.309000000000000274e-01
2.884999999999999787e-01
3.492999999999999994e-01
3.187999999999999723e-01
2.827999999999999958e-01
3.870999999999999996e-01
3.614999999999999880e-01
3.769000000000000128e-01
3.272999999999999798e-01
3.889000000000000234e-01
3.526000000000000245e-01
3.857999999999999763e-01
3.670999999999999819e-01
4.138999999999999901e-01
3.906999999999999917e-01
4.003999999999999782e-01
3.690999999999999837e-01
3.859000000000000208e-01
3.529999999999999805e-01
3.896999999999999909e-01
4.190999999999999726e-01
3.800999999999999934e-01
4.147000000000000131e-01
4.109999999999999765e-01
4.148000000000000020e-01
3.849000000000000199e-01
3.894000000000000239e-01
3.938999999999999724e-01
3.521000000000000241e-01
4.026000000000000134e-01
3.940000000000000169e-01
4.131000000000000227e-01
4.032000000000000028e-01
4.182000000000000162e-01
4.218000000000000083e-01
4.215999999999999748e-01
4.225999999999999757e-01
4.248000000000000109e-01
4.235999999999999766e-01
4.233000000000000096e-01
4.239999999999999880e-01
4.243000000000000105e-01
4.259000000000000008e-01
4.248999999999999999e-01
4.238999999999999990e-01
4.244999999999999885e-01
4.245999999999999774e-01
4.228999999999999981e-01
4.237000000000000210e-01
4.223000000000000087e-01
4.235999999999999766e-01
4.248000000000000109e-01
4.238999999999999990e-01
4.238999999999999990e-01
4.250999999999999779e-01
4.248000000000000109e-01
4.223000000000000087e-01
4.238999999999999990e-01
4.228999999999999981e-01
4.243000000000000105e-01
4.244999999999999885e-01
4.239999999999999880e-01
4.240999999999999770e-01
4.232000000000000206e-01
4.243000000000000105e-01
4.223000000000000087e-01
4.249999999999999889e-01
4.238999999999999990e-01
4.238999999999999990e-01
4.220999999999999752e-01
4.229999999999999871e-01
4.244999999999999885e-01
4.248999999999999999e-01
4.239999999999999880e-01
4.248999999999999999e-01
4.239999999999999880e-01
4.243000000000000105e-01
4.239999999999999880e-01
4.230999999999999761e-01
4.232000000000000206e-01
4.254000000000000004e-01
4.238999999999999990e-01
4.215999999999999748e-01
4.239999999999999880e-01
4.254000000000000004e-01
4.228000000000000091e-01
4.219999999999999862e-01
