4.845137542724609503e+00
2.477553022766113333e+00
2.121462149810791065e+00
1.885844409942627031e+00
1.763079123115539604e+00
1.684256305122375563e+00
1.655977013015747179e+00
1.605689175796508827e+00
1.577382811164856014e+00
1.506657635879516510e+00
1.479498774719238297e+00
1.544907658576965437e+00
1.409815145301818839e+00
1.340186214447021573e+00
1.356042618751525985e+00
1.312059520721435613e+00
1.248893661689758350e+00
1.335534138870239307e+00
1.085505909729003848e+00
1.041336045837402358e+00
9.775967475891113034e-01
1.121342695999145489e+00
9.348622756958008262e-01
9.379123153686523828e-01
8.207024491310119796e-01
7.925710814476013555e-01
7.682868507385254286e-01
7.621802970886230044e-01
7.728685410499572805e-01
7.352988238334655646e-01
8.170286659240723059e-01
7.803017248153686358e-01
8.237495659828185657e-01
8.191945501327514423e-01
8.297295627593994638e-01
8.209927129745483443e-01
8.166408422470092798e-01
8.237661744117736884e-01
8.250316696166992703e-01
8.402369431495666507e-01
8.635888840675354228e-01
8.797307895660400057e-01
9.246951951980590945e-01
9.319379492759705119e-01
9.330781044006347669e-01
1.015408134651184069e+00
9.626026060104370119e-01
9.167835678100585417e-01
8.943797492027282248e-01
9.392147632598877305e-01
9.018023560523986681e-01
9.067990603446960396e-01
9.339455652236938743e-01
9.548410339355468679e-01
9.736017593383788915e-01
9.779286632537841362e-01
9.914767387390136522e-01
1.003021836853027260e+00
1.014788367080688536e+00
1.037734968376159639e+00
1.043831390762329114e+00
1.060044359397888103e+00
1.069151408958435079e+00
1.079949189949035659e+00
1.116215493774413980e+00
1.099154595756530739e+00
9.822856441497802571e-01
1.062068083381652928e+00
1.001112969398498587e+00
9.923481775283813366e-01
9.407612118721008221e-01
9.717136383056640403e-01
9.399762332916259400e-01
9.189528926849365176e-01
9.238513360023498100e-01
1.078617333030700731e+00
9.461618442535399964e-01
9.562418037414550653e-01
9.814033813476562562e-01
9.789222445487976154e-01
9.803026441574096417e-01
1.005770242881774967e+00
1.023221265220642051e+00
1.038161206054687424e+00
1.056217976379394630e+00
1.065620253372192350e+00
1.088364385032653869e+00
1.069439967346191400e+00
1.090391994667053277e+00
1.166467598152160612e+00
1.008880051040649484e+00
1.033575957298278780e+00
1.026217845153808650e+00
1.092441211318969652e+00
1.037565098571777256e+00
1.008343589782714878e+00
9.478874679565429950e-01
9.417019731521606429e-01
9.376382087707519908e-01
9.655907262802123636e-01
