2.363593458007812558e+02
7.855294704437255859e+00
5.134922540283203496e+00
4.573425651550293125e+00
4.530625813293457149e+00
4.424241746520996443e+00
4.572713466644287017e+00
4.307805168914795146e+00
4.024805762481689086e+00
3.878135009384155119e+00
4.152360418701172229e+00
4.066731908035277954e+00
3.967645982360839874e+00
4.352559246826172235e+00
4.368320032501221029e+00
4.353742031097412202e+00
4.425465104675293304e+00
4.239356541442870885e+00
4.251168593597411949e+00
4.917801490783691776e+00
4.175628672409057884e+00
4.048914745712280272e+00
4.306563419342040788e+00
5.120235082244873226e+00
6.625920886993408310e+00
4.990329083251952902e+00
4.708410147857666317e+00
6.170337245178222574e+00
5.943671971893310868e+00
6.735453276824951097e+00
5.220724065399170222e+00
6.804788948059082188e+00
6.795308689117431911e+00
6.559432965087890643e+00
5.875970445251464724e+00
7.342218354797362956e+00
5.881350748443603393e+00
7.078698177337646058e+00
7.305947486114502176e+00
7.621306760406493908e+00
6.983918849945068175e+00
7.308208744812011659e+00
5.860486772155761415e+00
6.720147041320800874e+00
7.351209415435791428e+00
6.874868093109131273e+00
7.170074005126952699e+00
6.959721437072754036e+00
7.047011624145508080e+00
7.117653525543213178e+00
7.043856586456298530e+00
7.126115078735351993e+00
7.090582423400879186e+00
7.072559282684325765e+00
7.087972753906250034e+00
7.091997137451171440e+00
7.092988513946533402e+00
7.056460598754882518e+00
7.027134088134765477e+00
6.978694260406494543e+00
7.078190847778320638e+00
6.951770640563965209e+00
6.902545011138916387e+00
6.976596410369872991e+00
7.236236041259765273e+00
7.133585456085205223e+00
7.116413090515136375e+00
6.998361949920654190e+00
7.023331520843505871e+00
7.077555456542969026e+00
7.046993124389648422e+00
7.012745739746093498e+00
7.040178240203857740e+00
7.049260765838623044e+00
6.986592791748046594e+00
6.959534701538085955e+00
7.036722055816650112e+00
7.043361993408202792e+00
7.089480799865722993e+00
6.988629532623290785e+00
7.061589136505126874e+00
7.145834165954589423e+00
6.975739338684082469e+00
7.024023748779296916e+00
6.906834663391113516e+00
7.069520204162597743e+00
7.006020939636230516e+00
6.985416729736328101e+00
7.075782458496093774e+00
6.936455763244628869e+00
7.006268503570556305e+00
6.963819581604004050e+00
7.127567243957519949e+00
7.040010318756103835e+00
7.036632173919677768e+00
7.038980836486816273e+00
7.072657476043700875e+00
7.070275567626953084e+00
7.009744732666015388e+00
7.009157669830321957e+00
