1.039999999999999952e-01
1.633000000000000007e-01
1.761999999999999955e-01
1.970999999999999974e-01
1.973999999999999921e-01
1.894000000000000128e-01
2.001999999999999891e-01
1.850999999999999868e-01
1.879000000000000115e-01
2.129999999999999949e-01
2.152000000000000024e-01
2.293999999999999928e-01
2.291999999999999871e-01
2.291999999999999871e-01
2.104999999999999927e-01
2.016999999999999904e-01
2.258999999999999897e-01
2.187999999999999945e-01
2.361000000000000043e-01
2.177000000000000046e-01
2.565000000000000058e-01
2.497999999999999943e-01
2.401999999999999968e-01
2.414999999999999925e-01
2.589000000000000190e-01
2.459999999999999964e-01
2.596999999999999864e-01
2.802999999999999936e-01
2.697999999999999843e-01
3.023000000000000131e-01
2.849999999999999756e-01
2.802000000000000046e-01
2.636999999999999900e-01
3.215000000000000080e-01
2.999999999999999889e-01
2.787999999999999923e-01
2.968999999999999972e-01
3.066999999999999726e-01
2.839999999999999747e-01
2.948000000000000065e-01
2.755000000000000226e-01
2.918000000000000038e-01
2.832999999999999963e-01
2.919999999999999818e-01
2.988999999999999990e-01
2.797999999999999932e-01
3.133000000000000229e-01
3.019999999999999907e-01
2.903999999999999915e-01
3.178000000000000269e-01
3.109000000000000097e-01
3.130000000000000004e-01
3.119999999999999996e-01
3.134000000000000119e-01
3.145999999999999908e-01
3.134000000000000119e-01
3.143000000000000238e-01
3.118000000000000216e-01
3.089000000000000079e-01
3.106999999999999762e-01
3.118000000000000216e-01
3.090999999999999859e-01
3.089999999999999969e-01
3.129000000000000115e-01
3.086999999999999744e-01
3.139000000000000123e-01
3.078000000000000180e-01
3.074000000000000066e-01
3.073000000000000176e-01
3.116999999999999771e-01
3.083000000000000185e-01
3.110999999999999877e-01
3.088000000000000189e-01
3.090999999999999859e-01
3.104000000000000092e-01
3.110999999999999877e-01
3.119000000000000106e-01
3.128000000000000225e-01
3.126999999999999780e-01
3.111999999999999766e-01
3.119000000000000106e-01
3.114999999999999991e-01
3.106999999999999762e-01
3.104999999999999982e-01
3.108000000000000207e-01
3.120999999999999885e-01
3.105999999999999872e-01
3.105999999999999872e-01
3.113000000000000211e-01
3.106999999999999762e-01
3.099000000000000088e-01
3.111999999999999766e-01
3.114000000000000101e-01
3.120999999999999885e-01
3.095999999999999863e-01
3.104999999999999982e-01
3.115999999999999881e-01
3.100999999999999868e-01
3.109000000000000097e-01
3.115999999999999881e-01
