1.295124036865234416e+02
5.723834095764160246e+00
4.450430790710449003e+00
4.111490134429931942e+00
4.290204064178467114e+00
4.062557798767089778e+00
3.998537108230590942e+00
3.853221652984619272e+00
3.896961717224121102e+00
3.885009841156005894e+00
3.733652554702758586e+00
3.580170344161987206e+00
3.984411230850219532e+00
3.807314526748657446e+00
3.454489579772949348e+00
3.584665771102905296e+00
3.418703212356567267e+00
3.553445347595214798e+00
3.220390065383911260e+00
3.201450108718872034e+00
3.317721730422973803e+00
3.058705803298950254e+00
3.044963365173339653e+00
3.627547225952148402e+00
3.688386323547363066e+00
3.079740837478637694e+00
3.352570116043090742e+00
3.951422097396850575e+00
4.014975293731689376e+00
3.459424038696289117e+00
3.697439163208007695e+00
3.205620648574829090e+00
3.581420944976806631e+00
4.349777301025390841e+00
3.850280832290649435e+00
3.650828480911255003e+00
4.227457093048095693e+00
3.696297644805908167e+00
4.157170632934570342e+00
4.011678605651855634e+00
4.003501255416869853e+00
3.849925510406494222e+00
4.795200332641601726e+00
4.307901971435547317e+00
4.051842122650146649e+00
4.460302616119384389e+00
4.960675927734374824e+00
4.620331429290771119e+00
4.185424721527099656e+00
4.358226360321045156e+00
4.088966505432129139e+00
4.093561825561523371e+00
4.190199790191650564e+00
4.149582888793945656e+00
4.231885333251953263e+00
4.135444957733154681e+00
4.266856798553466668e+00
4.208323256683349278e+00
4.253925083160400078e+00
4.267329046630859324e+00
4.288615425872802867e+00
4.332539057159423557e+00
4.309202050781250293e+00
4.297261557006835986e+00
4.301712784576415594e+00
4.322264672851562572e+00
4.319520570373534873e+00
4.302814019775390797e+00
4.316825933837890261e+00
4.313429045867920308e+00
4.359879807281494379e+00
4.418030010223388260e+00
4.297917280578613664e+00
4.273228684997558702e+00
4.346470727539062828e+00
4.394793670654296491e+00
4.317589115905761332e+00
4.359681334686279719e+00
4.337535323333740145e+00
4.384422758483887073e+00
4.388018252563476551e+00
4.333410480499267692e+00
4.464245175933838183e+00
4.404184851074218976e+00
4.333427870178222285e+00
4.370979813385010182e+00
4.394504772186278885e+00
4.339198851013184033e+00
4.312021646881103898e+00
4.316648821258544544e+00
4.422661053466796943e+00
4.329036876678467038e+00
4.394472593688965034e+00
4.333456483459472430e+00
4.458714904022216707e+00
4.321606341552734598e+00
4.357696508789062229e+00
4.447255883026122625e+00
4.346605354309081903e+00
4.349966831970214720e+00
