1.656999999999999862e-01
1.779999999999999916e-01
1.865999999999999881e-01
2.011999999999999900e-01
1.955000000000000071e-01
2.240999999999999936e-01
2.257000000000000117e-01
2.482000000000000040e-01
2.586999999999999855e-01
2.748999999999999777e-01
2.911000000000000254e-01
2.641999999999999904e-01
2.998000000000000109e-01
3.017000000000000237e-01
3.066999999999999726e-01
3.148000000000000242e-01
3.221999999999999864e-01
3.492000000000000104e-01
3.034000000000000030e-01
3.378999999999999782e-01
3.541000000000000258e-01
3.554999999999999827e-01
3.291999999999999926e-01
3.776999999999999802e-01
3.301000000000000045e-01
3.869000000000000217e-01
3.796999999999999820e-01
3.526000000000000245e-01
3.448999999999999844e-01
3.609999999999999876e-01
4.062999999999999945e-01
3.694000000000000061e-01
3.825000000000000067e-01
3.573999999999999955e-01
3.723000000000000198e-01
3.592000000000000193e-01
3.904000000000000248e-01
3.840999999999999970e-01
3.849000000000000199e-01
3.975000000000000200e-01
3.941999999999999948e-01
3.940000000000000169e-01
4.109999999999999765e-01
3.815999999999999948e-01
4.021000000000000130e-01
3.932999999999999829e-01
4.172000000000000153e-01
4.076000000000000179e-01
3.972999999999999865e-01
4.134999999999999787e-01
4.218000000000000083e-01
4.214999999999999858e-01
4.205999999999999739e-01
4.177000000000000157e-01
4.157000000000000139e-01
4.162000000000000144e-01
4.146000000000000241e-01
4.172000000000000153e-01
4.122000000000000108e-01
4.146000000000000241e-01
4.173999999999999932e-01
4.153000000000000025e-01
4.157000000000000139e-01
4.137000000000000122e-01
4.143999999999999906e-01
4.157000000000000139e-01
4.153999999999999915e-01
4.156000000000000250e-01
4.178000000000000047e-01
4.178999999999999937e-01
4.184999999999999831e-01
4.161000000000000254e-01
4.156000000000000250e-01
4.152000000000000135e-01
4.167000000000000148e-01
4.188000000000000056e-01
4.141000000000000236e-01
4.139999999999999791e-01
4.179999999999999827e-01
4.161000000000000254e-01
4.148999999999999910e-01
4.178000000000000047e-01
4.132000000000000117e-01
4.158999999999999919e-01
4.153999999999999915e-01
4.157000000000000139e-01
4.166000000000000258e-01
4.148000000000000020e-01
4.153999999999999915e-01
4.132000000000000117e-01
4.157000000000000139e-01
4.153000000000000025e-01
4.158999999999999919e-01
4.137000000000000122e-01
4.153999999999999915e-01
4.183000000000000052e-01
4.153999999999999915e-01
4.163000000000000034e-01
4.174999999999999822e-01
4.144999999999999796e-01
