3.881069562377929572e+01
4.514266822052001693e+00
4.082854708862305060e+00
3.722730966567993072e+00
3.605942561340332198e+00
3.566173289871215957e+00
3.598450315856933646e+00
3.530978744888305876e+00
3.373865565109253062e+00
3.494340906524658230e+00
3.406919064331054514e+00
3.736549695205688693e+00
3.425989279556274525e+00
3.471111568069458198e+00
3.713335915756225791e+00
3.569507997512817443e+00
3.563092790603637816e+00
3.626765257263183440e+00
3.963347891998290962e+00
3.947700617218017793e+00
3.627604865264892453e+00
3.911154405212402541e+00
4.118739787292480692e+00
3.712955775070190256e+00
4.335586058044433422e+00
4.220042890930176149e+00
4.298313548278808405e+00
4.379161815643310973e+00
4.570982982635498182e+00
5.037895317077636825e+00
4.363031679534912222e+00
5.517556035614013865e+00
5.426813619232177643e+00
5.428839432525634834e+00
5.850470546722411846e+00
5.747997784423827916e+00
5.596256052398681291e+00
5.700587738037109276e+00
5.382901544189452991e+00
6.046094389343261710e+00
6.305984283447265248e+00
5.969485727691650645e+00
5.849283179473877325e+00
6.023170012664794903e+00
6.311335530853271258e+00
5.881411427307129181e+00
5.461032699584960959e+00
5.968921224975585638e+00
6.227966986083984580e+00
5.948477859497070419e+00
5.789497560119628794e+00
5.811366516876220523e+00
5.791425782775879050e+00
5.795962933349609436e+00
5.792820944213866952e+00
5.874700677490234391e+00
5.880447679138183226e+00
5.824984942626953099e+00
5.843604004669189500e+00
5.833125531005859621e+00
5.854807412719726933e+00
5.866913625335693716e+00
5.799763116455078027e+00
5.843047686004638308e+00
5.868047499084473095e+00
5.872937740325927969e+00
5.860281304168701411e+00
5.863146975708008135e+00
5.877628861999511400e+00
5.820039141845702702e+00
5.800370771789550517e+00
5.799842077636718329e+00
5.814759601593017635e+00
5.829418898010254146e+00
5.855841805267333555e+00
5.809851674652099618e+00
5.861561953735351160e+00
5.881836430358887036e+00
5.842597303009033460e+00
5.804208582305908415e+00
5.809501595306396204e+00
5.801157332611084350e+00
5.830770298767089521e+00
5.811879452514648214e+00
5.846412815093994020e+00
5.816920014953613105e+00
5.878980552673339410e+00
5.811368369293212766e+00
5.802330245208739967e+00
5.833122105407714919e+00
5.798014994812011658e+00
5.778674179077148310e+00
5.798615985107422155e+00
5.794933650207519271e+00
5.835381371307373222e+00
5.808381808471679619e+00
5.820002024841308241e+00
5.819311836242675895e+00
5.859120696258544925e+00
5.868630858612060130e+00
