4.845137983703613038e+00
2.477552943801879959e+00
2.121462283325195486e+00
1.885844257354736264e+00
1.763079080009460453e+00
1.684256206703186098e+00
1.655976811218261791e+00
1.605689126968383729e+00
1.577382737541198621e+00
1.506657605361938490e+00
1.479498759651184159e+00
1.544902641868591386e+00
1.409815182304382297e+00
1.340186074447631936e+00
1.356042656135559188e+00
1.312059413719177225e+00
1.248893639755249030e+00
1.335534163284301856e+00
1.085504975891113277e+00
1.041336278152465766e+00
9.775965309143066495e-01
1.121343093109130828e+00
9.348622608184814498e-01
9.379123184204101182e-01
8.207021405220031873e-01
7.925712557792663482e-01
7.682867238044738256e-01
7.621800886154175281e-01
7.728684788703918951e-01
7.352982458114624142e-01
8.170286957740783285e-01
7.803014034271240629e-01
8.237497677803039542e-01
8.191970635414123070e-01
8.297109863281250108e-01
8.209926626205444888e-01
8.166409986495971607e-01
8.237661170959472701e-01
8.250318539619445612e-01
8.402372585296631335e-01
8.635773181915282759e-01
8.797327641487121541e-01
9.246949457168579523e-01
9.319372106552124002e-01
9.330776613235474137e-01
1.015408126449584891e+00
9.626028295516967370e-01
9.167834377288818226e-01
8.943798804283141779e-01
9.392143081665038640e-01
9.018028020858764870e-01
9.067991266250610138e-01
9.339456514358520645e-01
9.548373558044433995e-01
9.736010858535766310e-01
9.779297630310058720e-01
9.914794090270996341e-01
1.003021957206726045e+00
1.014788395500183071e+00
1.037732994461059599e+00
1.043831718826293997e+00
1.060044503593444931e+00
1.069155998992920020e+00
1.079950911331176711e+00
1.116215505218505877e+00
1.099015036582946747e+00
9.822856706619262912e-01
1.062065147972106827e+00
1.001114170646667523e+00
9.923507740020751644e-01
9.407612151145935409e-01
9.716730468750000016e-01
9.399761480331421115e-01
9.189533204078674800e-01
9.238630730628967225e-01
1.078616903877258393e+00
9.461617975234984934e-01
9.562416782379150604e-01
9.814027025222777922e-01
9.789216346740722274e-01
9.803029119491577514e-01
1.005773031997680755e+00
1.023221329498291032e+00
1.038160818099975513e+00
1.056217597579956147e+00
1.065622472953796418e+00
1.088364331436157295e+00
1.069440113067626985e+00
1.090394809341430626e+00
1.166470028686523497e+00
1.008880034446716367e+00
1.033573279762268093e+00
1.026217325782775802e+00
1.092441979789733786e+00
1.037570018005371075e+00
1.008342964935302843e+00
9.478850391387939611e-01
9.417020610809325731e-01
9.376385780334473008e-01
9.655911045074463406e-01
