7.361846416015625039e+01
8.428329038238524973e+00
4.773867318725585562e+00
4.414268410110473440e+00
4.212404823684692268e+00
4.044765864181518289e+00
4.178965645217895819e+00
4.111591043090820463e+00
4.315485888671875436e+00
3.883518750762939398e+00
4.156030886077880737e+00
4.598092945861816716e+00
4.063588356781005828e+00
4.086803261566162249e+00
4.123504798889159773e+00
4.690640330505370770e+00
4.023807239913940847e+00
4.204432678604126394e+00
4.419827227783202694e+00
4.145226791763305663e+00
4.651002516937255749e+00
4.150815475463867088e+00
3.935471664428710881e+00
4.613654463958740237e+00
4.737144988250732602e+00
5.732411548614502195e+00
4.155755529022217232e+00
4.661909176635742114e+00
5.295988365173339929e+00
4.493990805816650003e+00
5.327022580718994149e+00
5.277007386016845381e+00
6.973369425964355273e+00
6.724991867065429396e+00
6.051095330047607135e+00
5.736484057617187382e+00
6.669076159667969073e+00
6.278891929626464474e+00
6.225187362670898672e+00
7.476034600067138491e+00
6.684924530029296541e+00
6.740950353240966919e+00
7.362425697326660412e+00
7.138551394653320337e+00
6.733728237915038939e+00
6.841509674835204891e+00
7.378968759918213216e+00
6.740241399383545051e+00
6.947788735961913709e+00
7.210815920257568123e+00
7.188243308258056352e+00
7.295444006347656440e+00
7.405879338073730445e+00
7.357617655944824087e+00
7.360589931488036974e+00
7.224772713470459351e+00
7.310713304901122811e+00
7.404671669006347656e+00
7.398494547271728727e+00
7.416793125152588040e+00
7.506071048736572493e+00
7.554025115966797266e+00
7.481579975128173743e+00
7.548647361755371321e+00
7.465640454864502118e+00
7.525568031311035355e+00
7.535887471008300587e+00
7.543888038635254034e+00
7.527994658660889016e+00
7.748709770965576560e+00
7.634298157501220317e+00
7.604860184478759777e+00
7.604735679626465128e+00
7.634415122222899974e+00
7.600727278137206611e+00
7.620135839080810491e+00
7.619715222930908638e+00
7.672149421691894844e+00
7.675448075103759926e+00
7.636545056915283070e+00
7.605877296447753899e+00
7.726877722930908021e+00
7.632942516326904681e+00
7.654215928649902523e+00
7.683062241363525224e+00
7.725180838775634662e+00
7.642971486663818759e+00
7.709513449096680127e+00
7.716524497222900791e+00
7.638238560485840267e+00
7.588905879974364943e+00
7.728717053985596053e+00
7.618436516571044592e+00
7.620562747192383135e+00
7.679996775054931391e+00
7.622324897766112883e+00
7.599713127899169862e+00
7.605930251312256196e+00
7.584338206481933575e+00
7.613967449951172028e+00
