9.990000000000000269e-02
1.880000000000000004e-01
1.975000000000000089e-01
2.084000000000000019e-01
2.016999999999999904e-01
2.066000000000000059e-01
2.117999999999999883e-01
2.003000000000000058e-01
2.139999999999999958e-01
2.152000000000000024e-01
2.318000000000000060e-01
2.146000000000000130e-01
2.388000000000000123e-01
2.301999999999999880e-01
2.379000000000000004e-01
2.230999999999999928e-01
2.426999999999999991e-01
2.469000000000000083e-01
2.894999999999999796e-01
2.717999999999999861e-01
2.484999999999999987e-01
2.701999999999999957e-01
3.138000000000000234e-01
2.767999999999999905e-01
2.540000000000000036e-01
2.348000000000000087e-01
3.190000000000000058e-01
3.066999999999999726e-01
2.670000000000000151e-01
3.123000000000000220e-01
3.003000000000000114e-01
2.969999999999999862e-01
2.595999999999999974e-01
2.817000000000000060e-01
2.741999999999999993e-01
3.034000000000000030e-01
2.862999999999999989e-01
2.816000000000000170e-01
3.004999999999999893e-01
2.777999999999999914e-01
3.079000000000000070e-01
3.144000000000000128e-01
2.933999999999999941e-01
3.003000000000000114e-01
2.913999999999999924e-01
2.852000000000000091e-01
3.009999999999999898e-01
3.012000000000000233e-01
2.923999999999999932e-01
2.977000000000000202e-01
2.988999999999999990e-01
3.005999999999999783e-01
3.005999999999999783e-01
3.034999999999999920e-01
3.027000000000000246e-01
3.059999999999999942e-01
3.062000000000000277e-01
3.043000000000000149e-01
3.063000000000000167e-01
3.065999999999999837e-01
3.039000000000000035e-01
3.028000000000000136e-01
3.066999999999999726e-01
3.083000000000000185e-01
3.090999999999999859e-01
3.079999999999999960e-01
3.074000000000000066e-01
3.074000000000000066e-01
3.084000000000000075e-01
3.044999999999999929e-01
3.070999999999999841e-01
3.080999999999999850e-01
3.079000000000000070e-01
3.070999999999999841e-01
3.080999999999999850e-01
3.060999999999999832e-01
3.060999999999999832e-01
3.063000000000000167e-01
3.054999999999999938e-01
3.074000000000000066e-01
3.066999999999999726e-01
3.053000000000000158e-01
3.074999999999999956e-01
3.065999999999999837e-01
3.078000000000000180e-01
3.064999999999999947e-01
3.065999999999999837e-01
3.074999999999999956e-01
3.069999999999999951e-01
3.084000000000000075e-01
3.084000000000000075e-01
3.069999999999999951e-01
3.076999999999999735e-01
3.062000000000000277e-01
3.075999999999999845e-01
3.074000000000000066e-01
3.099000000000000088e-01
3.079000000000000070e-01
3.070999999999999841e-01
3.059999999999999942e-01
