1.042000000000000010e-01
2.079000000000000015e-01
2.031000000000000028e-01
2.467999999999999916e-01
2.604000000000000203e-01
2.887000000000000122e-01
2.811000000000000165e-01
3.007000000000000228e-01
2.998000000000000109e-01
3.161999999999999811e-01
2.998999999999999999e-01
3.370000000000000218e-01
3.103000000000000203e-01
3.270000000000000129e-01
3.473999999999999866e-01
3.427000000000000046e-01
3.423999999999999821e-01
3.367999999999999883e-01
2.936000000000000276e-01
3.507000000000000117e-01
3.335000000000000187e-01
3.151999999999999802e-01
3.382000000000000006e-01
3.497999999999999998e-01
3.225000000000000089e-01
3.313999999999999724e-01
3.266000000000000014e-01
3.503000000000000003e-01
3.567000000000000171e-01
3.110999999999999877e-01
3.687000000000000277e-01
3.425000000000000266e-01
3.386000000000000121e-01
3.320000000000000173e-01
3.313999999999999724e-01
3.583000000000000074e-01
3.575999999999999734e-01
3.714999999999999969e-01
3.639999999999999902e-01
3.770000000000000018e-01
3.701999999999999735e-01
3.844000000000000195e-01
3.640999999999999792e-01
3.623999999999999999e-01
3.603999999999999981e-01
3.724999999999999978e-01
3.405000000000000249e-01
3.348999999999999755e-01
3.468999999999999861e-01
3.345000000000000195e-01
3.634999999999999898e-01
3.693000000000000171e-01
3.713000000000000189e-01
3.703000000000000180e-01
3.729999999999999982e-01
3.750000000000000000e-01
3.730999999999999872e-01
3.734000000000000097e-01
3.770999999999999908e-01
3.750999999999999890e-01
3.756999999999999784e-01
3.753000000000000225e-01
3.774000000000000132e-01
3.750999999999999890e-01
3.749000000000000110e-01
3.795000000000000040e-01
3.763000000000000234e-01
3.774000000000000132e-01
3.773000000000000242e-01
3.750999999999999890e-01
3.770000000000000018e-01
3.770999999999999908e-01
3.734000000000000097e-01
3.765999999999999903e-01
3.758000000000000229e-01
3.769000000000000128e-01
3.744999999999999996e-01
3.755000000000000004e-01
3.758000000000000229e-01
3.753000000000000225e-01
3.751999999999999780e-01
3.729000000000000092e-01
3.776999999999999802e-01
3.753000000000000225e-01
3.764000000000000123e-01
3.753000000000000225e-01
3.760000000000000009e-01
3.755000000000000004e-01
3.739999999999999991e-01
3.775999999999999912e-01
3.773000000000000242e-01
3.761999999999999789e-01
3.775000000000000022e-01
3.743000000000000216e-01
3.770999999999999908e-01
3.758000000000000229e-01
3.770999999999999908e-01
3.750999999999999890e-01
3.776999999999999802e-01
3.743000000000000216e-01
