4.845137838745117165e+00
2.477553029251098771e+00
2.121462448501586717e+00
1.885844309425354082e+00
1.763079162597656291e+00
1.684256255531310975e+00
1.655976780700683548e+00
1.605689170074462879e+00
1.577382896232605081e+00
1.506657733535766708e+00
1.479498802375793565e+00
1.544902678871154844e+00
1.409815191268920964e+00
1.340186255073547272e+00
1.356042604446411115e+00
1.312059719276428282e+00
1.248894067382812390e+00
1.335534059143066443e+00
1.085504938888549820e+00
1.041336112785339330e+00
9.775965030670166200e-01
1.121343089485168365e+00
9.348626031875609810e-01
9.379121744155883844e-01
8.207022344589233187e-01
7.925710494995117372e-01
7.682868659973144387e-01
7.621800800323486058e-01
7.728685358047485687e-01
7.352982826232909996e-01
8.170287193298340078e-01
7.803015541076659956e-01
8.237501225471496324e-01
8.191967618942260776e-01
8.297113105773925579e-01
8.209924859046936474e-01
8.166408101081847892e-01
8.237657569885253883e-01
8.250321078300476563e-01
8.402372744560241413e-01
8.635771379470825737e-01
8.797328938484192395e-01
9.246951915740966310e-01
9.319380611419677551e-01
9.330774919509887688e-01
1.015408163452148349e+00
9.626026857376098755e-01
9.167835266113281145e-01
8.943793897628784517e-01
9.392143421173095863e-01
9.018027041435241475e-01
9.067990226745605842e-01
9.339456047058105614e-01
9.548371248245238752e-01
9.736013349533081396e-01
9.779299737930298164e-01
9.914791229248046678e-01
1.003021882629394623e+00
1.014788570976257409e+00
1.037732962036132855e+00
1.043831781578064000e+00
1.060044505500793433e+00
1.069155775642395056e+00
1.079951127815246492e+00
1.116215483283996557e+00
1.099014815139770507e+00
9.822851655960083139e-01
1.062065835380554102e+00
1.001113953018188507e+00
9.923504093170165685e-01
9.407614289283752207e-01
9.716729999542236262e-01
9.399761205673218267e-01
9.189529638290405700e-01
9.238631080627441872e-01
1.078617295837402290e+00
9.461615959167480883e-01
9.562419591903686955e-01
9.814029891967773755e-01
9.789214537620544165e-01
9.803023857116699435e-01
1.005772788047790467e+00
1.023221183204650941e+00
1.038160856628417950e+00
1.056218005561828654e+00
1.065622594261169453e+00
1.088364243316650493e+00
1.069440021705627464e+00
1.090394790458679264e+00
1.166469954872131343e+00
1.008879855346679788e+00
1.033573445701599036e+00
1.026217914962768596e+00
1.092441610717773459e+00
1.037570167350769124e+00
1.008342835617065392e+00
9.478854946136474613e-01
9.417019939422607289e-01
9.376383903503417994e-01
9.655908430099486850e-01
