2.437870293884277473e+01
5.993594798278808256e+00
5.844734391021728648e+00
5.950869672393799270e+00
5.999084101104736000e+00
6.214777340698241836e+00
5.168210781860351766e+00
5.331191771697998405e+00
5.937079222869873441e+00
5.489385593414306541e+00
5.734506266784667794e+00
5.247439859008789398e+00
5.790895919036865180e+00
6.283575469970703153e+00
6.043564299774169868e+00
5.292413475799560452e+00
6.462664788818359263e+00
6.560530370330810435e+00
6.422864574432373352e+00
6.071291943359375054e+00
7.407702629852295217e+00
7.093424594116211068e+00
8.219422831726074463e+00
7.642613258361816264e+00
8.519590242767334232e+00
8.289364705657959576e+00
7.060445901489257992e+00
7.082579333496093810e+00
7.210374886322021837e+00
7.421182876586914112e+00
7.252087366485596043e+00
9.112138619995116429e+00
7.692954251861571890e+00
8.415489649200440070e+00
7.967382525634765678e+00
7.864999030303954974e+00
7.524707131958007444e+00
8.130427978515625043e+00
8.527266603088378361e+00
7.082962571716308275e+00
8.498816484069823929e+00
7.513496318054198930e+00
7.765740234375000384e+00
7.572765899658203459e+00
7.410434580230712776e+00
7.592050337219238720e+00
7.685801811981201048e+00
7.262983484649658372e+00
7.360930947113037526e+00
7.374667742919921665e+00
7.313420921325683999e+00
7.340319448089599241e+00
7.354383594512939659e+00
7.387885323333740040e+00
7.388805221557617209e+00
7.300897590637206669e+00
7.366597643280028862e+00
7.324687671661377131e+00
7.243547140502929693e+00
7.281282014465332075e+00
7.339018006134033101e+00
7.324079116058349825e+00
7.341256941223144317e+00
7.256983800506591642e+00
7.332975094604492483e+00
7.282339528656005534e+00
7.266448451995849211e+00
7.269210688781738483e+00
7.322330143737793229e+00
7.217682063293456629e+00
7.211589120483398396e+00
7.297983395385742256e+00
7.279427785491943581e+00
7.235381211853026961e+00
7.218419597625732820e+00
7.272127767944335908e+00
7.261320134735107068e+00
7.218951814270019973e+00
7.180453388977050544e+00
7.258102515411376743e+00
7.194903305816650274e+00
7.179025421142577912e+00
7.253898809814453230e+00
7.237621340179443585e+00
7.289400725555419847e+00
7.201236396789551186e+00
7.253260108947753970e+00
7.167098904418945260e+00
7.248168524169922300e+00
7.261419732666015925e+00
7.260553097534179656e+00
7.158448985290527311e+00
7.279789602661132619e+00
7.183022264099121479e+00
7.157252394866943312e+00
7.172722821807861138e+00
7.224320066070556656e+00
7.170473863983154672e+00
7.136768899536132693e+00
7.179200933837890375e+00
