1.029000000000000054e-01
1.875999999999999890e-01
2.084999999999999909e-01
2.575999999999999956e-01
2.630000000000000115e-01
2.857000000000000095e-01
2.716000000000000081e-01
3.081999999999999740e-01
3.158000000000000251e-01
3.320000000000000173e-01
3.380000000000000226e-01
3.442999999999999949e-01
3.403999999999999804e-01
3.522000000000000131e-01
3.588000000000000078e-01
3.392999999999999905e-01
3.497999999999999998e-01
3.487999999999999989e-01
3.607000000000000206e-01
3.684000000000000052e-01
3.623999999999999999e-01
3.549999999999999822e-01
3.613000000000000100e-01
3.598000000000000087e-01
3.617000000000000215e-01
3.612000000000000210e-01
3.620999999999999774e-01
3.829000000000000181e-01
3.730999999999999872e-01
3.724000000000000088e-01
3.796999999999999820e-01
3.705999999999999850e-01
3.684999999999999942e-01
3.357999999999999874e-01
3.643000000000000127e-01
3.744999999999999996e-01
3.840000000000000080e-01
3.810999999999999943e-01
3.595999999999999752e-01
3.920000000000000151e-01
3.680999999999999828e-01
3.855999999999999983e-01
3.798000000000000265e-01
3.817999999999999727e-01
3.952999999999999847e-01
3.793000000000000260e-01
3.803000000000000269e-01
3.895000000000000129e-01
3.862999999999999767e-01
3.877999999999999781e-01
3.891000000000000014e-01
3.865999999999999992e-01
3.871999999999999886e-01
3.851999999999999869e-01
3.869000000000000217e-01
3.882999999999999785e-01
3.864000000000000212e-01
3.876000000000000001e-01
3.891000000000000014e-01
3.876999999999999891e-01
3.870999999999999996e-01
3.881000000000000005e-01
3.870000000000000107e-01
3.865999999999999992e-01
3.876000000000000001e-01
3.885000000000000120e-01
3.884000000000000230e-01
3.877999999999999781e-01
3.859000000000000208e-01
3.882999999999999785e-01
3.887999999999999790e-01
3.872999999999999776e-01
3.874000000000000221e-01
3.876999999999999891e-01
3.887999999999999790e-01
3.882999999999999785e-01
3.886000000000000010e-01
3.886000000000000010e-01
3.885000000000000120e-01
3.875000000000000111e-01
3.896999999999999909e-01
3.887999999999999790e-01
3.860999999999999988e-01
3.876000000000000001e-01
3.870999999999999996e-01
3.881999999999999895e-01
3.890000000000000124e-01
3.891999999999999904e-01
3.877999999999999781e-01
3.879000000000000226e-01
3.861999999999999877e-01
3.894000000000000239e-01
3.867999999999999772e-01
3.885000000000000120e-01
3.895000000000000129e-01
3.880000000000000115e-01
3.887999999999999790e-01
3.895000000000000129e-01
3.891999999999999904e-01
3.875000000000000111e-01
