1.969866741027832191e+01
4.173987380218505905e+00
3.398548856735229329e+00
3.251736494445800929e+00
3.402049010467529389e+00
3.315597489929199337e+00
3.321904737472534119e+00
3.122928128814697057e+00
2.973905807113647271e+00
3.030513754653930469e+00
2.885312534713745158e+00
2.960912467956542837e+00
2.747534035491943527e+00
2.630382238769531256e+00
2.768043215560913151e+00
2.694386245727538931e+00
2.553573697280883792e+00
2.731993859863281138e+00
2.543396276855468763e+00
2.598704195022583097e+00
2.443478219223022663e+00
2.728077269363403445e+00
2.935485572433471635e+00
2.487793073272705158e+00
2.526445810317992979e+00
2.301057543945312478e+00
2.768248644638061418e+00
2.471404954910278118e+00
2.336337228393554621e+00
2.769572035980224722e+00
2.930299217987060612e+00
3.141164282608032376e+00
3.270582505798339756e+00
3.763035178375244261e+00
3.441549721527099592e+00
4.025772859191894426e+00
4.112942343139648571e+00
4.006103601074218368e+00
3.657133660507202233e+00
3.050038861083984365e+00
4.196348101043700929e+00
3.897854957580566548e+00
3.545890420532226361e+00
5.170864936065673767e+00
3.457971014022827028e+00
4.607860552215576000e+00
4.202024271392822641e+00
4.749890161895751639e+00
3.570305432128906276e+00
4.911110778808593480e+00
4.430251873016357145e+00
4.402080946350097612e+00
4.297782803344726510e+00
4.296862466430663829e+00
4.266450917816162480e+00
4.249018767547607212e+00
4.220794866180419547e+00
4.244391399383545149e+00
4.236755110931396118e+00
4.237489568328857814e+00
4.296029983520507578e+00
4.285610449218750340e+00
4.233035577392578297e+00
4.222635821533202716e+00
4.298228507232665585e+00
4.305168135833739917e+00
4.246701426696777304e+00
4.257403327178955088e+00
4.222826911926269133e+00
4.228827313232422114e+00
4.214682508087157942e+00
4.219161117553711371e+00
4.194673144531249953e+00
4.225232168579101888e+00
4.220560479736327864e+00
4.210560574340820317e+00
4.192905784606933750e+00
4.210826291656494469e+00
4.237610109710693074e+00
4.200378105163574460e+00
4.171019795989990619e+00
4.217047360229492448e+00
4.276654097747802474e+00
4.185492166137695591e+00
4.231771359252929798e+00
4.180307086181640486e+00
4.160905827331543350e+00
4.216205865478515946e+00
4.231847740936279578e+00
4.220332208251953432e+00
4.246955919647216859e+00
4.275927629089355086e+00
4.201066613006592121e+00
4.226389070129394909e+00
4.234876779937744473e+00
4.182536516571045304e+00
4.227611089324951443e+00
4.228834146881103706e+00
4.222540791320800402e+00
4.148668786621093396e+00
