4.845137715148926105e+00
2.477552986145019620e+00
2.121462344360351526e+00
1.885844348526001024e+00
1.763079113006591703e+00
1.684256216430664033e+00
1.655976777839660574e+00
1.605689219284057723e+00
1.577382820129394458e+00
1.506657629394531295e+00
1.479498710060119571e+00
1.544902654075622550e+00
1.409815246582031278e+00
1.340186218070983815e+00
1.356042543029785108e+00
1.312059805107116617e+00
1.248894051933288507e+00
1.335534086799621489e+00
1.085504929924011153e+00
1.041336183166504004e+00
9.775965608596801637e-01
1.121343224906921288e+00
9.348625818252563890e-01
9.379122108459472251e-01
8.207021978378296057e-01
7.925710773468017667e-01
7.682868564605712658e-01
7.621800604820251346e-01
7.728685699462890524e-01
7.352982132911681790e-01
8.170286772727965996e-01
7.803016660690307305e-01
8.237500155448913564e-01
8.191966794967651122e-01
8.297111024856567152e-01
8.209926521301269542e-01
8.166409279823303446e-01
8.237657943725585907e-01
8.250321766853332406e-01
8.402372759819031200e-01
8.635771079063415678e-01
8.797326333045959457e-01
9.246953315734863788e-01
9.319377806663513564e-01
9.330771627426147630e-01
1.015408057403564435e+00
9.626023528099060256e-01
9.167834541320800668e-01
8.943798251152038636e-01
9.392142072677612807e-01
9.018026542663574174e-01
9.067989230155945046e-01
9.339457077026367404e-01
9.548373790740967149e-01
9.736010871887207374e-01
9.779297897338866674e-01
9.914792728424072221e-01
1.003022086715698258e+00
1.014788566780090440e+00
1.037732903861999567e+00
1.043831680297851561e+00
1.060044351005554164e+00
1.069155870819091803e+00
1.079951460456848089e+00
1.116215486717224037e+00
1.099014881134033228e+00
9.822850868225098120e-01
1.062065469169616749e+00
1.001114036750793357e+00
9.923509878158569553e-01
9.407613677978515776e-01
9.716731412887573693e-01
9.399759681701660430e-01
9.189530573844909567e-01
9.238630821228027701e-01
1.078617239570617725e+00
9.461617039680481067e-01
9.562417015075683757e-01
9.814029369354247967e-01
9.789217830657959141e-01
9.803023057937622076e-01
1.005773007011413478e+00
1.023221243667602476e+00
1.038160844039917041e+00
1.056217932701110751e+00
1.065622529983520472e+00
1.088364464569091750e+00
1.069439997100830153e+00
1.090394919967651477e+00
1.166469941139221200e+00
1.008879590797424397e+00
1.033573190116882312e+00
1.026217872619628935e+00
1.092441067695617773e+00
1.037570677185058576e+00
1.008342972946167038e+00
9.478858167648315236e-01
9.417021682739258326e-01
9.376384073257446605e-01
9.655909776687622292e-01
