2.152615538330078238e+01
6.141320338439941295e+00
5.299648450469971017e+00
5.847487062072754149e+00
5.247226986694335515e+00
5.401486730194092090e+00
4.882898094177246406e+00
5.088000201416015500e+00
5.156844026947021042e+00
5.440817695617675476e+00
5.308835577392578386e+00
5.396406031799316771e+00
4.696728297424316523e+00
5.132209754943847457e+00
5.433689263916015477e+00
5.391133661651611675e+00
5.374645659637451445e+00
6.025834812927246098e+00
5.128686312866211239e+00
5.618490679168701263e+00
6.234461230468750337e+00
6.794748525238037296e+00
6.438383062744140517e+00
6.741357831573486337e+00
7.313574530029296916e+00
7.362050077819824345e+00
7.661219796752929412e+00
6.912529528808593504e+00
7.432999562835693297e+00
7.576106983947753726e+00
7.685157762145996330e+00
6.936180418395996305e+00
7.820485866546630582e+00
8.589548025512694807e+00
8.107788260650634626e+00
8.744629832458496566e+00
8.265687377929687329e+00
7.848864386749268007e+00
8.396947686767578745e+00
8.475867360687255214e+00
8.767182890319825006e+00
8.746487228393554858e+00
8.601843035888672162e+00
8.637629241943360014e+00
8.543122072601319061e+00
8.443853129577636452e+00
8.410870042419434256e+00
8.422503387451172330e+00
8.306731764221192194e+00
8.333219918823242978e+00
8.297667109680176623e+00
8.313242681884766228e+00
8.265266770172118527e+00
8.352151531982421773e+00
8.290584444427489430e+00
8.246583200073242637e+00
8.283044683074951564e+00
8.216058325958252695e+00
8.176481392669677106e+00
8.288732421875000256e+00
8.235704740905761767e+00
8.311652246093750307e+00
8.105809101867675892e+00
8.220092021179199904e+00
8.161782564544678209e+00
8.131063838958739964e+00
8.145556105804443447e+00
8.154684078216552834e+00
8.238893332672118319e+00
8.174722064208983952e+00
8.183248678588867620e+00
8.177534740447997663e+00
8.231086845397948437e+00
8.231906718444824023e+00
8.111455369567870832e+00
8.160925958251953105e+00
8.152066823577881038e+00
8.157805133056641012e+00
8.152550852966308881e+00
8.194702948760985706e+00
8.082516068267821652e+00
8.229256055450440144e+00
8.151530684661866033e+00
8.106716596221923865e+00
8.090315302276611220e+00
8.200189750671386335e+00
8.203169192504882190e+00
8.234015921783447212e+00
8.079152256774902341e+00
8.135372483825683787e+00
8.171662528991699759e+00
8.101000550842284653e+00
8.157454083251952426e+00
8.137733475494384194e+00
8.175773285675049351e+00
8.152886398315429162e+00
8.178158085632324159e+00
8.113450069427489808e+00
8.110565550994872197e+00
8.116337210083008458e+00
