1.000999999999999945e-01
1.859000000000000097e-01
2.096000000000000085e-01
2.121000000000000107e-01
2.270000000000000073e-01
2.396000000000000074e-01
2.310999999999999999e-01
2.722999999999999865e-01
2.597999999999999754e-01
2.501999999999999780e-01
2.560000000000000053e-01
2.656999999999999917e-01
2.666999999999999926e-01
2.842000000000000082e-01
2.893000000000000016e-01
2.928000000000000047e-01
2.808999999999999830e-01
2.727999999999999869e-01
2.777999999999999914e-01
2.943999999999999950e-01
2.912000000000000144e-01
2.680000000000000160e-01
2.810000000000000275e-01
2.822000000000000064e-01
2.760000000000000231e-01
3.052000000000000268e-01
3.168000000000000260e-01
3.043000000000000149e-01
2.894999999999999796e-01
3.187999999999999723e-01
2.883999999999999897e-01
2.918999999999999928e-01
3.150999999999999912e-01
3.125000000000000000e-01
2.994999999999999885e-01
3.105999999999999872e-01
2.879999999999999782e-01
2.993999999999999995e-01
2.818999999999999839e-01
3.033000000000000140e-01
3.040999999999999814e-01
2.947000000000000175e-01
3.330000000000000182e-01
3.191999999999999837e-01
3.170000000000000040e-01
3.025999999999999801e-01
3.174000000000000155e-01
3.080999999999999850e-01
3.175999999999999934e-01
3.089000000000000079e-01
3.209000000000000186e-01
3.247999999999999776e-01
3.231999999999999873e-01
3.245999999999999996e-01
3.230999999999999983e-01
3.216999999999999860e-01
3.225999999999999979e-01
3.264000000000000234e-01
3.221999999999999864e-01
3.240999999999999992e-01
3.256999999999999895e-01
3.246999999999999886e-01
3.251000000000000001e-01
3.245999999999999996e-01
3.252999999999999781e-01
3.262999999999999790e-01
3.237999999999999767e-01
3.234000000000000208e-01
3.240999999999999992e-01
3.242999999999999772e-01
3.236999999999999877e-01
3.260000000000000120e-01
3.261999999999999900e-01
3.251000000000000001e-01
3.230000000000000093e-01
3.240000000000000102e-01
3.245000000000000107e-01
3.261999999999999900e-01
3.266999999999999904e-01
3.251000000000000001e-01
3.240999999999999992e-01
3.261999999999999900e-01
3.260000000000000120e-01
3.250000000000000111e-01
3.264000000000000234e-01
3.242999999999999772e-01
3.251000000000000001e-01
3.276000000000000023e-01
3.280000000000000138e-01
3.245000000000000107e-01
3.254000000000000226e-01
3.245999999999999996e-01
3.249000000000000221e-01
3.247999999999999776e-01
3.244000000000000217e-01
3.261000000000000010e-01
3.254000000000000226e-01
3.277999999999999803e-01
3.276999999999999913e-01
3.272999999999999798e-01
