9.510000000000000397e-02
1.010000000000000064e-01
1.158000000000000002e-01
1.492999999999999883e-01
1.716000000000000025e-01
1.736999999999999933e-01
1.839000000000000079e-01
2.011000000000000010e-01
2.069000000000000006e-01
2.073000000000000120e-01
1.902999999999999969e-01
1.865999999999999881e-01
2.026999999999999913e-01
1.993000000000000049e-01
2.121999999999999997e-01
2.151000000000000134e-01
2.023999999999999966e-01
2.086000000000000076e-01
2.248999999999999888e-01
2.283000000000000029e-01
2.326999999999999902e-01
2.141000000000000125e-01
2.308999999999999941e-01
2.154000000000000081e-01
2.300000000000000100e-01
2.429000000000000048e-01
2.421000000000000096e-01
2.210999999999999910e-01
2.343000000000000083e-01
2.492999999999999938e-01
2.409999999999999920e-01
2.406999999999999973e-01
2.802999999999999936e-01
2.333000000000000074e-01
2.321000000000000008e-01
2.424999999999999933e-01
2.157999999999999918e-01
2.194000000000000117e-01
2.590999999999999970e-01
2.506999999999999784e-01
2.358999999999999986e-01
2.660000000000000142e-01
2.164999999999999980e-01
2.520999999999999908e-01
2.411999999999999977e-01
2.737999999999999878e-01
2.313999999999999946e-01
2.553000000000000269e-01
2.467999999999999916e-01
2.722999999999999865e-01
2.711999999999999966e-01
2.727999999999999869e-01
2.741000000000000103e-01
2.751000000000000112e-01
2.742999999999999883e-01
2.750000000000000222e-01
2.762000000000000011e-01
2.731000000000000094e-01
2.772999999999999909e-01
2.768999999999999795e-01
2.791000000000000147e-01
2.781000000000000139e-01
2.750000000000000222e-01
2.755000000000000226e-01
2.765000000000000235e-01
2.782999999999999918e-01
2.763999999999999790e-01
2.736000000000000099e-01
2.762000000000000011e-01
2.785000000000000253e-01
2.762000000000000011e-01
2.802999999999999936e-01
2.778999999999999804e-01
2.781000000000000139e-01
2.775000000000000244e-01
2.775000000000000244e-01
2.786000000000000143e-01
2.810000000000000275e-01
2.783999999999999808e-01
2.787000000000000033e-01
2.793999999999999817e-01
2.783999999999999808e-01
2.792000000000000037e-01
2.787999999999999923e-01
2.787000000000000033e-01
2.780000000000000249e-01
2.787999999999999923e-01
2.773999999999999799e-01
2.801000000000000156e-01
2.790000000000000258e-01
2.800000000000000266e-01
2.776000000000000134e-01
2.785000000000000253e-01
2.792999999999999927e-01
2.772999999999999909e-01
2.775000000000000244e-01
2.777999999999999914e-01
2.808999999999999830e-01
2.807999999999999940e-01
2.767000000000000015e-01
