4.845137555694580378e+00
2.477552980422973672e+00
2.121462356567382912e+00
1.885844342803955076e+00
1.763079113769531192e+00
1.684256250190734772e+00
1.655976854705810464e+00
1.605689185523986762e+00
1.577382823371887177e+00
1.506657736396789460e+00
1.479498768234252859e+00
1.544902626800537027e+00
1.409815185546875016e+00
1.340186255073547272e+00
1.356042594718933181e+00
1.312059368133544845e+00
1.248893994140624963e+00
1.335534423255920311e+00
1.085504798126220694e+00
1.041336213684082024e+00
9.775967294692993192e-01
1.121343050003051678e+00
9.348624292373657330e-01
9.379122812271117882e-01
8.207022149085998475e-01
7.925710767745971497e-01
7.682869636535644142e-01
7.621799653053283885e-01
7.728683279037475984e-01
7.352982788085937749e-01
8.170283905029296356e-01
7.803012337684631650e-01
8.237500379562378017e-01
8.191969944000243586e-01
8.297111732482910229e-01
8.209925941467285382e-01
8.166409970283508013e-01
8.237658864021301097e-01
8.250318588256836394e-01
8.402373933792114391e-01
8.635769495010375829e-01
8.797328072547913047e-01
9.246950912475585538e-01
9.319378137588500977e-01
9.330771879196166907e-01
1.015408197975158799e+00
9.626024774551391605e-01
9.167834170341491173e-01
8.943799110412598008e-01
9.392147094726562839e-01
9.018028312683105119e-01
9.067990722656249503e-01
9.339454576492309812e-01
9.548370532989501891e-01
9.736012477874755877e-01
9.779298513412475469e-01
9.914791149139404736e-01
1.003022157478332455e+00
1.014788503456115709e+00
1.037733035850525010e+00
1.043831881141662699e+00
1.060044164657592880e+00
1.069156029319763279e+00
1.079951130676269466e+00
1.116215559577941940e+00
1.099014645385742117e+00
9.822857206344604020e-01
1.062065359115600627e+00
1.001114083480834971e+00
9.923508125305176009e-01
9.407615691184997297e-01
9.716731651306151907e-01
9.399768024444580261e-01
9.189530186653137589e-01
9.238634122848510266e-01
1.078617344665527389e+00
9.461616299629211913e-01
9.562419151306151832e-01
9.814030227661132422e-01
9.789215296745300554e-01
9.803026756286621346e-01
1.005772851943969703e+00
1.023221431922912705e+00
1.038160909461975034e+00
1.056217600631713882e+00
1.065622409439086926e+00
1.088364509773254385e+00
1.069439811515808136e+00
1.090394503402710047e+00
1.166470007896423411e+00
1.008879965400695911e+00
1.033572921752929696e+00
1.026217942810058625e+00
1.092441448783874502e+00
1.037570613479614323e+00
1.008342953491210947e+00
9.478856983184814622e-01
9.417025650024414274e-01
9.376380786895751607e-01
9.655908605575561632e-01
