2.305500008010864299e+00
3.269027857780456570e-01
6.904372879266738872e-02
4.625186437964439595e-02
3.823304411768913003e-02
3.151974376440048325e-02
2.796771180033683774e-02
2.628649196624755977e-02
2.403555951118469328e-02
2.329010406732559199e-02
2.219754017591476364e-02
2.358819025754928592e-02
2.182811421751976177e-02
2.180902711153030402e-02
1.956351597309112511e-02
2.107602754235267731e-02
2.076522652208805109e-02
2.005343953967094264e-02
2.019105740785598693e-02
1.951880553960800083e-02
1.913709399700164876e-02
1.904807321727275751e-02
2.091656339168548526e-02
1.949373975694179695e-02
1.859410140812397041e-02
1.858357464373111556e-02
1.927840898334980124e-02
1.874389501512050554e-02
1.952145042419433513e-02
1.931938703656196563e-02
1.926047099232673643e-02
2.090892020463943485e-02
1.827110212743282211e-02
1.949087529480457437e-02
1.997130815982818552e-02
2.105233084559440457e-02
2.150086890757083730e-02
1.994501833915710357e-02
2.103589394390583192e-02
1.973246515989303743e-02
1.979772671461105249e-02
2.172400200366973733e-02
2.141136389672756296e-02
2.297907772064208820e-02
2.113265072405338257e-02
2.244448028206825346e-02
2.187404138445854171e-02
2.169662472605705245e-02
2.254274597764015231e-02
2.110309188663959598e-02
2.115236069560050974e-02
2.194205697178840467e-02
2.072219172120094363e-02
2.060695476233959100e-02
2.196992406249046251e-02
2.033165823221206800e-02
2.041466251015663230e-02
2.061547354161739204e-02
2.027071465849876464e-02
2.179840412735939079e-02
2.022821002006530700e-02
2.075389086902141439e-02
2.215354585051536665e-02
2.149939931035041787e-02
2.279602478146552924e-02
2.100896177887916563e-02
2.247934733927249920e-02
2.032031232714652871e-02
2.001841249763965450e-02
2.252725824117660439e-02
2.184752746820449801e-02
2.016581623554229707e-02
2.062343455851077881e-02
2.265363172888755841e-02
2.201324357986450195e-02
2.105850771665573190e-02
2.227136790156364343e-02
2.182809216380119169e-02
2.236767895221710226e-02
2.018909492790698854e-02
2.062252228856086694e-02
2.309133696556091297e-02
2.301373751163482764e-02
2.142906712591648166e-02
2.233158008456230179e-02
2.091359476447105306e-02
2.181398585736751480e-02
2.178765482306480386e-02
2.124105920195579547e-02
2.163088392019271722e-02
2.081239429712295613e-02
2.275326578617095988e-02
2.304220901131629959e-02
2.205212652683257932e-02
2.326386913657188527e-02
2.390662437677383567e-02
2.272485339939594312e-02
2.172245680987834951e-02
2.119079815745353659e-02
2.233270645141601646e-02
