2.284352101135254109e+00
2.780666683673858608e-01
1.125457255005836432e-01
8.719742139577865703e-02
6.718055263757705120e-02
6.275743077993392594e-02
6.945085653662681768e-02
5.430953428745270012e-02
4.653879801034927627e-02
1.043243361234664907e-01
5.474480377435684414e-02
5.002879320979118638e-02
5.388033458590507641e-02
5.495654416680335885e-02
4.158404374122619956e-02
3.954999896883964333e-02
4.219240705370903149e-02
3.928613927960395574e-02
3.518175801038742057e-02
5.450706451535224789e-02
4.664832315444946559e-02
4.931396803855896127e-02
6.472706161737441788e-02
5.096399958133697450e-02
5.775350199341774265e-02
4.778132987618446265e-02
6.701212248206138422e-02
5.430952978134155618e-02
7.358516054153442509e-02
6.866269735097885185e-02
5.806281886100769091e-02
5.445049331784248409e-02
4.551628104448318668e-02
4.056685647368431236e-02
5.364371379613876167e-02
4.574959719777107331e-02
4.191452199220657010e-02
4.614514538645744096e-02
4.979272978305816777e-02
4.372903551459312449e-02
4.784246676564216788e-02
3.919038323760032361e-02
4.497014229893684517e-02
4.366582162976265225e-02
4.733783623576164057e-02
5.062773306965828030e-02
4.775939524769783062e-02
4.720576277971267470e-02
4.466698290705680557e-02
4.644641191959381077e-02
4.499688382744788939e-02
3.925960170626640461e-02
3.786410250067710759e-02
3.815306534767150953e-02
3.664703260660171630e-02
3.773720973134040563e-02
3.678318337202072380e-02
3.842562692761421206e-02
3.988254655599594162e-02
3.932079209685325483e-02
3.787754180431365802e-02
4.186397194862365861e-02
3.928369626998901021e-02
3.819709296226501266e-02
3.580011338591575915e-02
4.162365297079086146e-02
4.032775472998618993e-02
4.237808168530464437e-02
3.781976571083069116e-02
3.637115908861160429e-02
3.651699901819228933e-02
3.616308139562606633e-02
3.778526731729507648e-02
3.730430829524993691e-02
3.756974000930786428e-02
3.778626422286033432e-02
3.610732965469360539e-02
3.566132378578185796e-02
3.761020193099975928e-02
4.684303998947143832e-02
4.030732099413871644e-02
4.185232828259467797e-02
9.161572682857513361e-02
1.240793519496917741e-01
9.306756225824355799e-02
7.730177578926086812e-02
5.728801264762878320e-02
4.791959034204482798e-02
4.991865492463112147e-02
4.288559660315513500e-02
2.349784273147582925e-01
5.545178662538528119e-02
4.764710422158241476e-02
5.192873139381408432e-02
4.716763212680816914e-02
4.304388100504875220e-02
4.821653145551681174e-02
4.850917128324508387e-02
5.219795054793358036e-02
6.512623859643935920e-02
