2.306592117691040222e+00
2.489691906690597589e-01
1.282248870730400003e-01
8.037132939100265216e-02
7.571229504942894595e-02
8.442955331802368124e-02
6.469928970932960210e-02
6.944522927999496886e-02
5.770548177957534469e-02
6.450593575239181587e-02
5.675835286974906940e-02
7.097260690331459732e-02
5.999757981300354176e-02
5.826492667794227337e-02
5.404782056212425329e-02
5.650536549687385640e-02
5.411854578256607151e-02
5.165368900299072141e-02
5.302501782774925176e-02
5.278327803015708808e-02
5.028982420563697653e-02
5.019124876260757512e-02
4.778356374800205031e-02
5.171505767703056533e-02
5.232977709174155972e-02
5.625992405116558154e-02
4.500062409639358357e-02
7.753030762672424858e-02
6.003914441466331325e-02
6.109671840071678045e-02
5.007222056984901581e-02
5.393525778651237640e-02
5.040744589269161025e-02
4.594087172746658121e-02
5.391007057428359728e-02
6.818835246562958419e-02
5.224952726960182398e-02
6.345417729020118303e-02
5.975929121971130381e-02
5.191737588644027707e-02
5.330038739442825163e-02
4.663828567862510904e-02
4.665448023080825957e-02
6.017178621888160522e-02
4.894088191986083886e-02
4.978636681437492717e-02
4.453757735490798675e-02
7.382373436093329910e-02
5.630126019716262531e-02
6.819427742958068805e-02
6.414891633987426789e-02
5.484487195014953881e-02
5.334921624660492190e-02
5.451416925787925388e-02
5.567899466753006149e-02
5.762522588968276710e-02
5.035248720645904563e-02
6.441457483768463221e-02
5.382738395929336644e-02
5.778013800382614251e-02
4.901335876584052981e-02
5.872135763168334632e-02
5.794203863143920774e-02
6.102004002332687277e-02
6.391717635393143193e-02
7.192143718600273183e-02
5.610639085769653089e-02
5.972070549130439887e-02
6.530621764063834767e-02
7.465931444168090458e-02
5.084706293344497946e-02
5.595432281494140681e-02
6.545040649175644376e-02
7.951835865974425654e-02
6.931261901855469143e-02
8.621339617371559516e-02
6.966530357599258483e-02
6.321869983077049726e-02
5.549473667740821570e-02
5.158123165369033619e-02
5.667840487957000878e-02
6.429240950345993522e-02
5.908724133372306869e-02
5.695943596959113925e-02
6.545233168601989615e-02
6.408624354004860413e-02
6.901829764246940335e-02
6.839344549179077193e-02
6.542567489743232600e-02
5.205621556043624892e-02
5.121435310840606603e-02
6.065944963693618852e-02
5.242134273052215243e-02
5.521030196547508512e-02
5.474558275341987607e-02
5.027038040757179221e-02
6.447771124839782320e-02
6.360786205530166715e-02
5.869208405017852653e-02
6.206081184148788676e-02
