2.305500008010864299e+00
3.269028086662292276e-01
6.904373031854629805e-02
4.625186608433723423e-02
3.823304430842399543e-02
3.151974271535873395e-02
2.796771184206008759e-02
2.628649178147315912e-02
2.403556152284145458e-02
2.329010292887687822e-02
2.219754086732864465e-02
2.358819103240966664e-02
2.182811340689659249e-02
2.180902768969535804e-02
1.956351437866687623e-02
2.107602826654910930e-02
2.076522621214389741e-02
2.005343923568725720e-02
2.019105750322341963e-02
1.951880508065223854e-02
1.913709331452846663e-02
1.904807345867156818e-02
2.091656417846679550e-02
1.949374161064624730e-02
1.859410165548324584e-02
1.858357577919959869e-02
1.927840874791145187e-02
1.874389535784721367e-02
1.952145203351974417e-02
1.931938713490962897e-02
1.926047096550464674e-02
2.090892084836959777e-02
1.827110157608985777e-02
1.949087321460247005e-02
1.997130597829818721e-02
2.105233110785484363e-02
2.150086915493011619e-02
1.994501807093620321e-02
2.103589438498020339e-02
1.973246138691902088e-02
1.979772764146327940e-02
2.172400072813034100e-02
2.141136389374732885e-02
2.297907992601394556e-02
2.113265226781368272e-02
2.244448104500770466e-02
2.187404223084449609e-02
2.169662635326385577e-02
2.254274650216102696e-02
2.110309379398822918e-02
2.115235934257507153e-02
2.194205799698829493e-02
2.072219348549842952e-02
2.060695587694644920e-02
2.196992127299308636e-02
2.033165695667266820e-02
2.041466203331947227e-02
2.061547519862651917e-02
2.027071478366851767e-02
2.179840320348739452e-02
2.022820897698402245e-02
2.075388708114624114e-02
2.215354571342468409e-02
2.149939733445644513e-02
2.279602330923080275e-02
2.100896210074424883e-02
2.247934648692608006e-02
2.032031116485595590e-02
2.001840859651565427e-02
2.252725996375084042e-02
2.184752737581729942e-02
2.016581555604934559e-02
2.062343459129333326e-02
2.265363332629203794e-02
2.201324699223041609e-02
2.105850655436515909e-02
2.227137084007263165e-02
2.182809084057808074e-02
2.236767700910568396e-02
2.018909142315387581e-02
2.062252358496189167e-02
2.309133589267730810e-02
2.301373614072799514e-02
2.142906992733478386e-02
2.233157981932163208e-02
2.091359439194202460e-02
2.181398599445819736e-02
2.178765518069267215e-02
2.124105846881866461e-02
2.163088451027870077e-02
2.081239405870437612e-02
2.275326448082923975e-02
2.304220683574676604e-02
2.205212607383728179e-02
2.326386736631393462e-02
2.390662147998809731e-02
2.272485147416591564e-02
2.172245406508445734e-02
2.119079759120941209e-02
2.233270678818225982e-02
