2.303045600891113320e+00
2.583364826679229731e-01
1.617357184410095350e-01
8.948727306127547687e-02
8.095580468177795974e-02
7.084054672718048673e-02
6.171424777507782122e-02
6.453287479281424877e-02
5.829771323204040873e-02
6.020278620123863111e-02
6.116791514754295334e-02
6.134486082196235340e-02
6.360970492959022726e-02
6.938631746172904680e-02
8.622298473715782341e-02
5.798977763056754886e-02
6.403239814043044931e-02
5.936593888998031865e-02
5.947312248349189562e-02
5.532731227278709502e-02
5.373905512094497711e-02
6.090317236185073535e-02
5.546436793208122523e-02
5.209809739589690847e-02
5.388887165784835703e-02
7.053347916603087964e-02
4.933589838147163509e-02
6.335469807982445356e-02
6.804210695624351990e-02
6.703899217247963338e-02
6.357704654932022637e-02
7.108552246093749472e-02
4.966015824079513669e-02
5.733764236569404565e-02
4.642215968370437540e-02
5.048987904787063941e-02
5.030724522471428234e-02
4.969894744753837468e-02
5.148964373171329573e-02
5.043143795728683570e-02
5.111855556368827963e-02
5.086011351943015707e-02
5.550448276400565817e-02
5.759526329636573821e-02
5.854185307025909502e-02
7.642551388144493141e-02
5.950197942256927469e-02
7.922389175891876578e-02
6.878719339370727159e-02
6.292323626279830440e-02
5.361214212179184202e-02
4.917237534523010573e-02
4.390299656391143807e-02
4.642053278088569684e-02
4.645020824670791776e-02
4.780000161528587255e-02
5.216673823595047166e-02
6.231573342084884698e-02
5.677989585995674160e-02
6.910661040544509304e-02
5.535782251358032507e-02
7.114875994920730196e-02
6.193434461951255465e-02
7.734528748393058872e-02
6.659954523444175378e-02
6.537618336677551711e-02
6.205640982389450111e-02
6.176879783868789719e-02
5.375676641464233185e-02
5.445930145382880949e-02
5.919689294099807902e-02
5.867562288641929580e-02
5.667992680668831190e-02
5.224934508800506416e-02
5.745766555666923653e-02
5.566123810410499723e-02
6.113593922257423707e-02
5.503833181858062973e-02
5.590805824398994289e-02
5.334704690575600011e-02
4.976991282701492131e-02
5.434085390567779811e-02
5.718446056842804021e-02
5.650192372798919921e-02
5.313555305600166367e-02
6.152007607221603169e-02
5.434843435883521950e-02
5.076442282199859768e-02
4.908975921869278281e-02
5.036966212987899899e-02
5.258834860324859695e-02
5.058096495866775538e-02
5.155392346382141333e-02
5.458058664798736553e-02
5.347178564667701833e-02
5.154609037637710584e-02
5.623833843469619453e-02
5.388193470239639044e-02
1.006025972485542347e-01
7.314682332277297472e-02
