2.305500032424926626e+00
3.269028056144714367e-01
6.904372841119765791e-02
4.625186533331870908e-02
3.823304488062858469e-02
3.151974195241927929e-02
2.796771059632301160e-02
2.628649219870567155e-02
2.403556104600429455e-02
2.329010382890701197e-02
2.219754122495651294e-02
2.358818906545638930e-02
2.182811273932457052e-02
2.180902961790561617e-02
1.956351753771305019e-02
2.107603123784065197e-02
2.076522447168827057e-02
2.005343884229660034e-02
2.019105746150016631e-02
1.951880353093147363e-02
1.913709315955638979e-02
1.904807341098785356e-02
2.091656435728073138e-02
1.949374223649501942e-02
1.859410356581210969e-02
1.858357498645782369e-02
1.927840732336044346e-02
1.874389540851116240e-02
1.952144970893859854e-02
1.931938608288764903e-02
1.926047144234180331e-02
2.090891987085342560e-02
1.827110198140144415e-02
1.949087331295013339e-02
1.997130857706069795e-02
2.105233000516891495e-02
2.150087004601955454e-02
1.994501781463622891e-02
2.103589470982551723e-02
1.973246261477470259e-02
1.979772821664810278e-02
2.172400327324867236e-02
2.141136372089386120e-02
2.297907940149307091e-02
2.113265174329280807e-02
2.244448125958442564e-02
2.187404158115386840e-02
2.169662323594093167e-02
2.254274669289588889e-02
2.110309311151504358e-02
2.115236220359802133e-02
2.194205755889415757e-02
2.072219437360763722e-02
2.060695518851280231e-02
2.196992313861846971e-02
2.033165759444236637e-02
2.041466279923915758e-02
2.061547346413135362e-02
2.027071366906165947e-02
2.179840398430824347e-02
2.022821065187454387e-02
2.075388838052749652e-02
2.215354546904563932e-02
2.149939730465412133e-02
2.279602504372596830e-02
2.100896400213241727e-02
2.247934776842594115e-02
2.032031127214431812e-02
2.001840917766094241e-02
2.252725970149040136e-02
2.184752644598484186e-02
2.016581765115261007e-02
2.062343671321868743e-02
2.265363204181194273e-02
2.201324765384197329e-02
2.105850799679756177e-02
2.227136909365654005e-02
2.182809127867221810e-02
2.236767912507057338e-02
2.018909255266189418e-02
2.062252312004566115e-02
2.309133632183075005e-02
2.301373851299285886e-02
2.142906965911388351e-02
2.233157676756382035e-02
2.091359575986862299e-02
2.181398843824863473e-02
2.178765705227852026e-02
2.124105921387672499e-02
2.163088380694389370e-02
2.081239317953586729e-02
2.275326581597328021e-02
2.304220718145370481e-02
2.205212637782096724e-02
2.326386969089508025e-02
2.390662226080894626e-02
2.272485065758228159e-02
2.172245625853538517e-02
2.119079611003399019e-02
2.233270777761936152e-02
