2.305499983596801972e+00
3.269027819156646864e-01
6.904372899532318364e-02
4.625186323523521742e-02
3.823304421901702749e-02
3.151974290609359935e-02
2.796771112680435101e-02
2.628649178147315912e-02
2.403556070029735578e-02
2.329010274410247758e-02
2.219754134118557057e-02
2.358819122314453204e-02
2.182811464667320372e-02
2.180902752280235168e-02
1.956351689100265662e-02
2.107603074610233176e-02
2.076522570252418640e-02
2.005343743860721686e-02
2.019105641245842048e-02
1.951880599260330182e-02
1.913709487915039170e-02
1.904807611107826176e-02
2.091656399369239833e-02
1.949374195635318607e-02
1.859410074949264385e-02
1.858357384204864515e-02
1.927840571403503442e-02
1.874389494955539665e-02
1.952145029902458209e-02
1.931938560307025834e-02
1.926047070324420768e-02
2.090891860127449056e-02
1.827110196352004987e-02
1.949087504148483418e-02
1.997130738198757069e-02
2.105233156085014462e-02
2.150086939334869274e-02
1.994502028524875598e-02
2.103589540719985954e-02
1.973246281147003275e-02
1.979772727489471570e-02
2.172400170564651317e-02
2.141136409640312030e-02
2.297907781898975502e-02
2.113265165686607425e-02
2.244447904229164223e-02
2.187404122948646487e-02
2.169662592411041382e-02
2.254274708628654575e-02
2.110309375524520997e-02
2.115235875844955274e-02
2.194205763936042664e-02
2.072219379544257972e-02
2.060695378482341883e-02
2.196992448568343970e-02
2.033165804147720260e-02
2.041466107964515567e-02
2.061547107398509909e-02
2.027071378827095122e-02
2.179840226769447220e-02
2.022820849418640113e-02
2.075388954281806933e-02
2.215354408621788077e-02
2.149940067827701626e-02
2.279602487087249718e-02
2.100896070599556076e-02
2.247934688627719821e-02
2.032030967473983860e-02
2.001841134130954644e-02
2.252726001143455503e-02
2.184752731323242117e-02
2.016581588387489354e-02
2.062343266904353989e-02
2.265363288819790058e-02
2.201324619948864109e-02
2.105850785374641446e-02
2.227136862277984478e-02
2.182809114456176619e-02
2.236767736673355225e-02
2.018909340500831678e-02
2.062252363562584040e-02
2.309133835136890564e-02
2.301373884081840682e-02
2.142906551659107262e-02
2.233158055543899706e-02
2.091359618306160018e-02
2.181398819088935931e-02
2.178765738606452951e-02
2.124106011986732351e-02
2.163088375329971433e-02
2.081239566206932040e-02
2.275326620340347231e-02
2.304220530986786017e-02
2.205212570428848398e-02
2.326387107968330356e-02
2.390662335157394541e-02
2.272485246360302080e-02
2.172245626151561582e-02
2.119079596996307352e-02
2.233270850777626174e-02
