2.316722934722900362e+00
2.366794841766357294e-01
1.060215697646141042e-01
9.030249593257903828e-02
7.267391029596328988e-02
6.083677591681480729e-02
6.282055748105049020e-02
5.194878905415534903e-02
5.455723087787628378e-02
4.545642123222350811e-02
5.529478996396064439e-02
6.691425785422325245e-02
6.197112583518028101e-02
7.403987736701965472e-02
5.399327093362808055e-02
5.652517186403274718e-02
6.317348600029945582e-02
7.000093103051185928e-02
7.524337298870086010e-02
4.818103638887405449e-02
5.739057363271713591e-02
5.682691214084625159e-02
6.296188852787017176e-02
5.902389098405837892e-02
5.347961872816085760e-02
5.447788503766060053e-02
5.514331501722335993e-02
4.797669390439987525e-02
4.587093904018402224e-02
5.135174492597580076e-02
5.496270039677619845e-02
4.566782175898551760e-02
4.880458617210388372e-02
4.928352921009063886e-02
5.859970560669899159e-02
4.492495861053466544e-02
4.828257971405983118e-02
5.098885455727577426e-02
4.669906504750252069e-02
4.505507379770278681e-02
4.638217840194702041e-02
5.007258979082107597e-02
4.675847202539443886e-02
4.497082499265670635e-02
7.163025675415993221e-02
5.330127975344657598e-02
7.834099659919738223e-02
5.632524471282959050e-02
8.265859938859940192e-02
5.420111015439033758e-02
5.440314264297485547e-02
5.141605007946491168e-02
5.066917976737022461e-02
5.494689188003540337e-02
5.479191243648529053e-02
5.018197200298309124e-02
4.859609912931919101e-02
5.118683477044105867e-02
5.570067265033722126e-02
5.264858666956424849e-02
5.172269479632377737e-02
4.918960828781127753e-02
5.101638404130935667e-02
4.930294989943504597e-02
5.128850565552711682e-02
5.354828224182128782e-02
6.217763383388519305e-02
7.251925947070121670e-02
6.106117170453071591e-02
8.311136937141418157e-02
6.015133258104324310e-02
6.614636663794518090e-02
5.835948913693428386e-02
6.949493716955185141e-02
6.150388528108596820e-02
7.552152165174484677e-02
7.128441025018691923e-02
5.178739879727363438e-02
5.073446011543274181e-02
5.100497483611107080e-02
5.059643397331237830e-02
5.944353021383285557e-02
5.302322705388069074e-02
5.476517685651779294e-02
7.130469404459000016e-02
5.434971325397491143e-02
5.202178673744201759e-02
5.406831103563308760e-02
5.930079923868179087e-02
5.328778209686279438e-02
5.283632829785347290e-02
5.967037473320960933e-02
5.150299323201179558e-02
4.987408435940742651e-02
4.832501769959926530e-02
6.609403024315833874e-02
5.912412005662918274e-02
6.093272304534912143e-02
5.552360766232013883e-02
5.351428006291389372e-02
