2.305500008010864299e+00
3.269027956485748287e-01
6.904372802972794099e-02
4.625186418890953055e-02
3.823304545879364219e-02
3.151974319219589399e-02
2.796771135926246626e-02
2.628649249672889571e-02
2.403556051850318925e-02
2.329010345339774940e-02
2.219754053354263193e-02
2.358819117546081395e-02
2.182811273336410576e-02
2.180902827084064619e-02
1.956351451277732814e-02
2.107603085339069399e-02
2.076522570252418640e-02
2.005343627035617929e-02
2.019105658531188813e-02
1.951880478858947915e-02
1.913709390163421606e-02
1.904807506501674658e-02
2.091656420826911930e-02
1.949374167621135620e-02
1.859410245418548560e-02
1.858357618451118506e-02
1.927840834856033372e-02
1.874389593005180293e-02
1.952144912481307976e-02
1.931938718855381182e-02
1.926047125756740613e-02
2.090891935825348047e-02
1.827110103368759231e-02
1.949087523221969612e-02
1.997130632102489534e-02
2.105232856869697702e-02
2.150087029039859932e-02
1.994501982033252546e-02
2.103589571714401321e-02
1.973246414661407322e-02
1.979772776961326655e-02
2.172400103211402991e-02
2.141136304736137447e-02
2.297908026278018892e-02
2.113265061974525447e-02
2.244448009133338806e-02
2.187403972744941805e-02
2.169662476181984101e-02
2.254274669289588889e-02
2.110309238135814683e-02
2.115236043930053544e-02
2.194205629825592141e-02
2.072219292223453566e-02
2.060695595145225698e-02
2.196992228031158581e-02
2.033165735900402046e-02
2.041466148793697269e-02
2.061546964049339181e-02
2.027071565985679585e-02
2.179840473532676862e-02
2.022820824980735635e-02
2.075388719439506466e-02
2.215354549288749836e-02
2.149939815402030982e-02
2.279602831006050101e-02
2.100896146297454720e-02
2.247934881150722569e-02
2.032030989229679022e-02
2.001841056048870096e-02
2.252725867629051110e-02
2.184752612709998931e-02
2.016581600308418182e-02
2.062343363761902013e-02
2.265363228917121816e-02
2.201324816346168431e-02
2.105850722193718105e-02
2.227137199640273971e-02
2.182809032797813562e-02
2.236767695248127047e-02
2.018909349739551537e-02
2.062252073585987139e-02
2.309133850932121312e-02
2.301373741626739494e-02
2.142906748354434995e-02
2.233158195018768166e-02
2.091359433829784523e-02
2.181398753225803275e-02
2.178765329718589799e-02
2.124105796217918424e-02
2.163088356256484893e-02
2.081239670217037083e-02
2.275326763391494894e-02
2.304220429658889943e-02
2.205212634205818215e-02
2.326386940479278562e-02
2.390662279725074696e-02
2.272485369145870251e-02
2.172245527505874477e-02
2.119079872369766110e-02
2.233270767033100276e-02
