2.306963900375366361e+00
2.371584141492843745e-01
1.114344679594039961e-01
9.371430128812789639e-02
8.807361127138137180e-02
5.958664574623107751e-02
6.286972801089286966e-02
6.695215874910354081e-02
5.412610367536544592e-02
5.703854357004165682e-02
6.766566503047942438e-02
5.429794293045997478e-02
5.002114297151565719e-02
6.536675095558167059e-02
5.813796138763428073e-02
5.773037845492363235e-02
5.321375055313110058e-02
4.949439207911491417e-02
4.762237404584884759e-02
5.571869684457778776e-02
5.379765762090683162e-02
4.277944812178612055e-02
4.774283831715583903e-02
4.718635206818580508e-02
4.708448315858840966e-02
4.906838902831077431e-02
6.070351421833038164e-02
6.713823478221893348e-02
6.100290442705154359e-02
4.613806858658790755e-02
4.907580751776695338e-02
4.767129156589507838e-02
4.499514325261116249e-02
4.393579456210136569e-02
4.708471785187721276e-02
4.039928283095359923e-02
4.240047293901443720e-02
4.071813683509826337e-02
4.031516835689544914e-02
4.918155887126922365e-02
4.717564469575882130e-02
4.866681553721428216e-02
5.081739840507507044e-02
4.503131937980651978e-02
4.660255526304245277e-02
4.756007269024849216e-02
5.497970419526099911e-02
5.127889789938926829e-02
4.784442762732505489e-02
5.972318487167358608e-02
5.271462676525116159e-02
6.092788313627243296e-02
9.519521467685700122e-02
1.135141600489616431e-01
7.129945359826088402e-02
7.653683252334594900e-02
6.800123009681702246e-02
5.389663856625556693e-02
4.899152182936668265e-02
5.200356950163841085e-02
4.750628078579902797e-02
4.556222347617149698e-02
5.443157300949096750e-02
6.888325734138488199e-02
7.391571898460387591e-02
7.541146597862243006e-02
5.945480866432190092e-02
5.807333581447601117e-02
4.506142681241035591e-02
4.589941394329070945e-02
4.267171498537063873e-02
4.619156544804572939e-02
4.854769555330276654e-02
4.136040781736374100e-02
4.815249502658844327e-02
4.958447392582893132e-02
4.738759388327598576e-02
4.508711581230163273e-02
4.186770287156105219e-02
4.520222586989403046e-02
4.906391252279281717e-02
5.417084876298904755e-02
4.524860600829124641e-02
5.165688409805297560e-02
5.007547545433044256e-02
4.622634430527686883e-02
4.530159593820572150e-02
5.868846192359924302e-02
5.416850960254668973e-02
5.478526594638824521e-02
5.736335554122924674e-02
5.472442225217818978e-02
7.197100199460983172e-02
8.182066332101821382e-02
6.668914511203766216e-02
6.350692493915557901e-02
7.188041257858276967e-02
5.863853257894516280e-02
5.445837751030922075e-02
7.036455687284469407e-02
