2.305500008010864299e+00
3.269027934074401620e-01
6.904373049736023393e-02
4.625186640024184920e-02
3.823304306864738766e-02
3.151974452733993792e-02
2.796771278977393943e-02
2.628649197220802453e-02
2.403556060791015719e-02
2.329010473489761396e-02
2.219753991663455869e-02
2.358819122314453204e-02
2.182811374068260174e-02
2.180902744531631327e-02
1.956351594924926607e-02
2.107602859139442314e-02
2.076522743403911436e-02
2.005343890190124448e-02
2.019105724692344533e-02
1.951880582869052957e-02
1.913709399998187941e-02
1.904807352423668054e-02
2.091656522750854480e-02
1.949374085366726086e-02
1.859410188496112698e-02
1.858357493579387495e-02
1.927840797007084050e-02
1.874389471411705074e-02
1.952145083248615215e-02
1.931938579380512375e-02
1.926047267019748849e-02
2.090892038345337073e-02
1.827110311388969316e-02
1.949087403118610409e-02
1.997130607664585056e-02
2.105232942700386092e-02
2.150086995959282071e-02
1.994501871764660025e-02
2.103589263558387767e-02
1.973246418833732654e-02
1.979772879481315681e-02
2.172400248646736212e-02
2.141136421263217793e-02
2.297907806336879633e-02
2.113265165388584013e-02
2.244448105096816942e-02
2.187404258251190309e-02
2.169662534594535980e-02
2.254274559617042498e-02
2.110309418439865192e-02
2.115236024856567351e-02
2.194205728173255834e-02
2.072219361066818255e-02
2.060695478618145005e-02
2.196992336511612021e-02
2.033165856599807725e-02
2.041466313302517030e-02
2.061547268927097290e-02
2.027071455717086718e-02
2.179840458035469178e-02
2.022820910811424372e-02
2.075388941764831630e-02
2.215354564189911044e-02
2.149939990639686618e-02
2.279602577090263441e-02
2.100896272659301747e-02
2.247934867739677378e-02
2.032031340003013706e-02
2.001841109991073578e-02
2.252725646495819245e-02
2.184752601385116580e-02
2.016581586301326862e-02
2.062343577444553447e-02
2.265363256335258327e-02
2.201324478983878938e-02
2.105850807428360019e-02
2.227136603593826356e-02
2.182809289693832255e-02
2.236767861247062825e-02
2.018909433186054370e-02
2.062252201139926772e-02
2.309133717715740330e-02
2.301373975276947009e-02
2.142906755805015426e-02
2.233157892823219373e-02
2.091359466314315907e-02
2.181398740708827971e-02
2.178765662312507484e-02
2.124105765819549532e-02
2.163088518977165225e-02
2.081239552497863785e-02
2.275326520204544109e-02
2.304220907688140849e-02
2.205212531089782713e-02
2.326386901736259352e-02
2.390662342309951907e-02
2.272485339343547836e-02
2.172245467901229993e-02
2.119079606235027211e-02
2.233270744681358291e-02
