1.135000000000000037e-01
9.517999999999999794e-01
9.737999999999999989e-01
9.791999999999999593e-01
9.785000000000000364e-01
9.814000000000000501e-01
9.817000000000000171e-01
9.787000000000000144e-01
9.794000000000000483e-01
9.798999999999999932e-01
9.829999999999999849e-01
9.842999999999999527e-01
9.848999999999999977e-01
9.797000000000000153e-01
9.785000000000000364e-01
9.849999999999999867e-01
9.798000000000000043e-01
9.826000000000000290e-01
9.827000000000000179e-01
9.832999999999999519e-01
9.832999999999999519e-01
9.808999999999999941e-01
9.796000000000000263e-01
9.848999999999999977e-01
9.821999999999999620e-01
9.841999999999999638e-01
9.866000000000000325e-01
9.865000000000000435e-01
9.868000000000000105e-01
9.866000000000000325e-01
9.862999999999999545e-01
9.851999999999999647e-01
9.847000000000000197e-01
9.854000000000000536e-01
9.857000000000000206e-01
9.874000000000000554e-01
9.876000000000000334e-01
9.869999999999999885e-01
9.867000000000000215e-01
9.852999999999999536e-01
9.834000000000000519e-01
9.850999999999999757e-01
9.550999999999999490e-01
9.821999999999999620e-01
9.795000000000000373e-01
9.828999999999999959e-01
9.835000000000000409e-01
9.869999999999999885e-01
9.832999999999999519e-01
9.870999999999999774e-01
9.880999999999999783e-01
9.866000000000000325e-01
9.856000000000000316e-01
9.854000000000000536e-01
9.838000000000000078e-01
9.867000000000000215e-01
9.878000000000000114e-01
9.875000000000000444e-01
9.872999999999999554e-01
9.864000000000000545e-01
9.858000000000000096e-01
9.837000000000000188e-01
9.849999999999999867e-01
9.872999999999999554e-01
9.845000000000000417e-01
9.864000000000000545e-01
9.859999999999999876e-01
9.836000000000000298e-01
9.781999999999999584e-01
9.828000000000000069e-01
9.864000000000000545e-01
9.858999999999999986e-01
9.848000000000000087e-01
9.857000000000000206e-01
9.834000000000000519e-01
9.855000000000000426e-01
9.856000000000000316e-01
9.864000000000000545e-01
9.796000000000000263e-01
9.820999999999999730e-01
9.868000000000000105e-01
9.878000000000000114e-01
9.860999999999999766e-01
9.858000000000000096e-01
9.860999999999999766e-01
9.840999999999999748e-01
9.858999999999999986e-01
9.862999999999999545e-01
9.859999999999999876e-01
9.849999999999999867e-01
9.857000000000000206e-01
9.868000000000000105e-01
9.832999999999999519e-01
9.860999999999999766e-01
9.879000000000000004e-01
9.879999999999999893e-01
9.878000000000000114e-01
9.878000000000000114e-01
9.878000000000000114e-01
9.872999999999999554e-01
