1.135000000000000037e-01
9.387999999999999678e-01
9.761999999999999567e-01
9.796000000000000263e-01
9.748999999999999888e-01
9.830999999999999739e-01
9.828000000000000069e-01
9.822999999999999510e-01
9.828999999999999959e-01
9.820999999999999730e-01
9.750999999999999668e-01
9.836000000000000298e-01
9.858000000000000096e-01
9.859999999999999876e-01
9.837000000000000188e-01
9.872999999999999554e-01
9.855000000000000426e-01
9.849999999999999867e-01
9.727999999999999980e-01
9.854000000000000536e-01
9.848000000000000087e-01
9.874000000000000554e-01
9.852999999999999536e-01
9.832999999999999519e-01
9.841999999999999638e-01
9.847000000000000197e-01
9.856000000000000316e-01
9.815000000000000391e-01
9.858000000000000096e-01
9.846000000000000307e-01
9.857000000000000206e-01
9.862999999999999545e-01
9.878000000000000114e-01
9.880999999999999783e-01
9.889000000000000012e-01
9.878000000000000114e-01
9.895000000000000462e-01
9.889999999999999902e-01
9.877000000000000224e-01
9.875000000000000444e-01
9.887000000000000233e-01
9.883999999999999453e-01
9.885000000000000453e-01
9.887000000000000233e-01
9.879000000000000004e-01
9.869999999999999885e-01
9.872999999999999554e-01
9.864000000000000545e-01
9.879999999999999893e-01
9.877000000000000224e-01
9.875000000000000444e-01
9.800999999999999712e-01
9.837000000000000188e-01
9.808000000000000052e-01
9.808999999999999941e-01
9.778000000000000025e-01
9.703000000000000513e-01
9.794000000000000483e-01
9.856000000000000316e-01
9.859999999999999876e-01
9.844000000000000528e-01
9.838999999999999968e-01
9.856000000000000316e-01
9.874000000000000554e-01
9.876000000000000334e-01
9.880999999999999783e-01
9.871999999999999664e-01
9.862999999999999545e-01
9.801999999999999602e-01
9.835000000000000409e-01
9.848000000000000087e-01
9.848999999999999977e-01
9.860999999999999766e-01
9.861999999999999655e-01
9.858000000000000096e-01
9.855000000000000426e-01
9.858999999999999986e-01
9.849999999999999867e-01
9.827000000000000179e-01
9.850999999999999757e-01
9.842999999999999527e-01
9.837000000000000188e-01
9.858999999999999986e-01
9.796000000000000263e-01
9.857000000000000206e-01
9.867000000000000215e-01
9.883999999999999453e-01
9.878000000000000114e-01
9.879999999999999893e-01
9.886000000000000343e-01
9.887000000000000233e-01
9.889000000000000012e-01
9.888000000000000123e-01
9.891999999999999682e-01
9.893999999999999462e-01
9.895000000000000462e-01
9.891999999999999682e-01
9.893999999999999462e-01
9.896000000000000352e-01
9.896000000000000352e-01
