2.305500032424926626e+00
3.269027857780456570e-01
6.904372955560683645e-02
4.625186418890953055e-02
3.823304421901702749e-02
3.151974386572838072e-02
2.796771121621131895e-02
2.628649206757545376e-02
2.403555884361267131e-02
2.329010368585586466e-02
2.219753918945789259e-02
2.358818836808204700e-02
2.182811235785484319e-02
2.180902836322784477e-02
1.956351704597472999e-02
2.107602935433387781e-02
2.076522596776485610e-02
2.005343894064426369e-02
2.019105724096298057e-02
1.951880447566509136e-02
1.913709388077259113e-02
1.904807360172271896e-02
2.091656441092491076e-02
1.949374114573002026e-02
1.859410261213779308e-02
1.858357656598091240e-02
1.927841138839721594e-02
1.874389654994011029e-02
1.952145166695118048e-02
1.931938507854938369e-02
1.926047142148017838e-02
2.090892163515090801e-02
1.827110104560852183e-02
1.949087377786636391e-02
1.997130697071552302e-02
2.105233049988746580e-02
2.150087191760539918e-02
1.994501870572567073e-02
2.103589318394660790e-02
1.973246305584907406e-02
1.979772629737854006e-02
2.172399993538856600e-02
2.141136403977871028e-02
2.297907892465591434e-02
2.113265130221843660e-02
2.244448180198669457e-02
2.187404203414916939e-02
2.169662376642227108e-02
2.254274641275405902e-02
2.110309342145919725e-02
2.115236234664916865e-02
2.194205618500709443e-02
2.072219132184982202e-02
2.060695424973964587e-02
2.196992390155792091e-02
2.033165696561336361e-02
2.041466252207756182e-02
2.061547447741031783e-02
2.027071441411971986e-02
2.179840336441993612e-02
2.022820960283279457e-02
2.075388843417167589e-02
2.215354521870612978e-02
2.149939906597137310e-02
2.279602557420730424e-02
2.100896206498146027e-02
2.247934768497943797e-02
2.032031309604644814e-02
2.001841427981853466e-02
2.252725828886032247e-02
2.184752489328384284e-02
2.016581774950027342e-02
2.062343747615814210e-02
2.265363183617591716e-02
2.201324194967746797e-02
2.105850726962089567e-02
2.227136735916137797e-02
2.182809123396873413e-02
2.236767944097518834e-02
2.018909358084201855e-02
2.062252403795719266e-02
2.309133572876453239e-02
2.301373820900916994e-02
2.142906707525253293e-02
2.233158092796802552e-02
2.091359606385231190e-02
2.181398719251155874e-02
2.178765613734722287e-02
2.124106185436248906e-02
2.163088306188583332e-02
2.081239480674266715e-02
2.275326501131057569e-02
2.304220823049545411e-02
2.205212667584419139e-02
2.326386760473251464e-02
2.390662226676940755e-02
2.272485364973544919e-02
2.172245471477508502e-02
2.119079892337322191e-02
2.233270600736141087e-02
