2.324297577285766803e+00
2.814007924079894862e-01
1.248569379091262754e-01
9.349314748048782875e-02
6.529966083765030571e-02
5.934172765612602540e-02
6.099879449605941778e-02
5.885886058807372756e-02
5.791684215068817337e-02
4.979855093359947249e-02
1.004468522906303424e-01
6.828984957933426081e-02
5.242292338609695623e-02
5.122668522000312780e-02
5.552705516815185233e-02
4.678030953407287529e-02
5.222748934030532753e-02
5.130426433682441778e-02
5.986598904132842819e-02
4.873393364548683077e-02
5.400046818256377945e-02
5.132768821716308938e-02
5.736418777704238581e-02
7.437502355575562052e-02
5.632249651551246572e-02
5.941346832513809406e-02
4.933831588625908066e-02
5.115792475938796963e-02
5.309453095793723737e-02
6.039141120910644644e-02
5.861580480039119828e-02
7.559283645153046238e-02
8.561116369962691597e-02
6.596476674675941232e-02
6.504742792844772636e-02
5.467233619689941537e-02
5.938057481646537988e-02
4.950214354395866129e-02
4.567002742886543121e-02
4.777921139597892525e-02
4.953375949859618876e-02
7.027257186174393211e-02
2.199834970951080326e-01
5.087391516566276695e-02
7.507323901653289999e-02
6.792578697204590399e-02
5.642054210901260164e-02
6.248411936163902197e-02
5.111665319800377111e-02
4.938358739018440524e-02
4.547004660367965495e-02
4.926323578953743093e-02
4.838899590969085451e-02
4.648230893015861676e-02
4.977917013764381754e-02
4.775459740757942440e-02
4.739244567155837667e-02
4.554423733353615139e-02
4.990974668860435198e-02
4.456927803754806572e-02
4.934140824675559839e-02
4.799633989334106676e-02
5.737531132698059366e-02
5.031614823937415742e-02
5.648437699079513624e-02
4.927887625396251692e-02
4.763043923079967462e-02
4.349563431739807140e-02
4.852452813684940414e-02
6.180088876485824445e-02
5.001050335764885280e-02
4.349586015343666345e-02
5.114273385405540551e-02
5.899712260365486127e-02
4.842653684616089055e-02
6.513430115580558233e-02
8.313746008872985316e-02
5.789415541887283495e-02
1.609024782061576897e-01
6.531635689735412753e-02
5.601445130109786869e-02
4.956321768164635017e-02
5.100024518370628590e-02
4.868815569877624205e-02
4.973738698363304456e-02
5.522947043180465726e-02
5.036103281378746105e-02
4.811198745369911489e-02
4.826659350991249070e-02
5.015717536211013877e-02
4.947477264404297193e-02
5.701220436692237825e-02
7.874843573570251831e-02
7.013836835622787313e-02
6.857483487129210908e-02
5.974046590328216388e-02
5.969495950937270951e-02
5.097937803268432627e-02
5.846724805831909205e-02
6.732648739814758865e-02
