2.305500008010864299e+00
3.269027803897857631e-01
6.904372955560683645e-02
4.625186448097229341e-02
3.823304507136345010e-02
3.151974281072616318e-02
2.796771087646484494e-02
2.628649134635925241e-02
2.403555912971496594e-02
2.329010354280471734e-02
2.219754026830196222e-02
2.358819069862365739e-02
2.182811483740806566e-02
2.180902763605117867e-02
1.956351635754108309e-02
2.107602960169315323e-02
2.076522654891014077e-02
2.005343880057335049e-02
2.019105681180953862e-02
1.951880483329295965e-02
1.913709419071674481e-02
1.904807591438293507e-02
2.091656438112259042e-02
1.949374197423458036e-02
1.859410188794136110e-02
1.858357525169849339e-02
1.927840731441974806e-02
1.874389480650424933e-02
1.952145142853260046e-02
1.931938418447971470e-02
1.926047158539295062e-02
2.090892060399055646e-02
1.827110157012939301e-02
1.949087395966053043e-02
1.997130502462387061e-02
2.105233060121536326e-02
2.150086948275566068e-02
1.994501850008964516e-02
2.103589462041854929e-02
1.973246369957924046e-02
1.979772900342941302e-02
2.172400091290473817e-02
2.141136572360992363e-02
2.297907849550247239e-02
2.113265021443367156e-02
2.244447926878929273e-02
2.187404227554798006e-02
2.169662511348724454e-02
2.254274435639381374e-02
2.110309452712536005e-02
2.115236169695854096e-02
2.194205537438392514e-02
2.072219270467758057e-02
2.060695566534995887e-02
2.196992306709289605e-02
2.033165725171566171e-02
2.041466148197650793e-02
2.061547414362430511e-02
2.027071453332901160e-02
2.179840585589408811e-02
2.022820859551429859e-02
2.075388929247855979e-02
2.215354323387146163e-02
2.149939702153205734e-02
2.279602684378623928e-02
2.100896178185939628e-02
2.247934779524803084e-02
2.032031337022781325e-02
2.001841111183166530e-02
2.252725778222084210e-02
2.184752742052078339e-02
2.016581774353980866e-02
2.062343402206897811e-02
2.265363102853298199e-02
2.201324442923069044e-02
2.105850594043731649e-02
2.227137036323547509e-02
2.182809242606163075e-02
2.236767778694629533e-02
2.018909450173378070e-02
2.062252294421195939e-02
2.309133604764938494e-02
2.301373922228813068e-02
2.142906645834445969e-02
2.233158134222030730e-02
2.091359489858150497e-02
2.181398923993110514e-02
2.178765734434127965e-02
2.124105986356735268e-02
2.163088688850402924e-02
2.081239376366138608e-02
2.275326567888259766e-02
2.304220746159553468e-02
2.205212919116020243e-02
2.326386836171150108e-02
2.390662276446819251e-02
2.272485125064849926e-02
2.172245407104492210e-02
2.119079887270927318e-02
2.233270587921142719e-02
