1.135000000000000037e-01
9.314000000000000057e-01
9.748999999999999888e-01
9.772999999999999465e-01
9.779999999999999805e-01
9.800999999999999712e-01
9.839999999999999858e-01
9.817000000000000171e-01
9.840999999999999748e-01
9.847000000000000197e-01
9.842999999999999527e-01
9.839999999999999858e-01
9.858999999999999986e-01
9.841999999999999638e-01
9.821999999999999620e-01
9.807000000000000162e-01
9.847000000000000197e-01
9.839999999999999858e-01
9.831999999999999629e-01
9.838000000000000078e-01
9.827000000000000179e-01
9.820999999999999730e-01
9.810999999999999721e-01
9.781999999999999584e-01
9.847000000000000197e-01
9.858000000000000096e-01
9.852999999999999536e-01
9.844000000000000528e-01
9.828999999999999959e-01
9.828000000000000069e-01
9.848999999999999977e-01
9.834000000000000519e-01
9.840999999999999748e-01
9.835000000000000409e-01
9.867000000000000215e-01
9.850999999999999757e-01
9.835000000000000409e-01
9.777000000000000135e-01
9.848000000000000087e-01
9.831999999999999629e-01
9.840999999999999748e-01
9.768999999999999906e-01
9.838000000000000078e-01
9.838999999999999968e-01
9.844000000000000528e-01
9.856000000000000316e-01
9.839999999999999858e-01
9.856000000000000316e-01
9.858999999999999986e-01
9.859999999999999876e-01
9.877000000000000224e-01
9.879000000000000004e-01
9.864000000000000545e-01
9.878000000000000114e-01
9.857000000000000206e-01
9.838999999999999968e-01
9.832999999999999519e-01
9.850999999999999757e-01
9.848999999999999977e-01
9.841999999999999638e-01
9.832999999999999519e-01
9.772999999999999465e-01
9.819999999999999840e-01
9.836000000000000298e-01
9.829999999999999849e-01
9.854000000000000536e-01
9.864000000000000545e-01
9.868999999999999995e-01
9.860999999999999766e-01
9.883999999999999453e-01
9.877000000000000224e-01
9.879999999999999893e-01
9.879999999999999893e-01
9.874000000000000554e-01
9.885000000000000453e-01
9.883999999999999453e-01
9.880999999999999783e-01
9.848000000000000087e-01
9.848000000000000087e-01
9.836000000000000298e-01
9.787000000000000144e-01
9.771999999999999575e-01
9.832999999999999519e-01
9.839999999999999858e-01
9.832999999999999519e-01
9.838000000000000078e-01
9.851999999999999647e-01
9.848999999999999977e-01
9.829999999999999849e-01
9.828000000000000069e-01
9.837000000000000188e-01
9.831999999999999629e-01
9.816000000000000281e-01
9.816000000000000281e-01
9.838000000000000078e-01
9.850999999999999757e-01
9.850999999999999757e-01
9.856000000000000316e-01
9.859999999999999876e-01
9.852999999999999536e-01
