2.298554536819457983e+00
3.452019151687621967e-01
1.109367660999298066e-01
9.123260021209717019e-02
7.940003447532653635e-02
6.806338472962379649e-02
5.761248598694801437e-02
6.441006825566292227e-02
5.337482502460479811e-02
5.202252857089042365e-02
5.071817309856414824e-02
5.600127040147781510e-02
4.909063149094581441e-02
5.210733190178871294e-02
6.144482871294021376e-02
6.596781787872314784e-02
5.134997266530990506e-02
5.310680698156356599e-02
5.777051810026168771e-02
5.345957582592963941e-02
5.715596819519996874e-02
6.257487400770186947e-02
6.714004150032996943e-02
7.422395696043967983e-02
5.406795458793640236e-02
5.236347879171371344e-02
5.509390959143638938e-02
5.682092620134353983e-02
6.038178259134292791e-02
6.426603921055794311e-02
5.495345622897147841e-02
5.858894007205962817e-02
5.715769523978233430e-02
5.856706489920616293e-02
4.643034871816634906e-02
5.438797451853752407e-02
5.684021803736686446e-02
9.265283312797546744e-02
5.370641344189643757e-02
5.622408962845801966e-02
5.556911844611167606e-02
8.174630782604216939e-02
5.515817474126815528e-02
5.348055871725082566e-02
5.470212001800536794e-02
4.987564398646354702e-02
5.972224143147468467e-02
5.033835905790329246e-02
5.406583763957023558e-02
5.191903108358383173e-02
4.601760234236717401e-02
4.692736204266548250e-02
5.430765522718429550e-02
4.771392457485199023e-02
5.510808953642844926e-02
6.986326269507407705e-02
6.992769099473952754e-02
5.827136183977127404e-02
6.035772712826728559e-02
5.802527955174446167e-02
6.198794360756874205e-02
9.368401905298233412e-02
7.305277470946311413e-02
6.445090509057045669e-02
6.555763542652130738e-02
5.269627271294594073e-02
5.322726298570632647e-02
5.119591392874717900e-02
5.719999632835388176e-02
4.416708338260650485e-02
4.513882305622100855e-02
4.562107185721397257e-02
4.673715532422065971e-02
4.440700973272323354e-02
4.351355578303336968e-02
4.342892635464667972e-02
4.703412030935287536e-02
5.939160588979720823e-02
5.975314984321593997e-02
6.665204179286957076e-02
8.841115770936011642e-02
9.952344856262207440e-02
6.575248810052872206e-02
5.860812316536903599e-02
6.234589679837226894e-02
6.542885715961456461e-02
5.623407812118530469e-02
5.866355279684067059e-02
7.198642297387122801e-02
6.759721705317497942e-02
6.752058191895485284e-02
6.268183472156524383e-02
7.503791146278381008e-02
7.457758969068527255e-02
6.654934862852096566e-02
6.008767971992493018e-02
6.073306408524513367e-02
5.932958788871765116e-02
5.602113237380981769e-02
5.933418260812759609e-02
