1.135000000000000037e-01
9.567999999999999838e-01
9.625000000000000222e-01
9.758000000000000007e-01
9.802999999999999492e-01
9.794000000000000483e-01
9.814000000000000501e-01
9.820999999999999730e-01
9.796000000000000263e-01
9.791999999999999593e-01
9.809999999999999831e-01
9.761999999999999567e-01
9.824000000000000510e-01
9.838000000000000078e-01
9.798000000000000043e-01
9.834000000000000519e-01
9.816000000000000281e-01
9.861999999999999655e-01
9.865000000000000435e-01
9.791999999999999593e-01
9.741999999999999549e-01
9.810999999999999721e-01
9.831999999999999629e-01
9.812999999999999501e-01
9.838999999999999968e-01
9.847000000000000197e-01
9.868000000000000105e-01
9.849999999999999867e-01
9.868000000000000105e-01
9.866000000000000325e-01
9.868000000000000105e-01
9.862999999999999545e-01
9.845000000000000417e-01
9.866000000000000325e-01
9.842999999999999527e-01
9.862999999999999545e-01
9.805000000000000382e-01
9.751999999999999558e-01
9.796000000000000263e-01
9.838000000000000078e-01
9.834000000000000519e-01
9.865000000000000435e-01
9.856000000000000316e-01
9.837000000000000188e-01
9.851999999999999647e-01
9.828999999999999959e-01
9.859999999999999876e-01
9.849999999999999867e-01
9.851999999999999647e-01
9.864000000000000545e-01
9.860999999999999766e-01
9.850999999999999757e-01
9.851999999999999647e-01
9.855000000000000426e-01
9.830999999999999739e-01
9.835000000000000409e-01
9.817000000000000171e-01
9.776000000000000245e-01
9.794000000000000483e-01
9.806000000000000272e-01
9.791999999999999593e-01
9.771999999999999575e-01
9.839999999999999858e-01
9.828999999999999959e-01
9.827000000000000179e-01
9.857000000000000206e-01
9.866000000000000325e-01
9.868000000000000105e-01
9.875000000000000444e-01
9.874000000000000554e-01
9.874000000000000554e-01
9.852999999999999536e-01
9.864000000000000545e-01
9.858000000000000096e-01
9.862999999999999545e-01
9.855000000000000426e-01
9.842999999999999527e-01
9.847000000000000197e-01
9.856000000000000316e-01
9.874000000000000554e-01
9.848000000000000087e-01
9.839999999999999858e-01
9.818000000000000060e-01
9.855000000000000426e-01
9.819999999999999840e-01
9.880999999999999783e-01
9.845000000000000417e-01
9.841999999999999638e-01
9.868000000000000105e-01
9.874000000000000554e-01
9.872999999999999554e-01
9.867000000000000215e-01
9.872999999999999554e-01
9.875000000000000444e-01
9.880999999999999783e-01
9.869999999999999885e-01
9.862999999999999545e-01
9.864000000000000545e-01
9.888000000000000123e-01
9.871999999999999664e-01
