2.318260663604736482e+00
2.653616683959961198e-01
1.392093682050704884e-01
9.910868092775344806e-02
6.933383479714393116e-02
7.229066348075866011e-02
6.057915275096893010e-02
6.115785608291626069e-02
6.553976205587387638e-02
6.832405138015747170e-02
6.027435263991355596e-02
7.585772587060927996e-02
5.584842711687088013e-02
5.414382436871528759e-02
6.889786292910575483e-02
5.419230204224586428e-02
5.817695103287696956e-02
4.733095204234123027e-02
4.589304524660110796e-02
6.931404554843902110e-02
8.578969752788544179e-02
6.150089154243468942e-02
5.859435952901840411e-02
6.687313955426216205e-02
5.503284925222396567e-02
5.341016576886176842e-02
4.727146385908127108e-02
4.926718236804008416e-02
4.806326618194579903e-02
4.902914832234382680e-02
4.555436259508133245e-02
4.531901163458824239e-02
5.481946570873260510e-02
5.102687600255012557e-02
5.784605507850647255e-02
5.674155277013778753e-02
7.254736534357071609e-02
8.312087717056274028e-02
7.180883613824844136e-02
5.476862025260924999e-02
5.603901529908180551e-02
5.117068920135497967e-02
5.001273515820503501e-02
5.472400882840156716e-02
5.047650761604308839e-02
6.151439768075943337e-02
5.130966800451278870e-02
5.415686258077621190e-02
5.625959008932113897e-02
4.750487374663352885e-02
4.949713284373283284e-02
5.669938555359840121e-02
5.110024687051772929e-02
5.668555380105972513e-02
6.384601414203644465e-02
6.599566746950150109e-02
6.635576707124710150e-02
9.181698782444000506e-02
7.636888542175293559e-02
7.501804672479629732e-02
7.828343341350554874e-02
8.173209085464477885e-02
5.554680193066596772e-02
6.261578750610351241e-02
6.741700642108917896e-02
5.131276077032088934e-02
5.057578511238098457e-02
4.925443462133407418e-02
4.555730909109115268e-02
4.840595330595970358e-02
4.840341684818268153e-02
5.423587123155593909e-02
5.579195039272308310e-02
5.478169550895690965e-02
4.957271972894668893e-02
6.128260486125945705e-02
5.507493910789489772e-02
6.033024072647094616e-02
5.824724596738815180e-02
4.876370501518249856e-02
5.638519230484962536e-02
5.965199539661407424e-02
7.457672677040100284e-02
5.446686785817145965e-02
6.835378350019455373e-02
4.631485190391540496e-02
5.906640909910201853e-02
5.943647205233573705e-02
5.383135181665420210e-02
5.204689862728118649e-02
5.125217759013175889e-02
5.242105662822723472e-02
5.084211255311965605e-02
4.598108795285225231e-02
4.728375972807407485e-02
5.188164479136467278e-02
5.185101709365844830e-02
5.337120171189307927e-02
4.952454851269721958e-02
5.150070789456367287e-02
