2.305499983596801972e+00
3.269027964591980084e-01
6.904373031854629805e-02
4.625186523199081162e-02
3.823304440379142466e-02
3.151974319219589399e-02
2.796770983338356040e-02
2.628649297356605574e-02
2.403556061387062195e-02
2.329010429978370725e-02
2.219754077196121195e-02
2.358818998336792080e-02
2.182811325788498041e-02
2.180902711153030402e-02
1.956351421177387334e-02
2.107603103220462640e-02
2.076522532403468971e-02
2.005343887805938891e-02
2.019105696678161546e-02
1.951880498230457173e-02
1.913709522187709636e-02
1.904807534217834580e-02
2.091656339168548526e-02
1.949374185800552273e-02
1.859410179257392839e-02
1.858357235193252438e-02
1.927840911746024968e-02
1.874389543235302144e-02
1.952145262658596184e-02
1.931938712894916421e-02
1.926047220230102386e-02
2.090892168879509086e-02
1.827109974622726299e-02
1.949087556600570537e-02
1.997130495309829695e-02
2.105232997536659115e-02
2.150086838304996611e-02
1.994501790702343097e-02
2.103589101135730846e-02
1.973246212601661650e-02
1.979772826135158675e-02
2.172400068640708767e-02
2.141136491298675434e-02
2.297907730638980989e-02
2.113265127837657756e-02
2.244448228478431590e-02
2.187404222488403480e-02
2.169662500619888232e-02
2.254274469614028775e-02
2.110309420824050750e-02
2.115236087441444562e-02
2.194205577969551152e-02
2.072219331562518904e-02
2.060695523619651692e-02
2.196992335319519069e-02
2.033166042268276172e-02
2.041466430723667264e-02
2.061547456681728230e-02
2.027071512937545644e-02
2.179840529561042836e-02
2.022820845842361603e-02
2.075388844907283953e-02
2.215354456305503733e-02
2.149939804673194760e-02
2.279602369666099485e-02
2.100896261632442460e-02
2.247934707701206361e-02
2.032031356394290930e-02
2.001841094195842830e-02
2.252726002931594931e-02
2.184752541780471749e-02
2.016581507325172426e-02
2.062343655824661406e-02
2.265363108217716137e-02
2.201324913799762584e-02
2.105850836634635959e-02
2.227136851549148602e-02
2.182809081673622170e-02
2.236767879724502542e-02
2.018909557461738558e-02
2.062252289652824477e-02
2.309133829176425803e-02
2.301373836994171154e-02
2.142906941473483873e-02
2.233158010840416083e-02
2.091359209418296866e-02
2.181398703455925125e-02
2.178765669763088261e-02
2.124106013774871779e-02
2.163088513612747288e-02
2.081239566504955452e-02
2.275326520204544109e-02
2.304220764636993532e-02
2.205212724208831937e-02
2.326386665701866280e-02
2.390662220418453277e-02
2.272485127747058894e-02
2.172245576679706497e-02
2.119079687297344139e-02
2.233270927071571293e-02
