2.307422505187988193e+00
2.930766406059265305e-01
1.192767497062683091e-01
8.706949568986892263e-02
7.760490962266922144e-02
8.839751484394073322e-02
6.197191036343574488e-02
5.504469013214111084e-02
5.601707069873809730e-02
5.332649956345558023e-02
6.037030563950538525e-02
5.820327389240265159e-02
5.546474596261977835e-02
6.207309483885765228e-02
5.982550398707389694e-02
5.986492776870727672e-02
5.155445912480354637e-02
5.141401377320289900e-02
5.662721382975578061e-02
6.506188921332359265e-02
7.717293267846107863e-02
6.998275399208069014e-02
5.629234540462493830e-02
5.954367362260818558e-02
4.699009819626807916e-02
5.741235759258270233e-02
5.015357273817062228e-02
4.989483100175857305e-02
5.839800677299499670e-02
5.089614337682724088e-02
7.837334949970245490e-02
5.622542130351066564e-02
6.181881306767463696e-02
6.226860811412334579e-02
5.981572092771530319e-02
5.438535506129264785e-02
5.910165284276008846e-02
5.321653829216957399e-02
5.066649181246757339e-02
5.047820965051651176e-02
4.776972325444221734e-02
4.671400230228901079e-02
4.791145122945308921e-02
6.742842391729354790e-02
5.178823364377022065e-02
5.657590924799442422e-02
5.333197595477104369e-02
5.291133156418800082e-02
4.921746167540549943e-02
5.147681320309639014e-02
4.659105685949325310e-02
5.494676886200904747e-02
5.037246174812316790e-02
4.968703992366790834e-02
4.567117169797420273e-02
4.428586966395377938e-02
4.368757133483886640e-02
4.243991676270961882e-02
4.397733241319656122e-02
4.312036535143852489e-02
4.492952711582183511e-02
4.520936728119850229e-02
4.547676024436950876e-02
4.597571125626564309e-02
4.496768941283225962e-02
4.347361277341842828e-02
4.327174295485019390e-02
4.356316865384578935e-02
4.861329276561737051e-02
5.823250769376754621e-02
8.844031743407249069e-02
6.261594258546829272e-02
6.784077110290527568e-02
6.597246161699295286e-02
6.454833875894545880e-02
5.586178756952285551e-02
5.504879429936408719e-02
5.924393014907836791e-02
5.226448829174041438e-02
4.729738818407058787e-02
4.952980569601059258e-02
4.389421432614326601e-02
4.339712759852409202e-02
4.648405182957648929e-02
4.745178796052932496e-02
4.678645497560501160e-02
5.120296751856803774e-02
4.306066541075706522e-02
4.457226920723915409e-02
5.113999692797660535e-02
4.640485538244247532e-02
4.481562849283218103e-02
4.488327661752700842e-02
4.415625258684158227e-02
4.412461366653442491e-02
4.426406418681144705e-02
4.880263141393661325e-02
4.787128209471702700e-02
4.675521824359894080e-02
4.543749722242355210e-02
