2.305499983596801972e+00
3.269027803897857631e-01
6.904372841119765791e-02
4.625186457037925442e-02
3.823304526209831550e-02
3.151974384784698296e-02
2.796771116852760433e-02
2.628649230003356901e-02
2.403556147813797061e-02
2.329010579586028931e-02
2.219753995835781202e-02
2.358818897008896007e-02
2.182811149358749453e-02
2.180902792513370395e-02
1.956351605057716353e-02
2.107602988481521722e-02
2.076522731482982609e-02
2.005343844890594349e-02
2.019105550050735373e-02
1.951880277395248373e-02
1.913709349632263315e-02
1.904807609021663684e-02
2.091656445264816408e-02
1.949374231100082372e-02
1.859410126507282310e-02
1.858357429206371203e-02
1.927840833067893944e-02
1.874389353692531429e-02
1.952145204544067369e-02
1.931938530802726831e-02
1.926047078967094497e-02
2.090892088413238634e-02
1.827110175788402430e-02
1.949087340831756610e-02
1.997130596935749181e-02
2.105233023762703021e-02
2.150086814761161674e-02
1.994501709640026169e-02
2.103589289188384850e-02
1.973246159553527709e-02
1.979772738218307446e-02
2.172400009036064283e-02
2.141136395931243774e-02
2.297908068895340022e-02
2.113265229165554177e-02
2.244447918534278955e-02
2.187404308617114934e-02
2.169662563800811919e-02
2.254274670481681841e-02
2.110309253036975891e-02
2.115236046314239449e-02
2.194205646216869365e-02
2.072219347357749999e-02
2.060695390403270710e-02
2.196992269158363348e-02
2.033165911138057683e-02
2.041466212868690497e-02
2.061547185480594804e-02
2.027071514725685072e-02
2.179840569496154651e-02
2.022821049690246703e-02
2.075388745963573436e-02
2.215354433655738683e-02
2.149939771592616899e-02
2.279602439403534062e-02
2.100896348655223803e-02
2.247934672236442596e-02
2.032030957341194113e-02
2.001840933859348401e-02
2.252725918292999147e-02
2.184752614796161771e-02
2.016581825017929250e-02
2.062343731820583462e-02
2.265363355576991908e-02
2.201324551105499419e-02
2.105850863456725994e-02
2.227136895656585749e-02
2.182809190154075610e-02
2.236767819523811235e-02
2.018909336626529757e-02
2.062252308428287606e-02
2.309133704602718204e-02
2.301373876333236840e-02
2.142906871140003167e-02
2.233158156275749304e-02
2.091359471678733845e-02
2.181398788988590104e-02
2.178765594959259158e-02
2.124105994701385586e-02
2.163088548183441165e-02
2.081239293813705316e-02
2.275326619744300755e-02
2.304220978021621555e-02
2.205212738513946669e-02
2.326386895179748462e-02
2.390662191510200402e-02
2.272485280930995957e-02
2.172245380282402175e-02
2.119079605042934258e-02
2.233270846009254365e-02
