1.135000000000000037e-01
9.586999999999999966e-01
9.750999999999999668e-01
9.728999999999999870e-01
9.776000000000000245e-01
9.785000000000000364e-01
9.812999999999999501e-01
9.818000000000000060e-01
9.825000000000000400e-01
9.822999999999999510e-01
9.830999999999999739e-01
9.839999999999999858e-01
9.831999999999999629e-01
9.834000000000000519e-01
9.847000000000000197e-01
9.838000000000000078e-01
9.801999999999999602e-01
9.814000000000000501e-01
9.776000000000000245e-01
9.830999999999999739e-01
9.861999999999999655e-01
9.708999999999999853e-01
9.819999999999999840e-01
9.844000000000000528e-01
9.860999999999999766e-01
9.856000000000000316e-01
9.841999999999999638e-01
9.842999999999999527e-01
9.838000000000000078e-01
9.855000000000000426e-01
9.768999999999999906e-01
9.860999999999999766e-01
9.835000000000000409e-01
9.842999999999999527e-01
9.848000000000000087e-01
9.864000000000000545e-01
9.848000000000000087e-01
9.849999999999999867e-01
9.846000000000000307e-01
9.848000000000000087e-01
9.849999999999999867e-01
9.850999999999999757e-01
9.854000000000000536e-01
9.842999999999999527e-01
9.799999999999999822e-01
9.807000000000000162e-01
9.809999999999999831e-01
9.831999999999999629e-01
9.848999999999999977e-01
9.842999999999999527e-01
9.840999999999999748e-01
9.835000000000000409e-01
9.806000000000000272e-01
9.733000000000000540e-01
9.818999999999999950e-01
9.838999999999999968e-01
9.830999999999999739e-01
9.832999999999999519e-01
9.826000000000000290e-01
9.820999999999999730e-01
9.826000000000000290e-01
9.812999999999999501e-01
9.866000000000000325e-01
9.838000000000000078e-01
9.858000000000000096e-01
9.850999999999999757e-01
9.858000000000000096e-01
9.831999999999999629e-01
9.856000000000000316e-01
9.868999999999999995e-01
9.872999999999999554e-01
9.862999999999999545e-01
9.858999999999999986e-01
9.862999999999999545e-01
9.859999999999999876e-01
9.862999999999999545e-01
9.870999999999999774e-01
9.868000000000000105e-01
9.871999999999999664e-01
9.871999999999999664e-01
9.864000000000000545e-01
9.857000000000000206e-01
9.868000000000000105e-01
9.860999999999999766e-01
9.861999999999999655e-01
9.848999999999999977e-01
9.848999999999999977e-01
9.838999999999999968e-01
9.794000000000000483e-01
9.779999999999999805e-01
9.816000000000000281e-01
9.838000000000000078e-01
9.860999999999999766e-01
9.852999999999999536e-01
9.862999999999999545e-01
9.871999999999999664e-01
9.870999999999999774e-01
9.858000000000000096e-01
9.876000000000000334e-01
9.866000000000000325e-01
