1.135000000000000037e-01
9.356999999999999762e-01
9.704000000000000403e-01
9.715000000000000302e-01
9.741999999999999549e-01
9.788000000000000034e-01
9.776000000000000245e-01
9.774000000000000465e-01
9.768000000000000016e-01
9.778999999999999915e-01
9.787000000000000144e-01
9.797000000000000153e-01
9.806000000000000272e-01
9.811999999999999611e-01
9.788999999999999924e-01
9.826000000000000290e-01
9.817000000000000171e-01
9.834000000000000519e-01
9.817000000000000171e-01
9.798000000000000043e-01
9.768999999999999906e-01
9.748999999999999888e-01
9.788000000000000034e-01
9.800999999999999712e-01
9.758000000000000007e-01
9.758000000000000007e-01
9.822999999999999510e-01
9.841999999999999638e-01
9.819999999999999840e-01
9.830999999999999739e-01
9.826000000000000290e-01
9.851999999999999647e-01
9.840999999999999748e-01
9.852999999999999536e-01
9.848000000000000087e-01
9.860999999999999766e-01
9.802999999999999492e-01
9.782999999999999474e-01
9.810999999999999721e-01
9.822999999999999510e-01
9.832999999999999519e-01
9.804000000000000492e-01
9.814000000000000501e-01
9.622000000000000552e-01
9.800999999999999712e-01
9.795000000000000373e-01
9.822999999999999510e-01
9.835000000000000409e-01
9.838000000000000078e-01
9.859999999999999876e-01
9.858000000000000096e-01
9.828999999999999959e-01
9.802999999999999492e-01
9.807000000000000162e-01
9.811999999999999611e-01
9.802999999999999492e-01
9.834000000000000519e-01
9.840999999999999748e-01
9.846000000000000307e-01
9.834000000000000519e-01
9.788999999999999924e-01
9.831999999999999629e-01
9.837000000000000188e-01
9.841999999999999638e-01
9.848000000000000087e-01
9.832999999999999519e-01
9.832999999999999519e-01
9.840999999999999748e-01
9.854000000000000536e-01
9.856000000000000316e-01
9.858999999999999986e-01
9.858000000000000096e-01
9.844000000000000528e-01
9.858000000000000096e-01
9.856000000000000316e-01
9.856000000000000316e-01
9.862999999999999545e-01
9.862999999999999545e-01
9.869999999999999885e-01
9.860999999999999766e-01
9.864000000000000545e-01
9.864000000000000545e-01
9.869999999999999885e-01
9.799999999999999822e-01
9.847000000000000197e-01
9.842999999999999527e-01
9.849999999999999867e-01
9.869999999999999885e-01
9.854000000000000536e-01
9.839999999999999858e-01
9.847000000000000197e-01
9.828999999999999959e-01
9.852999999999999536e-01
9.840999999999999748e-01
9.851999999999999647e-01
9.866000000000000325e-01
9.868000000000000105e-01
9.860999999999999766e-01
9.848999999999999977e-01
9.860999999999999766e-01
