2.315046990585327258e+00
3.742954782962799043e-01
1.175975916147232042e-01
9.982111366987228562e-02
9.134145020246506319e-02
7.788663331270218038e-02
7.203867219686507783e-02
7.258241870999336542e-02
8.120035817623139085e-02
7.168476916551590195e-02
6.629504804611205393e-02
6.730800104737282019e-02
6.283522334098816386e-02
6.598302870988845270e-02
7.146628729701041960e-02
6.349790129661560256e-02
6.340978237390518246e-02
5.554375432133674961e-02
6.295379383563995401e-02
6.751770263910293612e-02
7.770503424406051407e-02
9.037096125483512488e-02
7.509885926842689574e-02
6.982057358026504124e-02
8.823650437593459628e-02
8.710486438870429504e-02
6.395740988254547399e-02
5.857859034538268755e-02
6.761637043952942183e-02
6.436589508056640707e-02
6.677665944695472533e-02
5.963432244658470327e-02
5.880989149808883709e-02
6.073548561334610185e-02
5.917823491096496635e-02
5.797386503219604387e-02
8.281259014606476287e-02
8.144682206511497102e-02
7.476774653792381264e-02
7.182801829576491992e-02
6.680203223228455001e-02
7.776109681129456108e-02
7.104408142566680240e-02
1.471245929718017487e-01
7.821231818199157748e-02
7.266678156852722503e-02
6.562878694534302060e-02
7.009656531214714104e-02
6.701838921308517216e-02
5.816758045554160789e-02
5.885549784898758130e-02
7.355507594347000799e-02
7.603651784658431445e-02
7.868850781917571813e-02
6.957788290977477696e-02
8.181771447658538199e-02
6.379618372321128883e-02
6.100253214240074218e-02
6.192169327139854240e-02
6.201431470513343869e-02
8.256349079608917008e-02
6.840524201393127779e-02
6.562072430849075211e-02
6.542858332395554144e-02
6.315898244380950544e-02
6.706105264425277213e-02
6.656773689985275022e-02
6.765397611856460713e-02
6.173301840424537390e-02
6.100418621897697735e-02
5.961433420181274506e-02
6.148640334606170904e-02
6.221152890920639278e-02
6.096841099262237385e-02
6.046024066209793046e-02
6.317890949249267696e-02
5.921195725202560434e-02
5.898866699934005725e-02
5.726866163611411820e-02
5.867796202898025587e-02
5.606093878746032377e-02
5.836625069975853036e-02
5.763552328348160031e-02
9.113813904523850040e-02
6.333175096511840796e-02
6.876027822494507058e-02
6.656420497298240480e-02
6.139665927290916675e-02
6.265313363075256103e-02
6.898274447917938923e-02
6.562253431677818327e-02
7.733288056254386533e-02
6.658295273780823198e-02
6.992187452316284135e-02
6.592433391809462973e-02
6.317719445228577035e-02
6.224189100861549084e-02
6.669020470380783439e-02
6.996460176706313649e-02
6.744808573722839429e-02
