5.327009485771343478e-01
6.200698951572640727e-01
6.949575636545182178e-01
6.979530703944083481e-01
7.114328507239141564e-01
6.774837743384922728e-01
7.254118821767349123e-01
5.951073389915126910e-01
6.964553170244632829e-01
4.937593609585621546e-01
6.610084872690963342e-01
7.169246130803794692e-01
7.363954068896655381e-01
5.521717423864204166e-01
7.408886669995007335e-01
6.814777833250125205e-01
7.324013979031452903e-01
6.984523215177234068e-01
7.284073889166250426e-01
7.304043934098851665e-01
6.769845232151772141e-01
7.049425861208187261e-01
6.724912631053420187e-01
6.485272091862206434e-01
7.299051422865701078e-01
7.224163754368447821e-01
6.580129805292062040e-01
6.694957563654517774e-01
6.924613080379430352e-01
7.443834248627059225e-01
6.545182226660010150e-01
7.538691962056914830e-01
7.054418372441337848e-01
7.428856714927608573e-01
7.333999001497752968e-01
7.174238642036944169e-01
6.620069895157264517e-01
7.333999001497752968e-01
6.704942586120818948e-01
7.149276085871193454e-01
7.049425861208187261e-01
7.453819271093360399e-01
6.794807788317523967e-01
7.483774338492261702e-01
7.428856714927608573e-01
7.299051422865701078e-01
7.299051422865701078e-01
7.443834248627059225e-01
7.508736894658013528e-01
6.260609086370444443e-01
