8.636111655832824141e+00
2.330795769208202639e+00
2.146905456134455381e+00
1.342847613650325345e+00
1.055941786667256688e+00
1.018944241378048954e+00
9.557386406409520418e-01
1.494358455605109270e+00
1.101551647729059447e+00
1.566722000710558227e+00
1.058368581625680926e+00
9.110657357598208606e-01
1.035160560222250448e+00
1.622895497027124323e+00
8.207412080293409185e-01
1.009553731231765727e+00
8.498004305321040786e-01
9.426588233089779889e-01
1.299593910656746676e+00
9.721712039163334929e-01
1.174475503574891277e+00
1.126961360022953773e+00
1.231771036618004578e+00
1.466126031418532261e+00
1.328676872055826852e+00
1.042838669156528342e+00
1.234468864787535480e+00
1.328850262294813067e+00
1.399777708265463660e+00
1.291308947402241891e+00
1.150783456478842615e+00
1.074034091299078897e+00
1.062815037894951242e+00
1.076618863770917756e+00
1.403992991654562150e+00
2.098332875975953193e+00
1.455928164083720722e+00
1.499996492759144706e+00
1.190101451238155139e+00
1.286310401012822568e+00
1.234857779172915393e+00
1.103021763886324669e+00
1.366593143193649107e+00
1.367839740385606850e+00
1.472860287501106091e+00
1.394608222777642403e+00
1.424902147730171764e+00
1.251160536000446521e+00
1.242069465067763945e+00
1.790471153204523214e+00
