6.694957563654517774e-01
5.791313030454318111e-01
6.440339490763854480e-01
5.881178232651023130e-01
7.044433349975037784e-01
7.084373439840239151e-01
4.223664503245132540e-01
6.350474288567149461e-01
7.219171243135297233e-01
6.025961058412381277e-01
7.338991512730903555e-01
6.645032451323015232e-01
6.300549176235646920e-01
7.164253619570644105e-01
6.470294558162755783e-01
6.075886170743883818e-01
7.368946580129804858e-01
7.159261108337493518e-01
7.094358462306540325e-01
7.358961557663504793e-01
7.139291063404892279e-01
6.954568147778332765e-01
6.015976035946081213e-01
7.483774338492261702e-01
7.748377433849226170e-01
6.310534198701946984e-01
6.734897653519720251e-01
6.679980029955067122e-01
7.274088866699950362e-01
7.174238642036944169e-01
7.573639540688966720e-01
6.170743884173739424e-01
6.869695456814778334e-01
7.229156265601597298e-01
7.633549675486769326e-01
7.538691962056914830e-01
7.199201198202695995e-01
7.219171243135297233e-01
6.999500748876684719e-01
7.488766849725412289e-01
7.463804293559660463e-01
7.643534697953070500e-01
7.329006490264603491e-01
7.074388417373939086e-01
7.129306040938592215e-01
7.324013979031452903e-01
7.638542186719919913e-01
7.483774338492261702e-01
7.488766849725412289e-01
7.279081377933099839e-01
