6.537277079880513320e+00
1.587919913823760520e+00
1.512937446861819302e+00
1.273744830237706127e+00
1.156942028554153623e+00
1.020711308292192809e+00
8.587827482523467948e-01
1.444709942153972637e+00
1.445130147876825255e+00
7.434030885822583423e-01
8.908911693471107673e-01
9.029620845973700405e-01
1.856933350689221829e+00
1.141137121024872192e+00
1.458224716510287067e+00
1.010044867791239254e+00
7.611661579867213812e-01
8.997560718091678345e-01
1.183328704719714963e+00
9.300490648402491844e-01
7.802542363234418188e-01
1.103915953600460131e+00
8.257026368239731573e-01
6.599519186715037122e-01
6.587402155949244609e-01
1.012803514481066980e+00
5.974411898354441419e-01
9.162628139577028152e-01
6.297525828383412350e-01
6.599045784188936059e-01
6.045475802865554193e-01
6.015718642973745256e-01
1.399645208449466161e+00
1.016892157729363699e+00
1.014427166489797694e+00
8.219488315206138207e-01
8.890215411402854206e-01
7.314605312054596187e-01
1.502408476030296924e+00
4.656124890475528133e-01
6.363161756465033347e-01
5.293886295658792873e-01
6.429003222221978397e-01
5.768060216115703520e-01
6.595808020009437111e-01
6.710757292096637405e-01
5.188937578210816026e-01
1.093946457441098419e+00
7.120730129707115719e-01
7.022680743479812193e-01
