5.091845512300863241e+00
2.616154564675155214e+01
1.889354198275360019e+01
1.368640892040235535e+00
9.128926849281913114e-01
1.379833810161603891e+00
1.045402624907043609e+00
1.036255779709151836e+00
1.045836763208173092e+00
1.446034506030280387e+00
1.198812923280227372e+00
8.155757573861451837e-01
7.399744720263774500e-01
7.555296362130807797e-01
7.902844980902155037e-01
9.002678320220989239e-01
1.220893275600877015e+00
7.798093878443218552e-01
1.013588290243105927e+00
9.517759794124769357e-01
9.293297582189261608e-01
1.017476939062922137e+00
1.088834170544082047e+00
9.747281093866421164e-01
9.918563944872057503e-01
8.852943628952019139e-01
1.075976315880202705e+00
8.909902045325642783e-01
1.042735064276682388e+00
9.372004909748681278e-01
1.490211294165147971e+00
1.305681692560017870e+00
9.681431297296532179e-01
1.237815214643702255e+00
1.455345230523907851e+00
1.138771196632937466e+00
1.648412759936099814e+00
8.867598356929232706e-01
1.049915912861950185e+00
1.044545902678565286e+00
9.101191250848222891e-01
1.060300294304274971e+00
1.285831248171021235e+00
1.190244310180723186e+00
1.154423638724471290e+00
1.184218212061980635e+00
1.100054068917699635e+00
1.328462850226203695e+00
1.045088314840451948e+00
1.038315975362517740e+00
