6.537274956967668693e+00
1.587919832704308920e+00
1.512937428947692453e+00
1.273744782625408911e+00
1.156942025102262184e+00
1.020711319600113409e+00
8.587828651405369218e-01
1.444709987861777956e+00
1.445130126927414382e+00
7.434030515339394851e-01
8.908911628599353039e-01
9.029621786018996454e-01
1.856933895254873068e+00
1.141137257374588820e+00
1.458224640330611166e+00
1.010044984917490618e+00
7.611661404892020588e-01
8.997560472293193445e-01
1.183328785422558926e+00
9.300491714917953345e-01
7.802543887720665428e-01
1.103915995261220306e+00
8.257026842279667767e-01
6.599518868307798769e-01
6.587402686975148969e-01
1.012803597862102611e+00
5.974412504220925069e-01
9.162628375853054674e-01
6.297526425471379197e-01
6.599046302270246134e-01
6.045475230476466955e-01
6.015718886986769487e-01
1.399645360421967855e+00
1.016892342167500463e+00
1.014427117895496666e+00
8.219487660537049267e-01
8.890212977224151158e-01
7.314605010311662214e-01
1.502408548029017910e+00
4.656124507791687961e-01
6.363161330334972110e-01
5.293886545474566496e-01
6.429002372788835684e-01
5.768059836407631868e-01
6.595807824203864245e-01
6.710755918481857707e-01
5.188937665698413193e-01
1.093946642206569786e+00
7.120730896265102805e-01
7.022680095952568147e-01
