6.699950074887668361e-01
7.064403394907639022e-01
5.356964553170244780e-01
5.926110833749376194e-01
6.490264603095357021e-01
7.024463305042436545e-01
6.724912631053420187e-01
6.635047428856715168e-01
6.734897653519720251e-01
6.530204692960559498e-01
6.555167249126310214e-01
6.859710434348477159e-01
6.749875187219170902e-01
7.189216175736395931e-01
5.851223165252121827e-01
6.954568147778332765e-01
7.533699450823764243e-01
6.744882675986021425e-01
7.204193709435846582e-01
6.864702945581627747e-01
6.679980029955067122e-01
7.139291063404892279e-01
7.378931602596106032e-01
7.388916625062406096e-01
7.508736894658013528e-01
7.219171243135297233e-01
6.814777833250125205e-01
7.209186220668996059e-01
7.398901647528707270e-01
7.543684473290065418e-01
7.099350973539690912e-01
7.343984023964054142e-01
7.583624563155266785e-01
7.099350973539690912e-01
7.493759360958561766e-01
7.184223664503245343e-01
7.069395906140788499e-01
7.199201198202695995e-01
7.403894158761856747e-01
7.498751872191712353e-01
7.134298552171742802e-01
6.959560659011482242e-01
6.530204692960559498e-01
7.448826759860209812e-01
7.319021467798302316e-01
7.304043934098851665e-01
7.393909136295556683e-01
7.279081377933099839e-01
7.343984023964054142e-01
7.778332501248127473e-01
