6.537275222121203377e+00
1.587919912692968394e+00
1.512937366873159828e+00
1.273744812740186916e+00
1.156942039385951304e+00
1.020711222471026636e+00
8.587826761792316521e-01
1.444709998157937436e+00
1.445130184062171308e+00
7.434031044728626192e-01
8.908912011283193211e-01
9.029618821558330621e-01
1.856934096416829494e+00
1.141137120251172421e+00
1.458224671933273653e+00
1.010045058597520917e+00
7.611661390608331912e-01
8.997560102702734097e-01
1.183328854698451504e+00
9.300490916816818165e-01
7.802542634624513029e-01
1.103916046325409406e+00
8.257029297288750458e-01
6.599518227327244579e-01
6.587400805991825425e-01
1.012803539775099848e+00
5.974412059641098782e-01
9.162627882470623097e-01
6.297526502543786542e-01
6.599045758597326117e-01
6.045475917879010730e-01
6.015719135463446499e-01
1.399645176102861654e+00
1.016892183648308023e+00
1.014426989877932117e+00
8.219488271759917142e-01
8.890211826196862122e-01
7.314605124581176065e-01
1.502408364282747044e+00
4.656124026907484392e-01
6.363161666596822696e-01
5.293886298485773745e-01
6.429003161813875433e-01
5.768060522917444199e-01
6.595808115829185914e-01
6.710754350251812994e-01
5.188937548453130821e-01
1.093946495073411906e+00
7.120729505390865910e-01
7.022680995824988059e-01
