3.495097964749119601e+00
5.299886774790626198e+00
2.500698378755042750e+00
1.213963356187090170e+00
1.455238318717068990e+00
1.498257817950655824e+00
1.015203253245627435e+00
1.276947980872167099e+00
1.269770990058415094e+00
8.540406326800064063e-01
9.059701706252571984e-01
1.434304855670919476e+00
9.065453411636504866e-01
1.042542680822725609e+00
1.514949079668051812e+00
2.106077845550095251e+00
9.203368158740397043e-01
8.918128430813595520e-01
1.693885534213176003e+00
1.291173278645640687e+00
1.204869163554130207e+00
1.043762779390579709e+00
1.565550608570672075e+00
1.246907462314314374e+00
9.499406136695111025e-01
9.302898683490838927e-01
1.112794017262061175e+00
1.151013642028755335e+00
1.191678868908913058e+00
1.844659200205067240e+00
1.332711544622496413e+00
1.125439839457132329e+00
1.090596367583177129e+00
1.214254983115422348e+00
1.163482462592084543e+00
1.350185700077089157e+00
1.517114448594975684e+00
1.187735075303095300e+00
1.300507142909217206e+00
1.693679271789413576e+00
1.158854934315769469e+00
1.241692980824859571e+00
1.531028436650291980e+00
1.440899041314394058e+00
1.205111816265079572e+00
1.166961640699827552e+00
1.223452862417227838e+00
1.531773652544750064e+00
1.290264839418995058e+00
1.235057155311077848e+00
