5.611582626060909185e-01
5.117324013979031028e-01
6.924613080379430352e-01
5.062406390414377899e-01
6.804792810783824031e-01
6.420369445831253241e-01
6.400399400898652003e-01
7.244133799301047949e-01
7.244133799301047949e-01
7.084373439840239151e-01
7.274088866699950362e-01
6.650024962556165820e-01
7.703444832750874216e-01
7.314028956565151729e-01
7.054418372441337848e-01
6.954568147778332765e-01
6.969545681477783416e-01
7.483774338492261702e-01
7.518721917124313592e-01
7.543684473290065418e-01
7.443834248627059225e-01
7.413879181228157922e-01
7.473789316025960527e-01
7.024463305042436545e-01
7.708437343984023693e-01
7.154268597104342930e-01
7.553669495756365482e-01
7.378931602596106032e-01
6.874687968047927811e-01
7.114328507239141564e-01
7.758362456315526234e-01
7.588617074388417372e-01
7.653519720419370564e-01
7.493759360958561766e-01
7.463804293559660463e-01
7.563654518222665546e-01
7.623564653020469262e-01
7.798302546180728712e-01
7.808287568647029886e-01
7.294058911632551601e-01
7.568647029455816133e-01
6.924613080379430352e-01
7.249126310534198536e-01
7.518721917124313592e-01
7.873190214677983079e-01
7.573639540688966720e-01
7.448826759860209812e-01
7.653519720419370564e-01
7.443834248627059225e-01
7.548676984523214895e-01
